Time elapsed: 10.1774 s
AVX256:
Sum 24.7662
Difference Sum - Formula 2.05098e-11
Performed 8e+09 HarmonicSeriesAVX256 operations. Avg: 3.04858 CPU cycles/call
Time elapsed: 10.1775 s

 Performance counter stats for '/home/AVX512/results/AMD_EPYC_9654_96-Core_Processor_harmonic_series/../../bin/harmonic_series 1 4e9':

         10,177.62 msec task-clock                #    1.000 CPUs utilized          
                 6      context-switches          #    0.590 /sec                   
                 0      cpu-migrations            #    0.000 /sec                   
                74      page-faults               #    7.271 /sec                   
    37,499,503,286      cycles                    #    3.685 GHz                      (66.66%)
            77,160      stalled-cycles-frontend   #    0.00% frontend cycles idle     (66.67%)
         9,026,277      stalled-cycles-backend    #    0.02% backend cycles idle      (66.67%)
    48,033,235,481      instructions              #    1.28  insn per cycle         
                                                  #    0.00  stalled cycles per insn  (66.67%)
     8,009,809,592      branches                  #  787.002 M/sec                    (66.66%)
           262,019      branch-misses             #    0.00% of all branches          (66.65%)

      10.178250544 seconds time elapsed

      10.132934000 seconds user
       0.001000000 seconds sys


	Command being timed: "perf stat /home/AVX512/results/AMD_EPYC_9654_96-Core_Processor_harmonic_series/../../bin/harmonic_series 1 4e9"
	User time (seconds): 10.14
	System time (seconds): 0.00
	Percent of CPU this job got: 99%
	Elapsed (wall clock) time (h:mm:ss or m:ss): 0:10.21
	Average shared text size (kbytes): 0
	Average unshared data size (kbytes): 0
	Average stack size (kbytes): 0
	Average total size (kbytes): 0
	Maximum resident set size (kbytes): 15268
	Average resident set size (kbytes): 0
	Major (requiring I/O) page faults: 0
	Minor (reclaiming a frame) page faults: 1528
	Voluntary context switches: 6
	Involuntary context switches: 7
	Swaps: 0
	File system inputs: 0
	File system outputs: 0
	Socket messages sent: 0
	Socket messages received: 0
	Signals delivered: 0
	Page size (bytes): 4096
	Exit status: 0
