Plain sum:
Sum 24.7662
Difference Sum - Formula -4.80693e-10
Performed 3.2e+10 HarmonicSeriesPlain operations. Avg: 3.07578 CPU cycles/call
Time elapsed: 41.0731 s

 Performance counter stats for '/home/AVX512/results/AMD_EPYC_9654_96-Core_Processor_harmonic_series/../../bin/harmonic_series 2 4e9':

         41,072.53 msec task-clock                #    1.000 CPUs utilized          
                13      context-switches          #    0.317 /sec                   
                 0      cpu-migrations            #    0.000 /sec                   
                74      page-faults               #    1.802 /sec                   
   151,328,342,219      cycles                    #    3.684 GHz                      (66.66%)
           230,788      stalled-cycles-frontend   #    0.00% frontend cycles idle     (66.66%)
        34,416,553      stalled-cycles-backend    #    0.02% backend cycles idle      (66.67%)
   192,215,215,613      instructions              #    1.27  insn per cycle         
                                                  #    0.00  stalled cycles per insn  (66.67%)
    32,036,251,454      branches                  #  779.992 M/sec                    (66.67%)
         1,011,039      branch-misses             #    0.00% of all branches          (66.67%)

      41.073983725 seconds time elapsed

      40.888894000 seconds user
       0.000000000 seconds sys


	Command being timed: "perf stat /home/AVX512/results/AMD_EPYC_9654_96-Core_Processor_harmonic_series/../../bin/harmonic_series 2 4e9"
	User time (seconds): 40.89
	System time (seconds): 0.01
	Percent of CPU this job got: 99%
	Elapsed (wall clock) time (h:mm:ss or m:ss): 0:41.10
	Average shared text size (kbytes): 0
	Average unshared data size (kbytes): 0
	Average stack size (kbytes): 0
	Average total size (kbytes): 0
	Maximum resident set size (kbytes): 15372
	Average resident set size (kbytes): 0
	Major (requiring I/O) page faults: 0
	Minor (reclaiming a frame) page faults: 1529
	Voluntary context switches: 6
	Involuntary context switches: 14
	Swaps: 0
	File system inputs: 0
	File system outputs: 0
	Socket messages sent: 0
	Socket messages received: 0
	Signals delivered: 0
	Page size (bytes): 4096
	Exit status: 0
