Time elapsed: 10.2283 s
AVX256:
Sum 24.7662
Difference Sum - Formula 2.05098e-11
Performed 8e+09 HarmonicSeriesAVX256 operations. Avg: 3.06383 CPU cycles/call
Time elapsed: 10.2284 s

 Performance counter stats for '/home/AVX512/results/AMD_EPYC_9654_96-Core_Processor_harmonic_series/../../bin/harmonic_series 1 4e9':

         10,228.64 msec task-clock                #    1.000 CPUs utilized          
                 8      context-switches          #    0.782 /sec                   
                 0      cpu-migrations            #    0.000 /sec                   
                74      page-faults               #    7.235 /sec                   
    37,686,150,919      cycles                    #    3.684 GHz                      (66.66%)
           111,015      stalled-cycles-frontend   #    0.00% frontend cycles idle     (66.66%)
         9,823,394      stalled-cycles-backend    #    0.03% backend cycles idle      (66.66%)
    48,043,629,495      instructions              #    1.27  insn per cycle         
                                                  #    0.00  stalled cycles per insn  (66.67%)
     8,009,287,446      branches                  #  783.026 M/sec                    (66.67%)
           261,865      branch-misses             #    0.00% of all branches          (66.66%)

      10.229212784 seconds time elapsed

      10.175427000 seconds user
       0.000000000 seconds sys


	Command being timed: "perf stat /home/AVX512/results/AMD_EPYC_9654_96-Core_Processor_harmonic_series/../../bin/harmonic_series 1 4e9"
	User time (seconds): 10.17
	System time (seconds): 0.08
	Percent of CPU this job got: 99%
	Elapsed (wall clock) time (h:mm:ss or m:ss): 0:10.31
	Average shared text size (kbytes): 0
	Average unshared data size (kbytes): 0
	Average stack size (kbytes): 0
	Average total size (kbytes): 0
	Maximum resident set size (kbytes): 15372
	Average resident set size (kbytes): 0
	Major (requiring I/O) page faults: 0
	Minor (reclaiming a frame) page faults: 1527
	Voluntary context switches: 5
	Involuntary context switches: 13
	Swaps: 0
	File system inputs: 0
	File system outputs: 0
	Socket messages sent: 0
	Socket messages received: 0
	Signals delivered: 0
	Page size (bytes): 4096
	Exit status: 0
