Time elapsed: 10.2284 s
AVX256:
Sum 24.7662
Difference Sum - Formula 2.05098e-11
Performed 8e+09 HarmonicSeriesAVX256 operations. Avg: 3.06386 CPU cycles/call
Time elapsed: 10.2285 s

 Performance counter stats for '/home/AVX512/results/AMD_EPYC_9654_96-Core_Processor_harmonic_series/../../bin/harmonic_series 1 4e9':

         10,228.76 msec task-clock                #    1.000 CPUs utilized          
                 5      context-switches          #    0.489 /sec                   
                 0      cpu-migrations            #    0.000 /sec                   
                73      page-faults               #    7.137 /sec                   
    37,687,569,773      cycles                    #    3.684 GHz                      (66.66%)
           108,596      stalled-cycles-frontend   #    0.00% frontend cycles idle     (66.66%)
         9,377,246      stalled-cycles-backend    #    0.02% backend cycles idle      (66.66%)
    48,059,600,827      instructions              #    1.28  insn per cycle         
                                                  #    0.00  stalled cycles per insn  (66.67%)
     8,010,379,156      branches                  #  783.123 M/sec                    (66.67%)
           261,958      branch-misses             #    0.00% of all branches          (66.67%)

      10.229370314 seconds time elapsed

      10.172729000 seconds user
       0.001992000 seconds sys


	Command being timed: "perf stat /home/AVX512/results/AMD_EPYC_9654_96-Core_Processor_harmonic_series/../../bin/harmonic_series 1 4e9"
	User time (seconds): 10.18
	System time (seconds): 0.09
	Percent of CPU this job got: 99%
	Elapsed (wall clock) time (h:mm:ss or m:ss): 0:10.33
	Average shared text size (kbytes): 0
	Average unshared data size (kbytes): 0
	Average stack size (kbytes): 0
	Average total size (kbytes): 0
	Maximum resident set size (kbytes): 15300
	Average resident set size (kbytes): 0
	Major (requiring I/O) page faults: 0
	Minor (reclaiming a frame) page faults: 1528
	Voluntary context switches: 4
	Involuntary context switches: 10
	Swaps: 0
	File system inputs: 0
	File system outputs: 0
	Socket messages sent: 0
	Socket messages received: 0
	Signals delivered: 0
	Page size (bytes): 4096
	Exit status: 0
