Plain sum:
Sum 24.7662
Difference Sum - Formula -4.80693e-10
Performed 3.2e+10 HarmonicSeriesPlain operations. Avg: 3.08789 CPU cycles/call
Time elapsed: 41.2349 s

 Performance counter stats for '/home/AVX512/results/AMD_EPYC_9654_96-Core_Processor_harmonic_series/../../bin/harmonic_series 2 4e9':

         41,234.37 msec task-clock                #    1.000 CPUs utilized          
                12      context-switches          #    0.291 /sec                   
                 0      cpu-migrations            #    0.000 /sec                   
                74      page-faults               #    1.795 /sec                   
   151,912,491,994      cycles                    #    3.684 GHz                      (66.66%)
           135,167      stalled-cycles-frontend   #    0.00% frontend cycles idle     (66.67%)
        37,574,935      stalled-cycles-backend    #    0.02% backend cycles idle      (66.67%)
   192,184,520,666      instructions              #    1.27  insn per cycle         
                                                  #    0.00  stalled cycles per insn  (66.67%)
    32,037,536,917      branches                  #  776.962 M/sec                    (66.67%)
         1,005,612      branch-misses             #    0.00% of all branches          (66.67%)

      41.235865099 seconds time elapsed

      40.997346000 seconds user
       0.000999000 seconds sys


	Command being timed: "perf stat /home/AVX512/results/AMD_EPYC_9654_96-Core_Processor_harmonic_series/../../bin/harmonic_series 2 4e9"
	User time (seconds): 41.00
	System time (seconds): 0.07
	Percent of CPU this job got: 99%
	Elapsed (wall clock) time (h:mm:ss or m:ss): 0:41.31
	Average shared text size (kbytes): 0
	Average unshared data size (kbytes): 0
	Average stack size (kbytes): 0
	Average total size (kbytes): 0
	Maximum resident set size (kbytes): 15464
	Average resident set size (kbytes): 0
	Major (requiring I/O) page faults: 0
	Minor (reclaiming a frame) page faults: 1530
	Voluntary context switches: 5
	Involuntary context switches: 18
	Swaps: 0
	File system inputs: 0
	File system outputs: 0
	Socket messages sent: 0
	Socket messages received: 0
	Signals delivered: 0
	Page size (bytes): 4096
	Exit status: 0
