Plain sum:
Sum 24.7662
Difference Sum - Formula -4.80693e-10
Performed 3.2e+10 HarmonicSeriesPlain operations. Avg: 3.08768 CPU cycles/call
Time elapsed: 41.232 s

 Performance counter stats for '/home/AVX512/results/AMD_EPYC_9654_96-Core_Processor_harmonic_series/../../bin/harmonic_series 2 4e9':

         41,231.61 msec task-clock                #    1.000 CPUs utilized          
                12      context-switches          #    0.291 /sec                   
                 0      cpu-migrations            #    0.000 /sec                   
                73      page-faults               #    1.770 /sec                   
   151,897,912,177      cycles                    #    3.684 GHz                      (66.67%)
           168,752      stalled-cycles-frontend   #    0.00% frontend cycles idle     (66.67%)
        73,294,139      stalled-cycles-backend    #    0.05% backend cycles idle      (66.67%)
   192,093,501,533      instructions              #    1.26  insn per cycle         
                                                  #    0.00  stalled cycles per insn  (66.67%)
    32,008,734,583      branches                  #  776.315 M/sec                    (66.67%)
         1,120,445      branch-misses             #    0.00% of all branches          (66.67%)

      41.233070194 seconds time elapsed

      40.971857000 seconds user
       0.000999000 seconds sys


	Command being timed: "perf stat /home/AVX512/results/AMD_EPYC_9654_96-Core_Processor_harmonic_series/../../bin/harmonic_series 2 4e9"
	User time (seconds): 40.97
	System time (seconds): 0.09
	Percent of CPU this job got: 99%
	Elapsed (wall clock) time (h:mm:ss or m:ss): 0:41.33
	Average shared text size (kbytes): 0
	Average unshared data size (kbytes): 0
	Average stack size (kbytes): 0
	Average total size (kbytes): 0
	Maximum resident set size (kbytes): 15352
	Average resident set size (kbytes): 0
	Major (requiring I/O) page faults: 0
	Minor (reclaiming a frame) page faults: 1527
	Voluntary context switches: 5
	Involuntary context switches: 16
	Swaps: 0
	File system inputs: 0
	File system outputs: 0
	Socket messages sent: 0
	Socket messages received: 0
	Signals delivered: 0
	Page size (bytes): 4096
	Exit status: 0
