Time elapsed: 9.81471 s
AVX512:
Sum 24.7662
Difference Sum - Formula -1.40332e-12
Performed 4e+09 HarmonicSeriesAVX512 operations. Avg: 5.87988 CPU cycles/call
Time elapsed: 9.81478 s

 Performance counter stats for '/home/AVX512/results/AMD_EPYC_9654_96-Core_Processor_harmonic_series/../../bin/harmonic_series 0 4e9':

          9,815.15 msec task-clock                #    1.000 CPUs utilized          
                 5      context-switches          #    0.509 /sec                   
                 0      cpu-migrations            #    0.000 /sec                   
                73      page-faults               #    7.437 /sec                   
    36,159,732,544      cycles                    #    3.684 GHz                      (66.67%)
           118,840      stalled-cycles-frontend   #    0.00% frontend cycles idle     (66.66%)
        18,686,240      stalled-cycles-backend    #    0.05% backend cycles idle      (66.66%)
    24,055,297,422      instructions              #    0.67  insn per cycle         
                                                  #    0.00  stalled cycles per insn  (66.66%)
     4,010,865,724      branches                  #  408.640 M/sec                    (66.67%)
           275,523      branch-misses             #    0.01% of all branches          (66.67%)

       9.815773305 seconds time elapsed

       9.750755000 seconds user
       0.000999000 seconds sys


	Command being timed: "perf stat /home/AVX512/results/AMD_EPYC_9654_96-Core_Processor_harmonic_series/../../bin/harmonic_series 0 4e9"
	User time (seconds): 9.75
	System time (seconds): 0.08
	Percent of CPU this job got: 99%
	Elapsed (wall clock) time (h:mm:ss or m:ss): 0:09.90
	Average shared text size (kbytes): 0
	Average unshared data size (kbytes): 0
	Average stack size (kbytes): 0
	Average total size (kbytes): 0
	Maximum resident set size (kbytes): 15360
	Average resident set size (kbytes): 0
	Major (requiring I/O) page faults: 0
	Minor (reclaiming a frame) page faults: 1530
	Voluntary context switches: 5
	Involuntary context switches: 9
	Swaps: 0
	File system inputs: 0
	File system outputs: 0
	Socket messages sent: 0
	Socket messages received: 0
	Signals delivered: 0
	Page size (bytes): 4096
	Exit status: 0
