Time elapsed: 9.80201 s
AVX512:
Sum 24.7662
Difference Sum - Formula -1.40332e-12
Performed 4e+09 HarmonicSeriesAVX512 operations. Avg: 5.87226 CPU cycles/call
Time elapsed: 9.80205 s

 Performance counter stats for '/home/AVX512/results/AMD_EPYC_9654_96-Core_Processor_harmonic_series/../../bin/harmonic_series 0 4e9':

          9,802.21 msec task-clock                #    1.000 CPUs utilized          
                 6      context-switches          #    0.612 /sec                   
                 0      cpu-migrations            #    0.000 /sec                   
                75      page-faults               #    7.651 /sec                   
    36,115,905,287      cycles                    #    3.684 GHz                      (66.66%)
            97,166      stalled-cycles-frontend   #    0.00% frontend cycles idle     (66.66%)
         8,925,929      stalled-cycles-backend    #    0.02% backend cycles idle      (66.66%)
    24,044,380,753      instructions              #    0.67  insn per cycle         
                                                  #    0.00  stalled cycles per insn  (66.67%)
     4,009,039,758      branches                  #  408.993 M/sec                    (66.67%)
           249,075      branch-misses             #    0.01% of all branches          (66.67%)

       9.802782461 seconds time elapsed

       9.751035000 seconds user
       0.000000000 seconds sys


	Command being timed: "perf stat /home/AVX512/results/AMD_EPYC_9654_96-Core_Processor_harmonic_series/../../bin/harmonic_series 0 4e9"
	User time (seconds): 9.75
	System time (seconds): 0.06
	Percent of CPU this job got: 99%
	Elapsed (wall clock) time (h:mm:ss or m:ss): 0:09.87
	Average shared text size (kbytes): 0
	Average unshared data size (kbytes): 0
	Average stack size (kbytes): 0
	Average total size (kbytes): 0
	Maximum resident set size (kbytes): 15492
	Average resident set size (kbytes): 0
	Major (requiring I/O) page faults: 0
	Minor (reclaiming a frame) page faults: 1530
	Voluntary context switches: 4
	Involuntary context switches: 10
	Swaps: 0
	File system inputs: 0
	File system outputs: 0
	Socket messages sent: 0
	Socket messages received: 0
	Signals delivered: 0
	Page size (bytes): 4096
	Exit status: 0
