Plain sum:
Sum 24.7662
Difference Sum - Formula -4.80693e-10
Performed 3.2e+10 HarmonicSeriesPlain operations. Avg: 3.09876 CPU cycles/call
Time elapsed: 41.3799 s

 Performance counter stats for '/home/AVX512/results/AMD_EPYC_9654_96-Core_Processor_harmonic_series/../../bin/harmonic_series 2 4e9':

         41,379.41 msec task-clock                #    1.000 CPUs utilized          
                12      context-switches          #    0.290 /sec                   
                 0      cpu-migrations            #    0.000 /sec                   
                73      page-faults               #    1.764 /sec                   
   152,462,047,268      cycles                    #    3.684 GHz                      (66.67%)
           267,610      stalled-cycles-frontend   #    0.00% frontend cycles idle     (66.67%)
        37,508,272      stalled-cycles-backend    #    0.02% backend cycles idle      (66.67%)
   192,235,674,600      instructions              #    1.26  insn per cycle         
                                                  #    0.00  stalled cycles per insn  (66.67%)
    32,039,112,488      branches                  #  774.277 M/sec                    (66.67%)
         1,037,890      branch-misses             #    0.00% of all branches          (66.67%)

      41.380894978 seconds time elapsed

      41.162984000 seconds user
       0.000995000 seconds sys


	Command being timed: "perf stat /home/AVX512/results/AMD_EPYC_9654_96-Core_Processor_harmonic_series/../../bin/harmonic_series 2 4e9"
	User time (seconds): 41.16
	System time (seconds): 0.09
	Percent of CPU this job got: 99%
	Elapsed (wall clock) time (h:mm:ss or m:ss): 0:41.48
	Average shared text size (kbytes): 0
	Average unshared data size (kbytes): 0
	Average stack size (kbytes): 0
	Average total size (kbytes): 0
	Maximum resident set size (kbytes): 15248
	Average resident set size (kbytes): 0
	Major (requiring I/O) page faults: 0
	Minor (reclaiming a frame) page faults: 1527
	Voluntary context switches: 5
	Involuntary context switches: 16
	Swaps: 0
	File system inputs: 0
	File system outputs: 0
	Socket messages sent: 0
	Socket messages received: 0
	Signals delivered: 0
	Page size (bytes): 4096
	Exit status: 0
