Plain sum:
Sum 24.7662
Difference Sum - Formula -4.80693e-10
Performed 3.2e+10 HarmonicSeriesPlain operations. Avg: 3.10386 CPU cycles/call
Time elapsed: 41.448 s

 Performance counter stats for '/home/AVX512/results/AMD_EPYC_9654_96-Core_Processor_harmonic_series/../../bin/harmonic_series 2 4e9':

         41,447.64 msec task-clock                #    1.000 CPUs utilized          
                12      context-switches          #    0.290 /sec                   
                 0      cpu-migrations            #    0.000 /sec                   
                74      page-faults               #    1.785 /sec                   
   152,696,067,624      cycles                    #    3.684 GHz                      (66.67%)
           176,656      stalled-cycles-frontend   #    0.00% frontend cycles idle     (66.67%)
        41,783,075      stalled-cycles-backend    #    0.03% backend cycles idle      (66.67%)
   192,177,037,023      instructions              #    1.26  insn per cycle         
                                                  #    0.00  stalled cycles per insn  (66.67%)
    32,037,081,528      branches                  #  772.953 M/sec                    (66.67%)
         1,018,395      branch-misses             #    0.00% of all branches          (66.67%)

      41.449119631 seconds time elapsed

      41.206348000 seconds user
       0.000994000 seconds sys


	Command being timed: "perf stat /home/AVX512/results/AMD_EPYC_9654_96-Core_Processor_harmonic_series/../../bin/harmonic_series 2 4e9"
	User time (seconds): 41.20
	System time (seconds): 0.09
	Percent of CPU this job got: 99%
	Elapsed (wall clock) time (h:mm:ss or m:ss): 0:41.54
	Average shared text size (kbytes): 0
	Average unshared data size (kbytes): 0
	Average stack size (kbytes): 0
	Average total size (kbytes): 0
	Maximum resident set size (kbytes): 15276
	Average resident set size (kbytes): 0
	Major (requiring I/O) page faults: 0
	Minor (reclaiming a frame) page faults: 1527
	Voluntary context switches: 5
	Involuntary context switches: 15
	Swaps: 0
	File system inputs: 0
	File system outputs: 0
	Socket messages sent: 0
	Socket messages received: 0
	Signals delivered: 0
	Page size (bytes): 4096
	Exit status: 0
