0 3200000461.76296901702880859
1 2399999919.60420227050781250
2 1600000230.88148450851440430
3 800000115.44074225425720215

 Performance counter stats for '../../bin/add_avx256f':

          6,530.42 msec task-clock                #    1.000 CPUs utilized          
                 4      context-switches          #    0.613 /sec                   
                 0      cpu-migrations            #    0.000 /sec                   
                61      page-faults               #    9.341 /sec                   
    24,058,664,269      cycles                    #    3.684 GHz                      (66.65%)
            63,914      stalled-cycles-frontend   #    0.00% frontend cycles idle     (66.67%)
         6,779,018      stalled-cycles-backend    #    0.03% backend cycles idle      (66.68%)
    24,036,930,537      instructions              #    1.00  insn per cycle         
                                                  #    0.00  stalled cycles per insn  (66.68%)
     8,007,126,694      branches                  #    1.226 G/sec                    (66.67%)
           181,850      branch-misses             #    0.00% of all branches          (66.65%)

       6.530897482 seconds time elapsed

       6.500859000 seconds user
       0.000000000 seconds sys


	Command being timed: "perf stat ../../bin/add_avx256f"
	User time (seconds): 6.50
	System time (seconds): 0.00
	Percent of CPU this job got: 99%
	Elapsed (wall clock) time (h:mm:ss or m:ss): 0:06.56
	Average shared text size (kbytes): 0
	Average unshared data size (kbytes): 0
	Average stack size (kbytes): 0
	Average total size (kbytes): 0
	Maximum resident set size (kbytes): 15336
	Average resident set size (kbytes): 0
	Major (requiring I/O) page faults: 0
	Minor (reclaiming a frame) page faults: 1519
	Voluntary context switches: 6
	Involuntary context switches: 4
	Swaps: 0
	File system inputs: 0
	File system outputs: 8
	Socket messages sent: 0
	Socket messages received: 0
	Signals delivered: 0
	Page size (bytes): 4096
	Exit status: 0
