0 0.99999986761553039
0 0.99999986761553039
1 0.99999990071167355
1 0.99999990071167355
2 0.99999993380782670
2 0.99999993380782670
3 0.99999996690413551
3 0.99999996690413551
4 0.99999983451938979
4 0.99999983451938979
5 0.99999986761553039
5 0.99999986761553039
6 0.99999990071167355
6 0.99999990071167355
7 0.99999993380782670
7 0.99999993380782670

 Performance counter stats for '../../bin/div_two_independent_vectors_avx256f':

         15,239.19 msec task-clock                #    1.000 CPUs utilized          
                 6      context-switches          #    0.394 /sec                   
                 0      cpu-migrations            #    0.000 /sec                   
                62      page-faults               #    4.068 /sec                   
    56,138,947,509      cycles                    #    3.684 GHz                      (66.66%)
           176,564      stalled-cycles-frontend   #    0.00% frontend cycles idle     (66.66%)
        16,061,984      stalled-cycles-backend    #    0.03% backend cycles idle      (66.67%)
    16,079,062,712      instructions              #    0.29  insn per cycle         
                                                  #    0.00  stalled cycles per insn  (66.67%)
     4,015,030,116      branches                  #  263.467 M/sec                    (66.67%)
           423,874      branch-misses             #    0.01% of all branches          (66.67%)

      15.239915056 seconds time elapsed

      15.166988000 seconds user
       0.000996000 seconds sys


	Command being timed: "perf stat ../../bin/div_two_independent_vectors_avx256f"
	User time (seconds): 15.17
	System time (seconds): 0.00
	Percent of CPU this job got: 99%
	Elapsed (wall clock) time (h:mm:ss or m:ss): 0:15.26
	Average shared text size (kbytes): 0
	Average unshared data size (kbytes): 0
	Average stack size (kbytes): 0
	Average total size (kbytes): 0
	Maximum resident set size (kbytes): 15408
	Average resident set size (kbytes): 0
	Major (requiring I/O) page faults: 0
	Minor (reclaiming a frame) page faults: 1510
	Voluntary context switches: 6
	Involuntary context switches: 7
	Swaps: 0
	File system inputs: 0
	File system outputs: 8
	Socket messages sent: 0
	Socket messages received: 0
	Signals delivered: 0
	Page size (bytes): 4096
	Exit status: 0
