0 1.00000000039999959
1 1.00000000029999980
2 1.00000000019999979
3 1.00000000010000001

 Performance counter stats for '../../bin/div_avx256f':

         28,442.61 msec task-clock                #    1.000 CPUs utilized          
                11      context-switches          #    0.387 /sec                   
                 0      cpu-migrations            #    0.000 /sec                   
                60      page-faults               #    2.110 /sec                   
   104,786,301,001      cycles                    #    3.684 GHz                      (66.66%)
           210,306      stalled-cycles-frontend   #    0.00% frontend cycles idle     (66.67%)
        29,551,749      stalled-cycles-backend    #    0.03% backend cycles idle      (66.67%)
    24,144,540,504      instructions              #    0.23  insn per cycle         
                                                  #    0.00  stalled cycles per insn  (66.67%)
     8,027,711,832      branches                  #  282.242 M/sec                    (66.67%)
           777,101      branch-misses             #    0.01% of all branches          (66.66%)

      28.443780608 seconds time elapsed

      28.312225000 seconds user
       0.000996000 seconds sys


	Command being timed: "perf stat ../../bin/div_avx256f"
	User time (seconds): 28.32
	System time (seconds): 0.00
	Percent of CPU this job got: 99%
	Elapsed (wall clock) time (h:mm:ss or m:ss): 0:28.48
	Average shared text size (kbytes): 0
	Average unshared data size (kbytes): 0
	Average stack size (kbytes): 0
	Average total size (kbytes): 0
	Maximum resident set size (kbytes): 15332
	Average resident set size (kbytes): 0
	Major (requiring I/O) page faults: 0
	Minor (reclaiming a frame) page faults: 1516
	Voluntary context switches: 6
	Involuntary context switches: 11
	Swaps: 0
	File system inputs: 0
	File system outputs: 8
	Socket messages sent: 0
	Socket messages received: 0
	Signals delivered: 0
	Page size (bytes): 4096
	Exit status: 0
