0 11.02317856782561734
0 11.02317856782561734
1 8.16617133119252792
1 8.16617133119252792
2 6.04964836576570075
2 6.04964836576570075
3 4.48168962712299734
3 4.48168962712299734
4 3.32011725291691739
4 3.32011725291691739
5 2.45960329472028860
5 2.45960329472028860
6 1.82211889110312342
6 1.82211889110312342
7 1.34985884119649113
7 1.34985884119649113
8 4.48168962712299734
8 4.48168962712299734
9 8.16617133119252792
9 8.16617133119252792
10 6.04964836576570075
10 6.04964836576570075
11 11.02317856782561734
11 11.02317856782561734
12 2.45960329472028860
12 2.45960329472028860
13 3.32011725291691739
13 3.32011725291691739
14 1.34985884119649113
14 1.34985884119649113
15 1.82211889110312342
15 1.82211889110312342
16 6.04964836552416774
16 6.04964836552416774
17 8.16617133119252792
17 8.16617133119252792
18 1.22140277873834147
18 1.22140277873834147
19 11.02317856782561734
19 11.02317856782561734
20 2.45960329472028860
20 2.45960329472028860
21 3.32011725291691739
21 3.32011725291691739
22 1.34985884119649113
22 1.34985884119649113
23 4.95303308109080831
23 4.95303308109080831
24 0.00000000000000000
24 0.00000000000000000
25 0.00000000000000000
25 0.00000000000000000
26 0.00000000000000000
26 0.00000000000000000
27 0.00000000000000000
27 0.00000000000000000
28 0.00000000000000000
28 0.00000000000000000
29 0.00000000000000000
29 0.00000000000000000
30 0.00000000000000000
30 0.00000000000000000
31 0.00000000000000000
31 0.00000000000000000

 Performance counter stats for '../../bin/div_four_independent_vectors_avx512f':

         15,738.86 msec task-clock                #    1.000 CPUs utilized          
                 6      context-switches          #    0.381 /sec                   
                 0      cpu-migrations            #    0.000 /sec                   
                62      page-faults               #    3.939 /sec                   
    57,987,087,217      cycles                    #    3.684 GHz                      (66.67%)
       294,364,709      stalled-cycles-frontend   #    0.51% frontend cycles idle     (66.67%)
        16,567,426      stalled-cycles-backend    #    0.03% backend cycles idle      (66.67%)
     6,080,272,381      instructions              #    0.10  insn per cycle         
                                                  #    0.05  stalled cycles per insn  (66.67%)
     1,015,423,829      branches                  #   64.517 M/sec                    (66.66%)
           429,940      branch-misses             #    0.04% of all branches          (66.66%)

      15.739650215 seconds time elapsed

      15.668321000 seconds user
       0.000994000 seconds sys


	Command being timed: "perf stat ../../bin/div_four_independent_vectors_avx512f"
	User time (seconds): 15.67
	System time (seconds): 0.00
	Percent of CPU this job got: 99%
	Elapsed (wall clock) time (h:mm:ss or m:ss): 0:15.77
	Average shared text size (kbytes): 0
	Average unshared data size (kbytes): 0
	Average stack size (kbytes): 0
	Average total size (kbytes): 0
	Maximum resident set size (kbytes): 15408
	Average resident set size (kbytes): 0
	Major (requiring I/O) page faults: 0
	Minor (reclaiming a frame) page faults: 1521
	Voluntary context switches: 6
	Involuntary context switches: 7
	Swaps: 0
	File system inputs: 0
	File system outputs: 8
	Socket messages sent: 0
	Socket messages received: 0
	Signals delivered: 0
	Page size (bytes): 4096
	Exit status: 0
