0 24.53253016571268930
1 16.44464675498159068
2 11.02317637270583006
3 7.38905609523601825
4 4.95303242280978484
5 3.32011692213873877
6 2.22554092831393246
7 1.49182469761111047

 Performance counter stats for '../../bin/fma_avx512f':

          4,354.45 msec task-clock                #    1.000 CPUs utilized          
                 3      context-switches          #    0.689 /sec                   
                 0      cpu-migrations            #    0.000 /sec                   
                63      page-faults               #   14.468 /sec                   
    16,042,317,307      cycles                    #    3.684 GHz                      (66.66%)
            73,062      stalled-cycles-frontend   #    0.00% frontend cycles idle     (66.66%)
         4,721,794      stalled-cycles-backend    #    0.03% backend cycles idle      (66.67%)
    12,022,105,090      instructions              #    0.75  insn per cycle         
                                                  #    0.00  stalled cycles per insn  (66.69%)
     4,004,338,832      branches                  #  919.597 M/sec                    (66.68%)
           122,416      branch-misses             #    0.00% of all branches          (66.66%)

       4.354857223 seconds time elapsed

       4.333206000 seconds user
       0.000991000 seconds sys


	Command being timed: "perf stat ../../bin/fma_avx512f"
	User time (seconds): 4.34
	System time (seconds): 0.00
	Percent of CPU this job got: 99%
	Elapsed (wall clock) time (h:mm:ss or m:ss): 0:04.37
	Average shared text size (kbytes): 0
	Average unshared data size (kbytes): 0
	Average stack size (kbytes): 0
	Average total size (kbytes): 0
	Maximum resident set size (kbytes): 15176
	Average resident set size (kbytes): 0
	Major (requiring I/O) page faults: 0
	Minor (reclaiming a frame) page faults: 1511
	Voluntary context switches: 6
	Involuntary context switches: 4
	Swaps: 0
	File system inputs: 0
	File system outputs: 8
	Socket messages sent: 0
	Socket messages received: 0
	Signals delivered: 0
	Page size (bytes): 4096
	Exit status: 0
