0 24.53253018140693698
1 11.02317637667136374
2 4.95303242360146534
3 2.22554092840238038

 Performance counter stats for '../../bin/fma_avx256f':

          8,708.16 msec task-clock                #    1.000 CPUs utilized          
                 5      context-switches          #    0.574 /sec                   
                 0      cpu-migrations            #    0.000 /sec                   
                61      page-faults               #    7.005 /sec                   
    32,079,726,773      cycles                    #    3.684 GHz                      (66.65%)
            78,893      stalled-cycles-frontend   #    0.00% frontend cycles idle     (66.67%)
         9,502,759      stalled-cycles-backend    #    0.03% backend cycles idle      (66.68%)
    24,047,420,266      instructions              #    0.75  insn per cycle         
                                                  #    0.00  stalled cycles per insn  (66.68%)
     8,008,536,519      branches                  #  919.659 M/sec                    (66.67%)
           234,841      branch-misses             #    0.00% of all branches          (66.65%)

       8.708782853 seconds time elapsed

       8.666672000 seconds user
       0.000999000 seconds sys


	Command being timed: "perf stat ../../bin/fma_avx256f"
	User time (seconds): 8.67
	System time (seconds): 0.00
	Percent of CPU this job got: 99%
	Elapsed (wall clock) time (h:mm:ss or m:ss): 0:08.75
	Average shared text size (kbytes): 0
	Average unshared data size (kbytes): 0
	Average stack size (kbytes): 0
	Average total size (kbytes): 0
	Maximum resident set size (kbytes): 15384
	Average resident set size (kbytes): 0
	Major (requiring I/O) page faults: 0
	Minor (reclaiming a frame) page faults: 1508
	Voluntary context switches: 6
	Involuntary context switches: 6
	Swaps: 0
	File system inputs: 0
	File system outputs: 8
	Socket messages sent: 0
	Socket messages received: 0
	Signals delivered: 0
	Page size (bytes): 4096
	Exit status: 0
