Time elapsed: 9.79641 s
HarmonicSeriesAVX512_four_vectors sum:
Sum 24.7662
Difference Sum - Formula -5.64881e-13
Time elapsed: 9.79648 s

 Performance counter stats for '../../bin/harmonic_series 3 4e9':

          9,796.67 msec task-clock                #    1.000 CPUs utilized          
                 5      context-switches          #    0.510 /sec                   
                 0      cpu-migrations            #    0.000 /sec                   
                74      page-faults               #    7.554 /sec                   
    36,091,342,245      cycles                    #    3.684 GHz                      (66.66%)
           103,463      stalled-cycles-frontend   #    0.00% frontend cycles idle     (66.67%)
        11,684,415      stalled-cycles-backend    #    0.03% backend cycles idle      (66.67%)
    15,048,412,772      instructions              #    0.42  insn per cycle         
                                                  #    0.00  stalled cycles per insn  (66.67%)
     1,009,530,694      branches                  #  103.048 M/sec                    (66.67%)
           269,286      branch-misses             #    0.03% of all branches          (66.66%)

       9.797230377 seconds time elapsed

       9.751524000 seconds user
       0.000000000 seconds sys


	Command being timed: "perf stat ../../bin/harmonic_series 3 4e9"
	User time (seconds): 9.75
	System time (seconds): 0.00
	Percent of CPU this job got: 99%
	Elapsed (wall clock) time (h:mm:ss or m:ss): 0:09.82
	Average shared text size (kbytes): 0
	Average unshared data size (kbytes): 0
	Average stack size (kbytes): 0
	Average total size (kbytes): 0
	Maximum resident set size (kbytes): 15404
	Average resident set size (kbytes): 0
	Major (requiring I/O) page faults: 0
	Minor (reclaiming a frame) page faults: 1533
	Voluntary context switches: 6
	Involuntary context switches: 6
	Swaps: 0
	File system inputs: 0
	File system outputs: 8
	Socket messages sent: 0
	Socket messages received: 0
	Signals delivered: 0
	Page size (bytes): 4096
	Exit status: 0
