0 24.53253668079271677
1 16.44465057627291671
2 11.02317856826629416
3 7.38905732167703544
4 4.95303308049624480
5 3.32011725278397885
6 2.22554107607292417
7 1.49182474713380642

 Performance counter stats for '../../bin/mul_avx512f':

          3,265.46 msec task-clock                #    1.000 CPUs utilized          
                 2      context-switches          #    0.612 /sec                   
                 0      cpu-migrations            #    0.000 /sec                   
                61      page-faults               #   18.680 /sec                   
    12,030,332,711      cycles                    #    3.684 GHz                      (66.66%)
            95,356      stalled-cycles-frontend   #    0.00% frontend cycles idle     (66.68%)
         3,497,339      stalled-cycles-backend    #    0.03% backend cycles idle      (66.68%)
    12,016,016,897      instructions              #    1.00  insn per cycle         
                                                  #    0.00  stalled cycles per insn  (66.68%)
     4,004,184,714      branches                  #    1.226 G/sec                    (66.66%)
            90,272      branch-misses             #    0.00% of all branches          (66.64%)

       3.265916120 seconds time elapsed

       3.250969000 seconds user
       0.000000000 seconds sys


	Command being timed: "perf stat ../../bin/mul_avx512f"
	User time (seconds): 3.25
	System time (seconds): 0.00
	Percent of CPU this job got: 99%
	Elapsed (wall clock) time (h:mm:ss or m:ss): 0:03.29
	Average shared text size (kbytes): 0
	Average unshared data size (kbytes): 0
	Average stack size (kbytes): 0
	Average total size (kbytes): 0
	Maximum resident set size (kbytes): 15432
	Average resident set size (kbytes): 0
	Major (requiring I/O) page faults: 0
	Minor (reclaiming a frame) page faults: 1519
	Voluntary context switches: 6
	Involuntary context switches: 3
	Swaps: 0
	File system inputs: 0
	File system outputs: 8
	Socket messages sent: 0
	Socket messages received: 0
	Signals delivered: 0
	Page size (bytes): 4096
	Exit status: 0
