Time elapsed: 9.79845 s
AVX512:
Sum 24.7662
Difference Sum - Formula -1.40332e-12
Performed 4e+09 HarmonicSeriesAVX512 operations. Avg: 5.87014 CPU cycles/call
Time elapsed: 9.79852 s

 Performance counter stats for '/home/AVX512/results/AMD_EPYC_9654_96-Core_Processor_harmonic_series/../../bin/harmonic_series 0 4e9':

          9,798.74 msec task-clock                #    1.000 CPUs utilized          
                 4      context-switches          #    0.408 /sec                   
                 0      cpu-migrations            #    0.000 /sec                   
                74      page-faults               #    7.552 /sec                   
    36,098,408,481      cycles                    #    3.684 GHz                      (66.67%)
           134,410      stalled-cycles-frontend   #    0.00% frontend cycles idle     (66.67%)
        11,518,737      stalled-cycles-backend    #    0.03% backend cycles idle      (66.67%)
    24,052,063,973      instructions              #    0.67  insn per cycle         
                                                  #    0.00  stalled cycles per insn  (66.67%)
     4,010,325,340      branches                  #  409.270 M/sec                    (66.66%)
           272,191      branch-misses             #    0.01% of all branches          (66.66%)

       9.799348130 seconds time elapsed

       9.750584000 seconds user
       0.001000000 seconds sys


	Command being timed: "perf stat /home/AVX512/results/AMD_EPYC_9654_96-Core_Processor_harmonic_series/../../bin/harmonic_series 0 4e9"
	User time (seconds): 9.75
	System time (seconds): 0.00
	Percent of CPU this job got: 99%
	Elapsed (wall clock) time (h:mm:ss or m:ss): 0:09.83
	Average shared text size (kbytes): 0
	Average unshared data size (kbytes): 0
	Average stack size (kbytes): 0
	Average total size (kbytes): 0
	Maximum resident set size (kbytes): 15444
	Average resident set size (kbytes): 0
	Major (requiring I/O) page faults: 0
	Minor (reclaiming a frame) page faults: 1531
	Voluntary context switches: 6
	Involuntary context switches: 6
	Swaps: 0
	File system inputs: 0
	File system outputs: 0
	Socket messages sent: 0
	Socket messages received: 0
	Signals delivered: 0
	Page size (bytes): 4096
	Exit status: 0
