Time elapsed: 21.1087 s
AVX256:
Sum 24.7662
Difference Sum - Formula 2.05098e-11
Performed 8e+09 HarmonicSeriesAVX256 operations. Avg: 6.33258 CPU cycles/call
Time elapsed: 21.1088 s

 Performance counter stats for '/home/AVX512/results/Intel_Platinum_8351N_CPU_2.40GHz_harmonic_series/../../bin/harmonic_series 1 4e9':

         21,081.46 msec task-clock                       #    0.999 CPUs utilized          
             7,627      context-switches                 #  361.787 /sec                   
                 0      cpu-migrations                   #    0.000 /sec                   
                76      page-faults                      #    3.605 /sec                   
    64,152,395,936      cycles                           #    3.043 GHz                    
    48,160,362,103      instructions                     #    0.75  insn per cycle         
     8,033,690,882      branches                         #  381.079 M/sec                  
           157,654      branch-misses                    #    0.00% of all branches        
   320,760,799,755      slots                            #   15.215 G/sec                  
    38,994,450,166      topdown-retiring                 #     12.2% Retiring              
    10,063,083,913      topdown-bad-spec                 #      3.1% Bad Speculation       
         1,619,980      topdown-fe-bound                 #      0.0% Frontend Bound        
   271,703,852,707      topdown-be-bound                 #     84.7% Backend Bound         

      21.111718744 seconds time elapsed

      21.061714000 seconds user
       0.001985000 seconds sys


	Command being timed: "perf stat /home/AVX512/results/Intel_Platinum_8351N_CPU_2.40GHz_harmonic_series/../../bin/harmonic_series 1 4e9"
	User time (seconds): 21.61
	System time (seconds): 0.03
	Percent of CPU this job got: 99%
	Elapsed (wall clock) time (h:mm:ss or m:ss): 0:21.70
	Average shared text size (kbytes): 0
	Average unshared data size (kbytes): 0
	Average stack size (kbytes): 0
	Average total size (kbytes): 0
	Maximum resident set size (kbytes): 57400
	Average resident set size (kbytes): 0
	Major (requiring I/O) page faults: 0
	Minor (reclaiming a frame) page faults: 11752
	Voluntary context switches: 5
	Involuntary context switches: 7851
	Swaps: 0
	File system inputs: 0
	File system outputs: 0
	Socket messages sent: 0
	Socket messages received: 0
	Signals delivered: 0
	Page size (bytes): 4096
	Exit status: 0
