Plain sum:
Sum 24.7662
Difference Sum - Formula -4.80693e-10
Performed 3.2e+10 HarmonicSeriesPlain operations. Avg: 3.30057 CPU cycles/call
Time elapsed: 44.0079 s

 Performance counter stats for '/home/AVX512/results/Intel_Platinum_8351N_CPU_2.40GHz_harmonic_series/../../bin/harmonic_series 2 4e9':

         43,949.68 msec task-clock                       #    0.999 CPUs utilized          
            16,103      context-switches                 #  366.396 /sec                   
                 0      cpu-migrations                   #    0.000 /sec                   
                75      page-faults                      #    1.706 /sec                   
   134,873,636,338      cycles                           #    3.069 GHz                    
   192,352,319,974      instructions                     #    1.43  insn per cycle         
    32,072,121,639      branches                         #  729.746 M/sec                  
           242,440      branch-misses                    #    0.00% of all branches        
   674,366,586,900      slots                            #   15.344 G/sec                  
   158,673,332,970      topdown-retiring                 #     23.3% Retiring              
    23,801,173,655      topdown-bad-spec                 #      3.5% Bad Speculation       
         1,721,351      topdown-fe-bound                 #      0.0% Frontend Bound        
   497,182,669,375      topdown-be-bound                 #     73.2% Backend Bound         

      44.010902187 seconds time elapsed

      43.911037000 seconds user
       0.002970000 seconds sys


	Command being timed: "perf stat /home/AVX512/results/Intel_Platinum_8351N_CPU_2.40GHz_harmonic_series/../../bin/harmonic_series 2 4e9"
	User time (seconds): 44.31
	System time (seconds): 0.04
	Percent of CPU this job got: 99%
	Elapsed (wall clock) time (h:mm:ss or m:ss): 0:44.47
	Average shared text size (kbytes): 0
	Average unshared data size (kbytes): 0
	Average stack size (kbytes): 0
	Average total size (kbytes): 0
	Maximum resident set size (kbytes): 57528
	Average resident set size (kbytes): 0
	Major (requiring I/O) page faults: 0
	Minor (reclaiming a frame) page faults: 11750
	Voluntary context switches: 6
	Involuntary context switches: 16282
	Swaps: 0
	File system inputs: 0
	File system outputs: 0
	Socket messages sent: 0
	Socket messages received: 0
	Signals delivered: 0
	Page size (bytes): 4096
	Exit status: 0
