Plain sum:
Sum 24.7662
Difference Sum - Formula -4.80693e-10
Performed 3.2e+10 HarmonicSeriesPlain operations. Avg: 3.30219 CPU cycles/call
Time elapsed: 44.0296 s

 Performance counter stats for '/home/AVX512/results/Intel_Platinum_8351N_CPU_2.40GHz_harmonic_series/../../bin/harmonic_series 2 4e9':

         43,971.28 msec task-clock                       #    0.999 CPUs utilized          
            16,137      context-switches                 #  366.990 /sec                   
                 0      cpu-migrations                   #    0.000 /sec                   
                73      page-faults                      #    1.660 /sec                   
   134,882,423,928      cycles                           #    3.068 GHz                    
   192,336,524,204      instructions                     #    1.43  insn per cycle         
    32,070,684,983      branches                         #  729.355 M/sec                  
           328,086      branch-misses                    #    0.00% of all branches        
   674,408,958,360      slots                            #   15.337 G/sec                  
   158,684,460,790      topdown-retiring                 #     23.4% Retiring              
    18,513,187,092      topdown-bad-spec                 #      2.7% Bad Speculation       
         1,593,730      topdown-fe-bound                 #      0.0% Frontend Bound        
   499,835,718,538      topdown-be-bound                 #     73.8% Backend Bound         

      44.032606680 seconds time elapsed

      43.927896000 seconds user
       0.002971000 seconds sys


	Command being timed: "perf stat /home/AVX512/results/Intel_Platinum_8351N_CPU_2.40GHz_harmonic_series/../../bin/harmonic_series 2 4e9"
	User time (seconds): 44.47
	System time (seconds): 0.05
	Percent of CPU this job got: 99%
	Elapsed (wall clock) time (h:mm:ss or m:ss): 0:44.62
	Average shared text size (kbytes): 0
	Average unshared data size (kbytes): 0
	Average stack size (kbytes): 0
	Average total size (kbytes): 0
	Maximum resident set size (kbytes): 57256
	Average resident set size (kbytes): 0
	Major (requiring I/O) page faults: 0
	Minor (reclaiming a frame) page faults: 11747
	Voluntary context switches: 5
	Involuntary context switches: 16359
	Swaps: 0
	File system inputs: 0
	File system outputs: 0
	Socket messages sent: 0
	Socket messages received: 0
	Signals delivered: 0
	Page size (bytes): 4096
	Exit status: 0
