Time elapsed: 21.1522 s
AVX256:
Sum 24.7662
Difference Sum - Formula 2.05098e-11
Performed 8e+09 HarmonicSeriesAVX256 operations. Avg: 6.34562 CPU cycles/call
Time elapsed: 21.1522 s

 Performance counter stats for '/home/AVX512/results/Intel_Platinum_8351N_CPU_2.40GHz_harmonic_series/../../bin/harmonic_series 1 4e9':

         21,124.11 msec task-clock                       #    0.999 CPUs utilized          
             7,792      context-switches                 #  368.868 /sec                   
                 0      cpu-migrations                   #    0.000 /sec                   
                74      page-faults                      #    3.503 /sec                   
    64,151,265,381      cycles                           #    3.037 GHz                    
    48,170,428,424      instructions                     #    0.75  insn per cycle         
     8,034,923,261      branches                         #  380.367 M/sec                  
           136,840      branch-misses                    #    0.00% of all branches        
   320,755,212,905      slots                            #   15.184 G/sec                  
    38,993,770,980      topdown-retiring                 #     12.2% Retiring              
    10,062,908,640      topdown-bad-spec                 #      3.1% Bad Speculation       
         1,673,758      topdown-fe-bound                 #      0.0% Frontend Bound        
   271,699,847,392      topdown-be-bound                 #     84.7% Backend Bound         

      21.155228121 seconds time elapsed

      21.105207000 seconds user
       0.002973000 seconds sys


	Command being timed: "perf stat /home/AVX512/results/Intel_Platinum_8351N_CPU_2.40GHz_harmonic_series/../../bin/harmonic_series 1 4e9"
	User time (seconds): 21.62
	System time (seconds): 0.03
	Percent of CPU this job got: 99%
	Elapsed (wall clock) time (h:mm:ss or m:ss): 0:21.73
	Average shared text size (kbytes): 0
	Average unshared data size (kbytes): 0
	Average stack size (kbytes): 0
	Average total size (kbytes): 0
	Maximum resident set size (kbytes): 57380
	Average resident set size (kbytes): 0
	Major (requiring I/O) page faults: 0
	Minor (reclaiming a frame) page faults: 11752
	Voluntary context switches: 6
	Involuntary context switches: 8001
	Swaps: 0
	File system inputs: 0
	File system outputs: 0
	Socket messages sent: 0
	Socket messages received: 0
	Signals delivered: 0
	Page size (bytes): 4096
	Exit status: 0
