Time elapsed: 21.2929 s
AVX512:
Sum 24.7662
Difference Sum - Formula -1.40332e-12
Performed 4e+09 HarmonicSeriesAVX512 operations. Avg: 12.7757 CPU cycles/call
Time elapsed: 21.2929 s

 Performance counter stats for '/home/AVX512/results/Intel_Platinum_8351N_CPU_2.40GHz_harmonic_series/../../bin/harmonic_series 0 4e9':

         21,265.18 msec task-clock                       #    0.999 CPUs utilized          
             7,706      context-switches                 #  362.376 /sec                   
                 0      cpu-migrations                   #    0.000 /sec                   
                75      page-faults                      #    3.527 /sec                   
    64,574,761,369      cycles                           #    3.037 GHz                    
    24,162,729,523      instructions                     #    0.37  insn per cycle         
     4,034,188,315      branches                         #  189.709 M/sec                  
           159,887      branch-misses                    #    0.00% of all branches        
   322,872,837,380      slots                            #   15.183 G/sec                  
    27,855,695,773      topdown-retiring                 #      8.6% Retiring              
     8,863,175,928      topdown-bad-spec                 #      2.7% Bad Speculation       
         1,692,628      topdown-fe-bound                 #      0.0% Frontend Bound        
   287,398,876,973      topdown-be-bound                 #     88.7% Backend Bound         

      21.295838210 seconds time elapsed

      21.244162000 seconds user
       0.002983000 seconds sys


	Command being timed: "perf stat /home/AVX512/results/Intel_Platinum_8351N_CPU_2.40GHz_harmonic_series/../../bin/harmonic_series 0 4e9"
	User time (seconds): 21.75
	System time (seconds): 0.04
	Percent of CPU this job got: 99%
	Elapsed (wall clock) time (h:mm:ss or m:ss): 0:21.85
	Average shared text size (kbytes): 0
	Average unshared data size (kbytes): 0
	Average stack size (kbytes): 0
	Average total size (kbytes): 0
	Maximum resident set size (kbytes): 57392
	Average resident set size (kbytes): 0
	Major (requiring I/O) page faults: 0
	Minor (reclaiming a frame) page faults: 11752
	Voluntary context switches: 5
	Involuntary context switches: 7927
	Swaps: 0
	File system inputs: 0
	File system outputs: 0
	Socket messages sent: 0
	Socket messages received: 0
	Signals delivered: 0
	Page size (bytes): 4096
	Exit status: 0
