Time elapsed: 24.0663 s
AVX512:
Sum 24.7662
Difference Sum - Formula -1.40332e-12
Performed 4e+09 HarmonicSeriesAVX512 operations. Avg: 15.6432 CPU cycles/call
Time elapsed: 24.0663 s

 Performance counter stats for '/home/AVX512/results/Intel_Gold_6126_CPU_2.60GHz_harmonic_series/../../bin/harmonic_series 0 4e9':

         24,014.68 msec task-clock                       #    0.998 CPUs utilized          
             9,192      context-switches                 #  382.766 /sec                   
               179      cpu-migrations                   #    7.454 /sec                   
                74      page-faults                      #    3.081 /sec                   
    65,057,019,124      cycles                           #    2.709 GHz                    
    24,193,469,862      instructions                     #    0.37  insn per cycle         
     4,039,983,575      branches                         #  168.230 M/sec                  
           775,996      branch-misses                    #    0.02% of all branches        

      24.068918469 seconds time elapsed

      23.987401000 seconds user
       0.000987000 seconds sys


	Command being timed: "perf stat /home/AVX512/results/Intel_Gold_6126_CPU_2.60GHz_harmonic_series/../../bin/harmonic_series 0 4e9"
	User time (seconds): 24.33
	System time (seconds): 0.04
	Percent of CPU this job got: 99%
	Elapsed (wall clock) time (h:mm:ss or m:ss): 0:24.46
	Average shared text size (kbytes): 0
	Average unshared data size (kbytes): 0
	Average stack size (kbytes): 0
	Average total size (kbytes): 0
	Maximum resident set size (kbytes): 31156
	Average resident set size (kbytes): 0
	Major (requiring I/O) page faults: 0
	Minor (reclaiming a frame) page faults: 4791
	Voluntary context switches: 5
	Involuntary context switches: 9336
	Swaps: 0
	File system inputs: 0
	File system outputs: 0
	Socket messages sent: 0
	Socket messages received: 0
	Signals delivered: 0
	Page size (bytes): 4096
	Exit status: 0
