Time elapsed: 19.5665 s
AVX256:
Sum 24.7662
Difference Sum - Formula 2.05098e-11
Performed 8e+09 HarmonicSeriesAVX256 operations. Avg: 6.35918 CPU cycles/call
Time elapsed: 19.5665 s

 Performance counter stats for '/home/AVX512/results/Intel_Gold_6126_CPU_2.60GHz_harmonic_series/../../bin/harmonic_series 1 4e9':

         19,534.93 msec task-clock                       #    0.998 CPUs utilized          
             7,799      context-switches                 #  399.234 /sec                   
                 1      cpu-migrations                   #    0.051 /sec                   
                74      page-faults                      #    3.788 /sec                   
    64,230,296,862      cycles                           #    3.288 GHz                    
    48,159,118,868      instructions                     #    0.75  insn per cycle         
     8,033,068,345      branches                         #  411.216 M/sec                  
           642,184      branch-misses                    #    0.01% of all branches        

      19.569133537 seconds time elapsed

      19.513492000 seconds user
       0.001988000 seconds sys


	Command being timed: "perf stat /home/AVX512/results/Intel_Gold_6126_CPU_2.60GHz_harmonic_series/../../bin/harmonic_series 1 4e9"
	User time (seconds): 19.84
	System time (seconds): 0.03
	Percent of CPU this job got: 99%
	Elapsed (wall clock) time (h:mm:ss or m:ss): 0:19.95
	Average shared text size (kbytes): 0
	Average unshared data size (kbytes): 0
	Average stack size (kbytes): 0
	Average total size (kbytes): 0
	Maximum resident set size (kbytes): 31064
	Average resident set size (kbytes): 0
	Major (requiring I/O) page faults: 1
	Minor (reclaiming a frame) page faults: 4789
	Voluntary context switches: 7
	Involuntary context switches: 7940
	Swaps: 0
	File system inputs: 0
	File system outputs: 0
	Socket messages sent: 0
	Socket messages received: 0
	Signals delivered: 0
	Page size (bytes): 4096
	Exit status: 0
