Time elapsed: 23.9557 s
AVX512:
Sum 24.7662
Difference Sum - Formula -1.40332e-12
Performed 4e+09 HarmonicSeriesAVX512 operations. Avg: 15.5714 CPU cycles/call
Time elapsed: 23.9558 s

 Performance counter stats for '/home/AVX512/results/Intel_Gold_6126_CPU_2.60GHz_harmonic_series/../../bin/harmonic_series 0 4e9':

         23,904.96 msec task-clock                       #    0.998 CPUs utilized          
             9,168      context-switches                 #  383.519 /sec                   
               161      cpu-migrations                   #    6.735 /sec                   
                74      page-faults                      #    3.096 /sec                   
    65,056,910,689      cycles                           #    2.721 GHz                    
    24,192,947,920      instructions                     #    0.37  insn per cycle         
     4,039,865,431      branches                         #  168.997 M/sec                  
           774,658      branch-misses                    #    0.02% of all branches        

      23.958416060 seconds time elapsed

      23.876645000 seconds user
       0.001972000 seconds sys


	Command being timed: "perf stat /home/AVX512/results/Intel_Gold_6126_CPU_2.60GHz_harmonic_series/../../bin/harmonic_series 0 4e9"
	User time (seconds): 24.20
	System time (seconds): 0.03
	Percent of CPU this job got: 99%
	Elapsed (wall clock) time (h:mm:ss or m:ss): 0:24.33
	Average shared text size (kbytes): 0
	Average unshared data size (kbytes): 0
	Average stack size (kbytes): 0
	Average total size (kbytes): 0
	Maximum resident set size (kbytes): 31056
	Average resident set size (kbytes): 0
	Major (requiring I/O) page faults: 0
	Minor (reclaiming a frame) page faults: 4792
	Voluntary context switches: 6
	Involuntary context switches: 9318
	Swaps: 0
	File system inputs: 0
	File system outputs: 0
	Socket messages sent: 0
	Socket messages received: 0
	Signals delivered: 0
	Page size (bytes): 4096
	Exit status: 0
