Plain sum:
Sum 24.7662
Difference Sum - Formula -4.80693e-10
Performed 3.2e+10 HarmonicSeriesPlain operations. Avg: 3.27078 CPU cycles/call
Time elapsed: 40.2554 s

 Performance counter stats for '/home/AVX512/results/Intel_Gold_6126_CPU_2.60GHz_harmonic_series/../../bin/harmonic_series 2 4e9':

         40,186.97 msec task-clock                       #    0.998 CPUs utilized          
            16,028      context-switches                 #  398.836 /sec                   
                 8      cpu-migrations                   #    0.199 /sec                   
                73      page-faults                      #    1.817 /sec                   
   132,311,420,977      cycles                           #    3.292 GHz                    
   192,327,069,554      instructions                     #    1.45  insn per cycle         
    32,067,775,274      branches                         #  797.964 M/sec                  
         1,257,651      branch-misses                    #    0.00% of all branches        

      40.258027415 seconds time elapsed

      40.144114000 seconds user
       0.002973000 seconds sys


	Command being timed: "perf stat /home/AVX512/results/Intel_Gold_6126_CPU_2.60GHz_harmonic_series/../../bin/harmonic_series 2 4e9"
	User time (seconds): 40.51
	System time (seconds): 0.05
	Percent of CPU this job got: 99%
	Elapsed (wall clock) time (h:mm:ss or m:ss): 0:40.68
	Average shared text size (kbytes): 0
	Average unshared data size (kbytes): 0
	Average stack size (kbytes): 0
	Average total size (kbytes): 0
	Maximum resident set size (kbytes): 31140
	Average resident set size (kbytes): 0
	Major (requiring I/O) page faults: 0
	Minor (reclaiming a frame) page faults: 4793
	Voluntary context switches: 5
	Involuntary context switches: 16187
	Swaps: 0
	File system inputs: 0
	File system outputs: 0
	Socket messages sent: 0
	Socket messages received: 0
	Signals delivered: 0
	Page size (bytes): 4096
	Exit status: 0
