Time elapsed: 19.5024 s
AVX256:
Sum 24.7662
Difference Sum - Formula 2.05098e-11
Performed 8e+09 HarmonicSeriesAVX256 operations. Avg: 6.33833 CPU cycles/call
Time elapsed: 19.5024 s

 Performance counter stats for '/home/AVX512/results/Intel_Gold_6126_CPU_2.60GHz_harmonic_series/../../bin/harmonic_series 1 4e9':

         19,469.88 msec task-clock                       #    0.998 CPUs utilized          
             7,745      context-switches                 #  397.794 /sec                   
                 3      cpu-migrations                   #    0.154 /sec                   
                74      page-faults                      #    3.801 /sec                   
    64,226,184,749      cycles                           #    3.299 GHz                    
    48,163,138,656      instructions                     #    0.75  insn per cycle         
     8,033,460,215      branches                         #  412.610 M/sec                  
           633,778      branch-misses                    #    0.01% of all branches        

      19.503482362 seconds time elapsed

      19.448714000 seconds user
       0.001977000 seconds sys


	Command being timed: "perf stat /home/AVX512/results/Intel_Gold_6126_CPU_2.60GHz_harmonic_series/../../bin/harmonic_series 1 4e9"
	User time (seconds): 19.78
	System time (seconds): 0.03
	Percent of CPU this job got: 99%
	Elapsed (wall clock) time (h:mm:ss or m:ss): 0:19.87
	Average shared text size (kbytes): 0
	Average unshared data size (kbytes): 0
	Average stack size (kbytes): 0
	Average total size (kbytes): 0
	Maximum resident set size (kbytes): 31152
	Average resident set size (kbytes): 0
	Major (requiring I/O) page faults: 0
	Minor (reclaiming a frame) page faults: 4790
	Voluntary context switches: 6
	Involuntary context switches: 7887
	Swaps: 0
	File system inputs: 0
	File system outputs: 0
	Socket messages sent: 0
	Socket messages received: 0
	Signals delivered: 0
	Page size (bytes): 4096
	Exit status: 0
