Plain sum:
Sum 24.7662
Difference Sum - Formula -4.80693e-10
Performed 3.2e+10 HarmonicSeriesPlain operations. Avg: 3.27368 CPU cycles/call
Time elapsed: 40.2911 s

 Performance counter stats for '/home/AVX512/results/Intel_Gold_6126_CPU_2.60GHz_harmonic_series/../../bin/harmonic_series 2 4e9':

         40,225.11 msec task-clock                       #    0.998 CPUs utilized          
            16,006      context-switches                 #  397.911 /sec                   
                12      cpu-migrations                   #    0.298 /sec                   
                73      page-faults                      #    1.815 /sec                   
   132,331,898,160      cycles                           #    3.290 GHz                    
   192,333,348,979      instructions                     #    1.45  insn per cycle         
    32,068,604,940      branches                         #  797.229 M/sec                  
         1,307,578      branch-misses                    #    0.00% of all branches        

      40.293816209 seconds time elapsed

      40.179821000 seconds user
       0.000990000 seconds sys


	Command being timed: "perf stat /home/AVX512/results/Intel_Gold_6126_CPU_2.60GHz_harmonic_series/../../bin/harmonic_series 2 4e9"
	User time (seconds): 40.52
	System time (seconds): 0.03
	Percent of CPU this job got: 99%
	Elapsed (wall clock) time (h:mm:ss or m:ss): 0:40.69
	Average shared text size (kbytes): 0
	Average unshared data size (kbytes): 0
	Average stack size (kbytes): 0
	Average total size (kbytes): 0
	Maximum resident set size (kbytes): 31032
	Average resident set size (kbytes): 0
	Major (requiring I/O) page faults: 0
	Minor (reclaiming a frame) page faults: 4790
	Voluntary context switches: 6
	Involuntary context switches: 16147
	Swaps: 0
	File system inputs: 0
	File system outputs: 0
	Socket messages sent: 0
	Socket messages received: 0
	Signals delivered: 0
	Page size (bytes): 4096
	Exit status: 0
