Plain sum:
Sum 24.7662
Difference Sum - Formula -4.80693e-10
Performed 3.2e+10 HarmonicSeriesPlain operations. Avg: 3.09938 CPU cycles/call
Time elapsed: 41.3883 s

 Performance counter stats for '/home/AVX512/results/AMD_EPYC_9654_96-Core_Processor_harmonic_series/../../bin/harmonic_series 2 4e9':

         41,388.02 msec task-clock                #    1.000 CPUs utilized          
                13      context-switches          #    0.314 /sec                   
                 0      cpu-migrations            #    0.000 /sec                   
                73      page-faults               #    1.764 /sec                   
   152,493,600,291      cycles                    #    3.684 GHz                      (66.67%)
           244,314      stalled-cycles-frontend   #    0.00% frontend cycles idle     (66.67%)
        37,051,180      stalled-cycles-backend    #    0.02% backend cycles idle      (66.67%)
   192,134,785,052      instructions              #    1.26  insn per cycle         
                                                  #    0.00  stalled cycles per insn  (66.67%)
    32,035,683,477      branches                  #  774.033 M/sec                    (66.67%)
         1,030,334      branch-misses             #    0.00% of all branches          (66.67%)

      41.389545910 seconds time elapsed

      41.178519000 seconds user
       0.001994000 seconds sys


	Command being timed: "perf stat /home/AVX512/results/AMD_EPYC_9654_96-Core_Processor_harmonic_series/../../bin/harmonic_series 2 4e9"
	User time (seconds): 41.18
	System time (seconds): 0.04
	Percent of CPU this job got: 99%
	Elapsed (wall clock) time (h:mm:ss or m:ss): 0:41.44
	Average shared text size (kbytes): 0
	Average unshared data size (kbytes): 0
	Average stack size (kbytes): 0
	Average total size (kbytes): 0
	Maximum resident set size (kbytes): 15332
	Average resident set size (kbytes): 0
	Major (requiring I/O) page faults: 0
	Minor (reclaiming a frame) page faults: 1528
	Voluntary context switches: 6
	Involuntary context switches: 15
	Swaps: 0
	File system inputs: 0
	File system outputs: 0
	Socket messages sent: 0
	Socket messages received: 0
	Signals delivered: 0
	Page size (bytes): 4096
	Exit status: 0
