Time elapsed: 10.265 s
AVX256:
Sum 24.7662
Difference Sum - Formula 2.05098e-11
Performed 8e+09 HarmonicSeriesAVX256 operations. Avg: 3.07482 CPU cycles/call
Time elapsed: 10.265 s

 Performance counter stats for '/home/AVX512/results/AMD_EPYC_9654_96-Core_Processor_harmonic_series/../../bin/harmonic_series 1 4e9':

         10,265.42 msec task-clock                #    1.000 CPUs utilized          
                 4      context-switches          #    0.390 /sec                   
                 0      cpu-migrations            #    0.000 /sec                   
                73      page-faults               #    7.111 /sec                   
    37,819,069,957      cycles                    #    3.684 GHz                      (66.67%)
           105,170      stalled-cycles-frontend   #    0.00% frontend cycles idle     (66.67%)
        10,176,244      stalled-cycles-backend    #    0.03% backend cycles idle      (66.67%)
    48,036,584,033      instructions              #    1.27  insn per cycle         
                                                  #    0.00  stalled cycles per insn  (66.67%)
     8,009,161,129      branches                  #  780.208 M/sec                    (66.67%)
           258,497      branch-misses             #    0.00% of all branches          (66.67%)

      10.266035666 seconds time elapsed

      10.208495000 seconds user
       0.000999000 seconds sys


	Command being timed: "perf stat /home/AVX512/results/AMD_EPYC_9654_96-Core_Processor_harmonic_series/../../bin/harmonic_series 1 4e9"
	User time (seconds): 10.21
	System time (seconds): 0.03
	Percent of CPU this job got: 99%
	Elapsed (wall clock) time (h:mm:ss or m:ss): 0:10.31
	Average shared text size (kbytes): 0
	Average unshared data size (kbytes): 0
	Average stack size (kbytes): 0
	Average total size (kbytes): 0
	Maximum resident set size (kbytes): 15340
	Average resident set size (kbytes): 0
	Major (requiring I/O) page faults: 0
	Minor (reclaiming a frame) page faults: 1530
	Voluntary context switches: 5
	Involuntary context switches: 9
	Swaps: 0
	File system inputs: 0
	File system outputs: 0
	Socket messages sent: 0
	Socket messages received: 0
	Signals delivered: 0
	Page size (bytes): 4096
	Exit status: 0
