Plain sum:
Sum 24.7662
Difference Sum - Formula -4.80693e-10
Performed 3.2e+10 HarmonicSeriesPlain operations. Avg: 3.09902 CPU cycles/call
Time elapsed: 41.3834 s

 Performance counter stats for '/home/AVX512/results/AMD_EPYC_9654_96-Core_Processor_harmonic_series/../../bin/harmonic_series 2 4e9':

         41,382.93 msec task-clock                #    1.000 CPUs utilized          
                13      context-switches          #    0.314 /sec                   
                 0      cpu-migrations            #    0.000 /sec                   
                73      page-faults               #    1.764 /sec                   
   152,470,684,731      cycles                    #    3.684 GHz                      (66.66%)
           211,905      stalled-cycles-frontend   #    0.00% frontend cycles idle     (66.67%)
        39,550,325      stalled-cycles-backend    #    0.03% backend cycles idle      (66.67%)
   192,203,984,250      instructions              #    1.26  insn per cycle         
                                                  #    0.00  stalled cycles per insn  (66.67%)
    32,034,463,321      branches                  #  774.098 M/sec                    (66.67%)
         1,039,804      branch-misses             #    0.00% of all branches          (66.66%)

      41.384435040 seconds time elapsed

      41.168997000 seconds user
       0.001993000 seconds sys


	Command being timed: "perf stat /home/AVX512/results/AMD_EPYC_9654_96-Core_Processor_harmonic_series/../../bin/harmonic_series 2 4e9"
	User time (seconds): 41.17
	System time (seconds): 0.03
	Percent of CPU this job got: 99%
	Elapsed (wall clock) time (h:mm:ss or m:ss): 0:41.44
	Average shared text size (kbytes): 0
	Average unshared data size (kbytes): 0
	Average stack size (kbytes): 0
	Average total size (kbytes): 0
	Maximum resident set size (kbytes): 15368
	Average resident set size (kbytes): 0
	Major (requiring I/O) page faults: 0
	Minor (reclaiming a frame) page faults: 1530
	Voluntary context switches: 6
	Involuntary context switches: 15
	Swaps: 0
	File system inputs: 0
	File system outputs: 0
	Socket messages sent: 0
	Socket messages received: 0
	Signals delivered: 0
	Page size (bytes): 4096
	Exit status: 0
