Time elapsed: 9.79946 s
AVX512:
Sum 24.7662
Difference Sum - Formula -1.40332e-12
Performed 4e+09 HarmonicSeriesAVX512 operations. Avg: 5.87074 CPU cycles/call
Time elapsed: 9.79952 s

 Performance counter stats for '/home/AVX512/results/AMD_EPYC_9654_96-Core_Processor_harmonic_series/../../bin/harmonic_series 0 4e9':

          9,799.87 msec task-clock                #    1.000 CPUs utilized          
                 5      context-switches          #    0.510 /sec                   
                 0      cpu-migrations            #    0.000 /sec                   
                74      page-faults               #    7.551 /sec                   
    36,106,628,184      cycles                    #    3.684 GHz                      (66.66%)
            80,898      stalled-cycles-frontend   #    0.00% frontend cycles idle     (66.67%)
         8,940,966      stalled-cycles-backend    #    0.02% backend cycles idle      (66.67%)
    24,046,820,411      instructions              #    0.67  insn per cycle         
                                                  #    0.00  stalled cycles per insn  (66.68%)
     4,009,345,948      branches                  #  409.122 M/sec                    (66.67%)
           249,950      branch-misses             #    0.01% of all branches          (66.66%)

       9.800644528 seconds time elapsed

       9.749534000 seconds user
       0.001994000 seconds sys


	Command being timed: "perf stat /home/AVX512/results/AMD_EPYC_9654_96-Core_Processor_harmonic_series/../../bin/harmonic_series 0 4e9"
	User time (seconds): 9.75
	System time (seconds): 0.03
	Percent of CPU this job got: 99%
	Elapsed (wall clock) time (h:mm:ss or m:ss): 0:09.86
	Average shared text size (kbytes): 0
	Average unshared data size (kbytes): 0
	Average stack size (kbytes): 0
	Average total size (kbytes): 0
	Maximum resident set size (kbytes): 15352
	Average resident set size (kbytes): 0
	Major (requiring I/O) page faults: 1
	Minor (reclaiming a frame) page faults: 1528
	Voluntary context switches: 7
	Involuntary context switches: 8
	Swaps: 0
	File system inputs: 0
	File system outputs: 0
	Socket messages sent: 0
	Socket messages received: 0
	Signals delivered: 0
	Page size (bytes): 4096
	Exit status: 0
