Plain sum:
Sum 24.7662
Difference Sum - Formula -4.80693e-10
Performed 3.2e+10 HarmonicSeriesPlain operations. Avg: 3.09786 CPU cycles/call
Time elapsed: 41.3679 s

 Performance counter stats for '/home/AVX512/results/AMD_EPYC_9654_96-Core_Processor_harmonic_series/../../bin/harmonic_series 2 4e9':

         41,367.57 msec task-clock                #    1.000 CPUs utilized          
                13      context-switches          #    0.314 /sec                   
                 0      cpu-migrations            #    0.000 /sec                   
                74      page-faults               #    1.789 /sec                   
   152,401,121,787      cycles                    #    3.684 GHz                      (66.66%)
           264,549      stalled-cycles-frontend   #    0.00% frontend cycles idle     (66.67%)
        38,902,823      stalled-cycles-backend    #    0.03% backend cycles idle      (66.67%)
   192,171,842,544      instructions              #    1.26  insn per cycle         
                                                  #    0.00  stalled cycles per insn  (66.67%)
    32,034,857,236      branches                  #  774.396 M/sec                    (66.67%)
         1,027,982      branch-misses             #    0.00% of all branches          (66.67%)

      41.369078336 seconds time elapsed

      41.141511000 seconds user
       0.000999000 seconds sys


	Command being timed: "perf stat /home/AVX512/results/AMD_EPYC_9654_96-Core_Processor_harmonic_series/../../bin/harmonic_series 2 4e9"
	User time (seconds): 41.15
	System time (seconds): 0.03
	Percent of CPU this job got: 99%
	Elapsed (wall clock) time (h:mm:ss or m:ss): 0:41.41
	Average shared text size (kbytes): 0
	Average unshared data size (kbytes): 0
	Average stack size (kbytes): 0
	Average total size (kbytes): 0
	Maximum resident set size (kbytes): 15420
	Average resident set size (kbytes): 0
	Major (requiring I/O) page faults: 0
	Minor (reclaiming a frame) page faults: 1529
	Voluntary context switches: 6
	Involuntary context switches: 14
	Swaps: 0
	File system inputs: 0
	File system outputs: 0
	Socket messages sent: 0
	Socket messages received: 0
	Signals delivered: 0
	Page size (bytes): 4096
	Exit status: 0
