Plain sum:
Sum 24.7662
Difference Sum - Formula -4.80693e-10
Performed 3.2e+10 HarmonicSeriesPlain operations. Avg: 3.09864 CPU cycles/call
Time elapsed: 41.3783 s

 Performance counter stats for '/home/AVX512/results/AMD_EPYC_9654_96-Core_Processor_harmonic_series/../../bin/harmonic_series 2 4e9':

         41,378.08 msec task-clock                #    1.000 CPUs utilized          
                13      context-switches          #    0.314 /sec                   
                 0      cpu-migrations            #    0.000 /sec                   
                74      page-faults               #    1.788 /sec                   
   152,455,842,379      cycles                    #    3.684 GHz                      (66.66%)
           234,707      stalled-cycles-frontend   #    0.00% frontend cycles idle     (66.67%)
        36,937,480      stalled-cycles-backend    #    0.02% backend cycles idle      (66.67%)
   192,179,780,926      instructions              #    1.26  insn per cycle         
                                                  #    0.00  stalled cycles per insn  (66.67%)
    32,029,603,745      branches                  #  774.072 M/sec                    (66.67%)
         1,039,874      branch-misses             #    0.00% of all branches          (66.67%)

      41.379621004 seconds time elapsed

      41.169540000 seconds user
       0.001994000 seconds sys


	Command being timed: "perf stat /home/AVX512/results/AMD_EPYC_9654_96-Core_Processor_harmonic_series/../../bin/harmonic_series 2 4e9"
	User time (seconds): 41.17
	System time (seconds): 0.04
	Percent of CPU this job got: 99%
	Elapsed (wall clock) time (h:mm:ss or m:ss): 0:41.43
	Average shared text size (kbytes): 0
	Average unshared data size (kbytes): 0
	Average stack size (kbytes): 0
	Average total size (kbytes): 0
	Maximum resident set size (kbytes): 15304
	Average resident set size (kbytes): 0
	Major (requiring I/O) page faults: 0
	Minor (reclaiming a frame) page faults: 1528
	Voluntary context switches: 6
	Involuntary context switches: 16
	Swaps: 0
	File system inputs: 0
	File system outputs: 0
	Socket messages sent: 0
	Socket messages received: 0
	Signals delivered: 0
	Page size (bytes): 4096
	Exit status: 0
