Time elapsed: 10.18 s
AVX256:
Sum 24.7662
Difference Sum - Formula 2.05098e-11
Performed 8e+09 HarmonicSeriesAVX256 operations. Avg: 3.04936 CPU cycles/call
Time elapsed: 10.1801 s

 Performance counter stats for '/home/AVX512/results/AMD_EPYC_9654_96-Core_Processor_harmonic_series/../../bin/harmonic_series 1 4e9':

         10,180.23 msec task-clock                #    1.000 CPUs utilized          
                 4      context-switches          #    0.393 /sec                   
                 0      cpu-migrations            #    0.000 /sec                   
                75      page-faults               #    7.367 /sec                   
    37,509,580,987      cycles                    #    3.685 GHz                      (66.66%)
           101,067      stalled-cycles-frontend   #    0.00% frontend cycles idle     (66.66%)
         9,324,026      stalled-cycles-backend    #    0.02% backend cycles idle      (66.66%)
    48,043,968,760      instructions              #    1.28  insn per cycle         
                                                  #    0.00  stalled cycles per insn  (66.67%)
     8,009,490,373      branches                  #  786.769 M/sec                    (66.67%)
           259,237      branch-misses             #    0.00% of all branches          (66.66%)

      10.180767375 seconds time elapsed

      10.128555000 seconds user
       0.000999000 seconds sys


	Command being timed: "perf stat /home/AVX512/results/AMD_EPYC_9654_96-Core_Processor_harmonic_series/../../bin/harmonic_series 1 4e9"
	User time (seconds): 10.13
	System time (seconds): 0.04
	Percent of CPU this job got: 99%
	Elapsed (wall clock) time (h:mm:ss or m:ss): 0:10.22
	Average shared text size (kbytes): 0
	Average unshared data size (kbytes): 0
	Average stack size (kbytes): 0
	Average total size (kbytes): 0
	Maximum resident set size (kbytes): 15420
	Average resident set size (kbytes): 0
	Major (requiring I/O) page faults: 0
	Minor (reclaiming a frame) page faults: 1532
	Voluntary context switches: 5
	Involuntary context switches: 10
	Swaps: 0
	File system inputs: 0
	File system outputs: 0
	Socket messages sent: 0
	Socket messages received: 0
	Signals delivered: 0
	Page size (bytes): 4096
	Exit status: 0
