Extension SSE    is supported
Extension SSE2   is supported
Extension SSE3   is supported
Extension SSE4.1 is supported
Extension SSE4.2 is supported
Extension AVX    is supported
Extension AVX2   is supported
Extension FMA    is supported
Extension FMA4   is unsupported

Extension AVX512F         is supported
Extension AVX512VL        is supported
Extension AVX512BW        is supported
Extension AVX512DQ        is supported
Extension AVX512CD        is supported
Extension AVX512ER        is unsupported
Extension AVX512PF        is unsupported
Extension AVX512VBMI      is supported
Extension AVX512IFMA      is supported
Extension AVX5124VNNIW    is unsupported
Extension AVX5124FMAPS    is unsupported
Extension AVX512VPOPCNTDQ is supported
Extension AVX512VBMI2     is supported
Extension AVX512BITALG    is supported
	Command being timed: "../../bin/detect_avx"
	User time (seconds): 0.00
	System time (seconds): 0.00
	Percent of CPU this job got: 0%
	Elapsed (wall clock) time (h:mm:ss or m:ss): 0:00.00
	Average shared text size (kbytes): 0
	Average unshared data size (kbytes): 0
	Average stack size (kbytes): 0
	Average total size (kbytes): 0
	Maximum resident set size (kbytes): 1424
	Average resident set size (kbytes): 0
	Major (requiring I/O) page faults: 0
	Minor (reclaiming a frame) page faults: 70
	Voluntary context switches: 1
	Involuntary context switches: 0
	Swaps: 0
	File system inputs: 0
	File system outputs: 8
	Socket messages sent: 0
	Socket messages received: 0
	Signals delivered: 0
	Page size (bytes): 4096
	Exit status: 0
Extension SSE    is supported
Extension SSE2   is supported
Extension SSE3   is supported
Extension SSE4.1 is supported
Extension SSE4.2 is supported
Extension AVX    is supported
Extension AVX2   is supported
Extension FMA    is supported
Extension FMA4   is unsupported

Extension AVX512F         is supported
Extension AVX512VL        is supported
Extension AVX512BW        is supported
Extension AVX512DQ        is supported
Extension AVX512CD        is supported
Extension AVX512ER        is unsupported
Extension AVX512PF        is unsupported
Extension AVX512VBMI      is supported
Extension AVX512IFMA      is supported
Extension AVX5124VNNIW    is unsupported
Extension AVX5124FMAPS    is unsupported
Extension AVX512VPOPCNTDQ is supported
Extension AVX512VBMI2     is supported
Extension AVX512BITALG    is supported
	Command being timed: "../../bin/detect_avx"
	User time (seconds): 0.00
	System time (seconds): 0.00
	Percent of CPU this job got: 0%
	Elapsed (wall clock) time (h:mm:ss or m:ss): 0:00.00
	Average shared text size (kbytes): 0
	Average unshared data size (kbytes): 0
	Average stack size (kbytes): 0
	Average total size (kbytes): 0
	Maximum resident set size (kbytes): 1496
	Average resident set size (kbytes): 0
	Major (requiring I/O) page faults: 0
	Minor (reclaiming a frame) page faults: 70
	Voluntary context switches: 1
	Involuntary context switches: 0
	Swaps: 0
	File system inputs: 0
	File system outputs: 0
	Socket messages sent: 0
	Socket messages received: 0
	Signals delivered: 0
	Page size (bytes): 4096
	Exit status: 0
Extension SSE    is supported
Extension SSE2   is supported
Extension SSE3   is supported
Extension SSE4.1 is supported
Extension SSE4.2 is supported
Extension AVX    is supported
Extension AVX2   is supported
Extension FMA    is supported
Extension FMA4   is unsupported

Extension AVX512F         is supported
Extension AVX512VL        is supported
Extension AVX512BW        is supported
Extension AVX512DQ        is supported
Extension AVX512CD        is supported
Extension AVX512ER        is unsupported
Extension AVX512PF        is unsupported
Extension AVX512VBMI      is supported
Extension AVX512IFMA      is supported
Extension AVX5124VNNIW    is unsupported
Extension AVX5124FMAPS    is unsupported
Extension AVX512VPOPCNTDQ is supported
Extension AVX512VBMI2     is supported
Extension AVX512BITALG    is supported
	Command being timed: "../../bin/detect_avx"
	User time (seconds): 0.00
	System time (seconds): 0.00
	Percent of CPU this job got: 0%
	Elapsed (wall clock) time (h:mm:ss or m:ss): 0:00.00
	Average shared text size (kbytes): 0
	Average unshared data size (kbytes): 0
	Average stack size (kbytes): 0
	Average total size (kbytes): 0
	Maximum resident set size (kbytes): 1448
	Average resident set size (kbytes): 0
	Major (requiring I/O) page faults: 0
	Minor (reclaiming a frame) page faults: 69
	Voluntary context switches: 1
	Involuntary context switches: 0
	Swaps: 0
	File system inputs: 0
	File system outputs: 0
	Socket messages sent: 0
	Socket messages received: 0
	Signals delivered: 0
	Page size (bytes): 4096
	Exit status: 0

 Performance counter stats for 'taskset -c 1 /usr/bin/time -v ../../bin/detect_avx' (3 runs):

        10,950,614      TOPDOWN.SLOTS                                                                                                                                                                 ( +- 42.16% )  (8.39%)
         2,404,838      topdown-retiring                 #     28.3% Retiring                ( +- 78.54% )  (8.39%)
           900,932      BR_INST_RETIRED.ALL_BRANCHES                                         ( +- 31.53% )  (78.02%)
         6,051,769      INST_RETIRED.ANY                                                     ( +- 17.86% )
                 0      FP_ARITH_INST_RETIRED.128B_PACKED_SINGLE                                   
         7,617,067      UOPS_EXECUTED.THREAD                                                 ( +- 10.23% )
                 0      FP_ARITH_INST_RETIRED.SCALAR_DOUBLE                                   
                 0      FP_ARITH_INST_RETIRED.512B_PACKED_SINGLE                                   
         4,809,676      topdown-fe-bound                 #     44.6% Frontend Bound          ( +- 30.50% )  (8.39%)
         1,156,522      IDQ.MS_UOPS                                                          ( +- 33.46% )
                 0      UOPS_EXECUTED.X87                                                  
         2,404,838      topdown-be-bound                 #     17.4% Backend Bound           ( +- 37.40% )  (8.39%)
                 0      FP_ARITH_INST_RETIRED.SCALAR_SINGLE                                   
         3,053,252      MEM_INST_RETIRED.ANY                                                 ( +- 32.20% )  (41.94%)
     <not counted>      cpu/UOPS_DECODED.DEC0,cmask=0x1/                                     (0.00%)
     <not counted>      UOPS_DECODED.DEC0                                             (0.00%)
     <not counted>      FP_ARITH_INST_RETIRED.256B_PACKED_DOUBLE                                     (0.00%)
     <not counted>      INST_RETIRED.NOP                                              (0.00%)
     <not counted>      FP_ARITH_INST_RETIRED.128B_PACKED_DOUBLE                                     (0.00%)
     <not counted>      UOPS_ISSUED.ANY                                               (0.00%)
     <not counted>      IDQ.MITE_UOPS                                                 (0.00%)
     <not counted>      FP_ARITH_INST_RETIRED.512B_PACKED_DOUBLE                                     (0.00%)
     <not counted>      FP_ARITH_INST_RETIRED.256B_PACKED_SINGLE                                     (0.00%)
         1,331,249      topdown-bad-spec                 #      9.6% Bad Speculation         ( +- 34.18% )  (8.39%)
     <not counted>      UOPS_EXECUTED.CORE_CYCLES_GE_1                                     (0.00%)
     <not counted>      UOPS_EXECUTED.THREAD                                          (0.00%)
     <not counted>      UOPS_EXECUTED.THREAD                                          (0.00%)
     <not counted>      cpu/UOPS_EXECUTED.THREAD,cmask=1/                                     (0.00%)
     <not counted>      CPU_CLK_UNHALTED.THREAD                                       (0.00%)
     <not counted>      arith.divider_active                                          (0.00%)
     <not counted>      L1-dcache-loads                                               (0.00%)
     <not counted>      L1-dcache-load-misses                                         (0.00%)
     <not counted>      LLC-loads                                                     (0.00%)
     <not counted>      LLC-load-misses                                               (0.00%)

          0.006730 +- 0.000206 seconds time elapsed  ( +-  3.07% )

Some events weren't counted. Try disabling the NMI watchdog:
	echo 0 > /proc/sys/kernel/nmi_watchdog
	perf stat ...
	echo 1 > /proc/sys/kernel/nmi_watchdog
The events in group usually have to be from the same PMU. Try reorganizing the group.
