0 11.02317856782561734
0 11.02317856782561734
1 8.16617133119252792
1 8.16617133119252792
2 6.04964836576570075
2 6.04964836576570075
3 4.48168962712299734
3 4.48168962712299734
4 3.32011725291691739
4 3.32011725291691739
5 2.45960329472028860
5 2.45960329472028860
6 1.82211889110312342
6 1.82211889110312342
7 1.34985884119649113
7 1.34985884119649113
8 4.48168962712299734
8 4.48168962712299734
9 8.16617133119252792
9 8.16617133119252792
10 6.04964836576570075
10 6.04964836576570075
11 11.02317856782561734
11 11.02317856782561734
12 2.45960329472028860
12 2.45960329472028860
13 3.32011725291691739
13 3.32011725291691739
14 1.34985884119649113
14 1.34985884119649113
15 1.82211889110312342
15 1.82211889110312342
16 1.82211889110312342
16 1.82211889110312342
17 8.16617133119252792
17 8.16617133119252792
18 6.04964836576570075
18 6.04964836576570075
19 11.02317856782561734
19 11.02317856782561734
20 2.45960329472028860
20 2.45960329472028860
21 3.32011725291691739
21 3.32011725291691739
22 1.34985884119649113
22 1.34985884119649113
23 3.32011725344827457
23 3.32011725344827457
24 4.48168962712299734
24 4.48168962712299734
25 8.16617133119252792
25 8.16617133119252792
26 1.82211889110312342
26 1.82211889110312342
27 11.02317856782561734
27 11.02317856782561734
28 2.45960329472028860
28 2.45960329472028860
29 3.32011725291691739
29 3.32011725291691739
30 1.34985884119649113
30 1.34985884119649113
31 6.04964836576570075
31 6.04964836576570075
	Command being timed: "../../bin/div_four_independent_vectors_avx512f"
	User time (seconds): 20.72
	System time (seconds): 0.00
	Percent of CPU this job got: 99%
	Elapsed (wall clock) time (h:mm:ss or m:ss): 0:20.90
	Average shared text size (kbytes): 0
	Average unshared data size (kbytes): 0
	Average stack size (kbytes): 0
	Average total size (kbytes): 0
	Maximum resident set size (kbytes): 1600
	Average resident set size (kbytes): 0
	Major (requiring I/O) page faults: 0
	Minor (reclaiming a frame) page faults: 71
	Voluntary context switches: 1
	Involuntary context switches: 7553
	Swaps: 0
	File system inputs: 0
	File system outputs: 8
	Socket messages sent: 0
	Socket messages received: 0
	Signals delivered: 0
	Page size (bytes): 4096
	Exit status: 0
0 11.02317856782561734
0 11.02317856782561734
1 8.16617133119252792
1 8.16617133119252792
2 6.04964836576570075
2 6.04964836576570075
3 4.48168962712299734
3 4.48168962712299734
4 3.32011725291691739
4 3.32011725291691739
5 2.45960329472028860
5 2.45960329472028860
6 1.82211889110312342
6 1.82211889110312342
7 1.34985884119649113
7 1.34985884119649113
8 4.48168962712299734
8 4.48168962712299734
9 8.16617133119252792
9 8.16617133119252792
10 6.04964836576570075
10 6.04964836576570075
11 11.02317856782561734
11 11.02317856782561734
12 2.45960329472028860
12 2.45960329472028860
13 3.32011725291691739
13 3.32011725291691739
14 1.34985884119649113
14 1.34985884119649113
15 1.82211889110312342
15 1.82211889110312342
16 1.82211889110312342
16 1.82211889110312342
17 8.16617133119252792
17 8.16617133119252792
18 6.04964836576570075
18 6.04964836576570075
19 11.02317856782561734
19 11.02317856782561734
20 2.45960329472028860
20 2.45960329472028860
21 3.32011725291691739
21 3.32011725291691739
22 1.34985884119649113
22 1.34985884119649113
23 3.32011725344827457
23 3.32011725344827457
24 4.48168962712299734
24 4.48168962712299734
25 8.16617133119252792
25 8.16617133119252792
26 1.82211889110312342
26 1.82211889110312342
27 11.02317856782561734
27 11.02317856782561734
28 2.45960329472028860
28 2.45960329472028860
29 3.32011725291691739
29 3.32011725291691739
30 1.34985884119649113
30 1.34985884119649113
31 6.04964836576570075
31 6.04964836576570075
	Command being timed: "../../bin/div_four_independent_vectors_avx512f"
	User time (seconds): 20.70
	System time (seconds): 0.00
	Percent of CPU this job got: 99%
	Elapsed (wall clock) time (h:mm:ss or m:ss): 0:20.88
	Average shared text size (kbytes): 0
	Average unshared data size (kbytes): 0
	Average stack size (kbytes): 0
	Average total size (kbytes): 0
	Maximum resident set size (kbytes): 1592
	Average resident set size (kbytes): 0
	Major (requiring I/O) page faults: 0
	Minor (reclaiming a frame) page faults: 71
	Voluntary context switches: 1
	Involuntary context switches: 7603
	Swaps: 0
	File system inputs: 0
	File system outputs: 8
	Socket messages sent: 0
	Socket messages received: 0
	Signals delivered: 0
	Page size (bytes): 4096
	Exit status: 0
0 11.02317856782561734
0 11.02317856782561734
1 8.16617133119252792
1 8.16617133119252792
2 6.04964836576570075
2 6.04964836576570075
3 4.48168962712299734
3 4.48168962712299734
4 3.32011725291691739
4 3.32011725291691739
5 2.45960329472028860
5 2.45960329472028860
6 1.82211889110312342
6 1.82211889110312342
7 1.34985884119649113
7 1.34985884119649113
8 4.48168962712299734
8 4.48168962712299734
9 8.16617133119252792
9 8.16617133119252792
10 6.04964836576570075
10 6.04964836576570075
11 11.02317856782561734
11 11.02317856782561734
12 2.45960329472028860
12 2.45960329472028860
13 3.32011725291691739
13 3.32011725291691739
14 1.34985884119649113
14 1.34985884119649113
15 1.82211889110312342
15 1.82211889110312342
16 1.82211889110312342
16 1.82211889110312342
17 8.16617133119252792
17 8.16617133119252792
18 6.04964836576570075
18 6.04964836576570075
19 11.02317856782561734
19 11.02317856782561734
20 2.45960329472028860
20 2.45960329472028860
21 3.32011725291691739
21 3.32011725291691739
22 1.34985884119649113
22 1.34985884119649113
23 3.32011725344827457
23 3.32011725344827457
24 4.48168962712299734
24 4.48168962712299734
25 8.16617133119252792
25 8.16617133119252792
26 1.82211889110312342
26 1.82211889110312342
27 11.02317856782561734
27 11.02317856782561734
28 2.45960329472028860
28 2.45960329472028860
29 3.32011725291691739
29 3.32011725291691739
30 1.34985884119649113
30 1.34985884119649113
31 6.04964836576570075
31 6.04964836576570075
	Command being timed: "../../bin/div_four_independent_vectors_avx512f"
	User time (seconds): 20.70
	System time (seconds): 0.00
	Percent of CPU this job got: 99%
	Elapsed (wall clock) time (h:mm:ss or m:ss): 0:20.88
	Average shared text size (kbytes): 0
	Average unshared data size (kbytes): 0
	Average stack size (kbytes): 0
	Average total size (kbytes): 0
	Maximum resident set size (kbytes): 1608
	Average resident set size (kbytes): 0
	Major (requiring I/O) page faults: 0
	Minor (reclaiming a frame) page faults: 71
	Voluntary context switches: 1
	Involuntary context switches: 7625
	Swaps: 0
	File system inputs: 0
	File system outputs: 8
	Socket messages sent: 0
	Socket messages received: 0
	Signals delivered: 0
	Page size (bytes): 4096
	Exit status: 0

 Performance counter stats for 'taskset -c 1 /usr/bin/time -v ../../bin/div_four_independent_vectors_avx512f' (3 runs):

   320,410,289,115      TOPDOWN.SLOTS                    #      0.3 %  tma_branch_instructions_percent
                                                  #      0.0 %  tma_nop_instructions_percent
                                                  #      0.0 %  tma_memory_operations_percent
                                                  #      0.0 %  tma_other_light_ops_percent  ( +-  0.01% )  (28.54%)
    12,565,109,376      topdown-retiring                 #      3.8% Retiring                ( +-  0.89% )  (28.54%)
     1,037,844,927      BR_INST_RETIRED.ALL_BRANCHES                                         ( +-  0.07% )  (28.54%)
     6,196,131,964      INST_RETIRED.ANY                                                     ( +-  0.04% )  (32.12%)
                 0      FP_ARITH_INST_RETIRED.128B_PACKED_SINGLE                                     (35.69%)
    13,274,946,514      UOPS_EXECUTED.THREAD             #     1.00 Execute_per_Issue        ( +-  0.05% )  (35.69%)
                 0      FP_ARITH_INST_RETIRED.SCALAR_DOUBLE                                     (35.70%)
                 0      FP_ARITH_INST_RETIRED.512B_PACKED_SINGLE                                     (35.71%)
         3,622,606      topdown-fe-bound                 #      0.0% Frontend Bound          ( +-188.85% )  (28.54%)
        73,454,528      IDQ.MS_UOPS                                                          ( +-  1.53% )  (35.71%)
                 0      UOPS_EXECUTED.X87                                                    (35.72%)
   292,348,460,638      topdown-be-bound                 #     89.3% Backend Bound           ( +-  0.81% )  (28.54%)
                 0      FP_ARITH_INST_RETIRED.SCALAR_SINGLE                                     (35.73%)
        90,270,189      MEM_INST_RETIRED.ANY                                                 ( +-  2.03% )  (32.16%)
        19,494,809      cpu/UOPS_DECODED.DEC0,cmask=0x1/                                     ( +-  0.80% )  (28.58%)
        40,383,565      UOPS_DECODED.DEC0                                                    ( +-  1.03% )  (28.58%)
                 0      FP_ARITH_INST_RETIRED.256B_PACKED_DOUBLE                                     (28.58%)
         8,233,037      INST_RETIRED.NOP                                                     ( +-  0.27% )  (28.58%)
                 0      FP_ARITH_INST_RETIRED.128B_PACKED_DOUBLE                                     (28.58%)
    13,282,413,263      UOPS_ISSUED.ANY                                                      ( +-  0.01% )  (28.58%)
       164,345,831      IDQ.MITE_UOPS                                                        ( +-  0.21% )  (28.58%)
     4,003,607,495      FP_ARITH_INST_RETIRED.512B_PACKED_DOUBLE                                     ( +-  0.01% )  (28.58%)
                 0      FP_ARITH_INST_RETIRED.256B_PACKED_SINGLE                                     (28.58%)
    20,104,175,001      topdown-bad-spec                 #      6.9% Bad Speculation         ( +- 10.40% )  (28.54%)
    13,110,814,551      UOPS_EXECUTED.CORE_CYCLES_GE_1   #     2.03 ILP                      ( +-  0.01% )  (25.01%)
    13,278,675,345      UOPS_EXECUTED.THREAD                                                 ( +-  0.01% )  (25.01%)
    13,274,110,491      UOPS_EXECUTED.THREAD             #     1.01 Execute                  ( +-  0.02% )  (21.44%)
    13,105,906,200      cpu/UOPS_EXECUTED.THREAD,cmask=1/                                     ( +-  0.01% )  (21.44%)
    64,192,299,150      CPU_CLK_UNHALTED.THREAD          # 64189207164.00 CLKS               ( +-  0.00% )  (21.43%)
    63,985,469,066      arith.divider_active                                                 ( +-  0.02% )  (21.43%)
        55,198,586      L1-dcache-loads                                                      ( +-  4.56% )  (21.42%)
         1,517,191      L1-dcache-load-misses            #    2.65% of all L1-dcache accesses  ( +-  1.29% )  (21.41%)
            73,137      LLC-loads                                                            ( +- 10.32% )  (21.41%)
                12      LLC-load-misses                  #    0.01% of all LL-cache accesses  ( +-7875.01% )  (24.97%)

          20.89821 +- 0.00581 seconds time elapsed  ( +-  0.03% )

