0 24.53253016571268930
1 16.44464675498159068
2 11.02317637270583006
3 7.38905609523601825
4 4.95303242280978484
5 3.32011692213873877
6 2.22554092831393246
7 1.49182469761111047
	Command being timed: "../../bin/fma_avx512f"
	User time (seconds): 5.19
	System time (seconds): 0.00
	Percent of CPU this job got: 99%
	Elapsed (wall clock) time (h:mm:ss or m:ss): 0:05.24
	Average shared text size (kbytes): 0
	Average unshared data size (kbytes): 0
	Average stack size (kbytes): 0
	Average total size (kbytes): 0
	Maximum resident set size (kbytes): 1628
	Average resident set size (kbytes): 0
	Major (requiring I/O) page faults: 0
	Minor (reclaiming a frame) page faults: 73
	Voluntary context switches: 1
	Involuntary context switches: 1909
	Swaps: 0
	File system inputs: 0
	File system outputs: 8
	Socket messages sent: 0
	Socket messages received: 0
	Signals delivered: 0
	Page size (bytes): 4096
	Exit status: 0
0 24.53253016571268930
1 16.44464675498159068
2 11.02317637270583006
3 7.38905609523601825
4 4.95303242280978484
5 3.32011692213873877
6 2.22554092831393246
7 1.49182469761111047
	Command being timed: "../../bin/fma_avx512f"
	User time (seconds): 5.17
	System time (seconds): 0.00
	Percent of CPU this job got: 99%
	Elapsed (wall clock) time (h:mm:ss or m:ss): 0:05.22
	Average shared text size (kbytes): 0
	Average unshared data size (kbytes): 0
	Average stack size (kbytes): 0
	Average total size (kbytes): 0
	Maximum resident set size (kbytes): 1448
	Average resident set size (kbytes): 0
	Major (requiring I/O) page faults: 0
	Minor (reclaiming a frame) page faults: 69
	Voluntary context switches: 1
	Involuntary context switches: 1915
	Swaps: 0
	File system inputs: 0
	File system outputs: 8
	Socket messages sent: 0
	Socket messages received: 0
	Signals delivered: 0
	Page size (bytes): 4096
	Exit status: 0
0 24.53253016571268930
1 16.44464675498159068
2 11.02317637270583006
3 7.38905609523601825
4 4.95303242280978484
5 3.32011692213873877
6 2.22554092831393246
7 1.49182469761111047
	Command being timed: "../../bin/fma_avx512f"
	User time (seconds): 5.17
	System time (seconds): 0.00
	Percent of CPU this job got: 99%
	Elapsed (wall clock) time (h:mm:ss or m:ss): 0:05.22
	Average shared text size (kbytes): 0
	Average unshared data size (kbytes): 0
	Average stack size (kbytes): 0
	Average total size (kbytes): 0
	Maximum resident set size (kbytes): 1528
	Average resident set size (kbytes): 0
	Major (requiring I/O) page faults: 0
	Minor (reclaiming a frame) page faults: 70
	Voluntary context switches: 1
	Involuntary context switches: 1912
	Swaps: 0
	File system inputs: 0
	File system outputs: 0
	Socket messages sent: 0
	Socket messages received: 0
	Signals delivered: 0
	Page size (bytes): 4096
	Exit status: 0

 Performance counter stats for 'taskset -c 1 /usr/bin/time -v ../../bin/fma_avx512f' (3 runs):

    80,120,827,405      TOPDOWN.SLOTS                    #      4.5 %  tma_branch_instructions_percent
                                                  #      0.0 %  tma_nop_instructions_percent
                                                  #      0.0 %  tma_memory_operations_percent
                                                  #      0.0 %  tma_other_light_ops_percent  ( +-  0.05% )  (28.46%)
     7,646,766,304      topdown-retiring                 #      9.5% Retiring                ( +-  0.41% )  (28.46%)
     4,002,679,748      BR_INST_RETIRED.ALL_BRANCHES                                         ( +-  0.03% )  (28.47%)
    12,037,370,247      INST_RETIRED.ANY                                                     ( +-  0.04% )  (32.06%)
                 0      FP_ARITH_INST_RETIRED.128B_PACKED_SINGLE                                     (35.64%)
     8,074,042,019      UOPS_EXECUTED.THREAD             #     1.00 Execute_per_Issue        ( +-  0.05% )  (35.66%)
                 0      FP_ARITH_INST_RETIRED.SCALAR_DOUBLE                                     (35.69%)
                 0      FP_ARITH_INST_RETIRED.512B_PACKED_SINGLE                                     (35.71%)
     1,885,325,446      topdown-fe-bound                 #      2.3% Frontend Bound          ( +-  0.19% )  (28.46%)
        20,695,872      IDQ.MS_UOPS                                                          ( +-  4.82% )  (35.74%)
                 0      UOPS_EXECUTED.X87                                                    (35.76%)
    68,246,365,905      topdown-be-bound                 #     83.6% Backend Bound           ( +-  1.63% )  (28.46%)
                 0      FP_ARITH_INST_RETIRED.SCALAR_SINGLE                                     (35.79%)
        27,113,925      MEM_INST_RETIRED.ANY                                                 ( +-  7.26% )  (32.23%)
         4,182,349      cpu/UOPS_DECODED.DEC0,cmask=0x1/                                     ( +-  0.11% )  (28.65%)
         7,902,943      UOPS_DECODED.DEC0                                                    ( +-  0.19% )  (28.65%)
                 0      FP_ARITH_INST_RETIRED.256B_PACKED_DOUBLE                                     (28.65%)
         2,062,564      INST_RETIRED.NOP                                                     ( +-  0.07% )  (28.65%)
                 0      FP_ARITH_INST_RETIRED.128B_PACKED_DOUBLE                                     (28.65%)
     8,078,223,560      UOPS_ISSUED.ANY                                                      ( +-  0.03% )  (28.65%)
        41,468,034      IDQ.MITE_UOPS                                                        ( +-  0.36% )  (28.63%)
     8,009,119,673      FP_ARITH_INST_RETIRED.512B_PACKED_DOUBLE                                     ( +-  0.04% )  (28.61%)
                 0      FP_ARITH_INST_RETIRED.256B_PACKED_SINGLE                                     (28.60%)
     2,513,594,581      topdown-bad-spec                 #      4.6% Bad Speculation         ( +- 45.70% )  (28.46%)
     7,092,563,800      UOPS_EXECUTED.CORE_CYCLES_GE_1   #     2.28 ILP                      ( +-  0.03% )  (24.99%)
     8,078,442,189      UOPS_EXECUTED.THREAD                                                 ( +-  0.04% )  (24.99%)
     8,075,405,121      UOPS_EXECUTED.THREAD             #     1.14 Execute                  ( +-  0.04% )  (21.39%)
     7,089,906,406      cpu/UOPS_EXECUTED.THREAD,cmask=1/                                     ( +-  0.01% )  (21.39%)
    16,052,508,025      CPU_CLK_UNHALTED.THREAD          # 16051093016.00 CLKS               ( +-  0.01% )  (21.37%)
           918,920      arith.divider_active                                                 ( +-  0.81% )  (21.36%)
        13,681,371      L1-dcache-loads                                                      ( +- 18.13% )  (21.35%)
           342,567      L1-dcache-load-misses            #    2.12% of all L1-dcache accesses  ( +- 19.33% )  (21.35%)
            17,674      LLC-loads                                                            ( +- 51.16% )  (21.34%)
                 0      LLC-load-misses                  #    0.00% of all LL-cache accesses  (24.90%)

           5.23331 +- 0.00609 seconds time elapsed  ( +-  0.12% )

