0 24.53253668079271677
1 16.44465057627291671
2 11.02317856826629416
3 7.38905732167703544
4 4.95303308049624480
5 3.32011725278397885
6 2.22554107607292417
7 1.49182474713380642
	Command being timed: "../../bin/mul_avx512f"
	User time (seconds): 5.18
	System time (seconds): 0.00
	Percent of CPU this job got: 99%
	Elapsed (wall clock) time (h:mm:ss or m:ss): 0:05.23
	Average shared text size (kbytes): 0
	Average unshared data size (kbytes): 0
	Average stack size (kbytes): 0
	Average total size (kbytes): 0
	Maximum resident set size (kbytes): 1448
	Average resident set size (kbytes): 0
	Major (requiring I/O) page faults: 0
	Minor (reclaiming a frame) page faults: 69
	Voluntary context switches: 1
	Involuntary context switches: 1900
	Swaps: 0
	File system inputs: 0
	File system outputs: 8
	Socket messages sent: 0
	Socket messages received: 0
	Signals delivered: 0
	Page size (bytes): 4096
	Exit status: 0
0 24.53253668079271677
1 16.44465057627291671
2 11.02317856826629416
3 7.38905732167703544
4 4.95303308049624480
5 3.32011725278397885
6 2.22554107607292417
7 1.49182474713380642
	Command being timed: "../../bin/mul_avx512f"
	User time (seconds): 5.17
	System time (seconds): 0.00
	Percent of CPU this job got: 99%
	Elapsed (wall clock) time (h:mm:ss or m:ss): 0:05.22
	Average shared text size (kbytes): 0
	Average unshared data size (kbytes): 0
	Average stack size (kbytes): 0
	Average total size (kbytes): 0
	Maximum resident set size (kbytes): 1528
	Average resident set size (kbytes): 0
	Major (requiring I/O) page faults: 0
	Minor (reclaiming a frame) page faults: 70
	Voluntary context switches: 1
	Involuntary context switches: 1913
	Swaps: 0
	File system inputs: 0
	File system outputs: 8
	Socket messages sent: 0
	Socket messages received: 0
	Signals delivered: 0
	Page size (bytes): 4096
	Exit status: 0
0 24.53253668079271677
1 16.44465057627291671
2 11.02317856826629416
3 7.38905732167703544
4 4.95303308049624480
5 3.32011725278397885
6 2.22554107607292417
7 1.49182474713380642
	Command being timed: "../../bin/mul_avx512f"
	User time (seconds): 5.17
	System time (seconds): 0.00
	Percent of CPU this job got: 99%
	Elapsed (wall clock) time (h:mm:ss or m:ss): 0:05.22
	Average shared text size (kbytes): 0
	Average unshared data size (kbytes): 0
	Average stack size (kbytes): 0
	Average total size (kbytes): 0
	Maximum resident set size (kbytes): 1516
	Average resident set size (kbytes): 0
	Major (requiring I/O) page faults: 0
	Minor (reclaiming a frame) page faults: 71
	Voluntary context switches: 1
	Involuntary context switches: 1898
	Swaps: 0
	File system inputs: 0
	File system outputs: 0
	Socket messages sent: 0
	Socket messages received: 0
	Signals delivered: 0
	Page size (bytes): 4096
	Exit status: 0

 Performance counter stats for 'taskset -c 1 /usr/bin/time -v ../../bin/mul_avx512f' (3 runs):

    80,114,851,464      TOPDOWN.SLOTS                    #      4.5 %  tma_branch_instructions_percent
                                                  #      0.0 %  tma_nop_instructions_percent
                                                  #      0.0 %  tma_memory_operations_percent
                                                  #      0.0 %  tma_other_light_ops_percent  ( +-  0.02% )  (28.46%)
     7,625,935,737      topdown-retiring                 #      9.6% Retiring                ( +-  0.57% )  (28.46%)
     4,002,598,043      BR_INST_RETIRED.ALL_BRANCHES                                         ( +-  0.00% )  (28.48%)
    12,034,210,165      INST_RETIRED.ANY                                                     ( +-  0.00% )  (32.06%)
                 0      FP_ARITH_INST_RETIRED.128B_PACKED_SINGLE                                     (35.64%)
     8,074,503,411      UOPS_EXECUTED.THREAD             #     1.00 Execute_per_Issue        ( +-  0.05% )  (35.67%)
                 0      FP_ARITH_INST_RETIRED.SCALAR_DOUBLE                                     (35.69%)
                 0      FP_ARITH_INST_RETIRED.512B_PACKED_SINGLE                                     (35.72%)
     1,885,431,673      topdown-fe-bound                 #      2.4% Frontend Bound          ( +-  0.24% )  (28.46%)
        20,724,846      IDQ.MS_UOPS                                                          ( +-  5.08% )  (35.74%)
                 0      UOPS_EXECUTED.X87                                                    (35.77%)
    67,907,049,417      topdown-be-bound                 #     83.2% Backend Bound           ( +-  1.29% )  (28.46%)
                 0      FP_ARITH_INST_RETIRED.SCALAR_SINGLE                                     (35.79%)
        26,803,542      MEM_INST_RETIRED.ANY                                                 ( +-  6.78% )  (32.24%)
         4,185,266      cpu/UOPS_DECODED.DEC0,cmask=0x1/                                     ( +-  0.60% )  (28.65%)
         7,962,875      UOPS_DECODED.DEC0                                                    ( +-  0.59% )  (28.65%)
                 0      FP_ARITH_INST_RETIRED.256B_PACKED_DOUBLE                                     (28.65%)
         2,046,866      INST_RETIRED.NOP                                                     ( +-  0.09% )  (28.65%)
                 0      FP_ARITH_INST_RETIRED.128B_PACKED_DOUBLE                                     (28.65%)
     8,079,145,984      UOPS_ISSUED.ANY                                                      ( +-  0.01% )  (28.65%)
        41,290,431      IDQ.MITE_UOPS                                                        ( +-  0.33% )  (28.63%)
     4,004,656,069      FP_ARITH_INST_RETIRED.512B_PACKED_DOUBLE                                     ( +-  0.02% )  (28.61%)
                 0      FP_ARITH_INST_RETIRED.256B_PACKED_SINGLE                                     (28.59%)
     2,827,582,991      topdown-bad-spec                 #      4.8% Bad Speculation         ( +- 31.58% )  (28.46%)
     7,092,283,889      UOPS_EXECUTED.CORE_CYCLES_GE_1   #     2.28 ILP                      ( +-  0.02% )  (24.99%)
     8,078,319,131      UOPS_EXECUTED.THREAD                                                 ( +-  0.02% )  (24.99%)
     8,075,596,197      UOPS_EXECUTED.THREAD             #     1.14 Execute                  ( +-  0.03% )  (21.39%)
     7,089,638,897      cpu/UOPS_EXECUTED.THREAD,cmask=1/                                     ( +-  0.00% )  (21.39%)
    16,052,600,698      CPU_CLK_UNHALTED.THREAD          # 16050669910.33 CLKS               ( +-  0.01% )  (21.37%)
           929,184      arith.divider_active                                                 ( +-  0.97% )  (21.36%)
        13,753,907      L1-dcache-loads                                                      ( +- 18.14% )  (21.36%)
           384,574      L1-dcache-load-misses            #    2.37% of all L1-dcache accesses  ( +- 19.19% )  (21.35%)
            18,507      LLC-loads                                                            ( +- 46.16% )  (21.34%)
                 8      LLC-load-misses                  #    0.03% of all LL-cache accesses  ( +-15504.19% )  (24.90%)

           5.23014 +- 0.00306 seconds time elapsed  ( +-  0.06% )

