0 24.53253668667874265
1 11.02317856892717884
2 4.95303308029771472
3 2.22554107593822170
	Command being timed: "../../bin/mul_avx256f"
	User time (seconds): 10.35
	System time (seconds): 0.00
	Percent of CPU this job got: 99%
	Elapsed (wall clock) time (h:mm:ss or m:ss): 0:10.44
	Average shared text size (kbytes): 0
	Average unshared data size (kbytes): 0
	Average stack size (kbytes): 0
	Average total size (kbytes): 0
	Maximum resident set size (kbytes): 1452
	Average resident set size (kbytes): 0
	Major (requiring I/O) page faults: 0
	Minor (reclaiming a frame) page faults: 70
	Voluntary context switches: 1
	Involuntary context switches: 3821
	Swaps: 0
	File system inputs: 0
	File system outputs: 8
	Socket messages sent: 0
	Socket messages received: 0
	Signals delivered: 0
	Page size (bytes): 4096
	Exit status: 0
0 24.53253668667874265
1 11.02317856892717884
2 4.95303308029771472
3 2.22554107593822170
	Command being timed: "../../bin/mul_avx256f"
	User time (seconds): 10.35
	System time (seconds): 0.00
	Percent of CPU this job got: 99%
	Elapsed (wall clock) time (h:mm:ss or m:ss): 0:10.44
	Average shared text size (kbytes): 0
	Average unshared data size (kbytes): 0
	Average stack size (kbytes): 0
	Average total size (kbytes): 0
	Maximum resident set size (kbytes): 1592
	Average resident set size (kbytes): 0
	Major (requiring I/O) page faults: 0
	Minor (reclaiming a frame) page faults: 72
	Voluntary context switches: 1
	Involuntary context switches: 3844
	Swaps: 0
	File system inputs: 0
	File system outputs: 8
	Socket messages sent: 0
	Socket messages received: 0
	Signals delivered: 0
	Page size (bytes): 4096
	Exit status: 0
0 24.53253668667874265
1 11.02317856892717884
2 4.95303308029771472
3 2.22554107593822170
	Command being timed: "../../bin/mul_avx256f"
	User time (seconds): 10.35
	System time (seconds): 0.00
	Percent of CPU this job got: 99%
	Elapsed (wall clock) time (h:mm:ss or m:ss): 0:10.44
	Average shared text size (kbytes): 0
	Average unshared data size (kbytes): 0
	Average stack size (kbytes): 0
	Average total size (kbytes): 0
	Maximum resident set size (kbytes): 1528
	Average resident set size (kbytes): 0
	Major (requiring I/O) page faults: 0
	Minor (reclaiming a frame) page faults: 70
	Voluntary context switches: 1
	Involuntary context switches: 3802
	Swaps: 0
	File system inputs: 0
	File system outputs: 8
	Socket messages sent: 0
	Socket messages received: 0
	Signals delivered: 0
	Page size (bytes): 4096
	Exit status: 0

 Performance counter stats for 'taskset -c 1 /usr/bin/time -v ../../bin/mul_avx256f' (3 runs):

   160,221,811,717      TOPDOWN.SLOTS                    #      4.5 %  tma_branch_instructions_percent
                                                  #      0.0 %  tma_nop_instructions_percent
                                                  #      0.0 %  tma_memory_operations_percent
                                                  #      0.0 %  tma_other_light_ops_percent  ( +-  0.01% )  (28.54%)
    14,838,818,660      topdown-retiring                 #      9.3% Retiring                ( +-  0.81% )  (28.54%)
     8,008,351,246      BR_INST_RETIRED.ALL_BRANCHES                                         ( +-  0.01% )  (28.54%)
    24,073,095,569      INST_RETIRED.ANY                                                     ( +-  0.01% )  (32.12%)
                 0      FP_ARITH_INST_RETIRED.128B_PACKED_SINGLE                                     (35.69%)
    16,137,933,619      UOPS_EXECUTED.THREAD             #     1.00 Execute_per_Issue        ( +-  0.03% )  (35.69%)
                 0      FP_ARITH_INST_RETIRED.SCALAR_DOUBLE                                     (35.70%)
                 0      FP_ARITH_INST_RETIRED.512B_PACKED_SINGLE                                     (35.71%)
     3,770,399,624      topdown-fe-bound                 #      2.3% Frontend Bound          ( +-  0.11% )  (28.54%)
        38,332,577      IDQ.MS_UOPS                                                          ( +-  2.92% )  (35.71%)
                 0      UOPS_EXECUTED.X87                                                    (35.72%)
   134,359,146,921      topdown-be-bound                 #     82.3% Backend Bound           ( +-  1.19% )  (28.54%)
                 0      FP_ARITH_INST_RETIRED.SCALAR_SINGLE                                     (35.73%)
        42,718,095      MEM_INST_RETIRED.ANY                                                 ( +-  4.79% )  (32.15%)
         8,376,107      cpu/UOPS_DECODED.DEC0,cmask=0x1/                                     ( +-  0.17% )  (28.58%)
        15,947,751      UOPS_DECODED.DEC0                                                    ( +-  0.41% )  (28.58%)
     8,006,814,356      FP_ARITH_INST_RETIRED.256B_PACKED_DOUBLE                                     ( +-  0.01% )  (28.58%)
         4,095,025      INST_RETIRED.NOP                                                     ( +-  0.08% )  (28.58%)
                 0      FP_ARITH_INST_RETIRED.128B_PACKED_DOUBLE                                     (28.58%)
    16,151,296,525      UOPS_ISSUED.ANY                                                      ( +-  0.01% )  (28.58%)
        82,614,138      IDQ.MITE_UOPS                                                        ( +-  0.25% )  (28.58%)
                 0      FP_ARITH_INST_RETIRED.512B_PACKED_DOUBLE                                     (28.58%)
                 0      FP_ARITH_INST_RETIRED.256B_PACKED_SINGLE                                     (28.58%)
     8,796,491,622      topdown-bad-spec                 #      6.1% Bad Speculation         ( +- 15.59% )  (28.54%)
    15,036,213,467      UOPS_EXECUTED.CORE_CYCLES_GE_1   #     2.15 ILP                      ( +-  0.00% )  (25.01%)
    16,149,482,805      UOPS_EXECUTED.THREAD                                                 ( +-  0.01% )  (25.01%)
    16,144,317,230      UOPS_EXECUTED.THREAD             #     1.07 Execute                  ( +-  0.01% )  (21.44%)
    15,031,651,303      cpu/UOPS_EXECUTED.THREAD,cmask=1/                                     ( +-  0.01% )  (21.44%)
    32,097,501,265      CPU_CLK_UNHALTED.THREAD          # 32093812251.00 CLKS               ( +-  0.01% )  (21.43%)
         1,836,995      arith.divider_active                                                 ( +-  0.45% )  (21.43%)
        27,437,759      L1-dcache-loads                                                      ( +-  9.04% )  (21.42%)
           657,775      L1-dcache-load-misses            #    2.20% of all L1-dcache accesses  ( +- 14.71% )  (21.41%)
            34,324      LLC-loads                                                            ( +- 28.20% )  (21.41%)
                20      LLC-load-misses                  #    0.04% of all LL-cache accesses  ( +-5821.67% )  (24.97%)

          10.44912 +- 0.00156 seconds time elapsed  ( +-  0.01% )

