0 3200000461.76296901702880859
1 2399999919.60420227050781250
2 1600000230.88148450851440430
3 800000115.44074225425720215

 Performance counter stats for '../../bin/add_avx256f':

          9,705.90 msec task-clock                       #    0.998 CPUs utilized          
             3,597      context-switches                 #  370.599 /sec                   
                 1      cpu-migrations                   #    0.103 /sec                   
                58      page-faults                      #    5.976 /sec                   
    32,064,180,388      cycles                           #    3.304 GHz                    
    24,079,537,827      instructions                     #    0.75  insn per cycle         
     8,016,379,682      branches                         #  825.928 M/sec                  
            71,321      branch-misses                    #    0.00% of all branches        
   160,317,682,895      slots                            #   16.518 G/sec                  
    15,717,419,891      topdown-retiring                 #      9.7% Retiring              
     5,029,574,365      topdown-bad-spec                 #      3.1% Bad Speculation       
     3,772,180,774      topdown-fe-bound                 #      2.3% Frontend Bound        
   137,010,872,153      topdown-be-bound                 #     84.8% Backend Bound         

       9.721153082 seconds time elapsed

       9.698238000 seconds user
       0.003965000 seconds sys


	Command being timed: "perf stat ../../bin/add_avx256f"
	User time (seconds): 10.22
	System time (seconds): 0.06
	Percent of CPU this job got: 99%
	Elapsed (wall clock) time (h:mm:ss or m:ss): 0:10.32
	Average shared text size (kbytes): 0
	Average unshared data size (kbytes): 0
	Average stack size (kbytes): 0
	Average total size (kbytes): 0
	Maximum resident set size (kbytes): 57452
	Average resident set size (kbytes): 0
	Major (requiring I/O) page faults: 0
	Minor (reclaiming a frame) page faults: 11730
	Voluntary context switches: 6
	Involuntary context switches: 3817
	Swaps: 0
	File system inputs: 0
	File system outputs: 8
	Socket messages sent: 0
	Socket messages received: 0
	Signals delivered: 0
	Page size (bytes): 4096
	Exit status: 0
