0 3200000160.58648490905761719
1 2799999925.46387243270874023
2 2399999819.31458139419555664
3 2000000000.00000000000000000
4 1600000080.29324245452880859
5 1199999909.65729069709777832
6 800000040.14662122726440430
7 400000020.07331061363220215

 Performance counter stats for '../../bin/add_avx512f':

          5,174.77 msec task-clock                       #    0.998 CPUs utilized          
             1,895      context-switches                 #  366.200 /sec                   
                 0      cpu-migrations                   #    0.000 /sec                   
                57      page-faults                      #   11.015 /sec                   
    16,036,465,440      cycles                           #    3.099 GHz                    
    12,042,820,826      instructions                     #    0.75  insn per cycle         
     4,008,830,751      branches                         #  774.688 M/sec                  
            38,661      branch-misses                    #    0.00% of all branches        
    80,181,704,500      slots                            #   15.495 G/sec                  
     7,860,951,421      topdown-retiring                 #      9.8% Retiring              
     2,201,066,398      topdown-bad-spec                 #      2.7% Bad Speculation       
     1,886,653,540      topdown-fe-bound                 #      2.3% Frontend Bound        
    68,538,649,088      topdown-be-bound                 #     85.2% Backend Bound         

       5.184320973 seconds time elapsed

       5.169923000 seconds user
       0.002969000 seconds sys


	Command being timed: "perf stat ../../bin/add_avx512f"
	User time (seconds): 5.53
	System time (seconds): 0.04
	Percent of CPU this job got: 99%
	Elapsed (wall clock) time (h:mm:ss or m:ss): 0:05.61
	Average shared text size (kbytes): 0
	Average unshared data size (kbytes): 0
	Average stack size (kbytes): 0
	Average total size (kbytes): 0
	Maximum resident set size (kbytes): 57316
	Average resident set size (kbytes): 0
	Major (requiring I/O) page faults: 0
	Minor (reclaiming a frame) page faults: 11728
	Voluntary context switches: 6
	Involuntary context switches: 2067
	Swaps: 0
	File system inputs: 0
	File system outputs: 8
	Socket messages sent: 0
	Socket messages received: 0
	Signals delivered: 0
	Page size (bytes): 4096
	Exit status: 0
