Extension SSE    is supported
Extension SSE2   is supported
Extension SSE3   is supported
Extension SSE4.1 is supported
Extension SSE4.2 is supported
Extension AVX    is supported
Extension AVX2   is supported
Extension FMA    is supported
Extension FMA4   is unsupported

Extension AVX512F         is supported
Extension AVX512VL        is supported
Extension AVX512BW        is supported
Extension AVX512DQ        is supported
Extension AVX512CD        is supported
Extension AVX512ER        is unsupported
Extension AVX512PF        is unsupported
Extension AVX512VBMI      is supported
Extension AVX512IFMA      is supported
Extension AVX5124VNNIW    is unsupported
Extension AVX5124FMAPS    is unsupported
Extension AVX512VPOPCNTDQ is supported
Extension AVX512VBMI2     is supported
Extension AVX512BITALG    is supported

 Performance counter stats for '../../bin/detect_avx':

              1.02 msec task-clock                       #    0.342 CPUs utilized          
                 0      context-switches                 #    0.000 /sec                   
                 0      cpu-migrations                   #    0.000 /sec                   
                57      page-faults                      #   55.628 K/sec                  
           808,378      cycles                           #    0.789 GHz                    
           898,847      instructions                     #    1.11  insn per cycle         
           203,400      branches                         #  198.505 M/sec                  
             5,962      branch-misses                    #    2.93% of all branches        
         4,041,890      slots                            #    3.945 G/sec                  
           998,584      topdown-retiring                 #     24.7% Retiring              
           491,367      topdown-bad-spec                 #     12.2% Bad Speculation       
         1,711,859      topdown-fe-bound                 #     42.4% Frontend Bound        
           840,079      topdown-be-bound                 #     20.8% Backend Bound         

       0.002997110 seconds time elapsed

       0.001029000 seconds user
       0.002048000 seconds sys


	Command being timed: "perf stat ../../bin/detect_avx"
	User time (seconds): 0.52
	System time (seconds): 0.04
	Percent of CPU this job got: 98%
	Elapsed (wall clock) time (h:mm:ss or m:ss): 0:00.58
	Average shared text size (kbytes): 0
	Average unshared data size (kbytes): 0
	Average stack size (kbytes): 0
	Average total size (kbytes): 0
	Maximum resident set size (kbytes): 57196
	Average resident set size (kbytes): 0
	Major (requiring I/O) page faults: 0
	Minor (reclaiming a frame) page faults: 11725
	Voluntary context switches: 6
	Involuntary context switches: 232
	Swaps: 0
	File system inputs: 0
	File system outputs: 8
	Socket messages sent: 0
	Socket messages received: 0
	Signals delivered: 0
	Page size (bytes): 4096
	Exit status: 0
