0.06081004855183660

 Performance counter stats for '../../bin/div_plain':

        145,262.65 msec task-clock                       #    0.999 CPUs utilized          
            53,481      context-switches                 #  368.168 /sec                   
                 0      cpu-migrations                   #    0.000 /sec                   
                59      page-faults                      #    0.406 /sec                   
   448,922,263,349      cycles                           #    3.090 GHz                    
    97,171,411,229      instructions                     #    0.22  insn per cycle         
    32,240,957,784      branches                         #  221.949 M/sec                  
           900,596      branch-misses                    #    0.00% of all branches        
 2,244,591,374,660      slots                            #   15.452 G/sec                  
    61,616,233,814      topdown-retiring                 #      2.7% Retiring              
    79,220,872,046      topdown-bad-spec                 #      3.5% Bad Speculation       
     8,877,339,471      topdown-fe-bound                 #      0.4% Frontend Bound        
 2,110,953,337,557      topdown-be-bound                 #     93.4% Backend Bound         

     145.460988878 seconds time elapsed

     145.172972000 seconds user
       0.001975000 seconds sys


	Command being timed: "perf stat ../../bin/div_plain"
	User time (seconds): 145.68
	System time (seconds): 0.05
	Percent of CPU this job got: 99%
	Elapsed (wall clock) time (h:mm:ss or m:ss): 2:26.03
	Average shared text size (kbytes): 0
	Average unshared data size (kbytes): 0
	Average stack size (kbytes): 0
	Average total size (kbytes): 0
	Maximum resident set size (kbytes): 57376
	Average resident set size (kbytes): 0
	Major (requiring I/O) page faults: 0
	Minor (reclaiming a frame) page faults: 11731
	Voluntary context switches: 6
	Involuntary context switches: 53704
	Swaps: 0
	File system inputs: 0
	File system outputs: 8
	Socket messages sent: 0
	Socket messages received: 0
	Signals delivered: 0
	Page size (bytes): 4096
	Exit status: 0
