0 1.00000000079999984
1 1.00000000069999961
2 1.00000000060000005
3 1.00000000049999982
4 1.00000000039999959
5 1.00000000029999980
6 1.00000000019999979
7 1.00000000010000001

 Performance counter stats for '../../bin/div_avx512f':

         30,120.17 msec task-clock                       #    0.999 CPUs utilized          
            11,178      context-switches                 #  371.113 /sec                   
                 0      cpu-migrations                   #    0.000 /sec                   
                57      page-faults                      #    1.892 /sec                   
    92,191,326,736      cycles                           #    3.061 GHz                    
    12,243,935,768      instructions                     #    0.13  insn per cycle         
     4,050,212,625      branches                         #  134.468 M/sec                  
           179,749      branch-misses                    #    0.00% of all branches        
   460,954,839,200      slots                            #   15.304 G/sec                  
    14,533,353,681      topdown-retiring                 #      3.1% Retiring              
    12,653,662,252      topdown-bad-spec                 #      2.7% Bad Speculation       
         1,295,992      topdown-fe-bound                 #      0.0% Frontend Bound        
   435,645,587,909      topdown-be-bound                 #     94.1% Backend Bound         

      30.163891699 seconds time elapsed

      30.102012000 seconds user
       0.001974000 seconds sys


	Command being timed: "perf stat ../../bin/div_avx512f"
	User time (seconds): 30.50
	System time (seconds): 0.04
	Percent of CPU this job got: 99%
	Elapsed (wall clock) time (h:mm:ss or m:ss): 0:30.62
	Average shared text size (kbytes): 0
	Average unshared data size (kbytes): 0
	Average stack size (kbytes): 0
	Average total size (kbytes): 0
	Maximum resident set size (kbytes): 57160
	Average resident set size (kbytes): 0
	Major (requiring I/O) page faults: 0
	Minor (reclaiming a frame) page faults: 11722
	Voluntary context switches: 6
	Involuntary context switches: 11363
	Swaps: 0
	File system inputs: 0
	File system outputs: 8
	Socket messages sent: 0
	Socket messages received: 0
	Signals delivered: 0
	Page size (bytes): 4096
	Exit status: 0
