0 1.00000000039999959
1 1.00000000029999980
2 1.00000000019999979
3 1.00000000010000001

 Performance counter stats for '../../bin/div_avx256f':

         35,029.31 msec task-clock                       #    0.999 CPUs utilized          
            12,958      context-switches                 #  369.919 /sec                   
                 2      cpu-migrations                   #    0.057 /sec                   
                60      page-faults                      #    1.713 /sec                   
   112,224,120,525      cycles                           #    3.204 GHz                    
    24,283,900,332      instructions                     #    0.22  insn per cycle         
     8,058,410,836      branches                         #  230.048 M/sec                  
           228,871      branch-misses                    #    0.00% of all branches        
   561,116,417,810      slots                            #   16.018 G/sec                  
    15,403,195,783      topdown-retiring                 #      2.7% Retiring              
    22,004,565,404      topdown-bad-spec                 #      3.9% Bad Speculation       
     2,202,594,735      topdown-fe-bound                 #      0.4% Frontend Bound        
   524,331,465,225      topdown-be-bound                 #     93.0% Backend Bound         

      35.077820926 seconds time elapsed

      35.008132000 seconds user
       0.002955000 seconds sys


	Command being timed: "perf stat ../../bin/div_avx256f"
	User time (seconds): 35.53
	System time (seconds): 0.07
	Percent of CPU this job got: 99%
	Elapsed (wall clock) time (h:mm:ss or m:ss): 0:35.69
	Average shared text size (kbytes): 0
	Average unshared data size (kbytes): 0
	Average stack size (kbytes): 0
	Average total size (kbytes): 0
	Maximum resident set size (kbytes): 57252
	Average resident set size (kbytes): 0
	Major (requiring I/O) page faults: 0
	Minor (reclaiming a frame) page faults: 11732
	Voluntary context switches: 6
	Involuntary context switches: 13180
	Swaps: 0
	File system inputs: 0
	File system outputs: 8
	Socket messages sent: 0
	Socket messages received: 0
	Signals delivered: 0
	Page size (bytes): 4096
	Exit status: 0
