0 11.02317856782561734
0 11.02317856782561734
1 8.16617133119252792
1 8.16617133119252792
2 6.04964836576570075
2 6.04964836576570075
3 4.48168962712299734
3 4.48168962712299734
4 3.32011725291691739
4 3.32011725291691739
5 2.45960329472028860
5 2.45960329472028860
6 1.82211889110312342
6 1.82211889110312342
7 1.34985884119649113
7 1.34985884119649113
8 4.48168962712299734
8 4.48168962712299734
9 8.16617133119252792
9 8.16617133119252792
10 6.04964836576570075
10 6.04964836576570075
11 11.02317856782561734
11 11.02317856782561734
12 2.45960329472028860
12 2.45960329472028860
13 3.32011725291691739
13 3.32011725291691739
14 1.34985884119649113
14 1.34985884119649113
15 1.82211889110312342
15 1.82211889110312342
16 6.04964836552416774
16 6.04964836552416774
17 8.16617133119252792
17 8.16617133119252792
18 1.22140277873834147
18 1.22140277873834147
19 11.02317856782561734
19 11.02317856782561734
20 2.45960329472028860
20 2.45960329472028860
21 3.32011725291691739
21 3.32011725291691739
22 1.34985884119649113
22 1.34985884119649113
23 4.95303308109080831
23 4.95303308109080831
24 0.00000000000000000
24 0.00000000000000000
25 0.00000000000000000
25 0.00000000000000000
26 0.00000000000000000
26 0.00000000000000000
27 0.00000000000000000
27 0.00000000000000000
28 0.00000000000000000
28 0.00000000000000000
29 0.00000000000000000
29 0.00000000000000000
30 0.00000000000000000
30 0.00000000000000000
31 0.00000000000000000
31 0.00000000000000000

 Performance counter stats for '../../bin/div_four_independent_vectors_avx512f':

         65,706.77 msec task-clock                       #    0.999 CPUs utilized          
            24,327      context-switches                 #  370.236 /sec                   
                 0      cpu-migrations                   #    0.000 /sec                   
                59      page-faults                      #    0.898 /sec                   
   203,527,208,596      cycles                           #    3.098 GHz                    
     6,531,497,985      instructions                     #    0.03  insn per cycle         
     1,109,367,371      branches                         #   16.884 M/sec                  
           430,719      branch-misses                    #    0.04% of all branches        
 1,017,633,924,875      slots                            #   15.488 G/sec                  
    51,879,376,562      topdown-retiring                 #      5.1% Retiring              
   151,647,408,412      topdown-bad-spec                 #     14.8% Bad Speculation       
   343,233,640,818      topdown-fe-bound                 #     33.6% Frontend Bound        
   474,892,618,193      topdown-be-bound                 #     46.5% Backend Bound         

      65.798238148 seconds time elapsed

      65.666754000 seconds user
       0.001973000 seconds sys


	Command being timed: "perf stat ../../bin/div_four_independent_vectors_avx512f"
	User time (seconds): 66.17
	System time (seconds): 0.04
	Percent of CPU this job got: 99%
	Elapsed (wall clock) time (h:mm:ss or m:ss): 1:06.36
	Average shared text size (kbytes): 0
	Average unshared data size (kbytes): 0
	Average stack size (kbytes): 0
	Average total size (kbytes): 0
	Maximum resident set size (kbytes): 57384
	Average resident set size (kbytes): 0
	Major (requiring I/O) page faults: 0
	Minor (reclaiming a frame) page faults: 11732
	Voluntary context switches: 6
	Involuntary context switches: 24537
	Swaps: 0
	File system inputs: 0
	File system outputs: 8
	Socket messages sent: 0
	Socket messages received: 0
	Signals delivered: 0
	Page size (bytes): 4096
	Exit status: 0
