0 0.99999986761553039
0 0.99999986761553039
1 0.99999990071167355
1 0.99999990071167355
2 0.99999993380782670
2 0.99999993380782670
3 0.99999996690413551
3 0.99999996690413551
4 0.99999983451938979
4 0.99999983451938979
5 0.99999986761553039
5 0.99999986761553039
6 0.99999990071167355
6 0.99999990071167355
7 0.99999993380782670
7 0.99999993380782670

 Performance counter stats for '../../bin/div_two_independent_vectors_avx256f':

         20,716.63 msec task-clock                       #    0.999 CPUs utilized          
             7,593      context-switches                 #  366.517 /sec                   
                 0      cpu-migrations                   #    0.000 /sec                   
                60      page-faults                      #    2.896 /sec                   
    64,132,968,597      cycles                           #    3.096 GHz                    
    16,167,627,199      instructions                     #    0.25  insn per cycle         
     4,034,495,921      branches                         #  194.747 M/sec                  
           139,800      branch-misses                    #    0.00% of all branches        
   320,663,473,660      slots                            #   15.479 G/sec                  
    11,317,534,364      topdown-retiring                 #      3.5% Retiring              
    10,060,030,546      topdown-bad-spec                 #      3.1% Bad Speculation       
         1,328,643      topdown-fe-bound                 #      0.0% Frontend Bound        
   301,321,813,846      topdown-be-bound                 #     93.4% Backend Bound         

      20.746560760 seconds time elapsed

      20.702702000 seconds user
       0.002977000 seconds sys


	Command being timed: "perf stat ../../bin/div_two_independent_vectors_avx256f"
	User time (seconds): 21.22
	System time (seconds): 0.04
	Percent of CPU this job got: 99%
	Elapsed (wall clock) time (h:mm:ss or m:ss): 0:21.32
	Average shared text size (kbytes): 0
	Average unshared data size (kbytes): 0
	Average stack size (kbytes): 0
	Average total size (kbytes): 0
	Maximum resident set size (kbytes): 57276
	Average resident set size (kbytes): 0
	Major (requiring I/O) page faults: 0
	Minor (reclaiming a frame) page faults: 11731
	Voluntary context switches: 6
	Involuntary context switches: 7810
	Swaps: 0
	File system inputs: 0
	File system outputs: 8
	Socket messages sent: 0
	Socket messages received: 0
	Signals delivered: 0
	Page size (bytes): 4096
	Exit status: 0
