0 24.53253016571268930
1 16.44464675498159068
2 11.02317637270583006
3 7.38905609523601825
4 4.95303242280978484
5 3.32011692213873877
6 2.22554092831393246
7 1.49182469761111047

 Performance counter stats for '../../bin/fma_avx512f':

          5,192.16 msec task-clock                       #    0.998 CPUs utilized          
             1,942      context-switches                 #  374.026 /sec                   
                 1      cpu-migrations                   #    0.193 /sec                   
                59      page-faults                      #   11.363 /sec                   
    16,034,370,004      cycles                           #    3.088 GHz                    
    12,043,045,879      instructions                     #    0.75  insn per cycle         
     4,008,881,967      branches                         #  772.103 M/sec                  
            39,111      branch-misses                    #    0.00% of all branches        
    80,170,815,370      slots                            #   15.441 G/sec                  
     7,859,883,859      topdown-retiring                 #      9.8% Retiring              
     2,200,767,480      topdown-bad-spec                 #      2.7% Bad Speculation       
     1,886,372,126      topdown-fe-bound                 #      2.3% Frontend Bound        
    68,530,072,959      topdown-be-bound                 #     85.2% Backend Bound         

       5.201385415 seconds time elapsed

       5.188919000 seconds user
       0.001977000 seconds sys


	Command being timed: "perf stat ../../bin/fma_avx512f"
	User time (seconds): 5.71
	System time (seconds): 0.04
	Percent of CPU this job got: 99%
	Elapsed (wall clock) time (h:mm:ss or m:ss): 0:05.78
	Average shared text size (kbytes): 0
	Average unshared data size (kbytes): 0
	Average stack size (kbytes): 0
	Average total size (kbytes): 0
	Maximum resident set size (kbytes): 57328
	Average resident set size (kbytes): 0
	Major (requiring I/O) page faults: 0
	Minor (reclaiming a frame) page faults: 11729
	Voluntary context switches: 6
	Involuntary context switches: 2159
	Swaps: 0
	File system inputs: 0
	File system outputs: 8
	Socket messages sent: 0
	Socket messages received: 0
	Signals delivered: 0
	Page size (bytes): 4096
	Exit status: 0
