Plain sum:
Sum 24.7662
Difference Sum - Formula -4.80693e-10
Time elapsed: 41.8352 s

 Performance counter stats for '../../bin/harmonic_series 2 4e9':

         41,779.20 msec task-clock                       #    0.999 CPUs utilized          
            15,355      context-switches                 #  367.527 /sec                   
                 0      cpu-migrations                   #    0.000 /sec                   
                74      page-faults                      #    1.771 /sec                   
   128,266,750,175      cycles                           #    3.070 GHz                    
   192,337,626,046      instructions                     #    1.50  insn per cycle         
    32,069,455,595      branches                         #  767.594 M/sec                  
           266,358      branch-misses                    #    0.00% of all branches        
   641,332,198,535      slots                            #   15.351 G/sec                  
   186,112,088,986      topdown-retiring                 #     28.9% Retiring              
    20,120,225,836      topdown-bad-spec                 #      3.1% Bad Speculation       
         1,694,793      topdown-fe-bound                 #      0.0% Frontend Bound        
   437,599,908,249      topdown-be-bound                 #     68.0% Backend Bound         

      41.838220965 seconds time elapsed

      41.752053000 seconds user
       0.002966000 seconds sys


	Command being timed: "perf stat ../../bin/harmonic_series 2 4e9"
	User time (seconds): 42.16
	System time (seconds): 0.04
	Percent of CPU this job got: 99%
	Elapsed (wall clock) time (h:mm:ss or m:ss): 0:42.29
	Average shared text size (kbytes): 0
	Average unshared data size (kbytes): 0
	Average stack size (kbytes): 0
	Average total size (kbytes): 0
	Maximum resident set size (kbytes): 57520
	Average resident set size (kbytes): 0
	Major (requiring I/O) page faults: 0
	Minor (reclaiming a frame) page faults: 11748
	Voluntary context switches: 6
	Involuntary context switches: 15547
	Swaps: 0
	File system inputs: 0
	File system outputs: 8
	Socket messages sent: 0
	Socket messages received: 0
	Signals delivered: 0
	Page size (bytes): 4096
	Exit status: 0
