Time elapsed: 20.7448 s
AVX256:
Sum 24.7662
Difference Sum - Formula 2.05098e-11
Performed 8e+09 HarmonicSeriesAVX256 operations. Avg: 6.2234 CPU cycles/call
Time elapsed: 20.7448 s

 Performance counter stats for '../../bin/harmonic_series 1 4e9':

         20,717.45 msec task-clock                       #    0.999 CPUs utilized          
             7,684      context-switches                 #  370.895 /sec                   
                 2      cpu-migrations                   #    0.097 /sec                   
                76      page-faults                      #    3.668 /sec                   
    64,134,722,499      cycles                           #    3.096 GHz                    
    48,168,659,066      instructions                     #    0.75  insn per cycle         
     8,034,724,173      branches                         #  387.824 M/sec                  
           149,305      branch-misses                    #    0.00% of all branches        
   320,669,220,315      slots                            #   15.478 G/sec                  
    38,983,316,979      topdown-retiring                 #     12.1% Retiring              
    12,575,263,541      topdown-bad-spec                 #      3.9% Bad Speculation       
         1,619,060      topdown-fe-bound                 #      0.0% Frontend Bound        
   271,228,270,331      topdown-be-bound                 #     84.0% Backend Bound         

      20.747759142 seconds time elapsed

      20.704248000 seconds user
       0.001970000 seconds sys


	Command being timed: "perf stat ../../bin/harmonic_series 1 4e9"
	User time (seconds): 21.24
	System time (seconds): 0.03
	Percent of CPU this job got: 99%
	Elapsed (wall clock) time (h:mm:ss or m:ss): 0:21.33
	Average shared text size (kbytes): 0
	Average unshared data size (kbytes): 0
	Average stack size (kbytes): 0
	Average total size (kbytes): 0
	Maximum resident set size (kbytes): 57440
	Average resident set size (kbytes): 0
	Major (requiring I/O) page faults: 0
	Minor (reclaiming a frame) page faults: 11750
	Voluntary context switches: 6
	Involuntary context switches: 7914
	Swaps: 0
	File system inputs: 0
	File system outputs: 8
	Socket messages sent: 0
	Socket messages received: 0
	Signals delivered: 0
	Page size (bytes): 4096
	Exit status: 0
