Time elapsed: 21.4999 s
HarmonicSeriesAVX512_four_vectors sum:
Sum 24.7662
Difference Sum - Formula -5.64881e-13
Time elapsed: 21.5 s

 Performance counter stats for '../../bin/harmonic_series 3 4e9':

         21,471.26 msec task-clock                       #    0.999 CPUs utilized          
             7,889      context-switches                 #  367.421 /sec                   
                 1      cpu-migrations                   #    0.047 /sec                   
                72      page-faults                      #    3.353 /sec                   
    64,724,329,552      cycles                           #    3.014 GHz                    
    15,174,197,724      instructions                     #    0.23  insn per cycle         
     1,035,855,069      branches                         #   48.244 M/sec                  
           136,177      branch-misses                    #    0.01% of all branches        
   323,617,662,610      slots                            #   15.072 G/sec                  
    21,574,510,840      topdown-retiring                 #      6.6% Retiring              
     8,883,622,110      topdown-bad-spec                 #      2.7% Bad Speculation       
         1,720,506      topdown-fe-bound                 #      0.0% Frontend Bound        
   294,392,168,060      topdown-be-bound                 #     90.6% Backend Bound         

      21.503176545 seconds time elapsed

      21.456779000 seconds user
       0.002964000 seconds sys


	Command being timed: "perf stat ../../bin/harmonic_series 3 4e9"
	User time (seconds): 21.86
	System time (seconds): 0.04
	Percent of CPU this job got: 99%
	Elapsed (wall clock) time (h:mm:ss or m:ss): 0:21.96
	Average shared text size (kbytes): 0
	Average unshared data size (kbytes): 0
	Average stack size (kbytes): 0
	Average total size (kbytes): 0
	Maximum resident set size (kbytes): 57364
	Average resident set size (kbytes): 0
	Major (requiring I/O) page faults: 0
	Minor (reclaiming a frame) page faults: 11745
	Voluntary context switches: 6
	Involuntary context switches: 8075
	Swaps: 0
	File system inputs: 0
	File system outputs: 8
	Socket messages sent: 0
	Socket messages received: 0
	Signals delivered: 0
	Page size (bytes): 4096
	Exit status: 0
