0 24.53253668079271677
1 16.44465057627291671
2 11.02317856826629416
3 7.38905732167703544
4 4.95303308049624480
5 3.32011725278397885
6 2.22554107607292417
7 1.49182474713380642

 Performance counter stats for '../../bin/mul_avx512f':

          5,196.70 msec task-clock                       #    0.998 CPUs utilized          
             1,914      context-switches                 #  368.311 /sec                   
                 0      cpu-migrations                   #    0.000 /sec                   
                61      page-faults                      #   11.738 /sec                   
    16,034,202,175      cycles                           #    3.085 GHz                    
    12,042,822,663      instructions                     #    0.75  insn per cycle         
     4,008,827,624      branches                         #  771.418 M/sec                  
            40,125      branch-misses                    #    0.00% of all branches        
    80,170,403,295      slots                            #   15.427 G/sec                  
     7,859,843,460      topdown-retiring                 #      9.8% Retiring              
     2,515,149,907      topdown-bad-spec                 #      3.1% Bad Speculation       
     1,886,362,430      topdown-fe-bound                 #      2.3% Frontend Bound        
    68,264,370,571      topdown-be-bound                 #     84.8% Backend Bound         

       5.205807101 seconds time elapsed

       5.192388000 seconds user
       0.002972000 seconds sys


	Command being timed: "perf stat ../../bin/mul_avx512f"
	User time (seconds): 5.71
	System time (seconds): 0.04
	Percent of CPU this job got: 99%
	Elapsed (wall clock) time (h:mm:ss or m:ss): 0:05.78
	Average shared text size (kbytes): 0
	Average unshared data size (kbytes): 0
	Average stack size (kbytes): 0
	Average total size (kbytes): 0
	Maximum resident set size (kbytes): 57332
	Average resident set size (kbytes): 0
	Major (requiring I/O) page faults: 0
	Minor (reclaiming a frame) page faults: 11731
	Voluntary context switches: 6
	Involuntary context switches: 2132
	Swaps: 0
	File system inputs: 0
	File system outputs: 8
	Socket messages sent: 0
	Socket messages received: 0
	Signals delivered: 0
	Page size (bytes): 4096
	Exit status: 0
