Time elapsed: 19.6752 s
AVX256:
Sum 24.7662
Difference Sum - Formula 2.05098e-11
Performed 8e+09 HarmonicSeriesAVX256 operations. Avg: 6.39451 CPU cycles/call
Time elapsed: 19.6752 s

 Performance counter stats for '/home/AVX512/results/Intel_Gold_6126_CPU_2.60GHz_harmonic_series/../../bin/harmonic_series 1 4e9':

         19,642.87 msec task-clock                       #    0.998 CPUs utilized          
             7,826      context-switches                 #  398.414 /sec                   
                13      cpu-migrations                   #    0.662 /sec                   
                74      page-faults                      #    3.767 /sec                   
    64,230,897,261      cycles                           #    3.270 GHz                    
    48,158,469,817      instructions                     #    0.75  insn per cycle         
     8,032,888,154      branches                         #  408.947 M/sec                  
           623,964      branch-misses                    #    0.01% of all branches        

      19.677962764 seconds time elapsed

      19.620374000 seconds user
       0.002979000 seconds sys


	Command being timed: "perf stat /home/AVX512/results/Intel_Gold_6126_CPU_2.60GHz_harmonic_series/../../bin/harmonic_series 1 4e9"
	User time (seconds): 19.93
	System time (seconds): 0.04
	Percent of CPU this job got: 99%
	Elapsed (wall clock) time (h:mm:ss or m:ss): 0:20.05
	Average shared text size (kbytes): 0
	Average unshared data size (kbytes): 0
	Average stack size (kbytes): 0
	Average total size (kbytes): 0
	Maximum resident set size (kbytes): 30920
	Average resident set size (kbytes): 0
	Major (requiring I/O) page faults: 0
	Minor (reclaiming a frame) page faults: 4794
	Voluntary context switches: 6
	Involuntary context switches: 7968
	Swaps: 0
	File system inputs: 0
	File system outputs: 0
	Socket messages sent: 0
	Socket messages received: 0
	Signals delivered: 0
	Page size (bytes): 4096
	Exit status: 0
