Time elapsed: 22.5187 s
AVX512:
Sum 24.7662
Difference Sum - Formula -1.40332e-12
Performed 4e+09 HarmonicSeriesAVX512 operations. Avg: 14.6373 CPU cycles/call
Time elapsed: 22.5187 s

 Performance counter stats for '/home/AVX512/results/Intel_Gold_6126_CPU_2.60GHz_harmonic_series/../../bin/harmonic_series 0 4e9':

         22,478.52 msec task-clock                       #    0.998 CPUs utilized          
             8,658      context-switches                 #  385.168 /sec                   
                 2      cpu-migrations                   #    0.089 /sec                   
                74      page-faults                      #    3.292 /sec                   
    65,037,194,450      cycles                           #    2.893 GHz                    
    24,182,309,813      instructions                     #    0.37  insn per cycle         
     4,037,453,284      branches                         #  179.614 M/sec                  
           710,883      branch-misses                    #    0.02% of all branches        

      22.521304687 seconds time elapsed

      22.451564000 seconds user
       0.002973000 seconds sys


	Command being timed: "perf stat /home/AVX512/results/Intel_Gold_6126_CPU_2.60GHz_harmonic_series/../../bin/harmonic_series 0 4e9"
	User time (seconds): 22.79
	System time (seconds): 0.03
	Percent of CPU this job got: 99%
	Elapsed (wall clock) time (h:mm:ss or m:ss): 0:22.90
	Average shared text size (kbytes): 0
	Average unshared data size (kbytes): 0
	Average stack size (kbytes): 0
	Average total size (kbytes): 0
	Maximum resident set size (kbytes): 31012
	Average resident set size (kbytes): 0
	Major (requiring I/O) page faults: 0
	Minor (reclaiming a frame) page faults: 4790
	Voluntary context switches: 4
	Involuntary context switches: 8812
	Swaps: 0
	File system inputs: 0
	File system outputs: 0
	Socket messages sent: 0
	Socket messages received: 0
	Signals delivered: 0
	Page size (bytes): 4096
	Exit status: 0
