Time elapsed: 19.8286 s
AVX256:
Sum 24.7662
Difference Sum - Formula 2.05098e-11
Performed 8e+09 HarmonicSeriesAVX256 operations. Avg: 6.44436 CPU cycles/call
Time elapsed: 19.8286 s

 Performance counter stats for '/home/AVX512/results/Intel_Gold_6126_CPU_2.60GHz_harmonic_series/../../bin/harmonic_series 1 4e9':

         19,794.31 msec task-clock                       #    0.998 CPUs utilized          
             7,868      context-switches                 #  397.488 /sec                   
                31      cpu-migrations                   #    1.566 /sec                   
                72      page-faults                      #    3.637 /sec                   
    64,230,459,372      cycles                           #    3.245 GHz                    
    48,156,588,341      instructions                     #    0.75  insn per cycle         
     8,032,693,105      branches                         #  405.808 M/sec                  
           618,907      branch-misses                    #    0.01% of all branches        

      19.831264151 seconds time elapsed

      19.772704000 seconds user
       0.002928000 seconds sys


	Command being timed: "perf stat /home/AVX512/results/Intel_Gold_6126_CPU_2.60GHz_harmonic_series/../../bin/harmonic_series 1 4e9"
	User time (seconds): 20.09
	System time (seconds): 0.04
	Percent of CPU this job got: 99%
	Elapsed (wall clock) time (h:mm:ss or m:ss): 0:20.21
	Average shared text size (kbytes): 0
	Average unshared data size (kbytes): 0
	Average stack size (kbytes): 0
	Average total size (kbytes): 0
	Maximum resident set size (kbytes): 30984
	Average resident set size (kbytes): 0
	Major (requiring I/O) page faults: 0
	Minor (reclaiming a frame) page faults: 4788
	Voluntary context switches: 6
	Involuntary context switches: 8013
	Swaps: 0
	File system inputs: 0
	File system outputs: 0
	Socket messages sent: 0
	Socket messages received: 0
	Signals delivered: 0
	Page size (bytes): 4096
	Exit status: 0
