Time elapsed: 22.4811 s
AVX512:
Sum 24.7662
Difference Sum - Formula -1.40332e-12
Performed 4e+09 HarmonicSeriesAVX512 operations. Avg: 14.6129 CPU cycles/call
Time elapsed: 22.4812 s

 Performance counter stats for '/home/AVX512/results/Intel_Gold_6126_CPU_2.60GHz_harmonic_series/../../bin/harmonic_series 0 4e9':

         22,440.32 msec task-clock                       #    0.998 CPUs utilized          
             8,674      context-switches                 #  386.536 /sec                   
                 5      cpu-migrations                   #    0.223 /sec                   
                73      page-faults                      #    3.253 /sec                   
    65,036,717,434      cycles                           #    2.898 GHz                    
    24,175,888,495      instructions                     #    0.37  insn per cycle         
     4,036,589,620      branches                         #  179.881 M/sec                  
           695,665      branch-misses                    #    0.02% of all branches        

      22.482476496 seconds time elapsed

      22.414857000 seconds user
       0.000998000 seconds sys


	Command being timed: "perf stat /home/AVX512/results/Intel_Gold_6126_CPU_2.60GHz_harmonic_series/../../bin/harmonic_series 0 4e9"
	User time (seconds): 22.76
	System time (seconds): 0.04
	Percent of CPU this job got: 99%
	Elapsed (wall clock) time (h:mm:ss or m:ss): 0:22.87
	Average shared text size (kbytes): 0
	Average unshared data size (kbytes): 0
	Average stack size (kbytes): 0
	Average total size (kbytes): 0
	Maximum resident set size (kbytes): 31308
	Average resident set size (kbytes): 0
	Major (requiring I/O) page faults: 0
	Minor (reclaiming a frame) page faults: 4793
	Voluntary context switches: 5
	Involuntary context switches: 8824
	Swaps: 0
	File system inputs: 0
	File system outputs: 0
	Socket messages sent: 0
	Socket messages received: 0
	Signals delivered: 0
	Page size (bytes): 4096
	Exit status: 0
