Time elapsed: 19.7139 s
AVX256:
Sum 24.7662
Difference Sum - Formula 2.05098e-11
Performed 8e+09 HarmonicSeriesAVX256 operations. Avg: 6.40708 CPU cycles/call
Time elapsed: 19.7139 s

 Performance counter stats for '/home/AVX512/results/Intel_Gold_6126_CPU_2.60GHz_harmonic_series/../../bin/harmonic_series 1 4e9':

         19,681.80 msec task-clock                       #    0.998 CPUs utilized          
             7,764      context-switches                 #  394.476 /sec                   
                15      cpu-migrations                   #    0.762 /sec                   
                73      page-faults                      #    3.709 /sec                   
    64,225,937,145      cycles                           #    3.263 GHz                    
    48,162,234,627      instructions                     #    0.75  insn per cycle         
     8,033,324,140      branches                         #  408.160 M/sec                  
           632,342      branch-misses                    #    0.01% of all branches        

      19.716531596 seconds time elapsed

      19.660201000 seconds user
       0.002983000 seconds sys


	Command being timed: "perf stat /home/AVX512/results/Intel_Gold_6126_CPU_2.60GHz_harmonic_series/../../bin/harmonic_series 1 4e9"
	User time (seconds): 20.00
	System time (seconds): 0.03
	Percent of CPU this job got: 99%
	Elapsed (wall clock) time (h:mm:ss or m:ss): 0:20.09
	Average shared text size (kbytes): 0
	Average unshared data size (kbytes): 0
	Average stack size (kbytes): 0
	Average total size (kbytes): 0
	Maximum resident set size (kbytes): 31068
	Average resident set size (kbytes): 0
	Major (requiring I/O) page faults: 0
	Minor (reclaiming a frame) page faults: 4788
	Voluntary context switches: 5
	Involuntary context switches: 7914
	Swaps: 0
	File system inputs: 0
	File system outputs: 0
	Socket messages sent: 0
	Socket messages received: 0
	Signals delivered: 0
	Page size (bytes): 4096
	Exit status: 0
