Plain sum:
Sum 24.7662
Difference Sum - Formula -4.80693e-10
Performed 3.2e+10 HarmonicSeriesPlain operations. Avg: 3.27008 CPU cycles/call
Time elapsed: 40.2467 s

 Performance counter stats for '/home/AVX512/results/Intel_Gold_6126_CPU_2.60GHz_harmonic_series/../../bin/harmonic_series 2 4e9':

         40,180.41 msec task-clock                       #    0.998 CPUs utilized          
            16,138      context-switches                 #  401.638 /sec                   
                10      cpu-migrations                   #    0.249 /sec                   
                74      page-faults                      #    1.842 /sec                   
   132,307,658,508      cycles                           #    3.293 GHz                    
   192,320,449,666      instructions                     #    1.45  insn per cycle         
    32,066,699,026      branches                         #  798.068 M/sec                  
         1,269,750      branch-misses                    #    0.00% of all branches        

      40.249121981 seconds time elapsed

      40.138843000 seconds user
       0.001989000 seconds sys


	Command being timed: "perf stat /home/AVX512/results/Intel_Gold_6126_CPU_2.60GHz_harmonic_series/../../bin/harmonic_series 2 4e9"
	User time (seconds): 40.48
	System time (seconds): 0.05
	Percent of CPU this job got: 99%
	Elapsed (wall clock) time (h:mm:ss or m:ss): 0:40.64
	Average shared text size (kbytes): 0
	Average unshared data size (kbytes): 0
	Average stack size (kbytes): 0
	Average total size (kbytes): 0
	Maximum resident set size (kbytes): 31064
	Average resident set size (kbytes): 0
	Major (requiring I/O) page faults: 0
	Minor (reclaiming a frame) page faults: 4797
	Voluntary context switches: 5
	Involuntary context switches: 16292
	Swaps: 0
	File system inputs: 0
	File system outputs: 0
	Socket messages sent: 0
	Socket messages received: 0
	Signals delivered: 0
	Page size (bytes): 4096
	Exit status: 0
