Time elapsed: 22.5527 s
AVX512:
Sum 24.7662
Difference Sum - Formula -1.40332e-12
Performed 4e+09 HarmonicSeriesAVX512 operations. Avg: 14.6594 CPU cycles/call
Time elapsed: 22.5527 s

 Performance counter stats for '/home/AVX512/results/Intel_Gold_6126_CPU_2.60GHz_harmonic_series/../../bin/harmonic_series 0 4e9':

         22,507.35 msec task-clock                       #    0.998 CPUs utilized          
             8,761      context-switches                 #  389.251 /sec                   
                18      cpu-migrations                   #    0.800 /sec                   
                74      page-faults                      #    3.288 /sec                   
    65,041,594,588      cycles                           #    2.890 GHz                    
    24,175,159,423      instructions                     #    0.37  insn per cycle         
     4,036,589,884      branches                         #  179.345 M/sec                  
           687,932      branch-misses                    #    0.02% of all branches        

      22.555368395 seconds time elapsed

      22.481202000 seconds user
       0.001967000 seconds sys


	Command being timed: "perf stat /home/AVX512/results/Intel_Gold_6126_CPU_2.60GHz_harmonic_series/../../bin/harmonic_series 0 4e9"
	User time (seconds): 22.80
	System time (seconds): 0.04
	Percent of CPU this job got: 99%
	Elapsed (wall clock) time (h:mm:ss or m:ss): 0:22.94
	Average shared text size (kbytes): 0
	Average unshared data size (kbytes): 0
	Average stack size (kbytes): 0
	Average total size (kbytes): 0
	Maximum resident set size (kbytes): 30984
	Average resident set size (kbytes): 0
	Major (requiring I/O) page faults: 0
	Minor (reclaiming a frame) page faults: 4790
	Voluntary context switches: 6
	Involuntary context switches: 8912
	Swaps: 0
	File system inputs: 0
	File system outputs: 0
	Socket messages sent: 0
	Socket messages received: 0
	Signals delivered: 0
	Page size (bytes): 4096
	Exit status: 0
