Time elapsed: 19.8894 s
AVX256:
Sum 24.7662
Difference Sum - Formula 2.05098e-11
Performed 8e+09 HarmonicSeriesAVX256 operations. Avg: 6.46414 CPU cycles/call
Time elapsed: 19.8895 s

 Performance counter stats for '/home/AVX512/results/Intel_Gold_6126_CPU_2.60GHz_harmonic_series/../../bin/harmonic_series 1 4e9':

         19,856.19 msec task-clock                       #    0.998 CPUs utilized          
             7,848      context-switches                 #  395.242 /sec                   
                23      cpu-migrations                   #    1.158 /sec                   
                73      page-faults                      #    3.676 /sec                   
    64,230,076,030      cycles                           #    3.235 GHz                    
    48,157,392,886      instructions                     #    0.75  insn per cycle         
     8,032,796,358      branches                         #  404.549 M/sec                  
           620,700      branch-misses                    #    0.01% of all branches        

      19.892074373 seconds time elapsed

      19.834173000 seconds user
       0.002972000 seconds sys


	Command being timed: "perf stat /home/AVX512/results/Intel_Gold_6126_CPU_2.60GHz_harmonic_series/../../bin/harmonic_series 1 4e9"
	User time (seconds): 20.17
	System time (seconds): 0.03
	Percent of CPU this job got: 99%
	Elapsed (wall clock) time (h:mm:ss or m:ss): 0:20.26
	Average shared text size (kbytes): 0
	Average unshared data size (kbytes): 0
	Average stack size (kbytes): 0
	Average total size (kbytes): 0
	Maximum resident set size (kbytes): 30932
	Average resident set size (kbytes): 0
	Major (requiring I/O) page faults: 0
	Minor (reclaiming a frame) page faults: 4789
	Voluntary context switches: 5
	Involuntary context switches: 7995
	Swaps: 0
	File system inputs: 0
	File system outputs: 0
	Socket messages sent: 0
	Socket messages received: 0
	Signals delivered: 0
	Page size (bytes): 4096
	Exit status: 0
