Time elapsed: 22.5164 s
AVX512:
Sum 24.7662
Difference Sum - Formula -1.40332e-12
Performed 4e+09 HarmonicSeriesAVX512 operations. Avg: 14.6358 CPU cycles/call
Time elapsed: 22.5164 s

 Performance counter stats for '/home/AVX512/results/Intel_Gold_6126_CPU_2.60GHz_harmonic_series/../../bin/harmonic_series 0 4e9':

         22,475.49 msec task-clock                       #    0.998 CPUs utilized          
             8,658      context-switches                 #  385.220 /sec                   
                 6      cpu-migrations                   #    0.267 /sec                   
                75      page-faults                      #    3.337 /sec                   
    65,037,189,528      cycles                           #    2.894 GHz                    
    24,176,187,148      instructions                     #    0.37  insn per cycle         
     4,036,623,311      branches                         #  179.601 M/sec                  
           717,213      branch-misses                    #    0.02% of all branches        

      22.519014096 seconds time elapsed

      22.449867000 seconds user
       0.001981000 seconds sys


	Command being timed: "perf stat /home/AVX512/results/Intel_Gold_6126_CPU_2.60GHz_harmonic_series/../../bin/harmonic_series 0 4e9"
	User time (seconds): 22.79
	System time (seconds): 0.04
	Percent of CPU this job got: 99%
	Elapsed (wall clock) time (h:mm:ss or m:ss): 0:22.91
	Average shared text size (kbytes): 0
	Average unshared data size (kbytes): 0
	Average stack size (kbytes): 0
	Average total size (kbytes): 0
	Maximum resident set size (kbytes): 30960
	Average resident set size (kbytes): 0
	Major (requiring I/O) page faults: 0
	Minor (reclaiming a frame) page faults: 4794
	Voluntary context switches: 5
	Involuntary context switches: 8820
	Swaps: 0
	File system inputs: 0
	File system outputs: 0
	Socket messages sent: 0
	Socket messages received: 0
	Signals delivered: 0
	Page size (bytes): 4096
	Exit status: 0
