Plain sum:
Sum 24.7662
Difference Sum - Formula -4.80693e-10
Performed 3.2e+10 HarmonicSeriesPlain operations. Avg: 3.26809 CPU cycles/call
Time elapsed: 40.2223 s

 Performance counter stats for '/home/AVX512/results/Intel_Gold_6126_CPU_2.60GHz_harmonic_series/../../bin/harmonic_series 2 4e9':

         40,156.58 msec task-clock                       #    0.998 CPUs utilized          
            16,059      context-switches                 #  399.910 /sec                   
                 8      cpu-migrations                   #    0.199 /sec                   
                73      page-faults                      #    1.818 /sec                   
   132,307,538,618      cycles                           #    3.295 GHz                    
   192,320,627,024      instructions                     #    1.45  insn per cycle         
    32,066,651,520      branches                         #  798.540 M/sec                  
         1,219,685      branch-misses                    #    0.00% of all branches        

      40.225044191 seconds time elapsed

      40.115423000 seconds user
       0.001979000 seconds sys


	Command being timed: "perf stat /home/AVX512/results/Intel_Gold_6126_CPU_2.60GHz_harmonic_series/../../bin/harmonic_series 2 4e9"
	User time (seconds): 40.44
	System time (seconds): 0.03
	Percent of CPU this job got: 99%
	Elapsed (wall clock) time (h:mm:ss or m:ss): 0:40.60
	Average shared text size (kbytes): 0
	Average unshared data size (kbytes): 0
	Average stack size (kbytes): 0
	Average total size (kbytes): 0
	Maximum resident set size (kbytes): 31112
	Average resident set size (kbytes): 0
	Major (requiring I/O) page faults: 0
	Minor (reclaiming a frame) page faults: 4790
	Voluntary context switches: 6
	Involuntary context switches: 16202
	Swaps: 0
	File system inputs: 0
	File system outputs: 0
	Socket messages sent: 0
	Socket messages received: 0
	Signals delivered: 0
	Page size (bytes): 4096
	Exit status: 0
