0 3200000461.76296901702880859
1 2399999919.60420227050781250
2 1600000230.88148450851440430
3 800000115.44074225425720215
	Command being timed: "../../bin/add_avx256f"
	User time (seconds): 6.50
	System time (seconds): 0.00
	Percent of CPU this job got: 99%
	Elapsed (wall clock) time (h:mm:ss or m:ss): 0:06.53
	Average shared text size (kbytes): 0
	Average unshared data size (kbytes): 0
	Average stack size (kbytes): 0
	Average total size (kbytes): 0
	Maximum resident set size (kbytes): 1712
	Average resident set size (kbytes): 0
	Major (requiring I/O) page faults: 0
	Minor (reclaiming a frame) page faults: 75
	Voluntary context switches: 1
	Involuntary context switches: 5
	Swaps: 0
	File system inputs: 0
	File system outputs: 8
	Socket messages sent: 0
	Socket messages received: 0
	Signals delivered: 0
	Page size (bytes): 4096
	Exit status: 0
0 3200000461.76296901702880859
1 2399999919.60420227050781250
2 1600000230.88148450851440430
3 800000115.44074225425720215
	Command being timed: "../../bin/add_avx256f"
	User time (seconds): 6.50
	System time (seconds): 0.00
	Percent of CPU this job got: 99%
	Elapsed (wall clock) time (h:mm:ss or m:ss): 0:06.53
	Average shared text size (kbytes): 0
	Average unshared data size (kbytes): 0
	Average stack size (kbytes): 0
	Average total size (kbytes): 0
	Maximum resident set size (kbytes): 1708
	Average resident set size (kbytes): 0
	Major (requiring I/O) page faults: 0
	Minor (reclaiming a frame) page faults: 73
	Voluntary context switches: 1
	Involuntary context switches: 4
	Swaps: 0
	File system inputs: 0
	File system outputs: 0
	Socket messages sent: 0
	Socket messages received: 0
	Signals delivered: 0
	Page size (bytes): 4096
	Exit status: 0
0 3200000461.76296901702880859
1 2399999919.60420227050781250
2 1600000230.88148450851440430
3 800000115.44074225425720215
	Command being timed: "../../bin/add_avx256f"
	User time (seconds): 6.50
	System time (seconds): 0.00
	Percent of CPU this job got: 99%
	Elapsed (wall clock) time (h:mm:ss or m:ss): 0:06.53
	Average shared text size (kbytes): 0
	Average unshared data size (kbytes): 0
	Average stack size (kbytes): 0
	Average total size (kbytes): 0
	Maximum resident set size (kbytes): 1712
	Average resident set size (kbytes): 0
	Major (requiring I/O) page faults: 0
	Minor (reclaiming a frame) page faults: 74
	Voluntary context switches: 1
	Involuntary context switches: 4
	Swaps: 0
	File system inputs: 0
	File system outputs: 0
	Socket messages sent: 0
	Socket messages received: 0
	Signals delivered: 0
	Page size (bytes): 4096
	Exit status: 0

 Performance counter stats for 'taskset -c 1 /usr/bin/time -v ../../bin/add_avx256f' (3 runs):

    24,055,507,302      cycles                                                        ( +-  0.00% )  (35.67%)
           254,663      stalled-cycles-frontend   #    0.00% frontend cycles idle     ( +-  3.52% )  (35.69%)
         7,072,434      stalled-cycles-backend    #    0.03% backend cycles idle      ( +-  2.61% )  (35.71%)
           216,962      cache-misses                                                  ( +-  9.88% )  (35.72%)
                 0      sse_avx_stalls                                                (35.74%)
    32,009,102,774      fp_ret_sse_avx_ops.all                                        ( +-  0.02% )  (28.60%)
                 0      fp_ret_sse_avx_ops.div_flops                                     (21.45%)
     7,998,482,241      fpu_pipe_assignment.total                                     ( +-  0.01% )  (21.44%)
               153      fpu_pipe_assignment.total0                                     ( +- 24.21% )  (21.44%)
               968      fpu_pipe_assignment.total1                                     ( +- 29.74% )  (28.59%)
     3,999,397,723      fpu_pipe_assignment.total2                                     ( +-  0.02% )  (28.57%)
     3,999,917,157      fpu_pipe_assignment.total3                                     ( +-  0.01% )  (35.70%)
        13,752,674      L1-dcache-loads                                               ( +-  0.11% )  (35.69%)
           286,073      L1-dcache-load-misses     #    2.08% of all L1-dcache accesses  ( +-  9.20% )  (35.67%)
   <not supported>      LLC-loads                                                   
   <not supported>      LLC-load-misses                                             

          6.534227 +- 0.000102 seconds time elapsed  ( +-  0.00% )

