Extension SSE    is supported
Extension SSE2   is supported
Extension SSE3   is supported
Extension SSE4.1 is supported
Extension SSE4.2 is supported
Extension AVX    is supported
Extension AVX2   is supported
Extension FMA    is supported
Extension FMA4   is unsupported

Extension AVX512F         is supported
Extension AVX512VL        is supported
Extension AVX512BW        is supported
Extension AVX512DQ        is supported
Extension AVX512CD        is supported
Extension AVX512ER        is unsupported
Extension AVX512PF        is unsupported
Extension AVX512VBMI      is supported
Extension AVX512IFMA      is supported
Extension AVX5124VNNIW    is unsupported
Extension AVX5124FMAPS    is unsupported
Extension AVX512VPOPCNTDQ is supported
Extension AVX512VBMI2     is supported
Extension AVX512BITALG    is supported
	Command being timed: "../../bin/detect_avx"
	User time (seconds): 0.00
	System time (seconds): 0.00
	Percent of CPU this job got: 75%
	Elapsed (wall clock) time (h:mm:ss or m:ss): 0:00.00
	Average shared text size (kbytes): 0
	Average unshared data size (kbytes): 0
	Average stack size (kbytes): 0
	Average total size (kbytes): 0
	Maximum resident set size (kbytes): 1516
	Average resident set size (kbytes): 0
	Major (requiring I/O) page faults: 0
	Minor (reclaiming a frame) page faults: 70
	Voluntary context switches: 1
	Involuntary context switches: 0
	Swaps: 0
	File system inputs: 0
	File system outputs: 8
	Socket messages sent: 0
	Socket messages received: 0
	Signals delivered: 0
	Page size (bytes): 4096
	Exit status: 0
Extension SSE    is supported
Extension SSE2   is supported
Extension SSE3   is supported
Extension SSE4.1 is supported
Extension SSE4.2 is supported
Extension AVX    is supported
Extension AVX2   is supported
Extension FMA    is supported
Extension FMA4   is unsupported

Extension AVX512F         is supported
Extension AVX512VL        is supported
Extension AVX512BW        is supported
Extension AVX512DQ        is supported
Extension AVX512CD        is supported
Extension AVX512ER        is unsupported
Extension AVX512PF        is unsupported
Extension AVX512VBMI      is supported
Extension AVX512IFMA      is supported
Extension AVX5124VNNIW    is unsupported
Extension AVX5124FMAPS    is unsupported
Extension AVX512VPOPCNTDQ is supported
Extension AVX512VBMI2     is supported
Extension AVX512BITALG    is supported
	Command being timed: "../../bin/detect_avx"
	User time (seconds): 0.00
	System time (seconds): 0.00
	Percent of CPU this job got: 76%
	Elapsed (wall clock) time (h:mm:ss or m:ss): 0:00.00
	Average shared text size (kbytes): 0
	Average unshared data size (kbytes): 0
	Average stack size (kbytes): 0
	Average total size (kbytes): 0
	Maximum resident set size (kbytes): 1516
	Average resident set size (kbytes): 0
	Major (requiring I/O) page faults: 0
	Minor (reclaiming a frame) page faults: 70
	Voluntary context switches: 1
	Involuntary context switches: 0
	Swaps: 0
	File system inputs: 0
	File system outputs: 0
	Socket messages sent: 0
	Socket messages received: 0
	Signals delivered: 0
	Page size (bytes): 4096
	Exit status: 0
Extension SSE    is supported
Extension SSE2   is supported
Extension SSE3   is supported
Extension SSE4.1 is supported
Extension SSE4.2 is supported
Extension AVX    is supported
Extension AVX2   is supported
Extension FMA    is supported
Extension FMA4   is unsupported

Extension AVX512F         is supported
Extension AVX512VL        is supported
Extension AVX512BW        is supported
Extension AVX512DQ        is supported
Extension AVX512CD        is supported
Extension AVX512ER        is unsupported
Extension AVX512PF        is unsupported
Extension AVX512VBMI      is supported
Extension AVX512IFMA      is supported
Extension AVX5124VNNIW    is unsupported
Extension AVX5124FMAPS    is unsupported
Extension AVX512VPOPCNTDQ is supported
Extension AVX512VBMI2     is supported
Extension AVX512BITALG    is supported
	Command being timed: "../../bin/detect_avx"
	User time (seconds): 0.00
	System time (seconds): 0.00
	Percent of CPU this job got: 76%
	Elapsed (wall clock) time (h:mm:ss or m:ss): 0:00.00
	Average shared text size (kbytes): 0
	Average unshared data size (kbytes): 0
	Average stack size (kbytes): 0
	Average total size (kbytes): 0
	Maximum resident set size (kbytes): 1516
	Average resident set size (kbytes): 0
	Major (requiring I/O) page faults: 0
	Minor (reclaiming a frame) page faults: 71
	Voluntary context switches: 1
	Involuntary context switches: 0
	Swaps: 0
	File system inputs: 0
	File system outputs: 0
	Socket messages sent: 0
	Socket messages received: 0
	Signals delivered: 0
	Page size (bytes): 4096
	Exit status: 0

 Performance counter stats for 'taskset -c 1 /usr/bin/time -v ../../bin/detect_avx' (3 runs):

         3,611,214      cycles                                                        ( +- 10.62% )  (91.93%)
            79,079      stalled-cycles-frontend   #    2.35% frontend cycles idle     ( +-  5.13% )
           225,962      stalled-cycles-backend    #    6.73% backend cycles idle      ( +- 18.64% )
            50,001      cache-misses                                                  ( +-  6.41% )
                 0      sse_avx_stalls                                              
     <not counted>      fp_ret_sse_avx_ops.all                                        (0.00%)
     <not counted>      fp_ret_sse_avx_ops.div_flops                                     (0.00%)
     <not counted>      fpu_pipe_assignment.total                                     (0.00%)
     <not counted>      fpu_pipe_assignment.total0                                     (0.00%)
     <not counted>      fpu_pipe_assignment.total1                                     (0.00%)
     <not counted>      fpu_pipe_assignment.total2                                     (0.00%)
     <not counted>      fpu_pipe_assignment.total3                                     (0.00%)
     <not counted>      L1-dcache-loads                                               (0.00%)
     <not counted>      L1-dcache-load-misses                                         (0.00%)
   <not supported>      LLC-loads                                                   
   <not supported>      LLC-load-misses                                             

          0.001411 +- 0.000160 seconds time elapsed  ( +- 11.35% )

Some events weren't counted. Try disabling the NMI watchdog:
	echo 0 > /proc/sys/kernel/nmi_watchdog
	perf stat ...
	echo 1 > /proc/sys/kernel/nmi_watchdog
