0 2.22554078082271012
1 1.82211870976895751
2 1.49182464820800287
3 1.22140273793625997
4 2.71828160286824794
5 2.22554078082271012
6 1.82211870976895751
7 1.49182464820800287
8 1.49182464820800287
9 2.22554078082271012
10 1.82211870976895751
11 2.71828160286824794
12 2.71828160286824794
13 1.82211870976895751
14 2.22554078082271012
15 1.22140273793625997
	Command being timed: "../../bin/div_four_independent_vectors_avx256f"
	User time (seconds): 9.99
	System time (seconds): 0.00
	Percent of CPU this job got: 99%
	Elapsed (wall clock) time (h:mm:ss or m:ss): 0:10.04
	Average shared text size (kbytes): 0
	Average unshared data size (kbytes): 0
	Average stack size (kbytes): 0
	Average total size (kbytes): 0
	Maximum resident set size (kbytes): 1700
	Average resident set size (kbytes): 0
	Major (requiring I/O) page faults: 0
	Minor (reclaiming a frame) page faults: 73
	Voluntary context switches: 1
	Involuntary context switches: 5
	Swaps: 0
	File system inputs: 0
	File system outputs: 8
	Socket messages sent: 0
	Socket messages received: 0
	Signals delivered: 0
	Page size (bytes): 4096
	Exit status: 0
0 2.22554078082271012
1 1.82211870976895751
2 1.49182464820800287
3 1.22140273793625997
4 2.71828160286824794
5 2.22554078082271012
6 1.82211870976895751
7 1.49182464820800287
8 1.49182464820800287
9 2.22554078082271012
10 1.82211870976895751
11 2.71828160286824794
12 2.71828160286824794
13 1.82211870976895751
14 2.22554078082271012
15 1.22140273793625997
	Command being timed: "../../bin/div_four_independent_vectors_avx256f"
	User time (seconds): 9.99
	System time (seconds): 0.00
	Percent of CPU this job got: 99%
	Elapsed (wall clock) time (h:mm:ss or m:ss): 0:10.04
	Average shared text size (kbytes): 0
	Average unshared data size (kbytes): 0
	Average stack size (kbytes): 0
	Average total size (kbytes): 0
	Maximum resident set size (kbytes): 1696
	Average resident set size (kbytes): 0
	Major (requiring I/O) page faults: 0
	Minor (reclaiming a frame) page faults: 72
	Voluntary context switches: 1
	Involuntary context switches: 5
	Swaps: 0
	File system inputs: 0
	File system outputs: 8
	Socket messages sent: 0
	Socket messages received: 0
	Signals delivered: 0
	Page size (bytes): 4096
	Exit status: 0
0 2.22554078082271012
1 1.82211870976895751
2 1.49182464820800287
3 1.22140273793625997
4 2.71828160286824794
5 2.22554078082271012
6 1.82211870976895751
7 1.49182464820800287
8 1.49182464820800287
9 2.22554078082271012
10 1.82211870976895751
11 2.71828160286824794
12 2.71828160286824794
13 1.82211870976895751
14 2.22554078082271012
15 1.22140273793625997
	Command being timed: "../../bin/div_four_independent_vectors_avx256f"
	User time (seconds): 10.00
	System time (seconds): 0.00
	Percent of CPU this job got: 99%
	Elapsed (wall clock) time (h:mm:ss or m:ss): 0:10.05
	Average shared text size (kbytes): 0
	Average unshared data size (kbytes): 0
	Average stack size (kbytes): 0
	Average total size (kbytes): 0
	Maximum resident set size (kbytes): 1700
	Average resident set size (kbytes): 0
	Major (requiring I/O) page faults: 0
	Minor (reclaiming a frame) page faults: 73
	Voluntary context switches: 1
	Involuntary context switches: 6
	Swaps: 0
	File system inputs: 0
	File system outputs: 8
	Socket messages sent: 0
	Socket messages received: 0
	Signals delivered: 0
	Page size (bytes): 4096
	Exit status: 0

 Performance counter stats for 'taskset -c 1 /usr/bin/time -v ../../bin/div_four_independent_vectors_avx256f' (3 runs):

    37,011,039,742      cycles                                                        ( +-  0.02% )  (35.71%)
           290,074      stalled-cycles-frontend   #    0.00% frontend cycles idle     ( +-  5.25% )  (35.72%)
        10,541,105      stalled-cycles-backend    #    0.03% backend cycles idle      ( +-  0.38% )  (35.72%)
           374,703      cache-misses                                                  ( +-  6.58% )  (35.72%)
                 0      sse_avx_stalls                                                (35.72%)
    32,023,225,057      fp_ret_sse_avx_ops.all                                        ( +-  0.02% )  (28.57%)
    32,037,652,581      fp_ret_sse_avx_ops.div_flops                                     ( +-  0.03% )  (21.43%)
     8,006,743,389      fpu_pipe_assignment.total                                     ( +-  0.04% )  (21.43%)
     4,003,511,029      fpu_pipe_assignment.total0                                     ( +-  0.05% )  (21.43%)
     4,003,311,796      fpu_pipe_assignment.total1                                     ( +-  0.04% )  (28.57%)
             1,722      fpu_pipe_assignment.total2                                     ( +- 31.52% )  (28.57%)
                 0      fpu_pipe_assignment.total3                                     (35.71%)
        20,675,166      L1-dcache-loads                                               ( +-  0.62% )  (35.71%)
           409,810      L1-dcache-load-misses     #    1.96% of all L1-dcache accesses  ( +-  3.72% )  (35.71%)
   <not supported>      LLC-loads                                                   
   <not supported>      LLC-load-misses                                             

          10.05001 +- 0.00183 seconds time elapsed  ( +-  0.02% )

