0 11.02317856782561734
0 11.02317856782561734
1 8.16617133119252792
1 8.16617133119252792
2 6.04964836576570075
2 6.04964836576570075
3 4.48168962712299734
3 4.48168962712299734
4 3.32011725291691739
4 3.32011725291691739
5 2.45960329472028860
5 2.45960329472028860
6 1.82211889110312342
6 1.82211889110312342
7 1.34985884119649113
7 1.34985884119649113
8 4.48168962712299734
8 4.48168962712299734
9 8.16617133119252792
9 8.16617133119252792
10 6.04964836576570075
10 6.04964836576570075
11 11.02317856782561734
11 11.02317856782561734
12 2.45960329472028860
12 2.45960329472028860
13 3.32011725291691739
13 3.32011725291691739
14 1.34985884119649113
14 1.34985884119649113
15 1.82211889110312342
15 1.82211889110312342
16 1.82211889110312342
16 1.82211889110312342
17 8.16617133119252792
17 8.16617133119252792
18 6.04964836576570075
18 6.04964836576570075
19 11.02317856782561734
19 11.02317856782561734
20 2.45960329472028860
20 2.45960329472028860
21 3.32011725291691739
21 3.32011725291691739
22 1.34985884119649113
22 1.34985884119649113
23 3.32011725344827457
23 3.32011725344827457
24 4.48168962712299734
24 4.48168962712299734
25 8.16617133119252792
25 8.16617133119252792
26 1.82211889110312342
26 1.82211889110312342
27 11.02317856782561734
27 11.02317856782561734
28 2.45960329472028860
28 2.45960329472028860
29 3.32011725291691739
29 3.32011725291691739
30 1.34985884119649113
30 1.34985884119649113
31 6.04964836576570075
31 6.04964836576570075
	Command being timed: "../../bin/div_four_independent_vectors_avx512f"
	User time (seconds): 9.75
	System time (seconds): 0.00
	Percent of CPU this job got: 99%
	Elapsed (wall clock) time (h:mm:ss or m:ss): 0:09.79
	Average shared text size (kbytes): 0
	Average unshared data size (kbytes): 0
	Average stack size (kbytes): 0
	Average total size (kbytes): 0
	Maximum resident set size (kbytes): 1716
	Average resident set size (kbytes): 0
	Major (requiring I/O) page faults: 0
	Minor (reclaiming a frame) page faults: 75
	Voluntary context switches: 1
	Involuntary context switches: 4
	Swaps: 0
	File system inputs: 0
	File system outputs: 8
	Socket messages sent: 0
	Socket messages received: 0
	Signals delivered: 0
	Page size (bytes): 4096
	Exit status: 0
0 11.02317856782561734
0 11.02317856782561734
1 8.16617133119252792
1 8.16617133119252792
2 6.04964836576570075
2 6.04964836576570075
3 4.48168962712299734
3 4.48168962712299734
4 3.32011725291691739
4 3.32011725291691739
5 2.45960329472028860
5 2.45960329472028860
6 1.82211889110312342
6 1.82211889110312342
7 1.34985884119649113
7 1.34985884119649113
8 4.48168962712299734
8 4.48168962712299734
9 8.16617133119252792
9 8.16617133119252792
10 6.04964836576570075
10 6.04964836576570075
11 11.02317856782561734
11 11.02317856782561734
12 2.45960329472028860
12 2.45960329472028860
13 3.32011725291691739
13 3.32011725291691739
14 1.34985884119649113
14 1.34985884119649113
15 1.82211889110312342
15 1.82211889110312342
16 1.82211889110312342
16 1.82211889110312342
17 8.16617133119252792
17 8.16617133119252792
18 6.04964836576570075
18 6.04964836576570075
19 11.02317856782561734
19 11.02317856782561734
20 2.45960329472028860
20 2.45960329472028860
21 3.32011725291691739
21 3.32011725291691739
22 1.34985884119649113
22 1.34985884119649113
23 3.32011725344827457
23 3.32011725344827457
24 4.48168962712299734
24 4.48168962712299734
25 8.16617133119252792
25 8.16617133119252792
26 1.82211889110312342
26 1.82211889110312342
27 11.02317856782561734
27 11.02317856782561734
28 2.45960329472028860
28 2.45960329472028860
29 3.32011725291691739
29 3.32011725291691739
30 1.34985884119649113
30 1.34985884119649113
31 6.04964836576570075
31 6.04964836576570075
	Command being timed: "../../bin/div_four_independent_vectors_avx512f"
	User time (seconds): 9.75
	System time (seconds): 0.00
	Percent of CPU this job got: 99%
	Elapsed (wall clock) time (h:mm:ss or m:ss): 0:09.79
	Average shared text size (kbytes): 0
	Average unshared data size (kbytes): 0
	Average stack size (kbytes): 0
	Average total size (kbytes): 0
	Maximum resident set size (kbytes): 1712
	Average resident set size (kbytes): 0
	Major (requiring I/O) page faults: 0
	Minor (reclaiming a frame) page faults: 74
	Voluntary context switches: 1
	Involuntary context switches: 6
	Swaps: 0
	File system inputs: 0
	File system outputs: 8
	Socket messages sent: 0
	Socket messages received: 0
	Signals delivered: 0
	Page size (bytes): 4096
	Exit status: 0
0 11.02317856782561734
0 11.02317856782561734
1 8.16617133119252792
1 8.16617133119252792
2 6.04964836576570075
2 6.04964836576570075
3 4.48168962712299734
3 4.48168962712299734
4 3.32011725291691739
4 3.32011725291691739
5 2.45960329472028860
5 2.45960329472028860
6 1.82211889110312342
6 1.82211889110312342
7 1.34985884119649113
7 1.34985884119649113
8 4.48168962712299734
8 4.48168962712299734
9 8.16617133119252792
9 8.16617133119252792
10 6.04964836576570075
10 6.04964836576570075
11 11.02317856782561734
11 11.02317856782561734
12 2.45960329472028860
12 2.45960329472028860
13 3.32011725291691739
13 3.32011725291691739
14 1.34985884119649113
14 1.34985884119649113
15 1.82211889110312342
15 1.82211889110312342
16 1.82211889110312342
16 1.82211889110312342
17 8.16617133119252792
17 8.16617133119252792
18 6.04964836576570075
18 6.04964836576570075
19 11.02317856782561734
19 11.02317856782561734
20 2.45960329472028860
20 2.45960329472028860
21 3.32011725291691739
21 3.32011725291691739
22 1.34985884119649113
22 1.34985884119649113
23 3.32011725344827457
23 3.32011725344827457
24 4.48168962712299734
24 4.48168962712299734
25 8.16617133119252792
25 8.16617133119252792
26 1.82211889110312342
26 1.82211889110312342
27 11.02317856782561734
27 11.02317856782561734
28 2.45960329472028860
28 2.45960329472028860
29 3.32011725291691739
29 3.32011725291691739
30 1.34985884119649113
30 1.34985884119649113
31 6.04964836576570075
31 6.04964836576570075
	Command being timed: "../../bin/div_four_independent_vectors_avx512f"
	User time (seconds): 9.74
	System time (seconds): 0.00
	Percent of CPU this job got: 99%
	Elapsed (wall clock) time (h:mm:ss or m:ss): 0:09.79
	Average shared text size (kbytes): 0
	Average unshared data size (kbytes): 0
	Average stack size (kbytes): 0
	Average total size (kbytes): 0
	Maximum resident set size (kbytes): 1712
	Average resident set size (kbytes): 0
	Major (requiring I/O) page faults: 0
	Minor (reclaiming a frame) page faults: 74
	Voluntary context switches: 1
	Involuntary context switches: 5
	Swaps: 0
	File system inputs: 0
	File system outputs: 8
	Socket messages sent: 0
	Socket messages received: 0
	Signals delivered: 0
	Page size (bytes): 4096
	Exit status: 0

 Performance counter stats for 'taskset -c 1 /usr/bin/time -v ../../bin/div_four_independent_vectors_avx512f' (3 runs):

    36,078,193,130      cycles                                                        ( +-  0.00% )  (35.70%)
           307,945      stalled-cycles-frontend   #    0.00% frontend cycles idle     ( +-  0.78% )  (35.70%)
        10,394,239      stalled-cycles-backend    #    0.03% backend cycles idle      ( +-  0.60% )  (35.71%)
           261,944      cache-misses                                                  ( +-  6.97% )  (35.70%)
                 0      sse_avx_stalls                                                (35.72%)
    32,010,330,820      fp_ret_sse_avx_ops.all                                        ( +-  0.01% )  (28.58%)
    32,000,087,949      fp_ret_sse_avx_ops.div_flops                                     ( +-  0.02% )  (21.44%)
     4,000,067,619      fpu_pipe_assignment.total                                     ( +-  0.01% )  (21.43%)
     1,999,542,664      fpu_pipe_assignment.total0                                     ( +-  0.01% )  (21.43%)
     1,999,898,839      fpu_pipe_assignment.total1                                     ( +-  0.01% )  (28.57%)
                 3      fpu_pipe_assignment.total2                                     ( +-17711.37% )  (28.57%)
                 0      fpu_pipe_assignment.total3                                     (35.72%)
        20,385,085      L1-dcache-loads                                               ( +-  0.07% )  (35.72%)
           502,714      L1-dcache-load-misses     #    2.47% of all L1-dcache accesses  ( +-  7.88% )  (35.71%)
   <not supported>      LLC-loads                                                   
   <not supported>      LLC-load-misses                                             

         9.7996057 +- 0.0000775 seconds time elapsed  ( +-  0.00% )

