0 4.95303308089291860
1 4.05520043743646141
2 3.32011725318244544
3 2.71828205405043644
4 2.22554107634004739
5 1.82211889123070492
6 1.49182474725345715
7 1.22140277848178180
8 2.71828205405043644
9 4.05520043743646141
10 3.32011725318244544
11 4.95303308089291860
12 1.82211889123070492
13 2.22554107634004739
14 1.22140277848178180
15 1.49182474725345715
	Command being timed: "../../bin/div_two_independent_vectors_avx512f"
	User time (seconds): 9.75
	System time (seconds): 0.00
	Percent of CPU this job got: 99%
	Elapsed (wall clock) time (h:mm:ss or m:ss): 0:09.79
	Average shared text size (kbytes): 0
	Average unshared data size (kbytes): 0
	Average stack size (kbytes): 0
	Average total size (kbytes): 0
	Maximum resident set size (kbytes): 1700
	Average resident set size (kbytes): 0
	Major (requiring I/O) page faults: 0
	Minor (reclaiming a frame) page faults: 73
	Voluntary context switches: 1
	Involuntary context switches: 4
	Swaps: 0
	File system inputs: 0
	File system outputs: 8
	Socket messages sent: 0
	Socket messages received: 0
	Signals delivered: 0
	Page size (bytes): 4096
	Exit status: 0
0 4.95303308089291860
1 4.05520043743646141
2 3.32011725318244544
3 2.71828205405043644
4 2.22554107634004739
5 1.82211889123070492
6 1.49182474725345715
7 1.22140277848178180
8 2.71828205405043644
9 4.05520043743646141
10 3.32011725318244544
11 4.95303308089291860
12 1.82211889123070492
13 2.22554107634004739
14 1.22140277848178180
15 1.49182474725345715
	Command being timed: "../../bin/div_two_independent_vectors_avx512f"
	User time (seconds): 9.74
	System time (seconds): 0.00
	Percent of CPU this job got: 99%
	Elapsed (wall clock) time (h:mm:ss or m:ss): 0:09.79
	Average shared text size (kbytes): 0
	Average unshared data size (kbytes): 0
	Average stack size (kbytes): 0
	Average total size (kbytes): 0
	Maximum resident set size (kbytes): 1700
	Average resident set size (kbytes): 0
	Major (requiring I/O) page faults: 0
	Minor (reclaiming a frame) page faults: 73
	Voluntary context switches: 1
	Involuntary context switches: 6
	Swaps: 0
	File system inputs: 0
	File system outputs: 8
	Socket messages sent: 0
	Socket messages received: 0
	Signals delivered: 0
	Page size (bytes): 4096
	Exit status: 0
0 4.95303308089291860
1 4.05520043743646141
2 3.32011725318244544
3 2.71828205405043644
4 2.22554107634004739
5 1.82211889123070492
6 1.49182474725345715
7 1.22140277848178180
8 2.71828205405043644
9 4.05520043743646141
10 3.32011725318244544
11 4.95303308089291860
12 1.82211889123070492
13 2.22554107634004739
14 1.22140277848178180
15 1.49182474725345715
	Command being timed: "../../bin/div_two_independent_vectors_avx512f"
	User time (seconds): 9.75
	System time (seconds): 0.00
	Percent of CPU this job got: 99%
	Elapsed (wall clock) time (h:mm:ss or m:ss): 0:09.79
	Average shared text size (kbytes): 0
	Average unshared data size (kbytes): 0
	Average stack size (kbytes): 0
	Average total size (kbytes): 0
	Maximum resident set size (kbytes): 1700
	Average resident set size (kbytes): 0
	Major (requiring I/O) page faults: 0
	Minor (reclaiming a frame) page faults: 73
	Voluntary context switches: 1
	Involuntary context switches: 5
	Swaps: 0
	File system inputs: 0
	File system outputs: 8
	Socket messages sent: 0
	Socket messages received: 0
	Signals delivered: 0
	Page size (bytes): 4096
	Exit status: 0

 Performance counter stats for 'taskset -c 1 /usr/bin/time -v ../../bin/div_two_independent_vectors_avx512f' (3 runs):

    36,083,296,325      cycles                                                        ( +-  0.00% )  (35.71%)
           330,438      stalled-cycles-frontend   #    0.00% frontend cycles idle     ( +-  3.82% )  (35.71%)
        10,174,678      stalled-cycles-backend    #    0.03% backend cycles idle      ( +-  0.92% )  (35.71%)
           379,282      cache-misses                                                  ( +-  5.57% )  (35.71%)
                 0      sse_avx_stalls                                                (35.71%)
    31,991,701,808      fp_ret_sse_avx_ops.all                                        ( +-  0.02% )  (28.57%)
    31,992,044,299      fp_ret_sse_avx_ops.div_flops                                     ( +-  0.02% )  (21.43%)
     4,000,455,314      fpu_pipe_assignment.total                                     ( +-  0.01% )  (21.43%)
     2,000,292,804      fpu_pipe_assignment.total0                                     ( +-  0.00% )  (21.43%)
     2,000,488,815      fpu_pipe_assignment.total1                                     ( +-  0.00% )  (28.57%)
             1,991      fpu_pipe_assignment.total2                                     ( +- 23.66% )  (28.57%)
                41      fpu_pipe_assignment.total3                                     ( +- 29.68% )  (35.72%)
        20,270,399      L1-dcache-loads                                               ( +-  0.38% )  (35.72%)
           304,292      L1-dcache-load-misses     #    1.51% of all L1-dcache accesses  ( +-  7.05% )  (35.72%)
   <not supported>      LLC-loads                                                   
   <not supported>      LLC-load-misses                                             

          9.800008 +- 0.000160 seconds time elapsed  ( +-  0.00% )

