0 1.00000000039999959
1 1.00000000029999980
2 1.00000000019999979
3 1.00000000010000001
	Command being timed: "../../bin/div_avx256f"
	User time (seconds): 28.31
	System time (seconds): 0.00
	Percent of CPU this job got: 99%
	Elapsed (wall clock) time (h:mm:ss or m:ss): 0:28.45
	Average shared text size (kbytes): 0
	Average unshared data size (kbytes): 0
	Average stack size (kbytes): 0
	Average total size (kbytes): 0
	Maximum resident set size (kbytes): 1696
	Average resident set size (kbytes): 0
	Major (requiring I/O) page faults: 0
	Minor (reclaiming a frame) page faults: 72
	Voluntary context switches: 1
	Involuntary context switches: 10
	Swaps: 0
	File system inputs: 0
	File system outputs: 8
	Socket messages sent: 0
	Socket messages received: 0
	Signals delivered: 0
	Page size (bytes): 4096
	Exit status: 0
0 1.00000000039999959
1 1.00000000029999980
2 1.00000000019999979
3 1.00000000010000001
	Command being timed: "../../bin/div_avx256f"
	User time (seconds): 28.31
	System time (seconds): 0.00
	Percent of CPU this job got: 99%
	Elapsed (wall clock) time (h:mm:ss or m:ss): 0:28.45
	Average shared text size (kbytes): 0
	Average unshared data size (kbytes): 0
	Average stack size (kbytes): 0
	Average total size (kbytes): 0
	Maximum resident set size (kbytes): 1696
	Average resident set size (kbytes): 0
	Major (requiring I/O) page faults: 0
	Minor (reclaiming a frame) page faults: 72
	Voluntary context switches: 1
	Involuntary context switches: 11
	Swaps: 0
	File system inputs: 0
	File system outputs: 0
	Socket messages sent: 0
	Socket messages received: 0
	Signals delivered: 0
	Page size (bytes): 4096
	Exit status: 0
0 1.00000000039999959
1 1.00000000029999980
2 1.00000000019999979
3 1.00000000010000001
	Command being timed: "../../bin/div_avx256f"
	User time (seconds): 28.31
	System time (seconds): 0.00
	Percent of CPU this job got: 99%
	Elapsed (wall clock) time (h:mm:ss or m:ss): 0:28.45
	Average shared text size (kbytes): 0
	Average unshared data size (kbytes): 0
	Average stack size (kbytes): 0
	Average total size (kbytes): 0
	Maximum resident set size (kbytes): 1700
	Average resident set size (kbytes): 0
	Major (requiring I/O) page faults: 0
	Minor (reclaiming a frame) page faults: 73
	Voluntary context switches: 1
	Involuntary context switches: 12
	Swaps: 0
	File system inputs: 0
	File system outputs: 8
	Socket messages sent: 0
	Socket messages received: 0
	Signals delivered: 0
	Page size (bytes): 4096
	Exit status: 0

 Performance counter stats for 'taskset -c 1 /usr/bin/time -v ../../bin/div_avx256f' (3 runs):

   104,754,737,663      cycles                                                        ( +-  0.00% )  (35.70%)
           379,078      stalled-cycles-frontend   #    0.00% frontend cycles idle     ( +-  1.48% )  (35.71%)
        27,370,143      stalled-cycles-backend    #    0.03% backend cycles idle      ( +-  0.63% )  (35.71%)
           600,215      cache-misses                                                  ( +-  3.51% )  (35.72%)
                 0      sse_avx_stalls                                                (35.72%)
    32,004,771,981      fp_ret_sse_avx_ops.all                                        ( +-  0.00% )  (28.58%)
    31,999,044,107      fp_ret_sse_avx_ops.div_flops                                     ( +-  0.00% )  (21.44%)
     8,001,612,021      fpu_pipe_assignment.total                                     ( +-  0.01% )  (21.43%)
     4,000,847,399      fpu_pipe_assignment.total0                                     ( +-  0.00% )  (21.43%)
     4,000,653,542      fpu_pipe_assignment.total1                                     ( +-  0.00% )  (28.57%)
             5,044      fpu_pipe_assignment.total2                                     ( +- 42.31% )  (28.56%)
                 5      fpu_pipe_assignment.total3                                     ( +-10656.09% )  (35.71%)
        57,505,658      L1-dcache-loads                                               ( +-  0.45% )  (35.70%)
         1,309,621      L1-dcache-load-misses     #    2.26% of all L1-dcache accesses  ( +-  7.37% )  (35.70%)
   <not supported>      LLC-loads                                                   
   <not supported>      LLC-load-misses                                             

         28.454529 +- 0.000338 seconds time elapsed  ( +-  0.00% )

