0 1.00000000079999984
1 1.00000000069999961
2 1.00000000060000005
3 1.00000000049999982
4 1.00000000039999959
5 1.00000000029999980
6 1.00000000019999979
7 1.00000000010000001
	Command being timed: "../../bin/div_avx512f"
	User time (seconds): 14.15
	System time (seconds): 0.00
	Percent of CPU this job got: 99%
	Elapsed (wall clock) time (h:mm:ss or m:ss): 0:14.22
	Average shared text size (kbytes): 0
	Average unshared data size (kbytes): 0
	Average stack size (kbytes): 0
	Average total size (kbytes): 0
	Maximum resident set size (kbytes): 1696
	Average resident set size (kbytes): 0
	Major (requiring I/O) page faults: 0
	Minor (reclaiming a frame) page faults: 73
	Voluntary context switches: 1
	Involuntary context switches: 7
	Swaps: 0
	File system inputs: 0
	File system outputs: 8
	Socket messages sent: 0
	Socket messages received: 0
	Signals delivered: 0
	Page size (bytes): 4096
	Exit status: 0
0 1.00000000079999984
1 1.00000000069999961
2 1.00000000060000005
3 1.00000000049999982
4 1.00000000039999959
5 1.00000000029999980
6 1.00000000019999979
7 1.00000000010000001
	Command being timed: "../../bin/div_avx512f"
	User time (seconds): 14.15
	System time (seconds): 0.00
	Percent of CPU this job got: 99%
	Elapsed (wall clock) time (h:mm:ss or m:ss): 0:14.22
	Average shared text size (kbytes): 0
	Average unshared data size (kbytes): 0
	Average stack size (kbytes): 0
	Average total size (kbytes): 0
	Maximum resident set size (kbytes): 1700
	Average resident set size (kbytes): 0
	Major (requiring I/O) page faults: 0
	Minor (reclaiming a frame) page faults: 73
	Voluntary context switches: 1
	Involuntary context switches: 6
	Swaps: 0
	File system inputs: 0
	File system outputs: 0
	Socket messages sent: 0
	Socket messages received: 0
	Signals delivered: 0
	Page size (bytes): 4096
	Exit status: 0
0 1.00000000079999984
1 1.00000000069999961
2 1.00000000060000005
3 1.00000000049999982
4 1.00000000039999959
5 1.00000000029999980
6 1.00000000019999979
7 1.00000000010000001
	Command being timed: "../../bin/div_avx512f"
	User time (seconds): 14.15
	System time (seconds): 0.00
	Percent of CPU this job got: 99%
	Elapsed (wall clock) time (h:mm:ss or m:ss): 0:14.22
	Average shared text size (kbytes): 0
	Average unshared data size (kbytes): 0
	Average stack size (kbytes): 0
	Average total size (kbytes): 0
	Maximum resident set size (kbytes): 1700
	Average resident set size (kbytes): 0
	Major (requiring I/O) page faults: 0
	Minor (reclaiming a frame) page faults: 74
	Voluntary context switches: 1
	Involuntary context switches: 8
	Swaps: 0
	File system inputs: 0
	File system outputs: 0
	Socket messages sent: 0
	Socket messages received: 0
	Signals delivered: 0
	Page size (bytes): 4096
	Exit status: 0

 Performance counter stats for 'taskset -c 1 /usr/bin/time -v ../../bin/div_avx512f' (3 runs):

    52,383,416,049      cycles                                                        ( +-  0.00% )  (35.71%)
           269,646      stalled-cycles-frontend   #    0.00% frontend cycles idle     ( +-  3.55% )  (35.71%)
        14,495,353      stalled-cycles-backend    #    0.03% backend cycles idle      ( +-  0.70% )  (35.72%)
           368,430      cache-misses                                                  ( +-  3.42% )  (35.73%)
                 0      sse_avx_stalls                                                (35.73%)
    31,998,924,215      fp_ret_sse_avx_ops.all                                        ( +-  0.00% )  (28.58%)
    31,994,674,234      fp_ret_sse_avx_ops.div_flops                                     ( +-  0.00% )  (21.43%)
     4,000,765,502      fpu_pipe_assignment.total                                     ( +-  0.00% )  (21.42%)
     2,000,606,097      fpu_pipe_assignment.total0                                     ( +-  0.00% )  (21.42%)
     2,000,699,844      fpu_pipe_assignment.total1                                     ( +-  0.01% )  (28.56%)
             2,384      fpu_pipe_assignment.total2                                     ( +- 31.17% )  (28.56%)
                 8      fpu_pipe_assignment.total3                                     ( +- 33.33% )  (35.70%)
        28,848,986      L1-dcache-loads                                               ( +-  0.41% )  (35.70%)
           633,271      L1-dcache-load-misses     #    2.19% of all L1-dcache accesses  ( +- 12.43% )  (35.70%)
   <not supported>      LLC-loads                                                   
   <not supported>      LLC-load-misses                                             

         14.228329 +- 0.000323 seconds time elapsed  ( +-  0.00% )

