0 24.53253016571268930
1 16.44464675498159068
2 11.02317637270583006
3 7.38905609523601825
4 4.95303242280978484
5 3.32011692213873877
6 2.22554092831393246
7 1.49182469761111047
	Command being timed: "../../bin/fma_avx512f"
	User time (seconds): 4.33
	System time (seconds): 0.00
	Percent of CPU this job got: 99%
	Elapsed (wall clock) time (h:mm:ss or m:ss): 0:04.35
	Average shared text size (kbytes): 0
	Average unshared data size (kbytes): 0
	Average stack size (kbytes): 0
	Average total size (kbytes): 0
	Maximum resident set size (kbytes): 1708
	Average resident set size (kbytes): 0
	Major (requiring I/O) page faults: 0
	Minor (reclaiming a frame) page faults: 74
	Voluntary context switches: 1
	Involuntary context switches: 3
	Swaps: 0
	File system inputs: 0
	File system outputs: 8
	Socket messages sent: 0
	Socket messages received: 0
	Signals delivered: 0
	Page size (bytes): 4096
	Exit status: 0
0 24.53253016571268930
1 16.44464675498159068
2 11.02317637270583006
3 7.38905609523601825
4 4.95303242280978484
5 3.32011692213873877
6 2.22554092831393246
7 1.49182469761111047
	Command being timed: "../../bin/fma_avx512f"
	User time (seconds): 4.33
	System time (seconds): 0.00
	Percent of CPU this job got: 99%
	Elapsed (wall clock) time (h:mm:ss or m:ss): 0:04.35
	Average shared text size (kbytes): 0
	Average unshared data size (kbytes): 0
	Average stack size (kbytes): 0
	Average total size (kbytes): 0
	Maximum resident set size (kbytes): 1708
	Average resident set size (kbytes): 0
	Major (requiring I/O) page faults: 0
	Minor (reclaiming a frame) page faults: 74
	Voluntary context switches: 1
	Involuntary context switches: 4
	Swaps: 0
	File system inputs: 0
	File system outputs: 0
	Socket messages sent: 0
	Socket messages received: 0
	Signals delivered: 0
	Page size (bytes): 4096
	Exit status: 0
0 24.53253016571268930
1 16.44464675498159068
2 11.02317637270583006
3 7.38905609523601825
4 4.95303242280978484
5 3.32011692213873877
6 2.22554092831393246
7 1.49182469761111047
	Command being timed: "../../bin/fma_avx512f"
	User time (seconds): 4.33
	System time (seconds): 0.00
	Percent of CPU this job got: 99%
	Elapsed (wall clock) time (h:mm:ss or m:ss): 0:04.35
	Average shared text size (kbytes): 0
	Average unshared data size (kbytes): 0
	Average stack size (kbytes): 0
	Average total size (kbytes): 0
	Maximum resident set size (kbytes): 1712
	Average resident set size (kbytes): 0
	Major (requiring I/O) page faults: 0
	Minor (reclaiming a frame) page faults: 74
	Voluntary context switches: 1
	Involuntary context switches: 4
	Swaps: 0
	File system inputs: 0
	File system outputs: 0
	Socket messages sent: 0
	Socket messages received: 0
	Signals delivered: 0
	Page size (bytes): 4096
	Exit status: 0

 Performance counter stats for 'taskset -c 1 /usr/bin/time -v ../../bin/fma_avx512f' (3 runs):

    16,038,217,754      cycles                                                        ( +-  0.00% )  (35.69%)
           264,967      stalled-cycles-frontend   #    0.00% frontend cycles idle     ( +-  2.08% )  (35.72%)
         4,872,000      stalled-cycles-backend    #    0.03% backend cycles idle      ( +-  1.32% )  (35.75%)
           236,959      cache-misses                                                  ( +-  6.49% )  (35.75%)
                 0      sse_avx_stalls                                                (35.75%)
    63,997,447,905      fp_ret_sse_avx_ops.all                                        ( +-  0.01% )  (28.58%)
                 0      fp_ret_sse_avx_ops.div_flops                                     (21.42%)
     4,001,032,162      fpu_pipe_assignment.total                                     ( +-  0.02% )  (21.42%)
     2,000,205,204      fpu_pipe_assignment.total0                                     ( +-  0.00% )  (21.42%)
     2,000,262,680      fpu_pipe_assignment.total1                                     ( +-  0.00% )  (28.56%)
               903      fpu_pipe_assignment.total2                                     ( +-  6.15% )  (28.56%)
                36      fpu_pipe_assignment.total3                                     ( +- 30.32% )  (35.70%)
         8,942,405      L1-dcache-loads                                               ( +-  0.37% )  (35.69%)
           214,059      L1-dcache-load-misses     #    2.40% of all L1-dcache accesses  ( +-  4.99% )  (35.69%)
   <not supported>      LLC-loads                                                   
   <not supported>      LLC-load-misses                                             

         4.3569185 +- 0.0000817 seconds time elapsed  ( +-  0.00% )

