0 24.53253018140693698
1 11.02317637667136374
2 4.95303242360146534
3 2.22554092840238038
	Command being timed: "../../bin/fma_avx256f"
	User time (seconds): 8.66
	System time (seconds): 0.00
	Percent of CPU this job got: 99%
	Elapsed (wall clock) time (h:mm:ss or m:ss): 0:08.70
	Average shared text size (kbytes): 0
	Average unshared data size (kbytes): 0
	Average stack size (kbytes): 0
	Average total size (kbytes): 0
	Maximum resident set size (kbytes): 1708
	Average resident set size (kbytes): 0
	Major (requiring I/O) page faults: 0
	Minor (reclaiming a frame) page faults: 73
	Voluntary context switches: 1
	Involuntary context switches: 5
	Swaps: 0
	File system inputs: 0
	File system outputs: 8
	Socket messages sent: 0
	Socket messages received: 0
	Signals delivered: 0
	Page size (bytes): 4096
	Exit status: 0
0 24.53253018140693698
1 11.02317637667136374
2 4.95303242360146534
3 2.22554092840238038
	Command being timed: "../../bin/fma_avx256f"
	User time (seconds): 8.66
	System time (seconds): 0.00
	Percent of CPU this job got: 99%
	Elapsed (wall clock) time (h:mm:ss or m:ss): 0:08.71
	Average shared text size (kbytes): 0
	Average unshared data size (kbytes): 0
	Average stack size (kbytes): 0
	Average total size (kbytes): 0
	Maximum resident set size (kbytes): 1712
	Average resident set size (kbytes): 0
	Major (requiring I/O) page faults: 0
	Minor (reclaiming a frame) page faults: 76
	Voluntary context switches: 1
	Involuntary context switches: 5
	Swaps: 0
	File system inputs: 0
	File system outputs: 8
	Socket messages sent: 0
	Socket messages received: 0
	Signals delivered: 0
	Page size (bytes): 4096
	Exit status: 0
0 24.53253018140693698
1 11.02317637667136374
2 4.95303242360146534
3 2.22554092840238038
	Command being timed: "../../bin/fma_avx256f"
	User time (seconds): 8.66
	System time (seconds): 0.00
	Percent of CPU this job got: 99%
	Elapsed (wall clock) time (h:mm:ss or m:ss): 0:08.70
	Average shared text size (kbytes): 0
	Average unshared data size (kbytes): 0
	Average stack size (kbytes): 0
	Average total size (kbytes): 0
	Maximum resident set size (kbytes): 1712
	Average resident set size (kbytes): 0
	Major (requiring I/O) page faults: 0
	Minor (reclaiming a frame) page faults: 75
	Voluntary context switches: 1
	Involuntary context switches: 5
	Swaps: 0
	File system inputs: 0
	File system outputs: 8
	Socket messages sent: 0
	Socket messages received: 0
	Signals delivered: 0
	Page size (bytes): 4096
	Exit status: 0

 Performance counter stats for 'taskset -c 1 /usr/bin/time -v ../../bin/fma_avx256f' (3 runs):

    32,066,091,401      cycles                                                        ( +-  0.01% )  (35.70%)
           285,761      stalled-cycles-frontend   #    0.00% frontend cycles idle     ( +-  8.31% )  (35.72%)
         9,448,940      stalled-cycles-backend    #    0.03% backend cycles idle      ( +-  0.80% )  (35.73%)
           327,329      cache-misses                                                  ( +-  6.59% )  (35.73%)
                 0      sse_avx_stalls                                                (35.73%)
    64,014,645,216      fp_ret_sse_avx_ops.all                                        ( +-  0.02% )  (28.58%)
                 0      fp_ret_sse_avx_ops.div_flops                                     (21.43%)
     8,002,108,712      fpu_pipe_assignment.total                                     ( +-  0.00% )  (21.43%)
     4,001,242,314      fpu_pipe_assignment.total0                                     ( +-  0.01% )  (21.43%)
     4,001,180,815      fpu_pipe_assignment.total1                                     ( +-  0.01% )  (28.57%)
             1,687      fpu_pipe_assignment.total2                                     ( +- 30.48% )  (28.56%)
                11      fpu_pipe_assignment.total3                                     ( +- 24.05% )  (35.70%)
        17,823,084      L1-dcache-loads                                               ( +-  0.43% )  (35.70%)
           486,209      L1-dcache-load-misses     #    2.71% of all L1-dcache accesses  ( +- 17.48% )  (35.70%)
   <not supported>      LLC-loads                                                   
   <not supported>      LLC-load-misses                                             

          8.711170 +- 0.000292 seconds time elapsed  ( +-  0.00% )

