Time elapsed: 10.2675 s
AVX256:
Sum 24.7662
Difference Sum - Formula 2.05098e-11
Time elapsed: 10.2676 s
	Command being timed: "../../bin/harmonic_series 1 4e9"
	User time (seconds): 10.21
	System time (seconds): 0.00
	Percent of CPU this job got: 99%
	Elapsed (wall clock) time (h:mm:ss or m:ss): 0:10.26
	Average shared text size (kbytes): 0
	Average unshared data size (kbytes): 0
	Average stack size (kbytes): 0
	Average total size (kbytes): 0
	Maximum resident set size (kbytes): 2108
	Average resident set size (kbytes): 0
	Major (requiring I/O) page faults: 0
	Minor (reclaiming a frame) page faults: 86
	Voluntary context switches: 1
	Involuntary context switches: 5
	Swaps: 0
	File system inputs: 0
	File system outputs: 8
	Socket messages sent: 0
	Socket messages received: 0
	Signals delivered: 0
	Page size (bytes): 4096
	Exit status: 0
Time elapsed: 10.272 s
AVX256:
Sum 24.7662
Difference Sum - Formula 2.05098e-11
Time elapsed: 10.2721 s
	Command being timed: "../../bin/harmonic_series 1 4e9"
	User time (seconds): 10.22
	System time (seconds): 0.00
	Percent of CPU this job got: 99%
	Elapsed (wall clock) time (h:mm:ss or m:ss): 0:10.27
	Average shared text size (kbytes): 0
	Average unshared data size (kbytes): 0
	Average stack size (kbytes): 0
	Average total size (kbytes): 0
	Maximum resident set size (kbytes): 2132
	Average resident set size (kbytes): 0
	Major (requiring I/O) page faults: 0
	Minor (reclaiming a frame) page faults: 87
	Voluntary context switches: 1
	Involuntary context switches: 6
	Swaps: 0
	File system inputs: 0
	File system outputs: 0
	Socket messages sent: 0
	Socket messages received: 0
	Signals delivered: 0
	Page size (bytes): 4096
	Exit status: 0
Time elapsed: 10.2794 s
AVX256:
Sum 24.7662
Difference Sum - Formula 2.05098e-11
Time elapsed: 10.2794 s
	Command being timed: "../../bin/harmonic_series 1 4e9"
	User time (seconds): 10.22
	System time (seconds): 0.00
	Percent of CPU this job got: 99%
	Elapsed (wall clock) time (h:mm:ss or m:ss): 0:10.27
	Average shared text size (kbytes): 0
	Average unshared data size (kbytes): 0
	Average stack size (kbytes): 0
	Average total size (kbytes): 0
	Maximum resident set size (kbytes): 2100
	Average resident set size (kbytes): 0
	Major (requiring I/O) page faults: 0
	Minor (reclaiming a frame) page faults: 86
	Voluntary context switches: 1
	Involuntary context switches: 6
	Swaps: 0
	File system inputs: 0
	File system outputs: 0
	Socket messages sent: 0
	Socket messages received: 0
	Signals delivered: 0
	Page size (bytes): 4096
	Exit status: 0

 Performance counter stats for 'taskset -c 1 /usr/bin/time -v ../../bin/harmonic_series 1 4e9' (3 runs):

    37,852,200,886      cycles                                                        ( +-  0.03% )  (35.70%)
           275,464      stalled-cycles-frontend   #    0.00% frontend cycles idle     ( +-  8.69% )  (35.71%)
        10,461,206      stalled-cycles-backend    #    0.03% backend cycles idle      ( +-  0.65% )  (35.72%)
           287,142      cache-misses                                                  ( +-  9.02% )  (35.73%)
                 0      sse_avx_stalls                                                (35.74%)
    96,106,117,030      fp_ret_sse_avx_ops.all                                        ( +-  0.01% )  (28.59%)
    32,014,733,192      fp_ret_sse_avx_ops.div_flops                                     ( +-  0.05% )  (21.44%)
    24,006,496,854      fpu_pipe_assignment.total                                     ( +-  0.09% )  (21.43%)
     3,999,478,211      fpu_pipe_assignment.total0                                     ( +-  0.07% )  (21.42%)
     4,000,887,921      fpu_pipe_assignment.total1                                     ( +-  0.06% )  (28.56%)
     7,993,445,517      fpu_pipe_assignment.total2                                     ( +-  0.06% )  (28.56%)
     7,999,931,514      fpu_pipe_assignment.total3                                     ( +-  0.04% )  (35.70%)
        20,549,703      L1-dcache-loads                                               ( +-  0.46% )  (35.70%)
           322,114      L1-dcache-load-misses     #    1.55% of all L1-dcache accesses  ( +- 11.22% )  (35.70%)
   <not supported>      LLC-loads                                                   
   <not supported>      LLC-load-misses                                             

          10.27505 +- 0.00346 seconds time elapsed  ( +-  0.03% )

