warning: found a call in the input assembly sequence.
note: call instructions are not correctly modeled. Assume a latency of 100cy.
warning: found a return instruction in the input assembly sequence.
note: program counter updates are ignored.
Iterations:        10000
Instructions:      1520000
Total Cycles:      607591
Total uOps:        1520000

Dispatch Width:    6
uOps Per Cycle:    2.50
IPC:               2.50
Block RThroughput: 25.3


Cycles with backend pressure increase [ 18.93% ]
Throughput Bottlenecks: 
  Resource Pressure       [ 1.24% ]
  - Zn3ALU0  [ 1.24% ]
  - Zn3ALU1  [ 1.24% ]
  - Zn3ALU2  [ 1.24% ]
  - Zn3ALU3  [ 1.24% ]
  - Zn3BRU1  [ 0.00% ]
  - Zn3LSU  [ 0.00% ]
  Data Dependencies:      [ 17.70% ]
  - Register Dependencies [ 17.70% ]
  - Memory Dependencies   [ 0.00% ]

Critical sequence based on the simulation:

              Instruction                                 Dependency Information
 +----< 150.  popq	%rbp
 |
 |    < loop carried > 
 |
 +----> 0.    pushq	%rbp                              ## REGISTER dependency:  %rsp
 |      1.    movl	$.LC1, %ebp
 |      2.    movl	$.LC2, %edi
 +----> 3.    pushq	%rbx                              ## REGISTER dependency:  %rsp
 |      4.    movq	%rbp, %rsi
 |      5.    movl	$.LC0, %ebx
 +----> 6.    subq	$8, %rsp                          ## REGISTER dependency:  %rsp
 |      7.    testb	$8, __cpu_model+12(%rip)
 |      8.    cmovneq	%rbx, %rsi
 |      9.    xorl	%eax, %eax
 |      10.   callq	printf
 |      11.   testb	$16, __cpu_model+12(%rip)
 |      12.   movq	%rbp, %rsi
 |      13.   movl	$.LC3, %edi
 |      14.   cmovneq	%rbx, %rsi
 |      15.   xorl	%eax, %eax
 +----> 16.   callq	printf                            ## REGISTER dependency:  %rsp
 |      17.   testb	$32, __cpu_model+12(%rip)
 |      18.   movq	%rbp, %rsi
 |      19.   movl	$.LC4, %edi
 |      20.   cmovneq	%rbx, %rsi
 |      21.   xorl	%eax, %eax
 |      22.   callq	printf
 |      23.   testb	$-128, __cpu_model+12(%rip)
 |      24.   movq	%rbp, %rsi
 |      25.   movl	$.LC5, %edi
 |      26.   cmovneq	%rbx, %rsi
 |      27.   xorl	%eax, %eax
 +----> 28.   callq	printf                            ## RESOURCE interference:  Zn3ALU0 [ probability: 0% ]
 |      29.   testb	$1, __cpu_model+13(%rip)
 |      30.   movq	%rbp, %rsi
 |      31.   movl	$.LC6, %edi
 |      32.   cmovneq	%rbx, %rsi
 |      33.   xorl	%eax, %eax
 |      34.   callq	printf
 |      35.   testb	$2, __cpu_model+13(%rip)
 |      36.   movq	%rbp, %rsi
 |      37.   movl	$.LC7, %edi
 |      38.   cmovneq	%rbx, %rsi
 |      39.   xorl	%eax, %eax
 +----> 40.   callq	printf                            ## RESOURCE interference:  Zn3ALU0 [ probability: 0% ]
 +----> 41.   testb	$4, __cpu_model+13(%rip)          ## RESOURCE interference:  Zn3ALU0 [ probability: 8% ]
 |      42.   movq	%rbp, %rsi
 |      43.   movl	$.LC8, %edi
 +----> 44.   cmovneq	%rbx, %rsi                        ## REGISTER dependency:  %flags
 |      45.   xorl	%eax, %eax
 |      46.   callq	printf
 |      47.   testb	$64, __cpu_model+13(%rip)
 |      48.   movq	%rbp, %rsi
 |      49.   movl	$.LC9, %edi
 |      50.   cmovneq	%rbx, %rsi
 |      51.   xorl	%eax, %eax
 |      52.   callq	printf
 |      53.   testb	$16, __cpu_model+13(%rip)
 |      54.   movq	%rbp, %rsi
 |      55.   movl	$.LC10, %edi
 |      56.   cmovneq	%rbx, %rsi
 |      57.   xorl	%eax, %eax
 |      58.   callq	printf
 |      59.   movq	stdout(%rip), %rsi
 |      60.   movl	$10, %edi
 |      61.   callq	putc
 +----> 62.   testb	$-128, __cpu_model+13(%rip)       ## RESOURCE interference:  Zn3ALU3 [ probability: 58% ]
 |      63.   movq	%rbp, %rsi
 |      64.   movl	$.LC11, %edi
 |      65.   cmovneq	%rbx, %rsi
 |      66.   xorl	%eax, %eax
 |      67.   callq	printf
 +----> 68.   testb	$16, __cpu_model+14(%rip)         ## RESOURCE interference:  Zn3ALU2 [ probability: 0% ]
 |      69.   movq	%rbp, %rsi
 |      70.   movl	$.LC12, %edi
 +----> 71.   cmovneq	%rbx, %rsi                        ## REGISTER dependency:  %flags
 |      72.   xorl	%eax, %eax
 |      73.   callq	printf
 |      74.   testb	$32, __cpu_model+14(%rip)
 |      75.   movq	%rbp, %rsi
 |      76.   movl	$.LC13, %edi
 |      77.   cmovneq	%rbx, %rsi
 |      78.   xorl	%eax, %eax
 |      79.   callq	printf
 |      80.   testb	$64, __cpu_model+14(%rip)
 |      81.   movq	%rbp, %rsi
 |      82.   movl	$.LC14, %edi
 |      83.   cmovneq	%rbx, %rsi
 |      84.   xorl	%eax, %eax
 |      85.   callq	printf
 |      86.   testb	$-128, __cpu_model+14(%rip)
 |      87.   movq	%rbp, %rsi
 |      88.   movl	$.LC15, %edi
 |      89.   cmovneq	%rbx, %rsi
 |      90.   xorl	%eax, %eax
 |      91.   callq	printf
 |      92.   testb	$1, __cpu_model+15(%rip)
 |      93.   movq	%rbp, %rsi
 |      94.   movl	$.LC16, %edi
 |      95.   cmovneq	%rbx, %rsi
 |      96.   xorl	%eax, %eax
 |      97.   callq	printf
 +----> 98.   testb	$2, __cpu_model+15(%rip)          ## RESOURCE interference:  Zn3ALU3 [ probability: 0% ]
 |      99.   movq	%rbp, %rsi
 |      100.  movl	$.LC17, %edi
 |      101.  cmovneq	%rbx, %rsi
 |      102.  xorl	%eax, %eax
 |      103.  callq	printf
 +----> 104.  testb	$4, __cpu_model+15(%rip)          ## RESOURCE interference:  Zn3ALU2 [ probability: 0% ]
 |      105.  movq	%rbp, %rsi
 |      106.  movl	$.LC18, %edi
 +----> 107.  cmovneq	%rbx, %rsi                        ## REGISTER dependency:  %flags
        108.  xorl	%eax, %eax
        109.  callq	printf
        110.  testb	$8, __cpu_model+15(%rip)
        111.  movq	%rbp, %rsi
        112.  movl	$.LC19, %edi
        113.  cmovneq	%rbx, %rsi
        114.  xorl	%eax, %eax
        115.  callq	printf
        116.  testb	$16, __cpu_model+15(%rip)
        117.  movq	%rbp, %rsi
        118.  movl	$.LC20, %edi
        119.  cmovneq	%rbx, %rsi
        120.  xorl	%eax, %eax
        121.  callq	printf
        122.  testb	$32, __cpu_model+15(%rip)
        123.  movq	%rbp, %rsi
        124.  movl	$.LC21, %edi
        125.  cmovneq	%rbx, %rsi
        126.  xorl	%eax, %eax
        127.  callq	printf
        128.  testb	$64, __cpu_model+15(%rip)
        129.  movq	%rbp, %rsi
        130.  movl	$.LC22, %edi
        131.  cmovneq	%rbx, %rsi
        132.  xorl	%eax, %eax
        133.  callq	printf
        134.  movl	__cpu_model+12(%rip), %eax
        135.  movq	%rbp, %rsi
        136.  movl	$.LC23, %edi
        137.  testl	%eax, %eax
        138.  cmovsq	%rbx, %rsi
        139.  xorl	%eax, %eax
        140.  callq	printf
        141.  testb	$8, __cpu_features2(%rip)
        142.  movq	%rbp, %rsi
        143.  movl	$.LC24, %edi
        144.  cmovneq	%rbx, %rsi
        145.  xorl	%eax, %eax
        146.  callq	printf
        147.  addq	$8, %rsp
        148.  xorl	%eax, %eax
        149.  popq	%rbx
        150.  popq	%rbp
        151.  retq


Instruction Info:
[1]: #uOps
[2]: Latency
[3]: RThroughput
[4]: MayLoad
[5]: MayStore
[6]: HasSideEffects (U)

[1]    [2]    [3]    [4]    [5]    [6]    Instructions:
 1      1     1.00           *            pushq	%rbp
 1      1     0.50                        movl	$.LC1, %ebp
 1      1     0.50                        movl	$.LC2, %edi
 1      1     1.00           *            pushq	%rbx
 1      0     0.17                        movq	%rbp, %rsi
 1      1     0.50                        movl	$.LC0, %ebx
 1      1     0.25                        subq	$8, %rsp
 1      5     0.33    *                   testb	$8, __cpu_model+12(%rip)
 1      1     0.50                        cmovneq	%rbx, %rsi
 1      0     0.17                        xorl	%eax, %eax
 1      1     0.50                        callq	printf
 1      5     0.33    *                   testb	$16, __cpu_model+12(%rip)
 1      0     0.17                        movq	%rbp, %rsi
 1      1     0.50                        movl	$.LC3, %edi
 1      1     0.50                        cmovneq	%rbx, %rsi
 1      0     0.17                        xorl	%eax, %eax
 1      1     0.50                        callq	printf
 1      5     0.33    *                   testb	$32, __cpu_model+12(%rip)
 1      0     0.17                        movq	%rbp, %rsi
 1      1     0.50                        movl	$.LC4, %edi
 1      1     0.50                        cmovneq	%rbx, %rsi
 1      0     0.17                        xorl	%eax, %eax
 1      1     0.50                        callq	printf
 1      5     0.33    *                   testb	$-128, __cpu_model+12(%rip)
 1      0     0.17                        movq	%rbp, %rsi
 1      1     0.50                        movl	$.LC5, %edi
 1      1     0.50                        cmovneq	%rbx, %rsi
 1      0     0.17                        xorl	%eax, %eax
 1      1     0.50                        callq	printf
 1      5     0.33    *                   testb	$1, __cpu_model+13(%rip)
 1      0     0.17                        movq	%rbp, %rsi
 1      1     0.50                        movl	$.LC6, %edi
 1      1     0.50                        cmovneq	%rbx, %rsi
 1      0     0.17                        xorl	%eax, %eax
 1      1     0.50                        callq	printf
 1      5     0.33    *                   testb	$2, __cpu_model+13(%rip)
 1      0     0.17                        movq	%rbp, %rsi
 1      1     0.50                        movl	$.LC7, %edi
 1      1     0.50                        cmovneq	%rbx, %rsi
 1      0     0.17                        xorl	%eax, %eax
 1      1     0.50                        callq	printf
 1      5     0.33    *                   testb	$4, __cpu_model+13(%rip)
 1      0     0.17                        movq	%rbp, %rsi
 1      1     0.50                        movl	$.LC8, %edi
 1      1     0.50                        cmovneq	%rbx, %rsi
 1      0     0.17                        xorl	%eax, %eax
 1      1     0.50                        callq	printf
 1      5     0.33    *                   testb	$64, __cpu_model+13(%rip)
 1      0     0.17                        movq	%rbp, %rsi
 1      1     0.50                        movl	$.LC9, %edi
 1      1     0.50                        cmovneq	%rbx, %rsi
 1      0     0.17                        xorl	%eax, %eax
 1      1     0.50                        callq	printf
 1      5     0.33    *                   testb	$16, __cpu_model+13(%rip)
 1      0     0.17                        movq	%rbp, %rsi
 1      1     0.50                        movl	$.LC10, %edi
 1      1     0.50                        cmovneq	%rbx, %rsi
 1      0     0.17                        xorl	%eax, %eax
 1      1     0.50                        callq	printf
 1      5     0.33    *                   movq	stdout(%rip), %rsi
 1      1     0.50                        movl	$10, %edi
 1      1     0.50                        callq	putc
 1      5     0.33    *                   testb	$-128, __cpu_model+13(%rip)
 1      0     0.17                        movq	%rbp, %rsi
 1      1     0.50                        movl	$.LC11, %edi
 1      1     0.50                        cmovneq	%rbx, %rsi
 1      0     0.17                        xorl	%eax, %eax
 1      1     0.50                        callq	printf
 1      5     0.33    *                   testb	$16, __cpu_model+14(%rip)
 1      0     0.17                        movq	%rbp, %rsi
 1      1     0.50                        movl	$.LC12, %edi
 1      1     0.50                        cmovneq	%rbx, %rsi
 1      0     0.17                        xorl	%eax, %eax
 1      1     0.50                        callq	printf
 1      5     0.33    *                   testb	$32, __cpu_model+14(%rip)
 1      0     0.17                        movq	%rbp, %rsi
 1      1     0.50                        movl	$.LC13, %edi
 1      1     0.50                        cmovneq	%rbx, %rsi
 1      0     0.17                        xorl	%eax, %eax
 1      1     0.50                        callq	printf
 1      5     0.33    *                   testb	$64, __cpu_model+14(%rip)
 1      0     0.17                        movq	%rbp, %rsi
 1      1     0.50                        movl	$.LC14, %edi
 1      1     0.50                        cmovneq	%rbx, %rsi
 1      0     0.17                        xorl	%eax, %eax
 1      1     0.50                        callq	printf
 1      5     0.33    *                   testb	$-128, __cpu_model+14(%rip)
 1      0     0.17                        movq	%rbp, %rsi
 1      1     0.50                        movl	$.LC15, %edi
 1      1     0.50                        cmovneq	%rbx, %rsi
 1      0     0.17                        xorl	%eax, %eax
 1      1     0.50                        callq	printf
 1      5     0.33    *                   testb	$1, __cpu_model+15(%rip)
 1      0     0.17                        movq	%rbp, %rsi
 1      1     0.50                        movl	$.LC16, %edi
 1      1     0.50                        cmovneq	%rbx, %rsi
 1      0     0.17                        xorl	%eax, %eax
 1      1     0.50                        callq	printf
 1      5     0.33    *                   testb	$2, __cpu_model+15(%rip)
 1      0     0.17                        movq	%rbp, %rsi
 1      1     0.50                        movl	$.LC17, %edi
 1      1     0.50                        cmovneq	%rbx, %rsi
 1      0     0.17                        xorl	%eax, %eax
 1      1     0.50                        callq	printf
 1      5     0.33    *                   testb	$4, __cpu_model+15(%rip)
 1      0     0.17                        movq	%rbp, %rsi
 1      1     0.50                        movl	$.LC18, %edi
 1      1     0.50                        cmovneq	%rbx, %rsi
 1      0     0.17                        xorl	%eax, %eax
 1      1     0.50                        callq	printf
 1      5     0.33    *                   testb	$8, __cpu_model+15(%rip)
 1      0     0.17                        movq	%rbp, %rsi
 1      1     0.50                        movl	$.LC19, %edi
 1      1     0.50                        cmovneq	%rbx, %rsi
 1      0     0.17                        xorl	%eax, %eax
 1      1     0.50                        callq	printf
 1      5     0.33    *                   testb	$16, __cpu_model+15(%rip)
 1      0     0.17                        movq	%rbp, %rsi
 1      1     0.50                        movl	$.LC20, %edi
 1      1     0.50                        cmovneq	%rbx, %rsi
 1      0     0.17                        xorl	%eax, %eax
 1      1     0.50                        callq	printf
 1      5     0.33    *                   testb	$32, __cpu_model+15(%rip)
 1      0     0.17                        movq	%rbp, %rsi
 1      1     0.50                        movl	$.LC21, %edi
 1      1     0.50                        cmovneq	%rbx, %rsi
 1      0     0.17                        xorl	%eax, %eax
 1      1     0.50                        callq	printf
 1      5     0.33    *                   testb	$64, __cpu_model+15(%rip)
 1      0     0.17                        movq	%rbp, %rsi
 1      1     0.50                        movl	$.LC22, %edi
 1      1     0.50                        cmovneq	%rbx, %rsi
 1      0     0.17                        xorl	%eax, %eax
 1      1     0.50                        callq	printf
 1      5     0.33    *                   movl	__cpu_model+12(%rip), %eax
 1      0     0.17                        movq	%rbp, %rsi
 1      1     0.50                        movl	$.LC23, %edi
 1      1     0.25                        testl	%eax, %eax
 1      1     0.50                        cmovsq	%rbx, %rsi
 1      0     0.17                        xorl	%eax, %eax
 1      1     0.50                        callq	printf
 1      5     0.33    *                   testb	$8, __cpu_features2(%rip)
 1      0     0.17                        movq	%rbp, %rsi
 1      1     0.50                        movl	$.LC24, %edi
 1      1     0.50                        cmovneq	%rbx, %rsi
 1      0     0.17                        xorl	%eax, %eax
 1      1     0.50                        callq	printf
 1      1     0.25                        addq	$8, %rsp
 1      0     0.17                        xorl	%eax, %eax
 1      5     0.33    *                   popq	%rbx
 1      5     0.33    *                   popq	%rbp
 1      5     0.50                  U     retq


Retire Control Unit - number of cycles where we saw N instructions retired:
[# retired], [# cycles]
 0,           357611  (58.9%)
 1,           7  (0.0%)
 2,           1  (0.0%)
 3,           9996  (1.6%)
 4,           9992  (1.6%)
 5,           1  (0.0%)
 6,           189917  (31.3%)
 7,           10000  (1.6%)
 8,           30066  (4.9%)

Total ROB Entries:                256
Max Used ROB Entries:             256  ( 100.0% )
Average Used ROB Entries per cy:  255  ( 99.6% )


Resources:
[0]   - Zn3AGU0
[1]   - Zn3AGU1
[2]   - Zn3AGU2
[3]   - Zn3ALU0
[4]   - Zn3ALU1
[5]   - Zn3ALU2
[6]   - Zn3ALU3
[7]   - Zn3BRU1
[8]   - Zn3FPP0
[9]   - Zn3FPP1
[10]  - Zn3FPP2
[11]  - Zn3FPP3
[12.0] - Zn3FPP45
[12.1] - Zn3FPP45
[13]  - Zn3FPSt
[14.0] - Zn3LSU
[14.1] - Zn3LSU
[14.2] - Zn3LSU
[15.0] - Zn3Load
[15.1] - Zn3Load
[15.2] - Zn3Load
[16.0] - Zn3Store
[16.1] - Zn3Store


Resource pressure per iteration:
[0]    [1]    [2]    [3]    [4]    [5]    [6]    [7]    [8]    [9]    [10]   [11]   [12.0] [12.1] [13]   [14.0] [14.1] [14.2] [15.0] [15.1] [15.2] [16.0] [16.1] 
9.67   9.67   9.67   27.17  25.09  29.00  24.33  19.41   -      -      -      -      -      -      -     10.33  10.33  10.33  9.00   9.00   9.00   2.00   2.00   

Resource pressure by instruction:
[0]    [1]    [2]    [3]    [4]    [5]    [6]    [7]    [8]    [9]    [10]   [11]   [12.0] [12.1] [13]   [14.0] [14.1] [14.2] [15.0] [15.1] [15.2] [16.0] [16.1] Instructions:
0.33   0.33   0.33    -      -      -      -      -      -      -      -      -      -      -      -     0.67   0.67   0.67    -      -      -      -     2.00   pushq	%rbp
 -      -      -      -      -     2.00    -      -      -      -      -      -      -      -      -      -      -      -      -      -      -      -      -     movl	$.LC1, %ebp
 -      -      -      -     2.00    -      -      -      -      -      -      -      -      -      -      -      -      -      -      -      -      -      -     movl	$.LC2, %edi
0.33   0.33   0.33    -      -      -      -      -      -      -      -      -      -      -      -     0.67   0.67   0.67    -      -      -     2.00    -     pushq	%rbx
 -      -      -      -      -      -      -      -      -      -      -      -      -      -      -      -      -      -      -      -      -      -      -     movq	%rbp, %rsi
 -      -      -     1.67   0.17    -     0.17    -      -      -      -      -      -      -      -      -      -      -      -      -      -      -      -     movl	$.LC0, %ebx
 -      -      -      -     0.08   0.92    -      -      -      -      -      -      -      -      -      -      -      -      -      -      -      -      -     subq	$8, %rsp
0.33   0.33   0.33    -     0.08   0.83   0.08    -      -      -      -      -      -      -      -     0.33   0.33   0.33   1.00    -      -      -      -     testb	$8, __cpu_model+12(%rip)
 -      -      -     0.92    -      -     0.08    -      -      -      -      -      -      -      -      -      -      -      -      -      -      -      -     cmovneq	%rbx, %rsi
 -      -      -      -      -      -      -      -      -      -      -      -      -      -      -      -      -      -      -      -      -      -      -     xorl	%eax, %eax
 -      -      -      -      -      -      -     1.00    -      -      -      -      -      -      -      -      -      -      -      -      -      -      -     callq	printf
0.33   0.33   0.33   0.17   0.75   0.08    -      -      -      -      -      -      -      -      -     0.33   0.33   0.33    -      -     1.00    -      -     testb	$16, __cpu_model+12(%rip)
 -      -      -      -      -      -      -      -      -      -      -      -      -      -      -      -      -      -      -      -      -      -      -     movq	%rbp, %rsi
 -      -      -      -     0.17   1.67   0.17    -      -      -      -      -      -      -      -      -      -      -      -      -      -      -      -     movl	$.LC3, %edi
 -      -      -     0.08    -      -     0.92    -      -      -      -      -      -      -      -      -      -      -      -      -      -      -      -     cmovneq	%rbx, %rsi
 -      -      -      -      -      -      -      -      -      -      -      -      -      -      -      -      -      -      -      -      -      -      -     xorl	%eax, %eax
 -      -      -     1.00    -      -      -      -      -      -      -      -      -      -      -      -      -      -      -      -      -      -      -     callq	printf
0.25   0.33   0.42    -     0.83   0.08   0.08    -      -      -      -      -      -      -      -     0.42   0.25   0.33   0.08   0.92    -      -      -     testb	$32, __cpu_model+12(%rip)
 -      -      -      -      -      -      -      -      -      -      -      -      -      -      -      -      -      -      -      -      -      -      -     movq	%rbp, %rsi
 -      -      -      -     1.83   0.17    -      -      -      -      -      -      -      -      -      -      -      -      -      -      -      -      -     movl	$.LC4, %edi
 -      -      -      -      -      -     1.00    -      -      -      -      -      -      -      -      -      -      -      -      -      -      -      -     cmovneq	%rbx, %rsi
 -      -      -      -      -      -      -      -      -      -      -      -      -      -      -      -      -      -      -      -      -      -      -     xorl	%eax, %eax
 -      -      -      -      -      -      -     1.00    -      -      -      -      -      -      -      -      -      -      -      -      -      -      -     callq	printf
0.33   0.33   0.33    -     0.08   0.92    -      -      -      -      -      -      -      -      -     0.33   0.33   0.33    -      -     1.00    -      -     testb	$-128, __cpu_model+12(%rip)
 -      -      -      -      -      -      -      -      -      -      -      -      -      -      -      -      -      -      -      -      -      -      -     movq	%rbp, %rsi
 -      -      -     1.83   0.17    -      -      -      -      -      -      -      -      -      -      -      -      -      -      -      -      -      -     movl	$.LC5, %edi
 -      -      -     0.75    -      -     0.25    -      -      -      -      -      -      -      -      -      -      -      -      -      -      -      -     cmovneq	%rbx, %rsi
 -      -      -      -      -      -      -      -      -      -      -      -      -      -      -      -      -      -      -      -      -      -      -     xorl	%eax, %eax
 -      -      -     0.08    -      -      -     0.92    -      -      -      -      -      -      -      -      -      -      -      -      -      -      -     callq	printf
0.33   0.33   0.33    -      -     0.08   0.92    -      -      -      -      -      -      -      -     0.33   0.33   0.33    -     1.00    -      -      -     testb	$1, __cpu_model+13(%rip)
 -      -      -      -      -      -      -      -      -      -      -      -      -      -      -      -      -      -      -      -      -      -      -     movq	%rbp, %rsi
 -      -      -      -     0.17   1.83    -      -      -      -      -      -      -      -      -      -      -      -      -      -      -      -      -     movl	$.LC6, %edi
 -      -      -     0.67    -      -     0.33    -      -      -      -      -      -      -      -      -      -      -      -      -      -      -      -     cmovneq	%rbx, %rsi
 -      -      -      -      -      -      -      -      -      -      -      -      -      -      -      -      -      -      -      -      -      -      -     xorl	%eax, %eax
 -      -      -      -      -      -      -     1.00    -      -      -      -      -      -      -      -      -      -      -      -      -      -      -     callq	printf
0.33   0.33   0.33   0.08   0.83    -     0.08    -      -      -      -      -      -      -      -     0.33   0.33   0.33   1.00    -      -      -      -     testb	$2, __cpu_model+13(%rip)
 -      -      -      -      -      -      -      -      -      -      -      -      -      -      -      -      -      -      -      -      -      -      -     movq	%rbp, %rsi
 -      -      -     1.50   0.17   0.17   0.17    -      -      -      -      -      -      -      -      -      -      -      -      -      -      -      -     movl	$.LC7, %edi
 -      -      -     0.25    -      -     0.75    -      -      -      -      -      -      -      -      -      -      -      -      -      -      -      -     cmovneq	%rbx, %rsi
 -      -      -      -      -      -      -      -      -      -      -      -      -      -      -      -      -      -      -      -      -      -      -     xorl	%eax, %eax
 -      -      -     0.17    -      -      -     0.83    -      -      -      -      -      -      -      -      -      -      -      -      -      -      -     callq	printf
0.33   0.33   0.33    -     0.08    -     0.92    -      -      -      -      -      -      -      -     0.33   0.33   0.33    -      -     1.00    -      -     testb	$4, __cpu_model+13(%rip)
 -      -      -      -      -      -      -      -      -      -      -      -      -      -      -      -      -      -      -      -      -      -      -     movq	%rbp, %rsi
 -      -      -     0.17   0.17   1.67    -      -      -      -      -      -      -      -      -      -      -      -      -      -      -      -      -     movl	$.LC8, %edi
 -      -      -     0.17    -      -     0.83    -      -      -      -      -      -      -      -      -      -      -      -      -      -      -      -     cmovneq	%rbx, %rsi
 -      -      -      -      -      -      -      -      -      -      -      -      -      -      -      -      -      -      -      -      -      -      -     xorl	%eax, %eax
 -      -      -      -      -      -      -     1.00    -      -      -      -      -      -      -      -      -      -      -      -      -      -      -     callq	printf
0.33   0.33   0.33   0.17   0.75   0.08    -      -      -      -      -      -      -      -      -     0.33   0.33   0.33    -     1.00    -      -      -     testb	$64, __cpu_model+13(%rip)
 -      -      -      -      -      -      -      -      -      -      -      -      -      -      -      -      -      -      -      -      -      -      -     movq	%rbp, %rsi
 -      -      -     0.17   0.17   0.33   1.33    -      -      -      -      -      -      -      -      -      -      -      -      -      -      -      -     movl	$.LC9, %edi
 -      -      -     0.75    -      -     0.25    -      -      -      -      -      -      -      -      -      -      -      -      -      -      -      -     cmovneq	%rbx, %rsi
 -      -      -      -      -      -      -      -      -      -      -      -      -      -      -      -      -      -      -      -      -      -      -     xorl	%eax, %eax
 -      -      -      -      -      -      -     1.00    -      -      -      -      -      -      -      -      -      -      -      -      -      -      -     callq	printf
0.33   0.33   0.33   0.08   0.83   0.08    -      -      -      -      -      -      -      -      -     0.33   0.33   0.33   1.00    -      -      -      -     testb	$16, __cpu_model+13(%rip)
 -      -      -      -      -      -      -      -      -      -      -      -      -      -      -      -      -      -      -      -      -      -      -     movq	%rbp, %rsi
 -      -      -     0.17   0.33   1.33   0.17    -      -      -      -      -      -      -      -      -      -      -      -      -      -      -      -     movl	$.LC10, %edi
 -      -      -     0.25    -      -     0.75    -      -      -      -      -      -      -      -      -      -      -      -      -      -      -      -     cmovneq	%rbx, %rsi
 -      -      -      -      -      -      -      -      -      -      -      -      -      -      -      -      -      -      -      -      -      -      -     xorl	%eax, %eax
 -      -      -      -      -      -      -     1.00    -      -      -      -      -      -      -      -      -      -      -      -      -      -      -     callq	printf
0.33   0.33   0.33    -      -      -      -      -      -      -      -      -      -      -      -     0.33   0.33   0.33    -      -     1.00    -      -     movq	stdout(%rip), %rsi
 -      -      -     0.33   1.33   0.33    -      -      -      -      -      -      -      -      -      -      -      -      -      -      -      -      -     movl	$10, %edi
 -      -      -     0.58    -      -      -     0.42    -      -      -      -      -      -      -      -      -      -      -      -      -      -      -     callq	putc
0.33   0.33   0.33    -     0.17   0.75   0.08    -      -      -      -      -      -      -      -     0.33   0.33   0.33    -     1.00    -      -      -     testb	$-128, __cpu_model+13(%rip)
 -      -      -      -      -      -      -      -      -      -      -      -      -      -      -      -      -      -      -      -      -      -      -     movq	%rbp, %rsi
 -      -      -     0.17   1.50   0.33    -      -      -      -      -      -      -      -      -      -      -      -      -      -      -      -      -     movl	$.LC11, %edi
 -      -      -     0.75    -      -     0.25    -      -      -      -      -      -      -      -      -      -      -      -      -      -      -      -     cmovneq	%rbx, %rsi
 -      -      -      -      -      -      -      -      -      -      -      -      -      -      -      -      -      -      -      -      -      -      -     xorl	%eax, %eax
 -      -      -      -      -      -      -     1.00    -      -      -      -      -      -      -      -      -      -      -      -      -      -      -     callq	printf
0.33   0.33   0.33    -     0.17   0.83    -      -      -      -      -      -      -      -      -     0.33   0.33   0.33   1.00    -      -      -      -     testb	$16, __cpu_model+14(%rip)
 -      -      -      -      -      -      -      -      -      -      -      -      -      -      -      -      -      -      -      -      -      -      -     movq	%rbp, %rsi
 -      -      -      -     1.67   0.33    -      -      -      -      -      -      -      -      -      -      -      -      -      -      -      -      -     movl	$.LC12, %edi
 -      -      -     0.25    -      -     0.75    -      -      -      -      -      -      -      -      -      -      -      -      -      -      -      -     cmovneq	%rbx, %rsi
 -      -      -      -      -      -      -      -      -      -      -      -      -      -      -      -      -      -      -      -      -      -      -     xorl	%eax, %eax
 -      -      -     0.08    -      -      -     0.92    -      -      -      -      -      -      -      -      -      -      -      -      -      -      -     callq	printf
0.33   0.33   0.33    -     0.17   0.75   0.08    -      -      -      -      -      -      -      -     0.33   0.33   0.33    -      -     1.00    -      -     testb	$32, __cpu_model+14(%rip)
 -      -      -      -      -      -      -      -      -      -      -      -      -      -      -      -      -      -      -      -      -      -      -     movq	%rbp, %rsi
 -      -      -     1.83    -     0.17    -      -      -      -      -      -      -      -      -      -      -      -      -      -      -      -      -     movl	$.LC13, %edi
 -      -      -     0.25    -      -     0.75    -      -      -      -      -      -      -      -      -      -      -      -      -      -      -      -     cmovneq	%rbx, %rsi
 -      -      -      -      -      -      -      -      -      -      -      -      -      -      -      -      -      -      -      -      -      -      -     xorl	%eax, %eax
 -      -      -      -      -      -      -     1.00    -      -      -      -      -      -      -      -      -      -      -      -      -      -      -     callq	printf
0.33   0.33   0.33    -     0.08   0.08   0.83    -      -      -      -      -      -      -      -     0.33   0.33   0.33    -     1.00    -      -      -     testb	$64, __cpu_model+14(%rip)
 -      -      -      -      -      -      -      -      -      -      -      -      -      -      -      -      -      -      -      -      -      -      -     movq	%rbp, %rsi
 -      -      -     0.17   0.17   1.67    -      -      -      -      -      -      -      -      -      -      -      -      -      -      -      -      -     movl	$.LC14, %edi
 -      -      -     0.17    -      -     0.83    -      -      -      -      -      -      -      -      -      -      -      -      -      -      -      -     cmovneq	%rbx, %rsi
 -      -      -      -      -      -      -      -      -      -      -      -      -      -      -      -      -      -      -      -      -      -      -     xorl	%eax, %eax
 -      -      -     0.92    -      -      -     0.08    -      -      -      -      -      -      -      -      -      -      -      -      -      -      -     callq	printf
0.33   0.33   0.33    -     0.83   0.08   0.08    -      -      -      -      -      -      -      -     0.33   0.33   0.33   1.00    -      -      -      -     testb	$-128, __cpu_model+14(%rip)
 -      -      -      -      -      -      -      -      -      -      -      -      -      -      -      -      -      -      -      -      -      -      -     movq	%rbp, %rsi
 -      -      -      -     0.17   0.17   1.67    -      -      -      -      -      -      -      -      -      -      -      -      -      -      -      -     movl	$.LC15, %edi
 -      -      -     0.17    -      -     0.83    -      -      -      -      -      -      -      -      -      -      -      -      -      -      -      -     cmovneq	%rbx, %rsi
 -      -      -      -      -      -      -      -      -      -      -      -      -      -      -      -      -      -      -      -      -      -      -     xorl	%eax, %eax
 -      -      -     0.08    -      -      -     0.92    -      -      -      -      -      -      -      -      -      -      -      -      -      -      -     callq	printf
0.33   0.33   0.33   0.08   0.08   0.83    -      -      -      -      -      -      -      -      -     0.33   0.33   0.33    -      -     1.00    -      -     testb	$1, __cpu_model+15(%rip)
 -      -      -      -      -      -      -      -      -      -      -      -      -      -      -      -      -      -      -      -      -      -      -     movq	%rbp, %rsi
 -      -      -      -     1.67    -     0.33    -      -      -      -      -      -      -      -      -      -      -      -      -      -      -      -     movl	$.LC16, %edi
 -      -      -     0.92    -      -     0.08    -      -      -      -      -      -      -      -      -      -      -      -      -      -      -      -     cmovneq	%rbx, %rsi
 -      -      -      -      -      -      -      -      -      -      -      -      -      -      -      -      -      -      -      -      -      -      -     xorl	%eax, %eax
 -      -      -     0.58    -      -      -     0.42    -      -      -      -      -      -      -      -      -      -      -      -      -      -      -     callq	printf
0.33   0.33   0.33    -      -     0.83   0.17    -      -      -      -      -      -      -      -     0.33   0.33   0.33    -     1.00    -      -      -     testb	$2, __cpu_model+15(%rip)
 -      -      -      -      -      -      -      -      -      -      -      -      -      -      -      -      -      -      -      -      -      -      -     movq	%rbp, %rsi
 -      -      -     0.17   1.33   0.33   0.17    -      -      -      -      -      -      -      -      -      -      -      -      -      -      -      -     movl	$.LC17, %edi
 -      -      -     0.08    -      -     0.92    -      -      -      -      -      -      -      -      -      -      -      -      -      -      -      -     cmovneq	%rbx, %rsi
 -      -      -      -      -      -      -      -      -      -      -      -      -      -      -      -      -      -      -      -      -      -      -     xorl	%eax, %eax
 -      -      -      -      -      -      -     1.00    -      -      -      -      -      -      -      -      -      -      -      -      -      -      -     callq	printf
0.33   0.33   0.33   0.58   0.17   0.17   0.08    -      -      -      -      -      -      -      -     0.33   0.33   0.33   1.00    -      -      -      -     testb	$4, __cpu_model+15(%rip)
 -      -      -      -      -      -      -      -      -      -      -      -      -      -      -      -      -      -      -      -      -      -      -     movq	%rbp, %rsi
 -      -      -     0.17   0.17   1.33   0.33    -      -      -      -      -      -      -      -      -      -      -      -      -      -      -      -     movl	$.LC18, %edi
 -      -      -     0.92    -      -     0.08    -      -      -      -      -      -      -      -      -      -      -      -      -      -      -      -     cmovneq	%rbx, %rsi
 -      -      -      -      -      -      -      -      -      -      -      -      -      -      -      -      -      -      -      -      -      -      -     xorl	%eax, %eax
 -      -      -     0.17    -      -      -     0.83    -      -      -      -      -      -      -      -      -      -      -      -      -      -      -     callq	printf
0.33   0.33   0.33   0.58   0.08   0.25   0.08    -      -      -      -      -      -      -      -     0.33   0.33   0.33    -      -     1.00    -      -     testb	$8, __cpu_model+15(%rip)
 -      -      -      -      -      -      -      -      -      -      -      -      -      -      -      -      -      -      -      -      -      -      -     movq	%rbp, %rsi
 -      -      -      -     0.50   1.50    -      -      -      -      -      -      -      -      -      -      -      -      -      -      -      -      -     movl	$.LC19, %edi
 -      -      -     0.08    -      -     0.92    -      -      -      -      -      -      -      -      -      -      -      -      -      -      -      -     cmovneq	%rbx, %rsi
 -      -      -      -      -      -      -      -      -      -      -      -      -      -      -      -      -      -      -      -      -      -      -     xorl	%eax, %eax
 -      -      -      -      -      -      -     1.00    -      -      -      -      -      -      -      -      -      -      -      -      -      -      -     callq	printf
0.33   0.33   0.33    -     0.75   0.25    -      -      -      -      -      -      -      -      -     0.33   0.33   0.33    -     1.00    -      -      -     testb	$16, __cpu_model+15(%rip)
 -      -      -      -      -      -      -      -      -      -      -      -      -      -      -      -      -      -      -      -      -      -      -     movq	%rbp, %rsi
 -      -      -      -     0.50   1.50    -      -      -      -      -      -      -      -      -      -      -      -      -      -      -      -      -     movl	$.LC20, %edi
 -      -      -     0.75    -      -     0.25    -      -      -      -      -      -      -      -      -      -      -      -      -      -      -      -     cmovneq	%rbx, %rsi
 -      -      -      -      -      -      -      -      -      -      -      -      -      -      -      -      -      -      -      -      -      -      -     xorl	%eax, %eax
 -      -      -      -      -      -      -     1.00    -      -      -      -      -      -      -      -      -      -      -      -      -      -      -     callq	printf
0.33   0.33   0.33    -     0.75   0.25    -      -      -      -      -      -      -      -      -     0.33   0.33   0.33   1.00    -      -      -      -     testb	$32, __cpu_model+15(%rip)
 -      -      -      -      -      -      -      -      -      -      -      -      -      -      -      -      -      -      -      -      -      -      -     movq	%rbp, %rsi
 -      -      -     2.00    -      -      -      -      -      -      -      -      -      -      -      -      -      -      -      -      -      -      -     movl	$.LC21, %edi
 -      -      -     0.17    -      -     0.83    -      -      -      -      -      -      -      -      -      -      -      -      -      -      -      -     cmovneq	%rbx, %rsi
 -      -      -      -      -      -      -      -      -      -      -      -      -      -      -      -      -      -      -      -      -      -      -     xorl	%eax, %eax
 -      -      -      -      -      -      -     1.00    -      -      -      -      -      -      -      -      -      -      -      -      -      -      -     callq	printf
0.33   0.33   0.33    -      -     0.08   0.92    -      -      -      -      -      -      -      -     0.33   0.33   0.33    -      -     1.00    -      -     testb	$64, __cpu_model+15(%rip)
 -      -      -      -      -      -      -      -      -      -      -      -      -      -      -      -      -      -      -      -      -      -      -     movq	%rbp, %rsi
 -      -      -      -     0.17   1.83    -      -      -      -      -      -      -      -      -      -      -      -      -      -      -      -      -     movl	$.LC22, %edi
 -      -      -     0.08    -      -     0.92    -      -      -      -      -      -      -      -      -      -      -      -      -      -      -      -     cmovneq	%rbx, %rsi
 -      -      -      -      -      -      -      -      -      -      -      -      -      -      -      -      -      -      -      -      -      -      -     xorl	%eax, %eax
 -      -      -     0.92    -      -      -     0.08    -      -      -      -      -      -      -      -      -      -      -      -      -      -      -     callq	printf
0.33   0.33   0.33    -      -      -      -      -      -      -      -      -      -      -      -     0.33   0.33   0.33    -     1.00    -      -      -     movl	__cpu_model+12(%rip), %eax
 -      -      -      -      -      -      -      -      -      -      -      -      -      -      -      -      -      -      -      -      -      -      -     movq	%rbp, %rsi
 -      -      -      -     1.83    -     0.17    -      -      -      -      -      -      -      -      -      -      -      -      -      -      -      -     movl	$.LC23, %edi
 -      -      -      -      -     0.25   0.75    -      -      -      -      -      -      -      -      -      -      -      -      -      -      -      -     testl	%eax, %eax
 -      -      -     0.83    -      -     0.17    -      -      -      -      -      -      -      -      -      -      -      -      -      -      -      -     cmovsq	%rbx, %rsi
 -      -      -      -      -      -      -      -      -      -      -      -      -      -      -      -      -      -      -      -      -      -      -     xorl	%eax, %eax
 -      -      -     0.08    -      -      -     0.92    -      -      -      -      -      -      -      -      -      -      -      -      -      -      -     callq	printf
0.33   0.33   0.33    -      -     0.17   0.83    -      -      -      -      -      -      -      -     0.33   0.33   0.33   1.00    -      -      -      -     testb	$8, __cpu_features2(%rip)
 -      -      -      -      -      -      -      -      -      -      -      -      -      -      -      -      -      -      -      -      -      -      -     movq	%rbp, %rsi
 -      -      -      -     0.33   1.67    -      -      -      -      -      -      -      -      -      -      -      -      -      -      -      -      -     movl	$.LC24, %edi
 -      -      -     0.17    -      -     0.83    -      -      -      -      -      -      -      -      -      -      -      -      -      -      -      -     cmovneq	%rbx, %rsi
 -      -      -      -      -      -      -      -      -      -      -      -      -      -      -      -      -      -      -      -      -      -      -     xorl	%eax, %eax
 -      -      -     0.08    -      -      -     0.92    -      -      -      -      -      -      -      -      -      -      -      -      -      -      -     callq	printf
 -      -      -     0.08   0.83    -     0.08    -      -      -      -      -      -      -      -      -      -      -      -      -      -      -      -     addq	$8, %rsp
 -      -      -      -      -      -      -      -      -      -      -      -      -      -      -      -      -      -      -      -      -      -      -     xorl	%eax, %eax
0.33   0.33   0.33    -      -      -      -      -      -      -      -      -      -      -      -     0.33   0.33   0.33    -      -     1.00    -      -     popq	%rbx
0.42   0.33   0.25    -      -      -      -      -      -      -      -      -      -      -      -     0.25   0.42   0.33   0.92   0.08    -      -      -     popq	%rbp
0.33   0.33   0.33   0.83    -      -      -     0.17    -      -      -      -      -      -      -     0.33   0.33   0.33    -     1.00    -      -      -     retq


Timeline view:
                    0123456789          0123456789          0123
Index     0123456789          0123456789          0123456789    

[0,0]     DeER .    .    .    .    .    .    .    .    .    .  .   pushq	%rbp
[0,1]     DeER .    .    .    .    .    .    .    .    .    .  .   movl	$.LC1, %ebp
[0,2]     DeER .    .    .    .    .    .    .    .    .    .  .   movl	$.LC2, %edi
[0,3]     D=eER.    .    .    .    .    .    .    .    .    .  .   pushq	%rbx
[0,4]     D---R.    .    .    .    .    .    .    .    .    .  .   movq	%rbp, %rsi
[0,5]     DeE-R.    .    .    .    .    .    .    .    .    .  .   movl	$.LC0, %ebx
[0,6]     .D=eER    .    .    .    .    .    .    .    .    .  .   subq	$8, %rsp
[0,7]     .DeeeeeER .    .    .    .    .    .    .    .    .  .   testb	$8, __cpu_model+12(%rip)
[0,8]     .D=====eER.    .    .    .    .    .    .    .    .  .   cmovneq	%rbx, %rsi
[0,9]     .D-------R.    .    .    .    .    .    .    .    .  .   xorl	%eax, %eax
Truncated display due to cycle limit


Average Wait times (based on the timeline view):
[0]: Executions
[1]: Average time spent waiting in a scheduler's queue
[2]: Average time spent waiting in a scheduler's queue while ready
[3]: Average time elapsed from WB until retire stage

      [0]    [1]    [2]    [3]
0.     10    10.0   0.1    79.2      pushq	%rbp
1.     10    1.0    1.0    88.2      movl	$.LC1, %ebp
2.     10    1.0    1.0    89.1      movl	$.LC2, %edi
3.     10    11.0   0.0    79.2      pushq	%rbx
4.     10    0.0    0.0    90.3      movq	%rbp, %rsi
5.     10    1.0    1.0    88.3      movl	$.LC0, %ebx
6.     10    11.0   0.0    78.3      subq	$8, %rsp
7.     10    1.9    1.9    83.7      testb	$8, __cpu_model+12(%rip)
8.     10    6.9    0.0    82.8      cmovneq	%rbx, %rsi
9.     10    0.0    0.0    90.7      xorl	%eax, %eax
10.    10    11.1   0.0    0.0       callq	printf
11.    10    1.1    1.1    105.0     testb	$16, __cpu_model+12(%rip)
12.    10    0.0    0.0    111.0     movq	%rbp, %rsi
13.    10    1.7    1.7    108.1     movl	$.LC3, %edi
14.    10    6.3    0.5    103.5     cmovneq	%rbx, %rsi
15.    10    0.0    0.0    110.8     xorl	%eax, %eax
16.    10    10.1   0.0    0.0       callq	printf
17.    10    1.0    1.0    104.1     testb	$32, __cpu_model+12(%rip)
18.    10    0.0    0.0    111.0     movq	%rbp, %rsi
19.    10    1.6    1.6    102.1     movl	$.LC4, %edi
20.    10    4.4    0.3    99.3      cmovneq	%rbx, %rsi
21.    10    0.0    0.0    104.7     xorl	%eax, %eax
22.    10    7.1    1.0    0.0       callq	printf
23.    10    1.0    1.0    101.1     testb	$-128, __cpu_model+12(%rip)
24.    10    0.0    0.0    107.0     movq	%rbp, %rsi
25.    10    1.0    1.0    104.7     movl	$.LC5, %edi
26.    10    5.6    0.0    100.8     cmovneq	%rbx, %rsi
27.    10    0.0    0.0    107.4     xorl	%eax, %eax
28.    10    6.4    1.0    0.7       callq	printf
29.    10    1.0    1.0    101.1     testb	$1, __cpu_model+13(%rip)
30.    10    0.0    0.0    107.0     movq	%rbp, %rsi
31.    10    1.0    1.0    104.7     movl	$.LC6, %edi
32.    10    5.6    0.0    100.1     cmovneq	%rbx, %rsi
33.    10    0.0    0.0    106.7     xorl	%eax, %eax
34.    10    6.4    1.6    0.7       callq	printf
35.    10    1.0    1.0    101.1     testb	$2, __cpu_model+13(%rip)
36.    10    0.0    0.0    107.0     movq	%rbp, %rsi
37.    10    1.0    1.0    104.7     movl	$.LC7, %edi
38.    10    5.6    0.0    100.1     cmovneq	%rbx, %rsi
39.    10    0.0    0.0    106.7     xorl	%eax, %eax
40.    10    5.8    1.6    0.6       callq	printf
41.    10    1.0    1.0    100.4     testb	$4, __cpu_model+13(%rip)
42.    10    0.0    0.0    107.0     movq	%rbp, %rsi
43.    10    1.1    1.1    104.6     movl	$.LC8, %edi
44.    10    5.6    0.0    100.1     cmovneq	%rbx, %rsi
45.    10    0.0    0.0    106.7     xorl	%eax, %eax
46.    10    5.8    2.2    0.6       callq	printf
47.    10    1.1    1.1    100.3     testb	$64, __cpu_model+13(%rip)
48.    10    0.0    0.0    106.3     movq	%rbp, %rsi
49.    10    1.5    1.5    103.5     movl	$.LC9, %edi
50.    10    5.7    0.0    100.0     cmovneq	%rbx, %rsi
51.    10    0.0    0.0    106.7     xorl	%eax, %eax
52.    10    5.2    2.2    1.2       callq	printf
53.    10    1.1    1.1    100.3     testb	$16, __cpu_model+13(%rip)
54.    10    0.0    0.0    106.3     movq	%rbp, %rsi
55.    10    1.1    1.1    103.9     movl	$.LC10, %edi
56.    10    5.7    0.0    99.3      cmovneq	%rbx, %rsi
57.    10    0.0    0.0    106.0     xorl	%eax, %eax
58.    10    5.2    2.8    1.2       callq	printf
59.    10    1.0    1.0    100.4     movq	stdout(%rip), %rsi
60.    10    1.0    1.0    104.3     movl	$10, %edi
61.    10    5.2    2.8    1.2       callq	putc
62.    10    1.6    1.6    99.8      testb	$-128, __cpu_model+13(%rip)
63.    10    0.0    0.0    106.4     movq	%rbp, %rsi
64.    10    1.4    1.4    103.4     movl	$.LC11, %edi
65.    10    6.2    0.2    98.6      cmovneq	%rbx, %rsi
66.    10    0.0    0.0    106.3     xorl	%eax, %eax
67.    10    4.5    3.0    1.0       callq	printf
68.    10    1.5    1.5    99.0      testb	$16, __cpu_model+14(%rip)
69.    10    0.0    0.0    105.5     movq	%rbp, %rsi
70.    10    1.6    1.6    102.4     movl	$.LC12, %edi
71.    10    6.2    0.2    97.8      cmovneq	%rbx, %rsi
72.    10    0.0    0.0    104.9     xorl	%eax, %eax
73.    10    4.0    3.0    1.0       callq	printf
74.    10    1.5    1.5    99.0      testb	$32, __cpu_model+14(%rip)
75.    10    0.0    0.0    105.5     movq	%rbp, %rsi
76.    10    1.6    1.6    102.4     movl	$.LC13, %edi
77.    10    6.2    0.2    97.8      cmovneq	%rbx, %rsi
78.    10    0.0    0.0    104.9     xorl	%eax, %eax
79.    10    3.4    3.0    0.8       callq	printf
80.    10    1.8    1.8    97.4      testb	$64, __cpu_model+14(%rip)
81.    10    0.0    0.0    104.2     movq	%rbp, %rsi
82.    10    1.6    1.6    101.6     movl	$.LC14, %edi
83.    10    6.4    0.0    96.8      cmovneq	%rbx, %rsi
84.    10    0.0    0.0    104.1     xorl	%eax, %eax
85.    10    3.0    3.0    1.2       callq	printf
86.    10    1.8    1.8    97.4      testb	$-128, __cpu_model+14(%rip)
87.    10    0.0    0.0    104.2     movq	%rbp, %rsi
88.    10    1.6    1.6    101.2     movl	$.LC15, %edi
89.    10    6.4    0.0    96.4      cmovneq	%rbx, %rsi
90.    10    0.0    0.0    104.1     xorl	%eax, %eax
91.    10    3.0    3.0    1.2       callq	printf
92.    10    1.9    1.9    97.3      testb	$1, __cpu_model+15(%rip)
93.    10    0.0    0.0    104.2     movq	%rbp, %rsi
94.    10    1.9    1.9    100.9     movl	$.LC16, %edi
95.    10    6.5    0.0    96.3      cmovneq	%rbx, %rsi
96.    10    0.0    0.0    103.7     xorl	%eax, %eax
97.    10    2.8    2.8    1.0       callq	printf
98.    10    2.0    2.0    97.2      testb	$2, __cpu_model+15(%rip)
99.    10    0.0    0.0    104.2     movq	%rbp, %rsi
100.   10    2.0    2.0    100.8     movl	$.LC17, %edi
101.   10    6.6    0.0    96.2      cmovneq	%rbx, %rsi
102.   10    0.0    0.0    103.7     xorl	%eax, %eax
103.   10    2.6    2.6    1.2       callq	printf
104.   10    2.2    2.2    96.6      testb	$4, __cpu_model+15(%rip)
105.   10    0.0    0.0    103.8     movq	%rbp, %rsi
106.   10    2.2    2.2    100.6     movl	$.LC18, %edi
107.   10    6.8    0.0    96.0      cmovneq	%rbx, %rsi
108.   10    0.0    0.0    103.7     xorl	%eax, %eax
109.   10    2.4    2.4    1.4       callq	printf
110.   10    2.2    2.2    96.6      testb	$8, __cpu_model+15(%rip)
111.   10    0.0    0.0    103.8     movq	%rbp, %rsi
112.   10    2.4    2.4    100.0     movl	$.LC19, %edi
113.   10    6.8    0.0    95.6      cmovneq	%rbx, %rsi
114.   10    0.0    0.0    88.6      xorl	%eax, %eax
115.   10    1.0    1.0    0.0       callq	printf
116.   10    1.0    1.0    95.0      testb	$16, __cpu_model+15(%rip)
117.   10    0.0    0.0    101.0     movq	%rbp, %rsi
118.   10    1.1    1.1    98.9      movl	$.LC20, %edi
119.   10    6.0    0.0    94.0      cmovneq	%rbx, %rsi
120.   10    0.0    0.0    100.0     xorl	%eax, %eax
121.   10    1.0    1.0    0.0       callq	printf
122.   10    1.0    1.0    95.0      testb	$32, __cpu_model+15(%rip)
123.   10    0.0    0.0    101.0     movq	%rbp, %rsi
124.   10    1.1    1.1    98.9      movl	$.LC21, %edi
125.   10    6.0    0.0    94.0      cmovneq	%rbx, %rsi
126.   10    0.0    0.0    97.3      xorl	%eax, %eax
127.   10    1.0    1.0    0.0       callq	printf
128.   10    1.0    1.0    95.0      testb	$64, __cpu_model+15(%rip)
129.   10    0.0    0.0    101.0     movq	%rbp, %rsi
130.   10    1.1    1.1    98.9      movl	$.LC22, %edi
131.   10    6.0    0.0    94.0      cmovneq	%rbx, %rsi
132.   10    0.0    0.0    100.0     xorl	%eax, %eax
133.   10    1.0    1.0    0.0       callq	printf
134.   10    1.0    1.0    95.0      movl	__cpu_model+12(%rip), %eax
135.   10    0.0    0.0    101.0     movq	%rbp, %rsi
136.   10    1.0    1.0    99.0      movl	$.LC23, %edi
137.   10    6.0    0.0    94.0      testl	%eax, %eax
138.   10    6.0    0.0    93.0      cmovsq	%rbx, %rsi
139.   10    0.0    0.0    100.0     xorl	%eax, %eax
140.   10    1.0    1.0    0.0       callq	printf
141.   10    1.0    1.0    95.0      testb	$8, __cpu_features2(%rip)
142.   10    0.0    0.0    101.0     movq	%rbp, %rsi
143.   10    1.1    1.1    98.9      movl	$.LC24, %edi
144.   10    5.0    0.0    94.0      cmovneq	%rbx, %rsi
145.   10    0.0    0.0    100.0     xorl	%eax, %eax
146.   10    1.0    1.0    0.0       callq	printf
147.   10    1.0    1.0    99.0      addq	$8, %rsp
148.   10    0.0    0.0    101.0     xorl	%eax, %eax
149.   10    2.0    0.0    94.0      popq	%rbx
150.   10    6.0    0.0    89.0      popq	%rbp
151.   10    1.0    1.0    94.0      retq
       10    2.3    0.8    84.1      <total>
