warning: found a return instruction in the input assembly sequence.
note: program counter updates are ignored.
Iterations:        10000
Instructions:      200000
Total Cycles:      67914
Total uOps:        200000

Dispatch Width:    6
uOps Per Cycle:    2.94
IPC:               2.94
Block RThroughput: 5.0


Cycles with backend pressure increase [ 30.03% ]
Throughput Bottlenecks: 
  Resource Pressure       [ 14.16% ]
  - Zn3FPP1  [ 13.88% ]
  - Zn3FPP2  [ 11.61% ]
  - Zn3FPP3  [ 0.57% ]
  - Zn3FPP45  [ 0.00% ]
  Data Dependencies:      [ 28.33% ]
  - Register Dependencies [ 28.33% ]
  - Memory Dependencies   [ 0.00% ]

Critical sequence based on the simulation:

              Instruction                                 Dependency Information
 +----< 0.    vmovapd	.LC0(%rip), %ymm0
 |      1.    movl	$1000000000, %eax
 |      2.    vxorpd	%xmm1, %xmm1, %xmm1
 |      3.    vbroadcastsd	.LC4(%rip), %ymm4
 |      4.    vbroadcastsd	.LC5(%rip), %ymm3
 +----> 5.    vdivpd	%ymm0, %ymm4, %ymm2               ## REGISTER dependency:  %ymm0
 |      6.    vaddpd	%ymm3, %ymm0, %ymm0
 +----> 7.    vaddpd	%ymm2, %ymm1, %ymm1               ## REGISTER dependency:  %ymm2
 |      8.    subq	$1, %rax
 |      9.    jne	.L2
 |      10.   vxorpd	%xmm2, %xmm2, %xmm2
 |      11.   vunpckhpd	%xmm1, %xmm1, %xmm0
 +----> 12.   vaddsd	%xmm1, %xmm2, %xmm2               ## REGISTER dependency:  %ymm1
 |      13.   vextractf128	$1, %ymm1, %xmm1
 +----> 14.   vaddsd	%xmm2, %xmm0, %xmm0               ## REGISTER dependency:  %xmm2
 +----> 15.   vaddsd	%xmm0, %xmm1, %xmm0               ## REGISTER dependency:  %xmm0
 |      16.   vunpckhpd	%xmm1, %xmm1, %xmm1
 +----> 17.   vaddsd	%xmm0, %xmm1, %xmm0               ## REGISTER dependency:  %xmm0
 |      18.   vzeroupper
 |      19.   retq
 |
 |    < loop carried > 
 |
 +----> 12.   vaddsd	%xmm1, %xmm2, %xmm2               ## RESOURCE interference:  Zn3FPP3 [ probability: 3% ]


Instruction Info:
[1]: #uOps
[2]: Latency
[3]: RThroughput
[4]: MayLoad
[5]: MayStore
[6]: HasSideEffects (U)

[1]    [2]    [3]    [4]    [5]    [6]    Instructions:
 1      8     0.50    *                   vmovapd	.LC0(%rip), %ymm0
 1      1     0.50                        movl	$1000000000, %eax
 1      0     0.17                        vxorpd	%xmm1, %xmm1, %xmm1
 1      8     0.50    *                   vbroadcastsd	.LC4(%rip), %ymm4
 1      8     0.50    *                   vbroadcastsd	.LC5(%rip), %ymm3
 1      13    5.00                        vdivpd	%ymm0, %ymm4, %ymm2
 1      3     0.50                        vaddpd	%ymm3, %ymm0, %ymm0
 1      3     0.50                        vaddpd	%ymm2, %ymm1, %ymm1
 1      1     0.25                        subq	$1, %rax
 1      1     0.50                        jne	.L2
 1      0     0.17                        vxorpd	%xmm2, %xmm2, %xmm2
 1      1     0.50                        vunpckhpd	%xmm1, %xmm1, %xmm0
 1      3     0.50                        vaddsd	%xmm1, %xmm2, %xmm2
 1      4     1.00                        vextractf128	$1, %ymm1, %xmm1
 1      3     0.50                        vaddsd	%xmm2, %xmm0, %xmm0
 1      3     0.50                        vaddsd	%xmm0, %xmm1, %xmm0
 1      1     0.50                        vunpckhpd	%xmm1, %xmm1, %xmm1
 1      3     0.50                        vaddsd	%xmm0, %xmm1, %xmm0
 1      0     0.25                  U     vzeroupper
 1      5     0.50                  U     retq


Retire Control Unit - number of cycles where we saw N instructions retired:
[# retired], [# cycles]
 0,           29640  (43.6%)
 1,           4044  (6.0%)
 2,           9996  (14.7%)
 3,           1  (0.0%)
 4,           4235  (6.2%)
 6,           193  (0.3%)
 7,           577  (0.8%)
 8,           19228  (28.3%)

Total ROB Entries:                256
Max Used ROB Entries:             113  ( 44.1% )
Average Used ROB Entries per cy:  100  ( 39.1% )


Resources:
[0]   - Zn3AGU0
[1]   - Zn3AGU1
[2]   - Zn3AGU2
[3]   - Zn3ALU0
[4]   - Zn3ALU1
[5]   - Zn3ALU2
[6]   - Zn3ALU3
[7]   - Zn3BRU1
[8]   - Zn3FPP0
[9]   - Zn3FPP1
[10]  - Zn3FPP2
[11]  - Zn3FPP3
[12.0] - Zn3FPP45
[12.1] - Zn3FPP45
[13]  - Zn3FPSt
[14.0] - Zn3LSU
[14.1] - Zn3LSU
[14.2] - Zn3LSU
[15.0] - Zn3Load
[15.1] - Zn3Load
[15.2] - Zn3Load
[16.0] - Zn3Store
[16.1] - Zn3Store


Resource pressure per iteration:
[0]    [1]    [2]    [3]    [4]    [5]    [6]    [7]    [8]    [9]    [10]   [11]   [12.0] [12.1] [13]   [14.0] [14.1] [14.2] [15.0] [15.1] [15.2] [16.0] [16.1] 
0.33   0.33   0.33   1.00   1.00   1.00   1.00   1.00   1.90   6.10   4.77   4.23   1.50   1.50    -     1.33   1.33   1.33   1.33   1.33   1.33    -      -     

Resource pressure by instruction:
[0]    [1]    [2]    [3]    [4]    [5]    [6]    [7]    [8]    [9]    [10]   [11]   [12.0] [12.1] [13]   [14.0] [14.1] [14.2] [15.0] [15.1] [15.2] [16.0] [16.1] Instructions:
 -      -      -      -      -      -      -      -      -      -      -      -     0.46   0.54    -     0.33   0.33   0.33   0.33   0.33   0.33    -      -     vmovapd	.LC0(%rip), %ymm0
 -      -      -      -     0.67   0.67   0.67    -      -      -      -      -      -      -      -      -      -      -      -      -      -      -      -     movl	$1000000000, %eax
 -      -      -      -      -      -      -      -      -      -      -      -      -      -      -      -      -      -      -      -      -      -      -     vxorpd	%xmm1, %xmm1, %xmm1
 -      -      -      -      -      -      -      -      -     0.25   0.75    -     0.50   0.50    -     0.33   0.33   0.33   0.33   0.33   0.33    -      -     vbroadcastsd	.LC4(%rip), %ymm4
 -      -      -      -      -      -      -      -      -     0.13   0.87    -     0.54   0.46    -     0.33   0.33   0.33   0.33   0.33   0.33    -      -     vbroadcastsd	.LC5(%rip), %ymm3
 -      -      -      -      -      -      -      -      -     5.00    -      -      -      -      -      -      -      -      -      -      -      -      -     vdivpd	%ymm0, %ymm4, %ymm2
 -      -      -      -      -      -      -      -      -      -     0.58   0.42    -      -      -      -      -      -      -      -      -      -      -     vaddpd	%ymm3, %ymm0, %ymm0
 -      -      -      -      -      -      -      -      -      -     0.48   0.52    -      -      -      -      -      -      -      -      -      -      -     vaddpd	%ymm2, %ymm1, %ymm1
 -      -      -      -     0.33   0.33   0.33    -      -      -      -      -      -      -      -      -      -      -      -      -      -      -      -     subq	$1, %rax
 -      -      -      -      -      -      -     1.00    -      -      -      -      -      -      -      -      -      -      -      -      -      -      -     jne	.L2
 -      -      -      -      -      -      -      -      -      -      -      -      -      -      -      -      -      -      -      -      -      -      -     vxorpd	%xmm2, %xmm2, %xmm2
 -      -      -      -      -      -      -      -      -     0.17   0.83    -      -      -      -      -      -      -      -      -      -      -      -     vunpckhpd	%xmm1, %xmm1, %xmm0
 -      -      -      -      -      -      -      -      -      -     0.06   0.94    -      -      -      -      -      -      -      -      -      -      -     vaddsd	%xmm1, %xmm2, %xmm2
 -      -      -      -      -      -      -      -     1.00    -      -      -      -      -      -      -      -      -      -      -      -      -      -     vextractf128	$1, %ymm1, %xmm1
 -      -      -      -      -      -      -      -      -      -     0.23   0.77    -      -      -      -      -      -      -      -      -      -      -     vaddsd	%xmm2, %xmm0, %xmm0
 -      -      -      -      -      -      -      -      -      -     0.19   0.81    -      -      -      -      -      -      -      -      -      -      -     vaddsd	%xmm0, %xmm1, %xmm0
 -      -      -      -      -      -      -      -      -     0.48   0.52    -      -      -      -      -      -      -      -      -      -      -      -     vunpckhpd	%xmm1, %xmm1, %xmm1
 -      -      -      -      -      -      -      -      -      -     0.23   0.77    -      -      -      -      -      -      -      -      -      -      -     vaddsd	%xmm0, %xmm1, %xmm0
 -      -      -      -      -      -      -      -     0.90   0.06   0.04    -      -      -      -      -      -      -      -      -      -      -      -     vzeroupper
0.33   0.33   0.33   1.00    -      -      -      -      -      -      -      -      -      -      -     0.33   0.33   0.33   0.33   0.33   0.33    -      -     retq


Timeline view:
                    0123456789          0123456789          0123456789          0123456789
Index     0123456789          0123456789          0123456789          0123456789          

[0,0]     DeeeeeeeeER    .    .    .    .    .    .    .    .    .    .    .    .    .   .   vmovapd	.LC0(%rip), %ymm0
[0,1]     DeE-------R    .    .    .    .    .    .    .    .    .    .    .    .    .   .   movl	$1000000000, %eax
[0,2]     D---------R    .    .    .    .    .    .    .    .    .    .    .    .    .   .   vxorpd	%xmm1, %xmm1, %xmm1
[0,3]     DeeeeeeeeER    .    .    .    .    .    .    .    .    .    .    .    .    .   .   vbroadcastsd	.LC4(%rip), %ymm4
[0,4]     D=eeeeeeeeER   .    .    .    .    .    .    .    .    .    .    .    .    .   .   vbroadcastsd	.LC5(%rip), %ymm3
[0,5]     D========eeeeeeeeeeeeeER .    .    .    .    .    .    .    .    .    .    .   .   vdivpd	%ymm0, %ymm4, %ymm2
[0,6]     .D========eeeE---------R .    .    .    .    .    .    .    .    .    .    .   .   vaddpd	%ymm3, %ymm0, %ymm0
[0,7]     .D====================eeeER   .    .    .    .    .    .    .    .    .    .   .   vaddpd	%ymm2, %ymm1, %ymm1
[0,8]     .DeE----------------------R   .    .    .    .    .    .    .    .    .    .   .   subq	$1, %rax
[0,9]     .D=eE---------------------R   .    .    .    .    .    .    .    .    .    .   .   jne	.L2
[0,10]    .D------------------------R   .    .    .    .    .    .    .    .    .    .   .   vxorpd	%xmm2, %xmm2, %xmm2
[0,11]    .D=======================eER  .    .    .    .    .    .    .    .    .    .   .   vunpckhpd	%xmm1, %xmm1, %xmm0
[0,12]    . D======================eeeER.    .    .    .    .    .    .    .    .    .   .   vaddsd	%xmm1, %xmm2, %xmm2
[0,13]    . D======================eeeeER    .    .    .    .    .    .    .    .    .   .   vextractf128	$1, %ymm1, %xmm1
[0,14]    . D=========================eeeER  .    .    .    .    .    .    .    .    .   .   vaddsd	%xmm2, %xmm0, %xmm0
[0,15]    . D============================eeeER    .    .    .    .    .    .    .    .   .   vaddsd	%xmm0, %xmm1, %xmm0
[0,16]    . D==========================eE----R    .    .    .    .    .    .    .    .   .   vunpckhpd	%xmm1, %xmm1, %xmm1
[0,17]    . D===============================eeeER .    .    .    .    .    .    .    .   .   vaddsd	%xmm0, %xmm1, %xmm0
[0,18]    .  DE---------------------------------R .    .    .    .    .    .    .    .   .   vzeroupper
[0,19]    .  DeeeeeE----------------------------R .    .    .    .    .    .    .    .   .   retq
[1,0]     .  DeeeeeeeeE-------------------------R .    .    .    .    .    .    .    .   .   vmovapd	.LC0(%rip), %ymm0
[1,1]     .  DeE--------------------------------R .    .    .    .    .    .    .    .   .   movl	$1000000000, %eax
[1,2]     .  D----------------------------------R .    .    .    .    .    .    .    .   .   vxorpd	%xmm1, %xmm1, %xmm1
[1,3]     .  DeeeeeeeeE-------------------------R .    .    .    .    .    .    .    .   .   vbroadcastsd	.LC4(%rip), %ymm4
[1,4]     .   DeeeeeeeeE------------------------R .    .    .    .    .    .    .    .   .   vbroadcastsd	.LC5(%rip), %ymm3
[1,5]     .   D=========eeeeeeeeeeeeeE-----------R.    .    .    .    .    .    .    .   .   vdivpd	%ymm0, %ymm4, %ymm2
[1,6]     .   D========eeeE----------------------R.    .    .    .    .    .    .    .   .   vaddpd	%ymm3, %ymm0, %ymm0
[1,7]     .   D======================eeeE--------R.    .    .    .    .    .    .    .   .   vaddpd	%ymm2, %ymm1, %ymm1
[1,8]     .   DeE--------------------------------R.    .    .    .    .    .    .    .   .   subq	$1, %rax
[1,9]     .   D=eE-------------------------------R.    .    .    .    .    .    .    .   .   jne	.L2
[1,10]    .    D---------------------------------R.    .    .    .    .    .    .    .   .   vxorpd	%xmm2, %xmm2, %xmm2
[1,11]    .    D========================eE-------R.    .    .    .    .    .    .    .   .   vunpckhpd	%xmm1, %xmm1, %xmm0
[1,12]    .    D========================eeeE-----R.    .    .    .    .    .    .    .   .   vaddsd	%xmm1, %xmm2, %xmm2
[1,13]    .    D========================eeeeE-----R    .    .    .    .    .    .    .   .   vextractf128	$1, %ymm1, %xmm1
[1,14]    .    D===========================eeeE---R    .    .    .    .    .    .    .   .   vaddsd	%xmm2, %xmm0, %xmm0
[1,15]    .    D==============================eeeER    .    .    .    .    .    .    .   .   vaddsd	%xmm0, %xmm1, %xmm0
[1,16]    .    .D============================eE---R    .    .    .    .    .    .    .   .   vunpckhpd	%xmm1, %xmm1, %xmm1
[1,17]    .    .D================================eeeER .    .    .    .    .    .    .   .   vaddsd	%xmm0, %xmm1, %xmm0
[1,18]    .    .DE-----------------------------------R .    .    .    .    .    .    .   .   vzeroupper
[1,19]    .    .DeeeeeE------------------------------R .    .    .    .    .    .    .   .   retq
[2,0]     .    .DeeeeeeeeE---------------------------R .    .    .    .    .    .    .   .   vmovapd	.LC0(%rip), %ymm0
[2,1]     .    .DeE----------------------------------R .    .    .    .    .    .    .   .   movl	$1000000000, %eax
[2,2]     .    . D-----------------------------------R .    .    .    .    .    .    .   .   vxorpd	%xmm1, %xmm1, %xmm1
[2,3]     .    . DeeeeeeeeE--------------------------R .    .    .    .    .    .    .   .   vbroadcastsd	.LC4(%rip), %ymm4
[2,4]     .    . DeeeeeeeeE--------------------------R .    .    .    .    .    .    .   .   vbroadcastsd	.LC5(%rip), %ymm3
[2,5]     .    . D===========eeeeeeeeeeeeeE-----------R.    .    .    .    .    .    .   .   vdivpd	%ymm0, %ymm4, %ymm2
[2,6]     .    . D========eeeE------------------------R.    .    .    .    .    .    .   .   vaddpd	%ymm3, %ymm0, %ymm0
[2,7]     .    . D========================eeeE--------R.    .    .    .    .    .    .   .   vaddpd	%ymm2, %ymm1, %ymm1
[2,8]     .    .  DeE---------------------------------R.    .    .    .    .    .    .   .   subq	$1, %rax
[2,9]     .    .  D=eE--------------------------------R.    .    .    .    .    .    .   .   jne	.L2
[2,10]    .    .  D-----------------------------------R.    .    .    .    .    .    .   .   vxorpd	%xmm2, %xmm2, %xmm2
[2,11]    .    .  D===========================eE------R.    .    .    .    .    .    .   .   vunpckhpd	%xmm1, %xmm1, %xmm0
[2,12]    .    .  D==========================eeeE-----R.    .    .    .    .    .    .   .   vaddsd	%xmm1, %xmm2, %xmm2
[2,13]    .    .  D==========================eeeeE-----R    .    .    .    .    .    .   .   vextractf128	$1, %ymm1, %xmm1
[2,14]    .    .   D============================eeeE---R    .    .    .    .    .    .   .   vaddsd	%xmm2, %xmm0, %xmm0
[2,15]    .    .   D===============================eeeER    .    .    .    .    .    .   .   vaddsd	%xmm0, %xmm1, %xmm0
[2,16]    .    .   D==============================eE---R    .    .    .    .    .    .   .   vunpckhpd	%xmm1, %xmm1, %xmm1
[2,17]    .    .   D==================================eeeER .    .    .    .    .    .   .   vaddsd	%xmm0, %xmm1, %xmm0
[2,18]    .    .   DE-------------------------------------R .    .    .    .    .    .   .   vzeroupper
[2,19]    .    .   DeeeeeE--------------------------------R .    .    .    .    .    .   .   retq
[3,0]     .    .    DeeeeeeeeE----------------------------R .    .    .    .    .    .   .   vmovapd	.LC0(%rip), %ymm0
[3,1]     .    .    DeE-----------------------------------R .    .    .    .    .    .   .   movl	$1000000000, %eax
[3,2]     .    .    D-------------------------------------R .    .    .    .    .    .   .   vxorpd	%xmm1, %xmm1, %xmm1
[3,3]     .    .    DeeeeeeeeE----------------------------R .    .    .    .    .    .   .   vbroadcastsd	.LC4(%rip), %ymm4
[3,4]     .    .    D=eeeeeeeeE---------------------------R .    .    .    .    .    .   .   vbroadcastsd	.LC5(%rip), %ymm3
[3,5]     .    .    D=============eeeeeeeeeeeeeE-----------R.    .    .    .    .    .   .   vdivpd	%ymm0, %ymm4, %ymm2
[3,6]     .    .    .D========eeeE-------------------------R.    .    .    .    .    .   .   vaddpd	%ymm3, %ymm0, %ymm0
[3,7]     .    .    .D=========================eeeE--------R.    .    .    .    .    .   .   vaddpd	%ymm2, %ymm1, %ymm1
[3,8]     .    .    .DeE-----------------------------------R.    .    .    .    .    .   .   subq	$1, %rax
[3,9]     .    .    .D=eE----------------------------------R.    .    .    .    .    .   .   jne	.L2
[3,10]    .    .    .D-------------------------------------R.    .    .    .    .    .   .   vxorpd	%xmm2, %xmm2, %xmm2
[3,11]    .    .    .D=============================eE------R.    .    .    .    .    .   .   vunpckhpd	%xmm1, %xmm1, %xmm0
[3,12]    .    .    . D===========================eeeE-----R.    .    .    .    .    .   .   vaddsd	%xmm1, %xmm2, %xmm2
[3,13]    .    .    . D===========================eeeeE-----R    .    .    .    .    .   .   vextractf128	$1, %ymm1, %xmm1
[3,14]    .    .    . D==============================eeeE---R    .    .    .    .    .   .   vaddsd	%xmm2, %xmm0, %xmm0
[3,15]    .    .    . D=================================eeeER    .    .    .    .    .   .   vaddsd	%xmm0, %xmm1, %xmm0
[3,16]    .    .    . D===============================eE----R    .    .    .    .    .   .   vunpckhpd	%xmm1, %xmm1, %xmm1
[3,17]    .    .    . D====================================eeeER .    .    .    .    .   .   vaddsd	%xmm0, %xmm1, %xmm0
[3,18]    .    .    .  DE--------------------------------------R .    .    .    .    .   .   vzeroupper
[3,19]    .    .    .  DeeeeeE---------------------------------R .    .    .    .    .   .   retq
[4,0]     .    .    .  DeeeeeeeeE------------------------------R .    .    .    .    .   .   vmovapd	.LC0(%rip), %ymm0
[4,1]     .    .    .  DeE-------------------------------------R .    .    .    .    .   .   movl	$1000000000, %eax
[4,2]     .    .    .  D---------------------------------------R .    .    .    .    .   .   vxorpd	%xmm1, %xmm1, %xmm1
[4,3]     .    .    .  DeeeeeeeeE------------------------------R .    .    .    .    .   .   vbroadcastsd	.LC4(%rip), %ymm4
[4,4]     .    .    .   DeeeeeeeeE-----------------------------R .    .    .    .    .   .   vbroadcastsd	.LC5(%rip), %ymm3
[4,5]     .    .    .   D================eeeeeeeeeeeeeE---------R.    .    .    .    .   .   vdivpd	%ymm0, %ymm4, %ymm2
[4,6]     .    .    .   D========eeeE---------------------------R.    .    .    .    .   .   vaddpd	%ymm3, %ymm0, %ymm0
[4,7]     .    .    .   D=============================eeeE------R.    .    .    .    .   .   vaddpd	%ymm2, %ymm1, %ymm1
[4,8]     .    .    .   DeE-------------------------------------R.    .    .    .    .   .   subq	$1, %rax
[4,9]     .    .    .   D=eE------------------------------------R.    .    .    .    .   .   jne	.L2
[4,10]    .    .    .    D--------------------------------------R.    .    .    .    .   .   vxorpd	%xmm2, %xmm2, %xmm2
[4,11]    .    .    .    D===============================eE-----R.    .    .    .    .   .   vunpckhpd	%xmm1, %xmm1, %xmm0
[4,12]    .    .    .    D===============================eeeE---R.    .    .    .    .   .   vaddsd	%xmm1, %xmm2, %xmm2
[4,13]    .    .    .    D===============================eeeeE---R    .    .    .    .   .   vextractf128	$1, %ymm1, %xmm1
[4,14]    .    .    .    D==================================eeeE-R    .    .    .    .   .   vaddsd	%xmm2, %xmm0, %xmm0
[4,15]    .    .    .    D=====================================eeeER  .    .    .    .   .   vaddsd	%xmm0, %xmm1, %xmm0
[4,16]    .    .    .    .D==================================eE----R  .    .    .    .   .   vunpckhpd	%xmm1, %xmm1, %xmm1
[4,17]    .    .    .    .D=======================================eeeER    .    .    .   .   vaddsd	%xmm0, %xmm1, %xmm0
[4,18]    .    .    .    .DE------------------------------------------R    .    .    .   .   vzeroupper
[4,19]    .    .    .    .DeeeeeE-------------------------------------R    .    .    .   .   retq
[5,0]     .    .    .    .DeeeeeeeeE----------------------------------R    .    .    .   .   vmovapd	.LC0(%rip), %ymm0
[5,1]     .    .    .    .DeE-----------------------------------------R    .    .    .   .   movl	$1000000000, %eax
[5,2]     .    .    .    . D------------------------------------------R    .    .    .   .   vxorpd	%xmm1, %xmm1, %xmm1
[5,3]     .    .    .    . DeeeeeeeeE---------------------------------R    .    .    .   .   vbroadcastsd	.LC4(%rip), %ymm4
[5,4]     .    .    .    . D=eeeeeeeeE--------------------------------R    .    .    .   .   vbroadcastsd	.LC5(%rip), %ymm3
[5,5]     .    .    .    . D===================eeeeeeeeeeeeeE----------R   .    .    .   .   vdivpd	%ymm0, %ymm4, %ymm2
[5,6]     .    .    .    . D=========eeeE------------------------------R   .    .    .   .   vaddpd	%ymm3, %ymm0, %ymm0
[5,7]     .    .    .    . D================================eeeE-------R   .    .    .   .   vaddpd	%ymm2, %ymm1, %ymm1
[5,8]     .    .    .    .  DeE----------------------------------------R   .    .    .   .   subq	$1, %rax
[5,9]     .    .    .    .  D=eE---------------------------------------R   .    .    .   .   jne	.L2
[5,10]    .    .    .    .  D------------------------------------------R   .    .    .   .   vxorpd	%xmm2, %xmm2, %xmm2
[5,11]    .    .    .    .  D==================================eE------R   .    .    .   .   vunpckhpd	%xmm1, %xmm1, %xmm0
[5,12]    .    .    .    .  D===================================eeeE---R   .    .    .   .   vaddsd	%xmm1, %xmm2, %xmm2
[5,13]    .    .    .    .  D==================================eeeeE----R  .    .    .   .   vextractf128	$1, %ymm1, %xmm1
[5,14]    .    .    .    .   D=====================================eeeE-R  .    .    .   .   vaddsd	%xmm2, %xmm0, %xmm0
[5,15]    .    .    .    .   D========================================eeeER.    .    .   .   vaddsd	%xmm0, %xmm1, %xmm0
[5,16]    .    .    .    .   D=====================================eE-----R.    .    .   .   vunpckhpd	%xmm1, %xmm1, %xmm1
[5,17]    .    .    .    .   D===========================================eeeER  .    .   .   vaddsd	%xmm0, %xmm1, %xmm0
[5,18]    .    .    .    .    .    .    .    .  DE---------------------------R  .    .   .   vzeroupper
[5,19]    .    .    .    .    .    .    .    .  DeeeeeE----------------------R  .    .   .   retq
[6,0]     .    .    .    .    .    .    .    .  DeeeeeeeeE-------------------R  .    .   .   vmovapd	.LC0(%rip), %ymm0
[6,1]     .    .    .    .    .    .    .    .  DeE--------------------------R  .    .   .   movl	$1000000000, %eax
[6,2]     .    .    .    .    .    .    .    .  D----------------------------R  .    .   .   vxorpd	%xmm1, %xmm1, %xmm1
[6,3]     .    .    .    .    .    .    .    .  D===eeeeeeeeE----------------R  .    .   .   vbroadcastsd	.LC4(%rip), %ymm4
[6,4]     .    .    .    .    .    .    .    .   D==eeeeeeeeE----------------R  .    .   .   vbroadcastsd	.LC5(%rip), %ymm3
[6,5]     .    .    .    .    .    .    .    .   D==========eeeeeeeeeeeeeE----R .    .   .   vdivpd	%ymm0, %ymm4, %ymm2
[6,6]     .    .    .    .    .    .    .    .   D===========eeeE-------------R .    .   .   vaddpd	%ymm3, %ymm0, %ymm0
[6,7]     .    .    .    .    .    .    .    .   D=======================eeeE-R .    .   .   vaddpd	%ymm2, %ymm1, %ymm1
[6,8]     .    .    .    .    .    .    .    .   DeE--------------------------R .    .   .   subq	$1, %rax
[6,9]     .    .    .    .    .    .    .    .   D=eE-------------------------R .    .   .   jne	.L2
[6,10]    .    .    .    .    .    .    .    .    D---------------------------R .    .   .   vxorpd	%xmm2, %xmm2, %xmm2
[6,11]    .    .    .    .    .    .    .    .    D=========================eER .    .   .   vunpckhpd	%xmm1, %xmm1, %xmm0
[6,12]    .    .    .    .    .    .    .    .    D=========================eeeER    .   .   vaddsd	%xmm1, %xmm2, %xmm2
[6,13]    .    .    .    .    .    .    .    .    D=========================eeeeER   .   .   vextractf128	$1, %ymm1, %xmm1
[6,14]    .    .    .    .    .    .    .    .    D============================eeeER .   .   vaddsd	%xmm2, %xmm0, %xmm0
[6,15]    .    .    .    .    .    .    .    .    D===============================eeeER  .   vaddsd	%xmm0, %xmm1, %xmm0
[6,16]    .    .    .    .    .    .    .    .    .D============================eE----R  .   vunpckhpd	%xmm1, %xmm1, %xmm1
[6,17]    .    .    .    .    .    .    .    .    .D=================================eeeER   vaddsd	%xmm0, %xmm1, %xmm0
[6,18]    .    .    .    .    .    .    .    .    .  DE----------------------------------R   vzeroupper
[6,19]    .    .    .    .    .    .    .    .    .  DeeeeeE-----------------------------R   retq
[7,0]     .    .    .    .    .    .    .    .    .  DeeeeeeeeE--------------------------R   vmovapd	.LC0(%rip), %ymm0
[7,1]     .    .    .    .    .    .    .    .    .  DeE---------------------------------R   movl	$1000000000, %eax
[7,2]     .    .    .    .    .    .    .    .    .  D-----------------------------------R   vxorpd	%xmm1, %xmm1, %xmm1
[7,3]     .    .    .    .    .    .    .    .    .  D=eeeeeeeeE-------------------------R   vbroadcastsd	.LC4(%rip), %ymm4
[7,4]     .    .    .    .    .    .    .    .    .   DeeeeeeeeE-------------------------R   vbroadcastsd	.LC5(%rip), %ymm3
Truncated display due to cycle limit


Average Wait times (based on the timeline view):
[0]: Executions
[1]: Average time spent waiting in a scheduler's queue
[2]: Average time spent waiting in a scheduler's queue while ready
[3]: Average time elapsed from WB until retire stage

      [0]    [1]    [2]    [3]
0.     10    1.0    1.0    24.1      vmovapd	.LC0(%rip), %ymm0
1.     10    1.0    1.0    31.1      movl	$1000000000, %eax
2.     10    0.0    0.0    32.9      vxorpd	%xmm1, %xmm1, %xmm1
3.     10    1.5    1.5    23.4      vbroadcastsd	.LC4(%rip), %ymm4
4.     10    1.8    1.8    22.6      vbroadcastsd	.LC5(%rip), %ymm3
5.     10    12.6   3.7    8.9       vdivpd	%ymm0, %ymm4, %ymm2
6.     10    9.8    0.2    21.5      vaddpd	%ymm3, %ymm0, %ymm0
7.     10    25.4   0.0    6.2       vaddpd	%ymm2, %ymm1, %ymm1
8.     10    1.0    0.2    32.4      subq	$1, %rax
9.     10    2.0    0.0    31.4      jne	.L2
10.    10    0.0    0.0    33.8      vxorpd	%xmm2, %xmm2, %xmm2
11.    10    27.8   0.2    5.1       vunpckhpd	%xmm1, %xmm1, %xmm0
12.    10    27.5   0.1    3.6       vaddsd	%xmm1, %xmm2, %xmm2
13.    10    27.4   0.0    3.7       vextractf128	$1, %ymm1, %xmm1
14.    10    30.3   0.0    2.0       vaddsd	%xmm2, %xmm0, %xmm0
15.    10    33.3   0.0    0.0       vaddsd	%xmm0, %xmm1, %xmm0
16.    10    30.8   0.2    3.9       vunpckhpd	%xmm1, %xmm1, %xmm1
17.    10    35.7   0.0    0.0       vaddsd	%xmm0, %xmm1, %xmm0
18.    10    1.0    1.0    34.6      vzeroupper
19.    10    1.0    1.0    29.6      retq
       10    13.5   0.6    17.5      <total>
