Time elapsed: 21.1195 s
AVX256:
Sum 24.7662
Difference Sum - Formula 2.05098e-11
Performed 8e+09 HarmonicSeriesAVX256 operations. Avg: 6.33584 CPU cycles/call
Time elapsed: 21.1196 s

 Performance counter stats for '/home/AVX512/results/Intel_Platinum_8351N_CPU_2.40GHz_harmonic_series/../../bin/harmonic_series 1 4e9':

         21,091.46 msec task-clock                       #    0.999 CPUs utilized          
             7,746      context-switches                 #  367.258 /sec                   
                 0      cpu-migrations                   #    0.000 /sec                   
                73      page-faults                      #    3.461 /sec                   
    64,134,832,477      cycles                           #    3.041 GHz                    
    48,170,790,693      instructions                     #    0.75  insn per cycle         
     8,035,157,830      branches                         #  380.967 M/sec                  
           127,681      branch-misses                    #    0.00% of all branches        
   320,673,200,010      slots                            #   15.204 G/sec                  
    38,983,800,785      topdown-retiring                 #     12.2% Retiring              
     8,802,793,725      topdown-bad-spec                 #      2.7% Bad Speculation       
         1,564,195      topdown-fe-bound                 #      0.0% Frontend Bound        
   272,911,665,516      topdown-be-bound                 #     85.1% Backend Bound         

      21.122464363 seconds time elapsed

      21.077330000 seconds user
       0.002970000 seconds sys


	Command being timed: "perf stat /home/AVX512/results/Intel_Platinum_8351N_CPU_2.40GHz_harmonic_series/../../bin/harmonic_series 1 4e9"
	User time (seconds): 21.61
	System time (seconds): 0.04
	Percent of CPU this job got: 99%
	Elapsed (wall clock) time (h:mm:ss or m:ss): 0:21.70
	Average shared text size (kbytes): 0
	Average unshared data size (kbytes): 0
	Average stack size (kbytes): 0
	Average total size (kbytes): 0
	Maximum resident set size (kbytes): 57444
	Average resident set size (kbytes): 0
	Major (requiring I/O) page faults: 0
	Minor (reclaiming a frame) page faults: 11748
	Voluntary context switches: 6
	Involuntary context switches: 7959
	Swaps: 0
	File system inputs: 0
	File system outputs: 0
	Socket messages sent: 0
	Socket messages received: 0
	Signals delivered: 0
	Page size (bytes): 4096
	Exit status: 0
