Plain sum:
Sum 24.7662
Difference Sum - Formula -4.80693e-10
Performed 3.2e+10 HarmonicSeriesPlain operations. Avg: 3.29379 CPU cycles/call
Time elapsed: 43.9177 s

 Performance counter stats for '/home/AVX512/results/Intel_Platinum_8351N_CPU_2.40GHz_harmonic_series/../../bin/harmonic_series 2 4e9':

         43,860.61 msec task-clock                       #    0.999 CPUs utilized          
            15,647      context-switches                 #  356.744 /sec                   
                 1      cpu-migrations                   #    0.023 /sec                   
                73      page-faults                      #    1.664 /sec                   
   134,839,988,085      cycles                           #    3.074 GHz                    
   192,350,132,121      instructions                     #    1.43  insn per cycle         
    32,071,944,243      branches                         #  731.224 M/sec                  
           266,672      branch-misses                    #    0.00% of all branches        
   674,178,363,150      slots                            #   15.371 G/sec                  
   153,645,521,039      topdown-retiring                 #     22.7% Retiring              
    26,438,367,182      topdown-bad-spec                 #      3.9% Bad Speculation       
         1,624,166      topdown-fe-bound                 #      0.0% Frontend Bound        
   497,333,161,910      topdown-be-bound                 #     73.4% Backend Bound         

      43.920706588 seconds time elapsed

      43.831677000 seconds user
       0.002971000 seconds sys


	Command being timed: "perf stat /home/AVX512/results/Intel_Platinum_8351N_CPU_2.40GHz_harmonic_series/../../bin/harmonic_series 2 4e9"
	User time (seconds): 44.35
	System time (seconds): 0.03
	Percent of CPU this job got: 99%
	Elapsed (wall clock) time (h:mm:ss or m:ss): 0:44.49
	Average shared text size (kbytes): 0
	Average unshared data size (kbytes): 0
	Average stack size (kbytes): 0
	Average total size (kbytes): 0
	Maximum resident set size (kbytes): 57348
	Average resident set size (kbytes): 0
	Major (requiring I/O) page faults: 0
	Minor (reclaiming a frame) page faults: 11749
	Voluntary context switches: 6
	Involuntary context switches: 15857
	Swaps: 0
	File system inputs: 0
	File system outputs: 0
	Socket messages sent: 0
	Socket messages received: 0
	Signals delivered: 0
	Page size (bytes): 4096
	Exit status: 0
