warning: found a return instruction in the input assembly sequence.
note: program counter updates are ignored.
Iterations:        10000
Instructions:      200000
Total Cycles:      50039
Total uOps:        250000

Dispatch Width:    6
uOps Per Cycle:    5.00
IPC:               4.00
Block RThroughput: 5.0


No resource or data dependency bottlenecks discovered.


Instruction Info:
[1]: #uOps
[2]: Latency
[3]: RThroughput
[4]: MayLoad
[5]: MayStore
[6]: HasSideEffects (U)

[1]    [2]    [3]    [4]    [5]    [6]    Instructions:
 1      7     0.50    *                   vmovapd	.LC0(%rip), %ymm0
 1      1     0.25                        movl	$1000000000, %eax
 1      0     0.17                        vxorpd	%xmm1, %xmm1, %xmm1
 1      7     0.50    *                   vbroadcastsd	.LC2(%rip), %ymm4
 1      7     0.50    *                   vbroadcastsd	.LC4(%rip), %ymm3
 1      14    5.00                        vdivpd	%ymm0, %ymm4, %ymm2
 1      4     0.50                        vaddpd	%ymm3, %ymm0, %ymm0
 1      4     0.50                        vaddpd	%ymm2, %ymm1, %ymm1
 1      1     0.25                        subq	$1, %rax
 1      1     0.50                        jne	.L2
 1      0     0.17                        vxorpd	%xmm3, %xmm3, %xmm3
 1      1     1.00                        vunpckhpd	%xmm1, %xmm1, %xmm0
 1      4     0.50                        vaddsd	%xmm3, %xmm1, %xmm2
 1      3     1.00                        vextractf128	$1, %ymm1, %xmm1
 1      4     0.50                        vaddsd	%xmm2, %xmm0, %xmm0
 1      4     0.50                        vaddsd	%xmm0, %xmm1, %xmm0
 1      1     1.00                        vunpckhpd	%xmm1, %xmm1, %xmm1
 1      4     0.50                        vaddsd	%xmm0, %xmm1, %xmm0
 4      0     0.67                  U     vzeroupper
 3      7     1.00                  U     retq


Retire Control Unit - number of cycles where we saw N instructions retired:
[# retired], [# cycles]
 0,           30032  (60.0%)
 1,           3  (0.0%)
 2,           10002  (20.0%)
 3,           1  (0.0%)
 4,           2  (0.0%)
 18,          9999  (20.0%)

Total ROB Entries:                224
Max Used ROB Entries:             201  ( 89.7% )
Average Used ROB Entries per cy:  191  ( 85.3% )


Resources:
[0]   - SKXDivider
[1]   - SKXFPDivider
[2]   - SKXPort0
[3]   - SKXPort1
[4]   - SKXPort2
[5]   - SKXPort3
[6]   - SKXPort4
[7]   - SKXPort5
[8]   - SKXPort6
[9]   - SKXPort7


Resource pressure per iteration:
[0]    [1]    [2]    [3]    [4]    [5]    [6]    [7]    [8]    [9]    
 -     5.00   4.00   4.00   2.00   2.00    -     3.00   4.00    -     

Resource pressure by instruction:
[0]    [1]    [2]    [3]    [4]    [5]    [6]    [7]    [8]    [9]    Instructions:
 -      -      -      -      -     1.00    -      -      -      -     vmovapd	.LC0(%rip), %ymm0
 -      -      -      -      -      -      -      -     1.00    -     movl	$1000000000, %eax
 -      -      -      -      -      -      -      -      -      -     vxorpd	%xmm1, %xmm1, %xmm1
 -      -      -      -     1.00    -      -      -      -      -     vbroadcastsd	.LC2(%rip), %ymm4
 -      -      -      -      -     1.00    -      -      -      -     vbroadcastsd	.LC4(%rip), %ymm3
 -     5.00   1.00    -      -      -      -      -      -      -     vdivpd	%ymm0, %ymm4, %ymm2
 -      -     1.00    -      -      -      -      -      -      -     vaddpd	%ymm3, %ymm0, %ymm0
 -      -     1.00    -      -      -      -      -      -      -     vaddpd	%ymm2, %ymm1, %ymm1
 -      -      -      -      -      -      -      -     1.00    -     subq	$1, %rax
 -      -      -      -      -      -      -      -     1.00    -     jne	.L2
 -      -      -      -      -      -      -      -      -      -     vxorpd	%xmm3, %xmm3, %xmm3
 -      -      -      -      -      -      -     1.00    -      -     vunpckhpd	%xmm1, %xmm1, %xmm0
 -      -      -     1.00    -      -      -      -      -      -     vaddsd	%xmm3, %xmm1, %xmm2
 -      -      -      -      -      -      -     1.00    -      -     vextractf128	$1, %ymm1, %xmm1
 -      -      -     1.00    -      -      -      -      -      -     vaddsd	%xmm2, %xmm0, %xmm0
 -      -      -     1.00    -      -      -      -      -      -     vaddsd	%xmm0, %xmm1, %xmm0
 -      -      -      -      -      -      -     1.00    -      -     vunpckhpd	%xmm1, %xmm1, %xmm1
 -      -      -     1.00    -      -      -      -      -      -     vaddsd	%xmm0, %xmm1, %xmm0
 -      -      -      -      -      -      -      -      -      -     vzeroupper
 -      -     1.00    -     1.00    -      -      -     1.00    -     retq


Timeline view:
                    0123456789          0123456789          0123456789          0123456789
Index     0123456789          0123456789          0123456789          0123456789          

[0,0]     DeeeeeeeER.    .    .    .    .    .    .    .    .    .    .    .    .    .   .   vmovapd	.LC0(%rip), %ymm0
[0,1]     DeE------R.    .    .    .    .    .    .    .    .    .    .    .    .    .   .   movl	$1000000000, %eax
[0,2]     D--------R.    .    .    .    .    .    .    .    .    .    .    .    .    .   .   vxorpd	%xmm1, %xmm1, %xmm1
[0,3]     DeeeeeeeER.    .    .    .    .    .    .    .    .    .    .    .    .    .   .   vbroadcastsd	.LC2(%rip), %ymm4
[0,4]     D=eeeeeeeER    .    .    .    .    .    .    .    .    .    .    .    .    .   .   vbroadcastsd	.LC4(%rip), %ymm3
[0,5]     D=======eeeeeeeeeeeeeeER .    .    .    .    .    .    .    .    .    .    .   .   vdivpd	%ymm0, %ymm4, %ymm2
[0,6]     .D=======eeeeE---------R .    .    .    .    .    .    .    .    .    .    .   .   vaddpd	%ymm3, %ymm0, %ymm0
[0,7]     .D====================eeeeER  .    .    .    .    .    .    .    .    .    .   .   vaddpd	%ymm2, %ymm1, %ymm1
[0,8]     .DeE-----------------------R  .    .    .    .    .    .    .    .    .    .   .   subq	$1, %rax
[0,9]     .D=eE----------------------R  .    .    .    .    .    .    .    .    .    .   .   jne	.L2
[0,10]    .D-------------------------R  .    .    .    .    .    .    .    .    .    .   .   vxorpd	%xmm3, %xmm3, %xmm3
[0,11]    .D========================eER .    .    .    .    .    .    .    .    .    .   .   vunpckhpd	%xmm1, %xmm1, %xmm0
[0,12]    . D=======================eeeeER   .    .    .    .    .    .    .    .    .   .   vaddsd	%xmm3, %xmm1, %xmm2
[0,13]    . D========================eeeER   .    .    .    .    .    .    .    .    .   .   vextractf128	$1, %ymm1, %xmm1
[0,14]    . D===========================eeeeER    .    .    .    .    .    .    .    .   .   vaddsd	%xmm2, %xmm0, %xmm0
[0,15]    . D===============================eeeeER.    .    .    .    .    .    .    .   .   vaddsd	%xmm0, %xmm1, %xmm0
[0,16]    . D===========================eE-------R.    .    .    .    .    .    .    .   .   vunpckhpd	%xmm1, %xmm1, %xmm1
[0,17]    . D===================================eeeeER .    .    .    .    .    .    .   .   vaddsd	%xmm0, %xmm1, %xmm0
[0,18]    .  D---------------------------------------R .    .    .    .    .    .    .   .   vzeroupper
[0,19]    .   DeeeeeeeE------------------------------R .    .    .    .    .    .    .   .   retq
[1,0]     .   DeeeeeeeE------------------------------R .    .    .    .    .    .    .   .   vmovapd	.LC0(%rip), %ymm0
[1,1]     .   DeE------------------------------------R .    .    .    .    .    .    .   .   movl	$1000000000, %eax
[1,2]     .   D--------------------------------------R .    .    .    .    .    .    .   .   vxorpd	%xmm1, %xmm1, %xmm1
[1,3]     .    DeeeeeeeE-----------------------------R .    .    .    .    .    .    .   .   vbroadcastsd	.LC2(%rip), %ymm4
[1,4]     .    DeeeeeeeE-----------------------------R .    .    .    .    .    .    .   .   vbroadcastsd	.LC4(%rip), %ymm3
[1,5]     .    D=======eeeeeeeeeeeeeeE---------------R .    .    .    .    .    .    .   .   vdivpd	%ymm0, %ymm4, %ymm2
[1,6]     .    D=======eeeeE-------------------------R .    .    .    .    .    .    .   .   vaddpd	%ymm3, %ymm0, %ymm0
[1,7]     .    D=====================eeeeE-----------R .    .    .    .    .    .    .   .   vaddpd	%ymm2, %ymm1, %ymm1
[1,8]     .    DeE-----------------------------------R .    .    .    .    .    .    .   .   subq	$1, %rax
[1,9]     .    .DeE----------------------------------R .    .    .    .    .    .    .   .   jne	.L2
[1,10]    .    .D------------------------------------R .    .    .    .    .    .    .   .   vxorpd	%xmm3, %xmm3, %xmm3
[1,11]    .    .D========================eE----------R .    .    .    .    .    .    .   .   vunpckhpd	%xmm1, %xmm1, %xmm0
[1,12]    .    .D========================eeeeE-------R .    .    .    .    .    .    .   .   vaddsd	%xmm3, %xmm1, %xmm2
[1,13]    .    .D=========================eeeE-------R .    .    .    .    .    .    .   .   vextractf128	$1, %ymm1, %xmm1
[1,14]    .    .D============================eeeeE---R .    .    .    .    .    .    .   .   vaddsd	%xmm2, %xmm0, %xmm0
[1,15]    .    . D===============================eeeeER.    .    .    .    .    .    .   .   vaddsd	%xmm0, %xmm1, %xmm0
[1,16]    .    . D===========================eE-------R.    .    .    .    .    .    .   .   vunpckhpd	%xmm1, %xmm1, %xmm1
[1,17]    .    . D===================================eeeeER .    .    .    .    .    .   .   vaddsd	%xmm0, %xmm1, %xmm0
[1,18]    .    .  D---------------------------------------R .    .    .    .    .    .   .   vzeroupper
[1,19]    .    .   DeeeeeeeE------------------------------R .    .    .    .    .    .   .   retq
[2,0]     .    .   DeeeeeeeE------------------------------R .    .    .    .    .    .   .   vmovapd	.LC0(%rip), %ymm0
[2,1]     .    .   DeE------------------------------------R .    .    .    .    .    .   .   movl	$1000000000, %eax
[2,2]     .    .   D--------------------------------------R .    .    .    .    .    .   .   vxorpd	%xmm1, %xmm1, %xmm1
[2,3]     .    .    DeeeeeeeE-----------------------------R .    .    .    .    .    .   .   vbroadcastsd	.LC2(%rip), %ymm4
[2,4]     .    .    DeeeeeeeE-----------------------------R .    .    .    .    .    .   .   vbroadcastsd	.LC4(%rip), %ymm3
[2,5]     .    .    D=======eeeeeeeeeeeeeeE---------------R .    .    .    .    .    .   .   vdivpd	%ymm0, %ymm4, %ymm2
[2,6]     .    .    D=======eeeeE-------------------------R .    .    .    .    .    .   .   vaddpd	%ymm3, %ymm0, %ymm0
[2,7]     .    .    D=====================eeeeE-----------R .    .    .    .    .    .   .   vaddpd	%ymm2, %ymm1, %ymm1
[2,8]     .    .    DeE-----------------------------------R .    .    .    .    .    .   .   subq	$1, %rax
[2,9]     .    .    .DeE----------------------------------R .    .    .    .    .    .   .   jne	.L2
[2,10]    .    .    .D------------------------------------R .    .    .    .    .    .   .   vxorpd	%xmm3, %xmm3, %xmm3
[2,11]    .    .    .D========================eE----------R .    .    .    .    .    .   .   vunpckhpd	%xmm1, %xmm1, %xmm0
[2,12]    .    .    .D========================eeeeE-------R .    .    .    .    .    .   .   vaddsd	%xmm3, %xmm1, %xmm2
[2,13]    .    .    .D=========================eeeE-------R .    .    .    .    .    .   .   vextractf128	$1, %ymm1, %xmm1
[2,14]    .    .    .D============================eeeeE---R .    .    .    .    .    .   .   vaddsd	%xmm2, %xmm0, %xmm0
[2,15]    .    .    . D===============================eeeeER.    .    .    .    .    .   .   vaddsd	%xmm0, %xmm1, %xmm0
[2,16]    .    .    . D===========================eE-------R.    .    .    .    .    .   .   vunpckhpd	%xmm1, %xmm1, %xmm1
[2,17]    .    .    . D===================================eeeeER .    .    .    .    .   .   vaddsd	%xmm0, %xmm1, %xmm0
[2,18]    .    .    .  D---------------------------------------R .    .    .    .    .   .   vzeroupper
[2,19]    .    .    .   DeeeeeeeE------------------------------R .    .    .    .    .   .   retq
[3,0]     .    .    .   DeeeeeeeE------------------------------R .    .    .    .    .   .   vmovapd	.LC0(%rip), %ymm0
[3,1]     .    .    .   DeE------------------------------------R .    .    .    .    .   .   movl	$1000000000, %eax
[3,2]     .    .    .   D--------------------------------------R .    .    .    .    .   .   vxorpd	%xmm1, %xmm1, %xmm1
[3,3]     .    .    .    DeeeeeeeE-----------------------------R .    .    .    .    .   .   vbroadcastsd	.LC2(%rip), %ymm4
[3,4]     .    .    .    DeeeeeeeE-----------------------------R .    .    .    .    .   .   vbroadcastsd	.LC4(%rip), %ymm3
[3,5]     .    .    .    D=======eeeeeeeeeeeeeeE---------------R .    .    .    .    .   .   vdivpd	%ymm0, %ymm4, %ymm2
[3,6]     .    .    .    D=======eeeeE-------------------------R .    .    .    .    .   .   vaddpd	%ymm3, %ymm0, %ymm0
[3,7]     .    .    .    D=====================eeeeE-----------R .    .    .    .    .   .   vaddpd	%ymm2, %ymm1, %ymm1
[3,8]     .    .    .    DeE-----------------------------------R .    .    .    .    .   .   subq	$1, %rax
[3,9]     .    .    .    .DeE----------------------------------R .    .    .    .    .   .   jne	.L2
[3,10]    .    .    .    .D------------------------------------R .    .    .    .    .   .   vxorpd	%xmm3, %xmm3, %xmm3
[3,11]    .    .    .    .D========================eE----------R .    .    .    .    .   .   vunpckhpd	%xmm1, %xmm1, %xmm0
[3,12]    .    .    .    .D========================eeeeE-------R .    .    .    .    .   .   vaddsd	%xmm3, %xmm1, %xmm2
[3,13]    .    .    .    .D=========================eeeE-------R .    .    .    .    .   .   vextractf128	$1, %ymm1, %xmm1
[3,14]    .    .    .    .D============================eeeeE---R .    .    .    .    .   .   vaddsd	%xmm2, %xmm0, %xmm0
[3,15]    .    .    .    . D===============================eeeeER.    .    .    .    .   .   vaddsd	%xmm0, %xmm1, %xmm0
[3,16]    .    .    .    . D===========================eE-------R.    .    .    .    .   .   vunpckhpd	%xmm1, %xmm1, %xmm1
[3,17]    .    .    .    . D===================================eeeeER .    .    .    .   .   vaddsd	%xmm0, %xmm1, %xmm0
[3,18]    .    .    .    .  D---------------------------------------R .    .    .    .   .   vzeroupper
[3,19]    .    .    .    .   DeeeeeeeE------------------------------R .    .    .    .   .   retq
[4,0]     .    .    .    .   DeeeeeeeE------------------------------R .    .    .    .   .   vmovapd	.LC0(%rip), %ymm0
[4,1]     .    .    .    .   DeE------------------------------------R .    .    .    .   .   movl	$1000000000, %eax
[4,2]     .    .    .    .   D--------------------------------------R .    .    .    .   .   vxorpd	%xmm1, %xmm1, %xmm1
[4,3]     .    .    .    .    DeeeeeeeE-----------------------------R .    .    .    .   .   vbroadcastsd	.LC2(%rip), %ymm4
[4,4]     .    .    .    .    DeeeeeeeE-----------------------------R .    .    .    .   .   vbroadcastsd	.LC4(%rip), %ymm3
[4,5]     .    .    .    .    D=======eeeeeeeeeeeeeeE---------------R .    .    .    .   .   vdivpd	%ymm0, %ymm4, %ymm2
[4,6]     .    .    .    .    D=======eeeeE-------------------------R .    .    .    .   .   vaddpd	%ymm3, %ymm0, %ymm0
[4,7]     .    .    .    .    D=====================eeeeE-----------R .    .    .    .   .   vaddpd	%ymm2, %ymm1, %ymm1
[4,8]     .    .    .    .    DeE-----------------------------------R .    .    .    .   .   subq	$1, %rax
[4,9]     .    .    .    .    .DeE----------------------------------R .    .    .    .   .   jne	.L2
[4,10]    .    .    .    .    .D------------------------------------R .    .    .    .   .   vxorpd	%xmm3, %xmm3, %xmm3
[4,11]    .    .    .    .    .D========================eE----------R .    .    .    .   .   vunpckhpd	%xmm1, %xmm1, %xmm0
[4,12]    .    .    .    .    .D========================eeeeE-------R .    .    .    .   .   vaddsd	%xmm3, %xmm1, %xmm2
[4,13]    .    .    .    .    .D=========================eeeE-------R .    .    .    .   .   vextractf128	$1, %ymm1, %xmm1
[4,14]    .    .    .    .    .D============================eeeeE---R .    .    .    .   .   vaddsd	%xmm2, %xmm0, %xmm0
[4,15]    .    .    .    .    . D===============================eeeeER.    .    .    .   .   vaddsd	%xmm0, %xmm1, %xmm0
[4,16]    .    .    .    .    . D===========================eE-------R.    .    .    .   .   vunpckhpd	%xmm1, %xmm1, %xmm1
[4,17]    .    .    .    .    . D===================================eeeeER .    .    .   .   vaddsd	%xmm0, %xmm1, %xmm0
[4,18]    .    .    .    .    .  D---------------------------------------R .    .    .   .   vzeroupper
[4,19]    .    .    .    .    .   DeeeeeeeE------------------------------R .    .    .   .   retq
[5,0]     .    .    .    .    .   DeeeeeeeE------------------------------R .    .    .   .   vmovapd	.LC0(%rip), %ymm0
[5,1]     .    .    .    .    .   DeE------------------------------------R .    .    .   .   movl	$1000000000, %eax
[5,2]     .    .    .    .    .   D--------------------------------------R .    .    .   .   vxorpd	%xmm1, %xmm1, %xmm1
[5,3]     .    .    .    .    .    DeeeeeeeE-----------------------------R .    .    .   .   vbroadcastsd	.LC2(%rip), %ymm4
[5,4]     .    .    .    .    .    DeeeeeeeE-----------------------------R .    .    .   .   vbroadcastsd	.LC4(%rip), %ymm3
[5,5]     .    .    .    .    .    D=======eeeeeeeeeeeeeeE---------------R .    .    .   .   vdivpd	%ymm0, %ymm4, %ymm2
[5,6]     .    .    .    .    .    D=======eeeeE-------------------------R .    .    .   .   vaddpd	%ymm3, %ymm0, %ymm0
[5,7]     .    .    .    .    .    D=====================eeeeE-----------R .    .    .   .   vaddpd	%ymm2, %ymm1, %ymm1
[5,8]     .    .    .    .    .    DeE-----------------------------------R .    .    .   .   subq	$1, %rax
[5,9]     .    .    .    .    .    .DeE----------------------------------R .    .    .   .   jne	.L2
[5,10]    .    .    .    .    .    .D------------------------------------R .    .    .   .   vxorpd	%xmm3, %xmm3, %xmm3
[5,11]    .    .    .    .    .    .D========================eE----------R .    .    .   .   vunpckhpd	%xmm1, %xmm1, %xmm0
[5,12]    .    .    .    .    .    .D========================eeeeE-------R .    .    .   .   vaddsd	%xmm3, %xmm1, %xmm2
[5,13]    .    .    .    .    .    .D=========================eeeE-------R .    .    .   .   vextractf128	$1, %ymm1, %xmm1
[5,14]    .    .    .    .    .    .D============================eeeeE---R .    .    .   .   vaddsd	%xmm2, %xmm0, %xmm0
[5,15]    .    .    .    .    .    . D===============================eeeeER.    .    .   .   vaddsd	%xmm0, %xmm1, %xmm0
[5,16]    .    .    .    .    .    . D===========================eE-------R.    .    .   .   vunpckhpd	%xmm1, %xmm1, %xmm1
[5,17]    .    .    .    .    .    . D===================================eeeeER .    .   .   vaddsd	%xmm0, %xmm1, %xmm0
[5,18]    .    .    .    .    .    .  D---------------------------------------R .    .   .   vzeroupper
[5,19]    .    .    .    .    .    .   DeeeeeeeE------------------------------R .    .   .   retq
[6,0]     .    .    .    .    .    .   DeeeeeeeE------------------------------R .    .   .   vmovapd	.LC0(%rip), %ymm0
[6,1]     .    .    .    .    .    .   D=eE-----------------------------------R .    .   .   movl	$1000000000, %eax
[6,2]     .    .    .    .    .    .   D--------------------------------------R .    .   .   vxorpd	%xmm1, %xmm1, %xmm1
[6,3]     .    .    .    .    .    .    DeeeeeeeE-----------------------------R .    .   .   vbroadcastsd	.LC2(%rip), %ymm4
[6,4]     .    .    .    .    .    .    DeeeeeeeE-----------------------------R .    .   .   vbroadcastsd	.LC4(%rip), %ymm3
[6,5]     .    .    .    .    .    .    D=======eeeeeeeeeeeeeeE---------------R .    .   .   vdivpd	%ymm0, %ymm4, %ymm2
[6,6]     .    .    .    .    .    .    D========eeeeE------------------------R .    .   .   vaddpd	%ymm3, %ymm0, %ymm0
[6,7]     .    .    .    .    .    .    D=====================eeeeE-----------R .    .   .   vaddpd	%ymm2, %ymm1, %ymm1
[6,8]     .    .    .    .    .    .    D=eE----------------------------------R .    .   .   subq	$1, %rax
[6,9]     .    .    .    .    .    .    .D=eE---------------------------------R .    .   .   jne	.L2
[6,10]    .    .    .    .    .    .    .D------------------------------------R .    .   .   vxorpd	%xmm3, %xmm3, %xmm3
[6,11]    .    .    .    .    .    .    .D========================eE----------R .    .   .   vunpckhpd	%xmm1, %xmm1, %xmm0
[6,12]    .    .    .    .    .    .    .D========================eeeeE-------R .    .   .   vaddsd	%xmm3, %xmm1, %xmm2
[6,13]    .    .    .    .    .    .    .D=========================eeeE-------R .    .   .   vextractf128	$1, %ymm1, %xmm1
[6,14]    .    .    .    .    .    .    .D============================eeeeE---R .    .   .   vaddsd	%xmm2, %xmm0, %xmm0
[6,15]    .    .    .    .    .    .    . D===============================eeeeER.    .   .   vaddsd	%xmm0, %xmm1, %xmm0
[6,16]    .    .    .    .    .    .    . D===========================eE-------R.    .   .   vunpckhpd	%xmm1, %xmm1, %xmm1
[6,17]    .    .    .    .    .    .    . D===================================eeeeER .   .   vaddsd	%xmm0, %xmm1, %xmm0
[6,18]    .    .    .    .    .    .    .  D---------------------------------------R .   .   vzeroupper
[6,19]    .    .    .    .    .    .    .   DeeeeeeeE------------------------------R .   .   retq
[7,0]     .    .    .    .    .    .    .   DeeeeeeeE------------------------------R .   .   vmovapd	.LC0(%rip), %ymm0
[7,1]     .    .    .    .    .    .    .   D=eE-----------------------------------R .   .   movl	$1000000000, %eax
[7,2]     .    .    .    .    .    .    .   D--------------------------------------R .   .   vxorpd	%xmm1, %xmm1, %xmm1
[7,3]     .    .    .    .    .    .    .    DeeeeeeeE-----------------------------R .   .   vbroadcastsd	.LC2(%rip), %ymm4
[7,4]     .    .    .    .    .    .    .    DeeeeeeeE-----------------------------R .   .   vbroadcastsd	.LC4(%rip), %ymm3
[7,5]     .    .    .    .    .    .    .    D=======eeeeeeeeeeeeeeE---------------R .   .   vdivpd	%ymm0, %ymm4, %ymm2
[7,6]     .    .    .    .    .    .    .    D========eeeeE------------------------R .   .   vaddpd	%ymm3, %ymm0, %ymm0
[7,7]     .    .    .    .    .    .    .    D=====================eeeeE-----------R .   .   vaddpd	%ymm2, %ymm1, %ymm1
[7,8]     .    .    .    .    .    .    .    D=eE----------------------------------R .   .   subq	$1, %rax
[7,9]     .    .    .    .    .    .    .    .D=eE---------------------------------R .   .   jne	.L2
[7,10]    .    .    .    .    .    .    .    .D------------------------------------R .   .   vxorpd	%xmm3, %xmm3, %xmm3
[7,11]    .    .    .    .    .    .    .    .D========================eE----------R .   .   vunpckhpd	%xmm1, %xmm1, %xmm0
[7,12]    .    .    .    .    .    .    .    .D========================eeeeE-------R .   .   vaddsd	%xmm3, %xmm1, %xmm2
[7,13]    .    .    .    .    .    .    .    .D=========================eeeE-------R .   .   vextractf128	$1, %ymm1, %xmm1
[7,14]    .    .    .    .    .    .    .    .D============================eeeeE---R .   .   vaddsd	%xmm2, %xmm0, %xmm0
[7,15]    .    .    .    .    .    .    .    . D===============================eeeeER.   .   vaddsd	%xmm0, %xmm1, %xmm0
[7,16]    .    .    .    .    .    .    .    . D===========================eE-------R.   .   vunpckhpd	%xmm1, %xmm1, %xmm1
[7,17]    .    .    .    .    .    .    .    . D===================================eeeeER.   vaddsd	%xmm0, %xmm1, %xmm0
[7,18]    .    .    .    .    .    .    .    .  D---------------------------------------R.   vzeroupper
[7,19]    .    .    .    .    .    .    .    .   DeeeeeeeE------------------------------R.   retq
[8,0]     .    .    .    .    .    .    .    .   DeeeeeeeE------------------------------R.   vmovapd	.LC0(%rip), %ymm0
[8,1]     .    .    .    .    .    .    .    .   D=eE-----------------------------------R.   movl	$1000000000, %eax
[8,2]     .    .    .    .    .    .    .    .   D--------------------------------------R.   vxorpd	%xmm1, %xmm1, %xmm1
[8,3]     .    .    .    .    .    .    .    .    DeeeeeeeE-----------------------------R.   vbroadcastsd	.LC2(%rip), %ymm4
[8,4]     .    .    .    .    .    .    .    .    DeeeeeeeE-----------------------------R.   vbroadcastsd	.LC4(%rip), %ymm3
[8,5]     .    .    .    .    .    .    .    .    D=======eeeeeeeeeeeeeeE---------------R.   vdivpd	%ymm0, %ymm4, %ymm2
[8,6]     .    .    .    .    .    .    .    .    D========eeeeE------------------------R.   vaddpd	%ymm3, %ymm0, %ymm0
[8,7]     .    .    .    .    .    .    .    .    D=====================eeeeE-----------R.   vaddpd	%ymm2, %ymm1, %ymm1
[8,8]     .    .    .    .    .    .    .    .    D=eE----------------------------------R.   subq	$1, %rax
[8,9]     .    .    .    .    .    .    .    .    .D=eE---------------------------------R.   jne	.L2
[8,10]    .    .    .    .    .    .    .    .    .D------------------------------------R.   vxorpd	%xmm3, %xmm3, %xmm3
[8,11]    .    .    .    .    .    .    .    .    .D========================eE----------R.   vunpckhpd	%xmm1, %xmm1, %xmm0
[8,12]    .    .    .    .    .    .    .    .    .D========================eeeeE-------R.   vaddsd	%xmm3, %xmm1, %xmm2
[8,13]    .    .    .    .    .    .    .    .    .D=========================eeeE-------R.   vextractf128	$1, %ymm1, %xmm1
[8,14]    .    .    .    .    .    .    .    .    .D============================eeeeE---R.   vaddsd	%xmm2, %xmm0, %xmm0
[8,15]    .    .    .    .    .    .    .    .    . D===============================eeeeER   vaddsd	%xmm0, %xmm1, %xmm0
[8,16]    .    .    .    .    .    .    .    .    . D===========================eE-------R   vunpckhpd	%xmm1, %xmm1, %xmm1
Truncated display due to cycle limit


Average Wait times (based on the timeline view):
[0]: Executions
[1]: Average time spent waiting in a scheduler's queue
[2]: Average time spent waiting in a scheduler's queue while ready
[3]: Average time elapsed from WB until retire stage

      [0]    [1]    [2]    [3]
0.     10    1.0    1.0    27.0      vmovapd	.LC0(%rip), %ymm0
1.     10    1.4    1.4    32.6      movl	$1000000000, %eax
2.     10    0.0    0.0    35.0      vxorpd	%xmm1, %xmm1, %xmm1
3.     10    1.0    1.0    26.1      vbroadcastsd	.LC2(%rip), %ymm4
4.     10    1.1    1.1    26.1      vbroadcastsd	.LC4(%rip), %ymm3
5.     10    8.0    0.0    13.5      vdivpd	%ymm0, %ymm4, %ymm2
6.     10    8.4    0.4    23.0      vaddpd	%ymm3, %ymm0, %ymm0
7.     10    21.9   0.0    9.9       vaddpd	%ymm2, %ymm1, %ymm1
8.     10    1.4    0.0    33.4      subq	$1, %rax
9.     10    1.5    0.0    32.4      jne	.L2
10.    10    0.0    0.0    34.9      vxorpd	%xmm3, %xmm3, %xmm3
11.    10    25.0   0.0    9.0       vunpckhpd	%xmm1, %xmm1, %xmm0
12.    10    24.9   0.0    6.3       vaddsd	%xmm3, %xmm1, %xmm2
13.    10    25.9   1.0    6.3       vextractf128	$1, %ymm1, %xmm1
14.    10    28.9   0.0    2.7       vaddsd	%xmm2, %xmm0, %xmm0
15.    10    32.0   0.0    0.0       vaddsd	%xmm0, %xmm1, %xmm0
16.    10    28.0   0.0    7.0       vunpckhpd	%xmm1, %xmm1, %xmm1
17.    10    36.0   0.0    0.0       vaddsd	%xmm0, %xmm1, %xmm0
18.    10    0.0    0.0    39.0      vzeroupper
19.    10    1.0    1.0    30.0      retq
       10    12.4   0.3    19.7      <total>
