warning: found a return instruction in the input assembly sequence.
note: program counter updates are ignored.
Iterations:        10000
Instructions:      460000
Total Cycles:      690055
Total uOps:        650000

Dispatch Width:    6
uOps Per Cycle:    0.94
IPC:               0.67
Block RThroughput: 64.0


Cycles with backend pressure increase [ 98.53% ]
Throughput Bottlenecks: 
  Resource Pressure       [ 98.53% ]
  - SKXFPDivider  [ 92.73% ]
  - SKXPort0  [ 26.08% ]
  - SKXPort1  [ 5.80% ]
  - SKXPort2  [ 1.45% ]
  - SKXPort3  [ 1.45% ]
  - SKXPort5  [ 26.08% ]
  - SKXPort6  [ 1.45% ]
  Data Dependencies:      [ 88.38% ]
  - Register Dependencies [ 88.38% ]
  - Memory Dependencies   [ 0.00% ]

Critical sequence based on the simulation:

              Instruction                                 Dependency Information
 +----< 20.   vdivpd	%zmm5, %zmm1, %zmm10
 |
 |    < loop carried > 
 |
 |      0.    vxorpd	%xmm7, %xmm7, %xmm7
 |      1.    movl	$1000000000, %eax
 |      2.    vmovapd	.LC0(%rip), %zmm5
 |      3.    vmovapd	.LC1(%rip), %zmm4
 |      4.    vmovapd	.LC2(%rip), %zmm3
 |      5.    vmovapd	%zmm7, %zmm8
 |      6.    vmovapd	.LC3(%rip), %zmm2
 |      7.    vmovapd	%zmm7, %zmm9
 |      8.    vbroadcastsd	.LC5(%rip), %zmm1
 |      9.    vmovapd	%zmm7, %zmm6
 |      10.   vbroadcastsd	.LC7(%rip), %zmm0
 +----> 11.   vdivpd	%zmm2, %zmm1, %zmm10              ## RESOURCE interference:  SKXFPDivider [ probability: 99% ]
 |      12.   vaddpd	%zmm0, %zmm2, %zmm2
 |      13.   vaddpd	%zmm10, %zmm6, %zmm6
 +----> 14.   vdivpd	%zmm3, %zmm1, %zmm10              ## RESOURCE interference:  SKXFPDivider [ probability: 0% ]
 |      15.   vaddpd	%zmm0, %zmm3, %zmm3
 |      16.   vaddpd	%zmm10, %zmm9, %zmm9
 +----> 17.   vdivpd	%zmm4, %zmm1, %zmm10              ## RESOURCE interference:  SKXFPDivider [ probability: 99% ]
 |      18.   vaddpd	%zmm0, %zmm4, %zmm4
 |      19.   vaddpd	%zmm10, %zmm8, %zmm8
 +----> 20.   vdivpd	%zmm5, %zmm1, %zmm10              ## RESOURCE interference:  SKXFPDivider [ probability: 99% ]
 |      21.   vaddpd	%zmm0, %zmm5, %zmm5
 |      22.   vaddpd	%zmm10, %zmm7, %zmm7
 |      23.   subq	$1, %rax
 |      24.   jne	.L2
 |      25.   vaddpd	%zmm9, %zmm6, %zmm0
 |      26.   vxorpd	%xmm4, %xmm4, %xmm4
 |      27.   vaddpd	%zmm8, %zmm0, %zmm0
 |      28.   vaddpd	%zmm7, %zmm0, %zmm0
 |      29.   vaddsd	%xmm4, %xmm0, %xmm3
 |      30.   vunpckhpd	%xmm0, %xmm0, %xmm2
 |      31.   vextractf128	$1, %ymm0, %xmm1
 |      32.   vextractf64x4	$1, %zmm0, %ymm0
 |      33.   vaddsd	%xmm3, %xmm2, %xmm2
 |      34.   vaddsd	%xmm2, %xmm1, %xmm2
 |      35.   vunpckhpd	%xmm1, %xmm1, %xmm1
 |      36.   vaddsd	%xmm2, %xmm1, %xmm1
 |      37.   vaddsd	%xmm1, %xmm0, %xmm3
 |      38.   vunpckhpd	%xmm0, %xmm0, %xmm1
 |      39.   vextractf128	$1, %ymm0, %xmm0
 |      40.   vaddsd	%xmm3, %xmm1, %xmm1
 |      41.   vaddsd	%xmm1, %xmm0, %xmm1
 |      42.   vunpckhpd	%xmm0, %xmm0, %xmm0
 |      43.   vaddsd	%xmm0, %xmm1, %xmm0
 |      44.   vzeroupper
 |      45.   retq
 |
 |    < loop carried > 
 |
 +----> 11.   vdivpd	%zmm2, %zmm1, %zmm10              ## RESOURCE interference:  SKXFPDivider [ probability: 99% ]


Instruction Info:
[1]: #uOps
[2]: Latency
[3]: RThroughput
[4]: MayLoad
[5]: MayStore
[6]: HasSideEffects (U)

[1]    [2]    [3]    [4]    [5]    [6]    Instructions:
 1      0     0.17                        vxorpd	%xmm7, %xmm7, %xmm7
 1      1     0.25                        movl	$1000000000, %eax
 2      8     0.50    *                   vmovapd	.LC0(%rip), %zmm5
 2      8     0.50    *                   vmovapd	.LC1(%rip), %zmm4
 2      8     0.50    *                   vmovapd	.LC2(%rip), %zmm3
 1      1     0.50                        vmovapd	%zmm7, %zmm8
 2      8     0.50    *                   vmovapd	.LC3(%rip), %zmm2
 1      1     0.50                        vmovapd	%zmm7, %zmm9
 2      8     0.50    *                   vbroadcastsd	.LC5(%rip), %zmm1
 1      1     0.50                        vmovapd	%zmm7, %zmm6
 2      8     0.50    *                   vbroadcastsd	.LC7(%rip), %zmm0
 3      23    16.00                       vdivpd	%zmm2, %zmm1, %zmm10
 1      4     0.50                        vaddpd	%zmm0, %zmm2, %zmm2
 1      4     0.50                        vaddpd	%zmm10, %zmm6, %zmm6
 3      23    16.00                       vdivpd	%zmm3, %zmm1, %zmm10
 1      4     0.50                        vaddpd	%zmm0, %zmm3, %zmm3
 1      4     0.50                        vaddpd	%zmm10, %zmm9, %zmm9
 3      23    16.00                       vdivpd	%zmm4, %zmm1, %zmm10
 1      4     0.50                        vaddpd	%zmm0, %zmm4, %zmm4
 1      4     0.50                        vaddpd	%zmm10, %zmm8, %zmm8
 3      23    16.00                       vdivpd	%zmm5, %zmm1, %zmm10
 1      4     0.50                        vaddpd	%zmm0, %zmm5, %zmm5
 1      4     0.50                        vaddpd	%zmm10, %zmm7, %zmm7
 1      1     0.25                        subq	$1, %rax
 1      1     0.50                        jne	.L2
 1      4     0.50                        vaddpd	%zmm9, %zmm6, %zmm0
 1      0     0.17                        vxorpd	%xmm4, %xmm4, %xmm4
 1      4     0.50                        vaddpd	%zmm8, %zmm0, %zmm0
 1      4     0.50                        vaddpd	%zmm7, %zmm0, %zmm0
 1      4     0.50                        vaddsd	%xmm4, %xmm0, %xmm3
 1      1     1.00                        vunpckhpd	%xmm0, %xmm0, %xmm2
 1      3     1.00                        vextractf128	$1, %ymm0, %xmm1
 1      3     1.00                        vextractf64x4	$1, %zmm0, %ymm0
 1      4     0.50                        vaddsd	%xmm3, %xmm2, %xmm2
 1      4     0.50                        vaddsd	%xmm2, %xmm1, %xmm2
 1      1     1.00                        vunpckhpd	%xmm1, %xmm1, %xmm1
 1      4     0.50                        vaddsd	%xmm2, %xmm1, %xmm1
 1      4     0.50                        vaddsd	%xmm1, %xmm0, %xmm3
 1      1     1.00                        vunpckhpd	%xmm0, %xmm0, %xmm1
 1      3     1.00                        vextractf128	$1, %ymm0, %xmm0
 1      4     0.50                        vaddsd	%xmm3, %xmm1, %xmm1
 1      4     0.50                        vaddsd	%xmm1, %xmm0, %xmm1
 1      1     1.00                        vunpckhpd	%xmm0, %xmm0, %xmm0
 1      4     0.50                        vaddsd	%xmm0, %xmm1, %xmm0
 4      0     0.67                  U     vzeroupper
 3      7     1.00                  U     retq


Retire Control Unit - number of cycles where we saw N instructions retired:
[# retired], [# cycles]
 0,           550047  (79.7%)
 1,           60003  (8.7%)
 2,           40003  (5.8%)
 3,           10002  (1.4%)
 4,           10001  (1.4%)
 6,           10000  (1.4%)
 19,          9999  (1.4%)

Total ROB Entries:                224
Max Used ROB Entries:             184  ( 82.1% )
Average Used ROB Entries per cy:  158  ( 70.5% )


Resources:
[0]   - SKXDivider
[1]   - SKXFPDivider
[2]   - SKXPort0
[3]   - SKXPort1
[4]   - SKXPort2
[5]   - SKXPort3
[6]   - SKXPort4
[7]   - SKXPort5
[8]   - SKXPort6
[9]   - SKXPort7


Resource pressure per iteration:
[0]    [1]    [2]    [3]    [4]    [5]    [6]    [7]    [8]    [9]    
 -     64.00  18.00  11.00  3.50   3.50    -     19.00  4.00    -     

Resource pressure by instruction:
[0]    [1]    [2]    [3]    [4]    [5]    [6]    [7]    [8]    [9]    Instructions:
 -      -      -      -      -      -      -      -      -      -     vxorpd	%xmm7, %xmm7, %xmm7
 -      -      -      -      -      -      -      -     1.00    -     movl	$1000000000, %eax
 -      -      -     1.00   0.50   0.50    -      -      -      -     vmovapd	.LC0(%rip), %zmm5
 -      -      -     1.00   0.50   0.50    -      -      -      -     vmovapd	.LC1(%rip), %zmm4
 -      -     1.00    -     0.50   0.50    -      -      -      -     vmovapd	.LC2(%rip), %zmm3
 -      -      -      -      -      -      -     1.00    -      -     vmovapd	%zmm7, %zmm8
 -      -      -     1.00   0.50   0.50    -      -      -      -     vmovapd	.LC3(%rip), %zmm2
 -      -     1.00    -      -      -      -      -      -      -     vmovapd	%zmm7, %zmm9
 -      -      -      -     0.50   0.50    -     1.00    -      -     vbroadcastsd	.LC5(%rip), %zmm1
 -      -     1.00    -      -      -      -      -      -      -     vmovapd	%zmm7, %zmm6
 -      -      -     1.00   0.50   0.50    -      -      -      -     vbroadcastsd	.LC7(%rip), %zmm0
 -     16.00  2.00    -      -      -      -     1.00    -      -     vdivpd	%zmm2, %zmm1, %zmm10
 -      -      -      -      -      -      -     1.00    -      -     vaddpd	%zmm0, %zmm2, %zmm2
 -      -      -      -      -      -      -     1.00    -      -     vaddpd	%zmm10, %zmm6, %zmm6
 -     16.00  2.00    -      -      -      -     1.00    -      -     vdivpd	%zmm3, %zmm1, %zmm10
 -      -     1.00    -      -      -      -      -      -      -     vaddpd	%zmm0, %zmm3, %zmm3
 -      -      -      -      -      -      -     1.00    -      -     vaddpd	%zmm10, %zmm9, %zmm9
 -     16.00  2.00    -      -      -      -     1.00    -      -     vdivpd	%zmm4, %zmm1, %zmm10
 -      -      -      -      -      -      -     1.00    -      -     vaddpd	%zmm0, %zmm4, %zmm4
 -      -      -      -      -      -      -     1.00    -      -     vaddpd	%zmm10, %zmm8, %zmm8
 -     16.00  2.00    -      -      -      -     1.00    -      -     vdivpd	%zmm5, %zmm1, %zmm10
 -      -     1.00    -      -      -      -      -      -      -     vaddpd	%zmm0, %zmm5, %zmm5
 -      -      -      -      -      -      -     1.00    -      -     vaddpd	%zmm10, %zmm7, %zmm7
 -      -      -      -      -      -      -      -     1.00    -     subq	$1, %rax
 -      -      -      -      -      -      -      -     1.00    -     jne	.L2
 -      -     1.00    -      -      -      -      -      -      -     vaddpd	%zmm9, %zmm6, %zmm0
 -      -      -      -      -      -      -      -      -      -     vxorpd	%xmm4, %xmm4, %xmm4
 -      -     1.00    -      -      -      -      -      -      -     vaddpd	%zmm8, %zmm0, %zmm0
 -      -     1.00    -      -      -      -      -      -      -     vaddpd	%zmm7, %zmm0, %zmm0
 -      -      -     1.00    -      -      -      -      -      -     vaddsd	%xmm4, %xmm0, %xmm3
 -      -      -      -      -      -      -     1.00    -      -     vunpckhpd	%xmm0, %xmm0, %xmm2
 -      -      -      -      -      -      -     1.00    -      -     vextractf128	$1, %ymm0, %xmm1
 -      -      -      -      -      -      -     1.00    -      -     vextractf64x4	$1, %zmm0, %ymm0
 -      -      -     1.00    -      -      -      -      -      -     vaddsd	%xmm3, %xmm2, %xmm2
 -      -     1.00    -      -      -      -      -      -      -     vaddsd	%xmm2, %xmm1, %xmm2
 -      -      -      -      -      -      -     1.00    -      -     vunpckhpd	%xmm1, %xmm1, %xmm1
 -      -     1.00    -      -      -      -      -      -      -     vaddsd	%xmm2, %xmm1, %xmm1
 -      -      -     1.00    -      -      -      -      -      -     vaddsd	%xmm1, %xmm0, %xmm3
 -      -      -      -      -      -      -     1.00    -      -     vunpckhpd	%xmm0, %xmm0, %xmm1
 -      -      -      -      -      -      -     1.00    -      -     vextractf128	$1, %ymm0, %xmm0
 -      -      -     1.00    -      -      -      -      -      -     vaddsd	%xmm3, %xmm1, %xmm1
 -      -      -     1.00    -      -      -      -      -      -     vaddsd	%xmm1, %xmm0, %xmm1
 -      -      -      -      -      -      -     1.00    -      -     vunpckhpd	%xmm0, %xmm0, %xmm0
 -      -      -     1.00    -      -      -      -      -      -     vaddsd	%xmm0, %xmm1, %xmm0
 -      -      -      -      -      -      -      -      -      -     vzeroupper
 -      -      -     1.00   0.50   0.50    -      -     1.00    -     retq


Timeline view:
                    0123456789          0123456789          0123456789          012345
Index     0123456789          0123456789          0123456789          0123456789      

[0,0]     DR   .    .    .    .    .    .    .    .    .    .    .    .    .    .    .   vxorpd	%xmm7, %xmm7, %xmm7
[0,1]     DeER .    .    .    .    .    .    .    .    .    .    .    .    .    .    .   movl	$1000000000, %eax
[0,2]     DeeeeeeeeER    .    .    .    .    .    .    .    .    .    .    .    .    .   vmovapd	.LC0(%rip), %zmm5
[0,3]     DeeeeeeeeER    .    .    .    .    .    .    .    .    .    .    .    .    .   vmovapd	.LC1(%rip), %zmm4
[0,4]     .DeeeeeeeeER   .    .    .    .    .    .    .    .    .    .    .    .    .   vmovapd	.LC2(%rip), %zmm3
[0,5]     .DeE-------R   .    .    .    .    .    .    .    .    .    .    .    .    .   vmovapd	%zmm7, %zmm8
[0,6]     .DeeeeeeeeER   .    .    .    .    .    .    .    .    .    .    .    .    .   vmovapd	.LC3(%rip), %zmm2
[0,7]     .D=eE------R   .    .    .    .    .    .    .    .    .    .    .    .    .   vmovapd	%zmm7, %zmm9
[0,8]     . DeeeeeeeeER  .    .    .    .    .    .    .    .    .    .    .    .    .   vbroadcastsd	.LC5(%rip), %zmm1
[0,9]     . D=eE------R  .    .    .    .    .    .    .    .    .    .    .    .    .   vmovapd	%zmm7, %zmm6
[0,10]    . DeeeeeeeeER  .    .    .    .    .    .    .    .    .    .    .    .    .   vbroadcastsd	.LC7(%rip), %zmm0
[0,11]    .  D=======eeeeeeeeeeeeeeeeeeeeeeeER    .    .    .    .    .    .    .    .   vdivpd	%zmm2, %zmm1, %zmm10
[0,12]    .  D========eeeeE------------------R    .    .    .    .    .    .    .    .   vaddpd	%zmm0, %zmm2, %zmm2
[0,13]    .  D==============================eeeeER.    .    .    .    .    .    .    .   vaddpd	%zmm10, %zmm6, %zmm6
[0,14]    .   D======================eeeeeeeeeeeeeeeeeeeeeeeER   .    .    .    .    .   vdivpd	%zmm3, %zmm1, %zmm10
[0,15]    .   D========eeeeE---------------------------------R   .    .    .    .    .   vaddpd	%zmm0, %zmm3, %zmm3
[0,16]    .   D=============================================eeeeER    .    .    .    .   vaddpd	%zmm10, %zmm9, %zmm9
[0,17]    .    D=====================================eeeeeeeeeeeeeeeeeeeeeeeER  .    .   vdivpd	%zmm4, %zmm1, %zmm10
[0,18]    .    D=======eeeeE-------------------------------------------------R  .    .   vaddpd	%zmm0, %zmm4, %zmm4
[0,19]    .    D============================================================eeeeER   .   vaddpd	%zmm10, %zmm8, %zmm8
Truncated display due to cycle limit


Average Wait times (based on the timeline view):
[0]: Executions
[1]: Average time spent waiting in a scheduler's queue
[2]: Average time spent waiting in a scheduler's queue while ready
[3]: Average time elapsed from WB until retire stage

      [0]    [1]    [2]    [3]
0.     10    0.0    0.0    143.5     vxorpd	%xmm7, %xmm7, %xmm7
1.     10    1.8    1.8    140.9     movl	$1000000000, %eax
2.     10    1.1    1.1    134.4     vmovapd	.LC0(%rip), %zmm5
3.     10    1.8    1.8    133.7     vmovapd	.LC1(%rip), %zmm4
4.     10    2.0    2.0    132.8     vmovapd	.LC2(%rip), %zmm3
5.     10    2.1    2.1    139.5     vmovapd	%zmm7, %zmm8
6.     10    1.9    1.9    132.7     vmovapd	.LC3(%rip), %zmm2
7.     10    2.4    2.4    138.5     vmovapd	%zmm7, %zmm9
8.     10    2.1    2.1    131.8     vbroadcastsd	.LC5(%rip), %zmm1
9.     10    2.9    2.9    137.8     vmovapd	%zmm7, %zmm6
10.    10    1.4    1.4    131.6     vbroadcastsd	.LC7(%rip), %zmm0
11.    10    98.6   89.5   21.6      vdivpd	%zmm2, %zmm1, %zmm10
12.    10    9.2    0.1    129.8     vaddpd	%zmm0, %zmm2, %zmm2
13.    10    120.7  0.0    18.0      vaddpd	%zmm10, %zmm6, %zmm6
14.    10    118.1  110.0  2.7       vdivpd	%zmm3, %zmm1, %zmm10
15.    10    8.4    0.2    131.3     vaddpd	%zmm0, %zmm3, %zmm3
16.    10    140.2  0.0    0.0       vaddpd	%zmm10, %zmm9, %zmm9
17.    10    132.3  126.0  0.0       vdivpd	%zmm4, %zmm1, %zmm10
18.    10    4.8    1.1    143.7     vaddpd	%zmm0, %zmm4, %zmm4
19.    10    151.0  0.0    0.0       vaddpd	%zmm10, %zmm8, %zmm8
20.    10    143.8  142.0  0.0       vdivpd	%zmm5, %zmm1, %zmm10
21.    10    2.7    1.2    158.9     vaddpd	%zmm0, %zmm5, %zmm5
22.    10    164.7  0.0    0.0       vaddpd	%zmm10, %zmm7, %zmm7
23.    10    1.0    1.0    166.7     subq	$1, %rax
24.    10    1.0    0.0    165.7     jne	.L2
25.    10    135.0  0.0    28.0      vaddpd	%zmm9, %zmm6, %zmm0
26.    10    0.0    0.0    167.0     vxorpd	%xmm4, %xmm4, %xmm4
27.    10    151.0  0.0    12.0      vaddpd	%zmm8, %zmm0, %zmm0
28.    10    165.5  0.0    0.0       vaddpd	%zmm7, %zmm0, %zmm0
29.    10    166.2  0.0    0.0       vaddsd	%xmm4, %xmm0, %xmm3
30.    10    166.6  2.0    1.0       vunpckhpd	%xmm0, %xmm0, %xmm2
31.    10    161.4  0.0    1.0       vextractf128	$1, %ymm0, %xmm1
32.    10    158.4  1.0    0.0       vextractf64x4	$1, %zmm0, %ymm0
33.    10    155.8  0.0    0.0       vaddsd	%xmm3, %xmm2, %xmm2
34.    10    156.6  0.0    0.0       vaddsd	%xmm2, %xmm1, %xmm2
35.    10    147.6  0.0    8.0       vunpckhpd	%xmm1, %xmm1, %xmm1
36.    10    150.8  0.0    0.0       vaddsd	%xmm2, %xmm1, %xmm1
37.    10    151.6  0.0    0.0       vaddsd	%xmm1, %xmm0, %xmm3
38.    10    137.4  1.0    14.0      vunpckhpd	%xmm0, %xmm0, %xmm1
39.    10    136.4  0.0    13.0      vextractf128	$1, %ymm0, %xmm0
40.    10    151.6  0.0    0.0       vaddsd	%xmm3, %xmm1, %xmm1
41.    10    154.8  0.0    0.0       vaddsd	%xmm1, %xmm0, %xmm1
42.    10    136.8  0.0    20.0      vunpckhpd	%xmm0, %xmm0, %xmm0
43.    10    157.0  0.0    0.0       vaddsd	%xmm0, %xmm1, %xmm0
44.    10    0.0    0.0    161.0     vzeroupper
45.    10    1.0    1.0    152.0     retq
       10    83.9   10.8   65.5      <total>
