0 3200000160.58648490905761719
1 2799999925.46387243270874023
2 2399999819.31458139419555664
3 2000000000.00000000000000000
4 1600000080.29324245452880859
5 1199999909.65729069709777832
6 800000040.14662122726440430
7 400000020.07331061363220215
	Command being timed: "../../bin/add_avx512f"
	User time (seconds): 5.55
	System time (seconds): 0.00
	Percent of CPU this job got: 99%
	Elapsed (wall clock) time (h:mm:ss or m:ss): 0:05.61
	Average shared text size (kbytes): 0
	Average unshared data size (kbytes): 0
	Average stack size (kbytes): 0
	Average total size (kbytes): 0
	Maximum resident set size (kbytes): 1512
	Average resident set size (kbytes): 0
	Major (requiring I/O) page faults: 0
	Minor (reclaiming a frame) page faults: 71
	Voluntary context switches: 1
	Involuntary context switches: 2211
	Swaps: 0
	File system inputs: 0
	File system outputs: 8
	Socket messages sent: 0
	Socket messages received: 0
	Signals delivered: 0
	Page size (bytes): 4096
	Exit status: 0
0 3200000160.58648490905761719
1 2799999925.46387243270874023
2 2399999819.31458139419555664
3 2000000000.00000000000000000
4 1600000080.29324245452880859
5 1199999909.65729069709777832
6 800000040.14662122726440430
7 400000020.07331061363220215
	Command being timed: "../../bin/add_avx512f"
	User time (seconds): 5.54
	System time (seconds): 0.00
	Percent of CPU this job got: 98%
	Elapsed (wall clock) time (h:mm:ss or m:ss): 0:05.59
	Average shared text size (kbytes): 0
	Average unshared data size (kbytes): 0
	Average stack size (kbytes): 0
	Average total size (kbytes): 0
	Maximum resident set size (kbytes): 1488
	Average resident set size (kbytes): 0
	Major (requiring I/O) page faults: 0
	Minor (reclaiming a frame) page faults: 69
	Voluntary context switches: 1
	Involuntary context switches: 2183
	Swaps: 0
	File system inputs: 0
	File system outputs: 0
	Socket messages sent: 0
	Socket messages received: 0
	Signals delivered: 0
	Page size (bytes): 4096
	Exit status: 0
0 3200000160.58648490905761719
1 2799999925.46387243270874023
2 2399999819.31458139419555664
3 2000000000.00000000000000000
4 1600000080.29324245452880859
5 1199999909.65729069709777832
6 800000040.14662122726440430
7 400000020.07331061363220215
	Command being timed: "../../bin/add_avx512f"
	User time (seconds): 5.54
	System time (seconds): 0.00
	Percent of CPU this job got: 99%
	Elapsed (wall clock) time (h:mm:ss or m:ss): 0:05.59
	Average shared text size (kbytes): 0
	Average unshared data size (kbytes): 0
	Average stack size (kbytes): 0
	Average total size (kbytes): 0
	Maximum resident set size (kbytes): 1516
	Average resident set size (kbytes): 0
	Major (requiring I/O) page faults: 0
	Minor (reclaiming a frame) page faults: 73
	Voluntary context switches: 1
	Involuntary context switches: 2171
	Swaps: 0
	File system inputs: 0
	File system outputs: 0
	Socket messages sent: 0
	Socket messages received: 0
	Signals delivered: 0
	Page size (bytes): 4096
	Exit status: 0

 Performance counter stats for 'taskset -c 1 /usr/bin/time -v ../../bin/add_avx512f' (3 runs):

     4,007,259,083      BR_INST_RETIRED.ALL_BRANCHES     #     -0.0 %  tma_non_fused_branches_percent
                                                  #      0.0 %  tma_other_light_ops_percent  ( +-  0.02% )  (14.78%)
    12,036,776,392      INST_RETIRED.ANY                 #     0.67 UPI                    
                                                  #     12.4 %  tma_fused_instructions_percent
                                                  #      0.0 %  tma_memory_operations_percent
                                                  #      0.0 %  tma_nop_instructions_percent  ( +-  0.03% )  (18.49%)
                 0      FP_ARITH_INST_RETIRED.128B_PACKED_SINGLE                                     (18.54%)
    16,071,695,576      CPU_CLK_UNHALTED.THREAD_ANY                                          ( +-  0.02% )  (18.56%)
     8,102,832,879      UOPS_EXECUTED.THREAD                                                 ( +-  0.07% )  (18.58%)
                 0      FP_ARITH_INST_RETIRED.SCALAR_DOUBLE                                     (18.60%)
                 0      FP_ARITH_INST_RETIRED.512B_PACKED_SINGLE                                     (14.86%)
           128,406      UOPS_EXECUTED.X87                                                    ( +-  0.20% )  (14.85%)
                 0      FP_ARITH_INST_RETIRED.SCALAR_SINGLE                                     (14.85%)
        23,205,026      MEM_INST_RETIRED.ANY                                                 ( +-  0.23% )  (14.85%)
                 0      FP_ARITH_INST_RETIRED.256B_PACKED_DOUBLE                                     (14.85%)
         2,362,784      INST_RETIRED.NOP                                                     ( +-  0.98% )  (14.85%)
                 0      FP_ARITH_INST_RETIRED.128B_PACKED_DOUBLE                                     (14.84%)
     8,075,566,578      UOPS_RETIRED.RETIRE_SLOTS                                            ( +-  0.02% )  (14.83%)
     4,007,133,121      UOPS_RETIRED.MACRO_FUSED                                             ( +-  0.01% )  (14.81%)
     4,001,877,949      FP_ARITH_INST_RETIRED.512B_PACKED_DOUBLE                                     ( +-  0.02% )  (14.79%)
                 0      FP_ARITH_INST_RETIRED.256B_PACKED_SINGLE                                     (14.78%)
     4,031,578,901      cpu/UOPS_RETIRED.RETIRE_SLOTS,cmask=1/ #     2.00 Retire                   ( +-  0.01% )  (11.09%)
     8,080,106,594      UOPS_RETIRED.RETIRE_SLOTS                                            ( +-  0.02% )  (11.09%)
     7,043,801,665      UOPS_EXECUTED.CORE_CYCLES_GE_1   #     2.30 ILP                      ( +-  0.05% )  (7.39%)
     8,091,107,324      UOPS_EXECUTED.THREAD                                                 ( +-  0.02% )  (7.39%)
     8,092,167,523      UOPS_EXECUTED.THREAD             #     1.00 Execute_per_Issue        ( +-  0.02% )  (7.39%)
     8,090,022,164      UOPS_ISSUED.ANY                                                      ( +-  0.02% )  (7.39%)
     8,092,364,587      UOPS_EXECUTED.THREAD             #     1.15 Execute                  ( +-  0.13% )  (7.39%)
     7,046,559,089      cpu/UOPS_EXECUTED.THREAD,cmask=1/                                     ( +-  0.03% )  (7.39%)
    16,093,702,581      CPU_CLK_UNHALTED.THREAD          # 16091414625.67 CLKS               ( +-  0.01% )  (7.39%)
           885,480      arith.divider_active                                                 ( +-  1.72% )  (11.09%)
        14,920,298      L1-dcache-loads                                                      ( +-  4.86% )  (11.09%)
           710,874      L1-dcache-load-misses            #    4.49% of all L1-dcache accesses  ( +-  0.85% )  (14.78%)
             6,190      LLC-loads                                                            ( +- 10.12% )  (14.78%)
                 6      LLC-load-misses                  #    0.09% of all LL-cache accesses  ( +-197.28% )  (14.78%)

           5.60850 +- 0.00394 seconds time elapsed  ( +-  0.07% )

