0 3200000461.76296901702880859
1 2399999919.60420227050781250
2 1600000230.88148450851440430
3 800000115.44074225425720215
	Command being timed: "../../bin/add_avx256f"
	User time (seconds): 8.81
	System time (seconds): 0.00
	Percent of CPU this job got: 99%
	Elapsed (wall clock) time (h:mm:ss or m:ss): 0:08.88
	Average shared text size (kbytes): 0
	Average unshared data size (kbytes): 0
	Average stack size (kbytes): 0
	Average total size (kbytes): 0
	Maximum resident set size (kbytes): 1580
	Average resident set size (kbytes): 0
	Major (requiring I/O) page faults: 0
	Minor (reclaiming a frame) page faults: 73
	Voluntary context switches: 1
	Involuntary context switches: 3694
	Swaps: 0
	File system inputs: 0
	File system outputs: 8
	Socket messages sent: 0
	Socket messages received: 0
	Signals delivered: 0
	Page size (bytes): 4096
	Exit status: 0
0 3200000461.76296901702880859
1 2399999919.60420227050781250
2 1600000230.88148450851440430
3 800000115.44074225425720215
	Command being timed: "../../bin/add_avx256f"
	User time (seconds): 9.19
	System time (seconds): 0.00
	Percent of CPU this job got: 99%
	Elapsed (wall clock) time (h:mm:ss or m:ss): 0:09.27
	Average shared text size (kbytes): 0
	Average unshared data size (kbytes): 0
	Average stack size (kbytes): 0
	Average total size (kbytes): 0
	Maximum resident set size (kbytes): 1512
	Average resident set size (kbytes): 0
	Major (requiring I/O) page faults: 0
	Minor (reclaiming a frame) page faults: 70
	Voluntary context switches: 1
	Involuntary context switches: 3876
	Swaps: 0
	File system inputs: 0
	File system outputs: 0
	Socket messages sent: 0
	Socket messages received: 0
	Signals delivered: 0
	Page size (bytes): 4096
	Exit status: 0
0 3200000461.76296901702880859
1 2399999919.60420227050781250
2 1600000230.88148450851440430
3 800000115.44074225425720215
	Command being timed: "../../bin/add_avx256f"
	User time (seconds): 9.73
	System time (seconds): 0.00
	Percent of CPU this job got: 99%
	Elapsed (wall clock) time (h:mm:ss or m:ss): 0:09.82
	Average shared text size (kbytes): 0
	Average unshared data size (kbytes): 0
	Average stack size (kbytes): 0
	Average total size (kbytes): 0
	Maximum resident set size (kbytes): 1572
	Average resident set size (kbytes): 0
	Major (requiring I/O) page faults: 0
	Minor (reclaiming a frame) page faults: 73
	Voluntary context switches: 1
	Involuntary context switches: 4040
	Swaps: 0
	File system inputs: 0
	File system outputs: 0
	Socket messages sent: 0
	Socket messages received: 0
	Signals delivered: 0
	Page size (bytes): 4096
	Exit status: 0

 Performance counter stats for 'taskset -c 1 /usr/bin/time -v ../../bin/add_avx256f' (3 runs):

     8,010,487,094      BR_INST_RETIRED.ALL_BRANCHES     #     -0.0 %  tma_non_fused_branches_percent
                                                  #      0.0 %  tma_other_light_ops_percent  ( +-  0.02% )  (14.81%)
    24,063,157,313      INST_RETIRED.ANY                 #     0.67 UPI                    
                                                  #     12.4 %  tma_fused_instructions_percent
                                                  #      0.0 %  tma_memory_operations_percent
                                                  #      0.0 %  tma_nop_instructions_percent  ( +-  0.01% )  (18.51%)
                 0      FP_ARITH_INST_RETIRED.128B_PACKED_SINGLE                                     (18.52%)
    32,127,126,842      CPU_CLK_UNHALTED.THREAD_ANY                                          ( +-  0.00% )  (18.52%)
    16,162,324,532      UOPS_EXECUTED.THREAD                                                 ( +-  0.07% )  (18.52%)
                 0      FP_ARITH_INST_RETIRED.SCALAR_DOUBLE                                     (18.53%)
                 0      FP_ARITH_INST_RETIRED.512B_PACKED_SINGLE                                     (14.82%)
           243,643      UOPS_EXECUTED.X87                                                    ( +-  1.46% )  (14.82%)
                 0      FP_ARITH_INST_RETIRED.SCALAR_SINGLE                                     (14.82%)
        41,398,526      MEM_INST_RETIRED.ANY                                                 ( +-  2.93% )  (14.82%)
     8,002,442,636      FP_ARITH_INST_RETIRED.256B_PACKED_DOUBLE                                     ( +-  0.02% )  (14.82%)
         4,156,268      INST_RETIRED.NOP                                                     ( +-  2.82% )  (14.82%)
                 0      FP_ARITH_INST_RETIRED.128B_PACKED_DOUBLE                                     (14.82%)
    16,134,813,240      UOPS_RETIRED.RETIRE_SLOTS                                            ( +-  0.02% )  (14.82%)
     8,011,547,326      UOPS_RETIRED.MACRO_FUSED                                             ( +-  0.04% )  (14.82%)
                 0      FP_ARITH_INST_RETIRED.512B_PACKED_DOUBLE                                     (14.82%)
                 0      FP_ARITH_INST_RETIRED.256B_PACKED_SINGLE                                     (14.82%)
     8,055,723,742      cpu/UOPS_RETIRED.RETIRE_SLOTS,cmask=1/ #     2.00 Retire                   ( +-  0.04% )  (11.11%)
    16,141,641,132      UOPS_RETIRED.RETIRE_SLOTS                                            ( +-  0.04% )  (11.11%)
    13,343,243,943      UOPS_EXECUTED.CORE_CYCLES_GE_1   #     2.42 ILP                      ( +-  0.05% )  (7.41%)
    16,160,715,807      UOPS_EXECUTED.THREAD                                                 ( +-  0.04% )  (7.41%)
    16,162,162,392      UOPS_EXECUTED.THREAD             #     1.00 Execute_per_Issue        ( +-  0.03% )  (7.41%)
    16,158,340,256      UOPS_ISSUED.ANY                                                      ( +-  0.03% )  (7.41%)
    16,161,134,237      UOPS_EXECUTED.THREAD             #     1.21 Execute                  ( +-  0.03% )  (7.41%)
    13,344,588,953      cpu/UOPS_EXECUTED.THREAD,cmask=1/                                     ( +-  0.03% )  (7.41%)
    32,163,922,491      CPU_CLK_UNHALTED.THREAD          # 32143064461.33 CLKS               ( +-  0.05% )  (7.41%)
         1,669,155      arith.divider_active                                                 ( +-  1.77% )  (11.11%)
        26,663,614      L1-dcache-loads                                                      ( +-  1.80% )  (11.11%)
         1,257,448      L1-dcache-load-misses            #    4.89% of all L1-dcache accesses  ( +-  1.80% )  (14.81%)
             9,781      LLC-loads                                                            ( +- 27.08% )  (14.81%)
               121      LLC-load-misses                  #    0.92% of all LL-cache accesses  ( +- 23.63% )  (14.81%)

             9.333 +- 0.272 seconds time elapsed  ( +-  2.92% )

