Extension SSE    is supported
Extension SSE2   is supported
Extension SSE3   is supported
Extension SSE4.1 is supported
Extension SSE4.2 is supported
Extension AVX    is supported
Extension AVX2   is supported
Extension FMA    is supported
Extension FMA4   is unsupported

Extension AVX512F         is supported
Extension AVX512VL        is supported
Extension AVX512BW        is supported
Extension AVX512DQ        is supported
Extension AVX512CD        is supported
Extension AVX512ER        is unsupported
Extension AVX512PF        is unsupported
Extension AVX512VBMI      is unsupported
Extension AVX512IFMA      is unsupported
Extension AVX5124VNNIW    is unsupported
Extension AVX5124FMAPS    is unsupported
Extension AVX512VPOPCNTDQ is unsupported
Extension AVX512VBMI2     is unsupported
Extension AVX512BITALG    is unsupported
	Command being timed: "../../bin/detect_avx"
	User time (seconds): 0.00
	System time (seconds): 0.00
	Percent of CPU this job got: 80%
	Elapsed (wall clock) time (h:mm:ss or m:ss): 0:00.00
	Average shared text size (kbytes): 0
	Average unshared data size (kbytes): 0
	Average stack size (kbytes): 0
	Average total size (kbytes): 0
	Maximum resident set size (kbytes): 1408
	Average resident set size (kbytes): 0
	Major (requiring I/O) page faults: 0
	Minor (reclaiming a frame) page faults: 69
	Voluntary context switches: 1
	Involuntary context switches: 0
	Swaps: 0
	File system inputs: 0
	File system outputs: 8
	Socket messages sent: 0
	Socket messages received: 0
	Signals delivered: 0
	Page size (bytes): 4096
	Exit status: 0
Extension SSE    is supported
Extension SSE2   is supported
Extension SSE3   is supported
Extension SSE4.1 is supported
Extension SSE4.2 is supported
Extension AVX    is supported
Extension AVX2   is supported
Extension FMA    is supported
Extension FMA4   is unsupported

Extension AVX512F         is supported
Extension AVX512VL        is supported
Extension AVX512BW        is supported
Extension AVX512DQ        is supported
Extension AVX512CD        is supported
Extension AVX512ER        is unsupported
Extension AVX512PF        is unsupported
Extension AVX512VBMI      is unsupported
Extension AVX512IFMA      is unsupported
Extension AVX5124VNNIW    is unsupported
Extension AVX5124FMAPS    is unsupported
Extension AVX512VPOPCNTDQ is unsupported
Extension AVX512VBMI2     is unsupported
Extension AVX512BITALG    is unsupported
	Command being timed: "../../bin/detect_avx"
	User time (seconds): 0.00
	System time (seconds): 0.00
	Percent of CPU this job got: 78%
	Elapsed (wall clock) time (h:mm:ss or m:ss): 0:00.00
	Average shared text size (kbytes): 0
	Average unshared data size (kbytes): 0
	Average stack size (kbytes): 0
	Average total size (kbytes): 0
	Maximum resident set size (kbytes): 1404
	Average resident set size (kbytes): 0
	Major (requiring I/O) page faults: 0
	Minor (reclaiming a frame) page faults: 68
	Voluntary context switches: 1
	Involuntary context switches: 0
	Swaps: 0
	File system inputs: 0
	File system outputs: 0
	Socket messages sent: 0
	Socket messages received: 0
	Signals delivered: 0
	Page size (bytes): 4096
	Exit status: 0
Extension SSE    is supported
Extension SSE2   is supported
Extension SSE3   is supported
Extension SSE4.1 is supported
Extension SSE4.2 is supported
Extension AVX    is supported
Extension AVX2   is supported
Extension FMA    is supported
Extension FMA4   is unsupported

Extension AVX512F         is supported
Extension AVX512VL        is supported
Extension AVX512BW        is supported
Extension AVX512DQ        is supported
Extension AVX512CD        is supported
Extension AVX512ER        is unsupported
Extension AVX512PF        is unsupported
Extension AVX512VBMI      is unsupported
Extension AVX512IFMA      is unsupported
Extension AVX5124VNNIW    is unsupported
Extension AVX5124FMAPS    is unsupported
Extension AVX512VPOPCNTDQ is unsupported
Extension AVX512VBMI2     is unsupported
Extension AVX512BITALG    is unsupported
	Command being timed: "../../bin/detect_avx"
	User time (seconds): 0.00
	System time (seconds): 0.00
	Percent of CPU this job got: 77%
	Elapsed (wall clock) time (h:mm:ss or m:ss): 0:00.00
	Average shared text size (kbytes): 0
	Average unshared data size (kbytes): 0
	Average stack size (kbytes): 0
	Average total size (kbytes): 0
	Maximum resident set size (kbytes): 1532
	Average resident set size (kbytes): 0
	Major (requiring I/O) page faults: 0
	Minor (reclaiming a frame) page faults: 71
	Voluntary context switches: 1
	Involuntary context switches: 0
	Swaps: 0
	File system inputs: 0
	File system outputs: 0
	Socket messages sent: 0
	Socket messages received: 0
	Signals delivered: 0
	Page size (bytes): 4096
	Exit status: 0

 Performance counter stats for 'taskset -c 1 /usr/bin/time -v ../../bin/detect_avx' (3 runs):

           475,363      BR_INST_RETIRED.ALL_BRANCHES                                                                            ( +- 31.59% )  (26.57%)
         2,191,390      INST_RETIRED.ANY                 #     0.00 UPI                                                       
                                                  #      0.0 %  tma_memory_operations_percent                                     ( +- 32.41% )  (61.47%)
                 0      FP_ARITH_INST_RETIRED.128B_PACKED_SINGLE                                     (97.71%)
         7,831,050      CPU_CLK_UNHALTED.THREAD_ANY                                          ( +- 29.90% )
         8,472,957      UOPS_EXECUTED.THREAD                                                 ( +- 33.15% )
                 0      FP_ARITH_INST_RETIRED.SCALAR_DOUBLE                                     (80.93%)
                 0      FP_ARITH_INST_RETIRED.512B_PACKED_SINGLE                                     (7.35%)
     <not counted>      UOPS_EXECUTED.X87                                             (0.00%)
     <not counted>      FP_ARITH_INST_RETIRED.SCALAR_SINGLE                                     (0.00%)
     <not counted>      MEM_INST_RETIRED.ANY                                          (0.00%)
     <not counted>      FP_ARITH_INST_RETIRED.256B_PACKED_DOUBLE                                     (0.00%)
     <not counted>      INST_RETIRED.NOP                                              (0.00%)
     <not counted>      FP_ARITH_INST_RETIRED.128B_PACKED_DOUBLE                                     (0.00%)
     <not counted>      UOPS_RETIRED.RETIRE_SLOTS                                     (0.00%)
     <not counted>      UOPS_RETIRED.MACRO_FUSED                                      (0.00%)
     <not counted>      FP_ARITH_INST_RETIRED.512B_PACKED_DOUBLE                                     (0.00%)
     <not counted>      FP_ARITH_INST_RETIRED.256B_PACKED_SINGLE                                     (0.00%)
     <not counted>      cpu/UOPS_RETIRED.RETIRE_SLOTS,cmask=1/                                     (0.00%)
     <not counted>      UOPS_RETIRED.RETIRE_SLOTS                                     (0.00%)
     <not counted>      UOPS_EXECUTED.CORE_CYCLES_GE_1                                     (0.00%)
     <not counted>      UOPS_EXECUTED.THREAD                                          (0.00%)
     <not counted>      UOPS_EXECUTED.THREAD                                          (0.00%)
     <not counted>      UOPS_ISSUED.ANY                                               (0.00%)
     <not counted>      UOPS_EXECUTED.THREAD                                          (0.00%)
     <not counted>      cpu/UOPS_EXECUTED.THREAD,cmask=1/                                     (0.00%)
     <not counted>      CPU_CLK_UNHALTED.THREAD                                       (0.00%)
     <not counted>      arith.divider_active                                          (0.00%)
     <not counted>      L1-dcache-loads                                               (0.00%)
     <not counted>      L1-dcache-load-misses                                         (0.00%)
     <not counted>      LLC-loads                                                     (0.00%)
     <not counted>      LLC-load-misses                                               (0.00%)

          0.005855 +- 0.000143 seconds time elapsed  ( +-  2.44% )

Some events weren't counted. Try disabling the NMI watchdog:
	echo 0 > /proc/sys/kernel/nmi_watchdog
	perf stat ...
	echo 1 > /proc/sys/kernel/nmi_watchdog
The events in group usually have to be from the same PMU. Try reorganizing the group.
