0 0.99999986761553039
0 0.99999986761553039
1 0.99999990071167355
1 0.99999990071167355
2 0.99999993380782670
2 0.99999993380782670
3 0.99999996690413551
3 0.99999996690413551
4 0.99999983451938979
4 0.99999983451938979
5 0.99999986761553039
5 0.99999986761553039
6 0.99999990071167355
6 0.99999990071167355
7 0.99999993380782670
7 0.99999993380782670
	Command being timed: "../../bin/div_two_independent_vectors_avx256f"
	User time (seconds): 19.53
	System time (seconds): 0.00
	Percent of CPU this job got: 99%
	Elapsed (wall clock) time (h:mm:ss or m:ss): 0:19.71
	Average shared text size (kbytes): 0
	Average unshared data size (kbytes): 0
	Average stack size (kbytes): 0
	Average total size (kbytes): 0
	Maximum resident set size (kbytes): 1600
	Average resident set size (kbytes): 0
	Major (requiring I/O) page faults: 0
	Minor (reclaiming a frame) page faults: 71
	Voluntary context switches: 1
	Involuntary context switches: 8032
	Swaps: 0
	File system inputs: 0
	File system outputs: 8
	Socket messages sent: 0
	Socket messages received: 0
	Signals delivered: 0
	Page size (bytes): 4096
	Exit status: 0
0 0.99999986761553039
0 0.99999986761553039
1 0.99999990071167355
1 0.99999990071167355
2 0.99999993380782670
2 0.99999993380782670
3 0.99999996690413551
3 0.99999996690413551
4 0.99999983451938979
4 0.99999983451938979
5 0.99999986761553039
5 0.99999986761553039
6 0.99999990071167355
6 0.99999990071167355
7 0.99999993380782670
7 0.99999993380782670
	Command being timed: "../../bin/div_two_independent_vectors_avx256f"
	User time (seconds): 19.47
	System time (seconds): 0.00
	Percent of CPU this job got: 99%
	Elapsed (wall clock) time (h:mm:ss or m:ss): 0:19.65
	Average shared text size (kbytes): 0
	Average unshared data size (kbytes): 0
	Average stack size (kbytes): 0
	Average total size (kbytes): 0
	Maximum resident set size (kbytes): 1604
	Average resident set size (kbytes): 0
	Major (requiring I/O) page faults: 0
	Minor (reclaiming a frame) page faults: 72
	Voluntary context switches: 1
	Involuntary context switches: 8074
	Swaps: 0
	File system inputs: 0
	File system outputs: 0
	Socket messages sent: 0
	Socket messages received: 0
	Signals delivered: 0
	Page size (bytes): 4096
	Exit status: 0
0 0.99999986761553039
0 0.99999986761553039
1 0.99999990071167355
1 0.99999990071167355
2 0.99999993380782670
2 0.99999993380782670
3 0.99999996690413551
3 0.99999996690413551
4 0.99999983451938979
4 0.99999983451938979
5 0.99999986761553039
5 0.99999986761553039
6 0.99999990071167355
6 0.99999990071167355
7 0.99999993380782670
7 0.99999993380782670
	Command being timed: "../../bin/div_two_independent_vectors_avx256f"
	User time (seconds): 19.47
	System time (seconds): 0.00
	Percent of CPU this job got: 99%
	Elapsed (wall clock) time (h:mm:ss or m:ss): 0:19.65
	Average shared text size (kbytes): 0
	Average unshared data size (kbytes): 0
	Average stack size (kbytes): 0
	Average total size (kbytes): 0
	Maximum resident set size (kbytes): 1576
	Average resident set size (kbytes): 0
	Major (requiring I/O) page faults: 0
	Minor (reclaiming a frame) page faults: 72
	Voluntary context switches: 1
	Involuntary context switches: 8051
	Swaps: 0
	File system inputs: 0
	File system outputs: 8
	Socket messages sent: 0
	Socket messages received: 0
	Signals delivered: 0
	Page size (bytes): 4096
	Exit status: 0

 Performance counter stats for 'taskset -c 1 /usr/bin/time -v ../../bin/div_two_independent_vectors_avx256f' (3 runs):

     4,033,266,294      BR_INST_RETIRED.ALL_BRANCHES     #      0.0 %  tma_non_fused_branches_percent
                                                  #      0.0 %  tma_other_light_ops_percent  ( +-  0.01% )  (14.80%)
    16,168,563,067      INST_RETIRED.ANY                 #     0.76 UPI                    
                                                  #      3.1 %  tma_fused_instructions_percent
                                                  #      0.0 %  tma_memory_operations_percent
                                                  #      0.0 %  tma_nop_instructions_percent  ( +-  0.01% )  (18.50%)
                 0      FP_ARITH_INST_RETIRED.128B_PACKED_SINGLE                                     (18.50%)
    64,268,502,539      CPU_CLK_UNHALTED.THREAD_ANY                                          ( +-  0.01% )  (18.51%)
    12,328,759,670      UOPS_EXECUTED.THREAD                                                 ( +-  0.09% )  (18.52%)
                 0      FP_ARITH_INST_RETIRED.SCALAR_DOUBLE                                     (18.52%)
                 0      FP_ARITH_INST_RETIRED.512B_PACKED_SINGLE                                     (14.82%)
           485,832      UOPS_EXECUTED.X87                                                    ( +-  0.51% )  (14.82%)
                 0      FP_ARITH_INST_RETIRED.SCALAR_SINGLE                                     (14.82%)
        82,609,363      MEM_INST_RETIRED.ANY                                                 ( +-  0.30% )  (14.82%)
     8,001,573,457      FP_ARITH_INST_RETIRED.256B_PACKED_DOUBLE                                     ( +-  0.01% )  (14.82%)
         8,318,047      INST_RETIRED.NOP                                                     ( +-  0.45% )  (14.82%)
                 0      FP_ARITH_INST_RETIRED.128B_PACKED_DOUBLE                                     (14.82%)
    12,261,140,964      UOPS_RETIRED.RETIRE_SLOTS                                            ( +-  0.01% )  (14.82%)
     4,017,551,332      UOPS_RETIRED.MACRO_FUSED                                             ( +-  0.00% )  (14.82%)
                 0      FP_ARITH_INST_RETIRED.512B_PACKED_DOUBLE                                     (14.82%)
                 0      FP_ARITH_INST_RETIRED.256B_PACKED_SINGLE                                     (14.82%)
     7,659,302,533      cpu/UOPS_RETIRED.RETIRE_SLOTS,cmask=1/ #     1.60 Retire                   ( +-  0.08% )  (11.12%)
    12,264,286,961      UOPS_RETIRED.RETIRE_SLOTS                                            ( +-  0.02% )  (11.12%)
     9,327,815,414      UOPS_EXECUTED.CORE_CYCLES_GE_1   #     2.64 ILP                      ( +-  0.10% )  (7.41%)
    12,305,412,176      UOPS_EXECUTED.THREAD                                                 ( +-  0.02% )  (7.41%)
    12,308,016,906      UOPS_EXECUTED.THREAD             #     1.00 Execute_per_Issue        ( +-  0.06% )  (7.41%)
    12,300,839,420      UOPS_ISSUED.ANY                                                      ( +-  0.07% )  (7.41%)
    12,301,301,565      UOPS_EXECUTED.THREAD             #     1.32 Execute                  ( +-  0.20% )  (7.41%)
     9,329,581,492      cpu/UOPS_EXECUTED.THREAD,cmask=1/                                     ( +-  0.21% )  (7.41%)
    64,326,498,929      CPU_CLK_UNHALTED.THREAD          # 64319875001.33 CLKS               ( +-  0.01% )  (7.41%)
    64,025,764,463      arith.divider_active                                                 ( +-  0.03% )  (11.11%)
        53,722,322      L1-dcache-loads                                                      ( +-  0.33% )  (11.11%)
         2,483,793      L1-dcache-load-misses            #    4.65% of all L1-dcache accesses  ( +-  1.46% )  (14.81%)
            31,023      LLC-loads                                                            ( +-  3.65% )  (14.81%)
               101      LLC-load-misses                  #    0.32% of all LL-cache accesses  ( +- 87.22% )  (14.80%)

           19.6755 +- 0.0200 seconds time elapsed  ( +-  0.10% )

