0 11.02317856782561734
0 11.02317856782561734
1 8.16617133119252792
1 8.16617133119252792
2 6.04964836576570075
2 6.04964836576570075
3 4.48168962712299734
3 4.48168962712299734
4 3.32011725291691739
4 3.32011725291691739
5 2.45960329472028860
5 2.45960329472028860
6 1.82211889110312342
6 1.82211889110312342
7 1.34985884119649113
7 1.34985884119649113
8 4.48168962712299734
8 4.48168962712299734
9 8.16617133119252792
9 8.16617133119252792
10 6.04964836576570075
10 6.04964836576570075
11 11.02317856782561734
11 11.02317856782561734
12 2.45960329472028860
12 2.45960329472028860
13 3.32011725291691739
13 3.32011725291691739
14 1.34985884119649113
14 1.34985884119649113
15 1.82211889110312342
15 1.82211889110312342
16 1.82211889110312342
16 1.82211889110312342
17 8.16617133119252792
17 8.16617133119252792
18 6.04964836576570075
18 6.04964836576570075
19 11.02317856782561734
19 11.02317856782561734
20 2.45960329472028860
20 2.45960329472028860
21 3.32011725291691739
21 3.32011725291691739
22 1.34985884119649113
22 1.34985884119649113
23 3.32011725344827457
23 3.32011725344827457
24 4.48168962712299734
24 4.48168962712299734
25 8.16617133119252792
25 8.16617133119252792
26 1.82211889110312342
26 1.82211889110312342
27 11.02317856782561734
27 11.02317856782561734
28 2.45960329472028860
28 2.45960329472028860
29 3.32011725291691739
29 3.32011725291691739
30 1.34985884119649113
30 1.34985884119649113
31 6.04964836576570075
31 6.04964836576570075
	Command being timed: "../../bin/div_four_independent_vectors_avx512f"
	User time (seconds): 22.17
	System time (seconds): 0.00
	Percent of CPU this job got: 99%
	Elapsed (wall clock) time (h:mm:ss or m:ss): 0:22.39
	Average shared text size (kbytes): 0
	Average unshared data size (kbytes): 0
	Average stack size (kbytes): 0
	Average total size (kbytes): 0
	Maximum resident set size (kbytes): 1528
	Average resident set size (kbytes): 0
	Major (requiring I/O) page faults: 0
	Minor (reclaiming a frame) page faults: 70
	Voluntary context switches: 1
	Involuntary context switches: 8745
	Swaps: 0
	File system inputs: 0
	File system outputs: 8
	Socket messages sent: 0
	Socket messages received: 0
	Signals delivered: 0
	Page size (bytes): 4096
	Exit status: 0
0 11.02317856782561734
0 11.02317856782561734
1 8.16617133119252792
1 8.16617133119252792
2 6.04964836576570075
2 6.04964836576570075
3 4.48168962712299734
3 4.48168962712299734
4 3.32011725291691739
4 3.32011725291691739
5 2.45960329472028860
5 2.45960329472028860
6 1.82211889110312342
6 1.82211889110312342
7 1.34985884119649113
7 1.34985884119649113
8 4.48168962712299734
8 4.48168962712299734
9 8.16617133119252792
9 8.16617133119252792
10 6.04964836576570075
10 6.04964836576570075
11 11.02317856782561734
11 11.02317856782561734
12 2.45960329472028860
12 2.45960329472028860
13 3.32011725291691739
13 3.32011725291691739
14 1.34985884119649113
14 1.34985884119649113
15 1.82211889110312342
15 1.82211889110312342
16 1.82211889110312342
16 1.82211889110312342
17 8.16617133119252792
17 8.16617133119252792
18 6.04964836576570075
18 6.04964836576570075
19 11.02317856782561734
19 11.02317856782561734
20 2.45960329472028860
20 2.45960329472028860
21 3.32011725291691739
21 3.32011725291691739
22 1.34985884119649113
22 1.34985884119649113
23 3.32011725344827457
23 3.32011725344827457
24 4.48168962712299734
24 4.48168962712299734
25 8.16617133119252792
25 8.16617133119252792
26 1.82211889110312342
26 1.82211889110312342
27 11.02317856782561734
27 11.02317856782561734
28 2.45960329472028860
28 2.45960329472028860
29 3.32011725291691739
29 3.32011725291691739
30 1.34985884119649113
30 1.34985884119649113
31 6.04964836576570075
31 6.04964836576570075
	Command being timed: "../../bin/div_four_independent_vectors_avx512f"
	User time (seconds): 22.17
	System time (seconds): 0.00
	Percent of CPU this job got: 99%
	Elapsed (wall clock) time (h:mm:ss or m:ss): 0:22.39
	Average shared text size (kbytes): 0
	Average unshared data size (kbytes): 0
	Average stack size (kbytes): 0
	Average total size (kbytes): 0
	Maximum resident set size (kbytes): 1520
	Average resident set size (kbytes): 0
	Major (requiring I/O) page faults: 0
	Minor (reclaiming a frame) page faults: 70
	Voluntary context switches: 1
	Involuntary context switches: 8820
	Swaps: 0
	File system inputs: 0
	File system outputs: 0
	Socket messages sent: 0
	Socket messages received: 0
	Signals delivered: 0
	Page size (bytes): 4096
	Exit status: 0
0 11.02317856782561734
0 11.02317856782561734
1 8.16617133119252792
1 8.16617133119252792
2 6.04964836576570075
2 6.04964836576570075
3 4.48168962712299734
3 4.48168962712299734
4 3.32011725291691739
4 3.32011725291691739
5 2.45960329472028860
5 2.45960329472028860
6 1.82211889110312342
6 1.82211889110312342
7 1.34985884119649113
7 1.34985884119649113
8 4.48168962712299734
8 4.48168962712299734
9 8.16617133119252792
9 8.16617133119252792
10 6.04964836576570075
10 6.04964836576570075
11 11.02317856782561734
11 11.02317856782561734
12 2.45960329472028860
12 2.45960329472028860
13 3.32011725291691739
13 3.32011725291691739
14 1.34985884119649113
14 1.34985884119649113
15 1.82211889110312342
15 1.82211889110312342
16 1.82211889110312342
16 1.82211889110312342
17 8.16617133119252792
17 8.16617133119252792
18 6.04964836576570075
18 6.04964836576570075
19 11.02317856782561734
19 11.02317856782561734
20 2.45960329472028860
20 2.45960329472028860
21 3.32011725291691739
21 3.32011725291691739
22 1.34985884119649113
22 1.34985884119649113
23 3.32011725344827457
23 3.32011725344827457
24 4.48168962712299734
24 4.48168962712299734
25 8.16617133119252792
25 8.16617133119252792
26 1.82211889110312342
26 1.82211889110312342
27 11.02317856782561734
27 11.02317856782561734
28 2.45960329472028860
28 2.45960329472028860
29 3.32011725291691739
29 3.32011725291691739
30 1.34985884119649113
30 1.34985884119649113
31 6.04964836576570075
31 6.04964836576570075
	Command being timed: "../../bin/div_four_independent_vectors_avx512f"
	User time (seconds): 22.17
	System time (seconds): 0.00
	Percent of CPU this job got: 99%
	Elapsed (wall clock) time (h:mm:ss or m:ss): 0:22.39
	Average shared text size (kbytes): 0
	Average unshared data size (kbytes): 0
	Average stack size (kbytes): 0
	Average total size (kbytes): 0
	Maximum resident set size (kbytes): 1628
	Average resident set size (kbytes): 0
	Major (requiring I/O) page faults: 0
	Minor (reclaiming a frame) page faults: 73
	Voluntary context switches: 1
	Involuntary context switches: 8807
	Swaps: 0
	File system inputs: 0
	File system outputs: 8
	Socket messages sent: 0
	Socket messages received: 0
	Signals delivered: 0
	Page size (bytes): 4096
	Exit status: 0

 Performance counter stats for 'taskset -c 1 /usr/bin/time -v ../../bin/div_four_independent_vectors_avx512f' (3 runs):

     1,040,733,050      BR_INST_RETIRED.ALL_BRANCHES     #      0.0 %  tma_non_fused_branches_percent
                                                  #      0.0 %  tma_other_light_ops_percent  ( +-  0.09% )  (14.80%)
     6,204,029,585      INST_RETIRED.ANY                 #     2.14 UPI                    
                                                  #      0.3 %  tma_fused_instructions_percent
                                                  #      0.1 %  tma_memory_operations_percent
                                                  #      0.0 %  tma_nop_instructions_percent  ( +-  0.08% )  (18.50%)
                 0      FP_ARITH_INST_RETIRED.128B_PACKED_SINGLE                                     (18.51%)
    64,305,232,481      CPU_CLK_UNHALTED.THREAD_ANY                                          ( +-  0.01% )  (18.52%)
    13,365,915,777      UOPS_EXECUTED.THREAD                                                 ( +-  0.09% )  (18.53%)
                 0      FP_ARITH_INST_RETIRED.SCALAR_DOUBLE                                     (18.53%)
                 0      FP_ARITH_INST_RETIRED.512B_PACKED_SINGLE                                     (14.83%)
           514,434      UOPS_EXECUTED.X87                                                    ( +-  0.50% )  (14.83%)
                 0      FP_ARITH_INST_RETIRED.SCALAR_SINGLE                                     (14.82%)
        92,295,350      MEM_INST_RETIRED.ANY                                                 ( +-  0.28% )  (14.82%)
                 0      FP_ARITH_INST_RETIRED.256B_PACKED_DOUBLE                                     (14.82%)
         9,394,426      INST_RETIRED.NOP                                                     ( +-  0.40% )  (14.82%)
                 0      FP_ARITH_INST_RETIRED.128B_PACKED_DOUBLE                                     (14.82%)
    13,296,012,966      UOPS_RETIRED.RETIRE_SLOTS                                            ( +-  0.01% )  (14.82%)
     1,018,806,104      UOPS_RETIRED.MACRO_FUSED                                             ( +-  0.01% )  (14.82%)
     4,001,368,578      FP_ARITH_INST_RETIRED.512B_PACKED_DOUBLE                                     ( +-  0.01% )  (14.82%)
                 0      FP_ARITH_INST_RETIRED.256B_PACKED_SINGLE                                     (14.82%)
     9,758,069,995      cpu/UOPS_RETIRED.RETIRE_SLOTS,cmask=1/ #     1.36 Retire                   ( +-  0.29% )  (11.11%)
    13,301,244,359      UOPS_RETIRED.RETIRE_SLOTS                                            ( +-  0.01% )  (11.11%)
    12,591,103,472      UOPS_EXECUTED.CORE_CYCLES_GE_1   #     2.12 ILP                      ( +-  0.07% )  (7.40%)
    13,339,928,946      UOPS_EXECUTED.THREAD                                                 ( +-  0.02% )  (7.40%)
    13,346,602,727      UOPS_EXECUTED.THREAD             #     1.00 Execute_per_Issue        ( +-  0.15% )  (7.40%)
    13,338,805,647      UOPS_ISSUED.ANY                                                      ( +-  0.15% )  (7.40%)
    13,346,365,988      UOPS_EXECUTED.THREAD             #     1.06 Execute                  ( +-  0.16% )  (7.40%)
    12,593,770,474      cpu/UOPS_EXECUTED.THREAD,cmask=1/                                     ( +-  0.02% )  (7.40%)
    64,359,804,047      CPU_CLK_UNHALTED.THREAD          # 64354549784.00 CLKS               ( +-  0.00% )  (7.40%)
    64,020,748,720      arith.divider_active                                                 ( +-  0.00% )  (11.10%)
        59,626,768      L1-dcache-loads                                                      ( +-  0.24% )  (11.10%)
         2,781,417      L1-dcache-load-misses            #    4.65% of all L1-dcache accesses  ( +-  1.38% )  (14.80%)
            28,468      LLC-loads                                                            ( +-  4.26% )  (14.80%)
                54      LLC-load-misses                  #    0.17% of all LL-cache accesses  ( +-354.35% )  (14.80%)

         22.400919 +- 0.000669 seconds time elapsed  ( +-  0.00% )

