0 1.00000000039999959
1 1.00000000029999980
2 1.00000000019999979
3 1.00000000010000001
	Command being timed: "../../bin/div_avx256f"
	User time (seconds): 34.09
	System time (seconds): 0.00
	Percent of CPU this job got: 99%
	Elapsed (wall clock) time (h:mm:ss or m:ss): 0:34.39
	Average shared text size (kbytes): 0
	Average unshared data size (kbytes): 0
	Average stack size (kbytes): 0
	Average total size (kbytes): 0
	Maximum resident set size (kbytes): 1576
	Average resident set size (kbytes): 0
	Major (requiring I/O) page faults: 0
	Minor (reclaiming a frame) page faults: 72
	Voluntary context switches: 1
	Involuntary context switches: 14097
	Swaps: 0
	File system inputs: 0
	File system outputs: 8
	Socket messages sent: 0
	Socket messages received: 0
	Signals delivered: 0
	Page size (bytes): 4096
	Exit status: 0
0 1.00000000039999959
1 1.00000000029999980
2 1.00000000019999979
3 1.00000000010000001
	Command being timed: "../../bin/div_avx256f"
	User time (seconds): 34.08
	System time (seconds): 0.00
	Percent of CPU this job got: 99%
	Elapsed (wall clock) time (h:mm:ss or m:ss): 0:34.38
	Average shared text size (kbytes): 0
	Average unshared data size (kbytes): 0
	Average stack size (kbytes): 0
	Average total size (kbytes): 0
	Maximum resident set size (kbytes): 1512
	Average resident set size (kbytes): 0
	Major (requiring I/O) page faults: 0
	Minor (reclaiming a frame) page faults: 70
	Voluntary context switches: 1
	Involuntary context switches: 14039
	Swaps: 0
	File system inputs: 0
	File system outputs: 8
	Socket messages sent: 0
	Socket messages received: 0
	Signals delivered: 0
	Page size (bytes): 4096
	Exit status: 0
0 1.00000000039999959
1 1.00000000029999980
2 1.00000000019999979
3 1.00000000010000001
	Command being timed: "../../bin/div_avx256f"
	User time (seconds): 34.08
	System time (seconds): 0.00
	Percent of CPU this job got: 99%
	Elapsed (wall clock) time (h:mm:ss or m:ss): 0:34.38
	Average shared text size (kbytes): 0
	Average unshared data size (kbytes): 0
	Average stack size (kbytes): 0
	Average total size (kbytes): 0
	Maximum resident set size (kbytes): 1568
	Average resident set size (kbytes): 0
	Major (requiring I/O) page faults: 0
	Minor (reclaiming a frame) page faults: 71
	Voluntary context switches: 1
	Involuntary context switches: 14128
	Swaps: 0
	File system inputs: 0
	File system outputs: 8
	Socket messages sent: 0
	Socket messages received: 0
	Signals delivered: 0
	Page size (bytes): 4096
	Exit status: 0

 Performance counter stats for 'taskset -c 1 /usr/bin/time -v ../../bin/div_avx256f' (3 runs):

     8,057,431,278      BR_INST_RETIRED.ALL_BRANCHES     #      0.0 %  tma_non_fused_branches_percent
                                                  #      0.0 %  tma_other_light_ops_percent  ( +-  0.01% )  (14.80%)
    24,300,215,266      INST_RETIRED.ANY                 #     0.68 UPI                    
                                                  #      3.5 %  tma_fused_instructions_percent
                                                  #      0.0 %  tma_memory_operations_percent
                                                  #      0.0 %  tma_nop_instructions_percent  ( +-  0.03% )  (18.51%)
                 0      FP_ARITH_INST_RETIRED.128B_PACKED_SINGLE                                     (18.51%)
   112,481,416,782      CPU_CLK_UNHALTED.THREAD_ANY                                          ( +-  0.01% )  (18.52%)
    16,555,942,593      UOPS_EXECUTED.THREAD                                                 ( +-  0.07% )  (18.52%)
                 0      FP_ARITH_INST_RETIRED.SCALAR_DOUBLE                                     (18.52%)
                 0      FP_ARITH_INST_RETIRED.512B_PACKED_SINGLE                                     (14.82%)
           849,875      UOPS_EXECUTED.X87                                                    ( +-  0.43% )  (14.82%)
                 0      FP_ARITH_INST_RETIRED.SCALAR_SINGLE                                     (14.82%)
       143,904,493      MEM_INST_RETIRED.ANY                                                 ( +-  0.23% )  (14.82%)
     8,002,828,794      FP_ARITH_INST_RETIRED.256B_PACKED_DOUBLE                                     ( +-  0.01% )  (14.82%)
        14,653,357      INST_RETIRED.NOP                                                     ( +-  0.50% )  (14.82%)
                 0      FP_ARITH_INST_RETIRED.128B_PACKED_DOUBLE                                     (14.82%)
    16,456,229,880      UOPS_RETIRED.RETIRE_SLOTS                                            ( +-  0.01% )  (14.82%)
     8,031,115,859      UOPS_RETIRED.MACRO_FUSED                                             ( +-  0.01% )  (14.82%)
                 0      FP_ARITH_INST_RETIRED.512B_PACKED_DOUBLE                                     (14.82%)
                 0      FP_ARITH_INST_RETIRED.256B_PACKED_SINGLE                                     (14.82%)
     8,176,413,580      cpu/UOPS_RETIRED.RETIRE_SLOTS,cmask=1/ #     2.01 Retire                   ( +-  0.00% )  (11.12%)
    16,458,960,245      UOPS_RETIRED.RETIRE_SLOTS                                            ( +-  0.01% )  (11.12%)
    16,264,994,169      UOPS_EXECUTED.CORE_CYCLES_GE_1   #     2.03 ILP                      ( +-  0.01% )  (7.41%)
    16,534,053,750      UOPS_EXECUTED.THREAD                                                 ( +-  0.01% )  (7.41%)
    16,540,315,114      UOPS_EXECUTED.THREAD             #     1.00 Execute_per_Issue        ( +-  0.04% )  (7.41%)
    16,528,201,673      UOPS_ISSUED.ANY                                                      ( +-  0.05% )  (7.41%)
    16,534,979,685      UOPS_EXECUTED.THREAD             #     1.02 Execute                  ( +-  0.10% )  (7.41%)
    16,266,010,024      cpu/UOPS_EXECUTED.THREAD,cmask=1/                                     ( +-  0.03% )  (7.41%)
   112,543,674,676      CPU_CLK_UNHALTED.THREAD          # 112549394213.67 CLKS              ( +-  0.00% )  (7.40%)
    64,011,973,495      arith.divider_active                                                 ( +-  0.02% )  (11.11%)
        93,782,680      L1-dcache-loads                                                      ( +-  1.71% )  (11.10%)
         4,582,095      L1-dcache-load-misses            #    4.81% of all L1-dcache accesses  ( +-  1.94% )  (14.81%)
            45,803      LLC-loads                                                            ( +-  4.59% )  (14.80%)
                81      LLC-load-misses                  #    0.19% of all LL-cache accesses  ( +-169.61% )  (14.80%)

          34.39393 +- 0.00259 seconds time elapsed  ( +-  0.01% )

