0 1.00000000079999984
1 1.00000000069999961
2 1.00000000060000005
3 1.00000000049999982
4 1.00000000039999959
5 1.00000000029999980
6 1.00000000019999979
7 1.00000000010000001
	Command being timed: "../../bin/div_avx512f"
	User time (seconds): 33.26
	System time (seconds): 0.00
	Percent of CPU this job got: 99%
	Elapsed (wall clock) time (h:mm:ss or m:ss): 0:33.59
	Average shared text size (kbytes): 0
	Average unshared data size (kbytes): 0
	Average stack size (kbytes): 0
	Average total size (kbytes): 0
	Maximum resident set size (kbytes): 1524
	Average resident set size (kbytes): 0
	Major (requiring I/O) page faults: 0
	Minor (reclaiming a frame) page faults: 70
	Voluntary context switches: 1
	Involuntary context switches: 13204
	Swaps: 0
	File system inputs: 0
	File system outputs: 8
	Socket messages sent: 0
	Socket messages received: 0
	Signals delivered: 0
	Page size (bytes): 4096
	Exit status: 0
0 1.00000000079999984
1 1.00000000069999961
2 1.00000000060000005
3 1.00000000049999982
4 1.00000000039999959
5 1.00000000029999980
6 1.00000000019999979
7 1.00000000010000001
	Command being timed: "../../bin/div_avx512f"
	User time (seconds): 33.26
	System time (seconds): 0.00
	Percent of CPU this job got: 99%
	Elapsed (wall clock) time (h:mm:ss or m:ss): 0:33.59
	Average shared text size (kbytes): 0
	Average unshared data size (kbytes): 0
	Average stack size (kbytes): 0
	Average total size (kbytes): 0
	Maximum resident set size (kbytes): 1448
	Average resident set size (kbytes): 0
	Major (requiring I/O) page faults: 0
	Minor (reclaiming a frame) page faults: 69
	Voluntary context switches: 1
	Involuntary context switches: 13262
	Swaps: 0
	File system inputs: 0
	File system outputs: 8
	Socket messages sent: 0
	Socket messages received: 0
	Signals delivered: 0
	Page size (bytes): 4096
	Exit status: 0
0 1.00000000079999984
1 1.00000000069999961
2 1.00000000060000005
3 1.00000000049999982
4 1.00000000039999959
5 1.00000000029999980
6 1.00000000019999979
7 1.00000000010000001
	Command being timed: "../../bin/div_avx512f"
	User time (seconds): 33.26
	System time (seconds): 0.00
	Percent of CPU this job got: 99%
	Elapsed (wall clock) time (h:mm:ss or m:ss): 0:33.59
	Average shared text size (kbytes): 0
	Average unshared data size (kbytes): 0
	Average stack size (kbytes): 0
	Average total size (kbytes): 0
	Maximum resident set size (kbytes): 1496
	Average resident set size (kbytes): 0
	Major (requiring I/O) page faults: 0
	Minor (reclaiming a frame) page faults: 72
	Voluntary context switches: 1
	Involuntary context switches: 13253
	Swaps: 0
	File system inputs: 0
	File system outputs: 8
	Socket messages sent: 0
	Socket messages received: 0
	Signals delivered: 0
	Page size (bytes): 4096
	Exit status: 0

 Performance counter stats for 'taskset -c 1 /usr/bin/time -v ../../bin/div_avx512f' (3 runs):

     4,058,021,860      BR_INST_RETIRED.ALL_BRANCHES     #      0.0 %  tma_non_fused_branches_percent
                                                  #      0.0 %  tma_other_light_ops_percent  ( +-  0.00% )  (14.81%)
    12,298,852,814      INST_RETIRED.ANY                 #     1.34 UPI                    
                                                  #      1.1 %  tma_fused_instructions_percent
                                                  #      0.0 %  tma_memory_operations_percent
                                                  #      0.0 %  tma_nop_instructions_percent  ( +-  0.01% )  (18.51%)
                 0      FP_ARITH_INST_RETIRED.128B_PACKED_SINGLE                                     (18.51%)
    96,459,360,475      CPU_CLK_UNHALTED.THREAD_ANY                                          ( +-  0.01% )  (18.52%)
    16,533,298,813      UOPS_EXECUTED.THREAD                                                 ( +-  0.07% )  (18.52%)
                 0      FP_ARITH_INST_RETIRED.SCALAR_DOUBLE                                     (18.53%)
                 0      FP_ARITH_INST_RETIRED.512B_PACKED_SINGLE                                     (14.83%)
           770,914      UOPS_EXECUTED.X87                                                    ( +-  0.07% )  (14.83%)
                 0      FP_ARITH_INST_RETIRED.SCALAR_SINGLE                                     (14.82%)
       139,013,975      MEM_INST_RETIRED.ANY                                                 ( +-  0.39% )  (14.82%)
                 0      FP_ARITH_INST_RETIRED.256B_PACKED_DOUBLE                                     (14.82%)
        14,147,528      INST_RETIRED.NOP                                                     ( +-  0.48% )  (14.82%)
                 0      FP_ARITH_INST_RETIRED.128B_PACKED_DOUBLE                                     (14.81%)
    16,441,565,707      UOPS_RETIRED.RETIRE_SLOTS                                            ( +-  0.00% )  (14.81%)
     4,028,475,982      UOPS_RETIRED.MACRO_FUSED                                             ( +-  0.00% )  (14.81%)
     4,000,990,511      FP_ARITH_INST_RETIRED.512B_PACKED_DOUBLE                                     ( +-  0.00% )  (14.81%)
                 0      FP_ARITH_INST_RETIRED.256B_PACKED_SINGLE                                     (14.81%)
    11,312,828,071      cpu/UOPS_RETIRED.RETIRE_SLOTS,cmask=1/ #     1.45 Retire                   ( +-  0.01% )  (11.11%)
    16,443,267,313      UOPS_RETIRED.RETIRE_SLOTS                                            ( +-  0.00% )  (11.11%)
    15,344,892,943      UOPS_EXECUTED.CORE_CYCLES_GE_1   #     2.15 ILP                      ( +-  0.07% )  (7.41%)
    16,503,259,658      UOPS_EXECUTED.THREAD                                                 ( +-  0.01% )  (7.41%)
    16,513,590,425      UOPS_EXECUTED.THREAD             #     1.00 Execute_per_Issue        ( +-  0.04% )  (7.41%)
    16,500,910,737      UOPS_ISSUED.ANY                                                      ( +-  0.04% )  (7.41%)
    16,513,510,953      UOPS_EXECUTED.THREAD             #     1.08 Execute                  ( +-  0.13% )  (7.41%)
    15,349,020,995      cpu/UOPS_EXECUTED.THREAD,cmask=1/                                     ( +-  0.07% )  (7.41%)
    96,534,458,314      CPU_CLK_UNHALTED.THREAD          # 96537625338.67 CLKS               ( +-  0.00% )  (7.41%)
    64,025,028,457      arith.divider_active                                                 ( +-  0.02% )  (11.11%)
        89,696,845      L1-dcache-loads                                                      ( +-  0.49% )  (11.11%)
         4,070,044      L1-dcache-load-misses            #    4.51% of all L1-dcache accesses  ( +-  1.45% )  (14.81%)
            43,312      LLC-loads                                                            ( +-  3.78% )  (14.81%)
                27      LLC-load-misses                  #    0.06% of all LL-cache accesses  ( +-1520.54% )  (14.81%)

         33.599574 +- 0.000151 seconds time elapsed  ( +-  0.00% )

