0 24.53253018140693698
1 11.02317637667136374
2 4.95303242360146534
3 2.22554092840238038
	Command being timed: "../../bin/fma_avx256f"
	User time (seconds): 9.75
	System time (seconds): 0.00
	Percent of CPU this job got: 99%
	Elapsed (wall clock) time (h:mm:ss or m:ss): 0:09.84
	Average shared text size (kbytes): 0
	Average unshared data size (kbytes): 0
	Average stack size (kbytes): 0
	Average total size (kbytes): 0
	Maximum resident set size (kbytes): 1580
	Average resident set size (kbytes): 0
	Major (requiring I/O) page faults: 0
	Minor (reclaiming a frame) page faults: 73
	Voluntary context switches: 1
	Involuntary context switches: 4022
	Swaps: 0
	File system inputs: 0
	File system outputs: 8
	Socket messages sent: 0
	Socket messages received: 0
	Signals delivered: 0
	Page size (bytes): 4096
	Exit status: 0
0 24.53253018140693698
1 11.02317637667136374
2 4.95303242360146534
3 2.22554092840238038
	Command being timed: "../../bin/fma_avx256f"
	User time (seconds): 9.73
	System time (seconds): 0.00
	Percent of CPU this job got: 99%
	Elapsed (wall clock) time (h:mm:ss or m:ss): 0:09.82
	Average shared text size (kbytes): 0
	Average unshared data size (kbytes): 0
	Average stack size (kbytes): 0
	Average total size (kbytes): 0
	Maximum resident set size (kbytes): 1616
	Average resident set size (kbytes): 0
	Major (requiring I/O) page faults: 0
	Minor (reclaiming a frame) page faults: 72
	Voluntary context switches: 1
	Involuntary context switches: 4013
	Swaps: 0
	File system inputs: 0
	File system outputs: 0
	Socket messages sent: 0
	Socket messages received: 0
	Signals delivered: 0
	Page size (bytes): 4096
	Exit status: 0
0 24.53253018140693698
1 11.02317637667136374
2 4.95303242360146534
3 2.22554092840238038
	Command being timed: "../../bin/fma_avx256f"
	User time (seconds): 9.73
	System time (seconds): 0.00
	Percent of CPU this job got: 99%
	Elapsed (wall clock) time (h:mm:ss or m:ss): 0:09.82
	Average shared text size (kbytes): 0
	Average unshared data size (kbytes): 0
	Average stack size (kbytes): 0
	Average total size (kbytes): 0
	Maximum resident set size (kbytes): 1604
	Average resident set size (kbytes): 0
	Major (requiring I/O) page faults: 0
	Minor (reclaiming a frame) page faults: 72
	Voluntary context switches: 1
	Involuntary context switches: 4025
	Swaps: 0
	File system inputs: 0
	File system outputs: 0
	Socket messages sent: 0
	Socket messages received: 0
	Signals delivered: 0
	Page size (bytes): 4096
	Exit status: 0

 Performance counter stats for 'taskset -c 1 /usr/bin/time -v ../../bin/fma_avx256f' (3 runs):

     8,011,889,113      BR_INST_RETIRED.ALL_BRANCHES     #      0.0 %  tma_non_fused_branches_percent
                                                  #      0.0 %  tma_other_light_ops_percent  ( +-  0.01% )  (14.81%)
    24,068,058,501      INST_RETIRED.ANY                 #     0.67 UPI                    
                                                  #     12.4 %  tma_fused_instructions_percent
                                                  #      0.0 %  tma_memory_operations_percent
                                                  #      0.0 %  tma_nop_instructions_percent  ( +-  0.00% )  (18.51%)
                 0      FP_ARITH_INST_RETIRED.128B_PACKED_SINGLE                                     (18.52%)
    32,129,395,011      CPU_CLK_UNHALTED.THREAD_ANY                                          ( +-  0.01% )  (18.52%)
    16,167,209,245      UOPS_EXECUTED.THREAD                                                 ( +-  0.03% )  (18.52%)
                 0      FP_ARITH_INST_RETIRED.SCALAR_DOUBLE                                     (18.53%)
                 0      FP_ARITH_INST_RETIRED.512B_PACKED_SINGLE                                     (14.82%)
           243,315      UOPS_EXECUTED.X87                                                    ( +-  0.17% )  (14.81%)
                 0      FP_ARITH_INST_RETIRED.SCALAR_SINGLE                                     (14.82%)
        41,732,522      MEM_INST_RETIRED.ANY                                                 ( +-  0.47% )  (14.82%)
    16,001,955,514      FP_ARITH_INST_RETIRED.256B_PACKED_DOUBLE                                     ( +-  0.01% )  (14.82%)
         4,185,797      INST_RETIRED.NOP                                                     ( +-  0.73% )  (14.82%)
                 0      FP_ARITH_INST_RETIRED.128B_PACKED_DOUBLE                                     (14.82%)
    16,133,985,675      UOPS_RETIRED.RETIRE_SLOTS                                            ( +-  0.01% )  (14.82%)
     8,010,041,213      UOPS_RETIRED.MACRO_FUSED                                             ( +-  0.01% )  (14.82%)
                 0      FP_ARITH_INST_RETIRED.512B_PACKED_DOUBLE                                     (14.82%)
                 0      FP_ARITH_INST_RETIRED.256B_PACKED_SINGLE                                     (14.82%)
     8,053,781,504      cpu/UOPS_RETIRED.RETIRE_SLOTS,cmask=1/ #     2.00 Retire                   ( +-  0.01% )  (11.11%)
    16,138,277,646      UOPS_RETIRED.RETIRE_SLOTS                                            ( +-  0.01% )  (11.11%)
    13,343,528,138      UOPS_EXECUTED.CORE_CYCLES_GE_1   #     2.42 ILP                      ( +-  0.03% )  (7.41%)
    16,160,969,076      UOPS_EXECUTED.THREAD                                                 ( +-  0.02% )  (7.41%)
    16,163,899,396      UOPS_EXECUTED.THREAD             #     1.00 Execute_per_Issue        ( +-  0.02% )  (7.41%)
    16,160,439,408      UOPS_ISSUED.ANY                                                      ( +-  0.01% )  (7.41%)
    16,161,894,506      UOPS_EXECUTED.THREAD             #     1.21 Execute                  ( +-  0.07% )  (7.41%)
    13,345,712,221      cpu/UOPS_EXECUTED.THREAD,cmask=1/                                     ( +-  0.01% )  (7.41%)
    32,164,234,270      CPU_CLK_UNHALTED.THREAD          # 32161203760.00 CLKS               ( +-  0.01% )  (7.41%)
         1,672,785      arith.divider_active                                                 ( +-  0.67% )  (11.11%)
        26,593,243      L1-dcache-loads                                                      ( +-  0.17% )  (11.11%)
         1,268,137      L1-dcache-load-misses            #    4.78% of all L1-dcache accesses  ( +-  1.44% )  (14.81%)
            10,835      LLC-loads                                                            ( +-  4.95% )  (14.81%)
                 0      LLC-load-misses                  #    0.00% of all LL-cache accesses  (14.81%)

           9.83756 +- 0.00682 seconds time elapsed  ( +-  0.07% )

