Time elapsed: 19.6509 s
AVX256:
Sum 24.7662
Difference Sum - Formula 2.05098e-11
Time elapsed: 19.651 s
	Command being timed: "../../bin/harmonic_series 1 4e9"
	User time (seconds): 19.47
	System time (seconds): 0.00
	Percent of CPU this job got: 99%
	Elapsed (wall clock) time (h:mm:ss or m:ss): 0:19.65
	Average shared text size (kbytes): 0
	Average unshared data size (kbytes): 0
	Average stack size (kbytes): 0
	Average total size (kbytes): 0
	Maximum resident set size (kbytes): 2096
	Average resident set size (kbytes): 0
	Major (requiring I/O) page faults: 0
	Minor (reclaiming a frame) page faults: 86
	Voluntary context switches: 1
	Involuntary context switches: 8108
	Swaps: 0
	File system inputs: 0
	File system outputs: 8
	Socket messages sent: 0
	Socket messages received: 0
	Signals delivered: 0
	Page size (bytes): 4096
	Exit status: 0
Time elapsed: 19.6496 s
AVX256:
Sum 24.7662
Difference Sum - Formula 2.05098e-11
Time elapsed: 19.6497 s
	Command being timed: "../../bin/harmonic_series 1 4e9"
	User time (seconds): 19.47
	System time (seconds): 0.00
	Percent of CPU this job got: 99%
	Elapsed (wall clock) time (h:mm:ss or m:ss): 0:19.65
	Average shared text size (kbytes): 0
	Average unshared data size (kbytes): 0
	Average stack size (kbytes): 0
	Average total size (kbytes): 0
	Maximum resident set size (kbytes): 2148
	Average resident set size (kbytes): 0
	Major (requiring I/O) page faults: 0
	Minor (reclaiming a frame) page faults: 87
	Voluntary context switches: 1
	Involuntary context switches: 8070
	Swaps: 0
	File system inputs: 0
	File system outputs: 0
	Socket messages sent: 0
	Socket messages received: 0
	Signals delivered: 0
	Page size (bytes): 4096
	Exit status: 0
Time elapsed: 19.6502 s
AVX256:
Sum 24.7662
Difference Sum - Formula 2.05098e-11
Time elapsed: 19.6502 s
	Command being timed: "../../bin/harmonic_series 1 4e9"
	User time (seconds): 19.47
	System time (seconds): 0.00
	Percent of CPU this job got: 99%
	Elapsed (wall clock) time (h:mm:ss or m:ss): 0:19.65
	Average shared text size (kbytes): 0
	Average unshared data size (kbytes): 0
	Average stack size (kbytes): 0
	Average total size (kbytes): 0
	Maximum resident set size (kbytes): 2096
	Average resident set size (kbytes): 0
	Major (requiring I/O) page faults: 0
	Minor (reclaiming a frame) page faults: 87
	Voluntary context switches: 1
	Involuntary context switches: 8082
	Swaps: 0
	File system inputs: 0
	File system outputs: 8
	Socket messages sent: 0
	Socket messages received: 0
	Signals delivered: 0
	Page size (bytes): 4096
	Exit status: 0

 Performance counter stats for 'taskset -c 1 /usr/bin/time -v ../../bin/harmonic_series 1 4e9' (3 runs):

     8,031,480,062      BR_INST_RETIRED.ALL_BRANCHES     #      0.0 %  tma_non_fused_branches_percent
                                                  #      0.0 %  tma_other_light_ops_percent  ( +-  0.00% )  (14.80%)
    48,145,159,567      INST_RETIRED.ANY                 #     0.84 UPI                    
                                                  #      6.2 %  tma_fused_instructions_percent
                                                  #      0.1 %  tma_memory_operations_percent
                                                  #      0.0 %  tma_nop_instructions_percent  ( +-  0.01% )  (18.50%)
                 0      FP_ARITH_INST_RETIRED.128B_PACKED_SINGLE                                     (18.51%)
    64,286,073,041      CPU_CLK_UNHALTED.THREAD_ANY                                          ( +-  0.01% )  (18.52%)
    40,315,504,485      UOPS_EXECUTED.THREAD                                                 ( +-  0.01% )  (18.52%)
                 0      FP_ARITH_INST_RETIRED.SCALAR_DOUBLE                                     (18.53%)
                 0      FP_ARITH_INST_RETIRED.512B_PACKED_SINGLE                                     (14.82%)
           491,999      UOPS_EXECUTED.X87                                                    ( +-  0.42% )  (14.82%)
                 0      FP_ARITH_INST_RETIRED.SCALAR_SINGLE                                     (14.82%)
        82,358,023      MEM_INST_RETIRED.ANY                                                 ( +-  0.31% )  (14.82%)
    24,010,061,552      FP_ARITH_INST_RETIRED.256B_PACKED_DOUBLE                                     ( +-  0.01% )  (14.82%)
         8,310,023      INST_RETIRED.NOP                                                     ( +-  0.33% )  (14.82%)
                 0      FP_ARITH_INST_RETIRED.128B_PACKED_DOUBLE                                     (14.82%)
    40,268,223,116      UOPS_RETIRED.RETIRE_SLOTS                                            ( +-  0.00% )  (14.82%)
     8,019,197,150      UOPS_RETIRED.MACRO_FUSED                                             ( +-  0.00% )  (14.82%)
                 0      FP_ARITH_INST_RETIRED.512B_PACKED_DOUBLE                                     (14.82%)
                 0      FP_ARITH_INST_RETIRED.256B_PACKED_SINGLE                                     (14.82%)
    16,104,728,518      cpu/UOPS_RETIRED.RETIRE_SLOTS,cmask=1/ #     2.50 Retire                   ( +-  0.01% )  (11.12%)
    40,274,836,316      UOPS_RETIRED.RETIRE_SLOTS                                            ( +-  0.01% )  (11.12%)
    32,727,750,275      UOPS_EXECUTED.CORE_CYCLES_GE_1   #     2.46 ILP                      ( +-  0.01% )  (7.41%)
    40,312,918,832      UOPS_EXECUTED.THREAD                                                 ( +-  0.01% )  (7.41%)
    40,313,266,976      UOPS_EXECUTED.THREAD             #     1.00 Execute_per_Issue        ( +-  0.02% )  (7.41%)
    40,305,896,757      UOPS_ISSUED.ANY                                                      ( +-  0.02% )  (7.41%)
    40,314,770,017      UOPS_EXECUTED.THREAD             #     1.23 Execute                  ( +-  0.01% )  (7.41%)
    32,729,763,410      cpu/UOPS_EXECUTED.THREAD,cmask=1/                                     ( +-  0.01% )  (7.41%)
    64,315,808,227      CPU_CLK_UNHALTED.THREAD          # 64317801632.33 CLKS               ( +-  0.00% )  (7.41%)
    64,009,229,013      arith.divider_active                                                 ( +-  0.02% )  (11.11%)
        54,553,000      L1-dcache-loads                                                      ( +-  3.62% )  (11.11%)
         2,665,969      L1-dcache-load-misses            #    4.78% of all L1-dcache accesses  ( +-  2.68% )  (14.81%)
            37,222      LLC-loads                                                            ( +-  3.97% )  (14.80%)
                74      LLC-load-misses                  #    0.21% of all LL-cache accesses  ( +-259.00% )  (14.79%)

          19.65526 +- 0.00101 seconds time elapsed  ( +-  0.01% )

