0 24.53253668079271677
1 16.44465057627291671
2 11.02317856826629416
3 7.38905732167703544
4 4.95303308049624480
5 3.32011725278397885
6 2.22554107607292417
7 1.49182474713380642
	Command being timed: "../../bin/mul_avx512f"
	User time (seconds): 5.58
	System time (seconds): 0.00
	Percent of CPU this job got: 98%
	Elapsed (wall clock) time (h:mm:ss or m:ss): 0:05.63
	Average shared text size (kbytes): 0
	Average unshared data size (kbytes): 0
	Average stack size (kbytes): 0
	Average total size (kbytes): 0
	Maximum resident set size (kbytes): 1520
	Average resident set size (kbytes): 0
	Major (requiring I/O) page faults: 0
	Minor (reclaiming a frame) page faults: 69
	Voluntary context switches: 1
	Involuntary context switches: 2199
	Swaps: 0
	File system inputs: 0
	File system outputs: 8
	Socket messages sent: 0
	Socket messages received: 0
	Signals delivered: 0
	Page size (bytes): 4096
	Exit status: 0
0 24.53253668079271677
1 16.44465057627291671
2 11.02317856826629416
3 7.38905732167703544
4 4.95303308049624480
5 3.32011725278397885
6 2.22554107607292417
7 1.49182474713380642
	Command being timed: "../../bin/mul_avx512f"
	User time (seconds): 5.54
	System time (seconds): 0.00
	Percent of CPU this job got: 99%
	Elapsed (wall clock) time (h:mm:ss or m:ss): 0:05.59
	Average shared text size (kbytes): 0
	Average unshared data size (kbytes): 0
	Average stack size (kbytes): 0
	Average total size (kbytes): 0
	Maximum resident set size (kbytes): 1452
	Average resident set size (kbytes): 0
	Major (requiring I/O) page faults: 0
	Minor (reclaiming a frame) page faults: 70
	Voluntary context switches: 1
	Involuntary context switches: 2189
	Swaps: 0
	File system inputs: 0
	File system outputs: 0
	Socket messages sent: 0
	Socket messages received: 0
	Signals delivered: 0
	Page size (bytes): 4096
	Exit status: 0
0 24.53253668079271677
1 16.44465057627291671
2 11.02317856826629416
3 7.38905732167703544
4 4.95303308049624480
5 3.32011725278397885
6 2.22554107607292417
7 1.49182474713380642
	Command being timed: "../../bin/mul_avx512f"
	User time (seconds): 5.54
	System time (seconds): 0.00
	Percent of CPU this job got: 98%
	Elapsed (wall clock) time (h:mm:ss or m:ss): 0:05.59
	Average shared text size (kbytes): 0
	Average unshared data size (kbytes): 0
	Average stack size (kbytes): 0
	Average total size (kbytes): 0
	Maximum resident set size (kbytes): 1524
	Average resident set size (kbytes): 0
	Major (requiring I/O) page faults: 0
	Minor (reclaiming a frame) page faults: 70
	Voluntary context switches: 1
	Involuntary context switches: 2214
	Swaps: 0
	File system inputs: 0
	File system outputs: 0
	Socket messages sent: 0
	Socket messages received: 0
	Signals delivered: 0
	Page size (bytes): 4096
	Exit status: 0

 Performance counter stats for 'taskset -c 1 /usr/bin/time -v ../../bin/mul_avx512f' (3 runs):

     4,007,289,181      BR_INST_RETIRED.ALL_BRANCHES     #     -0.0 %  tma_non_fused_branches_percent
                                                  #      0.0 %  tma_other_light_ops_percent  ( +-  0.01% )  (14.78%)
    12,036,467,495      INST_RETIRED.ANY                 #     0.67 UPI                    
                                                  #     12.4 %  tma_fused_instructions_percent
                                                  #      0.0 %  tma_memory_operations_percent
                                                  #      0.0 %  tma_nop_instructions_percent  ( +-  0.01% )  (18.50%)
                 0      FP_ARITH_INST_RETIRED.128B_PACKED_SINGLE                                     (18.51%)
    16,072,967,793      CPU_CLK_UNHALTED.THREAD_ANY                                          ( +-  0.02% )  (18.55%)
     8,103,535,806      UOPS_EXECUTED.THREAD                                                 ( +-  0.07% )  (18.57%)
                 0      FP_ARITH_INST_RETIRED.SCALAR_DOUBLE                                     (18.58%)
                 0      FP_ARITH_INST_RETIRED.512B_PACKED_SINGLE                                     (14.87%)
           129,361      UOPS_EXECUTED.X87                                                    ( +-  0.21% )  (14.85%)
                 0      FP_ARITH_INST_RETIRED.SCALAR_SINGLE                                     (14.85%)
        23,347,861      MEM_INST_RETIRED.ANY                                                 ( +-  0.26% )  (14.85%)
                 0      FP_ARITH_INST_RETIRED.256B_PACKED_DOUBLE                                     (14.85%)
         2,323,665      INST_RETIRED.NOP                                                     ( +-  0.77% )  (14.85%)
                 0      FP_ARITH_INST_RETIRED.128B_PACKED_DOUBLE                                     (14.85%)
     8,080,540,366      UOPS_RETIRED.RETIRE_SLOTS                                            ( +-  0.02% )  (14.85%)
     4,007,679,537      UOPS_RETIRED.MACRO_FUSED                                             ( +-  0.03% )  (14.83%)
     4,002,780,071      FP_ARITH_INST_RETIRED.512B_PACKED_DOUBLE                                     ( +-  0.04% )  (14.81%)
                 0      FP_ARITH_INST_RETIRED.256B_PACKED_SINGLE                                     (14.80%)
     4,031,040,770      cpu/UOPS_RETIRED.RETIRE_SLOTS,cmask=1/ #     2.00 Retire                   ( +-  0.04% )  (11.09%)
     8,079,203,343      UOPS_RETIRED.RETIRE_SLOTS                                            ( +-  0.04% )  (11.09%)
     7,039,209,830      UOPS_EXECUTED.CORE_CYCLES_GE_1   #     2.30 ILP                      ( +-  0.03% )  (7.39%)
     8,087,369,073      UOPS_EXECUTED.THREAD                                                 ( +-  0.01% )  (7.39%)
     8,089,849,253      UOPS_EXECUTED.THREAD             #     1.00 Execute_per_Issue        ( +-  0.04% )  (7.39%)
     8,087,967,528      UOPS_ISSUED.ANY                                                      ( +-  0.04% )  (7.39%)
     8,088,817,755      UOPS_EXECUTED.THREAD             #     1.15 Execute                  ( +-  0.02% )  (7.39%)
     7,041,395,706      cpu/UOPS_EXECUTED.THREAD,cmask=1/                                     ( +-  0.08% )  (7.39%)
    16,096,341,440      CPU_CLK_UNHALTED.THREAD          # 16088117584.33 CLKS               ( +-  0.04% )  (7.39%)
           892,581      arith.divider_active                                                 ( +-  1.65% )  (11.09%)
        15,069,492      L1-dcache-loads                                                      ( +- 20.29% )  (11.08%)
           729,599      L1-dcache-load-misses            #    4.05% of all L1-dcache accesses  ( +-  8.58% )  (14.78%)
             8,323      LLC-loads                                                            ( +- 27.64% )  (14.78%)
                 0      LLC-load-misses                  #    0.00% of all LL-cache accesses  (14.78%)

            5.6183 +- 0.0132 seconds time elapsed  ( +-  0.23% )

