0 3200000461.76296901702880859
1 2399999919.60420227050781250
2 1600000230.88148450851440430
3 800000115.44074225425720215

 Performance counter stats for '../../bin/add_avx256f':

          8,800.40 msec task-clock                       #    0.998 CPUs utilized          
             3,664      context-switches                 #  416.344 /sec                   
                 1      cpu-migrations                   #    0.114 /sec                   
                60      page-faults                      #    6.818 /sec                   
    32,103,078,747      cycles                           #    3.648 GHz                    
    24,076,203,401      instructions                     #    0.75  insn per cycle         
     8,015,654,420      branches                         #  910.828 M/sec                  
           295,958      branch-misses                    #    0.00% of all branches        

       8.816411838 seconds time elapsed

       8.792903000 seconds user
       0.001966000 seconds sys


	Command being timed: "perf stat ../../bin/add_avx256f"
	User time (seconds): 8.98
	System time (seconds): 0.03
	Percent of CPU this job got: 99%
	Elapsed (wall clock) time (h:mm:ss or m:ss): 0:09.05
	Average shared text size (kbytes): 0
	Average unshared data size (kbytes): 0
	Average stack size (kbytes): 0
	Average total size (kbytes): 0
	Maximum resident set size (kbytes): 31288
	Average resident set size (kbytes): 0
	Major (requiring I/O) page faults: 0
	Minor (reclaiming a frame) page faults: 4778
	Voluntary context switches: 6
	Involuntary context switches: 3754
	Swaps: 0
	File system inputs: 0
	File system outputs: 8
	Socket messages sent: 0
	Socket messages received: 0
	Signals delivered: 0
	Page size (bytes): 4096
	Exit status: 0
