Extension SSE    is supported
Extension SSE2   is supported
Extension SSE3   is supported
Extension SSE4.1 is supported
Extension SSE4.2 is supported
Extension AVX    is supported
Extension AVX2   is supported
Extension FMA    is supported
Extension FMA4   is unsupported

Extension AVX512F         is supported
Extension AVX512VL        is supported
Extension AVX512BW        is supported
Extension AVX512DQ        is supported
Extension AVX512CD        is supported
Extension AVX512ER        is unsupported
Extension AVX512PF        is unsupported
Extension AVX512VBMI      is unsupported
Extension AVX512IFMA      is unsupported
Extension AVX5124VNNIW    is unsupported
Extension AVX5124FMAPS    is unsupported
Extension AVX512VPOPCNTDQ is unsupported
Extension AVX512VBMI2     is unsupported
Extension AVX512BITALG    is unsupported

 Performance counter stats for '../../bin/detect_avx':

              1.19 msec task-clock                       #    0.456 CPUs utilized          
                 0      context-switches                 #    0.000 /sec                   
                 0      cpu-migrations                   #    0.000 /sec                   
                56      page-faults                      #   47.200 K/sec                  
         1,179,742      cycles                           #    0.994 GHz                    
           896,513      instructions                     #    0.76  insn per cycle         
           203,391      branches                         #  171.430 M/sec                  
             7,925      branch-misses                    #    3.90% of all branches        

       0.002604428 seconds time elapsed

       0.000000000 seconds user
       0.002703000 seconds sys


	Command being timed: "perf stat ../../bin/detect_avx"
	User time (seconds): 0.33
	System time (seconds): 0.04
	Percent of CPU this job got: 96%
	Elapsed (wall clock) time (h:mm:ss or m:ss): 0:00.39
	Average shared text size (kbytes): 0
	Average unshared data size (kbytes): 0
	Average stack size (kbytes): 0
	Average total size (kbytes): 0
	Maximum resident set size (kbytes): 31012
	Average resident set size (kbytes): 0
	Major (requiring I/O) page faults: 0
	Minor (reclaiming a frame) page faults: 4774
	Voluntary context switches: 6
	Involuntary context switches: 151
	Swaps: 0
	File system inputs: 0
	File system outputs: 8
	Socket messages sent: 0
	Socket messages received: 0
	Signals delivered: 0
	Page size (bytes): 4096
	Exit status: 0
