0 11.02317856782561734
0 11.02317856782561734
1 8.16617133119252792
1 8.16617133119252792
2 6.04964836576570075
2 6.04964836576570075
3 4.48168962712299734
3 4.48168962712299734
4 3.32011725291691739
4 3.32011725291691739
5 2.45960329472028860
5 2.45960329472028860
6 1.82211889110312342
6 1.82211889110312342
7 1.34985884119649113
7 1.34985884119649113
8 4.48168962712299734
8 4.48168962712299734
9 8.16617133119252792
9 8.16617133119252792
10 6.04964836576570075
10 6.04964836576570075
11 11.02317856782561734
11 11.02317856782561734
12 2.45960329472028860
12 2.45960329472028860
13 3.32011725291691739
13 3.32011725291691739
14 1.34985884119649113
14 1.34985884119649113
15 1.82211889110312342
15 1.82211889110312342
16 1.82211889110312342
16 1.82211889110312342
17 8.16617133119252792
17 8.16617133119252792
18 6.04964836576570075
18 6.04964836576570075
19 11.02317856782561734
19 11.02317856782561734
20 2.45960329472028860
20 2.45960329472028860
21 3.32011725291691739
21 3.32011725291691739
22 1.34985884119649113
22 1.34985884119649113
23 3.32011725344827457
23 3.32011725344827457
24 4.48168962712299734
24 4.48168962712299734
25 8.16617133119252792
25 8.16617133119252792
26 1.82211889110312342
26 1.82211889110312342
27 11.02317856782561734
27 11.02317856782561734
28 2.45960329472028860
28 2.45960329472028860
29 3.32011725291691739
29 3.32011725291691739
30 1.34985884119649113
30 1.34985884119649113
31 6.04964836576570075
31 6.04964836576570075

 Performance counter stats for '../../bin/div_four_independent_vectors_avx512f':

         22,195.64 msec task-clock                       #    0.998 CPUs utilized          
             8,779      context-switches                 #  395.528 /sec                   
                 6      cpu-migrations                   #    0.270 /sec                   
                58      page-faults                      #    2.613 /sec                   
    64,244,920,141      cycles                           #    2.894 GHz                    
     6,185,279,709      instructions                     #    0.10  insn per cycle         
     1,037,999,107      branches                         #   46.766 M/sec                  
           734,760      branch-misses                    #    0.07% of all branches        

      22.240560654 seconds time elapsed

      22.172984000 seconds user
       0.001978000 seconds sys


	Command being timed: "perf stat ../../bin/div_four_independent_vectors_avx512f"
	User time (seconds): 22.47
	System time (seconds): 0.05
	Percent of CPU this job got: 99%
	Elapsed (wall clock) time (h:mm:ss or m:ss): 0:22.60
	Average shared text size (kbytes): 0
	Average unshared data size (kbytes): 0
	Average stack size (kbytes): 0
	Average total size (kbytes): 0
	Maximum resident set size (kbytes): 31184
	Average resident set size (kbytes): 0
	Major (requiring I/O) page faults: 0
	Minor (reclaiming a frame) page faults: 4778
	Voluntary context switches: 6
	Involuntary context switches: 8926
	Swaps: 0
	File system inputs: 0
	File system outputs: 8
	Socket messages sent: 0
	Socket messages received: 0
	Signals delivered: 0
	Page size (bytes): 4096
	Exit status: 0
