0 1.00000000039999959
1 1.00000000029999980
2 1.00000000019999979
3 1.00000000010000001

 Performance counter stats for '../../bin/div_avx256f':

         34,131.49 msec task-clock                       #    0.998 CPUs utilized          
            14,071      context-switches                 #  412.259 /sec                   
                12      cpu-migrations                   #    0.352 /sec                   
                60      page-faults                      #    1.758 /sec                   
   112,384,023,476      cycles                           #    3.293 GHz                    
    24,290,196,408      instructions                     #    0.22  insn per cycle         
     8,059,566,029      branches                         #  236.133 M/sec                  
         1,111,832      branch-misses                    #    0.01% of all branches        

      34.192296876 seconds time elapsed

      34.100965000 seconds user
       0.001972000 seconds sys


	Command being timed: "perf stat ../../bin/div_avx256f"
	User time (seconds): 34.43
	System time (seconds): 0.05
	Percent of CPU this job got: 99%
	Elapsed (wall clock) time (h:mm:ss or m:ss): 0:34.58
	Average shared text size (kbytes): 0
	Average unshared data size (kbytes): 0
	Average stack size (kbytes): 0
	Average total size (kbytes): 0
	Maximum resident set size (kbytes): 31056
	Average resident set size (kbytes): 0
	Major (requiring I/O) page faults: 0
	Minor (reclaiming a frame) page faults: 4776
	Voluntary context switches: 6
	Involuntary context switches: 14220
	Swaps: 0
	File system inputs: 0
	File system outputs: 8
	Socket messages sent: 0
	Socket messages received: 0
	Signals delivered: 0
	Page size (bytes): 4096
	Exit status: 0
