0 1.00000000079999984
1 1.00000000069999961
2 1.00000000060000005
3 1.00000000049999982
4 1.00000000039999959
5 1.00000000029999980
6 1.00000000019999979
7 1.00000000010000001

 Performance counter stats for '../../bin/div_avx512f':

         33,282.25 msec task-clock                       #    0.998 CPUs utilized          
            13,128      context-switches                 #  394.444 /sec                   
                11      cpu-migrations                   #    0.331 /sec                   
                59      page-faults                      #    1.773 /sec                   
    96,365,059,933      cycles                           #    2.895 GHz                    
    12,276,969,103      instructions                     #    0.13  insn per cycle         
     4,056,791,959      branches                         #  121.891 M/sec                  
         1,096,655      branch-misses                    #    0.03% of all branches        

      33.346538511 seconds time elapsed

      33.248458000 seconds user
       0.001970000 seconds sys


	Command being timed: "perf stat ../../bin/div_avx512f"
	User time (seconds): 33.59
	System time (seconds): 0.04
	Percent of CPU this job got: 99%
	Elapsed (wall clock) time (h:mm:ss or m:ss): 0:33.74
	Average shared text size (kbytes): 0
	Average unshared data size (kbytes): 0
	Average stack size (kbytes): 0
	Average total size (kbytes): 0
	Maximum resident set size (kbytes): 31104
	Average resident set size (kbytes): 0
	Major (requiring I/O) page faults: 0
	Minor (reclaiming a frame) page faults: 4776
	Voluntary context switches: 6
	Involuntary context switches: 13275
	Swaps: 0
	File system inputs: 0
	File system outputs: 8
	Socket messages sent: 0
	Socket messages received: 0
	Signals delivered: 0
	Page size (bytes): 4096
	Exit status: 0
