0 2.22554078082271012
1 1.82211870976895751
2 1.49182464820800287
3 1.22140273793625997
4 2.71828160286824794
5 2.22554078082271012
6 1.82211870976895751
7 1.49182464820800287
8 1.49182464820800287
9 2.22554078082271012
10 1.82211870976895751
11 2.71828160286824794
12 2.71828160286824794
13 1.82211870976895751
14 2.22554078082271012
15 1.22140273793625997

 Performance counter stats for '../../bin/div_four_independent_vectors_avx256f':

         19,535.40 msec task-clock                       #    0.998 CPUs utilized          
             8,029      context-switches                 #  410.998 /sec                   
                 3      cpu-migrations                   #    0.154 /sec                   
                60      page-faults                      #    3.071 /sec                   
    64,220,783,342      cycles                           #    3.287 GHz                    
    12,167,278,445      instructions                     #    0.19  insn per cycle         
     2,034,288,511      branches                         #  104.133 M/sec                  
           654,633      branch-misses                    #    0.03% of all branches        

      19.570587248 seconds time elapsed

      19.517466000 seconds user
       0.001972000 seconds sys


	Command being timed: "perf stat ../../bin/div_four_independent_vectors_avx256f"
	User time (seconds): 19.81
	System time (seconds): 0.04
	Percent of CPU this job got: 99%
	Elapsed (wall clock) time (h:mm:ss or m:ss): 0:19.92
	Average shared text size (kbytes): 0
	Average unshared data size (kbytes): 0
	Average stack size (kbytes): 0
	Average total size (kbytes): 0
	Maximum resident set size (kbytes): 31132
	Average resident set size (kbytes): 0
	Major (requiring I/O) page faults: 0
	Minor (reclaiming a frame) page faults: 4779
	Voluntary context switches: 6
	Involuntary context switches: 8170
	Swaps: 0
	File system inputs: 0
	File system outputs: 8
	Socket messages sent: 0
	Socket messages received: 0
	Signals delivered: 0
	Page size (bytes): 4096
	Exit status: 0
