0 4.95303308089291860
1 4.05520043743646141
2 3.32011725318244544
3 2.71828205405043644
4 2.22554107634004739
5 1.82211889123070492
6 1.49182474725345715
7 1.22140277848178180
8 2.71828205405043644
9 4.05520043743646141
10 3.32011725318244544
11 4.95303308089291860
12 1.82211889123070492
13 2.22554107634004739
14 1.22140277848178180
15 1.49182474725345715

 Performance counter stats for '../../bin/div_two_independent_vectors_avx512f':

         22,206.92 msec task-clock                       #    0.998 CPUs utilized          
             8,901      context-switches                 #  400.821 /sec                   
                 6      cpu-migrations                   #    0.270 /sec                   
                58      page-faults                      #    2.612 /sec                   
    64,245,657,683      cycles                           #    2.893 GHz                    
     8,186,400,839      instructions                     #    0.13  insn per cycle         
     2,038,241,827      branches                         #   91.784 M/sec                  
           733,879      branch-misses                    #    0.04% of all branches        

      22.250970890 seconds time elapsed

      22.184320000 seconds user
       0.001975000 seconds sys


	Command being timed: "perf stat ../../bin/div_two_independent_vectors_avx512f"
	User time (seconds): 22.51
	System time (seconds): 0.03
	Percent of CPU this job got: 99%
	Elapsed (wall clock) time (h:mm:ss or m:ss): 0:22.62
	Average shared text size (kbytes): 0
	Average unshared data size (kbytes): 0
	Average stack size (kbytes): 0
	Average total size (kbytes): 0
	Maximum resident set size (kbytes): 31124
	Average resident set size (kbytes): 0
	Major (requiring I/O) page faults: 0
	Minor (reclaiming a frame) page faults: 4776
	Voluntary context switches: 6
	Involuntary context switches: 9058
	Swaps: 0
	File system inputs: 0
	File system outputs: 8
	Socket messages sent: 0
	Socket messages received: 0
	Signals delivered: 0
	Page size (bytes): 4096
	Exit status: 0
