0 0.99999986761553039
0 0.99999986761553039
1 0.99999990071167355
1 0.99999990071167355
2 0.99999993380782670
2 0.99999993380782670
3 0.99999996690413551
3 0.99999996690413551
4 0.99999983451938979
4 0.99999983451938979
5 0.99999986761553039
5 0.99999986761553039
6 0.99999990071167355
6 0.99999990071167355
7 0.99999993380782670
7 0.99999993380782670

 Performance counter stats for '../../bin/div_two_independent_vectors_avx256f':

         19,528.11 msec task-clock                       #    0.998 CPUs utilized          
             8,042      context-switches                 #  411.817 /sec                   
                 8      cpu-migrations                   #    0.410 /sec                   
                57      page-faults                      #    2.919 /sec                   
    64,219,249,922      cycles                           #    3.289 GHz                    
    16,166,597,675      instructions                     #    0.25  insn per cycle         
     4,034,188,075      branches                         #  206.584 M/sec                  
           647,015      branch-misses                    #    0.02% of all branches        

      19.563367251 seconds time elapsed

      19.510511000 seconds user
       0.001978000 seconds sys


	Command being timed: "perf stat ../../bin/div_two_independent_vectors_avx256f"
	User time (seconds): 19.83
	System time (seconds): 0.04
	Percent of CPU this job got: 99%
	Elapsed (wall clock) time (h:mm:ss or m:ss): 0:19.94
	Average shared text size (kbytes): 0
	Average unshared data size (kbytes): 0
	Average stack size (kbytes): 0
	Average total size (kbytes): 0
	Maximum resident set size (kbytes): 31176
	Average resident set size (kbytes): 0
	Major (requiring I/O) page faults: 0
	Minor (reclaiming a frame) page faults: 4775
	Voluntary context switches: 6
	Involuntary context switches: 8180
	Swaps: 0
	File system inputs: 0
	File system outputs: 8
	Socket messages sent: 0
	Socket messages received: 0
	Signals delivered: 0
	Page size (bytes): 4096
	Exit status: 0
