0 24.53253016571268930
1 16.44464675498159068
2 11.02317637270583006
3 7.38905609523601825
4 4.95303242280978484
5 3.32011692213873877
6 2.22554092831393246
7 1.49182469761111047

 Performance counter stats for '../../bin/fma_avx512f':

          5,579.61 msec task-clock                       #    0.998 CPUs utilized          
             2,234      context-switches                 #  400.386 /sec                   
                 1      cpu-migrations                   #    0.179 /sec                   
                57      page-faults                      #   10.216 /sec                   
    16,062,997,963      cycles                           #    2.879 GHz                    
    12,047,486,218      instructions                     #    0.75  insn per cycle         
     4,009,757,876      branches                         #  718.645 M/sec                  
           195,549      branch-misses                    #    0.00% of all branches        

       5.591816443 seconds time elapsed

       5.572431000 seconds user
       0.002975000 seconds sys


	Command being timed: "perf stat ../../bin/fma_avx512f"
	User time (seconds): 5.89
	System time (seconds): 0.03
	Percent of CPU this job got: 99%
	Elapsed (wall clock) time (h:mm:ss or m:ss): 0:05.96
	Average shared text size (kbytes): 0
	Average unshared data size (kbytes): 0
	Average stack size (kbytes): 0
	Average total size (kbytes): 0
	Maximum resident set size (kbytes): 30964
	Average resident set size (kbytes): 0
	Major (requiring I/O) page faults: 0
	Minor (reclaiming a frame) page faults: 4776
	Voluntary context switches: 6
	Involuntary context switches: 2380
	Swaps: 0
	File system inputs: 0
	File system outputs: 8
	Socket messages sent: 0
	Socket messages received: 0
	Signals delivered: 0
	Page size (bytes): 4096
	Exit status: 0
