0 24.53253018140693698
1 11.02317637667136374
2 4.95303242360146534
3 2.22554092840238038

 Performance counter stats for '../../bin/fma_avx256f':

          9,793.61 msec task-clock                       #    0.998 CPUs utilized          
             4,050      context-switches                 #  413.535 /sec                   
                 1      cpu-migrations                   #    0.102 /sec                   
                57      page-faults                      #    5.820 /sec                   
    32,112,349,351      cycles                           #    3.279 GHz                    
    24,084,061,713      instructions                     #    0.75  insn per cycle         
     8,017,266,106      branches                         #  818.622 M/sec                  
           321,489      branch-misses                    #    0.00% of all branches        

       9.812140200 seconds time elapsed

       9.784552000 seconds user
       0.001972000 seconds sys


	Command being timed: "perf stat ../../bin/fma_avx256f"
	User time (seconds): 10.10
	System time (seconds): 0.03
	Percent of CPU this job got: 99%
	Elapsed (wall clock) time (h:mm:ss or m:ss): 0:10.17
	Average shared text size (kbytes): 0
	Average unshared data size (kbytes): 0
	Average stack size (kbytes): 0
	Average total size (kbytes): 0
	Maximum resident set size (kbytes): 31080
	Average resident set size (kbytes): 0
	Major (requiring I/O) page faults: 0
	Minor (reclaiming a frame) page faults: 4773
	Voluntary context switches: 6
	Involuntary context switches: 4193
	Swaps: 0
	File system inputs: 0
	File system outputs: 8
	Socket messages sent: 0
	Socket messages received: 0
	Signals delivered: 0
	Page size (bytes): 4096
	Exit status: 0
