Time elapsed: 19.564 s
AVX256:
Sum 24.7662
Difference Sum - Formula 2.05098e-11
Performed 8e+09 HarmonicSeriesAVX256 operations. Avg: 6.35839 CPU cycles/call
Time elapsed: 19.5641 s

 Performance counter stats for '../../bin/harmonic_series 1 4e9':

         19,531.09 msec task-clock                       #    0.998 CPUs utilized          
             8,112      context-switches                 #  415.338 /sec                   
                 8      cpu-migrations                   #    0.410 /sec                   
                72      page-faults                      #    3.686 /sec                   
    64,223,517,655      cycles                           #    3.288 GHz                    
    48,168,240,698      instructions                     #    0.75  insn per cycle         
     8,034,521,345      branches                         #  411.371 M/sec                  
           670,674      branch-misses                    #    0.01% of all branches        

      19.566705406 seconds time elapsed

      19.513037000 seconds user
       0.001982000 seconds sys


	Command being timed: "perf stat ../../bin/harmonic_series 1 4e9"
	User time (seconds): 19.82
	System time (seconds): 0.04
	Percent of CPU this job got: 99%
	Elapsed (wall clock) time (h:mm:ss or m:ss): 0:19.92
	Average shared text size (kbytes): 0
	Average unshared data size (kbytes): 0
	Average stack size (kbytes): 0
	Average total size (kbytes): 0
	Maximum resident set size (kbytes): 31028
	Average resident set size (kbytes): 0
	Major (requiring I/O) page faults: 0
	Minor (reclaiming a frame) page faults: 4791
	Voluntary context switches: 6
	Involuntary context switches: 8257
	Swaps: 0
	File system inputs: 0
	File system outputs: 8
	Socket messages sent: 0
	Socket messages received: 0
	Signals delivered: 0
	Page size (bytes): 4096
	Exit status: 0
