Plain sum:
Sum 24.7662
Difference Sum - Formula -4.80693e-10
Performed 3.2e+10 HarmonicSeriesPlain operations. Avg: 3.27059 CPU cycles/call
Time elapsed: 40.2531 s

 Performance counter stats for '../../bin/harmonic_series 2 4e9':

         40,185.44 msec task-clock                       #    0.998 CPUs utilized          
            16,512      context-switches                 #  410.895 /sec                   
                10      cpu-migrations                   #    0.249 /sec                   
                73      page-faults                      #    1.817 /sec                   
   132,294,202,581      cycles                           #    3.292 GHz                    
   192,341,813,718      instructions                     #    1.45  insn per cycle         
    32,070,144,184      branches                         #  798.054 M/sec                  
         1,282,268      branch-misses                    #    0.00% of all branches        

      40.255757385 seconds time elapsed

      40.148685000 seconds user
       0.002977000 seconds sys


	Command being timed: "perf stat ../../bin/harmonic_series 2 4e9"
	User time (seconds): 40.45
	System time (seconds): 0.04
	Percent of CPU this job got: 99%
	Elapsed (wall clock) time (h:mm:ss or m:ss): 0:40.61
	Average shared text size (kbytes): 0
	Average unshared data size (kbytes): 0
	Average stack size (kbytes): 0
	Average total size (kbytes): 0
	Maximum resident set size (kbytes): 31108
	Average resident set size (kbytes): 0
	Major (requiring I/O) page faults: 0
	Minor (reclaiming a frame) page faults: 4789
	Voluntary context switches: 6
	Involuntary context switches: 16656
	Swaps: 0
	File system inputs: 0
	File system outputs: 8
	Socket messages sent: 0
	Socket messages received: 0
	Signals delivered: 0
	Page size (bytes): 4096
	Exit status: 0
