Time elapsed: 22.4788 s
AVX512:
Sum 24.7662
Difference Sum - Formula -1.40332e-12
Time elapsed: 22.4788 s

 Performance counter stats for '../../bin/harmonic_series 0 4e9':

         22,436.59 msec task-clock                       #    0.998 CPUs utilized          
             8,934      context-switches                 #  398.189 /sec                   
                 3      cpu-migrations                   #    0.134 /sec                   
                73      page-faults                      #    3.254 /sec                   
    65,037,022,730      cycles                           #    2.899 GHz                    
    24,188,567,674      instructions                     #    0.37  insn per cycle         
     4,038,687,100      branches                         #  180.004 M/sec                  
           731,863      branch-misses                    #    0.02% of all branches        

      22.479858882 seconds time elapsed

      22.412340000 seconds user
       0.000971000 seconds sys


	Command being timed: "perf stat ../../bin/harmonic_series 0 4e9"
	User time (seconds): 22.71
	System time (seconds): 0.04
	Percent of CPU this job got: 99%
	Elapsed (wall clock) time (h:mm:ss or m:ss): 0:22.82
	Average shared text size (kbytes): 0
	Average unshared data size (kbytes): 0
	Average stack size (kbytes): 0
	Average total size (kbytes): 0
	Maximum resident set size (kbytes): 31068
	Average resident set size (kbytes): 0
	Major (requiring I/O) page faults: 0
	Minor (reclaiming a frame) page faults: 4792
	Voluntary context switches: 6
	Involuntary context switches: 9080
	Swaps: 0
	File system inputs: 0
	File system outputs: 8
	Socket messages sent: 0
	Socket messages received: 0
	Signals delivered: 0
	Page size (bytes): 4096
	Exit status: 0
