0 24.53253668079271677
1 16.44465057627291671
2 11.02317856826629416
3 7.38905732167703544
4 4.95303308049624480
5 3.32011725278397885
6 2.22554107607292417
7 1.49182474713380642

 Performance counter stats for '../../bin/mul_avx512f':

          5,580.67 msec task-clock                       #    0.998 CPUs utilized          
             2,240      context-switches                 #  401.385 /sec                   
                 0      cpu-migrations                   #    0.000 /sec                   
                59      page-faults                      #   10.572 /sec                   
    16,063,052,933      cycles                           #    2.878 GHz                    
    12,047,583,941      instructions                     #    0.75  insn per cycle         
     4,009,781,231      branches                         #  718.512 M/sec                  
           198,326      branch-misses                    #    0.00% of all branches        

       5.593278252 seconds time elapsed

       5.575507000 seconds user
       0.000990000 seconds sys


	Command being timed: "perf stat ../../bin/mul_avx512f"
	User time (seconds): 5.91
	System time (seconds): 0.03
	Percent of CPU this job got: 99%
	Elapsed (wall clock) time (h:mm:ss or m:ss): 0:05.98
	Average shared text size (kbytes): 0
	Average unshared data size (kbytes): 0
	Average stack size (kbytes): 0
	Average total size (kbytes): 0
	Maximum resident set size (kbytes): 31016
	Average resident set size (kbytes): 0
	Major (requiring I/O) page faults: 0
	Minor (reclaiming a frame) page faults: 4776
	Voluntary context switches: 6
	Involuntary context switches: 2401
	Swaps: 0
	File system inputs: 0
	File system outputs: 8
	Socket messages sent: 0
	Socket messages received: 0
	Signals delivered: 0
	Page size (bytes): 4096
	Exit status: 0
