0 24.53253668667874265
1 11.02317856892717884
2 4.95303308029771472
3 2.22554107593822170

 Performance counter stats for '../../bin/mul_avx256f':

          9,802.57 msec task-clock                       #    0.998 CPUs utilized          
             4,047      context-switches                 #  412.851 /sec                   
                 2      cpu-migrations                   #    0.204 /sec                   
                59      page-faults                      #    6.019 /sec                   
    32,111,407,472      cycles                           #    3.276 GHz                    
    24,084,714,051      instructions                     #    0.75  insn per cycle         
     8,017,377,031      branches                         #  817.885 M/sec                  
           325,540      branch-misses                    #    0.00% of all branches        

       9.821086401 seconds time elapsed

       9.793203000 seconds user
       0.001977000 seconds sys


	Command being timed: "perf stat ../../bin/mul_avx256f"
	User time (seconds): 10.10
	System time (seconds): 0.03
	Percent of CPU this job got: 99%
	Elapsed (wall clock) time (h:mm:ss or m:ss): 0:10.18
	Average shared text size (kbytes): 0
	Average unshared data size (kbytes): 0
	Average stack size (kbytes): 0
	Average total size (kbytes): 0
	Maximum resident set size (kbytes): 31056
	Average resident set size (kbytes): 0
	Major (requiring I/O) page faults: 0
	Minor (reclaiming a frame) page faults: 4775
	Voluntary context switches: 6
	Involuntary context switches: 4195
	Swaps: 0
	File system inputs: 0
	File system outputs: 8
	Socket messages sent: 0
	Socket messages received: 0
	Signals delivered: 0
	Page size (bytes): 4096
	Exit status: 0
