warning: found a return instruction in the input assembly sequence.
note: program counter updates are ignored.
Iterations:        10000
Instructions:      280000
Total Cycles:      170052
Total uOps:        380000

Dispatch Width:    6
uOps Per Cycle:    2.23
IPC:               1.65
Block RThroughput: 16.0


Cycles with backend pressure increase [ 88.19% ]
Throughput Bottlenecks: 
  Resource Pressure       [ 88.19% ]
  - ICXFPDivider  [ 85.25% ]
  - ICXPort0  [ 41.15% ]
  - ICXPort1  [ 8.82% ]
  - ICXPort5  [ 47.03% ]
  - ICXPort6  [ 2.94% ]
  Data Dependencies:      [ 70.56% ]
  - Register Dependencies [ 70.56% ]
  - Memory Dependencies   [ 0.00% ]

Critical sequence based on the simulation:

              Instruction                                 Dependency Information
 +----< 22.   vextractf128	$1, %ymm1, %xmm0
 |
 |    < loop carried > 
 |
 |      0.    vmovapd	.LC0(%rip), %zmm0
 |      1.    movl	$1000000000, %eax
 |      2.    vxorpd	%xmm1, %xmm1, %xmm1
 |      3.    vbroadcastsd	.LC2(%rip), %zmm4
 |      4.    vbroadcastsd	.LC4(%rip), %zmm3
 +----> 5.    vdivpd	%zmm0, %zmm4, %zmm2               ## RESOURCE interference:  ICXPort5 [ probability: 99% ]
 |      6.    vaddpd	%zmm3, %zmm0, %zmm0
 +----> 7.    vaddpd	%zmm2, %zmm1, %zmm1               ## REGISTER dependency:  %zmm2
 |      8.    subq	$1, %rax
 |      9.    jne	.L2
 |      10.   vxorpd	%xmm4, %xmm4, %xmm4
 |      11.   vunpckhpd	%xmm1, %xmm1, %xmm2
 |      12.   vextractf128	$1, %ymm1, %xmm0
 |      13.   vaddsd	%xmm4, %xmm1, %xmm3
 +----> 14.   vextractf64x4	$1, %zmm1, %ymm1          ## REGISTER dependency:  %zmm1
 |      15.   vaddsd	%xmm2, %xmm3, %xmm3
 |      16.   vunpckhpd	%xmm0, %xmm0, %xmm2
 |      17.   vaddsd	%xmm0, %xmm3, %xmm3
 |      18.   vunpckhpd	%xmm1, %xmm1, %xmm0
 |      19.   vaddsd	%xmm3, %xmm2, %xmm2
 |      20.   vaddsd	%xmm1, %xmm2, %xmm2
 |      21.   vaddsd	%xmm0, %xmm2, %xmm2
 +----> 22.   vextractf128	$1, %ymm1, %xmm0          ## REGISTER dependency:  %ymm1
 |      23.   vaddsd	%xmm0, %xmm2, %xmm1
 |      24.   vunpckhpd	%xmm0, %xmm0, %xmm0
 |      25.   vaddsd	%xmm0, %xmm1, %xmm0
 |      26.   vzeroupper
 |      27.   retq
 |
 |    < loop carried > 
 |
 +----> 5.    vdivpd	%zmm0, %zmm4, %zmm2               ## RESOURCE interference:  ICXPort5 [ probability: 99% ]


Instruction Info:
[1]: #uOps
[2]: Latency
[3]: RThroughput
[4]: MayLoad
[5]: MayStore
[6]: HasSideEffects (U)

[1]    [2]    [3]    [4]    [5]    [6]    Instructions:
 2      8     0.50    *                   vmovapd	.LC0(%rip), %zmm0
 1      1     0.25                        movl	$1000000000, %eax
 1      0     0.17                        vxorpd	%xmm1, %xmm1, %xmm1
 2      8     0.50    *                   vbroadcastsd	.LC2(%rip), %zmm4
 2      8     0.50    *                   vbroadcastsd	.LC4(%rip), %zmm3
 3      23    16.00                       vdivpd	%zmm0, %zmm4, %zmm2
 1      4     0.50                        vaddpd	%zmm3, %zmm0, %zmm0
 1      4     0.50                        vaddpd	%zmm2, %zmm1, %zmm1
 1      1     0.25                        subq	$1, %rax
 1      1     0.50                        jne	.L2
 1      0     0.17                        vxorpd	%xmm4, %xmm4, %xmm4
 1      1     1.00                        vunpckhpd	%xmm1, %xmm1, %xmm2
 1      3     1.00                        vextractf128	$1, %ymm1, %xmm0
 1      4     0.50                        vaddsd	%xmm4, %xmm1, %xmm3
 1      3     1.00                        vextractf64x4	$1, %zmm1, %ymm1
 1      4     0.50                        vaddsd	%xmm2, %xmm3, %xmm3
 1      1     1.00                        vunpckhpd	%xmm0, %xmm0, %xmm2
 1      4     0.50                        vaddsd	%xmm0, %xmm3, %xmm3
 1      1     1.00                        vunpckhpd	%xmm1, %xmm1, %xmm0
 1      4     0.50                        vaddsd	%xmm3, %xmm2, %xmm2
 1      4     0.50                        vaddsd	%xmm1, %xmm2, %xmm2
 1      4     0.50                        vaddsd	%xmm0, %xmm2, %xmm2
 1      3     1.00                        vextractf128	$1, %ymm1, %xmm0
 1      4     0.50                        vaddsd	%xmm0, %xmm2, %xmm1
 1      1     1.00                        vunpckhpd	%xmm0, %xmm0, %xmm0
 1      4     0.50                        vaddsd	%xmm0, %xmm1, %xmm0
 4      0     0.67                  U     vzeroupper
 3      7     1.00                  U     retq


Retire Control Unit - number of cycles where we saw N instructions retired:
[# retired], [# cycles]
 0,           120043  (70.6%)
 1,           20004  (11.8%)
 2,           20003  (11.8%)
 3,           1  (0.0%)
 4,           2  (0.0%)
 22,          9998  (5.9%)
 23,          1  (0.0%)

Total ROB Entries:                224
Max Used ROB Entries:             181  ( 80.8% )
Average Used ROB Entries per cy:  168  ( 75.0% )


Resources:
[0]   - ICXDivider
[1]   - ICXFPDivider
[2]   - ICXPort0
[3]   - ICXPort1
[4]   - ICXPort2
[5]   - ICXPort3
[6]   - ICXPort4
[7]   - ICXPort5
[8]   - ICXPort6
[9]   - ICXPort7
[10]  - ICXPort8
[11]  - ICXPort9


Resource pressure per iteration:
[0]    [1]    [2]    [3]    [4]    [5]    [6]    [7]    [8]    [9]    [10]   [11]   
 -     16.00  8.00   7.00   2.00   2.00    -     10.00  3.00    -      -      -     

Resource pressure by instruction:
[0]    [1]    [2]    [3]    [4]    [5]    [6]    [7]    [8]    [9]    [10]   [11]   Instructions:
 -      -      -     0.50    -     1.00    -     0.50    -      -      -      -     vmovapd	.LC0(%rip), %zmm0
 -      -     0.50    -      -      -      -      -     0.50    -      -      -     movl	$1000000000, %eax
 -      -      -      -      -      -      -      -      -      -      -      -     vxorpd	%xmm1, %xmm1, %xmm1
 -      -      -     1.00   1.00    -      -      -      -      -      -      -     vbroadcastsd	.LC2(%rip), %zmm4
 -      -     0.50   0.50    -     1.00    -      -      -      -      -      -     vbroadcastsd	.LC4(%rip), %zmm3
 -     16.00  2.00    -      -      -      -     1.00    -      -      -      -     vdivpd	%zmm0, %zmm4, %zmm2
 -      -     1.00    -      -      -      -      -      -      -      -      -     vaddpd	%zmm3, %zmm0, %zmm0
 -      -      -      -      -      -      -     1.00    -      -      -      -     vaddpd	%zmm2, %zmm1, %zmm1
 -      -      -      -      -      -      -      -     1.00    -      -      -     subq	$1, %rax
 -      -     0.50    -      -      -      -      -     0.50    -      -      -     jne	.L2
 -      -      -      -      -      -      -      -      -      -      -      -     vxorpd	%xmm4, %xmm4, %xmm4
 -      -      -      -      -      -      -     1.00    -      -      -      -     vunpckhpd	%xmm1, %xmm1, %xmm2
 -      -      -      -      -      -      -     1.00    -      -      -      -     vextractf128	$1, %ymm1, %xmm0
 -      -      -     1.00    -      -      -      -      -      -      -      -     vaddsd	%xmm4, %xmm1, %xmm3
 -      -      -      -      -      -      -     1.00    -      -      -      -     vextractf64x4	$1, %zmm1, %ymm1
 -      -     1.00    -      -      -      -      -      -      -      -      -     vaddsd	%xmm2, %xmm3, %xmm3
 -      -      -      -      -      -      -     1.00    -      -      -      -     vunpckhpd	%xmm0, %xmm0, %xmm2
 -      -     0.50   0.50    -      -      -      -      -      -      -      -     vaddsd	%xmm0, %xmm3, %xmm3
 -      -      -      -      -      -      -     1.00    -      -      -      -     vunpckhpd	%xmm1, %xmm1, %xmm0
 -      -      -     1.00    -      -      -      -      -      -      -      -     vaddsd	%xmm3, %xmm2, %xmm2
 -      -     1.00    -      -      -      -      -      -      -      -      -     vaddsd	%xmm1, %xmm2, %xmm2
 -      -      -     1.00    -      -      -      -      -      -      -      -     vaddsd	%xmm0, %xmm2, %xmm2
 -      -      -      -      -      -      -     1.00    -      -      -      -     vextractf128	$1, %ymm1, %xmm0
 -      -      -     1.00    -      -      -      -      -      -      -      -     vaddsd	%xmm0, %xmm2, %xmm1
 -      -      -      -      -      -      -     1.00    -      -      -      -     vunpckhpd	%xmm0, %xmm0, %xmm0
 -      -     1.00    -      -      -      -      -      -      -      -      -     vaddsd	%xmm0, %xmm1, %xmm0
 -      -      -      -      -      -      -      -      -      -      -      -     vzeroupper
 -      -      -     0.50   1.00    -      -     0.50   1.00    -      -      -     retq


Timeline view:
                    0123456789          0123456789          0123456789          0123456789
Index     0123456789          0123456789          0123456789          0123456789          

[0,0]     DeeeeeeeeER    .    .    .    .    .    .    .    .    .    .    .    .    .   .   vmovapd	.LC0(%rip), %zmm0
[0,1]     DeE-------R    .    .    .    .    .    .    .    .    .    .    .    .    .   .   movl	$1000000000, %eax
[0,2]     D---------R    .    .    .    .    .    .    .    .    .    .    .    .    .   .   vxorpd	%xmm1, %xmm1, %xmm1
[0,3]     DeeeeeeeeER    .    .    .    .    .    .    .    .    .    .    .    .    .   .   vbroadcastsd	.LC2(%rip), %zmm4
[0,4]     .DeeeeeeeeER   .    .    .    .    .    .    .    .    .    .    .    .    .   .   vbroadcastsd	.LC4(%rip), %zmm3
[0,5]     .D=======eeeeeeeeeeeeeeeeeeeeeeeER .    .    .    .    .    .    .    .    .   .   vdivpd	%zmm0, %zmm4, %zmm2
[0,6]     .D========eeeeE------------------R .    .    .    .    .    .    .    .    .   .   vaddpd	%zmm3, %zmm0, %zmm0
[0,7]     . D=============================eeeeER  .    .    .    .    .    .    .    .   .   vaddpd	%zmm2, %zmm1, %zmm1
[0,8]     . DeE--------------------------------R  .    .    .    .    .    .    .    .   .   subq	$1, %rax
[0,9]     . D=eE-------------------------------R  .    .    .    .    .    .    .    .   .   jne	.L2
[0,10]    . D----------------------------------R  .    .    .    .    .    .    .    .   .   vxorpd	%xmm4, %xmm4, %xmm4
[0,11]    . D==================================eER.    .    .    .    .    .    .    .   .   vunpckhpd	%xmm1, %xmm1, %xmm2
[0,12]    . D=================================eeeER    .    .    .    .    .    .    .   .   vextractf128	$1, %ymm1, %xmm0
[0,13]    .  D================================eeeeER   .    .    .    .    .    .    .   .   vaddsd	%xmm4, %xmm1, %xmm3
[0,14]    .  D==================================eeeER  .    .    .    .    .    .    .   .   vextractf64x4	$1, %zmm1, %ymm1
[0,15]    .  D====================================eeeeER    .    .    .    .    .    .   .   vaddsd	%xmm2, %xmm3, %xmm3
[0,16]    .  D===================================eE----R    .    .    .    .    .    .   .   vunpckhpd	%xmm0, %xmm0, %xmm2
[0,17]    .  D========================================eeeeER.    .    .    .    .    .   .   vaddsd	%xmm0, %xmm3, %xmm3
[0,18]    .  D=====================================eE------R.    .    .    .    .    .   .   vunpckhpd	%xmm1, %xmm1, %xmm0
[0,19]    .   D===========================================eeeeER .    .    .    .    .   .   vaddsd	%xmm3, %xmm2, %xmm2
[0,20]    .   D===============================================eeeeER  .    .    .    .   .   vaddsd	%xmm1, %xmm2, %xmm2
[0,21]    .   D===================================================eeeeER   .    .    .   .   vaddsd	%xmm0, %xmm2, %xmm2
[0,22]    .   D=====================================eeeE---------------R   .    .    .   .   vextractf128	$1, %ymm1, %xmm0
[0,23]    .   D=======================================================eeeeER    .    .   .   vaddsd	%xmm0, %xmm2, %xmm1
[0,24]    .   D========================================eE------------------R    .    .   .   vunpckhpd	%xmm0, %xmm0, %xmm0
[0,25]    .    D==========================================================eeeeER.    .   .   vaddsd	%xmm0, %xmm1, %xmm0
[0,26]    .    D---------------------------------------------------------------R.    .   .   vzeroupper
[0,27]    .    .DeeeeeeeE------------------------------------------------------R.    .   .   retq
[1,0]     .    .DeeeeeeeeE-----------------------------------------------------R.    .   .   vmovapd	.LC0(%rip), %zmm0
[1,1]     .    .DeE------------------------------------------------------------R.    .   .   movl	$1000000000, %eax
[1,2]     .    . D-------------------------------------------------------------R.    .   .   vxorpd	%xmm1, %xmm1, %xmm1
[1,3]     .    . DeeeeeeeeE----------------------------------------------------R.    .   .   vbroadcastsd	.LC2(%rip), %zmm4
[1,4]     .    . DeeeeeeeeE----------------------------------------------------R.    .   .   vbroadcastsd	.LC4(%rip), %zmm3
[1,5]     .    .  D================eeeeeeeeeeeeeeeeeeeeeeeE--------------------R.    .   .   vdivpd	%zmm0, %zmm4, %zmm2
[1,6]     .    .  D=======eeeeE------------------------------------------------R.    .   .   vaddpd	%zmm3, %zmm0, %zmm0
[1,7]     .    .  D=======================================eeeeE----------------R.    .   .   vaddpd	%zmm2, %zmm1, %zmm1
[1,8]     .    .  DeE----------------------------------------------------------R.    .   .   subq	$1, %rax
[1,9]     .    .   DeE---------------------------------------------------------R.    .   .   jne	.L2
[1,10]    .    .   D-----------------------------------------------------------R.    .   .   vxorpd	%xmm4, %xmm4, %xmm4
[1,11]    .    .   D===========================================eE--------------R.    .   .   vunpckhpd	%xmm1, %xmm1, %xmm2
[1,12]    .    .   D==========================================eeeE-------------R.    .   .   vextractf128	$1, %ymm1, %xmm0
[1,13]    .    .   D==========================================eeeeE------------R.    .   .   vaddsd	%xmm4, %xmm1, %xmm3
[1,14]    .    .   D============================================eeeE-----------R.    .   .   vextractf64x4	$1, %zmm1, %ymm1
[1,15]    .    .    D=============================================eeeeE--------R.    .   .   vaddsd	%xmm2, %xmm3, %xmm3
[1,16]    .    .    D============================================eE------------R.    .   .   vunpckhpd	%xmm0, %xmm0, %xmm2
[1,17]    .    .    D==================================================eeeeE---R.    .   .   vaddsd	%xmm0, %xmm3, %xmm3
[1,18]    .    .    D==============================================eE----------R.    .   .   vunpckhpd	%xmm1, %xmm1, %xmm0
[1,19]    .    .    D======================================================eeeeER    .   .   vaddsd	%xmm3, %xmm2, %xmm2
[1,20]    .    .    D==========================================================eeeeER.   .   vaddsd	%xmm1, %xmm2, %xmm2
[1,21]    .    .    .D=============================================================eeeeER.   vaddsd	%xmm0, %xmm2, %xmm2
[1,22]    .    .    .D==============================================eeeE----------------R.   vextractf128	$1, %ymm1, %xmm0
Truncated display due to cycle limit


Average Wait times (based on the timeline view):
[0]: Executions
[1]: Average time spent waiting in a scheduler's queue
[2]: Average time spent waiting in a scheduler's queue while ready
[3]: Average time elapsed from WB until retire stage

      [0]    [1]    [2]    [3]
0.     10    1.2    1.2    59.4      vmovapd	.LC0(%rip), %zmm0
1.     10    1.2    1.2    66.4      movl	$1000000000, %eax
2.     10    0.0    0.0    68.3      vxorpd	%xmm1, %xmm1, %xmm1
3.     10    1.2    1.2    58.5      vbroadcastsd	.LC2(%rip), %zmm4
4.     10    1.6    1.6    58.1      vbroadcastsd	.LC4(%rip), %zmm3
5.     10    28.4   20.2   17.6      vdivpd	%zmm0, %zmm4, %zmm2
6.     10    8.8    0.1    56.2      vaddpd	%zmm3, %zmm0, %zmm0
7.     10    51.3   0.0    14.0      vaddpd	%zmm2, %zmm1, %zmm1
8.     10    1.0    1.0    67.0      subq	$1, %rax
9.     10    1.4    0.0    66.0      jne	.L2
10.    10    0.0    0.0    68.4      vxorpd	%xmm4, %xmm4, %xmm4
11.    10    55.1   1.0    12.2      vunpckhpd	%xmm1, %xmm1, %xmm2
12.    10    53.8   0.0    11.3      vextractf128	$1, %ymm1, %xmm0
13.    10    53.1   0.0    10.4      vaddsd	%xmm4, %xmm1, %xmm3
14.    10    54.6   2.0    9.5       vextractf64x4	$1, %zmm1, %ymm1
15.    10    56.0   0.0    6.8       vaddsd	%xmm2, %xmm3, %xmm3
16.    10    52.9   0.0    10.8      vunpckhpd	%xmm0, %xmm0, %xmm2
17.    10    58.1   0.5    2.7       vaddsd	%xmm0, %xmm3, %xmm3
18.    10    54.5   0.0    9.2       vunpckhpd	%xmm1, %xmm1, %xmm0
19.    10    61.1   0.0    0.0       vaddsd	%xmm3, %xmm2, %xmm2
20.    10    64.4   0.0    0.0       vaddsd	%xmm1, %xmm2, %xmm2
21.    10    67.4   0.0    0.0       vaddsd	%xmm0, %xmm2, %xmm2
22.    10    52.3   1.0    15.5      vextractf128	$1, %ymm1, %xmm0
23.    10    70.4   0.0    0.0       vaddsd	%xmm0, %xmm2, %xmm1
24.    10    54.5   0.0    18.5      vunpckhpd	%xmm0, %xmm0, %xmm0
25.    10    73.2   0.0    0.0       vaddsd	%xmm0, %xmm1, %xmm0
26.    10    0.0    0.0    77.0      vzeroupper
27.    10    1.3    1.3    67.7      retq
       10    35.0   1.2    30.4      <total>
