Time elapsed: 21.2917 s
AVX512:
Sum 24.7662
Difference Sum - Formula -1.40332e-12
Performed 4e+09 HarmonicSeriesAVX512 operations. Avg: 12.7749 CPU cycles/call
Time elapsed: 21.2917 s

 Performance counter stats for '/home/AVX512/results/Intel_Platinum_8351N_CPU_2.40GHz_harmonic_series/../../bin/harmonic_series 0 4e9':

         21,263.78 msec task-clock                       #    0.999 CPUs utilized          
             7,760      context-switches                 #  364.940 /sec                   
                 1      cpu-migrations                   #    0.047 /sec                   
                73      page-faults                      #    3.433 /sec                   
    64,570,181,362      cycles                           #    3.037 GHz                    
    24,161,096,174      instructions                     #    0.37  insn per cycle         
     4,033,792,438      branches                         #  189.703 M/sec                  
           138,790      branch-misses                    #    0.00% of all branches        
   322,846,798,000      slots                            #   15.183 G/sec                  
    27,853,449,239      topdown-retiring                 #      8.6% Retiring              
    10,128,526,996      topdown-bad-spec                 #      3.1% Bad Speculation       
         1,688,866      topdown-fe-bound                 #      0.0% Frontend Bound        
   286,108,214,796      topdown-be-bound                 #     88.3% Backend Bound         

      21.294613024 seconds time elapsed

      21.245309000 seconds user
       0.001983000 seconds sys


	Command being timed: "perf stat /home/AVX512/results/Intel_Platinum_8351N_CPU_2.40GHz_harmonic_series/../../bin/harmonic_series 0 4e9"
	User time (seconds): 21.75
	System time (seconds): 0.04
	Percent of CPU this job got: 99%
	Elapsed (wall clock) time (h:mm:ss or m:ss): 0:21.85
	Average shared text size (kbytes): 0
	Average unshared data size (kbytes): 0
	Average stack size (kbytes): 0
	Average total size (kbytes): 0
	Maximum resident set size (kbytes): 57460
	Average resident set size (kbytes): 0
	Major (requiring I/O) page faults: 0
	Minor (reclaiming a frame) page faults: 11748
	Voluntary context switches: 5
	Involuntary context switches: 7969
	Swaps: 0
	File system inputs: 0
	File system outputs: 0
	Socket messages sent: 0
	Socket messages received: 0
	Signals delivered: 0
	Page size (bytes): 4096
	Exit status: 0
