Time elapsed: 21.2654 s
AVX512:
Sum 24.7662
Difference Sum - Formula -1.40332e-12
Performed 4e+09 HarmonicSeriesAVX512 operations. Avg: 12.7591 CPU cycles/call
Time elapsed: 21.2654 s

 Performance counter stats for '/home/AVX512/results/Intel_Platinum_8351N_CPU_2.40GHz_harmonic_series/../../bin/harmonic_series 0 4e9':

         21,237.58 msec task-clock                       #    0.999 CPUs utilized          
             7,701      context-switches                 #  362.612 /sec                   
                 0      cpu-migrations                   #    0.000 /sec                   
                74      page-faults                      #    3.484 /sec                   
    64,565,416,846      cycles                           #    3.040 GHz                    
    24,159,563,431      instructions                     #    0.37  insn per cycle         
     4,033,432,489      branches                         #  189.920 M/sec                  
           147,382      branch-misses                    #    0.00% of all branches        
   322,825,977,680      slots                            #   15.201 G/sec                  
    27,851,652,976      topdown-retiring                 #      8.6% Retiring              
     8,861,889,583      topdown-bad-spec                 #      2.7% Bad Speculation       
         1,644,334      topdown-fe-bound                 #      0.0% Frontend Bound        
   287,353,598,908      topdown-be-bound                 #     88.7% Backend Bound         

      21.268314616 seconds time elapsed

      21.220659000 seconds user
       0.001986000 seconds sys


	Command being timed: "perf stat /home/AVX512/results/Intel_Platinum_8351N_CPU_2.40GHz_harmonic_series/../../bin/harmonic_series 0 4e9"
	User time (seconds): 21.73
	System time (seconds): 0.04
	Percent of CPU this job got: 99%
	Elapsed (wall clock) time (h:mm:ss or m:ss): 0:21.82
	Average shared text size (kbytes): 0
	Average unshared data size (kbytes): 0
	Average stack size (kbytes): 0
	Average total size (kbytes): 0
	Maximum resident set size (kbytes): 57384
	Average resident set size (kbytes): 0
	Major (requiring I/O) page faults: 0
	Minor (reclaiming a frame) page faults: 11745
	Voluntary context switches: 5
	Involuntary context switches: 7914
	Swaps: 0
	File system inputs: 0
	File system outputs: 0
	Socket messages sent: 0
	Socket messages received: 0
	Signals delivered: 0
	Page size (bytes): 4096
	Exit status: 0
