Time elapsed: 21.1709 s
AVX256:
Sum 24.7662
Difference Sum - Formula 2.05098e-11
Performed 8e+09 HarmonicSeriesAVX256 operations. Avg: 6.35123 CPU cycles/call
Time elapsed: 21.1709 s

 Performance counter stats for '/home/AVX512/results/Intel_Platinum_8351N_CPU_2.40GHz_harmonic_series/../../bin/harmonic_series 1 4e9':

         21,143.38 msec task-clock                       #    0.999 CPUs utilized          
             7,642      context-switches                 #  361.437 /sec                   
                 0      cpu-migrations                   #    0.000 /sec                   
                73      page-faults                      #    3.453 /sec                   
    64,148,172,688      cycles                           #    3.034 GHz                    
    48,158,898,503      instructions                     #    0.75  insn per cycle         
     8,033,300,504      branches                         #  379.944 M/sec                  
           147,173      branch-misses                    #    0.00% of all branches        
   320,739,588,165      slots                            #   15.170 G/sec                  
    38,991,871,502      topdown-retiring                 #     12.1% Retiring              
     8,804,616,145      topdown-bad-spec                 #      2.7% Bad Speculation       
         1,566,447      topdown-fe-bound                 #      0.0% Frontend Bound        
   274,169,247,393      topdown-be-bound                 #     85.2% Backend Bound         

      21.173857314 seconds time elapsed

      21.124342000 seconds user
       0.002974000 seconds sys


	Command being timed: "perf stat /home/AVX512/results/Intel_Platinum_8351N_CPU_2.40GHz_harmonic_series/../../bin/harmonic_series 1 4e9"
	User time (seconds): 21.66
	System time (seconds): 0.05
	Percent of CPU this job got: 99%
	Elapsed (wall clock) time (h:mm:ss or m:ss): 0:21.76
	Average shared text size (kbytes): 0
	Average unshared data size (kbytes): 0
	Average stack size (kbytes): 0
	Average total size (kbytes): 0
	Maximum resident set size (kbytes): 57304
	Average resident set size (kbytes): 0
	Major (requiring I/O) page faults: 0
	Minor (reclaiming a frame) page faults: 11743
	Voluntary context switches: 5
	Involuntary context switches: 7859
	Swaps: 0
	File system inputs: 0
	File system outputs: 0
	Socket messages sent: 0
	Socket messages received: 0
	Signals delivered: 0
	Page size (bytes): 4096
	Exit status: 0
