Time elapsed: 21.1243 s
AVX256:
Sum 24.7662
Difference Sum - Formula 2.05098e-11
Performed 8e+09 HarmonicSeriesAVX256 operations. Avg: 6.33727 CPU cycles/call
Time elapsed: 21.1244 s

 Performance counter stats for '/home/AVX512/results/Intel_Platinum_8351N_CPU_2.40GHz_harmonic_series/../../bin/harmonic_series 1 4e9':

         21,096.65 msec task-clock                       #    0.999 CPUs utilized          
             7,721      context-switches                 #  365.982 /sec                   
                 0      cpu-migrations                   #    0.000 /sec                   
                74      page-faults                      #    3.508 /sec                   
    64,152,406,026      cycles                           #    3.041 GHz                    
    48,169,712,921      instructions                     #    0.75  insn per cycle         
     8,034,759,887      branches                         #  380.855 M/sec                  
           145,038      branch-misses                    #    0.00% of all branches        
   320,759,650,630      slots                            #   15.204 G/sec                  
    38,994,310,468      topdown-retiring                 #     12.1% Retiring              
    11,320,928,845      topdown-bad-spec                 #      3.5% Bad Speculation       
         1,761,458      topdown-fe-bound                 #      0.0% Frontend Bound        
   271,948,243,512      topdown-be-bound                 #     84.4% Backend Bound         

      21.127508985 seconds time elapsed

      21.077756000 seconds user
       0.002971000 seconds sys


	Command being timed: "perf stat /home/AVX512/results/Intel_Platinum_8351N_CPU_2.40GHz_harmonic_series/../../bin/harmonic_series 1 4e9"
	User time (seconds): 21.59
	System time (seconds): 0.04
	Percent of CPU this job got: 99%
	Elapsed (wall clock) time (h:mm:ss or m:ss): 0:21.70
	Average shared text size (kbytes): 0
	Average unshared data size (kbytes): 0
	Average stack size (kbytes): 0
	Average total size (kbytes): 0
	Maximum resident set size (kbytes): 57404
	Average resident set size (kbytes): 0
	Major (requiring I/O) page faults: 0
	Minor (reclaiming a frame) page faults: 11747
	Voluntary context switches: 6
	Involuntary context switches: 7938
	Swaps: 0
	File system inputs: 0
	File system outputs: 0
	Socket messages sent: 0
	Socket messages received: 0
	Signals delivered: 0
	Page size (bytes): 4096
	Exit status: 0
