Plain sum:
Sum 24.7662
Difference Sum - Formula -4.80693e-10
Performed 3.2e+10 HarmonicSeriesPlain operations. Avg: 3.29475 CPU cycles/call
Time elapsed: 43.9303 s

 Performance counter stats for '/home/AVX512/results/Intel_Platinum_8351N_CPU_2.40GHz_harmonic_series/../../bin/harmonic_series 2 4e9':

         43,872.94 msec task-clock                       #    0.999 CPUs utilized          
            15,942      context-switches                 #  363.367 /sec                   
                 1      cpu-migrations                   #    0.023 /sec                   
                74      page-faults                      #    1.687 /sec                   
   134,860,763,386      cycles                           #    3.074 GHz                    
   192,328,164,197      instructions                     #    1.43  insn per cycle         
    32,068,724,101      branches                         #  730.945 M/sec                  
           274,088      branch-misses                    #    0.00% of all branches        
   674,301,096,795      slots                            #   15.369 G/sec                  
   156,014,763,572      topdown-retiring                 #     23.0% Retiring              
    21,154,544,213      topdown-bad-spec                 #      3.1% Bad Speculation       
         1,701,940      topdown-fe-bound                 #      0.0% Frontend Bound        
   499,750,710,568      topdown-be-bound                 #     73.8% Backend Bound         

      43.933330897 seconds time elapsed

      43.836777000 seconds user
       0.002975000 seconds sys


	Command being timed: "perf stat /home/AVX512/results/Intel_Platinum_8351N_CPU_2.40GHz_harmonic_series/../../bin/harmonic_series 2 4e9"
	User time (seconds): 44.36
	System time (seconds): 0.03
	Percent of CPU this job got: 99%
	Elapsed (wall clock) time (h:mm:ss or m:ss): 0:44.49
	Average shared text size (kbytes): 0
	Average unshared data size (kbytes): 0
	Average stack size (kbytes): 0
	Average total size (kbytes): 0
	Maximum resident set size (kbytes): 57444
	Average resident set size (kbytes): 0
	Major (requiring I/O) page faults: 0
	Minor (reclaiming a frame) page faults: 11748
	Voluntary context switches: 5
	Involuntary context switches: 16167
	Swaps: 0
	File system inputs: 0
	File system outputs: 0
	Socket messages sent: 0
	Socket messages received: 0
	Signals delivered: 0
	Page size (bytes): 4096
	Exit status: 0
