Time elapsed: 21.2494 s
AVX512:
Sum 24.7662
Difference Sum - Formula -1.40332e-12
Performed 4e+09 HarmonicSeriesAVX512 operations. Avg: 12.7496 CPU cycles/call
Time elapsed: 21.2495 s

 Performance counter stats for '/home/AVX512/results/Intel_Platinum_8351N_CPU_2.40GHz_harmonic_series/../../bin/harmonic_series 0 4e9':

         21,221.62 msec task-clock                       #    0.999 CPUs utilized          
             7,743      context-switches                 #  364.864 /sec                   
                 0      cpu-migrations                   #    0.000 /sec                   
                73      page-faults                      #    3.440 /sec                   
    64,570,989,759      cycles                           #    3.043 GHz                    
    24,170,456,071      instructions                     #    0.37  insn per cycle         
     4,034,908,446      branches                         #  190.132 M/sec                  
           148,435      branch-misses                    #    0.00% of all branches        
   322,853,725,920      slots                            #   15.213 G/sec                  
    27,854,046,942      topdown-retiring                 #      8.6% Retiring              
     8,862,651,299      topdown-bad-spec                 #      2.7% Bad Speculation       
         1,574,623      topdown-fe-bound                 #      0.0% Frontend Bound        
   287,366,665,709      topdown-be-bound                 #     88.7% Backend Bound         

      21.252429734 seconds time elapsed

      21.204126000 seconds user
       0.001975000 seconds sys


	Command being timed: "perf stat /home/AVX512/results/Intel_Platinum_8351N_CPU_2.40GHz_harmonic_series/../../bin/harmonic_series 0 4e9"
	User time (seconds): 21.61
	System time (seconds): 0.03
	Percent of CPU this job got: 99%
	Elapsed (wall clock) time (h:mm:ss or m:ss): 0:21.71
	Average shared text size (kbytes): 0
	Average unshared data size (kbytes): 0
	Average stack size (kbytes): 0
	Average total size (kbytes): 0
	Maximum resident set size (kbytes): 57292
	Average resident set size (kbytes): 0
	Major (requiring I/O) page faults: 0
	Minor (reclaiming a frame) page faults: 11744
	Voluntary context switches: 6
	Involuntary context switches: 7922
	Swaps: 0
	File system inputs: 0
	File system outputs: 0
	Socket messages sent: 0
	Socket messages received: 0
	Signals delivered: 0
	Page size (bytes): 4096
	Exit status: 0
