Time elapsed: 20.7492 s
AVX256:
Sum 24.7662
Difference Sum - Formula 2.05098e-11
Performed 8e+09 HarmonicSeriesAVX256 operations. Avg: 6.22472 CPU cycles/call
Time elapsed: 20.7492 s

 Performance counter stats for '/home/AVX512/results/Intel_Platinum_8351N_CPU_2.40GHz_harmonic_series/../../bin/harmonic_series 1 4e9':

         20,722.45 msec task-clock                       #    0.999 CPUs utilized          
             7,638      context-switches                 #  368.586 /sec                   
                 0      cpu-migrations                   #    0.000 /sec                   
                74      page-faults                      #    3.571 /sec                   
    64,148,774,043      cycles                           #    3.096 GHz                    
    48,157,884,263      instructions                     #    0.75  insn per cycle         
     8,033,129,628      branches                         #  387.653 M/sec                  
           158,784      branch-misses                    #    0.00% of all branches        
   320,742,572,490      slots                            #   15.478 G/sec                  
    38,992,234,302      topdown-retiring                 #     12.1% Retiring              
     8,804,698,068      topdown-bad-spec                 #      2.7% Bad Speculation       
         1,680,419      topdown-fe-bound                 #      0.0% Frontend Bound        
   274,202,945,359      topdown-be-bound                 #     85.2% Backend Bound         

      20.752183308 seconds time elapsed

      20.702104000 seconds user
       0.003976000 seconds sys


	Command being timed: "perf stat /home/AVX512/results/Intel_Platinum_8351N_CPU_2.40GHz_harmonic_series/../../bin/harmonic_series 1 4e9"
	User time (seconds): 21.22
	System time (seconds): 0.05
	Percent of CPU this job got: 99%
	Elapsed (wall clock) time (h:mm:ss or m:ss): 0:21.32
	Average shared text size (kbytes): 0
	Average unshared data size (kbytes): 0
	Average stack size (kbytes): 0
	Average total size (kbytes): 0
	Maximum resident set size (kbytes): 57288
	Average resident set size (kbytes): 0
	Major (requiring I/O) page faults: 0
	Minor (reclaiming a frame) page faults: 11745
	Voluntary context switches: 5
	Involuntary context switches: 7858
	Swaps: 0
	File system inputs: 0
	File system outputs: 0
	Socket messages sent: 0
	Socket messages received: 0
	Signals delivered: 0
	Page size (bytes): 4096
	Exit status: 0
