Plain sum:
Sum 24.7662
Difference Sum - Formula -4.80693e-10
Performed 3.2e+10 HarmonicSeriesPlain operations. Avg: 3.30223 CPU cycles/call
Time elapsed: 44.0301 s

 Performance counter stats for '/home/AVX512/results/Intel_Platinum_8351N_CPU_2.40GHz_harmonic_series/../../bin/harmonic_series 2 4e9':

         43,972.09 msec task-clock                       #    0.999 CPUs utilized          
            16,032      context-switches                 #  364.595 /sec                   
                 0      cpu-migrations                   #    0.000 /sec                   
                74      page-faults                      #    1.683 /sec                   
   134,866,101,064      cycles                           #    3.067 GHz                    
   192,352,025,871      instructions                     #    1.43  insn per cycle         
    32,072,035,708      branches                         #  729.373 M/sec                  
           254,715      branch-misses                    #    0.00% of all branches        
   674,328,742,220      slots                            #   15.335 G/sec                  
   158,665,586,404      topdown-retiring                 #     23.4% Retiring              
    18,510,985,080      topdown-bad-spec                 #      2.7% Bad Speculation       
         1,664,850      topdown-fe-bound                 #      0.0% Frontend Bound        
   499,779,432,369      topdown-be-bound                 #     73.8% Backend Bound         

      44.033091214 seconds time elapsed

      43.935979000 seconds user
       0.002972000 seconds sys


	Command being timed: "perf stat /home/AVX512/results/Intel_Platinum_8351N_CPU_2.40GHz_harmonic_series/../../bin/harmonic_series 2 4e9"
	User time (seconds): 44.33
	System time (seconds): 0.04
	Percent of CPU this job got: 99%
	Elapsed (wall clock) time (h:mm:ss or m:ss): 0:44.49
	Average shared text size (kbytes): 0
	Average unshared data size (kbytes): 0
	Average stack size (kbytes): 0
	Average total size (kbytes): 0
	Maximum resident set size (kbytes): 57436
	Average resident set size (kbytes): 0
	Major (requiring I/O) page faults: 0
	Minor (reclaiming a frame) page faults: 11750
	Voluntary context switches: 6
	Involuntary context switches: 16219
	Swaps: 0
	File system inputs: 0
	File system outputs: 0
	Socket messages sent: 0
	Socket messages received: 0
	Signals delivered: 0
	Page size (bytes): 4096
	Exit status: 0
