Plain sum:
Sum 24.7662
Difference Sum - Formula -4.80693e-10
Performed 3.2e+10 HarmonicSeriesPlain operations. Avg: 3.29954 CPU cycles/call
Time elapsed: 43.9942 s

 Performance counter stats for '/home/AVX512/results/Intel_Platinum_8351N_CPU_2.40GHz_harmonic_series/../../bin/harmonic_series 2 4e9':

         43,936.44 msec task-clock                       #    0.999 CPUs utilized          
            16,036      context-switches                 #  364.982 /sec                   
                 1      cpu-migrations                   #    0.023 /sec                   
                73      page-faults                      #    1.661 /sec                   
   134,870,209,178      cycles                           #    3.070 GHz                    
   192,332,630,515      instructions                     #    1.43  insn per cycle         
    32,069,783,851      branches                         #  729.913 M/sec                  
           276,586      branch-misses                    #    0.00% of all branches        
   674,343,223,030      slots                            #   15.348 G/sec                  
   158,668,993,654      topdown-retiring                 #     23.3% Retiring              
    21,155,865,820      topdown-bad-spec                 #      3.1% Bad Speculation       
         1,745,219      topdown-fe-bound                 #      0.0% Frontend Bound        
   499,775,729,285      topdown-be-bound                 #     73.5% Backend Bound         

      43.997232208 seconds time elapsed

      43.895865000 seconds user
       0.002975000 seconds sys


	Command being timed: "perf stat /home/AVX512/results/Intel_Platinum_8351N_CPU_2.40GHz_harmonic_series/../../bin/harmonic_series 2 4e9"
	User time (seconds): 44.40
	System time (seconds): 0.05
	Percent of CPU this job got: 99%
	Elapsed (wall clock) time (h:mm:ss or m:ss): 0:44.56
	Average shared text size (kbytes): 0
	Average unshared data size (kbytes): 0
	Average stack size (kbytes): 0
	Average total size (kbytes): 0
	Maximum resident set size (kbytes): 57496
	Average resident set size (kbytes): 0
	Major (requiring I/O) page faults: 0
	Minor (reclaiming a frame) page faults: 11752
	Voluntary context switches: 5
	Involuntary context switches: 16253
	Swaps: 0
	File system inputs: 0
	File system outputs: 0
	Socket messages sent: 0
	Socket messages received: 0
	Signals delivered: 0
	Page size (bytes): 4096
	Exit status: 0
