Time elapsed: 21.1392 s
AVX256:
Sum 24.7662
Difference Sum - Formula 2.05098e-11
Performed 8e+09 HarmonicSeriesAVX256 operations. Avg: 6.34172 CPU cycles/call
Time elapsed: 21.1392 s

 Performance counter stats for '/home/AVX512/results/Intel_Platinum_8351N_CPU_2.40GHz_harmonic_series/../../bin/harmonic_series 1 4e9':

         21,107.81 msec task-clock                       #    0.998 CPUs utilized          
             7,714      context-switches                 #  365.457 /sec                   
                 0      cpu-migrations                   #    0.000 /sec                   
                73      page-faults                      #    3.458 /sec                   
    64,157,196,338      cycles                           #    3.040 GHz                    
    48,158,802,676      instructions                     #    0.75  insn per cycle         
     8,033,276,763      branches                         #  380.583 M/sec                  
           505,016      branch-misses                    #    0.01% of all branches        
   320,784,812,400      slots                            #   15.197 G/sec                  
    38,997,369,350      topdown-retiring                 #     12.1% Retiring              
     8,805,857,595      topdown-bad-spec                 #      2.7% Bad Speculation       
         1,622,462      topdown-fe-bound                 #      0.0% Frontend Bound        
   274,216,236,221      topdown-be-bound                 #     85.2% Backend Bound         

      21.142159031 seconds time elapsed

      21.088261000 seconds user
       0.002979000 seconds sys


	Command being timed: "perf stat /home/AVX512/results/Intel_Platinum_8351N_CPU_2.40GHz_harmonic_series/../../bin/harmonic_series 1 4e9"
	User time (seconds): 21.60
	System time (seconds): 0.04
	Percent of CPU this job got: 99%
	Elapsed (wall clock) time (h:mm:ss or m:ss): 0:21.70
	Average shared text size (kbytes): 0
	Average unshared data size (kbytes): 0
	Average stack size (kbytes): 0
	Average total size (kbytes): 0
	Maximum resident set size (kbytes): 57284
	Average resident set size (kbytes): 0
	Major (requiring I/O) page faults: 0
	Minor (reclaiming a frame) page faults: 11744
	Voluntary context switches: 5
	Involuntary context switches: 7929
	Swaps: 0
	File system inputs: 0
	File system outputs: 0
	Socket messages sent: 0
	Socket messages received: 0
	Signals delivered: 0
	Page size (bytes): 4096
	Exit status: 0
