Plain sum:
Sum 24.7662
Difference Sum - Formula -4.80693e-10
Performed 3.2e+10 HarmonicSeriesPlain operations. Avg: 3.30221 CPU cycles/call
Time elapsed: 44.0298 s

 Performance counter stats for '/home/AVX512/results/Intel_Platinum_8351N_CPU_2.40GHz_harmonic_series/../../bin/harmonic_series 2 4e9':

         43,971.95 msec task-clock                       #    0.999 CPUs utilized          
            16,029      context-switches                 #  364.528 /sec                   
                 0      cpu-migrations                   #    0.000 /sec                   
                74      page-faults                      #    1.683 /sec                   
   134,879,879,907      cycles                           #    3.067 GHz                    
   192,328,617,209      instructions                     #    1.43  insn per cycle         
    32,068,793,774      branches                         #  729.301 M/sec                  
           269,286      branch-misses                    #    0.00% of all branches        
   674,397,619,895      slots                            #   15.337 G/sec                  
   156,037,096,367      topdown-retiring                 #     23.0% Retiring              
    21,157,572,388      topdown-bad-spec                 #      3.1% Bad Speculation       
         1,668,424      topdown-fe-bound                 #      0.0% Frontend Bound        
   499,883,291,239      topdown-be-bound                 #     73.8% Backend Bound         

      44.032763462 seconds time elapsed

      43.930117000 seconds user
       0.002978000 seconds sys


	Command being timed: "perf stat /home/AVX512/results/Intel_Platinum_8351N_CPU_2.40GHz_harmonic_series/../../bin/harmonic_series 2 4e9"
	User time (seconds): 44.34
	System time (seconds): 0.03
	Percent of CPU this job got: 99%
	Elapsed (wall clock) time (h:mm:ss or m:ss): 0:44.48
	Average shared text size (kbytes): 0
	Average unshared data size (kbytes): 0
	Average stack size (kbytes): 0
	Average total size (kbytes): 0
	Maximum resident set size (kbytes): 57400
	Average resident set size (kbytes): 0
	Major (requiring I/O) page faults: 0
	Minor (reclaiming a frame) page faults: 11748
	Voluntary context switches: 5
	Involuntary context switches: 16210
	Swaps: 0
	File system inputs: 0
	File system outputs: 0
	Socket messages sent: 0
	Socket messages received: 0
	Signals delivered: 0
	Page size (bytes): 4096
	Exit status: 0
