Time elapsed: 20.8894 s
AVX512:
Sum 24.7662
Difference Sum - Formula -1.40332e-12
Performed 4e+09 HarmonicSeriesAVX512 operations. Avg: 12.5336 CPU cycles/call
Time elapsed: 20.8894 s

 Performance counter stats for '/home/AVX512/results/Intel_Platinum_8351N_CPU_2.40GHz_harmonic_series/../../bin/harmonic_series 0 4e9':

         20,862.72 msec task-clock                       #    0.999 CPUs utilized          
             7,625      context-switches                 #  365.484 /sec                   
                 0      cpu-migrations                   #    0.000 /sec                   
                73      page-faults                      #    3.499 /sec                   
    64,574,799,294      cycles                           #    3.095 GHz                    
    24,156,798,256      instructions                     #    0.37  insn per cycle         
     4,032,848,402      branches                         #  193.304 M/sec                  
           137,556      branch-misses                    #    0.00% of all branches        
   322,872,603,470      slots                            #   15.476 G/sec                  
    27,855,675,593      topdown-retiring                 #      8.6% Retiring              
     8,863,169,507      topdown-bad-spec                 #      2.7% Bad Speculation       
         1,647,725      topdown-fe-bound                 #      0.0% Frontend Bound        
   287,390,434,015      topdown-be-bound                 #     88.7% Backend Bound         

      20.892397182 seconds time elapsed

      20.841706000 seconds user
       0.002975000 seconds sys


	Command being timed: "perf stat /home/AVX512/results/Intel_Platinum_8351N_CPU_2.40GHz_harmonic_series/../../bin/harmonic_series 0 4e9"
	User time (seconds): 21.36
	System time (seconds): 0.04
	Percent of CPU this job got: 99%
	Elapsed (wall clock) time (h:mm:ss or m:ss): 0:21.46
	Average shared text size (kbytes): 0
	Average unshared data size (kbytes): 0
	Average stack size (kbytes): 0
	Average total size (kbytes): 0
	Maximum resident set size (kbytes): 57476
	Average resident set size (kbytes): 0
	Major (requiring I/O) page faults: 0
	Minor (reclaiming a frame) page faults: 11747
	Voluntary context switches: 5
	Involuntary context switches: 7842
	Swaps: 0
	File system inputs: 0
	File system outputs: 0
	Socket messages sent: 0
	Socket messages received: 0
	Signals delivered: 0
	Page size (bytes): 4096
	Exit status: 0
