Time elapsed: 21.2449 s
AVX512:
Sum 24.7662
Difference Sum - Formula -1.40332e-12
Performed 4e+09 HarmonicSeriesAVX512 operations. Avg: 12.7468 CPU cycles/call
Time elapsed: 21.2449 s

 Performance counter stats for '/home/AVX512/results/Intel_Platinum_8351N_CPU_2.40GHz_harmonic_series/../../bin/harmonic_series 0 4e9':

         21,215.81 msec task-clock                       #    0.998 CPUs utilized          
             7,701      context-switches                 #  362.984 /sec                   
                 1      cpu-migrations                   #    0.047 /sec                   
                73      page-faults                      #    3.441 /sec                   
    64,579,484,621      cycles                           #    3.044 GHz                    
    24,158,841,061      instructions                     #    0.37  insn per cycle         
     4,033,265,761      branches                         #  190.107 M/sec                  
           290,177      branch-misses                    #    0.01% of all branches        
   322,886,007,560      slots                            #   15.219 G/sec                  
    27,856,832,024      topdown-retiring                 #      8.6% Retiring              
     8,863,537,462      topdown-bad-spec                 #      2.7% Bad Speculation       
         1,736,020      topdown-fe-bound                 #      0.0% Frontend Bound        
   287,407,623,452      topdown-be-bound                 #     88.7% Backend Bound         

      21.247883870 seconds time elapsed

      21.194383000 seconds user
       0.002980000 seconds sys


	Command being timed: "perf stat /home/AVX512/results/Intel_Platinum_8351N_CPU_2.40GHz_harmonic_series/../../bin/harmonic_series 0 4e9"
	User time (seconds): 21.72
	System time (seconds): 0.05
	Percent of CPU this job got: 99%
	Elapsed (wall clock) time (h:mm:ss or m:ss): 0:21.83
	Average shared text size (kbytes): 0
	Average unshared data size (kbytes): 0
	Average stack size (kbytes): 0
	Average total size (kbytes): 0
	Maximum resident set size (kbytes): 57424
	Average resident set size (kbytes): 0
	Major (requiring I/O) page faults: 0
	Minor (reclaiming a frame) page faults: 11749
	Voluntary context switches: 5
	Involuntary context switches: 7922
	Swaps: 0
	File system inputs: 0
	File system outputs: 0
	Socket messages sent: 0
	Socket messages received: 0
	Signals delivered: 0
	Page size (bytes): 4096
	Exit status: 0
