Time elapsed: 21.2367 s
AVX512:
Sum 24.7662
Difference Sum - Formula -1.40332e-12
Performed 4e+09 HarmonicSeriesAVX512 operations. Avg: 12.742 CPU cycles/call
Time elapsed: 21.2368 s

 Performance counter stats for '/home/AVX512/results/Intel_Platinum_8351N_CPU_2.40GHz_harmonic_series/../../bin/harmonic_series 0 4e9':

         21,209.17 msec task-clock                       #    0.999 CPUs utilized          
             7,706      context-switches                 #  363.333 /sec                   
                 1      cpu-migrations                   #    0.047 /sec                   
                74      page-faults                      #    3.489 /sec                   
    64,573,670,191      cycles                           #    3.045 GHz                    
    24,158,601,854      instructions                     #    0.37  insn per cycle         
     4,033,232,578      branches                         #  190.165 M/sec                  
           137,234      branch-misses                    #    0.00% of all branches        
   322,859,918,305      slots                            #   15.223 G/sec                  
    27,854,581,187      topdown-retiring                 #      8.6% Retiring              
    10,128,938,613      topdown-bad-spec                 #      3.1% Bad Speculation       
         1,710,674      topdown-fe-bound                 #      0.0% Frontend Bound        
   286,141,406,914      topdown-be-bound                 #     88.3% Backend Bound         

      21.239857961 seconds time elapsed

      21.188640000 seconds user
       0.002985000 seconds sys


	Command being timed: "perf stat /home/AVX512/results/Intel_Platinum_8351N_CPU_2.40GHz_harmonic_series/../../bin/harmonic_series 0 4e9"
	User time (seconds): 21.71
	System time (seconds): 0.04
	Percent of CPU this job got: 99%
	Elapsed (wall clock) time (h:mm:ss or m:ss): 0:21.81
	Average shared text size (kbytes): 0
	Average unshared data size (kbytes): 0
	Average stack size (kbytes): 0
	Average total size (kbytes): 0
	Maximum resident set size (kbytes): 57472
	Average resident set size (kbytes): 0
	Major (requiring I/O) page faults: 0
	Minor (reclaiming a frame) page faults: 11748
	Voluntary context switches: 5
	Involuntary context switches: 7928
	Swaps: 0
	File system inputs: 0
	File system outputs: 0
	Socket messages sent: 0
	Socket messages received: 0
	Signals delivered: 0
	Page size (bytes): 4096
	Exit status: 0
