Time elapsed: 21.1395 s
AVX256:
Sum 24.7662
Difference Sum - Formula 2.05098e-11
Performed 8e+09 HarmonicSeriesAVX256 operations. Avg: 6.34182 CPU cycles/call
Time elapsed: 21.1395 s

 Performance counter stats for '/home/AVX512/results/Intel_Platinum_8351N_CPU_2.40GHz_harmonic_series/../../bin/harmonic_series 1 4e9':

         21,111.58 msec task-clock                       #    0.999 CPUs utilized          
             7,774      context-switches                 #  368.234 /sec                   
                 0      cpu-migrations                   #    0.000 /sec                   
                73      page-faults                      #    3.458 /sec                   
    64,166,448,650      cycles                           #    3.039 GHz                    
    48,171,411,888      instructions                     #    0.75  insn per cycle         
     8,035,075,308      branches                         #  380.600 M/sec                  
           129,490      branch-misses                    #    0.00% of all branches        
   320,831,069,895      slots                            #   15.197 G/sec                  
    39,002,992,810      topdown-retiring                 #     12.1% Retiring              
    10,065,288,467      topdown-bad-spec                 #      3.1% Bad Speculation       
         1,639,584      topdown-fe-bound                 #      0.0% Frontend Bound        
   272,990,844,580      topdown-be-bound                 #     84.8% Backend Bound         

      21.142490557 seconds time elapsed

      21.089098000 seconds user
       0.002976000 seconds sys


	Command being timed: "perf stat /home/AVX512/results/Intel_Platinum_8351N_CPU_2.40GHz_harmonic_series/../../bin/harmonic_series 1 4e9"
	User time (seconds): 21.61
	System time (seconds): 0.05
	Percent of CPU this job got: 99%
	Elapsed (wall clock) time (h:mm:ss or m:ss): 0:21.71
	Average shared text size (kbytes): 0
	Average unshared data size (kbytes): 0
	Average stack size (kbytes): 0
	Average total size (kbytes): 0
	Maximum resident set size (kbytes): 57220
	Average resident set size (kbytes): 0
	Major (requiring I/O) page faults: 0
	Minor (reclaiming a frame) page faults: 11742
	Voluntary context switches: 5
	Involuntary context switches: 7992
	Swaps: 0
	File system inputs: 0
	File system outputs: 0
	Socket messages sent: 0
	Socket messages received: 0
	Signals delivered: 0
	Page size (bytes): 4096
	Exit status: 0
