Time elapsed: 21.1213 s
AVX256:
Sum 24.7662
Difference Sum - Formula 2.05098e-11
Performed 8e+09 HarmonicSeriesAVX256 operations. Avg: 6.33635 CPU cycles/call
Time elapsed: 21.1213 s

 Performance counter stats for '/home/AVX512/results/Intel_Platinum_8351N_CPU_2.40GHz_harmonic_series/../../bin/harmonic_series 1 4e9':

         21,093.64 msec task-clock                       #    0.999 CPUs utilized          
             7,721      context-switches                 #  366.035 /sec                   
                 1      cpu-migrations                   #    0.047 /sec                   
                74      page-faults                      #    3.508 /sec                   
    64,157,243,294      cycles                           #    3.042 GHz                    
    48,158,187,557      instructions                     #    0.75  insn per cycle         
     8,033,141,760      branches                         #  380.832 M/sec                  
           143,318      branch-misses                    #    0.00% of all branches        
   320,784,439,195      slots                            #   15.208 G/sec                  
    38,997,323,980      topdown-retiring                 #     12.1% Retiring              
     8,805,847,350      topdown-bad-spec                 #      2.7% Bad Speculation       
         1,646,966      topdown-fe-bound                 #      0.0% Frontend Bound        
   274,236,263,603      topdown-be-bound                 #     85.2% Backend Bound         

      21.124330332 seconds time elapsed

      21.072392000 seconds user
       0.001992000 seconds sys


	Command being timed: "perf stat /home/AVX512/results/Intel_Platinum_8351N_CPU_2.40GHz_harmonic_series/../../bin/harmonic_series 1 4e9"
	User time (seconds): 21.59
	System time (seconds): 0.05
	Percent of CPU this job got: 99%
	Elapsed (wall clock) time (h:mm:ss or m:ss): 0:21.70
	Average shared text size (kbytes): 0
	Average unshared data size (kbytes): 0
	Average stack size (kbytes): 0
	Average total size (kbytes): 0
	Maximum resident set size (kbytes): 57384
	Average resident set size (kbytes): 0
	Major (requiring I/O) page faults: 0
	Minor (reclaiming a frame) page faults: 11747
	Voluntary context switches: 5
	Involuntary context switches: 7945
	Swaps: 0
	File system inputs: 0
	File system outputs: 0
	Socket messages sent: 0
	Socket messages received: 0
	Signals delivered: 0
	Page size (bytes): 4096
	Exit status: 0
