Time elapsed: 21.2731 s
AVX512:
Sum 24.7662
Difference Sum - Formula -1.40332e-12
Performed 4e+09 HarmonicSeriesAVX512 operations. Avg: 12.7638 CPU cycles/call
Time elapsed: 21.2731 s

 Performance counter stats for '/home/AVX512/results/Intel_Platinum_8351N_CPU_2.40GHz_harmonic_series/../../bin/harmonic_series 0 4e9':

         21,245.19 msec task-clock                       #    0.999 CPUs utilized          
             7,742      context-switches                 #  364.412 /sec                   
                 0      cpu-migrations                   #    0.000 /sec                   
                72      page-faults                      #    3.389 /sec                   
    64,577,404,442      cycles                           #    3.040 GHz                    
    24,161,708,412      instructions                     #    0.37  insn per cycle         
     4,033,767,268      branches                         #  189.867 M/sec                  
           137,119      branch-misses                    #    0.00% of all branches        
   322,885,541,035      slots                            #   15.198 G/sec                  
    27,856,791,775      topdown-retiring                 #      8.6% Retiring              
     8,863,524,655      topdown-bad-spec                 #      2.7% Bad Speculation       
         1,515,529      topdown-fe-bound                 #      0.0% Frontend Bound        
   287,416,918,858      topdown-be-bound                 #     88.7% Backend Bound         

      21.275912361 seconds time elapsed

      21.222536000 seconds user
       0.003972000 seconds sys


	Command being timed: "perf stat /home/AVX512/results/Intel_Platinum_8351N_CPU_2.40GHz_harmonic_series/../../bin/harmonic_series 0 4e9"
	User time (seconds): 21.76
	System time (seconds): 0.04
	Percent of CPU this job got: 99%
	Elapsed (wall clock) time (h:mm:ss or m:ss): 0:21.85
	Average shared text size (kbytes): 0
	Average unshared data size (kbytes): 0
	Average stack size (kbytes): 0
	Average total size (kbytes): 0
	Maximum resident set size (kbytes): 57360
	Average resident set size (kbytes): 0
	Major (requiring I/O) page faults: 0
	Minor (reclaiming a frame) page faults: 11744
	Voluntary context switches: 5
	Involuntary context switches: 7960
	Swaps: 0
	File system inputs: 0
	File system outputs: 0
	Socket messages sent: 0
	Socket messages received: 0
	Signals delivered: 0
	Page size (bytes): 4096
	Exit status: 0
