Time elapsed: 20.8866 s
AVX512:
Sum 24.7662
Difference Sum - Formula -1.40332e-12
Performed 4e+09 HarmonicSeriesAVX512 operations. Avg: 12.5319 CPU cycles/call
Time elapsed: 20.8866 s

 Performance counter stats for '/home/AVX512/results/Intel_Platinum_8351N_CPU_2.40GHz_harmonic_series/../../bin/harmonic_series 0 4e9':

         20,859.68 msec task-clock                       #    0.999 CPUs utilized          
             7,626      context-switches                 #  365.586 /sec                   
                 0      cpu-migrations                   #    0.000 /sec                   
                74      page-faults                      #    3.548 /sec                   
    64,575,812,618      cycles                           #    3.096 GHz                    
    24,156,836,871      instructions                     #    0.37  insn per cycle         
     4,032,852,011      branches                         #  193.332 M/sec                  
           136,837      branch-misses                    #    0.00% of all branches        
   322,877,580,570      slots                            #   15.479 G/sec                  
    27,856,104,990      topdown-retiring                 #      8.6% Retiring              
    10,129,492,723      topdown-bad-spec                 #      3.1% Bad Speculation       
         1,667,078      topdown-fe-bound                 #      0.0% Frontend Bound        
   286,144,809,367      topdown-be-bound                 #     88.3% Backend Bound         

      20.889601114 seconds time elapsed

      20.838496000 seconds user
       0.002975000 seconds sys


	Command being timed: "perf stat /home/AVX512/results/Intel_Platinum_8351N_CPU_2.40GHz_harmonic_series/../../bin/harmonic_series 0 4e9"
	User time (seconds): 21.36
	System time (seconds): 0.05
	Percent of CPU this job got: 99%
	Elapsed (wall clock) time (h:mm:ss or m:ss): 0:21.46
	Average shared text size (kbytes): 0
	Average unshared data size (kbytes): 0
	Average stack size (kbytes): 0
	Average total size (kbytes): 0
	Maximum resident set size (kbytes): 57300
	Average resident set size (kbytes): 0
	Major (requiring I/O) page faults: 1
	Minor (reclaiming a frame) page faults: 11743
	Voluntary context switches: 5
	Involuntary context switches: 7847
	Swaps: 0
	File system inputs: 0
	File system outputs: 0
	Socket messages sent: 0
	Socket messages received: 0
	Signals delivered: 0
	Page size (bytes): 4096
	Exit status: 0
