Time elapsed: 20.8895 s
AVX512:
Sum 24.7662
Difference Sum - Formula -1.40332e-12
Performed 4e+09 HarmonicSeriesAVX512 operations. Avg: 12.5336 CPU cycles/call
Time elapsed: 20.8895 s

 Performance counter stats for '/home/AVX512/results/Intel_Platinum_8351N_CPU_2.40GHz_harmonic_series/../../bin/harmonic_series 0 4e9':

         20,862.74 msec task-clock                       #    0.999 CPUs utilized          
             7,617      context-switches                 #  365.101 /sec                   
                 1      cpu-migrations                   #    0.048 /sec                   
                74      page-faults                      #    3.547 /sec                   
    64,574,978,562      cycles                           #    3.095 GHz                    
    24,158,349,134      instructions                     #    0.37  insn per cycle         
     4,033,045,079      branches                         #  193.313 M/sec                  
           130,144      branch-misses                    #    0.00% of all branches        
   322,872,783,560      slots                            #   15.476 G/sec                  
    27,855,691,130      topdown-retiring                 #      8.6% Retiring              
     8,863,174,450      topdown-bad-spec                 #      2.7% Bad Speculation       
         1,676,530      topdown-fe-bound                 #      0.0% Frontend Bound        
   287,402,516,206      topdown-be-bound                 #     88.7% Backend Bound         

      20.892572201 seconds time elapsed

      20.843089000 seconds user
       0.001990000 seconds sys


	Command being timed: "perf stat /home/AVX512/results/Intel_Platinum_8351N_CPU_2.40GHz_harmonic_series/../../bin/harmonic_series 0 4e9"
	User time (seconds): 21.36
	System time (seconds): 0.04
	Percent of CPU this job got: 99%
	Elapsed (wall clock) time (h:mm:ss or m:ss): 0:21.46
	Average shared text size (kbytes): 0
	Average unshared data size (kbytes): 0
	Average stack size (kbytes): 0
	Average total size (kbytes): 0
	Maximum resident set size (kbytes): 57428
	Average resident set size (kbytes): 0
	Major (requiring I/O) page faults: 0
	Minor (reclaiming a frame) page faults: 11749
	Voluntary context switches: 5
	Involuntary context switches: 7838
	Swaps: 0
	File system inputs: 0
	File system outputs: 0
	Socket messages sent: 0
	Socket messages received: 0
	Signals delivered: 0
	Page size (bytes): 4096
	Exit status: 0
