Time elapsed: 26.9881 s
AVX512:
Sum 24.7662
Difference Sum - Formula -1.40332e-12
Performed 4e+09 HarmonicSeriesAVX512 operations. Avg: 16.1928 CPU cycles/call
Time elapsed: 26.9882 s

 Performance counter stats for '/home/AVX512/results/Intel_Platinum_8351N_CPU_2.40GHz_harmonic_series/../../bin/harmonic_series 0 4e9':

         26,943.80 msec task-clock                       #    0.998 CPUs utilized          
             9,068      context-switches                 #  336.552 /sec                   
                55      cpu-migrations                   #    2.041 /sec                   
                72      page-faults                      #    2.672 /sec                   
    64,595,578,758      cycles                           #    2.397 GHz                    
    24,196,956,176      instructions                     #    0.37  insn per cycle         
     4,041,047,784      branches                         #  149.981 M/sec                  
           193,895      branch-misses                    #    0.00% of all branches        
   322,835,408,195      slots                            #   11.982 G/sec                  
    27,852,466,589      topdown-retiring                 #      8.6% Retiring              
    10,128,169,668      topdown-bad-spec                 #      3.1% Bad Speculation       
         1,774,587      topdown-fe-bound                 #      0.0% Frontend Bound        
   287,115,827,726      topdown-be-bound                 #     88.3% Backend Bound         

      26.991251191 seconds time elapsed

      26.918046000 seconds user
       0.002806000 seconds sys


	Command being timed: "perf stat /home/AVX512/results/Intel_Platinum_8351N_CPU_2.40GHz_harmonic_series/../../bin/harmonic_series 0 4e9"
	User time (seconds): 27.43
	System time (seconds): 0.04
	Percent of CPU this job got: 99%
	Elapsed (wall clock) time (h:mm:ss or m:ss): 0:27.55
	Average shared text size (kbytes): 0
	Average unshared data size (kbytes): 0
	Average stack size (kbytes): 0
	Average total size (kbytes): 0
	Maximum resident set size (kbytes): 57448
	Average resident set size (kbytes): 0
	Major (requiring I/O) page faults: 1
	Minor (reclaiming a frame) page faults: 11745
	Voluntary context switches: 6
	Involuntary context switches: 9281
	Swaps: 0
	File system inputs: 0
	File system outputs: 0
	Socket messages sent: 0
	Socket messages received: 0
	Signals delivered: 0
	Page size (bytes): 4096
	Exit status: 0
