Plain sum:
Sum 24.7662
Difference Sum - Formula -4.80693e-10
Performed 3.2e+10 HarmonicSeriesPlain operations. Avg: 3.27117 CPU cycles/call
Time elapsed: 43.6159 s

 Performance counter stats for '/home/AVX512/results/Intel_Platinum_8351N_CPU_2.40GHz_harmonic_series/../../bin/harmonic_series 2 4e9':

         43,557.77 msec task-clock                       #    0.999 CPUs utilized          
            16,123      context-switches                 #  370.152 /sec                   
                 0      cpu-migrations                   #    0.000 /sec                   
                71      page-faults                      #    1.630 /sec                   
   134,898,775,640      cycles                           #    3.097 GHz                    
   192,351,061,999      instructions                     #    1.43  insn per cycle         
    32,071,892,678      branches                         #  736.307 M/sec                  
           298,335      branch-misses                    #    0.00% of all branches        
   674,477,980,285      slots                            #   15.485 G/sec                  
   158,700,701,243      topdown-retiring                 #     23.4% Retiring              
    15,870,070,124      topdown-bad-spec                 #      2.3% Bad Speculation       
         1,642,372      topdown-fe-bound                 #      0.0% Frontend Bound        
   502,526,838,616      topdown-be-bound                 #     74.2% Backend Bound         

      43.618921804 seconds time elapsed

      43.514980000 seconds user
       0.001973000 seconds sys


	Command being timed: "perf stat /home/AVX512/results/Intel_Platinum_8351N_CPU_2.40GHz_harmonic_series/../../bin/harmonic_series 2 4e9"
	User time (seconds): 43.93
	System time (seconds): 0.03
	Percent of CPU this job got: 99%
	Elapsed (wall clock) time (h:mm:ss or m:ss): 0:44.08
	Average shared text size (kbytes): 0
	Average unshared data size (kbytes): 0
	Average stack size (kbytes): 0
	Average total size (kbytes): 0
	Maximum resident set size (kbytes): 57400
	Average resident set size (kbytes): 0
	Major (requiring I/O) page faults: 0
	Minor (reclaiming a frame) page faults: 11745
	Voluntary context switches: 5
	Involuntary context switches: 16304
	Swaps: 0
	File system inputs: 0
	File system outputs: 0
	Socket messages sent: 0
	Socket messages received: 0
	Signals delivered: 0
	Page size (bytes): 4096
	Exit status: 0
