Time elapsed: 21.0741 s
AVX256:
Sum 24.7662
Difference Sum - Formula 2.05098e-11
Performed 8e+09 HarmonicSeriesAVX256 operations. Avg: 6.32219 CPU cycles/call
Time elapsed: 21.0741 s

 Performance counter stats for '/home/AVX512/results/Intel_Platinum_8351N_CPU_2.40GHz_harmonic_series/../../bin/harmonic_series 1 4e9':

         21,046.57 msec task-clock                       #    0.999 CPUs utilized          
             7,691      context-switches                 #  365.428 /sec                   
                 1      cpu-migrations                   #    0.048 /sec                   
                72      page-faults                      #    3.421 /sec                   
    64,154,919,621      cycles                           #    3.048 GHz                    
    48,157,836,320      instructions                     #    0.75  insn per cycle         
     8,033,061,277      branches                         #  381.680 M/sec                  
           135,124      branch-misses                    #    0.00% of all branches        
   320,770,459,775      slots                            #   15.241 G/sec                  
    38,995,624,521      topdown-retiring                 #     12.1% Retiring              
    10,063,386,973      topdown-bad-spec                 #      3.1% Bad Speculation       
         1,594,581      topdown-fe-bound                 #      0.0% Frontend Bound        
   272,962,158,899      topdown-be-bound                 #     84.8% Backend Bound         

      21.077072624 seconds time elapsed

      21.026191000 seconds user
       0.001989000 seconds sys


	Command being timed: "perf stat /home/AVX512/results/Intel_Platinum_8351N_CPU_2.40GHz_harmonic_series/../../bin/harmonic_series 1 4e9"
	User time (seconds): 21.55
	System time (seconds): 0.04
	Percent of CPU this job got: 99%
	Elapsed (wall clock) time (h:mm:ss or m:ss): 0:21.64
	Average shared text size (kbytes): 0
	Average unshared data size (kbytes): 0
	Average stack size (kbytes): 0
	Average total size (kbytes): 0
	Maximum resident set size (kbytes): 57252
	Average resident set size (kbytes): 0
	Major (requiring I/O) page faults: 0
	Minor (reclaiming a frame) page faults: 11746
	Voluntary context switches: 4
	Involuntary context switches: 7906
	Swaps: 0
	File system inputs: 0
	File system outputs: 0
	Socket messages sent: 0
	Socket messages received: 0
	Signals delivered: 0
	Page size (bytes): 4096
	Exit status: 0
