Time elapsed: 21.0947 s
AVX256:
Sum 24.7662
Difference Sum - Formula 2.05098e-11
Performed 8e+09 HarmonicSeriesAVX256 operations. Avg: 6.32837 CPU cycles/call
Time elapsed: 21.0947 s

 Performance counter stats for '/home/AVX512/results/Intel_Platinum_8351N_CPU_2.40GHz_harmonic_series/../../bin/harmonic_series 1 4e9':

         21,067.10 msec task-clock                       #    0.999 CPUs utilized          
             7,707      context-switches                 #  365.831 /sec                   
                 1      cpu-migrations                   #    0.047 /sec                   
                72      page-faults                      #    3.418 /sec                   
    64,157,592,844      cycles                           #    3.045 GHz                    
    48,158,208,414      instructions                     #    0.75  insn per cycle         
     8,033,145,303      branches                         #  381.312 M/sec                  
           139,831      branch-misses                    #    0.00% of all branches        
   320,786,002,455      slots                            #   15.227 G/sec                  
    38,997,514,023      topdown-retiring                 #     12.1% Retiring              
    10,063,874,586      topdown-bad-spec                 #      3.1% Bad Speculation       
         1,686,222      topdown-fe-bound                 #      0.0% Frontend Bound        
   272,954,141,076      topdown-be-bound                 #     84.8% Backend Bound         

      21.097704522 seconds time elapsed

      21.044955000 seconds user
       0.002977000 seconds sys


	Command being timed: "perf stat /home/AVX512/results/Intel_Platinum_8351N_CPU_2.40GHz_harmonic_series/../../bin/harmonic_series 1 4e9"
	User time (seconds): 21.47
	System time (seconds): 0.02
	Percent of CPU this job got: 99%
	Elapsed (wall clock) time (h:mm:ss or m:ss): 0:21.55
	Average shared text size (kbytes): 0
	Average unshared data size (kbytes): 0
	Average stack size (kbytes): 0
	Average total size (kbytes): 0
	Maximum resident set size (kbytes): 57336
	Average resident set size (kbytes): 0
	Major (requiring I/O) page faults: 0
	Minor (reclaiming a frame) page faults: 11747
	Voluntary context switches: 4
	Involuntary context switches: 7893
	Swaps: 0
	File system inputs: 0
	File system outputs: 0
	Socket messages sent: 0
	Socket messages received: 0
	Signals delivered: 0
	Page size (bytes): 4096
	Exit status: 0
