Time elapsed: 21.2629 s
AVX512:
Sum 24.7662
Difference Sum - Formula -1.40332e-12
Performed 4e+09 HarmonicSeriesAVX512 operations. Avg: 12.7576 CPU cycles/call
Time elapsed: 21.2629 s

 Performance counter stats for '/home/AVX512/results/Intel_Platinum_8351N_CPU_2.40GHz_harmonic_series/../../bin/harmonic_series 0 4e9':

         21,235.10 msec task-clock                       #    0.999 CPUs utilized          
             7,725      context-switches                 #  363.785 /sec                   
                 4      cpu-migrations                   #    0.188 /sec                   
                74      page-faults                      #    3.485 /sec                   
    64,577,039,477      cycles                           #    3.041 GHz                    
    24,159,210,486      instructions                     #    0.37  insn per cycle         
     4,033,351,320      branches                         #  189.938 M/sec                  
           131,248      branch-misses                    #    0.00% of all branches        
   322,877,508,035      slots                            #   15.205 G/sec                  
    27,856,098,732      topdown-retiring                 #      8.6% Retiring              
     8,863,304,142      topdown-bad-spec                 #      2.7% Bad Speculation       
         1,632,920      topdown-fe-bound                 #      0.0% Frontend Bound        
   287,402,182,583      topdown-be-bound                 #     88.7% Backend Bound         

      21.265849809 seconds time elapsed

      21.213501000 seconds user
       0.002972000 seconds sys


	Command being timed: "perf stat /home/AVX512/results/Intel_Platinum_8351N_CPU_2.40GHz_harmonic_series/../../bin/harmonic_series 0 4e9"
	User time (seconds): 21.74
	System time (seconds): 0.05
	Percent of CPU this job got: 99%
	Elapsed (wall clock) time (h:mm:ss or m:ss): 0:21.85
	Average shared text size (kbytes): 0
	Average unshared data size (kbytes): 0
	Average stack size (kbytes): 0
	Average total size (kbytes): 0
	Maximum resident set size (kbytes): 57492
	Average resident set size (kbytes): 0
	Major (requiring I/O) page faults: 0
	Minor (reclaiming a frame) page faults: 11751
	Voluntary context switches: 5
	Involuntary context switches: 7947
	Swaps: 0
	File system inputs: 0
	File system outputs: 0
	Socket messages sent: 0
	Socket messages received: 0
	Signals delivered: 0
	Page size (bytes): 4096
	Exit status: 0
