Time elapsed: 21.1102 s
AVX256:
Sum 24.7662
Difference Sum - Formula 2.05098e-11
Performed 8e+09 HarmonicSeriesAVX256 operations. Avg: 6.33303 CPU cycles/call
Time elapsed: 21.1103 s

 Performance counter stats for '/home/AVX512/results/Intel_Platinum_8351N_CPU_2.40GHz_harmonic_series/../../bin/harmonic_series 1 4e9':

         21,082.77 msec task-clock                       #    0.999 CPUs utilized          
             7,689      context-switches                 #  364.705 /sec                   
                 1      cpu-migrations                   #    0.047 /sec                   
                74      page-faults                      #    3.510 /sec                   
    64,157,934,407      cycles                           #    3.043 GHz                    
    48,158,237,867      instructions                     #    0.75  insn per cycle         
     8,033,155,990      branches                         #  381.029 M/sec                  
           136,840      branch-misses                    #    0.00% of all branches        
   320,780,398,505      slots                            #   15.215 G/sec                  
    38,996,832,759      topdown-retiring                 #     12.1% Retiring              
    10,063,698,776      topdown-bad-spec                 #      3.1% Bad Speculation       
         1,736,817      topdown-fe-bound                 #      0.0% Frontend Bound        
   272,972,960,010      topdown-be-bound                 #     84.8% Backend Bound         

      21.113304579 seconds time elapsed

      21.060144000 seconds user
       0.002969000 seconds sys


	Command being timed: "perf stat /home/AVX512/results/Intel_Platinum_8351N_CPU_2.40GHz_harmonic_series/../../bin/harmonic_series 1 4e9"
	User time (seconds): 21.48
	System time (seconds): 0.04
	Percent of CPU this job got: 99%
	Elapsed (wall clock) time (h:mm:ss or m:ss): 0:21.58
	Average shared text size (kbytes): 0
	Average unshared data size (kbytes): 0
	Average stack size (kbytes): 0
	Average total size (kbytes): 0
	Maximum resident set size (kbytes): 57340
	Average resident set size (kbytes): 0
	Major (requiring I/O) page faults: 0
	Minor (reclaiming a frame) page faults: 11749
	Voluntary context switches: 6
	Involuntary context switches: 7880
	Swaps: 0
	File system inputs: 0
	File system outputs: 0
	Socket messages sent: 0
	Socket messages received: 0
	Signals delivered: 0
	Page size (bytes): 4096
	Exit status: 0
