Time elapsed: 26.8153 s
AVX256:
Sum 24.7662
Difference Sum - Formula 2.05098e-11
Performed 8e+09 HarmonicSeriesAVX256 operations. Avg: 8.04454 CPU cycles/call
Time elapsed: 26.8153 s

 Performance counter stats for '/home/AVX512/results/Intel_Platinum_8351N_CPU_2.40GHz_harmonic_series/../../bin/harmonic_series 1 4e9':

         26,771.37 msec task-clock                       #    0.998 CPUs utilized          
             9,005      context-switches                 #  336.367 /sec                   
                57      cpu-migrations                   #    2.129 /sec                   
                74      page-faults                      #    2.764 /sec                   
    64,175,625,307      cycles                           #    2.397 GHz                    
    48,195,517,506      instructions                     #    0.75  insn per cycle         
     8,040,757,031      branches                         #  300.349 M/sec                  
           174,951      branch-misses                    #    0.00% of all branches        
   320,733,189,190      slots                            #   11.980 G/sec                  
    38,991,093,587      topdown-retiring                 #     12.1% Retiring              
    10,062,217,700      topdown-bad-spec                 #      3.1% Bad Speculation       
         1,713,138      topdown-fe-bound                 #      0.0% Frontend Bound        
   273,910,545,127      topdown-be-bound                 #     84.8% Backend Bound         

      26.818306998 seconds time elapsed

      26.745525000 seconds user
       0.001990000 seconds sys


	Command being timed: "perf stat /home/AVX512/results/Intel_Platinum_8351N_CPU_2.40GHz_harmonic_series/../../bin/harmonic_series 1 4e9"
	User time (seconds): 27.27
	System time (seconds): 0.05
	Percent of CPU this job got: 99%
	Elapsed (wall clock) time (h:mm:ss or m:ss): 0:27.40
	Average shared text size (kbytes): 0
	Average unshared data size (kbytes): 0
	Average stack size (kbytes): 0
	Average total size (kbytes): 0
	Maximum resident set size (kbytes): 57412
	Average resident set size (kbytes): 0
	Major (requiring I/O) page faults: 0
	Minor (reclaiming a frame) page faults: 11749
	Voluntary context switches: 5
	Involuntary context switches: 9233
	Swaps: 0
	File system inputs: 0
	File system outputs: 0
	Socket messages sent: 0
	Socket messages received: 0
	Signals delivered: 0
	Page size (bytes): 4096
	Exit status: 0
