Time elapsed: 21.1366 s
AVX256:
Sum 24.7662
Difference Sum - Formula 2.05098e-11
Performed 8e+09 HarmonicSeriesAVX256 operations. Avg: 6.34094 CPU cycles/call
Time elapsed: 21.1366 s

 Performance counter stats for '/home/AVX512/results/Intel_Platinum_8351N_CPU_2.40GHz_harmonic_series/../../bin/harmonic_series 1 4e9':

         21,109.09 msec task-clock                       #    0.999 CPUs utilized          
             7,690      context-switches                 #  364.298 /sec                   
                 1      cpu-migrations                   #    0.047 /sec                   
                76      page-faults                      #    3.600 /sec                   
    64,157,391,206      cycles                           #    3.039 GHz                    
    48,158,121,854      instructions                     #    0.75  insn per cycle         
     8,033,124,860      branches                         #  380.553 M/sec                  
           134,600      branch-misses                    #    0.00% of all branches        
   320,785,257,775      slots                            #   15.197 G/sec                  
    38,997,423,494      topdown-retiring                 #     12.1% Retiring              
     8,805,869,821      topdown-bad-spec                 #      2.7% Bad Speculation       
         1,551,617      topdown-fe-bound                 #      0.0% Frontend Bound        
   274,215,525,092      topdown-be-bound                 #     85.2% Backend Bound         

      21.139610249 seconds time elapsed

      21.087915000 seconds user
       0.001991000 seconds sys


	Command being timed: "perf stat /home/AVX512/results/Intel_Platinum_8351N_CPU_2.40GHz_harmonic_series/../../bin/harmonic_series 1 4e9"
	User time (seconds): 21.61
	System time (seconds): 0.04
	Percent of CPU this job got: 99%
	Elapsed (wall clock) time (h:mm:ss or m:ss): 0:21.71
	Average shared text size (kbytes): 0
	Average unshared data size (kbytes): 0
	Average stack size (kbytes): 0
	Average total size (kbytes): 0
	Maximum resident set size (kbytes): 57480
	Average resident set size (kbytes): 0
	Major (requiring I/O) page faults: 0
	Minor (reclaiming a frame) page faults: 11753
	Voluntary context switches: 4
	Involuntary context switches: 7909
	Swaps: 0
	File system inputs: 0
	File system outputs: 0
	Socket messages sent: 0
	Socket messages received: 0
	Signals delivered: 0
	Page size (bytes): 4096
	Exit status: 0
