Time elapsed: 21.2176 s
AVX256:
Sum 24.7662
Difference Sum - Formula 2.05098e-11
Performed 8e+09 HarmonicSeriesAVX256 operations. Avg: 6.36525 CPU cycles/call
Time elapsed: 21.2176 s

 Performance counter stats for '/home/AVX512/results/Intel_Platinum_8351N_CPU_2.40GHz_harmonic_series/../../bin/harmonic_series 1 4e9':

         21,189.91 msec task-clock                       #    0.999 CPUs utilized          
             7,694      context-switches                 #  363.097 /sec                   
                 0      cpu-migrations                   #    0.000 /sec                   
                74      page-faults                      #    3.492 /sec                   
    64,155,594,833      cycles                           #    3.028 GHz                    
    48,158,536,979      instructions                     #    0.75  insn per cycle         
     8,033,204,148      branches                         #  379.105 M/sec                  
           140,446      branch-misses                    #    0.00% of all branches        
   320,776,652,720      slots                            #   15.138 G/sec                  
    38,996,377,389      topdown-retiring                 #     12.1% Retiring              
     8,805,633,604      topdown-bad-spec                 #      2.7% Bad Speculation       
         1,605,624      topdown-fe-bound                 #      0.0% Frontend Bound        
   274,196,650,028      topdown-be-bound                 #     85.2% Backend Bound         

      21.220573540 seconds time elapsed

      21.168403000 seconds user
       0.002978000 seconds sys


	Command being timed: "perf stat /home/AVX512/results/Intel_Platinum_8351N_CPU_2.40GHz_harmonic_series/../../bin/harmonic_series 1 4e9"
	User time (seconds): 21.67
	System time (seconds): 0.05
	Percent of CPU this job got: 99%
	Elapsed (wall clock) time (h:mm:ss or m:ss): 0:21.78
	Average shared text size (kbytes): 0
	Average unshared data size (kbytes): 0
	Average stack size (kbytes): 0
	Average total size (kbytes): 0
	Maximum resident set size (kbytes): 57416
	Average resident set size (kbytes): 0
	Major (requiring I/O) page faults: 0
	Minor (reclaiming a frame) page faults: 11750
	Voluntary context switches: 5
	Involuntary context switches: 7908
	Swaps: 0
	File system inputs: 0
	File system outputs: 0
	Socket messages sent: 0
	Socket messages received: 0
	Signals delivered: 0
	Page size (bytes): 4096
	Exit status: 0
