Time elapsed: 21.1486 s
AVX256:
Sum 24.7662
Difference Sum - Formula 2.05098e-11
Performed 8e+09 HarmonicSeriesAVX256 operations. Avg: 6.34454 CPU cycles/call
Time elapsed: 21.1486 s

 Performance counter stats for '/home/AVX512/results/Intel_Platinum_8351N_CPU_2.40GHz_harmonic_series/../../bin/harmonic_series 1 4e9':

         21,120.70 msec task-clock                       #    0.999 CPUs utilized          
             7,747      context-switches                 #  366.797 /sec                   
                 3      cpu-migrations                   #    0.142 /sec                   
                73      page-faults                      #    3.456 /sec                   
    64,158,160,884      cycles                           #    3.038 GHz                    
    48,158,773,734      instructions                     #    0.75  insn per cycle         
     8,033,278,118      branches                         #  380.351 M/sec                  
           137,565      branch-misses                    #    0.00% of all branches        
   320,769,178,240      slots                            #   15.187 G/sec                  
    38,995,468,727      topdown-retiring                 #     12.1% Retiring              
     8,805,428,422      topdown-bad-spec                 #      2.7% Bad Speculation       
         1,619,360      topdown-fe-bound                 #      0.0% Frontend Bound        
   274,210,081,606      topdown-be-bound                 #     85.2% Backend Bound         

      21.151531790 seconds time elapsed

      21.098470000 seconds user
       0.002981000 seconds sys


	Command being timed: "perf stat /home/AVX512/results/Intel_Platinum_8351N_CPU_2.40GHz_harmonic_series/../../bin/harmonic_series 1 4e9"
	User time (seconds): 21.62
	System time (seconds): 0.04
	Percent of CPU this job got: 99%
	Elapsed (wall clock) time (h:mm:ss or m:ss): 0:21.72
	Average shared text size (kbytes): 0
	Average unshared data size (kbytes): 0
	Average stack size (kbytes): 0
	Average total size (kbytes): 0
	Maximum resident set size (kbytes): 57456
	Average resident set size (kbytes): 0
	Major (requiring I/O) page faults: 0
	Minor (reclaiming a frame) page faults: 11749
	Voluntary context switches: 5
	Involuntary context switches: 7964
	Swaps: 0
	File system inputs: 0
	File system outputs: 0
	Socket messages sent: 0
	Socket messages received: 0
	Signals delivered: 0
	Page size (bytes): 4096
	Exit status: 0
