Time elapsed: 21.4019 s
AVX256:
Sum 24.7662
Difference Sum - Formula 2.05098e-11
Performed 8e+09 HarmonicSeriesAVX256 operations. Avg: 6.42054 CPU cycles/call
Time elapsed: 21.402 s

 Performance counter stats for '/home/AVX512/results/Intel_Platinum_8351N_CPU_2.40GHz_harmonic_series/../../bin/harmonic_series 1 4e9':

         21,373.66 msec task-clock                       #    0.999 CPUs utilized          
             7,745      context-switches                 #  362.362 /sec                   
                 2      cpu-migrations                   #    0.094 /sec                   
                74      page-faults                      #    3.462 /sec                   
    64,156,814,274      cycles                           #    3.002 GHz                    
    48,162,061,001      instructions                     #    0.75  insn per cycle         
     8,033,842,081      branches                         #  375.876 M/sec                  
           136,473      branch-misses                    #    0.00% of all branches        
   320,779,206,615      slots                            #   15.008 G/sec                  
    38,996,687,863      topdown-retiring                 #     12.1% Retiring              
     8,805,703,711      topdown-bad-spec                 #      2.7% Bad Speculation       
         1,614,358      topdown-fe-bound                 #      0.0% Frontend Bound        
   274,218,362,588      topdown-be-bound                 #     85.2% Backend Bound         

      21.404934601 seconds time elapsed

      21.351728000 seconds user
       0.002975000 seconds sys


	Command being timed: "perf stat /home/AVX512/results/Intel_Platinum_8351N_CPU_2.40GHz_harmonic_series/../../bin/harmonic_series 1 4e9"
	User time (seconds): 21.76
	System time (seconds): 0.04
	Percent of CPU this job got: 99%
	Elapsed (wall clock) time (h:mm:ss or m:ss): 0:21.86
	Average shared text size (kbytes): 0
	Average unshared data size (kbytes): 0
	Average stack size (kbytes): 0
	Average total size (kbytes): 0
	Maximum resident set size (kbytes): 57188
	Average resident set size (kbytes): 0
	Major (requiring I/O) page faults: 0
	Minor (reclaiming a frame) page faults: 11748
	Voluntary context switches: 5
	Involuntary context switches: 7938
	Swaps: 0
	File system inputs: 0
	File system outputs: 0
	Socket messages sent: 0
	Socket messages received: 0
	Signals delivered: 0
	Page size (bytes): 4096
	Exit status: 0
