Time elapsed: 21.2747 s
AVX512:
Sum 24.7662
Difference Sum - Formula -1.40332e-12
Performed 4e+09 HarmonicSeriesAVX512 operations. Avg: 12.7647 CPU cycles/call
Time elapsed: 21.2747 s

 Performance counter stats for '/home/AVX512/results/Intel_Platinum_8351N_CPU_2.40GHz_harmonic_series/../../bin/harmonic_series 0 4e9':

         21,246.79 msec task-clock                       #    0.999 CPUs utilized          
             7,769      context-switches                 #  365.655 /sec                   
                 1      cpu-migrations                   #    0.047 /sec                   
                75      page-faults                      #    3.530 /sec                   
    64,576,376,641      cycles                           #    3.039 GHz                    
    24,159,526,528      instructions                     #    0.37  insn per cycle         
     4,033,426,870      branches                         #  189.837 M/sec                  
           136,245      branch-misses                    #    0.00% of all branches        
   322,876,366,180      slots                            #   15.196 G/sec                  
    27,856,000,219      topdown-retiring                 #      8.6% Retiring              
     7,597,090,968      topdown-bad-spec                 #      2.3% Bad Speculation       
         1,685,692      topdown-fe-bound                 #      0.0% Frontend Bound        
   288,680,517,252      topdown-be-bound                 #     89.1% Backend Bound         

      21.277638649 seconds time elapsed

      21.226541000 seconds user
       0.001979000 seconds sys


	Command being timed: "perf stat /home/AVX512/results/Intel_Platinum_8351N_CPU_2.40GHz_harmonic_series/../../bin/harmonic_series 0 4e9"
	User time (seconds): 21.76
	System time (seconds): 0.03
	Percent of CPU this job got: 99%
	Elapsed (wall clock) time (h:mm:ss or m:ss): 0:21.84
	Average shared text size (kbytes): 0
	Average unshared data size (kbytes): 0
	Average stack size (kbytes): 0
	Average total size (kbytes): 0
	Maximum resident set size (kbytes): 57368
	Average resident set size (kbytes): 0
	Major (requiring I/O) page faults: 0
	Minor (reclaiming a frame) page faults: 11748
	Voluntary context switches: 5
	Involuntary context switches: 7987
	Swaps: 0
	File system inputs: 0
	File system outputs: 0
	Socket messages sent: 0
	Socket messages received: 0
	Signals delivered: 0
	Page size (bytes): 4096
	Exit status: 0
