Time elapsed: 21.2879 s
AVX512:
Sum 24.7662
Difference Sum - Formula -1.40332e-12
Performed 4e+09 HarmonicSeriesAVX512 operations. Avg: 12.7726 CPU cycles/call
Time elapsed: 21.2879 s

 Performance counter stats for '/home/AVX512/results/Intel_Platinum_8351N_CPU_2.40GHz_harmonic_series/../../bin/harmonic_series 0 4e9':

         21,259.10 msec task-clock                       #    0.999 CPUs utilized          
             7,720      context-switches                 #  363.139 /sec                   
                 1      cpu-migrations                   #    0.047 /sec                   
                74      page-faults                      #    3.481 /sec                   
    64,579,025,969      cycles                           #    3.038 GHz                    
    24,159,107,823      instructions                     #    0.37  insn per cycle         
     4,033,322,527      branches                         #  189.722 M/sec                  
           254,421      branch-misses                    #    0.01% of all branches        
   322,877,677,675      slots                            #   15.188 G/sec                  
    27,856,113,368      topdown-retiring                 #      8.6% Retiring              
     8,863,308,798      topdown-bad-spec                 #      2.7% Bad Speculation       
         1,736,353      topdown-fe-bound                 #      0.0% Frontend Bound        
   287,389,252,725      topdown-be-bound                 #     88.7% Backend Bound         

      21.290868659 seconds time elapsed

      21.237427000 seconds user
       0.002983000 seconds sys


	Command being timed: "perf stat /home/AVX512/results/Intel_Platinum_8351N_CPU_2.40GHz_harmonic_series/../../bin/harmonic_series 0 4e9"
	User time (seconds): 21.79
	System time (seconds): 0.04
	Percent of CPU this job got: 99%
	Elapsed (wall clock) time (h:mm:ss or m:ss): 0:21.89
	Average shared text size (kbytes): 0
	Average unshared data size (kbytes): 0
	Average stack size (kbytes): 0
	Average total size (kbytes): 0
	Maximum resident set size (kbytes): 57408
	Average resident set size (kbytes): 0
	Major (requiring I/O) page faults: 0
	Minor (reclaiming a frame) page faults: 11749
	Voluntary context switches: 4
	Involuntary context switches: 7953
	Swaps: 0
	File system inputs: 0
	File system outputs: 0
	Socket messages sent: 0
	Socket messages received: 0
	Signals delivered: 0
	Page size (bytes): 4096
	Exit status: 0
