Time elapsed: 21.1557 s
AVX256:
Sum 24.7662
Difference Sum - Formula 2.05098e-11
Performed 8e+09 HarmonicSeriesAVX256 operations. Avg: 6.34667 CPU cycles/call
Time elapsed: 21.1557 s

 Performance counter stats for '/home/AVX512/results/Intel_Platinum_8351N_CPU_2.40GHz_harmonic_series/../../bin/harmonic_series 1 4e9':

         21,128.16 msec task-clock                       #    0.999 CPUs utilized          
             7,674      context-switches                 #  363.212 /sec                   
                 1      cpu-migrations                   #    0.047 /sec                   
                74      page-faults                      #    3.502 /sec                   
    64,155,457,384      cycles                           #    3.036 GHz                    
    48,158,176,418      instructions                     #    0.75  insn per cycle         
     8,033,129,503      branches                         #  380.210 M/sec                  
           155,716      branch-misses                    #    0.00% of all branches        
   320,766,342,880      slots                            #   15.182 G/sec                  
    38,995,124,036      topdown-retiring                 #     12.1% Retiring              
    10,063,257,815      topdown-bad-spec                 #      3.1% Bad Speculation       
         1,700,566      topdown-fe-bound                 #      0.0% Frontend Bound        
   274,187,956,508      topdown-be-bound                 #     84.8% Backend Bound         

      21.158732020 seconds time elapsed

      21.106690000 seconds user
       0.002980000 seconds sys


	Command being timed: "perf stat /home/AVX512/results/Intel_Platinum_8351N_CPU_2.40GHz_harmonic_series/../../bin/harmonic_series 1 4e9"
	User time (seconds): 21.64
	System time (seconds): 0.03
	Percent of CPU this job got: 99%
	Elapsed (wall clock) time (h:mm:ss or m:ss): 0:21.73
	Average shared text size (kbytes): 0
	Average unshared data size (kbytes): 0
	Average stack size (kbytes): 0
	Average total size (kbytes): 0
	Maximum resident set size (kbytes): 57392
	Average resident set size (kbytes): 0
	Major (requiring I/O) page faults: 0
	Minor (reclaiming a frame) page faults: 11746
	Voluntary context switches: 5
	Involuntary context switches: 7895
	Swaps: 0
	File system inputs: 0
	File system outputs: 0
	Socket messages sent: 0
	Socket messages received: 0
	Signals delivered: 0
	Page size (bytes): 4096
	Exit status: 0
