Time elapsed: 21.2578 s
AVX512:
Sum 24.7662
Difference Sum - Formula -1.40332e-12
Performed 4e+09 HarmonicSeriesAVX512 operations. Avg: 12.7546 CPU cycles/call
Time elapsed: 21.2578 s

 Performance counter stats for '/home/AVX512/results/Intel_Platinum_8351N_CPU_2.40GHz_harmonic_series/../../bin/harmonic_series 0 4e9':

         21,228.24 msec task-clock                       #    0.998 CPUs utilized          
             7,750      context-switches                 #  365.080 /sec                   
                 2      cpu-migrations                   #    0.094 /sec                   
                73      page-faults                      #    3.439 /sec                   
    64,580,962,967      cycles                           #    3.042 GHz                    
    24,159,177,013      instructions                     #    0.37  insn per cycle         
     4,033,348,279      branches                         #  189.999 M/sec                  
           323,602      branch-misses                    #    0.01% of all branches        
   322,897,945,830      slots                            #   15.211 G/sec                  
    27,857,861,993      topdown-retiring                 #      8.6% Retiring              
    10,130,131,633      topdown-bad-spec                 #      3.1% Bad Speculation       
         1,538,552      topdown-fe-bound                 #      0.0% Frontend Bound        
   286,150,460,723      topdown-be-bound                 #     88.3% Backend Bound         

      21.260714652 seconds time elapsed

      21.206528000 seconds user
       0.002974000 seconds sys


	Command being timed: "perf stat /home/AVX512/results/Intel_Platinum_8351N_CPU_2.40GHz_harmonic_series/../../bin/harmonic_series 0 4e9"
	User time (seconds): 21.74
	System time (seconds): 0.04
	Percent of CPU this job got: 99%
	Elapsed (wall clock) time (h:mm:ss or m:ss): 0:21.84
	Average shared text size (kbytes): 0
	Average unshared data size (kbytes): 0
	Average stack size (kbytes): 0
	Average total size (kbytes): 0
	Maximum resident set size (kbytes): 57184
	Average resident set size (kbytes): 0
	Major (requiring I/O) page faults: 0
	Minor (reclaiming a frame) page faults: 11746
	Voluntary context switches: 5
	Involuntary context switches: 7973
	Swaps: 0
	File system inputs: 0
	File system outputs: 0
	Socket messages sent: 0
	Socket messages received: 0
	Signals delivered: 0
	Page size (bytes): 4096
	Exit status: 0
