Plain sum:
Sum 24.7662
Difference Sum - Formula -4.80693e-10
Performed 3.2e+10 HarmonicSeriesPlain operations. Avg: 3.30641 CPU cycles/call
Time elapsed: 44.0858 s

 Performance counter stats for '/home/AVX512/results/Intel_Platinum_8351N_CPU_2.40GHz_harmonic_series/../../bin/harmonic_series 2 4e9':

         44,027.77 msec task-clock                       #    0.999 CPUs utilized          
            16,026      context-switches                 #  363.998 /sec                   
                 2      cpu-migrations                   #    0.045 /sec                   
                73      page-faults                      #    1.658 /sec                   
   134,879,835,612      cycles                           #    3.064 GHz                    
   192,330,900,127      instructions                     #    1.43  insn per cycle         
    32,069,189,000      branches                         #  728.385 M/sec                  
           284,323      branch-misses                    #    0.00% of all branches        
   674,383,034,565      slots                            #   15.317 G/sec                  
   158,678,361,074      topdown-retiring                 #     23.3% Retiring              
    21,157,114,809      topdown-bad-spec                 #      3.1% Bad Speculation       
         1,591,410      topdown-fe-bound                 #      0.0% Frontend Bound        
   499,783,850,405      topdown-be-bound                 #     73.5% Backend Bound         

      44.088798945 seconds time elapsed

      43.985622000 seconds user
       0.002976000 seconds sys


	Command being timed: "perf stat /home/AVX512/results/Intel_Platinum_8351N_CPU_2.40GHz_harmonic_series/../../bin/harmonic_series 2 4e9"
	User time (seconds): 44.51
	System time (seconds): 0.04
	Percent of CPU this job got: 99%
	Elapsed (wall clock) time (h:mm:ss or m:ss): 0:44.65
	Average shared text size (kbytes): 0
	Average unshared data size (kbytes): 0
	Average stack size (kbytes): 0
	Average total size (kbytes): 0
	Maximum resident set size (kbytes): 57348
	Average resident set size (kbytes): 0
	Major (requiring I/O) page faults: 0
	Minor (reclaiming a frame) page faults: 11747
	Voluntary context switches: 5
	Involuntary context switches: 16240
	Swaps: 0
	File system inputs: 0
	File system outputs: 0
	Socket messages sent: 0
	Socket messages received: 0
	Signals delivered: 0
	Page size (bytes): 4096
	Exit status: 0
