Plain sum:
Sum 24.7662
Difference Sum - Formula -4.80693e-10
Performed 3.2e+10 HarmonicSeriesPlain operations. Avg: 3.3056 CPU cycles/call
Time elapsed: 44.075 s

 Performance counter stats for '/home/AVX512/results/Intel_Platinum_8351N_CPU_2.40GHz_harmonic_series/../../bin/harmonic_series 2 4e9':

         44,015.10 msec task-clock                       #    0.999 CPUs utilized          
            15,984      context-switches                 #  363.148 /sec                   
                 0      cpu-migrations                   #    0.000 /sec                   
                74      page-faults                      #    1.681 /sec                   
   134,878,321,034      cycles                           #    3.064 GHz                    
   192,328,297,305      instructions                     #    1.43  insn per cycle         
    32,068,721,850      branches                         #  728.585 M/sec                  
           461,378      branch-misses                    #    0.00% of all branches        
   674,389,134,860      slots                            #   15.322 G/sec                  
   156,035,133,163      topdown-retiring                 #     23.0% Retiring              
    18,512,642,917      topdown-bad-spec                 #      2.7% Bad Speculation       
         1,607,585      topdown-fe-bound                 #      0.0% Frontend Bound        
   502,483,652,368      topdown-be-bound                 #     74.2% Backend Bound         

      44.078020341 seconds time elapsed

      43.973588000 seconds user
       0.002977000 seconds sys


	Command being timed: "perf stat /home/AVX512/results/Intel_Platinum_8351N_CPU_2.40GHz_harmonic_series/../../bin/harmonic_series 2 4e9"
	User time (seconds): 44.50
	System time (seconds): 0.04
	Percent of CPU this job got: 99%
	Elapsed (wall clock) time (h:mm:ss or m:ss): 0:44.65
	Average shared text size (kbytes): 0
	Average unshared data size (kbytes): 0
	Average stack size (kbytes): 0
	Average total size (kbytes): 0
	Maximum resident set size (kbytes): 57288
	Average resident set size (kbytes): 0
	Major (requiring I/O) page faults: 0
	Minor (reclaiming a frame) page faults: 11742
	Voluntary context switches: 5
	Involuntary context switches: 16199
	Swaps: 0
	File system inputs: 0
	File system outputs: 0
	Socket messages sent: 0
	Socket messages received: 0
	Signals delivered: 0
	Page size (bytes): 4096
	Exit status: 0
