Time elapsed: 21.1924 s
AVX512:
Sum 24.7662
Difference Sum - Formula -1.40332e-12
Performed 4e+09 HarmonicSeriesAVX512 operations. Avg: 12.7154 CPU cycles/call
Time elapsed: 21.1925 s

 Performance counter stats for '/home/AVX512/results/Intel_Platinum_8351N_CPU_2.40GHz_harmonic_series/../../bin/harmonic_series 0 4e9':

         21,164.92 msec task-clock                       #    0.999 CPUs utilized          
             7,683      context-switches                 #  363.006 /sec                   
                 3      cpu-migrations                   #    0.142 /sec                   
                74      page-faults                      #    3.496 /sec                   
    64,573,485,379      cycles                           #    3.051 GHz                    
    24,158,655,694      instructions                     #    0.37  insn per cycle         
     4,033,226,435      branches                         #  190.562 M/sec                  
           136,026      branch-misses                    #    0.00% of all branches        
   322,865,631,165      slots                            #   15.255 G/sec                  
    27,855,074,061      topdown-retiring                 #      8.6% Retiring              
    10,129,117,840      topdown-bad-spec                 #      3.1% Bad Speculation       
         1,643,584      topdown-fe-bound                 #      0.0% Frontend Bound        
   286,130,996,052      topdown-be-bound                 #     88.3% Backend Bound         

      21.195441661 seconds time elapsed

      21.145351000 seconds user
       0.001988000 seconds sys


	Command being timed: "perf stat /home/AVX512/results/Intel_Platinum_8351N_CPU_2.40GHz_harmonic_series/../../bin/harmonic_series 0 4e9"
	User time (seconds): 21.67
	System time (seconds): 0.04
	Percent of CPU this job got: 99%
	Elapsed (wall clock) time (h:mm:ss or m:ss): 0:21.76
	Average shared text size (kbytes): 0
	Average unshared data size (kbytes): 0
	Average stack size (kbytes): 0
	Average total size (kbytes): 0
	Maximum resident set size (kbytes): 57460
	Average resident set size (kbytes): 0
	Major (requiring I/O) page faults: 0
	Minor (reclaiming a frame) page faults: 11750
	Voluntary context switches: 5
	Involuntary context switches: 7905
	Swaps: 0
	File system inputs: 0
	File system outputs: 0
	Socket messages sent: 0
	Socket messages received: 0
	Signals delivered: 0
	Page size (bytes): 4096
	Exit status: 0
