Plain sum:
Sum 24.7662
Difference Sum - Formula -4.80693e-10
Performed 3.2e+10 HarmonicSeriesPlain operations. Avg: 3.26995 CPU cycles/call
Time elapsed: 43.5997 s

 Performance counter stats for '/home/AVX512/results/Intel_Platinum_8351N_CPU_2.40GHz_harmonic_series/../../bin/harmonic_series 2 4e9':

         43,542.29 msec task-clock                       #    0.999 CPUs utilized          
            15,927      context-switches                 #  365.782 /sec                   
                 3      cpu-migrations                   #    0.069 /sec                   
                75      page-faults                      #    1.722 /sec                   
   134,875,048,065      cycles                           #    3.098 GHz                    
   192,326,019,081      instructions                     #    1.43  insn per cycle         
    32,068,266,238      branches                         #  736.485 M/sec                  
           275,335      branch-misses                    #    0.00% of all branches        
   674,372,961,885      slots                            #   15.488 G/sec                  
   156,031,391,181      topdown-retiring                 #     23.1% Retiring              
    15,867,599,103      topdown-bad-spec                 #      2.4% Bad Speculation       
         1,880,111      topdown-fe-bound                 #      0.0% Frontend Bound        
   502,473,971,600      topdown-be-bound                 #     74.5% Backend Bound         

      43.601029978 seconds time elapsed

      43.502493000 seconds user
       0.000999000 seconds sys


	Command being timed: "perf stat /home/AVX512/results/Intel_Platinum_8351N_CPU_2.40GHz_harmonic_series/../../bin/harmonic_series 2 4e9"
	User time (seconds): 44.02
	System time (seconds): 0.04
	Percent of CPU this job got: 99%
	Elapsed (wall clock) time (h:mm:ss or m:ss): 0:44.17
	Average shared text size (kbytes): 0
	Average unshared data size (kbytes): 0
	Average stack size (kbytes): 0
	Average total size (kbytes): 0
	Maximum resident set size (kbytes): 57428
	Average resident set size (kbytes): 0
	Major (requiring I/O) page faults: 0
	Minor (reclaiming a frame) page faults: 11751
	Voluntary context switches: 5
	Involuntary context switches: 16142
	Swaps: 0
	File system inputs: 0
	File system outputs: 0
	Socket messages sent: 0
	Socket messages received: 0
	Signals delivered: 0
	Page size (bytes): 4096
	Exit status: 0
