Time elapsed: 21.3501 s
AVX512:
Sum 24.7662
Difference Sum - Formula -1.40332e-12
Performed 4e+09 HarmonicSeriesAVX512 operations. Avg: 12.81 CPU cycles/call
Time elapsed: 21.3501 s

 Performance counter stats for '/home/AVX512/results/Intel_Platinum_8351N_CPU_2.40GHz_harmonic_series/../../bin/harmonic_series 0 4e9':

         21,322.07 msec task-clock                       #    0.999 CPUs utilized          
             7,751      context-switches                 #  363.520 /sec                   
                 1      cpu-migrations                   #    0.047 /sec                   
                73      page-faults                      #    3.424 /sec                   
    64,577,102,349      cycles                           #    3.029 GHz                    
    24,161,158,788      instructions                     #    0.37  insn per cycle         
     4,033,704,724      branches                         #  189.180 M/sec                  
           138,579      branch-misses                    #    0.00% of all branches        
   322,853,071,630      slots                            #   15.142 G/sec                  
    27,853,990,493      topdown-retiring                 #      8.6% Retiring              
     8,862,633,338      topdown-bad-spec                 #      2.7% Bad Speculation       
         1,633,904      topdown-fe-bound                 #      0.0% Frontend Bound        
   287,384,807,371      topdown-be-bound                 #     88.7% Backend Bound         

      21.353111167 seconds time elapsed

      21.301527000 seconds user
       0.001974000 seconds sys


	Command being timed: "perf stat /home/AVX512/results/Intel_Platinum_8351N_CPU_2.40GHz_harmonic_series/../../bin/harmonic_series 0 4e9"
	User time (seconds): 21.70
	System time (seconds): 0.04
	Percent of CPU this job got: 99%
	Elapsed (wall clock) time (h:mm:ss or m:ss): 0:21.81
	Average shared text size (kbytes): 0
	Average unshared data size (kbytes): 0
	Average stack size (kbytes): 0
	Average total size (kbytes): 0
	Maximum resident set size (kbytes): 57472
	Average resident set size (kbytes): 0
	Major (requiring I/O) page faults: 0
	Minor (reclaiming a frame) page faults: 11750
	Voluntary context switches: 6
	Involuntary context switches: 7939
	Swaps: 0
	File system inputs: 0
	File system outputs: 0
	Socket messages sent: 0
	Socket messages received: 0
	Signals delivered: 0
	Page size (bytes): 4096
	Exit status: 0
