Plain sum:
Sum 24.7662
Difference Sum - Formula -4.80693e-10
Performed 3.2e+10 HarmonicSeriesPlain operations. Avg: 3.30934 CPU cycles/call
Time elapsed: 44.1249 s

 Performance counter stats for '/home/AVX512/results/Intel_Platinum_8351N_CPU_2.40GHz_harmonic_series/../../bin/harmonic_series 2 4e9':

         44,060.34 msec task-clock                       #    0.998 CPUs utilized          
            16,153      context-switches                 #  366.611 /sec                   
                 6      cpu-migrations                   #    0.136 /sec                   
                74      page-faults                      #    1.680 /sec                   
   134,884,337,612      cycles                           #    3.061 GHz                    
   192,330,743,126      instructions                     #    1.43  insn per cycle         
    32,069,239,265      branches                         #  727.848 M/sec                  
           267,244      branch-misses                    #    0.00% of all branches        
   674,417,344,745      slots                            #   15.307 G/sec                  
   154,670,882,347      topdown-retiring                 #     22.7% Retiring              
    29,092,512,910      topdown-bad-spec                 #      4.3% Bad Speculation       
         1,674,473      topdown-fe-bound                 #      0.0% Frontend Bound        
   497,053,314,370      topdown-be-bound                 #     73.0% Backend Bound         

      44.127857104 seconds time elapsed

      44.017437000 seconds user
       0.001979000 seconds sys


	Command being timed: "perf stat /home/AVX512/results/Intel_Platinum_8351N_CPU_2.40GHz_harmonic_series/../../bin/harmonic_series 2 4e9"
	User time (seconds): 44.43
	System time (seconds): 0.03
	Percent of CPU this job got: 99%
	Elapsed (wall clock) time (h:mm:ss or m:ss): 0:44.58
	Average shared text size (kbytes): 0
	Average unshared data size (kbytes): 0
	Average stack size (kbytes): 0
	Average total size (kbytes): 0
	Maximum resident set size (kbytes): 57520
	Average resident set size (kbytes): 0
	Major (requiring I/O) page faults: 0
	Minor (reclaiming a frame) page faults: 11752
	Voluntary context switches: 5
	Involuntary context switches: 16343
	Swaps: 0
	File system inputs: 0
	File system outputs: 0
	Socket messages sent: 0
	Socket messages received: 0
	Signals delivered: 0
	Page size (bytes): 4096
	Exit status: 0
