Plain sum:
Sum 24.7662
Difference Sum - Formula -4.80693e-10
Performed 3.2e+10 HarmonicSeriesPlain operations. Avg: 3.31133 CPU cycles/call
Time elapsed: 44.1514 s

 Performance counter stats for '/home/AVX512/results/Intel_Platinum_8351N_CPU_2.40GHz_harmonic_series/../../bin/harmonic_series 2 4e9':

         44,092.64 msec task-clock                       #    0.999 CPUs utilized          
            16,215      context-switches                 #  367.748 /sec                   
                 1      cpu-migrations                   #    0.023 /sec                   
                73      page-faults                      #    1.656 /sec                   
   134,875,767,446      cycles                           #    3.059 GHz                    
   192,330,865,982      instructions                     #    1.43  insn per cycle         
    32,069,324,716      branches                         #  727.317 M/sec                  
           261,033      branch-misses                    #    0.00% of all branches        
   674,374,153,250      slots                            #   15.294 G/sec                  
   158,675,771,204      topdown-retiring                 #     23.3% Retiring              
    26,446,045,225      topdown-bad-spec                 #      3.9% Bad Speculation       
         1,741,928      topdown-fe-bound                 #      0.0% Frontend Bound        
   494,576,982,277      topdown-be-bound                 #     72.8% Backend Bound         

      44.154405400 seconds time elapsed

      44.050752000 seconds user
       0.002975000 seconds sys


	Command being timed: "perf stat /home/AVX512/results/Intel_Platinum_8351N_CPU_2.40GHz_harmonic_series/../../bin/harmonic_series 2 4e9"
	User time (seconds): 44.57
	System time (seconds): 0.04
	Percent of CPU this job got: 99%
	Elapsed (wall clock) time (h:mm:ss or m:ss): 0:44.72
	Average shared text size (kbytes): 0
	Average unshared data size (kbytes): 0
	Average stack size (kbytes): 0
	Average total size (kbytes): 0
	Maximum resident set size (kbytes): 57312
	Average resident set size (kbytes): 0
	Major (requiring I/O) page faults: 0
	Minor (reclaiming a frame) page faults: 11744
	Voluntary context switches: 5
	Involuntary context switches: 16439
	Swaps: 0
	File system inputs: 0
	File system outputs: 0
	Socket messages sent: 0
	Socket messages received: 0
	Signals delivered: 0
	Page size (bytes): 4096
	Exit status: 0
