Time elapsed: 21.1382 s
AVX256:
Sum 24.7662
Difference Sum - Formula 2.05098e-11
Performed 8e+09 HarmonicSeriesAVX256 operations. Avg: 6.34141 CPU cycles/call
Time elapsed: 21.1382 s

 Performance counter stats for '/home/AVX512/results/Intel_Platinum_8351N_CPU_2.40GHz_harmonic_series/../../bin/harmonic_series 1 4e9':

         21,110.41 msec task-clock                       #    0.999 CPUs utilized          
             7,705      context-switches                 #  364.986 /sec                   
                 2      cpu-migrations                   #    0.095 /sec                   
                71      page-faults                      #    3.363 /sec                   
    64,156,227,937      cycles                           #    3.039 GHz                    
    48,158,292,006      instructions                     #    0.75  insn per cycle         
     8,033,160,923      branches                         #  380.531 M/sec                  
           136,467      branch-misses                    #    0.00% of all branches        
   320,772,069,070      slots                            #   15.195 G/sec                  
    38,995,820,161      topdown-retiring                 #     12.1% Retiring              
    11,321,367,143      topdown-bad-spec                 #      3.5% Bad Speculation       
         1,810,092      topdown-fe-bound                 #      0.0% Frontend Bound        
   272,168,134,351      topdown-be-bound                 #     84.4% Backend Bound         

      21.141276668 seconds time elapsed

      21.088835000 seconds user
       0.002959000 seconds sys


	Command being timed: "perf stat /home/AVX512/results/Intel_Platinum_8351N_CPU_2.40GHz_harmonic_series/../../bin/harmonic_series 1 4e9"
	User time (seconds): 21.50
	System time (seconds): 0.04
	Percent of CPU this job got: 99%
	Elapsed (wall clock) time (h:mm:ss or m:ss): 0:21.60
	Average shared text size (kbytes): 0
	Average unshared data size (kbytes): 0
	Average stack size (kbytes): 0
	Average total size (kbytes): 0
	Maximum resident set size (kbytes): 57284
	Average resident set size (kbytes): 0
	Major (requiring I/O) page faults: 2
	Minor (reclaiming a frame) page faults: 11739
	Voluntary context switches: 6
	Involuntary context switches: 7890
	Swaps: 0
	File system inputs: 0
	File system outputs: 0
	Socket messages sent: 0
	Socket messages received: 0
	Signals delivered: 0
	Page size (bytes): 4096
	Exit status: 0
