Time elapsed: 21.1267 s
AVX256:
Sum 24.7662
Difference Sum - Formula 2.05098e-11
Performed 8e+09 HarmonicSeriesAVX256 operations. Avg: 6.33796 CPU cycles/call
Time elapsed: 21.1267 s

 Performance counter stats for '/home/AVX512/results/Intel_Platinum_8351N_CPU_2.40GHz_harmonic_series/../../bin/harmonic_series 1 4e9':

         21,099.17 msec task-clock                       #    0.999 CPUs utilized          
             7,632      context-switches                 #  361.720 /sec                   
                 0      cpu-migrations                   #    0.000 /sec                   
                72      page-faults                      #    3.412 /sec                   
    64,154,376,713      cycles                           #    3.041 GHz                    
    48,157,228,846      instructions                     #    0.75  insn per cycle         
     8,032,941,460      branches                         #  380.723 M/sec                  
           141,757      branch-misses                    #    0.00% of all branches        
   320,770,366,215      slots                            #   15.203 G/sec                  
    38,995,613,147      topdown-retiring                 #     12.2% Retiring              
    10,063,384,038      topdown-bad-spec                 #      3.1% Bad Speculation       
         1,626,740      topdown-fe-bound                 #      0.0% Frontend Bound        
   271,737,779,046      topdown-be-bound                 #     84.7% Backend Bound         

      21.129405219 seconds time elapsed

      21.077749000 seconds user
       0.002976000 seconds sys


	Command being timed: "perf stat /home/AVX512/results/Intel_Platinum_8351N_CPU_2.40GHz_harmonic_series/../../bin/harmonic_series 1 4e9"
	User time (seconds): 21.61
	System time (seconds): 0.04
	Percent of CPU this job got: 99%
	Elapsed (wall clock) time (h:mm:ss or m:ss): 0:21.70
	Average shared text size (kbytes): 0
	Average unshared data size (kbytes): 0
	Average stack size (kbytes): 0
	Average total size (kbytes): 0
	Maximum resident set size (kbytes): 57304
	Average resident set size (kbytes): 0
	Major (requiring I/O) page faults: 0
	Minor (reclaiming a frame) page faults: 11745
	Voluntary context switches: 4
	Involuntary context switches: 7851
	Swaps: 0
	File system inputs: 0
	File system outputs: 0
	Socket messages sent: 0
	Socket messages received: 0
	Signals delivered: 0
	Page size (bytes): 4096
	Exit status: 0
