Time elapsed: 21.1109 s
AVX256:
Sum 24.7662
Difference Sum - Formula 2.05098e-11
Performed 8e+09 HarmonicSeriesAVX256 operations. Avg: 6.33323 CPU cycles/call
Time elapsed: 21.1109 s

 Performance counter stats for '/home/AVX512/results/Intel_Platinum_8351N_CPU_2.40GHz_harmonic_series/../../bin/harmonic_series 1 4e9':

         21,083.47 msec task-clock                       #    0.999 CPUs utilized          
             7,681      context-switches                 #  364.314 /sec                   
                 1      cpu-migrations                   #    0.047 /sec                   
                74      page-faults                      #    3.510 /sec                   
    64,156,863,537      cycles                           #    3.043 GHz                    
    48,158,138,702      instructions                     #    0.75  insn per cycle         
     8,033,135,695      branches                         #  381.016 M/sec                  
           137,545      branch-misses                    #    0.00% of all branches        
   320,782,762,255      slots                            #   15.215 G/sec                  
    38,997,120,117      topdown-retiring                 #     12.1% Retiring              
     8,805,801,316      topdown-bad-spec                 #      2.7% Bad Speculation       
         1,673,390      topdown-fe-bound                 #      0.0% Frontend Bound        
   274,232,852,770      topdown-be-bound                 #     85.2% Backend Bound         

      21.113912313 seconds time elapsed

      21.062272000 seconds user
       0.001991000 seconds sys


	Command being timed: "perf stat /home/AVX512/results/Intel_Platinum_8351N_CPU_2.40GHz_harmonic_series/../../bin/harmonic_series 1 4e9"
	User time (seconds): 21.58
	System time (seconds): 0.05
	Percent of CPU this job got: 99%
	Elapsed (wall clock) time (h:mm:ss or m:ss): 0:21.68
	Average shared text size (kbytes): 0
	Average unshared data size (kbytes): 0
	Average stack size (kbytes): 0
	Average total size (kbytes): 0
	Maximum resident set size (kbytes): 57312
	Average resident set size (kbytes): 0
	Major (requiring I/O) page faults: 0
	Minor (reclaiming a frame) page faults: 11748
	Voluntary context switches: 5
	Involuntary context switches: 7906
	Swaps: 0
	File system inputs: 0
	File system outputs: 0
	Socket messages sent: 0
	Socket messages received: 0
	Signals delivered: 0
	Page size (bytes): 4096
	Exit status: 0
