Time elapsed: 21.1559 s
AVX256:
Sum 24.7662
Difference Sum - Formula 2.05098e-11
Performed 8e+09 HarmonicSeriesAVX256 operations. Avg: 6.34673 CPU cycles/call
Time elapsed: 21.1559 s

 Performance counter stats for '/home/AVX512/results/Intel_Platinum_8351N_CPU_2.40GHz_harmonic_series/../../bin/harmonic_series 1 4e9':

         21,128.29 msec task-clock                       #    0.999 CPUs utilized          
             7,680      context-switches                 #  363.494 /sec                   
                 0      cpu-migrations                   #    0.000 /sec                   
                74      page-faults                      #    3.502 /sec                   
    64,157,320,549      cycles                           #    3.037 GHz                    
    48,158,135,373      instructions                     #    0.75  insn per cycle         
     8,033,126,245      branches                         #  380.207 M/sec                  
           143,082      branch-misses                    #    0.00% of all branches        
   320,772,577,365      slots                            #   15.182 G/sec                  
    38,995,881,954      topdown-retiring                 #     12.1% Retiring              
    11,321,385,083      topdown-bad-spec                 #      3.5% Bad Speculation       
         1,614,383      topdown-fe-bound                 #      0.0% Frontend Bound        
   271,731,386,864      topdown-be-bound                 #     84.4% Backend Bound         

      21.158905657 seconds time elapsed

      21.106226000 seconds user
       0.002979000 seconds sys


	Command being timed: "perf stat /home/AVX512/results/Intel_Platinum_8351N_CPU_2.40GHz_harmonic_series/../../bin/harmonic_series 1 4e9"
	User time (seconds): 21.63
	System time (seconds): 0.04
	Percent of CPU this job got: 99%
	Elapsed (wall clock) time (h:mm:ss or m:ss): 0:21.72
	Average shared text size (kbytes): 0
	Average unshared data size (kbytes): 0
	Average stack size (kbytes): 0
	Average total size (kbytes): 0
	Maximum resident set size (kbytes): 57260
	Average resident set size (kbytes): 0
	Major (requiring I/O) page faults: 0
	Minor (reclaiming a frame) page faults: 11746
	Voluntary context switches: 5
	Involuntary context switches: 7894
	Swaps: 0
	File system inputs: 0
	File system outputs: 0
	Socket messages sent: 0
	Socket messages received: 0
	Signals delivered: 0
	Page size (bytes): 4096
	Exit status: 0
