Plain sum:
Sum 24.7662
Difference Sum - Formula -4.80693e-10
Performed 3.2e+10 HarmonicSeriesPlain operations. Avg: 3.3047 CPU cycles/call
Time elapsed: 44.063 s

 Performance counter stats for '/home/AVX512/results/Intel_Platinum_8351N_CPU_2.40GHz_harmonic_series/../../bin/harmonic_series 2 4e9':

         44,000.92 msec task-clock                       #    0.999 CPUs utilized          
            16,048      context-switches                 #  364.720 /sec                   
               100      cpu-migrations                   #    2.273 /sec                   
                73      page-faults                      #    1.659 /sec                   
   134,906,376,722      cycles                           #    3.066 GHz                    
   192,329,288,279      instructions                     #    1.43  insn per cycle         
    32,068,949,314      branches                         #  728.825 M/sec                  
           284,411      branch-misses                    #    0.00% of all branches        
   674,259,839,925      slots                            #   15.324 G/sec                  
   158,649,374,100      topdown-retiring                 #     23.2% Retiring              
    26,441,562,350      topdown-bad-spec                 #      3.9% Bad Speculation       
         1,644,654      topdown-fe-bound                 #      0.0% Frontend Bound        
   497,354,858,232      topdown-be-bound                 #     72.9% Backend Bound         

      44.065950425 seconds time elapsed

      43.958079000 seconds user
       0.001984000 seconds sys


	Command being timed: "perf stat /home/AVX512/results/Intel_Platinum_8351N_CPU_2.40GHz_harmonic_series/../../bin/harmonic_series 2 4e9"
	User time (seconds): 44.49
	System time (seconds): 0.03
	Percent of CPU this job got: 99%
	Elapsed (wall clock) time (h:mm:ss or m:ss): 0:44.63
	Average shared text size (kbytes): 0
	Average unshared data size (kbytes): 0
	Average stack size (kbytes): 0
	Average total size (kbytes): 0
	Maximum resident set size (kbytes): 57440
	Average resident set size (kbytes): 0
	Major (requiring I/O) page faults: 2
	Minor (reclaiming a frame) page faults: 11748
	Voluntary context switches: 6
	Involuntary context switches: 16264
	Swaps: 0
	File system inputs: 0
	File system outputs: 0
	Socket messages sent: 0
	Socket messages received: 0
	Signals delivered: 0
	Page size (bytes): 4096
	Exit status: 0
