Time elapsed: 21.2999 s
AVX512:
Sum 24.7662
Difference Sum - Formula -1.40332e-12
Performed 4e+09 HarmonicSeriesAVX512 operations. Avg: 12.7799 CPU cycles/call
Time elapsed: 21.3 s

 Performance counter stats for '/home/AVX512/results/Intel_Platinum_8351N_CPU_2.40GHz_harmonic_series/../../bin/harmonic_series 0 4e9':

         21,270.24 msec task-clock                       #    0.998 CPUs utilized          
             7,743      context-switches                 #  364.030 /sec                   
                 0      cpu-migrations                   #    0.000 /sec                   
                74      page-faults                      #    3.479 /sec                   
    64,585,062,429      cycles                           #    3.036 GHz                    
    24,170,534,722      instructions                     #    0.37  insn per cycle         
     4,035,646,639      branches                         #  189.732 M/sec                  
           360,828      branch-misses                    #    0.01% of all branches        
   322,923,950,730      slots                            #   15.182 G/sec                  
    27,860,105,553      topdown-retiring                 #      8.6% Retiring              
    10,130,947,473      topdown-bad-spec                 #      3.1% Bad Speculation       
         1,675,217      topdown-fe-bound                 #      0.0% Frontend Bound        
   286,223,214,351      topdown-be-bound                 #     88.3% Backend Bound         

      21.303071801 seconds time elapsed

      21.246802000 seconds user
       0.003976000 seconds sys


	Command being timed: "perf stat /home/AVX512/results/Intel_Platinum_8351N_CPU_2.40GHz_harmonic_series/../../bin/harmonic_series 0 4e9"
	User time (seconds): 21.80
	System time (seconds): 0.03
	Percent of CPU this job got: 99%
	Elapsed (wall clock) time (h:mm:ss or m:ss): 0:21.89
	Average shared text size (kbytes): 0
	Average unshared data size (kbytes): 0
	Average stack size (kbytes): 0
	Average total size (kbytes): 0
	Maximum resident set size (kbytes): 57388
	Average resident set size (kbytes): 0
	Major (requiring I/O) page faults: 0
	Minor (reclaiming a frame) page faults: 11749
	Voluntary context switches: 5
	Involuntary context switches: 7972
	Swaps: 0
	File system inputs: 0
	File system outputs: 0
	Socket messages sent: 0
	Socket messages received: 0
	Signals delivered: 0
	Page size (bytes): 4096
	Exit status: 0
