Plain sum:
Sum 24.7662
Difference Sum - Formula -4.80693e-10
Performed 3.2e+10 HarmonicSeriesPlain operations. Avg: 3.32097 CPU cycles/call
Time elapsed: 44.2799 s

 Performance counter stats for '/home/AVX512/results/Intel_Platinum_8351N_CPU_2.40GHz_harmonic_series/../../bin/harmonic_series 2 4e9':

         44,221.10 msec task-clock                       #    0.999 CPUs utilized          
            16,092      context-switches                 #  363.899 /sec                   
                 8      cpu-migrations                   #    0.181 /sec                   
                75      page-faults                      #    1.696 /sec                   
   134,875,836,672      cycles                           #    3.050 GHz                    
   192,330,595,811      instructions                     #    1.43  insn per cycle         
    32,069,212,846      branches                         #  725.202 M/sec                  
           264,364      branch-misses                    #    0.00% of all branches        
   674,370,271,035      slots                            #   15.250 G/sec                  
   153,434,838,587      topdown-retiring                 #     22.7% Retiring              
    29,090,482,279      topdown-bad-spec                 #      4.3% Bad Speculation       
         1,750,823      topdown-fe-bound                 #      0.0% Frontend Bound        
   494,608,085,785      topdown-be-bound                 #     73.0% Backend Bound         

      44.282663917 seconds time elapsed

      44.180621000 seconds user
       0.001991000 seconds sys


	Command being timed: "perf stat /home/AVX512/results/Intel_Platinum_8351N_CPU_2.40GHz_harmonic_series/../../bin/harmonic_series 2 4e9"
	User time (seconds): 44.71
	System time (seconds): 0.04
	Percent of CPU this job got: 99%
	Elapsed (wall clock) time (h:mm:ss or m:ss): 0:44.86
	Average shared text size (kbytes): 0
	Average unshared data size (kbytes): 0
	Average stack size (kbytes): 0
	Average total size (kbytes): 0
	Maximum resident set size (kbytes): 57400
	Average resident set size (kbytes): 0
	Major (requiring I/O) page faults: 0
	Minor (reclaiming a frame) page faults: 11749
	Voluntary context switches: 5
	Involuntary context switches: 16316
	Swaps: 0
	File system inputs: 0
	File system outputs: 0
	Socket messages sent: 0
	Socket messages received: 0
	Signals delivered: 0
	Page size (bytes): 4096
	Exit status: 0
