Time elapsed: 21.0733 s
AVX256:
Sum 24.7662
Difference Sum - Formula 2.05098e-11
Performed 8e+09 HarmonicSeriesAVX256 operations. Avg: 6.32194 CPU cycles/call
Time elapsed: 21.0733 s

 Performance counter stats for '/home/AVX512/results/Intel_Platinum_8351N_CPU_2.40GHz_harmonic_series/../../bin/harmonic_series 1 4e9':

         21,045.59 msec task-clock                       #    0.999 CPUs utilized          
             7,685      context-switches                 #  365.160 /sec                   
                 1      cpu-migrations                   #    0.048 /sec                   
                73      page-faults                      #    3.469 /sec                   
    64,157,705,406      cycles                           #    3.049 GHz                    
    48,157,858,574      instructions                     #    0.75  insn per cycle         
     8,033,072,180      branches                         #  381.699 M/sec                  
           160,708      branch-misses                    #    0.00% of all branches        
   320,779,113,085      slots                            #   15.242 G/sec                  
    38,996,676,492      topdown-retiring                 #     12.1% Retiring              
    10,063,658,449      topdown-bad-spec                 #      3.1% Bad Speculation       
         1,733,517      topdown-fe-bound                 #      0.0% Frontend Bound        
   272,951,295,535      topdown-be-bound                 #     84.8% Backend Bound         

      21.076332290 seconds time elapsed

      21.023475000 seconds user
       0.002976000 seconds sys


	Command being timed: "perf stat /home/AVX512/results/Intel_Platinum_8351N_CPU_2.40GHz_harmonic_series/../../bin/harmonic_series 1 4e9"
	User time (seconds): 21.54
	System time (seconds): 0.05
	Percent of CPU this job got: 99%
	Elapsed (wall clock) time (h:mm:ss or m:ss): 0:21.65
	Average shared text size (kbytes): 0
	Average unshared data size (kbytes): 0
	Average stack size (kbytes): 0
	Average total size (kbytes): 0
	Maximum resident set size (kbytes): 57400
	Average resident set size (kbytes): 0
	Major (requiring I/O) page faults: 0
	Minor (reclaiming a frame) page faults: 11747
	Voluntary context switches: 5
	Involuntary context switches: 7903
	Swaps: 0
	File system inputs: 0
	File system outputs: 0
	Socket messages sent: 0
	Socket messages received: 0
	Signals delivered: 0
	Page size (bytes): 4096
	Exit status: 0
