Plain sum:
Sum 24.7662
Difference Sum - Formula -4.80693e-10
Performed 3.2e+10 HarmonicSeriesPlain operations. Avg: 3.27056 CPU cycles/call
Time elapsed: 43.6078 s

 Performance counter stats for '/home/AVX512/results/Intel_Platinum_8351N_CPU_2.40GHz_harmonic_series/../../bin/harmonic_series 2 4e9':

         43,550.97 msec task-clock                       #    0.999 CPUs utilized          
            15,894      context-switches                 #  364.952 /sec                   
                 0      cpu-migrations                   #    0.000 /sec                   
                73      page-faults                      #    1.676 /sec                   
   134,873,734,932      cycles                           #    3.097 GHz                    
   192,325,870,161      instructions                     #    1.43  insn per cycle         
    32,068,226,739      branches                         #  736.338 M/sec                  
           262,024      branch-misses                    #    0.00% of all branches        
   674,366,716,050      slots                            #   15.485 G/sec                  
   158,674,521,423      topdown-retiring                 #     23.4% Retiring              
    18,512,027,499      topdown-bad-spec                 #      2.7% Bad Speculation       
         1,562,412      topdown-fe-bound                 #      0.0% Frontend Bound        
   499,865,813,417      topdown-be-bound                 #     73.8% Backend Bound         

      43.610728865 seconds time elapsed

      43.510116000 seconds user
       0.002976000 seconds sys


	Command being timed: "perf stat /home/AVX512/results/Intel_Platinum_8351N_CPU_2.40GHz_harmonic_series/../../bin/harmonic_series 2 4e9"
	User time (seconds): 44.02
	System time (seconds): 0.04
	Percent of CPU this job got: 99%
	Elapsed (wall clock) time (h:mm:ss or m:ss): 0:44.17
	Average shared text size (kbytes): 0
	Average unshared data size (kbytes): 0
	Average stack size (kbytes): 0
	Average total size (kbytes): 0
	Maximum resident set size (kbytes): 57384
	Average resident set size (kbytes): 0
	Major (requiring I/O) page faults: 1
	Minor (reclaiming a frame) page faults: 11743
	Voluntary context switches: 6
	Involuntary context switches: 16116
	Swaps: 0
	File system inputs: 0
	File system outputs: 0
	Socket messages sent: 0
	Socket messages received: 0
	Signals delivered: 0
	Page size (bytes): 4096
	Exit status: 0
