Time elapsed: 23.4957 s
AVX256:
Sum 24.7662
Difference Sum - Formula 2.05098e-11
Performed 8e+09 HarmonicSeriesAVX256 operations. Avg: 7.63617 CPU cycles/call
Time elapsed: 23.4957 s

 Performance counter stats for '/home/AVX512/results/Intel_Gold_6126_CPU_2.60GHz_harmonic_series/../../bin/harmonic_series 1 4e9':

         23,434.78 msec task-clock                       #    0.997 CPUs utilized          
             8,829      context-switches                 #  376.748 /sec                   
               934      cpu-migrations                   #   39.855 /sec                   
                74      page-faults                      #    3.158 /sec                   
    64,321,730,574      cycles                           #    2.745 GHz                    
    48,180,694,648      instructions                     #    0.75  insn per cycle         
     8,037,589,372      branches                         #  342.977 M/sec                  
           791,565      branch-misses                    #    0.01% of all branches        

      23.497223720 seconds time elapsed

      23.400002000 seconds user
       0.000998000 seconds sys


	Command being timed: "perf stat /home/AVX512/results/Intel_Gold_6126_CPU_2.60GHz_harmonic_series/../../bin/harmonic_series 1 4e9"
	User time (seconds): 23.72
	System time (seconds): 0.04
	Percent of CPU this job got: 99%
	Elapsed (wall clock) time (h:mm:ss or m:ss): 0:23.87
	Average shared text size (kbytes): 0
	Average unshared data size (kbytes): 0
	Average stack size (kbytes): 0
	Average total size (kbytes): 0
	Maximum resident set size (kbytes): 31240
	Average resident set size (kbytes): 0
	Major (requiring I/O) page faults: 0
	Minor (reclaiming a frame) page faults: 4792
	Voluntary context switches: 5
	Involuntary context switches: 8980
	Swaps: 0
	File system inputs: 0
	File system outputs: 0
	Socket messages sent: 0
	Socket messages received: 0
	Signals delivered: 0
	Page size (bytes): 4096
	Exit status: 0
