Plain sum:
Sum 24.7662
Difference Sum - Formula -4.80693e-10
Performed 3.2e+10 HarmonicSeriesPlain operations. Avg: 5.13337 CPU cycles/call
Time elapsed: 63.1794 s

 Performance counter stats for '/home/AVX512/results/Intel_Gold_6126_CPU_2.60GHz_harmonic_series/../../bin/harmonic_series 2 4e9':

         63,057.16 msec task-clock                       #    0.998 CPUs utilized          
            24,112      context-switches                 #  382.383 /sec                   
                15      cpu-migrations                   #    0.238 /sec                   
                73      page-faults                      #    1.158 /sec                   
   207,778,158,469      cycles                           #    3.295 GHz                    
   192,488,011,621      instructions                     #    0.93  insn per cycle         
    32,101,344,988      branches                         #  509.083 M/sec                  
         1,900,529      branch-misses                    #    0.01% of all branches        

      63.180839150 seconds time elapsed

      62.977071000 seconds user
       0.000000000 seconds sys


	Command being timed: "perf stat /home/AVX512/results/Intel_Gold_6126_CPU_2.60GHz_harmonic_series/../../bin/harmonic_series 2 4e9"
	User time (seconds): 63.25
	System time (seconds): 0.04
	Percent of CPU this job got: 99%
	Elapsed (wall clock) time (h:mm:ss or m:ss): 1:03.51
	Average shared text size (kbytes): 0
	Average unshared data size (kbytes): 0
	Average stack size (kbytes): 0
	Average total size (kbytes): 0
	Maximum resident set size (kbytes): 31116
	Average resident set size (kbytes): 0
	Major (requiring I/O) page faults: 0
	Minor (reclaiming a frame) page faults: 4788
	Voluntary context switches: 6
	Involuntary context switches: 24240
	Swaps: 0
	File system inputs: 0
	File system outputs: 0
	Socket messages sent: 0
	Socket messages received: 0
	Signals delivered: 0
	Page size (bytes): 4096
	Exit status: 0
