Time elapsed: 33.08 s
AVX512:
Sum 24.7662
Difference Sum - Formula -1.40332e-12
Performed 4e+09 HarmonicSeriesAVX512 operations. Avg: 21.5022 CPU cycles/call
Time elapsed: 33.08 s

 Performance counter stats for '/home/AVX512/results/Intel_Gold_6126_CPU_2.60GHz_harmonic_series/../../bin/harmonic_series 0 4e9':

         33,008.32 msec task-clock                       #    0.998 CPUs utilized          
            12,413      context-switches                 #  376.057 /sec                   
               335      cpu-migrations                   #   10.149 /sec                   
                73      page-faults                      #    2.212 /sec                   
    94,160,795,971      cycles                           #    2.853 GHz                    
    24,253,326,365      instructions                     #    0.26  insn per cycle         
     4,052,653,254      branches                         #  122.777 M/sec                  
         1,001,956      branch-misses                    #    0.02% of all branches        

      33.081216304 seconds time elapsed

      32.961197000 seconds user
       0.000991000 seconds sys


	Command being timed: "perf stat /home/AVX512/results/Intel_Gold_6126_CPU_2.60GHz_harmonic_series/../../bin/harmonic_series 0 4e9"
	User time (seconds): 33.29
	System time (seconds): 0.04
	Percent of CPU this job got: 99%
	Elapsed (wall clock) time (h:mm:ss or m:ss): 0:33.45
	Average shared text size (kbytes): 0
	Average unshared data size (kbytes): 0
	Average stack size (kbytes): 0
	Average total size (kbytes): 0
	Maximum resident set size (kbytes): 30984
	Average resident set size (kbytes): 0
	Major (requiring I/O) page faults: 1
	Minor (reclaiming a frame) page faults: 4789
	Voluntary context switches: 6
	Involuntary context switches: 12557
	Swaps: 0
	File system inputs: 0
	File system outputs: 0
	Socket messages sent: 0
	Socket messages received: 0
	Signals delivered: 0
	Page size (bytes): 4096
	Exit status: 0
