Time elapsed: 24.82 s
AVX256:
Sum 24.7662
Difference Sum - Formula 2.05098e-11
Performed 8e+09 HarmonicSeriesAVX256 operations. Avg: 8.06657 CPU cycles/call
Time elapsed: 24.82 s

 Performance counter stats for '/home/AVX512/results/Intel_Gold_6126_CPU_2.60GHz_harmonic_series/../../bin/harmonic_series 1 4e9':

         24,755.91 msec task-clock                       #    0.997 CPUs utilized          
             9,675      context-switches                 #  390.816 /sec                   
             1,472      cpu-migrations                   #   59.461 /sec                   
                74      page-faults                      #    2.989 /sec                   
    67,921,472,768      cycles                           #    2.744 GHz                    
    48,192,647,315      instructions                     #    0.71  insn per cycle         
     8,040,170,825      branches                         #  324.778 M/sec                  
           809,982      branch-misses                    #    0.01% of all branches        

      24.821689426 seconds time elapsed

      24.725135000 seconds user
       0.001985000 seconds sys


	Command being timed: "perf stat /home/AVX512/results/Intel_Gold_6126_CPU_2.60GHz_harmonic_series/../../bin/harmonic_series 1 4e9"
	User time (seconds): 24.99
	System time (seconds): 0.06
	Percent of CPU this job got: 99%
	Elapsed (wall clock) time (h:mm:ss or m:ss): 0:25.17
	Average shared text size (kbytes): 0
	Average unshared data size (kbytes): 0
	Average stack size (kbytes): 0
	Average total size (kbytes): 0
	Maximum resident set size (kbytes): 31048
	Average resident set size (kbytes): 0
	Major (requiring I/O) page faults: 0
	Minor (reclaiming a frame) page faults: 4791
	Voluntary context switches: 5
	Involuntary context switches: 9803
	Swaps: 0
	File system inputs: 0
	File system outputs: 0
	Socket messages sent: 0
	Socket messages received: 0
	Signals delivered: 0
	Page size (bytes): 4096
	Exit status: 0
