Plain sum:
Sum 24.7662
Difference Sum - Formula -4.80693e-10
Performed 3.2e+10 HarmonicSeriesPlain operations. Avg: 5.06492 CPU cycles/call
Time elapsed: 62.3371 s

 Performance counter stats for '/home/AVX512/results/Intel_Gold_6126_CPU_2.60GHz_harmonic_series/../../bin/harmonic_series 2 4e9':

         62,214.55 msec task-clock                       #    0.998 CPUs utilized          
            23,907      context-switches                 #  384.267 /sec                   
               114      cpu-migrations                   #    1.832 /sec                   
                74      page-faults                      #    1.189 /sec                   
   205,091,130,580      cycles                           #    3.297 GHz                    
   192,480,560,130      instructions                     #    0.94  insn per cycle         
    32,099,927,968      branches                         #  515.955 M/sec                  
         1,838,295      branch-misses                    #    0.01% of all branches        

      62.338303786 seconds time elapsed

      62.134564000 seconds user
       0.000998000 seconds sys


	Command being timed: "perf stat /home/AVX512/results/Intel_Gold_6126_CPU_2.60GHz_harmonic_series/../../bin/harmonic_series 2 4e9"
	User time (seconds): 62.45
	System time (seconds): 0.05
	Percent of CPU this job got: 99%
	Elapsed (wall clock) time (h:mm:ss or m:ss): 1:02.71
	Average shared text size (kbytes): 0
	Average unshared data size (kbytes): 0
	Average stack size (kbytes): 0
	Average total size (kbytes): 0
	Maximum resident set size (kbytes): 31232
	Average resident set size (kbytes): 0
	Major (requiring I/O) page faults: 0
	Minor (reclaiming a frame) page faults: 4793
	Voluntary context switches: 5
	Involuntary context switches: 24057
	Swaps: 0
	File system inputs: 0
	File system outputs: 0
	Socket messages sent: 0
	Socket messages received: 0
	Signals delivered: 0
	Page size (bytes): 4096
	Exit status: 0
