Plain sum:
Sum 24.7662
Difference Sum - Formula -4.80693e-10
Performed 3.2e+10 HarmonicSeriesPlain operations. Avg: 4.88127 CPU cycles/call
Time elapsed: 60.0767 s

 Performance counter stats for '/home/AVX512/results/Intel_Gold_6126_CPU_2.60GHz_harmonic_series/../../bin/harmonic_series 2 4e9':

         59,958.56 msec task-clock                       #    0.998 CPUs utilized          
            23,193      context-switches                 #  386.817 /sec                   
               466      cpu-migrations                   #    7.772 /sec                   
                76      page-faults                      #    1.268 /sec                   
   197,008,705,417      cycles                           #    3.286 GHz                    
   192,465,264,775      instructions                     #    0.98  insn per cycle         
    32,096,733,088      branches                         #  535.315 M/sec                  
         1,802,475      branch-misses                    #    0.01% of all branches        

      60.078162784 seconds time elapsed

      59.884692000 seconds user
       0.000993000 seconds sys


	Command being timed: "perf stat /home/AVX512/results/Intel_Gold_6126_CPU_2.60GHz_harmonic_series/../../bin/harmonic_series 2 4e9"
	User time (seconds): 60.17
	System time (seconds): 0.04
	Percent of CPU this job got: 99%
	Elapsed (wall clock) time (h:mm:ss or m:ss): 1:00.41
	Average shared text size (kbytes): 0
	Average unshared data size (kbytes): 0
	Average stack size (kbytes): 0
	Average total size (kbytes): 0
	Maximum resident set size (kbytes): 30936
	Average resident set size (kbytes): 0
	Major (requiring I/O) page faults: 2
	Minor (reclaiming a frame) page faults: 4793
	Voluntary context switches: 8
	Involuntary context switches: 23321
	Swaps: 0
	File system inputs: 0
	File system outputs: 0
	Socket messages sent: 0
	Socket messages received: 0
	Signals delivered: 0
	Page size (bytes): 4096
	Exit status: 0
