Time elapsed: 30.5603 s
AVX512:
Sum 24.7662
Difference Sum - Formula -1.40332e-12
Performed 4e+09 HarmonicSeriesAVX512 operations. Avg: 19.8644 CPU cycles/call
Time elapsed: 30.5603 s

 Performance counter stats for '/home/AVX512/results/Intel_Gold_6126_CPU_2.60GHz_harmonic_series/../../bin/harmonic_series 0 4e9':

         30,493.59 msec task-clock                       #    0.998 CPUs utilized          
            11,630      context-switches                 #  381.392 /sec                   
               490      cpu-migrations                   #   16.069 /sec                   
                74      page-faults                      #    2.427 /sec                   
    88,116,197,116      cycles                           #    2.890 GHz                    
    24,234,275,573      instructions                     #    0.28  insn per cycle         
     4,048,813,498      branches                         #  132.776 M/sec                  
           934,205      branch-misses                    #    0.02% of all branches        

      30.561346335 seconds time elapsed

      30.452938000 seconds user
       0.000000000 seconds sys


	Command being timed: "perf stat /home/AVX512/results/Intel_Gold_6126_CPU_2.60GHz_harmonic_series/../../bin/harmonic_series 0 4e9"
	User time (seconds): 30.73
	System time (seconds): 0.04
	Percent of CPU this job got: 99%
	Elapsed (wall clock) time (h:mm:ss or m:ss): 0:30.89
	Average shared text size (kbytes): 0
	Average unshared data size (kbytes): 0
	Average stack size (kbytes): 0
	Average total size (kbytes): 0
	Maximum resident set size (kbytes): 31024
	Average resident set size (kbytes): 0
	Major (requiring I/O) page faults: 0
	Minor (reclaiming a frame) page faults: 4793
	Voluntary context switches: 5
	Involuntary context switches: 11768
	Swaps: 0
	File system inputs: 0
	File system outputs: 0
	Socket messages sent: 0
	Socket messages received: 0
	Signals delivered: 0
	Page size (bytes): 4096
	Exit status: 0
