Time elapsed: 21.918 s
AVX256:
Sum 24.7662
Difference Sum - Formula 2.05098e-11
Performed 8e+09 HarmonicSeriesAVX256 operations. Avg: 7.12343 CPU cycles/call
Time elapsed: 21.9181 s

 Performance counter stats for '/home/AVX512/results/Intel_Gold_6126_CPU_2.60GHz_harmonic_series/../../bin/harmonic_series 1 4e9':

         21,877.91 msec task-clock                       #    0.998 CPUs utilized          
             8,668      context-switches                 #  396.199 /sec                   
               220      cpu-migrations                   #   10.056 /sec                   
                73      page-faults                      #    3.337 /sec                   
    71,435,453,322      cycles                           #    3.265 GHz                    
    48,172,332,186      instructions                     #    0.67  insn per cycle         
     8,035,949,121      branches                         #  367.309 M/sec                  
           690,983      branch-misses                    #    0.01% of all branches        

      21.919384495 seconds time elapsed

      21.852408000 seconds user
       0.000995000 seconds sys


	Command being timed: "perf stat /home/AVX512/results/Intel_Gold_6126_CPU_2.60GHz_harmonic_series/../../bin/harmonic_series 1 4e9"
	User time (seconds): 22.18
	System time (seconds): 0.04
	Percent of CPU this job got: 99%
	Elapsed (wall clock) time (h:mm:ss or m:ss): 0:22.29
	Average shared text size (kbytes): 0
	Average unshared data size (kbytes): 0
	Average stack size (kbytes): 0
	Average total size (kbytes): 0
	Maximum resident set size (kbytes): 31136
	Average resident set size (kbytes): 0
	Major (requiring I/O) page faults: 1
	Minor (reclaiming a frame) page faults: 4789
	Voluntary context switches: 5
	Involuntary context switches: 8806
	Swaps: 0
	File system inputs: 0
	File system outputs: 0
	Socket messages sent: 0
	Socket messages received: 0
	Signals delivered: 0
	Page size (bytes): 4096
	Exit status: 0
