Time elapsed: 32.2536 s
AVX512:
Sum 24.7662
Difference Sum - Formula -1.40332e-12
Performed 4e+09 HarmonicSeriesAVX512 operations. Avg: 20.965 CPU cycles/call
Time elapsed: 32.2536 s

 Performance counter stats for '/home/AVX512/results/Intel_Gold_6126_CPU_2.60GHz_harmonic_series/../../bin/harmonic_series 0 4e9':

         32,186.92 msec task-clock                       #    0.998 CPUs utilized          
            12,016      context-switches                 #  373.319 /sec                   
                22      cpu-migrations                   #    0.684 /sec                   
                74      page-faults                      #    2.299 /sec                   
    93,296,230,514      cycles                           #    2.899 GHz                    
    24,244,907,774      instructions                     #    0.26  insn per cycle         
     4,050,979,418      branches                         #  125.858 M/sec                  
           939,754      branch-misses                    #    0.02% of all branches        

      32.254911676 seconds time elapsed

      32.141095000 seconds user
       0.000997000 seconds sys


	Command being timed: "perf stat /home/AVX512/results/Intel_Gold_6126_CPU_2.60GHz_harmonic_series/../../bin/harmonic_series 0 4e9"
	User time (seconds): 32.45
	System time (seconds): 0.04
	Percent of CPU this job got: 99%
	Elapsed (wall clock) time (h:mm:ss or m:ss): 0:32.62
	Average shared text size (kbytes): 0
	Average unshared data size (kbytes): 0
	Average stack size (kbytes): 0
	Average total size (kbytes): 0
	Maximum resident set size (kbytes): 31096
	Average resident set size (kbytes): 0
	Major (requiring I/O) page faults: 0
	Minor (reclaiming a frame) page faults: 4792
	Voluntary context switches: 5
	Involuntary context switches: 12159
	Swaps: 0
	File system inputs: 0
	File system outputs: 0
	Socket messages sent: 0
	Socket messages received: 0
	Signals delivered: 0
	Page size (bytes): 4096
	Exit status: 0
