Time elapsed: 29.8879 s
AVX512:
Sum 24.7662
Difference Sum - Formula -1.40332e-12
Performed 4e+09 HarmonicSeriesAVX512 operations. Avg: 19.4273 CPU cycles/call
Time elapsed: 29.888 s

 Performance counter stats for '/home/AVX512/results/Intel_Gold_6126_CPU_2.60GHz_harmonic_series/../../bin/harmonic_series 0 4e9':

         29,825.70 msec task-clock                       #    0.998 CPUs utilized          
            11,310      context-switches                 #  379.203 /sec                   
               375      cpu-migrations                   #   12.573 /sec                   
                73      page-faults                      #    2.448 /sec                   
    86,031,865,166      cycles                           #    2.884 GHz                    
    24,228,457,011      instructions                     #    0.28  insn per cycle         
     4,047,590,468      branches                         #  135.708 M/sec                  
           907,074      branch-misses                    #    0.02% of all branches        

      29.889458186 seconds time elapsed

      29.785419000 seconds user
       0.000985000 seconds sys


	Command being timed: "perf stat /home/AVX512/results/Intel_Gold_6126_CPU_2.60GHz_harmonic_series/../../bin/harmonic_series 0 4e9"
	User time (seconds): 30.08
	System time (seconds): 0.03
	Percent of CPU this job got: 99%
	Elapsed (wall clock) time (h:mm:ss or m:ss): 0:30.23
	Average shared text size (kbytes): 0
	Average unshared data size (kbytes): 0
	Average stack size (kbytes): 0
	Average total size (kbytes): 0
	Maximum resident set size (kbytes): 31092
	Average resident set size (kbytes): 0
	Major (requiring I/O) page faults: 0
	Minor (reclaiming a frame) page faults: 4791
	Voluntary context switches: 5
	Involuntary context switches: 11449
	Swaps: 0
	File system inputs: 0
	File system outputs: 0
	Socket messages sent: 0
	Socket messages received: 0
	Signals delivered: 0
	Page size (bytes): 4096
	Exit status: 0
