Time elapsed: 28.8041 s
AVX512:
Sum 24.7662
Difference Sum - Formula -1.40332e-12
Performed 4e+09 HarmonicSeriesAVX512 operations. Avg: 18.7228 CPU cycles/call
Time elapsed: 28.8041 s

 Performance counter stats for '/home/AVX512/results/Intel_Gold_6126_CPU_2.60GHz_harmonic_series/../../bin/harmonic_series 0 4e9':

         28,745.69 msec task-clock                       #    0.998 CPUs utilized          
            10,805      context-switches                 #  375.882 /sec                   
               153      cpu-migrations                   #    5.323 /sec                   
                73      page-faults                      #    2.540 /sec                   
    83,264,829,429      cycles                           #    2.897 GHz                    
    24,221,439,914      instructions                     #    0.29  insn per cycle         
     4,045,991,876      branches                         #  140.751 M/sec                  
           873,748      branch-misses                    #    0.02% of all branches        

      28.805352205 seconds time elapsed

      28.706019000 seconds user
       0.000996000 seconds sys


	Command being timed: "perf stat /home/AVX512/results/Intel_Gold_6126_CPU_2.60GHz_harmonic_series/../../bin/harmonic_series 0 4e9"
	User time (seconds): 29.02
	System time (seconds): 0.04
	Percent of CPU this job got: 99%
	Elapsed (wall clock) time (h:mm:ss or m:ss): 0:29.17
	Average shared text size (kbytes): 0
	Average unshared data size (kbytes): 0
	Average stack size (kbytes): 0
	Average total size (kbytes): 0
	Maximum resident set size (kbytes): 31044
	Average resident set size (kbytes): 0
	Major (requiring I/O) page faults: 1
	Minor (reclaiming a frame) page faults: 4789
	Voluntary context switches: 5
	Involuntary context switches: 10952
	Swaps: 0
	File system inputs: 0
	File system outputs: 0
	Socket messages sent: 0
	Socket messages received: 0
	Signals delivered: 0
	Page size (bytes): 4096
	Exit status: 0
