Plain sum:
Sum 24.7662
Difference Sum - Formula -4.80693e-10
Performed 3.2e+10 HarmonicSeriesPlain operations. Avg: 4.41524 CPU cycles/call
Time elapsed: 54.341 s

 Performance counter stats for '/home/AVX512/results/Intel_Gold_6126_CPU_2.60GHz_harmonic_series/../../bin/harmonic_series 2 4e9':

         54,238.11 msec task-clock                       #    0.998 CPUs utilized          
            20,965      context-switches                 #  386.536 /sec                   
               154      cpu-migrations                   #    2.839 /sec                   
                71      page-faults                      #    1.309 /sec                   
   178,481,965,102      cycles                           #    3.291 GHz                    
   192,421,858,307      instructions                     #    1.08  insn per cycle         
    32,087,679,312      branches                         #  591.608 M/sec                  
         1,631,253      branch-misses                    #    0.01% of all branches        

      54.342164140 seconds time elapsed

      54.170836000 seconds user
       0.000985000 seconds sys


	Command being timed: "perf stat /home/AVX512/results/Intel_Gold_6126_CPU_2.60GHz_harmonic_series/../../bin/harmonic_series 2 4e9"
	User time (seconds): 54.44
	System time (seconds): 0.05
	Percent of CPU this job got: 99%
	Elapsed (wall clock) time (h:mm:ss or m:ss): 0:54.67
	Average shared text size (kbytes): 0
	Average unshared data size (kbytes): 0
	Average stack size (kbytes): 0
	Average total size (kbytes): 0
	Maximum resident set size (kbytes): 31060
	Average resident set size (kbytes): 0
	Major (requiring I/O) page faults: 1
	Minor (reclaiming a frame) page faults: 4789
	Voluntary context switches: 7
	Involuntary context switches: 21099
	Swaps: 0
	File system inputs: 0
	File system outputs: 0
	Socket messages sent: 0
	Socket messages received: 0
	Signals delivered: 0
	Page size (bytes): 4096
	Exit status: 0
