Time elapsed: 27.8796 s
AVX256:
Sum 24.7662
Difference Sum - Formula 2.05098e-11
Performed 8e+09 HarmonicSeriesAVX256 operations. Avg: 9.06095 CPU cycles/call
Time elapsed: 27.8796 s

 Performance counter stats for '/home/AVX512/results/Intel_Gold_6126_CPU_2.60GHz_harmonic_series/../../bin/harmonic_series 1 4e9':

         27,824.67 msec task-clock                       #    0.998 CPUs utilized          
            10,808      context-switches                 #  388.432 /sec                   
               230      cpu-migrations                   #    8.266 /sec                   
                73      page-faults                      #    2.624 /sec                   
    89,918,255,181      cycles                           #    3.232 GHz                    
    48,216,592,752      instructions                     #    0.54  insn per cycle         
     8,045,070,316      branches                         #  289.134 M/sec                  
           811,794      branch-misses                    #    0.01% of all branches        

      27.880793711 seconds time elapsed

      27.791143000 seconds user
       0.000996000 seconds sys


	Command being timed: "perf stat /home/AVX512/results/Intel_Gold_6126_CPU_2.60GHz_harmonic_series/../../bin/harmonic_series 1 4e9"
	User time (seconds): 28.13
	System time (seconds): 0.03
	Percent of CPU this job got: 99%
	Elapsed (wall clock) time (h:mm:ss or m:ss): 0:28.26
	Average shared text size (kbytes): 0
	Average unshared data size (kbytes): 0
	Average stack size (kbytes): 0
	Average total size (kbytes): 0
	Maximum resident set size (kbytes): 31024
	Average resident set size (kbytes): 0
	Major (requiring I/O) page faults: 0
	Minor (reclaiming a frame) page faults: 4792
	Voluntary context switches: 5
	Involuntary context switches: 10954
	Swaps: 0
	File system inputs: 0
	File system outputs: 0
	Socket messages sent: 0
	Socket messages received: 0
	Signals delivered: 0
	Page size (bytes): 4096
	Exit status: 0
