Time elapsed: 19.6104 s
AVX256:
Sum 24.7662
Difference Sum - Formula 2.05098e-11
Performed 8e+09 HarmonicSeriesAVX256 operations. Avg: 6.37346 CPU cycles/call
Time elapsed: 19.6105 s

 Performance counter stats for '/home/AVX512/results/Intel_Gold_6126_CPU_2.60GHz_harmonic_series/../../bin/harmonic_series 1 4e9':

         19,577.32 msec task-clock                       #    0.998 CPUs utilized          
             7,823      context-switches                 #  399.595 /sec                   
                17      cpu-migrations                   #    0.868 /sec                   
                73      page-faults                      #    3.729 /sec                   
    64,237,673,313      cycles                           #    3.281 GHz                    
    48,154,953,787      instructions                     #    0.75  insn per cycle         
     8,032,342,336      branches                         #  410.288 M/sec                  
           632,597      branch-misses                    #    0.01% of all branches        

      19.611976450 seconds time elapsed

      19.555148000 seconds user
       0.000987000 seconds sys


	Command being timed: "perf stat /home/AVX512/results/Intel_Gold_6126_CPU_2.60GHz_harmonic_series/../../bin/harmonic_series 1 4e9"
	User time (seconds): 19.85
	System time (seconds): 0.04
	Percent of CPU this job got: 99%
	Elapsed (wall clock) time (h:mm:ss or m:ss): 0:19.95
	Average shared text size (kbytes): 0
	Average unshared data size (kbytes): 0
	Average stack size (kbytes): 0
	Average total size (kbytes): 0
	Maximum resident set size (kbytes): 31064
	Average resident set size (kbytes): 0
	Major (requiring I/O) page faults: 0
	Minor (reclaiming a frame) page faults: 4787
	Voluntary context switches: 5
	Involuntary context switches: 7958
	Swaps: 0
	File system inputs: 0
	File system outputs: 0
	Socket messages sent: 0
	Socket messages received: 0
	Signals delivered: 0
	Page size (bytes): 4096
	Exit status: 0
