Plain sum:
Sum 24.7662
Difference Sum - Formula -4.80693e-10
Performed 3.2e+10 HarmonicSeriesPlain operations. Avg: 4.14479 CPU cycles/call
Time elapsed: 51.0124 s

 Performance counter stats for '/home/AVX512/results/Intel_Gold_6126_CPU_2.60GHz_harmonic_series/../../bin/harmonic_series 2 4e9':

         50,920.15 msec task-clock                       #    0.998 CPUs utilized          
            19,763      context-switches                 #  388.117 /sec                   
                74      cpu-migrations                   #    1.453 /sec                   
                74      page-faults                      #    1.453 /sec                   
   167,759,778,383      cycles                           #    3.295 GHz                    
   192,395,370,242      instructions                     #    1.15  insn per cycle         
    32,082,327,190      branches                         #  630.052 M/sec                  
         1,539,347      branch-misses                    #    0.00% of all branches        

      51.013622192 seconds time elapsed

      50.856777000 seconds user
       0.000997000 seconds sys


	Command being timed: "perf stat /home/AVX512/results/Intel_Gold_6126_CPU_2.60GHz_harmonic_series/../../bin/harmonic_series 2 4e9"
	User time (seconds): 51.13
	System time (seconds): 0.05
	Percent of CPU this job got: 99%
	Elapsed (wall clock) time (h:mm:ss or m:ss): 0:51.34
	Average shared text size (kbytes): 0
	Average unshared data size (kbytes): 0
	Average stack size (kbytes): 0
	Average total size (kbytes): 0
	Maximum resident set size (kbytes): 31152
	Average resident set size (kbytes): 0
	Major (requiring I/O) page faults: 0
	Minor (reclaiming a frame) page faults: 4795
	Voluntary context switches: 5
	Involuntary context switches: 19894
	Swaps: 0
	File system inputs: 0
	File system outputs: 0
	Socket messages sent: 0
	Socket messages received: 0
	Signals delivered: 0
	Page size (bytes): 4096
	Exit status: 0
