Plain sum:
Sum 24.7662
Difference Sum - Formula -4.80693e-10
Performed 3.2e+10 HarmonicSeriesPlain operations. Avg: 4.00661 CPU cycles/call
Time elapsed: 49.3117 s

 Performance counter stats for '/home/AVX512/results/Intel_Gold_6126_CPU_2.60GHz_harmonic_series/../../bin/harmonic_series 2 4e9':

         49,223.70 msec task-clock                       #    0.998 CPUs utilized          
            18,932      context-switches                 #  384.612 /sec                   
                52      cpu-migrations                   #    1.056 /sec                   
                74      page-faults                      #    1.503 /sec                   
   162,020,928,842      cycles                           #    3.292 GHz                    
   192,387,455,066      instructions                     #    1.19  insn per cycle         
    32,080,158,683      branches                         #  651.722 M/sec                  
         1,532,721      branch-misses                    #    0.00% of all branches        

      49.313085430 seconds time elapsed

      49.162232000 seconds user
       0.000990000 seconds sys


	Command being timed: "perf stat /home/AVX512/results/Intel_Gold_6126_CPU_2.60GHz_harmonic_series/../../bin/harmonic_series 2 4e9"
	User time (seconds): 49.50
	System time (seconds): 0.03
	Percent of CPU this job got: 99%
	Elapsed (wall clock) time (h:mm:ss or m:ss): 0:49.69
	Average shared text size (kbytes): 0
	Average unshared data size (kbytes): 0
	Average stack size (kbytes): 0
	Average total size (kbytes): 0
	Maximum resident set size (kbytes): 31100
	Average resident set size (kbytes): 0
	Major (requiring I/O) page faults: 0
	Minor (reclaiming a frame) page faults: 4792
	Voluntary context switches: 5
	Involuntary context switches: 19078
	Swaps: 0
	File system inputs: 0
	File system outputs: 0
	Socket messages sent: 0
	Socket messages received: 0
	Signals delivered: 0
	Page size (bytes): 4096
	Exit status: 0
