Time elapsed: 31.3073 s
AVX512:
Sum 24.7662
Difference Sum - Formula -1.40332e-12
Performed 4e+09 HarmonicSeriesAVX512 operations. Avg: 20.3499 CPU cycles/call
Time elapsed: 31.3074 s

 Performance counter stats for '/home/AVX512/results/Intel_Gold_6126_CPU_2.60GHz_harmonic_series/../../bin/harmonic_series 0 4e9':

         31,237.92 msec task-clock                       #    0.998 CPUs utilized          
            11,862      context-switches                 #  379.731 /sec                   
               602      cpu-migrations                   #   19.271 /sec                   
                84      page-faults                      #    2.689 /sec                   
    89,211,490,297      cycles                           #    2.856 GHz                    
    24,239,516,379      instructions                     #    0.27  insn per cycle         
     4,049,886,273      branches                         #  129.646 M/sec                  
           946,068      branch-misses                    #    0.02% of all branches        

      31.308818839 seconds time elapsed

      31.195193000 seconds user
       0.000996000 seconds sys


	Command being timed: "perf stat /home/AVX512/results/Intel_Gold_6126_CPU_2.60GHz_harmonic_series/../../bin/harmonic_series 0 4e9"
	User time (seconds): 31.48
	System time (seconds): 0.05
	Percent of CPU this job got: 99%
	Elapsed (wall clock) time (h:mm:ss or m:ss): 0:31.65
	Average shared text size (kbytes): 0
	Average unshared data size (kbytes): 0
	Average stack size (kbytes): 0
	Average total size (kbytes): 0
	Maximum resident set size (kbytes): 30988
	Average resident set size (kbytes): 0
	Major (requiring I/O) page faults: 1
	Minor (reclaiming a frame) page faults: 4800
	Voluntary context switches: 7
	Involuntary context switches: 12004
	Swaps: 0
	File system inputs: 0
	File system outputs: 0
	Socket messages sent: 0
	Socket messages received: 0
	Signals delivered: 0
	Page size (bytes): 4096
	Exit status: 0
