Plain sum:
Sum 24.7662
Difference Sum - Formula -4.80693e-10
Performed 3.2e+10 HarmonicSeriesPlain operations. Avg: 3.79298 CPU cycles/call
Time elapsed: 46.6824 s

 Performance counter stats for '/home/AVX512/results/Intel_Gold_6126_CPU_2.60GHz_harmonic_series/../../bin/harmonic_series 2 4e9':

         46,571.30 msec task-clock                       #    0.998 CPUs utilized          
            18,450      context-switches                 #  396.167 /sec                   
             2,437      cpu-migrations                   #   52.328 /sec                   
                74      page-faults                      #    1.589 /sec                   
   137,537,380,470      cycles                           #    2.953 GHz                    
   192,365,846,293      instructions                     #    1.40  insn per cycle         
    32,076,290,086      branches                         #  688.757 M/sec                  
         1,543,912      branch-misses                    #    0.00% of all branches        

      46.684080668 seconds time elapsed

      46.516249000 seconds user
       0.000993000 seconds sys


	Command being timed: "perf stat /home/AVX512/results/Intel_Gold_6126_CPU_2.60GHz_harmonic_series/../../bin/harmonic_series 2 4e9"
	User time (seconds): 46.85
	System time (seconds): 0.04
	Percent of CPU this job got: 99%
	Elapsed (wall clock) time (h:mm:ss or m:ss): 0:47.07
	Average shared text size (kbytes): 0
	Average unshared data size (kbytes): 0
	Average stack size (kbytes): 0
	Average total size (kbytes): 0
	Maximum resident set size (kbytes): 30992
	Average resident set size (kbytes): 0
	Major (requiring I/O) page faults: 0
	Minor (reclaiming a frame) page faults: 4790
	Voluntary context switches: 6
	Involuntary context switches: 18605
	Swaps: 0
	File system inputs: 0
	File system outputs: 0
	Socket messages sent: 0
	Socket messages received: 0
	Signals delivered: 0
	Page size (bytes): 4096
	Exit status: 0
