Time elapsed: 20.3625 s
AVX256:
Sum 24.7662
Difference Sum - Formula 2.05098e-11
Performed 8e+09 HarmonicSeriesAVX256 operations. Avg: 6.61788 CPU cycles/call
Time elapsed: 20.3626 s

 Performance counter stats for '/home/AVX512/results/Intel_Gold_6126_CPU_2.60GHz_harmonic_series/../../bin/harmonic_series 1 4e9':

         20,327.54 msec task-clock                       #    0.998 CPUs utilized          
             8,164      context-switches                 #  401.623 /sec                   
                57      cpu-migrations                   #    2.804 /sec                   
                74      page-faults                      #    3.640 /sec                   
    66,947,037,049      cycles                           #    3.293 GHz                    
    48,162,181,138      instructions                     #    0.72  insn per cycle         
     8,033,807,545      branches                         #  395.218 M/sec                  
           661,170      branch-misses                    #    0.01% of all branches        

      20.363889339 seconds time elapsed

      20.302960000 seconds user
       0.001990000 seconds sys


	Command being timed: "perf stat /home/AVX512/results/Intel_Gold_6126_CPU_2.60GHz_harmonic_series/../../bin/harmonic_series 1 4e9"
	User time (seconds): 20.62
	System time (seconds): 0.04
	Percent of CPU this job got: 99%
	Elapsed (wall clock) time (h:mm:ss or m:ss): 0:20.72
	Average shared text size (kbytes): 0
	Average unshared data size (kbytes): 0
	Average stack size (kbytes): 0
	Average total size (kbytes): 0
	Maximum resident set size (kbytes): 31032
	Average resident set size (kbytes): 0
	Major (requiring I/O) page faults: 0
	Minor (reclaiming a frame) page faults: 4789
	Voluntary context switches: 5
	Involuntary context switches: 8303
	Swaps: 0
	File system inputs: 0
	File system outputs: 0
	Socket messages sent: 0
	Socket messages received: 0
	Signals delivered: 0
	Page size (bytes): 4096
	Exit status: 0
