Time elapsed: 29.7403 s
AVX256:
Sum 24.7662
Difference Sum - Formula 2.05098e-11
Performed 8e+09 HarmonicSeriesAVX256 operations. Avg: 9.66571 CPU cycles/call
Time elapsed: 29.7404 s

 Performance counter stats for '/home/AVX512/results/Intel_Gold_6126_CPU_2.60GHz_harmonic_series/../../bin/harmonic_series 1 4e9':

         29,686.02 msec task-clock                       #    0.998 CPUs utilized          
            11,523      context-switches                 #  388.163 /sec                   
                 6      cpu-migrations                   #    0.202 /sec                   
                73      page-faults                      #    2.459 /sec                   
    97,879,166,608      cycles                           #    3.297 GHz                    
    48,234,918,494      instructions                     #    0.49  insn per cycle         
     8,048,620,462      branches                         #  271.125 M/sec                  
           879,759      branch-misses                    #    0.01% of all branches        

      29.741546652 seconds time elapsed

      29.648335000 seconds user
       0.001996000 seconds sys


	Command being timed: "perf stat /home/AVX512/results/Intel_Gold_6126_CPU_2.60GHz_harmonic_series/../../bin/harmonic_series 1 4e9"
	User time (seconds): 29.98
	System time (seconds): 0.04
	Percent of CPU this job got: 99%
	Elapsed (wall clock) time (h:mm:ss or m:ss): 0:30.11
	Average shared text size (kbytes): 0
	Average unshared data size (kbytes): 0
	Average stack size (kbytes): 0
	Average total size (kbytes): 0
	Maximum resident set size (kbytes): 30884
	Average resident set size (kbytes): 0
	Major (requiring I/O) page faults: 0
	Minor (reclaiming a frame) page faults: 4787
	Voluntary context switches: 5
	Involuntary context switches: 11666
	Swaps: 0
	File system inputs: 0
	File system outputs: 0
	Socket messages sent: 0
	Socket messages received: 0
	Signals delivered: 0
	Page size (bytes): 4096
	Exit status: 0
