Time elapsed: 28.9358 s
AVX256:
Sum 24.7662
Difference Sum - Formula 2.05098e-11
Performed 8e+09 HarmonicSeriesAVX256 operations. Avg: 9.40423 CPU cycles/call
Time elapsed: 28.9359 s

 Performance counter stats for '/home/AVX512/results/Intel_Gold_6126_CPU_2.60GHz_harmonic_series/../../bin/harmonic_series 1 4e9':

         28,883.25 msec task-clock                       #    0.998 CPUs utilized          
            11,121      context-switches                 #  385.033 /sec                   
                20      cpu-migrations                   #    0.692 /sec                   
                73      page-faults                      #    2.527 /sec                   
    95,190,302,462      cycles                           #    3.296 GHz                    
    48,236,946,328      instructions                     #    0.51  insn per cycle         
     8,048,576,427      branches                         #  278.659 M/sec                  
           896,703      branch-misses                    #    0.01% of all branches        

      28.936861817 seconds time elapsed

      28.841211000 seconds user
       0.000997000 seconds sys


	Command being timed: "perf stat /home/AVX512/results/Intel_Gold_6126_CPU_2.60GHz_harmonic_series/../../bin/harmonic_series 1 4e9"
	User time (seconds): 29.12
	System time (seconds): 0.03
	Percent of CPU this job got: 99%
	Elapsed (wall clock) time (h:mm:ss or m:ss): 0:29.25
	Average shared text size (kbytes): 0
	Average unshared data size (kbytes): 0
	Average stack size (kbytes): 0
	Average total size (kbytes): 0
	Maximum resident set size (kbytes): 30868
	Average resident set size (kbytes): 0
	Major (requiring I/O) page faults: 0
	Minor (reclaiming a frame) page faults: 4787
	Voluntary context switches: 5
	Involuntary context switches: 11244
	Swaps: 0
	File system inputs: 0
	File system outputs: 0
	Socket messages sent: 0
	Socket messages received: 0
	Signals delivered: 0
	Page size (bytes): 4096
	Exit status: 0
