Time elapsed: 19.6786 s
AVX256:
Sum 24.7662
Difference Sum - Formula 2.05098e-11
Performed 8e+09 HarmonicSeriesAVX256 operations. Avg: 6.39562 CPU cycles/call
Time elapsed: 19.6787 s

 Performance counter stats for '/home/AVX512/results/Intel_Gold_6126_CPU_2.60GHz_harmonic_series/../../bin/harmonic_series 1 4e9':

         19,644.31 msec task-clock                       #    0.998 CPUs utilized          
             7,841      context-switches                 #  399.149 /sec                   
               119      cpu-migrations                   #    6.058 /sec                   
                75      page-faults                      #    3.818 /sec                   
    64,244,190,544      cycles                           #    3.270 GHz                    
    48,156,121,021      instructions                     #    0.75  insn per cycle         
     8,032,565,349      branches                         #  408.900 M/sec                  
           655,070      branch-misses                    #    0.01% of all branches        

      19.680295871 seconds time elapsed

      19.622567000 seconds user
       0.000000000 seconds sys


	Command being timed: "perf stat /home/AVX512/results/Intel_Gold_6126_CPU_2.60GHz_harmonic_series/../../bin/harmonic_series 1 4e9"
	User time (seconds): 19.91
	System time (seconds): 0.04
	Percent of CPU this job got: 99%
	Elapsed (wall clock) time (h:mm:ss or m:ss): 0:20.02
	Average shared text size (kbytes): 0
	Average unshared data size (kbytes): 0
	Average stack size (kbytes): 0
	Average total size (kbytes): 0
	Maximum resident set size (kbytes): 31148
	Average resident set size (kbytes): 0
	Major (requiring I/O) page faults: 0
	Minor (reclaiming a frame) page faults: 4794
	Voluntary context switches: 5
	Involuntary context switches: 7978
	Swaps: 0
	File system inputs: 0
	File system outputs: 0
	Socket messages sent: 0
	Socket messages received: 0
	Signals delivered: 0
	Page size (bytes): 4096
	Exit status: 0
