Time elapsed: 30.5217 s
AVX256:
Sum 24.7662
Difference Sum - Formula 2.05098e-11
Performed 8e+09 HarmonicSeriesAVX256 operations. Avg: 9.91966 CPU cycles/call
Time elapsed: 30.5218 s

 Performance counter stats for '/home/AVX512/results/Intel_Gold_6126_CPU_2.60GHz_harmonic_series/../../bin/harmonic_series 1 4e9':

         30,462.28 msec task-clock                       #    0.998 CPUs utilized          
            11,714      context-switches                 #  384.541 /sec                   
                 2      cpu-migrations                   #    0.066 /sec                   
                73      page-faults                      #    2.396 /sec                   
   100,430,730,866      cycles                           #    3.297 GHz                    
    48,235,614,180      instructions                     #    0.48  insn per cycle         
     8,049,020,954      branches                         #  264.229 M/sec                  
           910,237      branch-misses                    #    0.01% of all branches        

      30.523276981 seconds time elapsed

      30.424489000 seconds user
       0.000998000 seconds sys


	Command being timed: "perf stat /home/AVX512/results/Intel_Gold_6126_CPU_2.60GHz_harmonic_series/../../bin/harmonic_series 1 4e9"
	User time (seconds): 30.73
	System time (seconds): 0.04
	Percent of CPU this job got: 99%
	Elapsed (wall clock) time (h:mm:ss or m:ss): 0:30.88
	Average shared text size (kbytes): 0
	Average unshared data size (kbytes): 0
	Average stack size (kbytes): 0
	Average total size (kbytes): 0
	Maximum resident set size (kbytes): 30968
	Average resident set size (kbytes): 0
	Major (requiring I/O) page faults: 0
	Minor (reclaiming a frame) page faults: 4794
	Voluntary context switches: 5
	Involuntary context switches: 11856
	Swaps: 0
	File system inputs: 0
	File system outputs: 0
	Socket messages sent: 0
	Socket messages received: 0
	Signals delivered: 0
	Page size (bytes): 4096
	Exit status: 0
