Time elapsed: 29.7855 s
AVX256:
Sum 24.7662
Difference Sum - Formula 2.05098e-11
Performed 8e+09 HarmonicSeriesAVX256 operations. Avg: 9.68039 CPU cycles/call
Time elapsed: 29.7856 s

 Performance counter stats for '/home/AVX512/results/Intel_Gold_6126_CPU_2.60GHz_harmonic_series/../../bin/harmonic_series 1 4e9':

         29,729.20 msec task-clock                       #    0.998 CPUs utilized          
            11,494      context-switches                 #  386.623 /sec                   
                15      cpu-migrations                   #    0.505 /sec                   
                75      page-faults                      #    2.523 /sec                   
    97,708,104,656      cycles                           #    3.287 GHz                    
    48,231,388,515      instructions                     #    0.49  insn per cycle         
     8,048,107,968      branches                         #  270.714 M/sec                  
           892,634      branch-misses                    #    0.01% of all branches        

      29.786559465 seconds time elapsed

      29.691444000 seconds user
       0.000993000 seconds sys


	Command being timed: "perf stat /home/AVX512/results/Intel_Gold_6126_CPU_2.60GHz_harmonic_series/../../bin/harmonic_series 1 4e9"
	User time (seconds): 29.98
	System time (seconds): 0.04
	Percent of CPU this job got: 99%
	Elapsed (wall clock) time (h:mm:ss or m:ss): 0:30.12
	Average shared text size (kbytes): 0
	Average unshared data size (kbytes): 0
	Average stack size (kbytes): 0
	Average total size (kbytes): 0
	Maximum resident set size (kbytes): 31124
	Average resident set size (kbytes): 0
	Major (requiring I/O) page faults: 0
	Minor (reclaiming a frame) page faults: 4793
	Voluntary context switches: 4
	Involuntary context switches: 11633
	Swaps: 0
	File system inputs: 0
	File system outputs: 0
	Socket messages sent: 0
	Socket messages received: 0
	Signals delivered: 0
	Page size (bytes): 4096
	Exit status: 0
