Plain sum:
Sum 24.7662
Difference Sum - Formula -4.80693e-10
Performed 3.2e+10 HarmonicSeriesPlain operations. Avg: 3.74205 CPU cycles/call
Time elapsed: 46.0556 s

 Performance counter stats for '/home/AVX512/results/Intel_Gold_6126_CPU_2.60GHz_harmonic_series/../../bin/harmonic_series 2 4e9':

         45,973.24 msec task-clock                       #    0.998 CPUs utilized          
            17,875      context-switches                 #  388.813 /sec                   
               253      cpu-migrations                   #    5.503 /sec                   
                76      page-faults                      #    1.653 /sec                   
   151,210,348,392      cycles                           #    3.289 GHz                    
   192,361,482,629      instructions                     #    1.27  insn per cycle         
    32,075,205,970      branches                         #  697.693 M/sec                  
         1,438,929      branch-misses                    #    0.00% of all branches        

      46.057037642 seconds time elapsed

      45.919565000 seconds user
       0.000993000 seconds sys


	Command being timed: "perf stat /home/AVX512/results/Intel_Gold_6126_CPU_2.60GHz_harmonic_series/../../bin/harmonic_series 2 4e9"
	User time (seconds): 46.21
	System time (seconds): 0.04
	Percent of CPU this job got: 99%
	Elapsed (wall clock) time (h:mm:ss or m:ss): 0:46.40
	Average shared text size (kbytes): 0
	Average unshared data size (kbytes): 0
	Average stack size (kbytes): 0
	Average total size (kbytes): 0
	Maximum resident set size (kbytes): 30884
	Average resident set size (kbytes): 0
	Major (requiring I/O) page faults: 1
	Minor (reclaiming a frame) page faults: 4789
	Voluntary context switches: 7
	Involuntary context switches: 18011
	Swaps: 0
	File system inputs: 0
	File system outputs: 0
	Socket messages sent: 0
	Socket messages received: 0
	Signals delivered: 0
	Page size (bytes): 4096
	Exit status: 0
