Time elapsed: 30.7034 s
AVX512:
Sum 24.7662
Difference Sum - Formula -1.40332e-12
Performed 4e+09 HarmonicSeriesAVX512 operations. Avg: 19.9574 CPU cycles/call
Time elapsed: 30.7035 s

 Performance counter stats for '/home/AVX512/results/Intel_Gold_6126_CPU_2.60GHz_harmonic_series/../../bin/harmonic_series 0 4e9':

         30,639.03 msec task-clock                       #    0.998 CPUs utilized          
            11,424      context-switches                 #  372.858 /sec                   
               258      cpu-migrations                   #    8.421 /sec                   
                72      page-faults                      #    2.350 /sec                   
    87,358,838,281      cycles                           #    2.851 GHz                    
    24,237,718,923      instructions                     #    0.28  insn per cycle         
     4,049,208,319      branches                         #  132.159 M/sec                  
           929,394      branch-misses                    #    0.02% of all branches        

      30.705038549 seconds time elapsed

      30.592315000 seconds user
       0.001991000 seconds sys


	Command being timed: "perf stat /home/AVX512/results/Intel_Gold_6126_CPU_2.60GHz_harmonic_series/../../bin/harmonic_series 0 4e9"
	User time (seconds): 30.92
	System time (seconds): 0.04
	Percent of CPU this job got: 99%
	Elapsed (wall clock) time (h:mm:ss or m:ss): 0:31.08
	Average shared text size (kbytes): 0
	Average unshared data size (kbytes): 0
	Average stack size (kbytes): 0
	Average total size (kbytes): 0
	Maximum resident set size (kbytes): 31244
	Average resident set size (kbytes): 0
	Major (requiring I/O) page faults: 0
	Minor (reclaiming a frame) page faults: 4791
	Voluntary context switches: 5
	Involuntary context switches: 11570
	Swaps: 0
	File system inputs: 0
	File system outputs: 0
	Socket messages sent: 0
	Socket messages received: 0
	Signals delivered: 0
	Page size (bytes): 4096
	Exit status: 0
