Plain sum:
Sum 24.7662
Difference Sum - Formula -4.80693e-10
Performed 3.2e+10 HarmonicSeriesPlain operations. Avg: 4.1819 CPU cycles/call
Time elapsed: 51.4691 s

 Performance counter stats for '/home/AVX512/results/Intel_Gold_6126_CPU_2.60GHz_harmonic_series/../../bin/harmonic_series 2 4e9':

         51,371.54 msec task-clock                       #    0.998 CPUs utilized          
            20,042      context-switches                 #  390.138 /sec                   
               363      cpu-migrations                   #    7.066 /sec                   
                74      page-faults                      #    1.440 /sec                   
   168,501,856,835      cycles                           #    3.280 GHz                    
   192,400,358,143      instructions                     #    1.14  insn per cycle         
    32,083,368,117      branches                         #  624.536 M/sec                  
         1,605,619      branch-misses                    #    0.01% of all branches        

      51.470871046 seconds time elapsed

      51.308593000 seconds user
       0.000997000 seconds sys


	Command being timed: "perf stat /home/AVX512/results/Intel_Gold_6126_CPU_2.60GHz_harmonic_series/../../bin/harmonic_series 2 4e9"
	User time (seconds): 51.59
	System time (seconds): 0.04
	Percent of CPU this job got: 99%
	Elapsed (wall clock) time (h:mm:ss or m:ss): 0:51.82
	Average shared text size (kbytes): 0
	Average unshared data size (kbytes): 0
	Average stack size (kbytes): 0
	Average total size (kbytes): 0
	Maximum resident set size (kbytes): 31012
	Average resident set size (kbytes): 0
	Major (requiring I/O) page faults: 0
	Minor (reclaiming a frame) page faults: 4793
	Voluntary context switches: 6
	Involuntary context switches: 20175
	Swaps: 0
	File system inputs: 0
	File system outputs: 0
	Socket messages sent: 0
	Socket messages received: 0
	Signals delivered: 0
	Page size (bytes): 4096
	Exit status: 0
