Time elapsed: 31.7059 s
AVX512:
Sum 24.7662
Difference Sum - Formula -1.40332e-12
Performed 4e+09 HarmonicSeriesAVX512 operations. Avg: 20.609 CPU cycles/call
Time elapsed: 31.7059 s

 Performance counter stats for '/home/AVX512/results/Intel_Gold_6126_CPU_2.60GHz_harmonic_series/../../bin/harmonic_series 0 4e9':

         31,633.71 msec task-clock                       #    0.998 CPUs utilized          
            11,992      context-switches                 #  379.089 /sec                   
               753      cpu-migrations                   #   23.804 /sec                   
                73      page-faults                      #    2.308 /sec                   
    89,487,424,638      cycles                           #    2.829 GHz                    
    24,242,828,289      instructions                     #    0.27  insn per cycle         
     4,050,532,974      branches                         #  128.045 M/sec                  
           961,679      branch-misses                    #    0.02% of all branches        

      31.707076742 seconds time elapsed

      31.588630000 seconds user
       0.001984000 seconds sys


	Command being timed: "perf stat /home/AVX512/results/Intel_Gold_6126_CPU_2.60GHz_harmonic_series/../../bin/harmonic_series 0 4e9"
	User time (seconds): 31.87
	System time (seconds): 0.05
	Percent of CPU this job got: 99%
	Elapsed (wall clock) time (h:mm:ss or m:ss): 0:32.05
	Average shared text size (kbytes): 0
	Average unshared data size (kbytes): 0
	Average stack size (kbytes): 0
	Average total size (kbytes): 0
	Maximum resident set size (kbytes): 30892
	Average resident set size (kbytes): 0
	Major (requiring I/O) page faults: 0
	Minor (reclaiming a frame) page faults: 4788
	Voluntary context switches: 4
	Involuntary context switches: 12126
	Swaps: 0
	File system inputs: 0
	File system outputs: 0
	Socket messages sent: 0
	Socket messages received: 0
	Signals delivered: 0
	Page size (bytes): 4096
	Exit status: 0
