Time elapsed: 28.4842 s
AVX512:
Sum 24.7662
Difference Sum - Formula -1.40332e-12
Performed 4e+09 HarmonicSeriesAVX512 operations. Avg: 18.5149 CPU cycles/call
Time elapsed: 28.4843 s

 Performance counter stats for '/home/AVX512/results/Intel_Gold_6126_CPU_2.60GHz_harmonic_series/../../bin/harmonic_series 0 4e9':

         28,427.21 msec task-clock                       #    0.998 CPUs utilized          
            10,700      context-switches                 #  376.400 /sec                   
               130      cpu-migrations                   #    4.573 /sec                   
                74      page-faults                      #    2.603 /sec                   
    82,172,111,670      cycles                           #    2.891 GHz                    
    24,218,037,432      instructions                     #    0.29  insn per cycle         
     4,045,385,733      branches                         #  142.307 M/sec                  
           859,158      branch-misses                    #    0.02% of all branches        

      28.485803361 seconds time elapsed

      28.386980000 seconds user
       0.001994000 seconds sys


	Command being timed: "perf stat /home/AVX512/results/Intel_Gold_6126_CPU_2.60GHz_harmonic_series/../../bin/harmonic_series 0 4e9"
	User time (seconds): 28.71
	System time (seconds): 0.04
	Percent of CPU this job got: 99%
	Elapsed (wall clock) time (h:mm:ss or m:ss): 0:28.86
	Average shared text size (kbytes): 0
	Average unshared data size (kbytes): 0
	Average stack size (kbytes): 0
	Average total size (kbytes): 0
	Maximum resident set size (kbytes): 31132
	Average resident set size (kbytes): 0
	Major (requiring I/O) page faults: 0
	Minor (reclaiming a frame) page faults: 4793
	Voluntary context switches: 5
	Involuntary context switches: 10849
	Swaps: 0
	File system inputs: 0
	File system outputs: 0
	Socket messages sent: 0
	Socket messages received: 0
	Signals delivered: 0
	Page size (bytes): 4096
	Exit status: 0
