Time elapsed: 31.6796 s
AVX512:
Sum 24.7662
Difference Sum - Formula -1.40332e-12
Performed 4e+09 HarmonicSeriesAVX512 operations. Avg: 20.5919 CPU cycles/call
Time elapsed: 31.6796 s

 Performance counter stats for '/home/AVX512/results/Intel_Gold_6126_CPU_2.60GHz_harmonic_series/../../bin/harmonic_series 0 4e9':

         31,614.62 msec task-clock                       #    0.998 CPUs utilized          
            11,802      context-switches                 #  373.308 /sec                   
               139      cpu-migrations                   #    4.397 /sec                   
                74      page-faults                      #    2.341 /sec                   
    91,390,428,235      cycles                           #    2.891 GHz                    
    24,243,215,818      instructions                     #    0.27  insn per cycle         
     4,050,481,930      branches                         #  128.121 M/sec                  
           959,863      branch-misses                    #    0.02% of all branches        

      31.680670224 seconds time elapsed

      31.567152000 seconds user
       0.001995000 seconds sys


	Command being timed: "perf stat /home/AVX512/results/Intel_Gold_6126_CPU_2.60GHz_harmonic_series/../../bin/harmonic_series 0 4e9"
	User time (seconds): 31.83
	System time (seconds): 0.05
	Percent of CPU this job got: 99%
	Elapsed (wall clock) time (h:mm:ss or m:ss): 0:32.00
	Average shared text size (kbytes): 0
	Average unshared data size (kbytes): 0
	Average stack size (kbytes): 0
	Average total size (kbytes): 0
	Maximum resident set size (kbytes): 31016
	Average resident set size (kbytes): 0
	Major (requiring I/O) page faults: 1
	Minor (reclaiming a frame) page faults: 4794
	Voluntary context switches: 6
	Involuntary context switches: 11927
	Swaps: 0
	File system inputs: 0
	File system outputs: 0
	Socket messages sent: 0
	Socket messages received: 0
	Signals delivered: 0
	Page size (bytes): 4096
	Exit status: 0
