Time elapsed: 25.3918 s
AVX512:
Sum 24.7662
Difference Sum - Formula -1.40332e-12
Performed 4e+09 HarmonicSeriesAVX512 operations. Avg: 16.5048 CPU cycles/call
Time elapsed: 25.3918 s

 Performance counter stats for '/home/AVX512/results/Intel_Gold_6126_CPU_2.60GHz_harmonic_series/../../bin/harmonic_series 0 4e9':

         25,321.64 msec task-clock                       #    0.997 CPUs utilized          
             9,386      context-switches                 #  370.671 /sec                   
             1,073      cpu-migrations                   #   42.375 /sec                   
                76      page-faults                      #    3.001 /sec                   
    65,136,025,974      cycles                           #    2.572 GHz                    
    24,193,652,478      instructions                     #    0.37  insn per cycle         
     4,040,286,843      branches                         #  159.559 M/sec                  
           859,664      branch-misses                    #    0.02% of all branches        

      25.393045875 seconds time elapsed

      25.279531000 seconds user
       0.000996000 seconds sys


	Command being timed: "perf stat /home/AVX512/results/Intel_Gold_6126_CPU_2.60GHz_harmonic_series/../../bin/harmonic_series 0 4e9"
	User time (seconds): 25.61
	System time (seconds): 0.04
	Percent of CPU this job got: 99%
	Elapsed (wall clock) time (h:mm:ss or m:ss): 0:25.77
	Average shared text size (kbytes): 0
	Average unshared data size (kbytes): 0
	Average stack size (kbytes): 0
	Average total size (kbytes): 0
	Maximum resident set size (kbytes): 30984
	Average resident set size (kbytes): 0
	Major (requiring I/O) page faults: 0
	Minor (reclaiming a frame) page faults: 4793
	Voluntary context switches: 5
	Involuntary context switches: 9532
	Swaps: 0
	File system inputs: 0
	File system outputs: 0
	Socket messages sent: 0
	Socket messages received: 0
	Signals delivered: 0
	Page size (bytes): 4096
	Exit status: 0
