Plain sum:
Sum 24.7662
Difference Sum - Formula -4.80693e-10
Performed 3.2e+10 HarmonicSeriesPlain operations. Avg: 4.15059 CPU cycles/call
Time elapsed: 51.0838 s

 Performance counter stats for '/home/AVX512/results/Intel_Gold_6126_CPU_2.60GHz_harmonic_series/../../bin/harmonic_series 2 4e9':

         50,988.95 msec task-clock                       #    0.998 CPUs utilized          
            19,893      context-switches                 #  390.143 /sec                   
               170      cpu-migrations                   #    3.334 /sec                   
                73      page-faults                      #    1.432 /sec                   
   167,916,611,106      cycles                           #    3.293 GHz                    
   192,396,716,576      instructions                     #    1.15  insn per cycle         
    32,082,646,602      branches                         #  629.208 M/sec                  
         1,596,159      branch-misses                    #    0.00% of all branches        

      51.084826228 seconds time elapsed

      50.926461000 seconds user
       0.000992000 seconds sys


	Command being timed: "perf stat /home/AVX512/results/Intel_Gold_6126_CPU_2.60GHz_harmonic_series/../../bin/harmonic_series 2 4e9"
	User time (seconds): 51.26
	System time (seconds): 0.04
	Percent of CPU this job got: 99%
	Elapsed (wall clock) time (h:mm:ss or m:ss): 0:51.46
	Average shared text size (kbytes): 0
	Average unshared data size (kbytes): 0
	Average stack size (kbytes): 0
	Average total size (kbytes): 0
	Maximum resident set size (kbytes): 31184
	Average resident set size (kbytes): 0
	Major (requiring I/O) page faults: 0
	Minor (reclaiming a frame) page faults: 4791
	Voluntary context switches: 5
	Involuntary context switches: 20033
	Swaps: 0
	File system inputs: 0
	File system outputs: 0
	Socket messages sent: 0
	Socket messages received: 0
	Signals delivered: 0
	Page size (bytes): 4096
	Exit status: 0
