Plain sum:
Sum 24.7662
Difference Sum - Formula -4.80693e-10
Performed 3.2e+10 HarmonicSeriesPlain operations. Avg: 4.20378 CPU cycles/call
Time elapsed: 51.7385 s

 Performance counter stats for '/home/AVX512/results/Intel_Gold_6126_CPU_2.60GHz_harmonic_series/../../bin/harmonic_series 2 4e9':

         51,622.44 msec task-clock                       #    0.998 CPUs utilized          
            19,935      context-switches                 #  386.169 /sec                   
             1,646      cpu-migrations                   #   31.885 /sec                   
                74      page-faults                      #    1.433 /sec                   
   154,451,375,062      cycles                           #    2.992 GHz                    
   192,399,209,274      instructions                     #    1.25  insn per cycle         
    32,083,158,209      branches                         #  621.496 M/sec                  
         1,662,882      branch-misses                    #    0.01% of all branches        

      51.739705188 seconds time elapsed

      51.558494000 seconds user
       0.000000000 seconds sys


	Command being timed: "perf stat /home/AVX512/results/Intel_Gold_6126_CPU_2.60GHz_harmonic_series/../../bin/harmonic_series 2 4e9"
	User time (seconds): 51.90
	System time (seconds): 0.03
	Percent of CPU this job got: 99%
	Elapsed (wall clock) time (h:mm:ss or m:ss): 0:52.12
	Average shared text size (kbytes): 0
	Average unshared data size (kbytes): 0
	Average stack size (kbytes): 0
	Average total size (kbytes): 0
	Maximum resident set size (kbytes): 31012
	Average resident set size (kbytes): 0
	Major (requiring I/O) page faults: 0
	Minor (reclaiming a frame) page faults: 4794
	Voluntary context switches: 5
	Involuntary context switches: 20084
	Swaps: 0
	File system inputs: 0
	File system outputs: 0
	Socket messages sent: 0
	Socket messages received: 0
	Signals delivered: 0
	Page size (bytes): 4096
	Exit status: 0
