Time elapsed: 21.7364 s
AVX256:
Sum 24.7662
Difference Sum - Formula 2.05098e-11
Performed 8e+09 HarmonicSeriesAVX256 operations. Avg: 7.0644 CPU cycles/call
Time elapsed: 21.7364 s

 Performance counter stats for '/home/AVX512/results/Intel_Gold_6126_CPU_2.60GHz_harmonic_series/../../bin/harmonic_series 1 4e9':

         21,685.64 msec task-clock                       #    0.998 CPUs utilized          
             8,680      context-switches                 #  400.265 /sec                   
               996      cpu-migrations                   #   45.929 /sec                   
                74      page-faults                      #    3.412 /sec                   
    64,265,018,713      cycles                           #    2.963 GHz                    
    48,170,998,008      instructions                     #    0.75  insn per cycle         
     8,035,704,461      branches                         #  370.554 M/sec                  
           702,954      branch-misses                    #    0.01% of all branches        

      21.737946000 seconds time elapsed

      21.661843000 seconds user
       0.001984000 seconds sys


	Command being timed: "perf stat /home/AVX512/results/Intel_Gold_6126_CPU_2.60GHz_harmonic_series/../../bin/harmonic_series 1 4e9"
	User time (seconds): 21.96
	System time (seconds): 0.05
	Percent of CPU this job got: 99%
	Elapsed (wall clock) time (h:mm:ss or m:ss): 0:22.09
	Average shared text size (kbytes): 0
	Average unshared data size (kbytes): 0
	Average stack size (kbytes): 0
	Average total size (kbytes): 0
	Maximum resident set size (kbytes): 30984
	Average resident set size (kbytes): 0
	Major (requiring I/O) page faults: 0
	Minor (reclaiming a frame) page faults: 4795
	Voluntary context switches: 5
	Involuntary context switches: 8820
	Swaps: 0
	File system inputs: 0
	File system outputs: 0
	Socket messages sent: 0
	Socket messages received: 0
	Signals delivered: 0
	Page size (bytes): 4096
	Exit status: 0
