Time elapsed: 29.1978 s
AVX256:
Sum 24.7662
Difference Sum - Formula 2.05098e-11
Performed 8e+09 HarmonicSeriesAVX256 operations. Avg: 9.48938 CPU cycles/call
Time elapsed: 29.1979 s

 Performance counter stats for '/home/AVX512/results/Intel_Gold_6126_CPU_2.60GHz_harmonic_series/../../bin/harmonic_series 1 4e9':

         29,141.89 msec task-clock                       #    0.998 CPUs utilized          
            11,330      context-switches                 #  388.787 /sec                   
                84      cpu-migrations                   #    2.882 /sec                   
                74      page-faults                      #    2.539 /sec                   
    96,022,749,428      cycles                           #    3.295 GHz                    
    48,226,413,013      instructions                     #    0.50  insn per cycle         
     8,047,147,134      branches                         #  276.137 M/sec                  
           842,503      branch-misses                    #    0.01% of all branches        

      29.198987662 seconds time elapsed

      29.106284000 seconds user
       0.000995000 seconds sys


	Command being timed: "perf stat /home/AVX512/results/Intel_Gold_6126_CPU_2.60GHz_harmonic_series/../../bin/harmonic_series 1 4e9"
	User time (seconds): 29.39
	System time (seconds): 0.04
	Percent of CPU this job got: 99%
	Elapsed (wall clock) time (h:mm:ss or m:ss): 0:29.54
	Average shared text size (kbytes): 0
	Average unshared data size (kbytes): 0
	Average stack size (kbytes): 0
	Average total size (kbytes): 0
	Maximum resident set size (kbytes): 31236
	Average resident set size (kbytes): 0
	Major (requiring I/O) page faults: 0
	Minor (reclaiming a frame) page faults: 4793
	Voluntary context switches: 5
	Involuntary context switches: 11463
	Swaps: 0
	File system inputs: 0
	File system outputs: 0
	Socket messages sent: 0
	Socket messages received: 0
	Signals delivered: 0
	Page size (bytes): 4096
	Exit status: 0
