Time elapsed: 28.5593 s
AVX512:
Sum 24.7662
Difference Sum - Formula -1.40332e-12
Performed 4e+09 HarmonicSeriesAVX512 operations. Avg: 18.5637 CPU cycles/call
Time elapsed: 28.5594 s

 Performance counter stats for '/home/AVX512/results/Intel_Gold_6126_CPU_2.60GHz_harmonic_series/../../bin/harmonic_series 0 4e9':

         28,501.12 msec task-clock                       #    0.998 CPUs utilized          
            10,754      context-switches                 #  377.318 /sec                   
               246      cpu-migrations                   #    8.631 /sec                   
                73      page-faults                      #    2.561 /sec                   
    82,427,979,531      cycles                           #    2.892 GHz                    
    24,218,100,028      instructions                     #    0.29  insn per cycle         
     4,045,432,015      branches                         #  141.939 M/sec                  
           881,335      branch-misses                    #    0.02% of all branches        

      28.560634138 seconds time elapsed

      28.461921000 seconds user
       0.000998000 seconds sys


	Command being timed: "perf stat /home/AVX512/results/Intel_Gold_6126_CPU_2.60GHz_harmonic_series/../../bin/harmonic_series 0 4e9"
	User time (seconds): 28.81
	System time (seconds): 0.03
	Percent of CPU this job got: 99%
	Elapsed (wall clock) time (h:mm:ss or m:ss): 0:28.95
	Average shared text size (kbytes): 0
	Average unshared data size (kbytes): 0
	Average stack size (kbytes): 0
	Average total size (kbytes): 0
	Maximum resident set size (kbytes): 31032
	Average resident set size (kbytes): 0
	Major (requiring I/O) page faults: 0
	Minor (reclaiming a frame) page faults: 4792
	Voluntary context switches: 5
	Involuntary context switches: 10906
	Swaps: 0
	File system inputs: 0
	File system outputs: 0
	Socket messages sent: 0
	Socket messages received: 0
	Signals delivered: 0
	Page size (bytes): 4096
	Exit status: 0
