Time elapsed: 25.1469 s
AVX512:
Sum 24.7662
Difference Sum - Formula -1.40332e-12
Performed 4e+09 HarmonicSeriesAVX512 operations. Avg: 16.3456 CPU cycles/call
Time elapsed: 25.147 s

 Performance counter stats for '/home/AVX512/results/Intel_Gold_6126_CPU_2.60GHz_harmonic_series/../../bin/harmonic_series 0 4e9':

         25,094.76 msec task-clock                       #    0.998 CPUs utilized          
             9,707      context-switches                 #  386.814 /sec                   
               435      cpu-migrations                   #   17.334 /sec                   
                73      page-faults                      #    2.909 /sec                   
    72,550,970,418      cycles                           #    2.891 GHz                    
    24,194,645,676      instructions                     #    0.33  insn per cycle         
     4,040,601,450      branches                         #  161.014 M/sec                  
           782,780      branch-misses                    #    0.02% of all branches        

      25.148173984 seconds time elapsed

      25.064053000 seconds user
       0.000000000 seconds sys


	Command being timed: "perf stat /home/AVX512/results/Intel_Gold_6126_CPU_2.60GHz_harmonic_series/../../bin/harmonic_series 0 4e9"
	User time (seconds): 25.35
	System time (seconds): 0.05
	Percent of CPU this job got: 99%
	Elapsed (wall clock) time (h:mm:ss or m:ss): 0:25.50
	Average shared text size (kbytes): 0
	Average unshared data size (kbytes): 0
	Average stack size (kbytes): 0
	Average total size (kbytes): 0
	Maximum resident set size (kbytes): 30964
	Average resident set size (kbytes): 0
	Major (requiring I/O) page faults: 0
	Minor (reclaiming a frame) page faults: 4790
	Voluntary context switches: 6
	Involuntary context switches: 9845
	Swaps: 0
	File system inputs: 0
	File system outputs: 0
	Socket messages sent: 0
	Socket messages received: 0
	Signals delivered: 0
	Page size (bytes): 4096
	Exit status: 0
