Time elapsed: 30.5574 s
AVX256:
Sum 24.7662
Difference Sum - Formula 2.05098e-11
Performed 8e+09 HarmonicSeriesAVX256 operations. Avg: 9.93124 CPU cycles/call
Time elapsed: 30.5574 s

 Performance counter stats for '/home/AVX512/results/Intel_Gold_6126_CPU_2.60GHz_harmonic_series/../../bin/harmonic_series 1 4e9':

         30,498.55 msec task-clock                       #    0.998 CPUs utilized          
            11,762      context-switches                 #  385.658 /sec                   
                35      cpu-migrations                   #    1.148 /sec                   
                76      page-faults                      #    2.492 /sec                   
   100,422,472,101      cycles                           #    3.293 GHz                    
    48,236,330,704      instructions                     #    0.48  insn per cycle         
     8,049,178,575      branches                         #  263.920 M/sec                  
           910,639      branch-misses                    #    0.01% of all branches        

      30.558892801 seconds time elapsed

      30.460616000 seconds user
       0.000997000 seconds sys


	Command being timed: "perf stat /home/AVX512/results/Intel_Gold_6126_CPU_2.60GHz_harmonic_series/../../bin/harmonic_series 1 4e9"
	User time (seconds): 30.77
	System time (seconds): 0.04
	Percent of CPU this job got: 99%
	Elapsed (wall clock) time (h:mm:ss or m:ss): 0:30.92
	Average shared text size (kbytes): 0
	Average unshared data size (kbytes): 0
	Average stack size (kbytes): 0
	Average total size (kbytes): 0
	Maximum resident set size (kbytes): 31068
	Average resident set size (kbytes): 0
	Major (requiring I/O) page faults: 0
	Minor (reclaiming a frame) page faults: 4792
	Voluntary context switches: 5
	Involuntary context switches: 11908
	Swaps: 0
	File system inputs: 0
	File system outputs: 0
	Socket messages sent: 0
	Socket messages received: 0
	Signals delivered: 0
	Page size (bytes): 4096
	Exit status: 0
