Time elapsed: 25.6128 s
AVX256:
Sum 24.7662
Difference Sum - Formula 2.05098e-11
Performed 8e+09 HarmonicSeriesAVX256 operations. Avg: 8.32423 CPU cycles/call
Time elapsed: 25.6128 s

 Performance counter stats for '/home/AVX512/results/Intel_Gold_6126_CPU_2.60GHz_harmonic_series/../../bin/harmonic_series 1 4e9':

         25,566.31 msec task-clock                       #    0.998 CPUs utilized          
            10,024      context-switches                 #  392.078 /sec                   
                43      cpu-migrations                   #    1.682 /sec                   
                73      page-faults                      #    2.855 /sec                   
    84,228,080,977      cycles                           #    3.294 GHz                    
    48,200,137,860      instructions                     #    0.57  insn per cycle         
     8,041,703,065      branches                         #  314.543 M/sec                  
           764,161      branch-misses                    #    0.01% of all branches        

      25.614065303 seconds time elapsed

      25.535390000 seconds user
       0.000998000 seconds sys


	Command being timed: "perf stat /home/AVX512/results/Intel_Gold_6126_CPU_2.60GHz_harmonic_series/../../bin/harmonic_series 1 4e9"
	User time (seconds): 25.85
	System time (seconds): 0.04
	Percent of CPU this job got: 99%
	Elapsed (wall clock) time (h:mm:ss or m:ss): 0:25.97
	Average shared text size (kbytes): 0
	Average unshared data size (kbytes): 0
	Average stack size (kbytes): 0
	Average total size (kbytes): 0
	Maximum resident set size (kbytes): 31024
	Average resident set size (kbytes): 0
	Major (requiring I/O) page faults: 0
	Minor (reclaiming a frame) page faults: 4792
	Voluntary context switches: 5
	Involuntary context switches: 10164
	Swaps: 0
	File system inputs: 0
	File system outputs: 0
	Socket messages sent: 0
	Socket messages received: 0
	Signals delivered: 0
	Page size (bytes): 4096
	Exit status: 0
