Time elapsed: 30.1735 s
AVX512:
Sum 24.7662
Difference Sum - Formula -1.40332e-12
Performed 4e+09 HarmonicSeriesAVX512 operations. Avg: 19.6129 CPU cycles/call
Time elapsed: 30.1735 s

 Performance counter stats for '/home/AVX512/results/Intel_Gold_6126_CPU_2.60GHz_harmonic_series/../../bin/harmonic_series 0 4e9':

         30,103.81 msec task-clock                       #    0.998 CPUs utilized          
            11,388      context-switches                 #  378.291 /sec                   
               733      cpu-migrations                   #   24.349 /sec                   
                82      page-faults                      #    2.724 /sec                   
    84,442,265,866      cycles                           #    2.805 GHz                    
    24,230,798,725      instructions                     #    0.29  insn per cycle         
     4,048,063,243      branches                         #  134.470 M/sec                  
           937,200      branch-misses                    #    0.02% of all branches        

      30.174920809 seconds time elapsed

      30.061195000 seconds user
       0.001989000 seconds sys


	Command being timed: "perf stat /home/AVX512/results/Intel_Gold_6126_CPU_2.60GHz_harmonic_series/../../bin/harmonic_series 0 4e9"
	User time (seconds): 30.34
	System time (seconds): 0.04
	Percent of CPU this job got: 99%
	Elapsed (wall clock) time (h:mm:ss or m:ss): 0:30.51
	Average shared text size (kbytes): 0
	Average unshared data size (kbytes): 0
	Average stack size (kbytes): 0
	Average total size (kbytes): 0
	Maximum resident set size (kbytes): 30972
	Average resident set size (kbytes): 0
	Major (requiring I/O) page faults: 3
	Minor (reclaiming a frame) page faults: 4797
	Voluntary context switches: 8
	Involuntary context switches: 11520
	Swaps: 0
	File system inputs: 0
	File system outputs: 0
	Socket messages sent: 0
	Socket messages received: 0
	Signals delivered: 0
	Page size (bytes): 4096
	Exit status: 0
