Time elapsed: 19.6427 s
AVX256:
Sum 24.7662
Difference Sum - Formula 2.05098e-11
Performed 8e+09 HarmonicSeriesAVX256 operations. Avg: 6.38396 CPU cycles/call
Time elapsed: 19.6428 s

 Performance counter stats for '/home/AVX512/results/Intel_Gold_6126_CPU_2.60GHz_harmonic_series/../../bin/harmonic_series 1 4e9':

         19,608.07 msec task-clock                       #    0.998 CPUs utilized          
             7,622      context-switches                 #  388.718 /sec                   
                 7      cpu-migrations                   #    0.357 /sec                   
                74      page-faults                      #    3.774 /sec                   
    64,230,280,796      cycles                           #    3.276 GHz                    
    48,154,692,643      instructions                     #    0.75  insn per cycle         
     8,032,083,914      branches                         #  409.632 M/sec                  
           613,569      branch-misses                    #    0.01% of all branches        

      19.645397482 seconds time elapsed

      19.585052000 seconds user
       0.002973000 seconds sys


	Command being timed: "perf stat /home/AVX512/results/Intel_Gold_6126_CPU_2.60GHz_harmonic_series/../../bin/harmonic_series 1 4e9"
	User time (seconds): 19.92
	System time (seconds): 0.03
	Percent of CPU this job got: 99%
	Elapsed (wall clock) time (h:mm:ss or m:ss): 0:20.02
	Average shared text size (kbytes): 0
	Average unshared data size (kbytes): 0
	Average stack size (kbytes): 0
	Average total size (kbytes): 0
	Maximum resident set size (kbytes): 31008
	Average resident set size (kbytes): 0
	Major (requiring I/O) page faults: 0
	Minor (reclaiming a frame) page faults: 4792
	Voluntary context switches: 5
	Involuntary context switches: 7774
	Swaps: 0
	File system inputs: 0
	File system outputs: 0
	Socket messages sent: 0
	Socket messages received: 0
	Signals delivered: 0
	Page size (bytes): 4096
	Exit status: 0
