Time elapsed: 22.5128 s
AVX512:
Sum 24.7662
Difference Sum - Formula -1.40332e-12
Performed 4e+09 HarmonicSeriesAVX512 operations. Avg: 14.6335 CPU cycles/call
Time elapsed: 22.5129 s

 Performance counter stats for '/home/AVX512/results/Intel_Gold_6126_CPU_2.60GHz_harmonic_series/../../bin/harmonic_series 0 4e9':

         22,473.45 msec task-clock                       #    0.998 CPUs utilized          
             8,459      context-switches                 #  376.400 /sec                   
                 4      cpu-migrations                   #    0.178 /sec                   
                73      page-faults                      #    3.248 /sec                   
    65,037,230,003      cycles                           #    2.894 GHz                    
    24,176,536,192      instructions                     #    0.37  insn per cycle         
     4,036,460,605      branches                         #  179.610 M/sec                  
           712,279      branch-misses                    #    0.02% of all branches        

      22.515501958 seconds time elapsed

      22.447296000 seconds user
       0.001983000 seconds sys


	Command being timed: "perf stat /home/AVX512/results/Intel_Gold_6126_CPU_2.60GHz_harmonic_series/../../bin/harmonic_series 0 4e9"
	User time (seconds): 22.77
	System time (seconds): 0.03
	Percent of CPU this job got: 99%
	Elapsed (wall clock) time (h:mm:ss or m:ss): 0:22.88
	Average shared text size (kbytes): 0
	Average unshared data size (kbytes): 0
	Average stack size (kbytes): 0
	Average total size (kbytes): 0
	Maximum resident set size (kbytes): 31100
	Average resident set size (kbytes): 0
	Major (requiring I/O) page faults: 0
	Minor (reclaiming a frame) page faults: 4790
	Voluntary context switches: 6
	Involuntary context switches: 8605
	Swaps: 0
	File system inputs: 0
	File system outputs: 0
	Socket messages sent: 0
	Socket messages received: 0
	Signals delivered: 0
	Page size (bytes): 4096
	Exit status: 0
