Time elapsed: 22.498 s
AVX512:
Sum 24.7662
Difference Sum - Formula -1.40332e-12
Performed 4e+09 HarmonicSeriesAVX512 operations. Avg: 14.6239 CPU cycles/call
Time elapsed: 22.4981 s

 Performance counter stats for '/home/AVX512/results/Intel_Gold_6126_CPU_2.60GHz_harmonic_series/../../bin/harmonic_series 0 4e9':

         22,453.74 msec task-clock                       #    0.998 CPUs utilized          
             8,462      context-switches                 #  376.864 /sec                   
                18      cpu-migrations                   #    0.802 /sec                   
                72      page-faults                      #    3.207 /sec                   
    65,036,960,277      cycles                           #    2.896 GHz                    
    24,173,483,425      instructions                     #    0.37  insn per cycle         
     4,035,995,621      branches                         #  179.747 M/sec                  
           667,128      branch-misses                    #    0.02% of all branches        

      22.499301488 seconds time elapsed

      22.427395000 seconds user
       0.000998000 seconds sys


	Command being timed: "perf stat /home/AVX512/results/Intel_Gold_6126_CPU_2.60GHz_harmonic_series/../../bin/harmonic_series 0 4e9"
	User time (seconds): 22.75
	System time (seconds): 0.03
	Percent of CPU this job got: 99%
	Elapsed (wall clock) time (h:mm:ss or m:ss): 0:22.86
	Average shared text size (kbytes): 0
	Average unshared data size (kbytes): 0
	Average stack size (kbytes): 0
	Average total size (kbytes): 0
	Maximum resident set size (kbytes): 30988
	Average resident set size (kbytes): 0
	Major (requiring I/O) page faults: 6
	Minor (reclaiming a frame) page faults: 4786
	Voluntary context switches: 10
	Involuntary context switches: 8606
	Swaps: 0
	File system inputs: 0
	File system outputs: 0
	Socket messages sent: 0
	Socket messages received: 0
	Signals delivered: 0
	Page size (bytes): 4096
	Exit status: 0
