Time elapsed: 22.5214 s
AVX512:
Sum 24.7662
Difference Sum - Formula -1.40332e-12
Performed 4e+09 HarmonicSeriesAVX512 operations. Avg: 14.6391 CPU cycles/call
Time elapsed: 22.5215 s

 Performance counter stats for '/home/AVX512/results/Intel_Gold_6126_CPU_2.60GHz_harmonic_series/../../bin/harmonic_series 0 4e9':

         22,482.12 msec task-clock                       #    0.998 CPUs utilized          
             8,442      context-switches                 #  375.498 /sec                   
                 2      cpu-migrations                   #    0.089 /sec                   
                73      page-faults                      #    3.247 /sec                   
    65,035,658,989      cycles                           #    2.893 GHz                    
    24,171,077,516      instructions                     #    0.37  insn per cycle         
     4,035,645,623      branches                         #  179.505 M/sec                  
           667,228      branch-misses                    #    0.02% of all branches        

      22.524015532 seconds time elapsed

      22.455691000 seconds user
       0.002968000 seconds sys


	Command being timed: "perf stat /home/AVX512/results/Intel_Gold_6126_CPU_2.60GHz_harmonic_series/../../bin/harmonic_series 0 4e9"
	User time (seconds): 22.78
	System time (seconds): 0.04
	Percent of CPU this job got: 99%
	Elapsed (wall clock) time (h:mm:ss or m:ss): 0:22.89
	Average shared text size (kbytes): 0
	Average unshared data size (kbytes): 0
	Average stack size (kbytes): 0
	Average total size (kbytes): 0
	Maximum resident set size (kbytes): 31100
	Average resident set size (kbytes): 0
	Major (requiring I/O) page faults: 1
	Minor (reclaiming a frame) page faults: 4788
	Voluntary context switches: 6
	Involuntary context switches: 8588
	Swaps: 0
	File system inputs: 0
	File system outputs: 0
	Socket messages sent: 0
	Socket messages received: 0
	Signals delivered: 0
	Page size (bytes): 4096
	Exit status: 0
