Plain sum:
Sum 24.7662
Difference Sum - Formula -4.80693e-10
Performed 3.2e+10 HarmonicSeriesPlain operations. Avg: 3.26566 CPU cycles/call
Time elapsed: 40.1924 s

 Performance counter stats for '/home/AVX512/results/Intel_Gold_6126_CPU_2.60GHz_harmonic_series/../../bin/harmonic_series 2 4e9':

         40,127.04 msec task-clock                       #    0.998 CPUs utilized          
            15,563      context-switches                 #  387.843 /sec                   
                13      cpu-migrations                   #    0.324 /sec                   
                72      page-faults                      #    1.794 /sec                   
   132,363,651,404      cycles                           #    3.299 GHz                    
   192,323,232,025      instructions                     #    1.45  insn per cycle         
    32,066,503,372      branches                         #  799.124 M/sec                  
         1,239,925      branch-misses                    #    0.00% of all branches        

      40.193453370 seconds time elapsed

      40.083415000 seconds user
       0.000000000 seconds sys


	Command being timed: "perf stat /home/AVX512/results/Intel_Gold_6126_CPU_2.60GHz_harmonic_series/../../bin/harmonic_series 2 4e9"
	User time (seconds): 40.42
	System time (seconds): 0.03
	Percent of CPU this job got: 99%
	Elapsed (wall clock) time (h:mm:ss or m:ss): 0:40.57
	Average shared text size (kbytes): 0
	Average unshared data size (kbytes): 0
	Average stack size (kbytes): 0
	Average total size (kbytes): 0
	Maximum resident set size (kbytes): 30996
	Average resident set size (kbytes): 0
	Major (requiring I/O) page faults: 0
	Minor (reclaiming a frame) page faults: 4791
	Voluntary context switches: 4
	Involuntary context switches: 15715
	Swaps: 0
	File system inputs: 0
	File system outputs: 0
	Socket messages sent: 0
	Socket messages received: 0
	Signals delivered: 0
	Page size (bytes): 4096
	Exit status: 0
