Plain sum:
Sum 24.7662
Difference Sum - Formula -4.80693e-10
Performed 3.2e+10 HarmonicSeriesPlain operations. Avg: 3.26543 CPU cycles/call
Time elapsed: 40.1896 s

 Performance counter stats for '/home/AVX512/results/Intel_Gold_6126_CPU_2.60GHz_harmonic_series/../../bin/harmonic_series 2 4e9':

         40,124.66 msec task-clock                       #    0.998 CPUs utilized          
            15,664      context-switches                 #  390.383 /sec                   
                12      cpu-migrations                   #    0.299 /sec                   
                72      page-faults                      #    1.794 /sec                   
   132,329,672,025      cycles                           #    3.298 GHz                    
   192,313,986,512      instructions                     #    1.45  insn per cycle         
    32,065,243,751      branches                         #  799.141 M/sec                  
         1,226,138      branch-misses                    #    0.00% of all branches        

      40.190707975 seconds time elapsed

      40.080013000 seconds user
       0.001996000 seconds sys


	Command being timed: "perf stat /home/AVX512/results/Intel_Gold_6126_CPU_2.60GHz_harmonic_series/../../bin/harmonic_series 2 4e9"
	User time (seconds): 40.42
	System time (seconds): 0.03
	Percent of CPU this job got: 99%
	Elapsed (wall clock) time (h:mm:ss or m:ss): 0:40.57
	Average shared text size (kbytes): 0
	Average unshared data size (kbytes): 0
	Average stack size (kbytes): 0
	Average total size (kbytes): 0
	Maximum resident set size (kbytes): 31144
	Average resident set size (kbytes): 0
	Major (requiring I/O) page faults: 0
	Minor (reclaiming a frame) page faults: 4788
	Voluntary context switches: 5
	Involuntary context switches: 15805
	Swaps: 0
	File system inputs: 0
	File system outputs: 0
	Socket messages sent: 0
	Socket messages received: 0
	Signals delivered: 0
	Page size (bytes): 4096
	Exit status: 0
