Time elapsed: 19.538 s
AVX256:
Sum 24.7662
Difference Sum - Formula 2.05098e-11
Performed 8e+09 HarmonicSeriesAVX256 operations. Avg: 6.34992 CPU cycles/call
Time elapsed: 19.5381 s

 Performance counter stats for '/home/AVX512/results/Intel_Gold_6126_CPU_2.60GHz_harmonic_series/../../bin/harmonic_series 1 4e9':

         19,506.82 msec task-clock                       #    0.998 CPUs utilized          
             7,577      context-switches                 #  388.428 /sec                   
                 5      cpu-migrations                   #    0.256 /sec                   
                74      page-faults                      #    3.794 /sec                   
    64,228,924,378      cycles                           #    3.293 GHz                    
    48,151,702,208      instructions                     #    0.75  insn per cycle         
     8,031,618,498      branches                         #  411.734 M/sec                  
           589,686      branch-misses                    #    0.01% of all branches        

      19.539421372 seconds time elapsed

      19.485600000 seconds user
       0.000994000 seconds sys


	Command being timed: "perf stat /home/AVX512/results/Intel_Gold_6126_CPU_2.60GHz_harmonic_series/../../bin/harmonic_series 1 4e9"
	User time (seconds): 19.81
	System time (seconds): 0.04
	Percent of CPU this job got: 99%
	Elapsed (wall clock) time (h:mm:ss or m:ss): 0:19.91
	Average shared text size (kbytes): 0
	Average unshared data size (kbytes): 0
	Average stack size (kbytes): 0
	Average total size (kbytes): 0
	Maximum resident set size (kbytes): 31200
	Average resident set size (kbytes): 0
	Major (requiring I/O) page faults: 0
	Minor (reclaiming a frame) page faults: 4793
	Voluntary context switches: 6
	Involuntary context switches: 7717
	Swaps: 0
	File system inputs: 0
	File system outputs: 0
	Socket messages sent: 0
	Socket messages received: 0
	Signals delivered: 0
	Page size (bytes): 4096
	Exit status: 0
