Time elapsed: 19.5777 s
AVX256:
Sum 24.7662
Difference Sum - Formula 2.05098e-11
Performed 8e+09 HarmonicSeriesAVX256 operations. Avg: 6.36283 CPU cycles/call
Time elapsed: 19.5778 s

 Performance counter stats for '/home/AVX512/results/Intel_Gold_6126_CPU_2.60GHz_harmonic_series/../../bin/harmonic_series 1 4e9':

         19,545.46 msec task-clock                       #    0.998 CPUs utilized          
             7,578      context-switches                 #  387.712 /sec                   
                 4      cpu-migrations                   #    0.205 /sec                   
                74      page-faults                      #    3.786 /sec                   
    64,228,260,206      cycles                           #    3.286 GHz                    
    48,153,066,054      instructions                     #    0.75  insn per cycle         
     8,031,827,007      branches                         #  410.931 M/sec                  
           588,830      branch-misses                    #    0.01% of all branches        

      19.579274796 seconds time elapsed

      19.525210000 seconds user
       0.000000000 seconds sys


	Command being timed: "perf stat /home/AVX512/results/Intel_Gold_6126_CPU_2.60GHz_harmonic_series/../../bin/harmonic_series 1 4e9"
	User time (seconds): 19.86
	System time (seconds): 0.03
	Percent of CPU this job got: 99%
	Elapsed (wall clock) time (h:mm:ss or m:ss): 0:19.96
	Average shared text size (kbytes): 0
	Average unshared data size (kbytes): 0
	Average stack size (kbytes): 0
	Average total size (kbytes): 0
	Maximum resident set size (kbytes): 31104
	Average resident set size (kbytes): 0
	Major (requiring I/O) page faults: 0
	Minor (reclaiming a frame) page faults: 4792
	Voluntary context switches: 6
	Involuntary context switches: 7726
	Swaps: 0
	File system inputs: 0
	File system outputs: 0
	Socket messages sent: 0
	Socket messages received: 0
	Signals delivered: 0
	Page size (bytes): 4096
	Exit status: 0
