Time elapsed: 19.5044 s
AVX256:
Sum 24.7662
Difference Sum - Formula 2.05098e-11
Performed 8e+09 HarmonicSeriesAVX256 operations. Avg: 6.339 CPU cycles/call
Time elapsed: 19.5044 s

 Performance counter stats for '/home/AVX512/results/Intel_Gold_6126_CPU_2.60GHz_harmonic_series/../../bin/harmonic_series 1 4e9':

         19,472.40 msec task-clock                       #    0.998 CPUs utilized          
             7,599      context-switches                 #  390.245 /sec                   
                 4      cpu-migrations                   #    0.205 /sec                   
                74      page-faults                      #    3.800 /sec                   
    64,228,165,138      cycles                           #    3.298 GHz                    
    48,151,586,772      instructions                     #    0.75  insn per cycle         
     8,031,596,688      branches                         #  412.460 M/sec                  
           578,275      branch-misses                    #    0.01% of all branches        

      19.505667182 seconds time elapsed

      19.451414000 seconds user
       0.000997000 seconds sys


	Command being timed: "perf stat /home/AVX512/results/Intel_Gold_6126_CPU_2.60GHz_harmonic_series/../../bin/harmonic_series 1 4e9"
	User time (seconds): 19.78
	System time (seconds): 0.03
	Percent of CPU this job got: 99%
	Elapsed (wall clock) time (h:mm:ss or m:ss): 0:19.87
	Average shared text size (kbytes): 0
	Average unshared data size (kbytes): 0
	Average stack size (kbytes): 0
	Average total size (kbytes): 0
	Maximum resident set size (kbytes): 30980
	Average resident set size (kbytes): 0
	Major (requiring I/O) page faults: 0
	Minor (reclaiming a frame) page faults: 4794
	Voluntary context switches: 5
	Involuntary context switches: 7744
	Swaps: 0
	File system inputs: 0
	File system outputs: 0
	Socket messages sent: 0
	Socket messages received: 0
	Signals delivered: 0
	Page size (bytes): 4096
	Exit status: 0
