Time elapsed: 19.524 s
AVX256:
Sum 24.7662
Difference Sum - Formula 2.05098e-11
Performed 8e+09 HarmonicSeriesAVX256 operations. Avg: 6.34535 CPU cycles/call
Time elapsed: 19.524 s

 Performance counter stats for '/home/AVX512/results/Intel_Gold_6126_CPU_2.60GHz_harmonic_series/../../bin/harmonic_series 1 4e9':

         19,492.61 msec task-clock                       #    0.998 CPUs utilized          
             7,587      context-switches                 #  389.224 /sec                   
                 6      cpu-migrations                   #    0.308 /sec                   
                74      page-faults                      #    3.796 /sec                   
    64,229,431,259      cycles                           #    3.295 GHz                    
    48,151,786,630      instructions                     #    0.75  insn per cycle         
     8,031,636,626      branches                         #  412.035 M/sec                  
           597,115      branch-misses                    #    0.01% of all branches        

      19.525341578 seconds time elapsed

      19.472249000 seconds user
       0.000000000 seconds sys


	Command being timed: "perf stat /home/AVX512/results/Intel_Gold_6126_CPU_2.60GHz_harmonic_series/../../bin/harmonic_series 1 4e9"
	User time (seconds): 19.81
	System time (seconds): 0.03
	Percent of CPU this job got: 99%
	Elapsed (wall clock) time (h:mm:ss or m:ss): 0:19.90
	Average shared text size (kbytes): 0
	Average unshared data size (kbytes): 0
	Average stack size (kbytes): 0
	Average total size (kbytes): 0
	Maximum resident set size (kbytes): 30800
	Average resident set size (kbytes): 0
	Major (requiring I/O) page faults: 0
	Minor (reclaiming a frame) page faults: 4789
	Voluntary context switches: 5
	Involuntary context switches: 7742
	Swaps: 0
	File system inputs: 0
	File system outputs: 0
	Socket messages sent: 0
	Socket messages received: 0
	Signals delivered: 0
	Page size (bytes): 4096
	Exit status: 0
