Time elapsed: 19.5802 s
AVX256:
Sum 24.7662
Difference Sum - Formula 2.05098e-11
Performed 8e+09 HarmonicSeriesAVX256 operations. Avg: 6.36362 CPU cycles/call
Time elapsed: 19.5802 s

 Performance counter stats for '/home/AVX512/results/Intel_Gold_6126_CPU_2.60GHz_harmonic_series/../../bin/harmonic_series 1 4e9':

         19,548.68 msec task-clock                       #    0.998 CPUs utilized          
             7,609      context-switches                 #  389.233 /sec                   
                 9      cpu-migrations                   #    0.460 /sec                   
                73      page-faults                      #    3.734 /sec                   
    64,231,653,788      cycles                           #    3.286 GHz                    
    48,158,411,772      instructions                     #    0.75  insn per cycle         
     8,032,809,823      branches                         #  410.913 M/sec                  
           628,292      branch-misses                    #    0.01% of all branches        

      19.581525318 seconds time elapsed

      19.525627000 seconds user
       0.001992000 seconds sys


	Command being timed: "perf stat /home/AVX512/results/Intel_Gold_6126_CPU_2.60GHz_harmonic_series/../../bin/harmonic_series 1 4e9"
	User time (seconds): 19.85
	System time (seconds): 0.04
	Percent of CPU this job got: 99%
	Elapsed (wall clock) time (h:mm:ss or m:ss): 0:19.96
	Average shared text size (kbytes): 0
	Average unshared data size (kbytes): 0
	Average stack size (kbytes): 0
	Average total size (kbytes): 0
	Maximum resident set size (kbytes): 31136
	Average resident set size (kbytes): 0
	Major (requiring I/O) page faults: 0
	Minor (reclaiming a frame) page faults: 4788
	Voluntary context switches: 5
	Involuntary context switches: 7758
	Swaps: 0
	File system inputs: 0
	File system outputs: 0
	Socket messages sent: 0
	Socket messages received: 0
	Signals delivered: 0
	Page size (bytes): 4096
	Exit status: 0
