Time elapsed: 19.5909 s
AVX256:
Sum 24.7662
Difference Sum - Formula 2.05098e-11
Performed 8e+09 HarmonicSeriesAVX256 operations. Avg: 6.3671 CPU cycles/call
Time elapsed: 19.5909 s

 Performance counter stats for '/home/AVX512/results/Intel_Gold_6126_CPU_2.60GHz_harmonic_series/../../bin/harmonic_series 1 4e9':

         19,560.28 msec task-clock                       #    0.998 CPUs utilized          
             7,533      context-switches                 #  385.117 /sec                   
                 2      cpu-migrations                   #    0.102 /sec                   
                74      page-faults                      #    3.783 /sec                   
    64,237,917,037      cycles                           #    3.284 GHz                    
    48,158,815,541      instructions                     #    0.75  insn per cycle         
     8,032,664,221      branches                         #  410.662 M/sec                  
           626,723      branch-misses                    #    0.01% of all branches        

      19.593295598 seconds time elapsed

      19.536081000 seconds user
       0.000988000 seconds sys


	Command being timed: "perf stat /home/AVX512/results/Intel_Gold_6126_CPU_2.60GHz_harmonic_series/../../bin/harmonic_series 1 4e9"
	User time (seconds): 19.86
	System time (seconds): 0.04
	Percent of CPU this job got: 99%
	Elapsed (wall clock) time (h:mm:ss or m:ss): 0:19.98
	Average shared text size (kbytes): 0
	Average unshared data size (kbytes): 0
	Average stack size (kbytes): 0
	Average total size (kbytes): 0
	Maximum resident set size (kbytes): 30988
	Average resident set size (kbytes): 0
	Major (requiring I/O) page faults: 0
	Minor (reclaiming a frame) page faults: 4791
	Voluntary context switches: 6
	Involuntary context switches: 7685
	Swaps: 0
	File system inputs: 0
	File system outputs: 0
	Socket messages sent: 0
	Socket messages received: 0
	Signals delivered: 0
	Page size (bytes): 4096
	Exit status: 0
