Plain sum:
Sum 24.7662
Difference Sum - Formula -4.80693e-10
Performed 3.2e+10 HarmonicSeriesPlain operations. Avg: 3.27828 CPU cycles/call
Time elapsed: 40.3477 s

 Performance counter stats for '/home/AVX512/results/Intel_Gold_6126_CPU_2.60GHz_harmonic_series/../../bin/harmonic_series 2 4e9':

         40,282.41 msec task-clock                       #    0.998 CPUs utilized          
            15,631      context-switches                 #  388.035 /sec                   
                28      cpu-migrations                   #    0.695 /sec                   
                74      page-faults                      #    1.837 /sec                   
   132,333,153,405      cycles                           #    3.285 GHz                    
   192,314,426,265      instructions                     #    1.45  insn per cycle         
    32,065,382,435      branches                         #  796.014 M/sec                  
         1,231,035      branch-misses                    #    0.00% of all branches        

      40.349073186 seconds time elapsed

      40.233933000 seconds user
       0.000995000 seconds sys


	Command being timed: "perf stat /home/AVX512/results/Intel_Gold_6126_CPU_2.60GHz_harmonic_series/../../bin/harmonic_series 2 4e9"
	User time (seconds): 40.57
	System time (seconds): 0.03
	Percent of CPU this job got: 99%
	Elapsed (wall clock) time (h:mm:ss or m:ss): 0:40.73
	Average shared text size (kbytes): 0
	Average unshared data size (kbytes): 0
	Average stack size (kbytes): 0
	Average total size (kbytes): 0
	Maximum resident set size (kbytes): 31140
	Average resident set size (kbytes): 0
	Major (requiring I/O) page faults: 0
	Minor (reclaiming a frame) page faults: 4794
	Voluntary context switches: 6
	Involuntary context switches: 15778
	Swaps: 0
	File system inputs: 0
	File system outputs: 0
	Socket messages sent: 0
	Socket messages received: 0
	Signals delivered: 0
	Page size (bytes): 4096
	Exit status: 0
