Time elapsed: 22.5189 s
AVX512:
Sum 24.7662
Difference Sum - Formula -1.40332e-12
Performed 4e+09 HarmonicSeriesAVX512 operations. Avg: 14.6374 CPU cycles/call
Time elapsed: 22.5189 s

 Performance counter stats for '/home/AVX512/results/Intel_Gold_6126_CPU_2.60GHz_harmonic_series/../../bin/harmonic_series 0 4e9':

         22,479.59 msec task-clock                       #    0.998 CPUs utilized          
             8,456      context-switches                 #  376.163 /sec                   
                 5      cpu-migrations                   #    0.222 /sec                   
                74      page-faults                      #    3.292 /sec                   
    65,039,417,680      cycles                           #    2.893 GHz                    
    24,183,373,909      instructions                     #    0.37  insn per cycle         
     4,037,732,783      branches                         #  179.618 M/sec                  
           702,115      branch-misses                    #    0.02% of all branches        

      22.521528613 seconds time elapsed

      22.451363000 seconds user
       0.002976000 seconds sys


	Command being timed: "perf stat /home/AVX512/results/Intel_Gold_6126_CPU_2.60GHz_harmonic_series/../../bin/harmonic_series 0 4e9"
	User time (seconds): 22.78
	System time (seconds): 0.04
	Percent of CPU this job got: 99%
	Elapsed (wall clock) time (h:mm:ss or m:ss): 0:22.91
	Average shared text size (kbytes): 0
	Average unshared data size (kbytes): 0
	Average stack size (kbytes): 0
	Average total size (kbytes): 0
	Maximum resident set size (kbytes): 31044
	Average resident set size (kbytes): 0
	Major (requiring I/O) page faults: 0
	Minor (reclaiming a frame) page faults: 4793
	Voluntary context switches: 6
	Involuntary context switches: 8606
	Swaps: 0
	File system inputs: 0
	File system outputs: 0
	Socket messages sent: 0
	Socket messages received: 0
	Signals delivered: 0
	Page size (bytes): 4096
	Exit status: 0
