Time elapsed: 22.4791 s
AVX512:
Sum 24.7662
Difference Sum - Formula -1.40332e-12
Performed 4e+09 HarmonicSeriesAVX512 operations. Avg: 14.6116 CPU cycles/call
Time elapsed: 22.4792 s

 Performance counter stats for '/home/AVX512/results/Intel_Gold_6126_CPU_2.60GHz_harmonic_series/../../bin/harmonic_series 0 4e9':

         22,437.29 msec task-clock                       #    0.998 CPUs utilized          
             8,530      context-switches                 #  380.171 /sec                   
                 6      cpu-migrations                   #    0.267 /sec                   
                73      page-faults                      #    3.254 /sec                   
    65,035,746,650      cycles                           #    2.899 GHz                    
    24,172,681,711      instructions                     #    0.37  insn per cycle         
     4,035,939,741      branches                         #  179.876 M/sec                  
           672,984      branch-misses                    #    0.02% of all branches        

      22.480407142 seconds time elapsed

      22.413057000 seconds user
       0.000000000 seconds sys


	Command being timed: "perf stat /home/AVX512/results/Intel_Gold_6126_CPU_2.60GHz_harmonic_series/../../bin/harmonic_series 0 4e9"
	User time (seconds): 22.76
	System time (seconds): 0.04
	Percent of CPU this job got: 99%
	Elapsed (wall clock) time (h:mm:ss or m:ss): 0:22.88
	Average shared text size (kbytes): 0
	Average unshared data size (kbytes): 0
	Average stack size (kbytes): 0
	Average total size (kbytes): 0
	Maximum resident set size (kbytes): 31172
	Average resident set size (kbytes): 0
	Major (requiring I/O) page faults: 0
	Minor (reclaiming a frame) page faults: 4793
	Voluntary context switches: 5
	Involuntary context switches: 8681
	Swaps: 0
	File system inputs: 0
	File system outputs: 0
	Socket messages sent: 0
	Socket messages received: 0
	Signals delivered: 0
	Page size (bytes): 4096
	Exit status: 0
