Plain sum:
Sum 24.7662
Difference Sum - Formula -4.80693e-10
Performed 3.2e+10 HarmonicSeriesPlain operations. Avg: 3.27481 CPU cycles/call
Time elapsed: 40.305 s

 Performance counter stats for '/home/AVX512/results/Intel_Gold_6126_CPU_2.60GHz_harmonic_series/../../bin/harmonic_series 2 4e9':

         40,240.54 msec task-clock                       #    0.998 CPUs utilized          
            15,693      context-switches                 #  389.980 /sec                   
                15      cpu-migrations                   #    0.373 /sec                   
                73      page-faults                      #    1.814 /sec                   
   132,343,124,630      cycles                           #    3.289 GHz                    
   192,314,874,258      instructions                     #    1.45  insn per cycle         
    32,065,464,811      branches                         #  796.845 M/sec                  
         1,218,655      branch-misses                    #    0.00% of all branches        

      40.307631798 seconds time elapsed

      40.195011000 seconds user
       0.002963000 seconds sys


	Command being timed: "perf stat /home/AVX512/results/Intel_Gold_6126_CPU_2.60GHz_harmonic_series/../../bin/harmonic_series 2 4e9"
	User time (seconds): 40.52
	System time (seconds): 0.05
	Percent of CPU this job got: 99%
	Elapsed (wall clock) time (h:mm:ss or m:ss): 0:40.69
	Average shared text size (kbytes): 0
	Average unshared data size (kbytes): 0
	Average stack size (kbytes): 0
	Average total size (kbytes): 0
	Maximum resident set size (kbytes): 31064
	Average resident set size (kbytes): 0
	Major (requiring I/O) page faults: 0
	Minor (reclaiming a frame) page faults: 4790
	Voluntary context switches: 4
	Involuntary context switches: 15850
	Swaps: 0
	File system inputs: 0
	File system outputs: 0
	Socket messages sent: 0
	Socket messages received: 0
	Signals delivered: 0
	Page size (bytes): 4096
	Exit status: 0
