Time elapsed: 19.594 s
AVX256:
Sum 24.7662
Difference Sum - Formula 2.05098e-11
Performed 8e+09 HarmonicSeriesAVX256 operations. Avg: 6.36813 CPU cycles/call
Time elapsed: 19.594 s

 Performance counter stats for '/home/AVX512/results/Intel_Gold_6126_CPU_2.60GHz_harmonic_series/../../bin/harmonic_series 1 4e9':

         19,560.81 msec task-clock                       #    0.998 CPUs utilized          
             8,151      context-switches                 #  416.700 /sec                   
                 4      cpu-migrations                   #    0.204 /sec                   
                74      page-faults                      #    3.783 /sec                   
    64,221,583,893      cycles                           #    3.283 GHz                    
    48,168,214,655      instructions                     #    0.75  insn per cycle         
     8,034,548,261      branches                         #  410.747 M/sec                  
           648,156      branch-misses                    #    0.01% of all branches        

      19.596646025 seconds time elapsed

      19.543052000 seconds user
       0.001979000 seconds sys


	Command being timed: "perf stat /home/AVX512/results/Intel_Gold_6126_CPU_2.60GHz_harmonic_series/../../bin/harmonic_series 1 4e9"
	User time (seconds): 19.87
	System time (seconds): 0.03
	Percent of CPU this job got: 99%
	Elapsed (wall clock) time (h:mm:ss or m:ss): 0:19.97
	Average shared text size (kbytes): 0
	Average unshared data size (kbytes): 0
	Average stack size (kbytes): 0
	Average total size (kbytes): 0
	Maximum resident set size (kbytes): 31084
	Average resident set size (kbytes): 0
	Major (requiring I/O) page faults: 0
	Minor (reclaiming a frame) page faults: 4791
	Voluntary context switches: 6
	Involuntary context switches: 8293
	Swaps: 0
	File system inputs: 0
	File system outputs: 0
	Socket messages sent: 0
	Socket messages received: 0
	Signals delivered: 0
	Page size (bytes): 4096
	Exit status: 0
