Time elapsed: 22.5173 s
AVX512:
Sum 24.7662
Difference Sum - Formula -1.40332e-12
Performed 4e+09 HarmonicSeriesAVX512 operations. Avg: 14.6364 CPU cycles/call
Time elapsed: 22.5174 s

 Performance counter stats for '/home/AVX512/results/Intel_Gold_6126_CPU_2.60GHz_harmonic_series/../../bin/harmonic_series 0 4e9':

         22,475.64 msec task-clock                       #    0.998 CPUs utilized          
             8,933      context-switches                 #  397.453 /sec                   
                 5      cpu-migrations                   #    0.222 /sec                   
                73      page-faults                      #    3.248 /sec                   
    65,031,366,348      cycles                           #    2.893 GHz                    
    24,188,472,531      instructions                     #    0.37  insn per cycle         
     4,038,660,616      branches                         #  179.691 M/sec                  
           730,905      branch-misses                    #    0.02% of all branches        

      22.519966796 seconds time elapsed

      22.451809000 seconds user
       0.002975000 seconds sys


	Command being timed: "perf stat /home/AVX512/results/Intel_Gold_6126_CPU_2.60GHz_harmonic_series/../../bin/harmonic_series 0 4e9"
	User time (seconds): 22.77
	System time (seconds): 0.03
	Percent of CPU this job got: 99%
	Elapsed (wall clock) time (h:mm:ss or m:ss): 0:22.89
	Average shared text size (kbytes): 0
	Average unshared data size (kbytes): 0
	Average stack size (kbytes): 0
	Average total size (kbytes): 0
	Maximum resident set size (kbytes): 30920
	Average resident set size (kbytes): 0
	Major (requiring I/O) page faults: 0
	Minor (reclaiming a frame) page faults: 4789
	Voluntary context switches: 6
	Involuntary context switches: 9078
	Swaps: 0
	File system inputs: 0
	File system outputs: 0
	Socket messages sent: 0
	Socket messages received: 0
	Signals delivered: 0
	Page size (bytes): 4096
	Exit status: 0
