Plain sum:
Sum 24.7662
Difference Sum - Formula -4.80693e-10
Performed 3.2e+10 HarmonicSeriesPlain operations. Avg: 3.2697 CPU cycles/call
Time elapsed: 40.2421 s

 Performance counter stats for '/home/AVX512/results/Intel_Gold_6126_CPU_2.60GHz_harmonic_series/../../bin/harmonic_series 2 4e9':

         40,174.54 msec task-clock                       #    0.998 CPUs utilized          
            16,472      context-switches                 #  410.011 /sec                   
                11      cpu-migrations                   #    0.274 /sec                   
                73      page-faults                      #    1.817 /sec                   
   132,294,344,708      cycles                           #    3.293 GHz                    
   192,341,368,173      instructions                     #    1.45  insn per cycle         
    32,070,038,584      branches                         #  798.268 M/sec                  
         1,329,121      branch-misses                    #    0.00% of all branches        

      40.244802233 seconds time elapsed

      40.138740000 seconds user
       0.001987000 seconds sys


	Command being timed: "perf stat /home/AVX512/results/Intel_Gold_6126_CPU_2.60GHz_harmonic_series/../../bin/harmonic_series 2 4e9"
	User time (seconds): 40.48
	System time (seconds): 0.04
	Percent of CPU this job got: 99%
	Elapsed (wall clock) time (h:mm:ss or m:ss): 0:40.65
	Average shared text size (kbytes): 0
	Average unshared data size (kbytes): 0
	Average stack size (kbytes): 0
	Average total size (kbytes): 0
	Maximum resident set size (kbytes): 31092
	Average resident set size (kbytes): 0
	Major (requiring I/O) page faults: 0
	Minor (reclaiming a frame) page faults: 4789
	Voluntary context switches: 6
	Involuntary context switches: 16622
	Swaps: 0
	File system inputs: 0
	File system outputs: 0
	Socket messages sent: 0
	Socket messages received: 0
	Signals delivered: 0
	Page size (bytes): 4096
	Exit status: 0
