
bin/add_avx512f:     file format elf64-x86-64


Disassembly of section .init:

0000000000401000 <_init>:
  401000:	f3 0f 1e fa          	endbr64 
  401004:	48 83 ec 08          	sub    $0x8,%rsp
  401008:	48 8b 05 e9 3f 00 00 	mov    0x3fe9(%rip),%rax        # 404ff8 <__gmon_start__@Base>
  40100f:	48 85 c0             	test   %rax,%rax
  401012:	74 02                	je     401016 <_init+0x16>
  401014:	ff d0                	call   *%rax
  401016:	48 83 c4 08          	add    $0x8,%rsp
  40101a:	c3                   	ret    

Disassembly of section .plt:

0000000000401020 <puts@plt-0x10>:
  401020:	ff 35 e2 3f 00 00    	push   0x3fe2(%rip)        # 405008 <_GLOBAL_OFFSET_TABLE_+0x8>
  401026:	ff 25 e4 3f 00 00    	jmp    *0x3fe4(%rip)        # 405010 <_GLOBAL_OFFSET_TABLE_+0x10>
  40102c:	0f 1f 40 00          	nopl   0x0(%rax)

0000000000401030 <puts@plt>:
  401030:	ff 25 e2 3f 00 00    	jmp    *0x3fe2(%rip)        # 405018 <puts@GLIBC_2.2.5>
  401036:	68 00 00 00 00       	push   $0x0
  40103b:	e9 e0 ff ff ff       	jmp    401020 <_init+0x20>

0000000000401040 <printf@plt>:
  401040:	ff 25 da 3f 00 00    	jmp    *0x3fda(%rip)        # 405020 <printf@GLIBC_2.2.5>
  401046:	68 01 00 00 00       	push   $0x1
  40104b:	e9 d0 ff ff ff       	jmp    401020 <_init+0x20>

Disassembly of section .text:

0000000000401050 <main>:
*/

#include <stdio.h>
#include <immintrin.h>

int main(void) {
  401050:	4c 8d 54 24 08       	lea    0x8(%rsp),%r10
  401055:	48 83 e4 c0          	and    $0xffffffffffffffc0,%rsp
  401059:	41 ff 72 f8          	push   -0x8(%r10)
  40105d:	55                   	push   %rbp
  40105e:	48 89 e5             	mov    %rsp,%rbp
  401061:	41 52                	push   %r10
  401063:	53                   	push   %rbx
  401064:	48 83 ec 60          	sub    $0x60,%rsp
  const unsigned long long int N = (unsigned long long int) 4.0e9;
  unsigned long long int i;
  if( ! __builtin_cpu_supports("avx512f")) {
  401068:	f6 05 ee 3f 00 00 80 	testb  $0x80,0x3fee(%rip)        # 40505d <__cpu_model+0xd>
  40106f:	74 68                	je     4010d9 <main+0x89>
  401071:	62 f1 fd 48 28 0d 05 	vmovapd 0x2005(%rip),%zmm1        # 403080 <__dso_handle+0x78>
  401078:	20 00 00 
  40107b:	bb 00 28 6b ee       	mov    $0xee6b2800,%ebx
    printf("CPU does not support avx512f, exiting.\n");
    return 1;
  }
  __m512d addv = _mm512_set_pd(0.1, 0.2, 0.3, 0.4, 0.5, 0.6, 0.7, 0.8);
  __m512d av = _mm512_setzero_pd();
  401080:	c5 f9 57 c0          	vxorpd %xmm0,%xmm0,%xmm0
  401084:	0f 1f 40 00          	nopl   0x0(%rax)

extern __inline __m512d
__attribute__ ((__gnu_inline__, __always_inline__, __artificial__))
_mm512_add_pd (__m512d __A, __m512d __B)
{
  return (__m512d) ((__v8df)__A + (__v8df)__B);
  401088:	62 f1 fd 48 58 c1    	vaddpd %zmm1,%zmm0,%zmm0
  __attribute__ ((aligned (64))) double out[8];

  for(i=0; i<N; ++i) {
  40108e:	48 83 eb 01          	sub    $0x1,%rbx
  401092:	75 f4                	jne    401088 <main+0x38>
  *(__m512d *) __P = __A;
  401094:	62 f1 fd 48 29 85 90 	vmovapd %zmm0,-0x70(%rbp)
  40109b:	ff ff ff 
    av = _mm512_add_pd(av, addv);
  }

  _mm512_store_pd(out, av);
  for (i=0; i<8; ++i) {
  40109e:	c5 f8 77             	vzeroupper 
  4010a1:	0f 1f 80 00 00 00 00 	nopl   0x0(%rax)
    printf("%llu %.17f\n", i, out[i]);
  4010a8:	c5 fb 10 44 dd 90    	vmovsd -0x70(%rbp,%rbx,8),%xmm0
  4010ae:	48 89 de             	mov    %rbx,%rsi
  4010b1:	bf 37 30 40 00       	mov    $0x403037,%edi
  4010b6:	b8 01 00 00 00       	mov    $0x1,%eax
  for (i=0; i<8; ++i) {
  4010bb:	48 83 c3 01          	add    $0x1,%rbx
    printf("%llu %.17f\n", i, out[i]);
  4010bf:	e8 7c ff ff ff       	call   401040 <printf@plt>
  for (i=0; i<8; ++i) {
  4010c4:	48 83 fb 08          	cmp    $0x8,%rbx
  4010c8:	75 de                	jne    4010a8 <main+0x58>
  }

  return 0;
  4010ca:	31 c0                	xor    %eax,%eax
}
  4010cc:	48 83 c4 60          	add    $0x60,%rsp
  4010d0:	5b                   	pop    %rbx
  4010d1:	41 5a                	pop    %r10
  4010d3:	5d                   	pop    %rbp
  4010d4:	49 8d 62 f8          	lea    -0x8(%r10),%rsp
  4010d8:	c3                   	ret    
    printf("CPU does not support avx512f, exiting.\n");
  4010d9:	bf 10 30 40 00       	mov    $0x403010,%edi
  4010de:	e8 4d ff ff ff       	call   401030 <puts@plt>
    return 1;
  4010e3:	b8 01 00 00 00       	mov    $0x1,%eax
  4010e8:	eb e2                	jmp    4010cc <main+0x7c>
  4010ea:	66 0f 1f 44 00 00    	nopw   0x0(%rax,%rax,1)

00000000004010f0 <has_cpu_feature.part.0.constprop.0>:
  4010f0:	89 f9                	mov    %edi,%ecx
  4010f2:	b8 01 00 00 00       	mov    $0x1,%eax
  4010f7:	48 8d 15 42 3f 00 00 	lea    0x3f42(%rip),%rdx        # 405040 <__cpu_features2>
  4010fe:	d3 e0                	shl    %cl,%eax
  401100:	83 ff 3f             	cmp    $0x3f,%edi
  401103:	0f 97 c1             	seta   %cl
  401106:	0f b6 c9             	movzbl %cl,%ecx
  401109:	23 04 8a             	and    (%rdx,%rcx,4),%eax
  40110c:	c3                   	ret    
  40110d:	0f 1f 00             	nopl   (%rax)

0000000000401110 <get_available_features.constprop.0>:
  401110:	41 55                	push   %r13
  401112:	49 89 fa             	mov    %rdi,%r10
  401115:	41 89 f0             	mov    %esi,%r8d
  401118:	41 89 d1             	mov    %edx,%r9d
  40111b:	41 54                	push   %r12
  40111d:	55                   	push   %rbp
  40111e:	53                   	push   %rbx
  40111f:	89 f3                	mov    %esi,%ebx
  401121:	48 83 ec 08          	sub    $0x8,%rsp
  401125:	8b 6f 08             	mov    0x8(%rdi),%ebp
  401128:	81 e3 00 00 00 08    	and    $0x8000000,%ebx
  40112e:	74 2c                	je     40115c <get_available_features.constprop.0+0x4c>
  401130:	31 c9                	xor    %ecx,%ecx
  401132:	0f 01 d0             	xgetbv 
  401135:	89 c2                	mov    %eax,%edx
  401137:	83 e2 06             	and    $0x6,%edx
  40113a:	83 fa 06             	cmp    $0x6,%edx
  40113d:	0f 84 7a 06 00 00    	je     4017bd <get_available_features.constprop.0+0x6ad>
  401143:	45 31 e4             	xor    %r12d,%r12d
  401146:	45 31 db             	xor    %r11d,%r11d
  401149:	25 00 00 06 00       	and    $0x60000,%eax
  40114e:	45 31 ed             	xor    %r13d,%r13d
  401151:	3d 00 00 06 00       	cmp    $0x60000,%eax
  401156:	41 0f 94 c5          	sete   %r13b
  40115a:	eb 09                	jmp    401165 <get_available_features.constprop.0+0x55>
  40115c:	45 31 ed             	xor    %r13d,%r13d
  40115f:	45 31 e4             	xor    %r12d,%r12d
  401162:	45 31 db             	xor    %r11d,%r11d
  401165:	41 f7 c1 00 80 00 00 	test   $0x8000,%r9d
  40116c:	0f 85 5e 05 00 00    	jne    4016d0 <get_available_features.constprop.0+0x5c0>
  401172:	41 f7 c1 00 00 80 00 	test   $0x800000,%r9d
  401179:	0f 85 45 05 00 00    	jne    4016c4 <get_available_features.constprop.0+0x5b4>
  40117f:	41 f7 c1 00 00 00 02 	test   $0x2000000,%r9d
  401186:	0f 85 7a 05 00 00    	jne    401706 <get_available_features.constprop.0+0x5f6>
  40118c:	41 f7 c1 00 00 00 04 	test   $0x4000000,%r9d
  401193:	0f 85 61 05 00 00    	jne    4016fa <get_available_features.constprop.0+0x5ea>
  401199:	41 f7 c1 00 01 00 00 	test   $0x100,%r9d
  4011a0:	0f 85 45 05 00 00    	jne    4016eb <get_available_features.constprop.0+0x5db>
  4011a6:	41 81 e1 00 00 00 01 	and    $0x1000000,%r9d
  4011ad:	0f 85 29 05 00 00    	jne    4016dc <get_available_features.constprop.0+0x5cc>
  4011b3:	41 f7 c0 00 00 80 00 	test   $0x800000,%r8d
  4011ba:	0f 85 f1 05 00 00    	jne    4017b1 <get_available_features.constprop.0+0x6a1>
  4011c0:	45 89 c1             	mov    %r8d,%r9d
  4011c3:	41 81 e1 00 00 00 02 	and    $0x2000000,%r9d
  4011ca:	0f 85 d2 05 00 00    	jne    4017a2 <get_available_features.constprop.0+0x692>
  4011d0:	41 f6 c0 02          	test   $0x2,%r8b
  4011d4:	0f 85 b9 05 00 00    	jne    401793 <get_available_features.constprop.0+0x683>
  4011da:	41 f6 c0 01          	test   $0x1,%r8b
  4011de:	0f 85 a3 05 00 00    	jne    401787 <get_available_features.constprop.0+0x677>
  4011e4:	41 f7 c0 00 02 00 00 	test   $0x200,%r8d
  4011eb:	0f 85 8a 05 00 00    	jne    40177b <get_available_features.constprop.0+0x66b>
  4011f1:	41 f7 c0 00 00 08 00 	test   $0x80000,%r8d
  4011f8:	0f 85 6e 05 00 00    	jne    40176c <get_available_features.constprop.0+0x65c>
  4011fe:	41 f7 c0 00 00 10 00 	test   $0x100000,%r8d
  401205:	0f 85 52 05 00 00    	jne    40175d <get_available_features.constprop.0+0x64d>
  40120b:	85 db                	test   %ebx,%ebx
  40120d:	0f 85 3b 05 00 00    	jne    40174e <get_available_features.constprop.0+0x63e>
  401213:	41 f7 c0 00 20 00 00 	test   $0x2000,%r8d
  40121a:	0f 85 1f 05 00 00    	jne    40173f <get_available_features.constprop.0+0x62f>
  401220:	41 f7 c0 00 00 40 00 	test   $0x400000,%r8d
  401227:	0f 85 03 05 00 00    	jne    401730 <get_available_features.constprop.0+0x620>
  40122d:	45 85 c9             	test   %r9d,%r9d
  401230:	0f 85 eb 04 00 00    	jne    401721 <get_available_features.constprop.0+0x611>
  401236:	41 f7 c0 00 00 00 40 	test   $0x40000000,%r8d
  40123d:	0f 85 cf 04 00 00    	jne    401712 <get_available_features.constprop.0+0x602>
  401243:	41 f7 c0 00 00 00 04 	test   $0x4000000,%r8d
  40124a:	0f 85 65 04 00 00    	jne    4016b5 <get_available_features.constprop.0+0x5a5>
  401250:	45 85 db             	test   %r11d,%r11d
  401253:	74 27                	je     40127c <get_available_features.constprop.0+0x16c>
  401255:	41 f7 c0 00 00 00 10 	test   $0x10000000,%r8d
  40125c:	0f 85 d0 06 00 00    	jne    401932 <get_available_features.constprop.0+0x822>
  401262:	41 f7 c0 00 10 00 00 	test   $0x1000,%r8d
  401269:	0f 85 d2 06 00 00    	jne    401941 <get_available_features.constprop.0+0x831>
  40126f:	41 81 e0 00 00 00 20 	and    $0x20000000,%r8d
  401276:	0f 85 d4 06 00 00    	jne    401950 <get_available_features.constprop.0+0x840>
  40127c:	83 fd 06             	cmp    $0x6,%ebp
  40127f:	0f 86 0b 03 00 00    	jbe    401590 <get_available_features.constprop.0+0x480>
  401285:	b8 07 00 00 00       	mov    $0x7,%eax
  40128a:	31 c9                	xor    %ecx,%ecx
  40128c:	0f a2                	cpuid  
  40128e:	41 89 d1             	mov    %edx,%r9d
  401291:	41 89 c8             	mov    %ecx,%r8d
  401294:	f6 c3 08             	test   $0x8,%bl
  401297:	0f 85 0d 07 00 00    	jne    4019aa <get_available_features.constprop.0+0x89a>
  40129d:	f6 c3 04             	test   $0x4,%bl
  4012a0:	0f 85 13 07 00 00    	jne    4019b9 <get_available_features.constprop.0+0x8a9>
  4012a6:	f6 c3 10             	test   $0x10,%bl
  4012a9:	0f 85 19 07 00 00    	jne    4019c8 <get_available_features.constprop.0+0x8b8>
  4012af:	f6 c7 08             	test   $0x8,%bh
  4012b2:	0f 85 6b 06 00 00    	jne    401923 <get_available_features.constprop.0+0x813>
  4012b8:	45 85 db             	test   %r11d,%r11d
  4012bb:	74 23                	je     4012e0 <get_available_features.constprop.0+0x1d0>
  4012bd:	f6 c3 20             	test   $0x20,%bl
  4012c0:	0f 85 8c 08 00 00    	jne    401b52 <get_available_features.constprop.0+0xa42>
  4012c6:	41 f7 c0 00 04 00 00 	test   $0x400,%r8d
  4012cd:	0f 85 ad 07 00 00    	jne    401a80 <get_available_features.constprop.0+0x970>
  4012d3:	41 f7 c0 00 02 00 00 	test   $0x200,%r8d
  4012da:	0f 85 91 07 00 00    	jne    401a71 <get_available_features.constprop.0+0x961>
  4012e0:	f6 c7 01             	test   $0x1,%bh
  4012e3:	0f 85 2c 05 00 00    	jne    401815 <get_available_features.constprop.0+0x705>
  4012e9:	f6 c3 01             	test   $0x1,%bl
  4012ec:	0f 85 32 05 00 00    	jne    401824 <get_available_features.constprop.0+0x714>
  4012f2:	f7 c3 00 00 04 00    	test   $0x40000,%ebx
  4012f8:	0f 85 9d 06 00 00    	jne    40199b <get_available_features.constprop.0+0x88b>
  4012fe:	f7 c3 00 00 08 00    	test   $0x80000,%ebx
  401304:	0f 85 73 06 00 00    	jne    40197d <get_available_features.constprop.0+0x86d>
  40130a:	f7 c3 00 00 00 20    	test   $0x20000000,%ebx
  401310:	0f 85 76 06 00 00    	jne    40198c <get_available_features.constprop.0+0x87c>
  401316:	f7 c3 00 00 80 00    	test   $0x800000,%ebx
  40131c:	0f 85 11 05 00 00    	jne    401833 <get_available_features.constprop.0+0x723>
  401322:	f7 c3 00 00 00 01    	test   $0x1000000,%ebx
  401328:	0f 85 14 05 00 00    	jne    401842 <get_available_features.constprop.0+0x732>
  40132e:	41 f6 c0 01          	test   $0x1,%r8b
  401332:	0f 85 19 05 00 00    	jne    401851 <get_available_features.constprop.0+0x741>
  401338:	41 f6 c0 10          	test   $0x10,%r8b
  40133c:	0f 85 1e 05 00 00    	jne    401860 <get_available_features.constprop.0+0x750>
  401342:	41 f7 c0 00 00 40 00 	test   $0x400000,%r8d
  401349:	0f 85 20 05 00 00    	jne    40186f <get_available_features.constprop.0+0x75f>
  40134f:	41 f7 c0 00 01 00 00 	test   $0x100,%r8d
  401356:	0f 85 22 05 00 00    	jne    40187e <get_available_features.constprop.0+0x76e>
  40135c:	41 f7 c0 00 00 00 08 	test   $0x8000000,%r8d
  401363:	0f 85 24 05 00 00    	jne    40188d <get_available_features.constprop.0+0x77d>
  401369:	41 f7 c0 00 00 00 10 	test   $0x10000000,%r8d
  401370:	0f 85 26 05 00 00    	jne    40189c <get_available_features.constprop.0+0x78c>
  401376:	41 f7 c0 00 00 00 20 	test   $0x20000000,%r8d
  40137d:	0f 85 28 05 00 00    	jne    4018ab <get_available_features.constprop.0+0x79b>
  401383:	41 f7 c0 00 00 00 02 	test   $0x2000000,%r8d
  40138a:	0f 85 2a 05 00 00    	jne    4018ba <get_available_features.constprop.0+0x7aa>
  401390:	41 f6 c0 20          	test   $0x20,%r8b
  401394:	0f 85 2f 05 00 00    	jne    4018c9 <get_available_features.constprop.0+0x7b9>
  40139a:	41 f6 c0 80          	test   $0x80,%r8b
  40139e:	0f 85 34 05 00 00    	jne    4018d8 <get_available_features.constprop.0+0x7c8>
  4013a4:	41 f7 c1 00 40 00 00 	test   $0x4000,%r9d
  4013ab:	0f 85 36 05 00 00    	jne    4018e7 <get_available_features.constprop.0+0x7d7>
  4013b1:	41 f7 c1 00 00 01 00 	test   $0x10000,%r9d
  4013b8:	0f 85 38 05 00 00    	jne    4018f6 <get_available_features.constprop.0+0x7e6>
  4013be:	41 f7 c1 00 00 04 00 	test   $0x40000,%r9d
  4013c5:	0f 85 3a 05 00 00    	jne    401905 <get_available_features.constprop.0+0x7f5>
  4013cb:	41 f7 c1 00 00 10 00 	test   $0x100000,%r9d
  4013d2:	0f 85 3c 05 00 00    	jne    401914 <get_available_features.constprop.0+0x804>
  4013d8:	41 f6 c1 20          	test   $0x20,%r9b
  4013dc:	0f 85 fb 03 00 00    	jne    4017dd <get_available_features.constprop.0+0x6cd>
  4013e2:	45 85 ed             	test   %r13d,%r13d
  4013e5:	74 27                	je     40140e <get_available_features.constprop.0+0x2fe>
  4013e7:	41 f7 c1 00 00 00 01 	test   $0x1000000,%r9d
  4013ee:	0f 85 40 07 00 00    	jne    401b34 <get_available_features.constprop.0+0xa24>
  4013f4:	41 f7 c1 00 00 00 02 	test   $0x2000000,%r9d
  4013fb:	0f 85 61 06 00 00    	jne    401a62 <get_available_features.constprop.0+0x952>
  401401:	41 f7 c1 00 00 40 00 	test   $0x400000,%r9d
  401408:	0f 85 45 06 00 00    	jne    401a53 <get_available_features.constprop.0+0x943>
  40140e:	45 85 e4             	test   %r12d,%r12d
  401411:	0f 84 67 02 00 00    	je     40167e <get_available_features.constprop.0+0x56e>
  401417:	f7 c3 00 00 01 00    	test   $0x10000,%ebx
  40141d:	0f 85 20 07 00 00    	jne    401b43 <get_available_features.constprop.0+0xa33>
  401423:	85 db                	test   %ebx,%ebx
  401425:	0f 88 c0 07 00 00    	js     401beb <get_available_features.constprop.0+0xadb>
  40142b:	f7 c3 00 00 00 40    	test   $0x40000000,%ebx
  401431:	0f 85 84 07 00 00    	jne    401bbb <get_available_features.constprop.0+0xaab>
  401437:	f7 c3 00 00 02 00    	test   $0x20000,%ebx
  40143d:	0f 85 69 07 00 00    	jne    401bac <get_available_features.constprop.0+0xa9c>
  401443:	f7 c3 00 00 00 10    	test   $0x10000000,%ebx
  401449:	0f 85 4e 07 00 00    	jne    401b9d <get_available_features.constprop.0+0xa8d>
  40144f:	f7 c3 00 00 00 04    	test   $0x4000000,%ebx
  401455:	0f 85 33 07 00 00    	jne    401b8e <get_available_features.constprop.0+0xa7e>
  40145b:	f7 c3 00 00 00 08    	test   $0x8000000,%ebx
  401461:	0f 85 18 07 00 00    	jne    401b7f <get_available_features.constprop.0+0xa6f>
  401467:	81 e3 00 00 20 00    	and    $0x200000,%ebx
  40146d:	0f 85 fd 06 00 00    	jne    401b70 <get_available_features.constprop.0+0xa60>
  401473:	41 f6 c0 02          	test   $0x2,%r8b
  401477:	0f 85 e4 06 00 00    	jne    401b61 <get_available_features.constprop.0+0xa51>
  40147d:	41 f6 c0 40          	test   $0x40,%r8b
  401481:	0f 85 71 06 00 00    	jne    401af8 <get_available_features.constprop.0+0x9e8>
  401487:	41 f7 c0 00 08 00 00 	test   $0x800,%r8d
  40148e:	0f 85 55 06 00 00    	jne    401ae9 <get_available_features.constprop.0+0x9d9>
  401494:	41 f7 c0 00 10 00 00 	test   $0x1000,%r8d
  40149b:	0f 85 39 06 00 00    	jne    401ada <get_available_features.constprop.0+0x9ca>
  4014a1:	41 f7 c0 00 40 00 00 	test   $0x4000,%r8d
  4014a8:	0f 85 1d 06 00 00    	jne    401acb <get_available_features.constprop.0+0x9bb>
  4014ae:	41 f6 c1 04          	test   $0x4,%r9b
  4014b2:	0f 85 04 06 00 00    	jne    401abc <get_available_features.constprop.0+0x9ac>
  4014b8:	41 f6 c1 08          	test   $0x8,%r9b
  4014bc:	0f 85 eb 05 00 00    	jne    401aad <get_available_features.constprop.0+0x99d>
  4014c2:	41 f7 c1 00 01 00 00 	test   $0x100,%r9d
  4014c9:	0f 85 cf 05 00 00    	jne    401a9e <get_available_features.constprop.0+0x98e>
  4014cf:	41 81 e1 00 00 80 00 	and    $0x800000,%r9d
  4014d6:	0f 85 b3 05 00 00    	jne    401a8f <get_available_features.constprop.0+0x97f>
  4014dc:	b8 07 00 00 00       	mov    $0x7,%eax
  4014e1:	b9 01 00 00 00       	mov    $0x1,%ecx
  4014e6:	0f a2                	cpuid  
  4014e8:	41 89 c1             	mov    %eax,%r9d
  4014eb:	a9 00 00 40 00       	test   $0x400000,%eax
  4014f0:	0f 85 4e 05 00 00    	jne    401a44 <get_available_features.constprop.0+0x934>
  4014f6:	45 85 db             	test   %r11d,%r11d
  4014f9:	74 0a                	je     401505 <get_available_features.constprop.0+0x3f5>
  4014fb:	41 f6 c1 10          	test   $0x10,%r9b
  4014ff:	0f 85 6d 07 00 00    	jne    401c72 <get_available_features.constprop.0+0xb62>
  401505:	41 80 e1 20          	and    $0x20,%r9b
  401509:	0f 85 c8 04 00 00    	jne    4019d7 <get_available_features.constprop.0+0x8c7>
  40150f:	83 fd 0c             	cmp    $0xc,%ebp
  401512:	76 7c                	jbe    401590 <get_available_features.constprop.0+0x480>
  401514:	41 b9 0d 00 00 00    	mov    $0xd,%r9d
  40151a:	b9 01 00 00 00       	mov    $0x1,%ecx
  40151f:	44 89 c8             	mov    %r9d,%eax
  401522:	0f a2                	cpuid  
  401524:	41 89 c1             	mov    %eax,%r9d
  401527:	a8 01                	test   $0x1,%al
  401529:	0f 85 f6 05 00 00    	jne    401b25 <get_available_features.constprop.0+0xa15>
  40152f:	41 f6 c1 02          	test   $0x2,%r9b
  401533:	0f 85 dd 05 00 00    	jne    401b16 <get_available_features.constprop.0+0xa06>
  401539:	41 80 e1 08          	and    $0x8,%r9b
  40153d:	0f 85 c4 05 00 00    	jne    401b07 <get_available_features.constprop.0+0x9f7>
  401543:	83 fd 13             	cmp    $0x13,%ebp
  401546:	76 48                	jbe    401590 <get_available_features.constprop.0+0x480>
  401548:	b8 14 00 00 00       	mov    $0x14,%eax
  40154d:	31 c9                	xor    %ecx,%ecx
  40154f:	0f a2                	cpuid  
  401551:	80 e3 10             	and    $0x10,%bl
  401554:	0f 85 eb 06 00 00    	jne    401c45 <get_available_features.constprop.0+0xb35>
  40155a:	83 fd 18             	cmp    $0x18,%ebp
  40155d:	76 31                	jbe    401590 <get_available_features.constprop.0+0x480>
  40155f:	b8 19 00 00 00       	mov    $0x19,%eax
  401564:	0f a2                	cpuid  
  401566:	f6 c3 01             	test   $0x1,%bl
  401569:	74 25                	je     401590 <get_available_features.constprop.0+0x480>
  40156b:	bf 5b 00 00 00       	mov    $0x5b,%edi
  401570:	e8 4b 0e 00 00       	call   4023c0 <set_cpu_feature.constprop.0>
  401575:	80 e3 04             	and    $0x4,%bl
  401578:	0f 85 03 07 00 00    	jne    401c81 <get_available_features.constprop.0+0xb71>
  40157e:	41 81 e0 00 00 80 00 	and    $0x800000,%r8d
  401585:	0f 85 05 07 00 00    	jne    401c90 <get_available_features.constprop.0+0xb80>
  40158b:	0f 1f 44 00 00       	nopl   0x0(%rax,%rax,1)
  401590:	b8 00 00 00 80       	mov    $0x80000000,%eax
  401595:	0f a2                	cpuid  
  401597:	41 89 42 0c          	mov    %eax,0xc(%r10)
  40159b:	41 89 c0             	mov    %eax,%r8d
  40159e:	3d 00 00 00 80       	cmp    $0x80000000,%eax
  4015a3:	0f 86 ca 00 00 00    	jbe    401673 <get_available_features.constprop.0+0x563>
  4015a9:	b8 01 00 00 80       	mov    $0x80000001,%eax
  4015ae:	0f a2                	cpuid  
  4015b0:	41 89 d2             	mov    %edx,%r10d
  4015b3:	41 89 c9             	mov    %ecx,%r9d
  4015b6:	f6 c1 40             	test   $0x40,%cl
  4015b9:	0f 85 a0 03 00 00    	jne    40195f <get_available_features.constprop.0+0x84f>
  4015bf:	41 f6 c1 01          	test   $0x1,%r9b
  4015c3:	0f 85 a5 03 00 00    	jne    40196e <get_available_features.constprop.0+0x85e>
  4015c9:	44 89 cb             	mov    %r9d,%ebx
  4015cc:	44 89 cd             	mov    %r9d,%ebp
  4015cf:	81 e3 00 80 00 00    	and    $0x8000,%ebx
  4015d5:	81 e5 00 00 20 00    	and    $0x200000,%ebp
  4015db:	41 f6 c1 20          	test   $0x20,%r9b
  4015df:	0f 85 07 02 00 00    	jne    4017ec <get_available_features.constprop.0+0x6dc>
  4015e5:	85 db                	test   %ebx,%ebx
  4015e7:	0f 85 dd 05 00 00    	jne    401bca <get_available_features.constprop.0+0xaba>
  4015ed:	85 ed                	test   %ebp,%ebp
  4015ef:	0f 85 e7 05 00 00    	jne    401bdc <get_available_features.constprop.0+0xacc>
  4015f5:	41 f7 c1 00 01 00 00 	test   $0x100,%r9d
  4015fc:	0f 85 25 06 00 00    	jne    401c27 <get_available_features.constprop.0+0xb17>
  401602:	41 f7 c1 00 00 00 20 	test   $0x20000000,%r9d
  401609:	0f 85 09 06 00 00    	jne    401c18 <get_available_features.constprop.0+0xb08>
  40160f:	41 f7 c2 00 00 00 20 	test   $0x20000000,%r10d
  401616:	0f 85 ed 05 00 00    	jne    401c09 <get_available_features.constprop.0+0xaf9>
  40161c:	41 f7 c2 00 00 00 40 	test   $0x40000000,%r10d
  401623:	0f 85 d1 05 00 00    	jne    401bfa <get_available_features.constprop.0+0xaea>
  401629:	45 85 d2             	test   %r10d,%r10d
  40162c:	0f 88 04 06 00 00    	js     401c36 <get_available_features.constprop.0+0xb26>
  401632:	45 85 db             	test   %r11d,%r11d
  401635:	74 1a                	je     401651 <get_available_features.constprop.0+0x541>
  401637:	41 f7 c1 00 00 01 00 	test   $0x10000,%r9d
  40163e:	0f 85 d1 03 00 00    	jne    401a15 <get_available_features.constprop.0+0x905>
  401644:	41 81 e1 00 08 00 00 	and    $0x800,%r9d
  40164b:	0f 85 b5 03 00 00    	jne    401a06 <get_available_features.constprop.0+0x8f6>
  401651:	41 81 f8 07 00 00 80 	cmp    $0x80000007,%r8d
  401658:	76 19                	jbe    401673 <get_available_features.constprop.0+0x563>
  40165a:	b8 08 00 00 80       	mov    $0x80000008,%eax
  40165f:	0f a2                	cpuid  
  401661:	f6 c3 01             	test   $0x1,%bl
  401664:	0f 85 8d 03 00 00    	jne    4019f7 <get_available_features.constprop.0+0x8e7>
  40166a:	80 e7 02             	and    $0x2,%bh
  40166d:	0f 85 73 03 00 00    	jne    4019e6 <get_available_features.constprop.0+0x8d6>
  401673:	48 83 c4 08          	add    $0x8,%rsp
  401677:	5b                   	pop    %rbx
  401678:	5d                   	pop    %rbp
  401679:	41 5c                	pop    %r12
  40167b:	41 5d                	pop    %r13
  40167d:	c3                   	ret    
  40167e:	b8 07 00 00 00       	mov    $0x7,%eax
  401683:	b9 01 00 00 00       	mov    $0x1,%ecx
  401688:	0f a2                	cpuid  
  40168a:	a9 00 00 40 00       	test   $0x400000,%eax
  40168f:	0f 85 8f 03 00 00    	jne    401a24 <get_available_features.constprop.0+0x914>
  401695:	45 85 db             	test   %r11d,%r11d
  401698:	0f 84 71 fe ff ff    	je     40150f <get_available_features.constprop.0+0x3ff>
  40169e:	a8 10                	test   $0x10,%al
  4016a0:	0f 84 69 fe ff ff    	je     40150f <get_available_features.constprop.0+0x3ff>
  4016a6:	bf 5d 00 00 00       	mov    $0x5d,%edi
  4016ab:	e8 10 0d 00 00       	call   4023c0 <set_cpu_feature.constprop.0>
  4016b0:	e9 5a fe ff ff       	jmp    40150f <get_available_features.constprop.0+0x3ff>
  4016b5:	bf 51 00 00 00       	mov    $0x51,%edi
  4016ba:	e8 01 0d 00 00       	call   4023c0 <set_cpu_feature.constprop.0>
  4016bf:	e9 8c fb ff ff       	jmp    401250 <get_available_features.constprop.0+0x140>
  4016c4:	83 0d 91 39 00 00 02 	orl    $0x2,0x3991(%rip)        # 40505c <__cpu_model+0xc>
  4016cb:	e9 af fa ff ff       	jmp    40117f <get_available_features.constprop.0+0x6f>
  4016d0:	83 0d 85 39 00 00 01 	orl    $0x1,0x3985(%rip)        # 40505c <__cpu_model+0xc>
  4016d7:	e9 96 fa ff ff       	jmp    401172 <get_available_features.constprop.0+0x62>
  4016dc:	bf 33 00 00 00       	mov    $0x33,%edi
  4016e1:	e8 da 0c 00 00       	call   4023c0 <set_cpu_feature.constprop.0>
  4016e6:	e9 c8 fa ff ff       	jmp    4011b3 <get_available_features.constprop.0+0xa3>
  4016eb:	bf 2f 00 00 00       	mov    $0x2f,%edi
  4016f0:	e8 cb 0c 00 00       	call   4023c0 <set_cpu_feature.constprop.0>
  4016f5:	e9 ac fa ff ff       	jmp    4011a6 <get_available_features.constprop.0+0x96>
  4016fa:	83 0d 5b 39 00 00 10 	orl    $0x10,0x395b(%rip)        # 40505c <__cpu_model+0xc>
  401701:	e9 93 fa ff ff       	jmp    401199 <get_available_features.constprop.0+0x89>
  401706:	83 0d 4f 39 00 00 08 	orl    $0x8,0x394f(%rip)        # 40505c <__cpu_model+0xc>
  40170d:	e9 7a fa ff ff       	jmp    40118c <get_available_features.constprop.0+0x7c>
  401712:	bf 45 00 00 00       	mov    $0x45,%edi
  401717:	e8 a4 0c 00 00       	call   4023c0 <set_cpu_feature.constprop.0>
  40171c:	e9 22 fb ff ff       	jmp    401243 <get_available_features.constprop.0+0x133>
  401721:	81 0d 31 39 00 00 00 	orl    $0x40000,0x3931(%rip)        # 40505c <__cpu_model+0xc>
  401728:	00 04 00 
  40172b:	e9 06 fb ff ff       	jmp    401236 <get_available_features.constprop.0+0x126>
  401730:	bf 3a 00 00 00       	mov    $0x3a,%edi
  401735:	e8 86 0c 00 00       	call   4023c0 <set_cpu_feature.constprop.0>
  40173a:	e9 ee fa ff ff       	jmp    40122d <get_available_features.constprop.0+0x11d>
  40173f:	bf 2e 00 00 00       	mov    $0x2e,%edi
  401744:	e8 77 0c 00 00       	call   4023c0 <set_cpu_feature.constprop.0>
  401749:	e9 d2 fa ff ff       	jmp    401220 <get_available_features.constprop.0+0x110>
  40174e:	bf 3e 00 00 00       	mov    $0x3e,%edi
  401753:	e8 68 0c 00 00       	call   4023c0 <set_cpu_feature.constprop.0>
  401758:	e9 b6 fa ff ff       	jmp    401213 <get_available_features.constprop.0+0x103>
  40175d:	81 0d f5 38 00 00 00 	orl    $0x100,0x38f5(%rip)        # 40505c <__cpu_model+0xc>
  401764:	01 00 00 
  401767:	e9 9f fa ff ff       	jmp    40120b <get_available_features.constprop.0+0xfb>
  40176c:	81 0d e6 38 00 00 80 	orl    $0x80,0x38e6(%rip)        # 40505c <__cpu_model+0xc>
  401773:	00 00 00 
  401776:	e9 83 fa ff ff       	jmp    4011fe <get_available_features.constprop.0+0xee>
  40177b:	83 0d da 38 00 00 40 	orl    $0x40,0x38da(%rip)        # 40505c <__cpu_model+0xc>
  401782:	e9 6a fa ff ff       	jmp    4011f1 <get_available_features.constprop.0+0xe1>
  401787:	83 0d ce 38 00 00 20 	orl    $0x20,0x38ce(%rip)        # 40505c <__cpu_model+0xc>
  40178e:	e9 51 fa ff ff       	jmp    4011e4 <get_available_features.constprop.0+0xd4>
  401793:	81 0d bf 38 00 00 00 	orl    $0x80000,0x38bf(%rip)        # 40505c <__cpu_model+0xc>
  40179a:	00 08 00 
  40179d:	e9 38 fa ff ff       	jmp    4011da <get_available_features.constprop.0+0xca>
  4017a2:	81 0d b0 38 00 00 00 	orl    $0x40000,0x38b0(%rip)        # 40505c <__cpu_model+0xc>
  4017a9:	00 04 00 
  4017ac:	e9 1f fa ff ff       	jmp    4011d0 <get_available_features.constprop.0+0xc0>
  4017b1:	83 0d a4 38 00 00 04 	orl    $0x4,0x38a4(%rip)        # 40505c <__cpu_model+0xc>
  4017b8:	e9 03 fa ff ff       	jmp    4011c0 <get_available_features.constprop.0+0xb0>
  4017bd:	89 c2                	mov    %eax,%edx
  4017bf:	45 31 e4             	xor    %r12d,%r12d
  4017c2:	41 bb 01 00 00 00    	mov    $0x1,%r11d
  4017c8:	81 e2 e6 00 00 00    	and    $0xe6,%edx
  4017ce:	81 fa e6 00 00 00    	cmp    $0xe6,%edx
  4017d4:	41 0f 94 c4          	sete   %r12b
  4017d8:	e9 6c f9 ff ff       	jmp    401149 <get_available_features.constprop.0+0x39>
  4017dd:	bf 58 00 00 00       	mov    $0x58,%edi
  4017e2:	e8 d9 0b 00 00       	call   4023c0 <set_cpu_feature.constprop.0>
  4017e7:	e9 f6 fb ff ff       	jmp    4013e2 <get_available_features.constprop.0+0x2d2>
  4017ec:	bf 29 00 00 00       	mov    $0x29,%edi
  4017f1:	e8 ca 0b 00 00       	call   4023c0 <set_cpu_feature.constprop.0>
  4017f6:	85 db                	test   %ebx,%ebx
  4017f8:	0f 85 65 04 00 00    	jne    401c63 <get_available_features.constprop.0+0xb53>
  4017fe:	85 ed                	test   %ebp,%ebp
  401800:	0f 85 4e 04 00 00    	jne    401c54 <get_available_features.constprop.0+0xb44>
  401806:	bf 39 00 00 00       	mov    $0x39,%edi
  40180b:	e8 b0 0b 00 00       	call   4023c0 <set_cpu_feature.constprop.0>
  401810:	e9 e0 fd ff ff       	jmp    4015f5 <get_available_features.constprop.0+0x4e5>
  401815:	81 0d 3d 38 00 00 00 	orl    $0x20000,0x383d(%rip)        # 40505c <__cpu_model+0xc>
  40181c:	00 02 00 
  40181f:	e9 c5 fa ff ff       	jmp    4012e9 <get_available_features.constprop.0+0x1d9>
  401824:	bf 32 00 00 00       	mov    $0x32,%edi
  401829:	e8 92 0b 00 00       	call   4023c0 <set_cpu_feature.constprop.0>
  40182e:	e9 bf fa ff ff       	jmp    4012f2 <get_available_features.constprop.0+0x1e2>
  401833:	bf 2b 00 00 00       	mov    $0x2b,%edi
  401838:	e8 83 0b 00 00       	call   4023c0 <set_cpu_feature.constprop.0>
  40183d:	e9 e0 fa ff ff       	jmp    401322 <get_available_features.constprop.0+0x212>
  401842:	bf 2c 00 00 00       	mov    $0x2c,%edi
  401847:	e8 74 0b 00 00       	call   4023c0 <set_cpu_feature.constprop.0>
  40184c:	e9 dd fa ff ff       	jmp    40132e <get_available_features.constprop.0+0x21e>
  401851:	bf 41 00 00 00       	mov    $0x41,%edi
  401856:	e8 65 0b 00 00       	call   4023c0 <set_cpu_feature.constprop.0>
  40185b:	e9 d8 fa ff ff       	jmp    401338 <get_available_features.constprop.0+0x228>
  401860:	bf 40 00 00 00       	mov    $0x40,%edi
  401865:	e8 56 0b 00 00       	call   4023c0 <set_cpu_feature.constprop.0>
  40186a:	e9 d3 fa ff ff       	jmp    401342 <get_available_features.constprop.0+0x232>
  40186f:	bf 44 00 00 00       	mov    $0x44,%edi
  401874:	e8 47 0b 00 00       	call   4023c0 <set_cpu_feature.constprop.0>
  401879:	e9 d1 fa ff ff       	jmp    40134f <get_available_features.constprop.0+0x23f>
  40187e:	bf 20 00 00 00       	mov    $0x20,%edi
  401883:	e8 38 0b 00 00       	call   4023c0 <set_cpu_feature.constprop.0>
  401888:	e9 cf fa ff ff       	jmp    40135c <get_available_features.constprop.0+0x24c>
  40188d:	bf 3c 00 00 00       	mov    $0x3c,%edi
  401892:	e8 29 0b 00 00       	call   4023c0 <set_cpu_feature.constprop.0>
  401897:	e9 cd fa ff ff       	jmp    401369 <get_available_features.constprop.0+0x259>
  40189c:	bf 3b 00 00 00       	mov    $0x3b,%edi
  4018a1:	e8 1a 0b 00 00       	call   4023c0 <set_cpu_feature.constprop.0>
  4018a6:	e9 cb fa ff ff       	jmp    401376 <get_available_features.constprop.0+0x266>
  4018ab:	bf 30 00 00 00       	mov    $0x30,%edi
  4018b0:	e8 0b 0b 00 00       	call   4023c0 <set_cpu_feature.constprop.0>
  4018b5:	e9 c9 fa ff ff       	jmp    401383 <get_available_features.constprop.0+0x273>
  4018ba:	bf 2a 00 00 00       	mov    $0x2a,%edi
  4018bf:	e8 fc 0a 00 00       	call   4023c0 <set_cpu_feature.constprop.0>
  4018c4:	e9 c7 fa ff ff       	jmp    401390 <get_available_features.constprop.0+0x280>
  4018c9:	bf 4f 00 00 00       	mov    $0x4f,%edi
  4018ce:	e8 ed 0a 00 00       	call   4023c0 <set_cpu_feature.constprop.0>
  4018d3:	e9 c2 fa ff ff       	jmp    40139a <get_available_features.constprop.0+0x28a>
  4018d8:	bf 4b 00 00 00       	mov    $0x4b,%edi
  4018dd:	e8 de 0a 00 00       	call   4023c0 <set_cpu_feature.constprop.0>
  4018e2:	e9 bd fa ff ff       	jmp    4013a4 <get_available_features.constprop.0+0x294>
  4018e7:	bf 48 00 00 00       	mov    $0x48,%edi
  4018ec:	e8 cf 0a 00 00       	call   4023c0 <set_cpu_feature.constprop.0>
  4018f1:	e9 bb fa ff ff       	jmp    4013b1 <get_available_features.constprop.0+0x2a1>
  4018f6:	bf 4d 00 00 00       	mov    $0x4d,%edi
  4018fb:	e8 c0 0a 00 00       	call   4023c0 <set_cpu_feature.constprop.0>
  401900:	e9 b9 fa ff ff       	jmp    4013be <get_available_features.constprop.0+0x2ae>
  401905:	bf 3f 00 00 00       	mov    $0x3f,%edi
  40190a:	e8 b1 0a 00 00       	call   4023c0 <set_cpu_feature.constprop.0>
  40190f:	e9 b7 fa ff ff       	jmp    4013cb <get_available_features.constprop.0+0x2bb>
  401914:	bf 35 00 00 00       	mov    $0x35,%edi
  401919:	e8 a2 0a 00 00       	call   4023c0 <set_cpu_feature.constprop.0>
  40191e:	e9 b5 fa ff ff       	jmp    4013d8 <get_available_features.constprop.0+0x2c8>
  401923:	bf 47 00 00 00       	mov    $0x47,%edi
  401928:	e8 93 0a 00 00       	call   4023c0 <set_cpu_feature.constprop.0>
  40192d:	e9 86 f9 ff ff       	jmp    4012b8 <get_available_features.constprop.0+0x1a8>
  401932:	81 0d 20 37 00 00 00 	orl    $0x200,0x3720(%rip)        # 40505c <__cpu_model+0xc>
  401939:	02 00 00 
  40193c:	e9 21 f9 ff ff       	jmp    401262 <get_available_features.constprop.0+0x152>
  401941:	81 0d 11 37 00 00 00 	orl    $0x4000,0x3711(%rip)        # 40505c <__cpu_model+0xc>
  401948:	40 00 00 
  40194b:	e9 1f f9 ff ff       	jmp    40126f <get_available_features.constprop.0+0x15f>
  401950:	bf 31 00 00 00       	mov    $0x31,%edi
  401955:	e8 66 0a 00 00       	call   4023c0 <set_cpu_feature.constprop.0>
  40195a:	e9 1d f9 ff ff       	jmp    40127c <get_available_features.constprop.0+0x16c>
  40195f:	81 0d f3 36 00 00 00 	orl    $0x800,0x36f3(%rip)        # 40505c <__cpu_model+0xc>
  401966:	08 00 00 
  401969:	e9 51 fc ff ff       	jmp    4015bf <get_available_features.constprop.0+0x4af>
  40196e:	bf 36 00 00 00       	mov    $0x36,%edi
  401973:	e8 48 0a 00 00       	call   4023c0 <set_cpu_feature.constprop.0>
  401978:	e9 4c fc ff ff       	jmp    4015c9 <get_available_features.constprop.0+0x4b9>
  40197d:	bf 28 00 00 00       	mov    $0x28,%edi
  401982:	e8 39 0a 00 00       	call   4023c0 <set_cpu_feature.constprop.0>
  401987:	e9 7e f9 ff ff       	jmp    40130a <get_available_features.constprop.0+0x1fa>
  40198c:	bf 4a 00 00 00       	mov    $0x4a,%edi
  401991:	e8 2a 0a 00 00       	call   4023c0 <set_cpu_feature.constprop.0>
  401996:	e9 7b f9 ff ff       	jmp    401316 <get_available_features.constprop.0+0x206>
  40199b:	bf 46 00 00 00       	mov    $0x46,%edi
  4019a0:	e8 1b 0a 00 00       	call   4023c0 <set_cpu_feature.constprop.0>
  4019a5:	e9 54 f9 ff ff       	jmp    4012fe <get_available_features.constprop.0+0x1ee>
  4019aa:	81 0d a8 36 00 00 00 	orl    $0x10000,0x36a8(%rip)        # 40505c <__cpu_model+0xc>
  4019b1:	00 01 00 
  4019b4:	e9 e4 f8 ff ff       	jmp    40129d <get_available_features.constprop.0+0x18d>
  4019b9:	bf 49 00 00 00       	mov    $0x49,%edi
  4019be:	e8 fd 09 00 00       	call   4023c0 <set_cpu_feature.constprop.0>
  4019c3:	e9 de f8 ff ff       	jmp    4012a6 <get_available_features.constprop.0+0x196>
  4019c8:	bf 34 00 00 00       	mov    $0x34,%edi
  4019cd:	e8 ee 09 00 00       	call   4023c0 <set_cpu_feature.constprop.0>
  4019d2:	e9 d8 f8 ff ff       	jmp    4012af <get_available_features.constprop.0+0x19f>
  4019d7:	bf 24 00 00 00       	mov    $0x24,%edi
  4019dc:	e8 df 09 00 00       	call   4023c0 <set_cpu_feature.constprop.0>
  4019e1:	e9 29 fb ff ff       	jmp    40150f <get_available_features.constprop.0+0x3ff>
  4019e6:	58                   	pop    %rax
  4019e7:	bf 50 00 00 00       	mov    $0x50,%edi
  4019ec:	5b                   	pop    %rbx
  4019ed:	5d                   	pop    %rbp
  4019ee:	41 5c                	pop    %r12
  4019f0:	41 5d                	pop    %r13
  4019f2:	e9 c9 09 00 00       	jmp    4023c0 <set_cpu_feature.constprop.0>
  4019f7:	bf 2d 00 00 00       	mov    $0x2d,%edi
  4019fc:	e8 bf 09 00 00       	call   4023c0 <set_cpu_feature.constprop.0>
  401a01:	e9 64 fc ff ff       	jmp    40166a <get_available_features.constprop.0+0x55a>
  401a06:	81 0d 4c 36 00 00 00 	orl    $0x2000,0x364c(%rip)        # 40505c <__cpu_model+0xc>
  401a0d:	20 00 00 
  401a10:	e9 3c fc ff ff       	jmp    401651 <get_available_features.constprop.0+0x541>
  401a15:	81 0d 3d 36 00 00 00 	orl    $0x1000,0x363d(%rip)        # 40505c <__cpu_model+0xc>
  401a1c:	10 00 00 
  401a1f:	e9 20 fc ff ff       	jmp    401644 <get_available_features.constprop.0+0x534>
  401a24:	bf 59 00 00 00       	mov    $0x59,%edi
  401a29:	89 44 24 04          	mov    %eax,0x4(%rsp)
  401a2d:	e8 8e 09 00 00       	call   4023c0 <set_cpu_feature.constprop.0>
  401a32:	45 85 db             	test   %r11d,%r11d
  401a35:	8b 44 24 04          	mov    0x4(%rsp),%eax
  401a39:	0f 85 5f fc ff ff    	jne    40169e <get_available_features.constprop.0+0x58e>
  401a3f:	e9 cb fa ff ff       	jmp    40150f <get_available_features.constprop.0+0x3ff>
  401a44:	bf 59 00 00 00       	mov    $0x59,%edi
  401a49:	e8 72 09 00 00       	call   4023c0 <set_cpu_feature.constprop.0>
  401a4e:	e9 a3 fa ff ff       	jmp    4014f6 <get_available_features.constprop.0+0x3e6>
  401a53:	bf 57 00 00 00       	mov    $0x57,%edi
  401a58:	e8 63 09 00 00       	call   4023c0 <set_cpu_feature.constprop.0>
  401a5d:	e9 ac f9 ff ff       	jmp    40140e <get_available_features.constprop.0+0x2fe>
  401a62:	bf 56 00 00 00       	mov    $0x56,%edi
  401a67:	e8 54 09 00 00       	call   4023c0 <set_cpu_feature.constprop.0>
  401a6c:	e9 90 f9 ff ff       	jmp    401401 <get_available_features.constprop.0+0x2f1>
  401a71:	bf 4e 00 00 00       	mov    $0x4e,%edi
  401a76:	e8 45 09 00 00       	call   4023c0 <set_cpu_feature.constprop.0>
  401a7b:	e9 60 f8 ff ff       	jmp    4012e0 <get_available_features.constprop.0+0x1d0>
  401a80:	bf 21 00 00 00       	mov    $0x21,%edi
  401a85:	e8 36 09 00 00       	call   4023c0 <set_cpu_feature.constprop.0>
  401a8a:	e9 44 f8 ff ff       	jmp    4012d3 <get_available_features.constprop.0+0x1c3>
  401a8f:	bf 5e 00 00 00       	mov    $0x5e,%edi
  401a94:	e8 27 09 00 00       	call   4023c0 <set_cpu_feature.constprop.0>
  401a99:	e9 3e fa ff ff       	jmp    4014dc <get_available_features.constprop.0+0x3cc>
  401a9e:	bf 25 00 00 00       	mov    $0x25,%edi
  401aa3:	e8 18 09 00 00       	call   4023c0 <set_cpu_feature.constprop.0>
  401aa8:	e9 22 fa ff ff       	jmp    4014cf <get_available_features.constprop.0+0x3bf>
  401aad:	81 0d a5 35 00 00 00 	orl    $0x20000000,0x35a5(%rip)        # 40505c <__cpu_model+0xc>
  401ab4:	00 00 20 
  401ab7:	e9 06 fa ff ff       	jmp    4014c2 <get_available_features.constprop.0+0x3b2>
  401abc:	81 0d 96 35 00 00 00 	orl    $0x10000000,0x3596(%rip)        # 40505c <__cpu_model+0xc>
  401ac3:	00 00 10 
  401ac6:	e9 ed f9 ff ff       	jmp    4014b8 <get_available_features.constprop.0+0x3a8>
  401acb:	81 0d 87 35 00 00 00 	orl    $0x40000000,0x3587(%rip)        # 40505c <__cpu_model+0xc>
  401ad2:	00 00 40 
  401ad5:	e9 d4 f9 ff ff       	jmp    4014ae <get_available_features.constprop.0+0x39e>
  401ada:	bf 23 00 00 00       	mov    $0x23,%edi
  401adf:	e8 dc 08 00 00       	call   4023c0 <set_cpu_feature.constprop.0>
  401ae4:	e9 b8 f9 ff ff       	jmp    4014a1 <get_available_features.constprop.0+0x391>
  401ae9:	bf 22 00 00 00       	mov    $0x22,%edi
  401aee:	e8 cd 08 00 00       	call   4023c0 <set_cpu_feature.constprop.0>
  401af3:	e9 9c f9 ff ff       	jmp    401494 <get_available_features.constprop.0+0x384>
  401af8:	81 0d 5a 35 00 00 00 	orl    $0x80000000,0x355a(%rip)        # 40505c <__cpu_model+0xc>
  401aff:	00 00 80 
  401b02:	e9 80 f9 ff ff       	jmp    401487 <get_available_features.constprop.0+0x377>
  401b07:	bf 54 00 00 00       	mov    $0x54,%edi
  401b0c:	e8 af 08 00 00       	call   4023c0 <set_cpu_feature.constprop.0>
  401b11:	e9 2d fa ff ff       	jmp    401543 <get_available_features.constprop.0+0x433>
  401b16:	bf 52 00 00 00       	mov    $0x52,%edi
  401b1b:	e8 a0 08 00 00       	call   4023c0 <set_cpu_feature.constprop.0>
  401b20:	e9 14 fa ff ff       	jmp    401539 <get_available_features.constprop.0+0x429>
  401b25:	bf 53 00 00 00       	mov    $0x53,%edi
  401b2a:	e8 91 08 00 00       	call   4023c0 <set_cpu_feature.constprop.0>
  401b2f:	e9 fb f9 ff ff       	jmp    40152f <get_available_features.constprop.0+0x41f>
  401b34:	bf 55 00 00 00       	mov    $0x55,%edi
  401b39:	e8 82 08 00 00       	call   4023c0 <set_cpu_feature.constprop.0>
  401b3e:	e9 b1 f8 ff ff       	jmp    4013f4 <get_available_features.constprop.0+0x2e4>
  401b43:	81 0d 0f 35 00 00 00 	orl    $0x8000,0x350f(%rip)        # 40505c <__cpu_model+0xc>
  401b4a:	80 00 00 
  401b4d:	e9 d1 f8 ff ff       	jmp    401423 <get_available_features.constprop.0+0x313>
  401b52:	81 0d 00 35 00 00 00 	orl    $0x400,0x3500(%rip)        # 40505c <__cpu_model+0xc>
  401b59:	04 00 00 
  401b5c:	e9 65 f7 ff ff       	jmp    4012c6 <get_available_features.constprop.0+0x1b6>
  401b61:	81 0d f1 34 00 00 00 	orl    $0x4000000,0x34f1(%rip)        # 40505c <__cpu_model+0xc>
  401b68:	00 00 04 
  401b6b:	e9 0d f9 ff ff       	jmp    40147d <get_available_features.constprop.0+0x36d>
  401b70:	81 0d e2 34 00 00 00 	orl    $0x8000000,0x34e2(%rip)        # 40505c <__cpu_model+0xc>
  401b77:	00 00 08 
  401b7a:	e9 f4 f8 ff ff       	jmp    401473 <get_available_features.constprop.0+0x363>
  401b7f:	81 0d d3 34 00 00 00 	orl    $0x1000000,0x34d3(%rip)        # 40505c <__cpu_model+0xc>
  401b86:	00 00 01 
  401b89:	e9 d9 f8 ff ff       	jmp    401467 <get_available_features.constprop.0+0x357>
  401b8e:	81 0d c4 34 00 00 00 	orl    $0x2000000,0x34c4(%rip)        # 40505c <__cpu_model+0xc>
  401b95:	00 00 02 
  401b98:	e9 be f8 ff ff       	jmp    40145b <get_available_features.constprop.0+0x34b>
  401b9d:	81 0d b5 34 00 00 00 	orl    $0x800000,0x34b5(%rip)        # 40505c <__cpu_model+0xc>
  401ba4:	00 80 00 
  401ba7:	e9 a3 f8 ff ff       	jmp    40144f <get_available_features.constprop.0+0x33f>
  401bac:	81 0d a6 34 00 00 00 	orl    $0x400000,0x34a6(%rip)        # 40505c <__cpu_model+0xc>
  401bb3:	00 40 00 
  401bb6:	e9 88 f8 ff ff       	jmp    401443 <get_available_features.constprop.0+0x333>
  401bbb:	81 0d 97 34 00 00 00 	orl    $0x200000,0x3497(%rip)        # 40505c <__cpu_model+0xc>
  401bc2:	00 20 00 
  401bc5:	e9 6d f8 ff ff       	jmp    401437 <get_available_features.constprop.0+0x327>
  401bca:	bf 38 00 00 00       	mov    $0x38,%edi
  401bcf:	e8 ec 07 00 00       	call   4023c0 <set_cpu_feature.constprop.0>
  401bd4:	85 ed                	test   %ebp,%ebp
  401bd6:	0f 84 19 fa ff ff    	je     4015f5 <get_available_features.constprop.0+0x4e5>
  401bdc:	bf 4c 00 00 00       	mov    $0x4c,%edi
  401be1:	e8 da 07 00 00       	call   4023c0 <set_cpu_feature.constprop.0>
  401be6:	e9 0a fa ff ff       	jmp    4015f5 <get_available_features.constprop.0+0x4e5>
  401beb:	81 0d 67 34 00 00 00 	orl    $0x100000,0x3467(%rip)        # 40505c <__cpu_model+0xc>
  401bf2:	00 10 00 
  401bf5:	e9 31 f8 ff ff       	jmp    40142b <get_available_features.constprop.0+0x31b>
  401bfa:	bf 27 00 00 00       	mov    $0x27,%edi
  401bff:	e8 bc 07 00 00       	call   4023c0 <set_cpu_feature.constprop.0>
  401c04:	e9 20 fa ff ff       	jmp    401629 <get_available_features.constprop.0+0x519>
  401c09:	bf 37 00 00 00       	mov    $0x37,%edi
  401c0e:	e8 ad 07 00 00       	call   4023c0 <set_cpu_feature.constprop.0>
  401c13:	e9 04 fa ff ff       	jmp    40161c <get_available_features.constprop.0+0x50c>
  401c18:	bf 3d 00 00 00       	mov    $0x3d,%edi
  401c1d:	e8 9e 07 00 00       	call   4023c0 <set_cpu_feature.constprop.0>
  401c22:	e9 e8 f9 ff ff       	jmp    40160f <get_available_features.constprop.0+0x4ff>
  401c27:	bf 42 00 00 00       	mov    $0x42,%edi
  401c2c:	e8 8f 07 00 00       	call   4023c0 <set_cpu_feature.constprop.0>
  401c31:	e9 cc f9 ff ff       	jmp    401602 <get_available_features.constprop.0+0x4f2>
  401c36:	bf 26 00 00 00       	mov    $0x26,%edi
  401c3b:	e8 80 07 00 00       	call   4023c0 <set_cpu_feature.constprop.0>
  401c40:	e9 ed f9 ff ff       	jmp    401632 <get_available_features.constprop.0+0x522>
  401c45:	bf 43 00 00 00       	mov    $0x43,%edi
  401c4a:	e8 71 07 00 00       	call   4023c0 <set_cpu_feature.constprop.0>
  401c4f:	e9 06 f9 ff ff       	jmp    40155a <get_available_features.constprop.0+0x44a>
  401c54:	bf 4c 00 00 00       	mov    $0x4c,%edi
  401c59:	e8 62 07 00 00       	call   4023c0 <set_cpu_feature.constprop.0>
  401c5e:	e9 a3 fb ff ff       	jmp    401806 <get_available_features.constprop.0+0x6f6>
  401c63:	bf 38 00 00 00       	mov    $0x38,%edi
  401c68:	e8 53 07 00 00       	call   4023c0 <set_cpu_feature.constprop.0>
  401c6d:	e9 8c fb ff ff       	jmp    4017fe <get_available_features.constprop.0+0x6ee>
  401c72:	bf 5d 00 00 00       	mov    $0x5d,%edi
  401c77:	e8 44 07 00 00       	call   4023c0 <set_cpu_feature.constprop.0>
  401c7c:	e9 84 f8 ff ff       	jmp    401505 <get_available_features.constprop.0+0x3f5>
  401c81:	bf 5c 00 00 00       	mov    $0x5c,%edi
  401c86:	e8 35 07 00 00       	call   4023c0 <set_cpu_feature.constprop.0>
  401c8b:	e9 ee f8 ff ff       	jmp    40157e <get_available_features.constprop.0+0x46e>
  401c90:	bf 5a 00 00 00       	mov    $0x5a,%edi
  401c95:	e8 26 07 00 00       	call   4023c0 <set_cpu_feature.constprop.0>
  401c9a:	e9 f1 f8 ff ff       	jmp    401590 <get_available_features.constprop.0+0x480>
  401c9f:	90                   	nop

0000000000401ca0 <__cpu_indicator_init>:
  401ca0:	f3 0f 1e fa          	endbr64 
  401ca4:	8b 3d a6 33 00 00    	mov    0x33a6(%rip),%edi        # 405050 <__cpu_model>
  401caa:	85 ff                	test   %edi,%edi
  401cac:	0f 85 16 06 00 00    	jne    4022c8 <__cpu_indicator_init+0x628>
  401cb2:	53                   	push   %rbx
  401cb3:	31 f6                	xor    %esi,%esi
  401cb5:	89 f0                	mov    %esi,%eax
  401cb7:	48 83 ec 10          	sub    $0x10,%rsp
  401cbb:	0f a2                	cpuid  
  401cbd:	85 c0                	test   %eax,%eax
  401cbf:	0f 84 ad 00 00 00    	je     401d72 <__cpu_indicator_init+0xd2>
  401cc5:	89 f0                	mov    %esi,%eax
  401cc7:	0f a2                	cpuid  
  401cc9:	41 89 d8             	mov    %ebx,%r8d
  401ccc:	89 c7                	mov    %eax,%edi
  401cce:	85 c0                	test   %eax,%eax
  401cd0:	0f 8e 9c 00 00 00    	jle    401d72 <__cpu_indicator_init+0xd2>
  401cd6:	89 f0                	mov    %esi,%eax
  401cd8:	0f a2                	cpuid  
  401cda:	85 c0                	test   %eax,%eax
  401cdc:	0f 84 90 00 00 00    	je     401d72 <__cpu_indicator_init+0xd2>
  401ce2:	b8 01 00 00 00       	mov    $0x1,%eax
  401ce7:	0f a2                	cpuid  
  401ce9:	89 c6                	mov    %eax,%esi
  401ceb:	41 89 c1             	mov    %eax,%r9d
  401cee:	89 7c 24 08          	mov    %edi,0x8(%rsp)
  401cf2:	89 c7                	mov    %eax,%edi
  401cf4:	c1 ef 04             	shr    $0x4,%edi
  401cf7:	c1 ee 08             	shr    $0x8,%esi
  401cfa:	41 c1 e9 0c          	shr    $0xc,%r9d
  401cfe:	c1 e8 14             	shr    $0x14,%eax
  401d01:	83 e7 0f             	and    $0xf,%edi
  401d04:	83 e6 0f             	and    $0xf,%esi
  401d07:	41 81 e1 f0 00 00 00 	and    $0xf0,%r9d
  401d0e:	0f b6 c0             	movzbl %al,%eax
  401d11:	41 81 f8 47 65 6e 75 	cmp    $0x756e6547,%r8d
  401d18:	74 6b                	je     401d85 <__cpu_indicator_init+0xe5>
  401d1a:	41 81 f8 41 75 74 68 	cmp    $0x68747541,%r8d
  401d21:	0f 84 f1 01 00 00    	je     401f18 <__cpu_indicator_init+0x278>
  401d27:	41 81 f8 43 65 6e 74 	cmp    $0x746e6543,%r8d
  401d2e:	0f 84 5a 01 00 00    	je     401e8e <__cpu_indicator_init+0x1ee>
  401d34:	41 81 f8 43 79 72 69 	cmp    $0x69727943,%r8d
  401d3b:	0f 84 27 02 00 00    	je     401f68 <__cpu_indicator_init+0x2c8>
  401d41:	31 c0                	xor    %eax,%eax
  401d43:	41 81 f8 47 65 6f 64 	cmp    $0x646f6547,%r8d
  401d4a:	0f 94 c0             	sete   %al
  401d4d:	8d 44 40 03          	lea    0x3(%rax,%rax,2),%eax
  401d51:	bf 37 00 00 00       	mov    $0x37,%edi
  401d56:	89 05 f4 32 00 00    	mov    %eax,0x32f4(%rip)        # 405050 <__cpu_model>
  401d5c:	e8 8f f3 ff ff       	call   4010f0 <has_cpu_feature.part.0.constprop.0>
  401d61:	85 c0                	test   %eax,%eax
  401d63:	74 09                	je     401d6e <__cpu_indicator_init+0xce>
  401d65:	f6 05 f0 32 00 00 10 	testb  $0x10,0x32f0(%rip)        # 40505c <__cpu_model+0xc>
  401d6c:	75 31                	jne    401d9f <__cpu_indicator_init+0xff>
  401d6e:	31 c0                	xor    %eax,%eax
  401d70:	eb 0d                	jmp    401d7f <__cpu_indicator_init+0xdf>
  401d72:	c7 05 d4 32 00 00 03 	movl   $0x3,0x32d4(%rip)        # 405050 <__cpu_model>
  401d79:	00 00 00 
  401d7c:	83 c8 ff             	or     $0xffffffff,%eax
  401d7f:	48 83 c4 10          	add    $0x10,%rsp
  401d83:	5b                   	pop    %rbx
  401d84:	c3                   	ret    
  401d85:	83 fe 0f             	cmp    $0xf,%esi
  401d88:	0f 84 0a 01 00 00    	je     401e98 <__cpu_indicator_init+0x1f8>
  401d8e:	83 fe 06             	cmp    $0x6,%esi
  401d91:	0f 85 07 01 00 00    	jne    401e9e <__cpu_indicator_init+0x1fe>
  401d97:	44 09 cf             	or     %r9d,%edi
  401d9a:	e9 ff 00 00 00       	jmp    401e9e <__cpu_indicator_init+0x1fe>
  401d9f:	bf 5f 00 00 00       	mov    $0x5f,%edi
  401da4:	e8 17 06 00 00       	call   4023c0 <set_cpu_feature.constprop.0>
  401da9:	bf 2e 00 00 00       	mov    $0x2e,%edi
  401dae:	e8 3d f3 ff ff       	call   4010f0 <has_cpu_feature.part.0.constprop.0>
  401db3:	85 c0                	test   %eax,%eax
  401db5:	74 b7                	je     401d6e <__cpu_indicator_init+0xce>
  401db7:	8b 35 9f 32 00 00    	mov    0x329f(%rip),%esi        # 40505c <__cpu_model+0xc>
  401dbd:	40 f6 c6 04          	test   $0x4,%sil
  401dc1:	74 ab                	je     401d6e <__cpu_indicator_init+0xce>
  401dc3:	bf 36 00 00 00       	mov    $0x36,%edi
  401dc8:	e8 23 f3 ff ff       	call   4010f0 <has_cpu_feature.part.0.constprop.0>
  401dcd:	85 c0                	test   %eax,%eax
  401dcf:	74 9d                	je     401d6e <__cpu_indicator_init+0xce>
  401dd1:	81 e6 00 01 00 00    	and    $0x100,%esi
  401dd7:	74 95                	je     401d6e <__cpu_indicator_init+0xce>
  401dd9:	bf 60 00 00 00       	mov    $0x60,%edi
  401dde:	e8 dd 05 00 00       	call   4023c0 <set_cpu_feature.constprop.0>
  401de3:	8b 35 73 32 00 00    	mov    0x3273(%rip),%esi        # 40505c <__cpu_model+0xc>
  401de9:	89 f0                	mov    %esi,%eax
  401deb:	25 00 04 01 00       	and    $0x10400,%eax
  401df0:	3d 00 04 01 00       	cmp    $0x10400,%eax
  401df5:	0f 85 73 ff ff ff    	jne    401d6e <__cpu_indicator_init+0xce>
  401dfb:	f7 c6 00 00 02 00    	test   $0x20000,%esi
  401e01:	0f 84 67 ff ff ff    	je     401d6e <__cpu_indicator_init+0xce>
  401e07:	bf 31 00 00 00       	mov    $0x31,%edi
  401e0c:	e8 df f2 ff ff       	call   4010f0 <has_cpu_feature.part.0.constprop.0>
  401e11:	85 c0                	test   %eax,%eax
  401e13:	0f 84 55 ff ff ff    	je     401d6e <__cpu_indicator_init+0xce>
  401e19:	81 e6 00 40 00 00    	and    $0x4000,%esi
  401e1f:	0f 84 49 ff ff ff    	je     401d6e <__cpu_indicator_init+0xce>
  401e25:	bf 39 00 00 00       	mov    $0x39,%edi
  401e2a:	e8 c1 f2 ff ff       	call   4010f0 <has_cpu_feature.part.0.constprop.0>
  401e2f:	85 c0                	test   %eax,%eax
  401e31:	0f 84 37 ff ff ff    	je     401d6e <__cpu_indicator_init+0xce>
  401e37:	bf 3a 00 00 00       	mov    $0x3a,%edi
  401e3c:	e8 af f2 ff ff       	call   4010f0 <has_cpu_feature.part.0.constprop.0>
  401e41:	85 c0                	test   %eax,%eax
  401e43:	0f 84 25 ff ff ff    	je     401d6e <__cpu_indicator_init+0xce>
  401e49:	bf 61 00 00 00       	mov    $0x61,%edi
  401e4e:	e8 6d 05 00 00       	call   4023c0 <set_cpu_feature.constprop.0>
  401e53:	8b 05 03 32 00 00    	mov    0x3203(%rip),%eax        # 40505c <__cpu_model+0xc>
  401e59:	89 c2                	mov    %eax,%edx
  401e5b:	81 e2 00 00 a0 00    	and    $0xa00000,%edx
  401e61:	81 fa 00 00 a0 00    	cmp    $0xa00000,%edx
  401e67:	0f 85 01 ff ff ff    	jne    401d6e <__cpu_indicator_init+0xce>
  401e6d:	25 00 00 50 00       	and    $0x500000,%eax
  401e72:	3d 00 00 50 00       	cmp    $0x500000,%eax
  401e77:	0f 85 f1 fe ff ff    	jne    401d6e <__cpu_indicator_init+0xce>
  401e7d:	bf 62 00 00 00       	mov    $0x62,%edi
  401e82:	e8 39 05 00 00       	call   4023c0 <set_cpu_feature.constprop.0>
  401e87:	31 c0                	xor    %eax,%eax
  401e89:	e9 f1 fe ff ff       	jmp    401d7f <__cpu_indicator_init+0xdf>
  401e8e:	b8 04 00 00 00       	mov    $0x4,%eax
  401e93:	e9 b9 fe ff ff       	jmp    401d51 <__cpu_indicator_init+0xb1>
  401e98:	8d 70 0f             	lea    0xf(%rax),%esi
  401e9b:	44 09 cf             	or     %r9d,%edi
  401e9e:	89 34 24             	mov    %esi,(%rsp)
  401ea1:	89 ce                	mov    %ecx,%esi
  401ea3:	89 7c 24 04          	mov    %edi,0x4(%rsp)
  401ea7:	48 89 e7             	mov    %rsp,%rdi
  401eaa:	e8 61 f2 ff ff       	call   401110 <get_available_features.constprop.0>
  401eaf:	83 3c 24 06          	cmpl   $0x6,(%rsp)
  401eb3:	75 2a                	jne    401edf <__cpu_indicator_init+0x23f>
  401eb5:	8b 4c 24 04          	mov    0x4(%rsp),%ecx
  401eb9:	83 f9 1f             	cmp    $0x1f,%ecx
  401ebc:	76 1c                	jbe    401eda <__cpu_indicator_init+0x23a>
  401ebe:	83 e9 25             	sub    $0x25,%ecx
  401ec1:	81 f9 9a 00 00 00    	cmp    $0x9a,%ecx
  401ec7:	77 16                	ja     401edf <__cpu_indicator_init+0x23f>
  401ec9:	48 8d 15 f0 11 00 00 	lea    0x11f0(%rip),%rdx        # 4030c0 <__dso_handle+0xb8>
  401ed0:	48 63 04 8a          	movslq (%rdx,%rcx,4),%rax
  401ed4:	48 01 d0             	add    %rdx,%rax
  401ed7:	3e ff e0             	notrack jmp *%rax
  401eda:	83 f9 0e             	cmp    $0xe,%ecx
  401edd:	77 0a                	ja     401ee9 <__cpu_indicator_init+0x249>
  401edf:	b8 01 00 00 00       	mov    $0x1,%eax
  401ee4:	e9 68 fe ff ff       	jmp    401d51 <__cpu_indicator_init+0xb1>
  401ee9:	b8 01 00 00 00       	mov    $0x1,%eax
  401eee:	48 d3 e0             	shl    %cl,%rax
  401ef1:	a9 00 80 80 20       	test   $0x20808000,%eax
  401ef6:	0f 85 fd 02 00 00    	jne    4021f9 <__cpu_indicator_init+0x559>
  401efc:	a9 00 00 00 c4       	test   $0xc4000000,%eax
  401f01:	0f 85 21 02 00 00    	jne    402128 <__cpu_indicator_init+0x488>
  401f07:	83 f9 1c             	cmp    $0x1c,%ecx
  401f0a:	75 d3                	jne    401edf <__cpu_indicator_init+0x23f>
  401f0c:	c7 05 3e 31 00 00 01 	movl   $0x1,0x313e(%rip)        # 405054 <__cpu_model+0x4>
  401f13:	00 00 00 
  401f16:	eb c7                	jmp    401edf <__cpu_indicator_init+0x23f>
  401f18:	83 fe 0f             	cmp    $0xf,%esi
  401f1b:	75 06                	jne    401f23 <__cpu_indicator_init+0x283>
  401f1d:	8d 70 0f             	lea    0xf(%rax),%esi
  401f20:	44 09 cf             	or     %r9d,%edi
  401f23:	89 34 24             	mov    %esi,(%rsp)
  401f26:	89 ce                	mov    %ecx,%esi
  401f28:	89 7c 24 04          	mov    %edi,0x4(%rsp)
  401f2c:	48 89 e7             	mov    %rsp,%rdi
  401f2f:	e8 dc f1 ff ff       	call   401110 <get_available_features.constprop.0>
  401f34:	8b 04 24             	mov    (%rsp),%eax
  401f37:	8b 4c 24 04          	mov    0x4(%rsp),%ecx
  401f3b:	83 e8 10             	sub    $0x10,%eax
  401f3e:	83 f8 09             	cmp    $0x9,%eax
  401f41:	77 1b                	ja     401f5e <__cpu_indicator_init+0x2be>
  401f43:	48 8d 15 e2 13 00 00 	lea    0x13e2(%rip),%rdx        # 40332c <__dso_handle+0x324>
  401f4a:	48 63 04 82          	movslq (%rdx,%rax,4),%rax
  401f4e:	48 01 d0             	add    %rdx,%rax
  401f51:	3e ff e0             	notrack jmp *%rax
  401f54:	c7 05 f6 30 00 00 08 	movl   $0x8,0x30f6(%rip)        # 405054 <__cpu_model+0x4>
  401f5b:	00 00 00 
  401f5e:	b8 02 00 00 00       	mov    $0x2,%eax
  401f63:	e9 e9 fd ff ff       	jmp    401d51 <__cpu_indicator_init+0xb1>
  401f68:	b8 05 00 00 00       	mov    $0x5,%eax
  401f6d:	e9 df fd ff ff       	jmp    401d51 <__cpu_indicator_init+0xb1>
  401f72:	c7 05 d8 30 00 00 0f 	movl   $0xf,0x30d8(%rip)        # 405054 <__cpu_model+0x4>
  401f79:	00 00 00 
  401f7c:	83 f9 0f             	cmp    $0xf,%ecx
  401f7f:	0f 87 44 02 00 00    	ja     4021c9 <__cpu_indicator_init+0x529>
  401f85:	c7 05 c9 30 00 00 1a 	movl   $0x1a,0x30c9(%rip)        # 405058 <__cpu_model+0x8>
  401f8c:	00 00 00 
  401f8f:	eb cd                	jmp    401f5e <__cpu_indicator_init+0x2be>
  401f91:	c7 05 b9 30 00 00 0a 	movl   $0xa,0x30b9(%rip)        # 405054 <__cpu_model+0x4>
  401f98:	00 00 00 
  401f9b:	83 f9 1f             	cmp    $0x1f,%ecx
  401f9e:	0f 87 11 02 00 00    	ja     4021b5 <__cpu_indicator_init+0x515>
  401fa4:	c7 05 aa 30 00 00 0b 	movl   $0xb,0x30aa(%rip)        # 405058 <__cpu_model+0x8>
  401fab:	00 00 00 
  401fae:	eb ae                	jmp    401f5e <__cpu_indicator_init+0x2be>
  401fb0:	c7 05 9a 30 00 00 09 	movl   $0x9,0x309a(%rip)        # 405054 <__cpu_model+0x4>
  401fb7:	00 00 00 
  401fba:	eb a2                	jmp    401f5e <__cpu_indicator_init+0x2be>
  401fbc:	c7 05 8e 30 00 00 04 	movl   $0x4,0x308e(%rip)        # 405054 <__cpu_model+0x4>
  401fc3:	00 00 00 
  401fc6:	83 f9 04             	cmp    $0x4,%ecx
  401fc9:	0f 84 48 02 00 00    	je     402217 <__cpu_indicator_init+0x577>
  401fcf:	83 f9 08             	cmp    $0x8,%ecx
  401fd2:	0f 84 30 02 00 00    	je     402208 <__cpu_indicator_init+0x568>
  401fd8:	83 f9 02             	cmp    $0x2,%ecx
  401fdb:	75 81                	jne    401f5e <__cpu_indicator_init+0x2be>
  401fdd:	c7 05 71 30 00 00 04 	movl   $0x4,0x3071(%rip)        # 405058 <__cpu_model+0x8>
  401fe4:	00 00 00 
  401fe7:	e9 72 ff ff ff       	jmp    401f5e <__cpu_indicator_init+0x2be>
  401fec:	c7 05 5e 30 00 00 05 	movl   $0x5,0x305e(%rip)        # 405054 <__cpu_model+0x4>
  401ff3:	00 00 00 
  401ff6:	83 f9 02             	cmp    $0x2,%ecx
  401ff9:	0f 84 a7 01 00 00    	je     4021a6 <__cpu_indicator_init+0x506>
  401fff:	83 f9 0f             	cmp    $0xf,%ecx
  402002:	0f 87 d8 01 00 00    	ja     4021e0 <__cpu_indicator_init+0x540>
  402008:	c7 05 46 30 00 00 07 	movl   $0x7,0x3046(%rip)        # 405058 <__cpu_model+0x8>
  40200f:	00 00 00 
  402012:	e9 47 ff ff ff       	jmp    401f5e <__cpu_indicator_init+0x2be>
  402017:	c7 05 33 30 00 00 06 	movl   $0x6,0x3033(%rip)        # 405054 <__cpu_model+0x4>
  40201e:	00 00 00 
  402021:	e9 b9 fe ff ff       	jmp    401edf <__cpu_indicator_init+0x23f>
  402026:	48 8b 05 5b 13 00 00 	mov    0x135b(%rip),%rax        # 403388 <__dso_handle+0x380>
  40202d:	48 89 05 20 30 00 00 	mov    %rax,0x3020(%rip)        # 405054 <__cpu_model+0x4>
  402034:	e9 a6 fe ff ff       	jmp    401edf <__cpu_indicator_init+0x23f>
  402039:	48 8b 05 40 13 00 00 	mov    0x1340(%rip),%rax        # 403380 <__dso_handle+0x378>
  402040:	48 89 05 0d 30 00 00 	mov    %rax,0x300d(%rip)        # 405054 <__cpu_model+0x4>
  402047:	e9 93 fe ff ff       	jmp    401edf <__cpu_indicator_init+0x23f>
  40204c:	48 8b 05 25 13 00 00 	mov    0x1325(%rip),%rax        # 403378 <__dso_handle+0x370>
  402053:	48 89 05 fa 2f 00 00 	mov    %rax,0x2ffa(%rip)        # 405054 <__cpu_model+0x4>
  40205a:	e9 80 fe ff ff       	jmp    401edf <__cpu_indicator_init+0x23f>
  40205f:	48 8b 05 52 13 00 00 	mov    0x1352(%rip),%rax        # 4033b8 <__dso_handle+0x3b0>
  402066:	48 89 05 e7 2f 00 00 	mov    %rax,0x2fe7(%rip)        # 405054 <__cpu_model+0x4>
  40206d:	e9 6d fe ff ff       	jmp    401edf <__cpu_indicator_init+0x23f>
  402072:	c7 05 d8 2f 00 00 0e 	movl   $0xe,0x2fd8(%rip)        # 405054 <__cpu_model+0x4>
  402079:	00 00 00 
  40207c:	e9 5e fe ff ff       	jmp    401edf <__cpu_indicator_init+0x23f>
  402081:	48 8b 05 20 13 00 00 	mov    0x1320(%rip),%rax        # 4033a8 <__dso_handle+0x3a0>
  402088:	48 89 05 c5 2f 00 00 	mov    %rax,0x2fc5(%rip)        # 405054 <__cpu_model+0x4>
  40208f:	e9 4b fe ff ff       	jmp    401edf <__cpu_indicator_init+0x23f>
  402094:	48 8b 05 c5 12 00 00 	mov    0x12c5(%rip),%rax        # 403360 <__dso_handle+0x358>
  40209b:	48 89 05 b2 2f 00 00 	mov    %rax,0x2fb2(%rip)        # 405054 <__cpu_model+0x4>
  4020a2:	e9 38 fe ff ff       	jmp    401edf <__cpu_indicator_init+0x23f>
  4020a7:	48 8b 05 c2 12 00 00 	mov    0x12c2(%rip),%rax        # 403370 <__dso_handle+0x368>
  4020ae:	48 89 05 9f 2f 00 00 	mov    %rax,0x2f9f(%rip)        # 405054 <__cpu_model+0x4>
  4020b5:	e9 25 fe ff ff       	jmp    401edf <__cpu_indicator_init+0x23f>
  4020ba:	48 8b 05 cf 12 00 00 	mov    0x12cf(%rip),%rax        # 403390 <__dso_handle+0x388>
  4020c1:	48 89 05 8c 2f 00 00 	mov    %rax,0x2f8c(%rip)        # 405054 <__cpu_model+0x4>
  4020c8:	e9 12 fe ff ff       	jmp    401edf <__cpu_indicator_init+0x23f>
  4020cd:	48 8b 05 dc 12 00 00 	mov    0x12dc(%rip),%rax        # 4033b0 <__dso_handle+0x3a8>
  4020d4:	48 89 05 79 2f 00 00 	mov    %rax,0x2f79(%rip)        # 405054 <__cpu_model+0x4>
  4020db:	e9 ff fd ff ff       	jmp    401edf <__cpu_indicator_init+0x23f>
  4020e0:	48 8b 05 81 12 00 00 	mov    0x1281(%rip),%rax        # 403368 <__dso_handle+0x360>
  4020e7:	48 89 05 66 2f 00 00 	mov    %rax,0x2f66(%rip)        # 405054 <__cpu_model+0x4>
  4020ee:	e9 ec fd ff ff       	jmp    401edf <__cpu_indicator_init+0x23f>
  4020f3:	48 8b 05 a6 12 00 00 	mov    0x12a6(%rip),%rax        # 4033a0 <__dso_handle+0x398>
  4020fa:	48 89 05 53 2f 00 00 	mov    %rax,0x2f53(%rip)        # 405054 <__cpu_model+0x4>
  402101:	e9 d9 fd ff ff       	jmp    401edf <__cpu_indicator_init+0x23f>
  402106:	c7 05 44 2f 00 00 0c 	movl   $0xc,0x2f44(%rip)        # 405054 <__cpu_model+0x4>
  40210d:	00 00 00 
  402110:	e9 ca fd ff ff       	jmp    401edf <__cpu_indicator_init+0x23f>
  402115:	48 8b 05 7c 12 00 00 	mov    0x127c(%rip),%rax        # 403398 <__dso_handle+0x390>
  40211c:	48 89 05 31 2f 00 00 	mov    %rax,0x2f31(%rip)        # 405054 <__cpu_model+0x4>
  402123:	e9 b7 fd ff ff       	jmp    401edf <__cpu_indicator_init+0x23f>
  402128:	48 8b 05 29 12 00 00 	mov    0x1229(%rip),%rax        # 403358 <__dso_handle+0x350>
  40212f:	48 89 05 1e 2f 00 00 	mov    %rax,0x2f1e(%rip)        # 405054 <__cpu_model+0x4>
  402136:	e9 a4 fd ff ff       	jmp    401edf <__cpu_indicator_init+0x23f>
  40213b:	c7 05 0f 2f 00 00 0d 	movl   $0xd,0x2f0f(%rip)        # 405054 <__cpu_model+0x4>
  402142:	00 00 00 
  402145:	e9 95 fd ff ff       	jmp    401edf <__cpu_indicator_init+0x23f>
  40214a:	48 8b 05 6f 12 00 00 	mov    0x126f(%rip),%rax        # 4033c0 <__dso_handle+0x3b8>
  402151:	48 89 05 fc 2e 00 00 	mov    %rax,0x2efc(%rip)        # 405054 <__cpu_model+0x4>
  402158:	e9 82 fd ff ff       	jmp    401edf <__cpu_indicator_init+0x23f>
  40215d:	c7 05 ed 2e 00 00 0b 	movl   $0xb,0x2eed(%rip)        # 405054 <__cpu_model+0x4>
  402164:	00 00 00 
  402167:	e9 73 fd ff ff       	jmp    401edf <__cpu_indicator_init+0x23f>
  40216c:	c7 05 de 2e 00 00 07 	movl   $0x7,0x2ede(%rip)        # 405054 <__cpu_model+0x4>
  402173:	00 00 00 
  402176:	e9 64 fd ff ff       	jmp    401edf <__cpu_indicator_init+0x23f>
  40217b:	c7 05 cf 2e 00 00 03 	movl   $0x3,0x2ecf(%rip)        # 405054 <__cpu_model+0x4>
  402182:	00 00 00 
  402185:	bf 24 00 00 00       	mov    $0x24,%edi
  40218a:	e8 61 ef ff ff       	call   4010f0 <has_cpu_feature.part.0.constprop.0>
  40218f:	85 c0                	test   %eax,%eax
  402191:	0f 84 b4 00 00 00    	je     40224b <__cpu_indicator_init+0x5ab>
  402197:	c7 05 b7 2e 00 00 17 	movl   $0x17,0x2eb7(%rip)        # 405058 <__cpu_model+0x8>
  40219e:	00 00 00 
  4021a1:	e9 39 fd ff ff       	jmp    401edf <__cpu_indicator_init+0x23f>
  4021a6:	c7 05 a8 2e 00 00 08 	movl   $0x8,0x2ea8(%rip)        # 405058 <__cpu_model+0x8>
  4021ad:	00 00 00 
  4021b0:	e9 a9 fd ff ff       	jmp    401f5e <__cpu_indicator_init+0x2be>
  4021b5:	83 f9 2f             	cmp    $0x2f,%ecx
  4021b8:	76 6c                	jbe    402226 <__cpu_indicator_init+0x586>
  4021ba:	c7 05 94 2e 00 00 14 	movl   $0x14,0x2e94(%rip)        # 405058 <__cpu_model+0x8>
  4021c1:	00 00 00 
  4021c4:	e9 95 fd ff ff       	jmp    401f5e <__cpu_indicator_init+0x2be>
  4021c9:	bf 4e 00 00 00       	mov    $0x4e,%edi
  4021ce:	e8 1d ef ff ff       	call   4010f0 <has_cpu_feature.part.0.constprop.0>
  4021d3:	85 c0                	test   %eax,%eax
  4021d5:	0f 85 aa fd ff ff    	jne    401f85 <__cpu_indicator_init+0x2e5>
  4021db:	e9 7e fd ff ff       	jmp    401f5e <__cpu_indicator_init+0x2be>
  4021e0:	83 f9 2f             	cmp    $0x2f,%ecx
  4021e3:	76 c1                	jbe    4021a6 <__cpu_indicator_init+0x506>
  4021e5:	83 f9 4f             	cmp    $0x4f,%ecx
  4021e8:	77 7e                	ja     402268 <__cpu_indicator_init+0x5c8>
  4021ea:	c7 05 64 2e 00 00 09 	movl   $0x9,0x2e64(%rip)        # 405058 <__cpu_model+0x8>
  4021f1:	00 00 00 
  4021f4:	e9 65 fd ff ff       	jmp    401f5e <__cpu_indicator_init+0x2be>
  4021f9:	c7 05 51 2e 00 00 02 	movl   $0x2,0x2e51(%rip)        # 405054 <__cpu_model+0x4>
  402200:	00 00 00 
  402203:	e9 d7 fc ff ff       	jmp    401edf <__cpu_indicator_init+0x23f>
  402208:	c7 05 46 2e 00 00 06 	movl   $0x6,0x2e46(%rip)        # 405058 <__cpu_model+0x8>
  40220f:	00 00 00 
  402212:	e9 47 fd ff ff       	jmp    401f5e <__cpu_indicator_init+0x2be>
  402217:	c7 05 37 2e 00 00 05 	movl   $0x5,0x2e37(%rip)        # 405058 <__cpu_model+0x8>
  40221e:	00 00 00 
  402221:	e9 38 fd ff ff       	jmp    401f5e <__cpu_indicator_init+0x2be>
  402226:	bf 2c 00 00 00       	mov    $0x2c,%edi
  40222b:	e8 c0 ee ff ff       	call   4010f0 <has_cpu_feature.part.0.constprop.0>
  402230:	85 c0                	test   %eax,%eax
  402232:	75 86                	jne    4021ba <__cpu_indicator_init+0x51a>
  402234:	bf 2d 00 00 00       	mov    $0x2d,%edi
  402239:	e8 b2 ee ff ff       	call   4010f0 <has_cpu_feature.part.0.constprop.0>
  40223e:	85 c0                	test   %eax,%eax
  402240:	0f 85 5e fd ff ff    	jne    401fa4 <__cpu_indicator_init+0x304>
  402246:	e9 13 fd ff ff       	jmp    401f5e <__cpu_indicator_init+0x2be>
  40224b:	bf 22 00 00 00       	mov    $0x22,%edi
  402250:	e8 9b ee ff ff       	call   4010f0 <has_cpu_feature.part.0.constprop.0>
  402255:	85 c0                	test   %eax,%eax
  402257:	74 31                	je     40228a <__cpu_indicator_init+0x5ea>
  402259:	c7 05 f5 2d 00 00 15 	movl   $0x15,0x2df5(%rip)        # 405058 <__cpu_model+0x8>
  402260:	00 00 00 
  402263:	e9 77 fc ff ff       	jmp    401edf <__cpu_indicator_init+0x23f>
  402268:	83 f9 7f             	cmp    $0x7f,%ecx
  40226b:	76 0e                	jbe    40227b <__cpu_indicator_init+0x5db>
  40226d:	8b 35 e9 2d 00 00    	mov    0x2de9(%rip),%esi        # 40505c <__cpu_model+0xc>
  402273:	f7 c6 00 04 00 00    	test   $0x400,%esi
  402279:	74 1e                	je     402299 <__cpu_indicator_init+0x5f9>
  40227b:	c7 05 d3 2d 00 00 0a 	movl   $0xa,0x2dd3(%rip)        # 405058 <__cpu_model+0x8>
  402282:	00 00 00 
  402285:	e9 d4 fc ff ff       	jmp    401f5e <__cpu_indicator_init+0x2be>
  40228a:	c7 05 c4 2d 00 00 10 	movl   $0x10,0x2dc4(%rip)        # 405058 <__cpu_model+0x8>
  402291:	00 00 00 
  402294:	e9 46 fc ff ff       	jmp    401edf <__cpu_indicator_init+0x23f>
  402299:	bf 53 00 00 00       	mov    $0x53,%edi
  40229e:	e8 4d ee ff ff       	call   4010f0 <has_cpu_feature.part.0.constprop.0>
  4022a3:	85 c0                	test   %eax,%eax
  4022a5:	0f 85 3f ff ff ff    	jne    4021ea <__cpu_indicator_init+0x54a>
  4022ab:	f7 c6 00 00 01 00    	test   $0x10000,%esi
  4022b1:	0f 85 ef fe ff ff    	jne    4021a6 <__cpu_indicator_init+0x506>
  4022b7:	81 e6 00 20 00 00    	and    $0x2000,%esi
  4022bd:	0f 85 45 fd ff ff    	jne    402008 <__cpu_indicator_init+0x368>
  4022c3:	e9 96 fc ff ff       	jmp    401f5e <__cpu_indicator_init+0x2be>
  4022c8:	31 c0                	xor    %eax,%eax
  4022ca:	c3                   	ret    

00000000004022cb <.annobin_abi_note.c.hot>:
  4022cb:	0f 1f 44 00 00       	nopl   0x0(%rax,%rax,1)

00000000004022d0 <_start>:
  4022d0:	f3 0f 1e fa          	endbr64 
  4022d4:	31 ed                	xor    %ebp,%ebp
  4022d6:	49 89 d1             	mov    %rdx,%r9
  4022d9:	5e                   	pop    %rsi
  4022da:	48 89 e2             	mov    %rsp,%rdx
  4022dd:	48 83 e4 f0          	and    $0xfffffffffffffff0,%rsp
  4022e1:	50                   	push   %rax
  4022e2:	54                   	push   %rsp
  4022e3:	45 31 c0             	xor    %r8d,%r8d
  4022e6:	31 c9                	xor    %ecx,%ecx
  4022e8:	48 c7 c7 50 10 40 00 	mov    $0x401050,%rdi
  4022ef:	ff 15 fb 2c 00 00    	call   *0x2cfb(%rip)        # 404ff0 <__libc_start_main@GLIBC_2.34>
  4022f5:	f4                   	hlt    

00000000004022f6 <.annobin_abi_note.c>:
  4022f6:	66 2e 0f 1f 84 00 00 	cs nopw 0x0(%rax,%rax,1)
  4022fd:	00 00 00 

0000000000402300 <_dl_relocate_static_pie>:
  402300:	f3 0f 1e fa          	endbr64 
  402304:	c3                   	ret    

0000000000402305 <.annobin__dl_relocate_static_pie.end>:
  402305:	66 2e 0f 1f 84 00 00 	cs nopw 0x0(%rax,%rax,1)
  40230c:	00 00 00 
  40230f:	90                   	nop

0000000000402310 <deregister_tm_clones>:
  402310:	b8 30 50 40 00       	mov    $0x405030,%eax
  402315:	48 3d 30 50 40 00    	cmp    $0x405030,%rax
  40231b:	74 13                	je     402330 <deregister_tm_clones+0x20>
  40231d:	b8 00 00 00 00       	mov    $0x0,%eax
  402322:	48 85 c0             	test   %rax,%rax
  402325:	74 09                	je     402330 <deregister_tm_clones+0x20>
  402327:	bf 30 50 40 00       	mov    $0x405030,%edi
  40232c:	ff e0                	jmp    *%rax
  40232e:	66 90                	xchg   %ax,%ax
  402330:	c3                   	ret    
  402331:	66 66 2e 0f 1f 84 00 	data16 cs nopw 0x0(%rax,%rax,1)
  402338:	00 00 00 00 
  40233c:	0f 1f 40 00          	nopl   0x0(%rax)

0000000000402340 <register_tm_clones>:
  402340:	be 30 50 40 00       	mov    $0x405030,%esi
  402345:	48 81 ee 30 50 40 00 	sub    $0x405030,%rsi
  40234c:	48 89 f0             	mov    %rsi,%rax
  40234f:	48 c1 ee 3f          	shr    $0x3f,%rsi
  402353:	48 c1 f8 03          	sar    $0x3,%rax
  402357:	48 01 c6             	add    %rax,%rsi
  40235a:	48 d1 fe             	sar    %rsi
  40235d:	74 11                	je     402370 <register_tm_clones+0x30>
  40235f:	b8 00 00 00 00       	mov    $0x0,%eax
  402364:	48 85 c0             	test   %rax,%rax
  402367:	74 07                	je     402370 <register_tm_clones+0x30>
  402369:	bf 30 50 40 00       	mov    $0x405030,%edi
  40236e:	ff e0                	jmp    *%rax
  402370:	c3                   	ret    
  402371:	66 66 2e 0f 1f 84 00 	data16 cs nopw 0x0(%rax,%rax,1)
  402378:	00 00 00 00 
  40237c:	0f 1f 40 00          	nopl   0x0(%rax)

0000000000402380 <__do_global_dtors_aux>:
  402380:	f3 0f 1e fa          	endbr64 
  402384:	80 3d a5 2c 00 00 00 	cmpb   $0x0,0x2ca5(%rip)        # 405030 <__TMC_END__>
  40238b:	75 13                	jne    4023a0 <__do_global_dtors_aux+0x20>
  40238d:	55                   	push   %rbp
  40238e:	48 89 e5             	mov    %rsp,%rbp
  402391:	e8 7a ff ff ff       	call   402310 <deregister_tm_clones>
  402396:	c6 05 93 2c 00 00 01 	movb   $0x1,0x2c93(%rip)        # 405030 <__TMC_END__>
  40239d:	5d                   	pop    %rbp
  40239e:	c3                   	ret    
  40239f:	90                   	nop
  4023a0:	c3                   	ret    
  4023a1:	66 66 2e 0f 1f 84 00 	data16 cs nopw 0x0(%rax,%rax,1)
  4023a8:	00 00 00 00 
  4023ac:	0f 1f 40 00          	nopl   0x0(%rax)

00000000004023b0 <frame_dummy>:
  4023b0:	f3 0f 1e fa          	endbr64 
  4023b4:	eb 8a                	jmp    402340 <register_tm_clones>
  4023b6:	66 2e 0f 1f 84 00 00 	cs nopw 0x0(%rax,%rax,1)
  4023bd:	00 00 00 

00000000004023c0 <set_cpu_feature.constprop.0>:
  4023c0:	89 f9                	mov    %edi,%ecx
  4023c2:	31 c0                	xor    %eax,%eax
  4023c4:	83 ff 3f             	cmp    $0x3f,%edi
  4023c7:	76 08                	jbe    4023d1 <set_cpu_feature.constprop.0+0x11>
  4023c9:	83 ff 60             	cmp    $0x60,%edi
  4023cc:	19 c0                	sbb    %eax,%eax
  4023ce:	83 c0 02             	add    $0x2,%eax
  4023d1:	48 8d 35 68 2c 00 00 	lea    0x2c68(%rip),%rsi        # 405040 <__cpu_features2>
  4023d8:	ba 01 00 00 00       	mov    $0x1,%edx
  4023dd:	d3 e2                	shl    %cl,%edx
  4023df:	09 14 86             	or     %edx,(%rsi,%rax,4)
  4023e2:	c3                   	ret    

Disassembly of section .fini:

00000000004023e4 <_fini>:
  4023e4:	f3 0f 1e fa          	endbr64 
  4023e8:	48 83 ec 08          	sub    $0x8,%rsp
  4023ec:	48 83 c4 08          	add    $0x8,%rsp
  4023f0:	c3                   	ret    
