
bin/add_avx256f:     file format elf64-x86-64


Disassembly of section .init:

0000000000401000 <_init>:
  401000:	f3 0f 1e fa          	endbr64 
  401004:	48 83 ec 08          	sub    $0x8,%rsp
  401008:	48 8b 05 e9 3f 00 00 	mov    0x3fe9(%rip),%rax        # 404ff8 <__gmon_start__@Base>
  40100f:	48 85 c0             	test   %rax,%rax
  401012:	74 02                	je     401016 <_init+0x16>
  401014:	ff d0                	call   *%rax
  401016:	48 83 c4 08          	add    $0x8,%rsp
  40101a:	c3                   	ret    

Disassembly of section .plt:

0000000000401020 <puts@plt-0x10>:
  401020:	ff 35 e2 3f 00 00    	push   0x3fe2(%rip)        # 405008 <_GLOBAL_OFFSET_TABLE_+0x8>
  401026:	ff 25 e4 3f 00 00    	jmp    *0x3fe4(%rip)        # 405010 <_GLOBAL_OFFSET_TABLE_+0x10>
  40102c:	0f 1f 40 00          	nopl   0x0(%rax)

0000000000401030 <puts@plt>:
  401030:	ff 25 e2 3f 00 00    	jmp    *0x3fe2(%rip)        # 405018 <puts@GLIBC_2.2.5>
  401036:	68 00 00 00 00       	push   $0x0
  40103b:	e9 e0 ff ff ff       	jmp    401020 <_init+0x20>

0000000000401040 <printf@plt>:
  401040:	ff 25 da 3f 00 00    	jmp    *0x3fda(%rip)        # 405020 <printf@GLIBC_2.2.5>
  401046:	68 01 00 00 00       	push   $0x1
  40104b:	e9 d0 ff ff ff       	jmp    401020 <_init+0x20>

Disassembly of section .text:

0000000000401050 <main>:
*/

#include <stdio.h>
#include <immintrin.h>

int main(void) {
  401050:	4c 8d 54 24 08       	lea    0x8(%rsp),%r10
  401055:	48 83 e4 e0          	and    $0xffffffffffffffe0,%rsp
  401059:	41 ff 72 f8          	push   -0x8(%r10)
  40105d:	55                   	push   %rbp
  40105e:	48 89 e5             	mov    %rsp,%rbp
  401061:	41 52                	push   %r10
  401063:	53                   	push   %rbx
  401064:	48 83 ec 20          	sub    $0x20,%rsp
  const unsigned long long int N = (unsigned long long int) 4.0e9;
  unsigned long long int i;
  if( ! __builtin_cpu_supports("avx512f")) {
  401068:	f6 05 ee 3f 00 00 80 	testb  $0x80,0x3fee(%rip)        # 40505d <__cpu_model+0xd>
  40106f:	74 62                	je     4010d3 <main+0x83>
  401071:	c5 fd 28 0d e7 1f 00 	vmovapd 0x1fe7(%rip),%ymm1        # 403060 <__dso_handle+0x58>
  401078:	00 
    printf("CPU does not support avx512f, exiting.\n");
    return 1;
  }
  __m256d addv = _mm256_set_pd(0.1, 0.2, 0.3, 0.4);
  __m256d av = _mm256_setzero_pd();
  401079:	c5 f9 57 c0          	vxorpd %xmm0,%xmm0,%xmm0
  40107d:	48 bb 00 50 d6 dc 01 	movabs $0x1dcd65000,%rbx
  401084:	00 00 00 
  401087:	66 0f 1f 84 00 00 00 	nopw   0x0(%rax,%rax,1)
  40108e:	00 00 
#define _CMP_TRUE_US	0x1f

extern __inline __m256d __attribute__((__gnu_inline__, __always_inline__, __artificial__))
_mm256_add_pd (__m256d __A, __m256d __B)
{
  return (__m256d) ((__v4df)__A + (__v4df)__B);
  401090:	c5 fd 58 c1          	vaddpd %ymm1,%ymm0,%ymm0
  __attribute__ ((aligned (32))) double out[4];

  for(i=0; i<2*N; ++i) {
  401094:	48 83 eb 01          	sub    $0x1,%rbx
  401098:	75 f6                	jne    401090 <main+0x40>
}

extern __inline void __attribute__((__gnu_inline__, __always_inline__, __artificial__))
_mm256_store_pd (double *__P, __m256d __A)
{
  *(__m256d *)__P = __A;
  40109a:	c5 fd 29 45 d0       	vmovapd %ymm0,-0x30(%rbp)
    av = _mm256_add_pd(av, addv);
  }

  _mm256_store_pd(out, av);
  for (i=0; i<4; ++i) {
  40109f:	c5 f8 77             	vzeroupper 
    printf("%llu %.17f\n", i, out[i]);
  4010a2:	c5 fb 10 44 dd d0    	vmovsd -0x30(%rbp,%rbx,8),%xmm0
  4010a8:	48 89 de             	mov    %rbx,%rsi
  4010ab:	bf 37 30 40 00       	mov    $0x403037,%edi
  4010b0:	b8 01 00 00 00       	mov    $0x1,%eax
  for (i=0; i<4; ++i) {
  4010b5:	48 83 c3 01          	add    $0x1,%rbx
    printf("%llu %.17f\n", i, out[i]);
  4010b9:	e8 82 ff ff ff       	call   401040 <printf@plt>
  for (i=0; i<4; ++i) {
  4010be:	48 83 fb 04          	cmp    $0x4,%rbx
  4010c2:	75 de                	jne    4010a2 <main+0x52>
  }

  return 0;
  4010c4:	31 c0                	xor    %eax,%eax
}
  4010c6:	48 83 c4 20          	add    $0x20,%rsp
  4010ca:	5b                   	pop    %rbx
  4010cb:	41 5a                	pop    %r10
  4010cd:	5d                   	pop    %rbp
  4010ce:	49 8d 62 f8          	lea    -0x8(%r10),%rsp
  4010d2:	c3                   	ret    
    printf("CPU does not support avx512f, exiting.\n");
  4010d3:	bf 10 30 40 00       	mov    $0x403010,%edi
  4010d8:	e8 53 ff ff ff       	call   401030 <puts@plt>
    return 1;
  4010dd:	b8 01 00 00 00       	mov    $0x1,%eax
  4010e2:	eb e2                	jmp    4010c6 <main+0x76>
  4010e4:	66 2e 0f 1f 84 00 00 	cs nopw 0x0(%rax,%rax,1)
  4010eb:	00 00 00 
  4010ee:	66 90                	xchg   %ax,%ax

00000000004010f0 <get_available_features.constprop.0>:
  4010f0:	41 55                	push   %r13
  4010f2:	49 89 fa             	mov    %rdi,%r10
  4010f5:	41 89 f0             	mov    %esi,%r8d
  4010f8:	41 89 d1             	mov    %edx,%r9d
  4010fb:	41 54                	push   %r12
  4010fd:	55                   	push   %rbp
  4010fe:	53                   	push   %rbx
  4010ff:	89 f3                	mov    %esi,%ebx
  401101:	8b 6f 08             	mov    0x8(%rdi),%ebp
  401104:	81 e3 00 00 00 08    	and    $0x8000000,%ebx
  40110a:	74 2c                	je     401138 <get_available_features.constprop.0+0x48>
  40110c:	31 c9                	xor    %ecx,%ecx
  40110e:	0f 01 d0             	xgetbv 
  401111:	89 c2                	mov    %eax,%edx
  401113:	83 e2 06             	and    $0x6,%edx
  401116:	83 fa 06             	cmp    $0x6,%edx
  401119:	0f 84 4b 06 00 00    	je     40176a <get_available_features.constprop.0+0x67a>
  40111f:	45 31 e4             	xor    %r12d,%r12d
  401122:	45 31 db             	xor    %r11d,%r11d
  401125:	25 00 00 06 00       	and    $0x60000,%eax
  40112a:	45 31 ed             	xor    %r13d,%r13d
  40112d:	3d 00 00 06 00       	cmp    $0x60000,%eax
  401132:	41 0f 94 c5          	sete   %r13b
  401136:	eb 09                	jmp    401141 <get_available_features.constprop.0+0x51>
  401138:	45 31 ed             	xor    %r13d,%r13d
  40113b:	45 31 e4             	xor    %r12d,%r12d
  40113e:	45 31 db             	xor    %r11d,%r11d
  401141:	41 f7 c1 00 80 00 00 	test   $0x8000,%r9d
  401148:	74 07                	je     401151 <get_available_features.constprop.0+0x61>
  40114a:	83 0d 0b 3f 00 00 01 	orl    $0x1,0x3f0b(%rip)        # 40505c <__cpu_model+0xc>
  401151:	41 f7 c1 00 00 80 00 	test   $0x800000,%r9d
  401158:	74 07                	je     401161 <get_available_features.constprop.0+0x71>
  40115a:	83 0d fb 3e 00 00 02 	orl    $0x2,0x3efb(%rip)        # 40505c <__cpu_model+0xc>
  401161:	41 f7 c1 00 00 00 02 	test   $0x2000000,%r9d
  401168:	74 07                	je     401171 <get_available_features.constprop.0+0x81>
  40116a:	83 0d eb 3e 00 00 08 	orl    $0x8,0x3eeb(%rip)        # 40505c <__cpu_model+0xc>
  401171:	41 f7 c1 00 00 00 04 	test   $0x4000000,%r9d
  401178:	74 07                	je     401181 <get_available_features.constprop.0+0x91>
  40117a:	83 0d db 3e 00 00 10 	orl    $0x10,0x3edb(%rip)        # 40505c <__cpu_model+0xc>
  401181:	41 f7 c1 00 01 00 00 	test   $0x100,%r9d
  401188:	0f 85 cd 05 00 00    	jne    40175b <get_available_features.constprop.0+0x66b>
  40118e:	41 81 e1 00 00 00 01 	and    $0x1000000,%r9d
  401195:	0f 85 b1 05 00 00    	jne    40174c <get_available_features.constprop.0+0x65c>
  40119b:	41 f7 c0 00 00 80 00 	test   $0x800000,%r8d
  4011a2:	74 07                	je     4011ab <get_available_features.constprop.0+0xbb>
  4011a4:	83 0d b1 3e 00 00 04 	orl    $0x4,0x3eb1(%rip)        # 40505c <__cpu_model+0xc>
  4011ab:	45 89 c1             	mov    %r8d,%r9d
  4011ae:	41 81 e1 00 00 00 02 	and    $0x2000000,%r9d
  4011b5:	74 0a                	je     4011c1 <get_available_features.constprop.0+0xd1>
  4011b7:	81 0d 9b 3e 00 00 00 	orl    $0x40000,0x3e9b(%rip)        # 40505c <__cpu_model+0xc>
  4011be:	00 04 00 
  4011c1:	41 f6 c0 02          	test   $0x2,%r8b
  4011c5:	74 0a                	je     4011d1 <get_available_features.constprop.0+0xe1>
  4011c7:	81 0d 8b 3e 00 00 00 	orl    $0x80000,0x3e8b(%rip)        # 40505c <__cpu_model+0xc>
  4011ce:	00 08 00 
  4011d1:	41 f6 c0 01          	test   $0x1,%r8b
  4011d5:	74 07                	je     4011de <get_available_features.constprop.0+0xee>
  4011d7:	83 0d 7e 3e 00 00 20 	orl    $0x20,0x3e7e(%rip)        # 40505c <__cpu_model+0xc>
  4011de:	41 f7 c0 00 02 00 00 	test   $0x200,%r8d
  4011e5:	74 07                	je     4011ee <get_available_features.constprop.0+0xfe>
  4011e7:	83 0d 6e 3e 00 00 40 	orl    $0x40,0x3e6e(%rip)        # 40505c <__cpu_model+0xc>
  4011ee:	41 f7 c0 00 00 08 00 	test   $0x80000,%r8d
  4011f5:	74 0a                	je     401201 <get_available_features.constprop.0+0x111>
  4011f7:	81 0d 5b 3e 00 00 80 	orl    $0x80,0x3e5b(%rip)        # 40505c <__cpu_model+0xc>
  4011fe:	00 00 00 
  401201:	41 f7 c0 00 00 10 00 	test   $0x100000,%r8d
  401208:	74 0a                	je     401214 <get_available_features.constprop.0+0x124>
  40120a:	81 0d 48 3e 00 00 00 	orl    $0x100,0x3e48(%rip)        # 40505c <__cpu_model+0xc>
  401211:	01 00 00 
  401214:	85 db                	test   %ebx,%ebx
  401216:	0f 85 21 05 00 00    	jne    40173d <get_available_features.constprop.0+0x64d>
  40121c:	41 f7 c0 00 20 00 00 	test   $0x2000,%r8d
  401223:	0f 85 05 05 00 00    	jne    40172e <get_available_features.constprop.0+0x63e>
  401229:	41 f7 c0 00 00 40 00 	test   $0x400000,%r8d
  401230:	0f 85 e9 04 00 00    	jne    40171f <get_available_features.constprop.0+0x62f>
  401236:	45 85 c9             	test   %r9d,%r9d
  401239:	74 0a                	je     401245 <get_available_features.constprop.0+0x155>
  40123b:	81 0d 17 3e 00 00 00 	orl    $0x40000,0x3e17(%rip)        # 40505c <__cpu_model+0xc>
  401242:	00 04 00 
  401245:	41 f7 c0 00 00 00 20 	test   $0x20000000,%r8d
  40124c:	0f 85 be 04 00 00    	jne    401710 <get_available_features.constprop.0+0x620>
  401252:	41 f7 c0 00 00 00 40 	test   $0x40000000,%r8d
  401259:	0f 85 a2 04 00 00    	jne    401701 <get_available_features.constprop.0+0x611>
  40125f:	41 f7 c0 00 00 00 04 	test   $0x4000000,%r8d
  401266:	0f 85 86 04 00 00    	jne    4016f2 <get_available_features.constprop.0+0x602>
  40126c:	45 85 db             	test   %r11d,%r11d
  40126f:	74 20                	je     401291 <get_available_features.constprop.0+0x1a1>
  401271:	41 f7 c0 00 00 00 10 	test   $0x10000000,%r8d
  401278:	0f 85 2e 04 00 00    	jne    4016ac <get_available_features.constprop.0+0x5bc>
  40127e:	41 81 e0 00 10 00 00 	and    $0x1000,%r8d
  401285:	74 0a                	je     401291 <get_available_features.constprop.0+0x1a1>
  401287:	81 0d cb 3d 00 00 00 	orl    $0x4000,0x3dcb(%rip)        # 40505c <__cpu_model+0xc>
  40128e:	40 00 00 
  401291:	83 fd 06             	cmp    $0x6,%ebp
  401294:	0f 86 3a 03 00 00    	jbe    4015d4 <get_available_features.constprop.0+0x4e4>
  40129a:	b8 07 00 00 00       	mov    $0x7,%eax
  40129f:	31 c9                	xor    %ecx,%ecx
  4012a1:	0f a2                	cpuid  
  4012a3:	41 89 d1             	mov    %edx,%r9d
  4012a6:	41 89 c8             	mov    %ecx,%r8d
  4012a9:	f6 c3 08             	test   $0x8,%bl
  4012ac:	0f 85 31 04 00 00    	jne    4016e3 <get_available_features.constprop.0+0x5f3>
  4012b2:	f6 c3 04             	test   $0x4,%bl
  4012b5:	0f 85 ee 06 00 00    	jne    4019a9 <get_available_features.constprop.0+0x8b9>
  4012bb:	f6 c3 10             	test   $0x10,%bl
  4012be:	0f 85 9a 06 00 00    	jne    40195e <get_available_features.constprop.0+0x86e>
  4012c4:	f6 c7 08             	test   $0x8,%bh
  4012c7:	0f 85 82 06 00 00    	jne    40194f <get_available_features.constprop.0+0x85f>
  4012cd:	45 85 db             	test   %r11d,%r11d
  4012d0:	74 1c                	je     4012ee <get_available_features.constprop.0+0x1fe>
  4012d2:	f6 c3 20             	test   $0x20,%bl
  4012d5:	74 0a                	je     4012e1 <get_available_features.constprop.0+0x1f1>
  4012d7:	81 0d 7b 3d 00 00 00 	orl    $0x400,0x3d7b(%rip)        # 40505c <__cpu_model+0xc>
  4012de:	04 00 00 
  4012e1:	41 f7 c0 00 04 00 00 	test   $0x400,%r8d
  4012e8:	0f 85 da 05 00 00    	jne    4018c8 <get_available_features.constprop.0+0x7d8>
  4012ee:	f6 c7 01             	test   $0x1,%bh
  4012f1:	74 0a                	je     4012fd <get_available_features.constprop.0+0x20d>
  4012f3:	81 0d 5f 3d 00 00 00 	orl    $0x20000,0x3d5f(%rip)        # 40505c <__cpu_model+0xc>
  4012fa:	00 02 00 
  4012fd:	f6 c3 01             	test   $0x1,%bl
  401300:	0f 85 3a 06 00 00    	jne    401940 <get_available_features.constprop.0+0x850>
  401306:	f7 c3 00 00 04 00    	test   $0x40000,%ebx
  40130c:	0f 85 1f 06 00 00    	jne    401931 <get_available_features.constprop.0+0x841>
  401312:	f7 c3 00 00 08 00    	test   $0x80000,%ebx
  401318:	0f 85 99 07 00 00    	jne    401ab7 <get_available_features.constprop.0+0x9c7>
  40131e:	f7 c3 00 00 00 20    	test   $0x20000000,%ebx
  401324:	0f 85 7e 07 00 00    	jne    401aa8 <get_available_features.constprop.0+0x9b8>
  40132a:	f7 c3 00 00 80 00    	test   $0x800000,%ebx
  401330:	0f 85 63 07 00 00    	jne    401a99 <get_available_features.constprop.0+0x9a9>
  401336:	f7 c3 00 00 00 01    	test   $0x1000000,%ebx
  40133c:	0f 85 48 07 00 00    	jne    401a8a <get_available_features.constprop.0+0x99a>
  401342:	41 f6 c0 01          	test   $0x1,%r8b
  401346:	0f 85 2f 07 00 00    	jne    401a7b <get_available_features.constprop.0+0x98b>
  40134c:	41 f6 c0 10          	test   $0x10,%r8b
  401350:	0f 85 16 07 00 00    	jne    401a6c <get_available_features.constprop.0+0x97c>
  401356:	41 f7 c0 00 00 40 00 	test   $0x400000,%r8d
  40135d:	0f 85 fa 06 00 00    	jne    401a5d <get_available_features.constprop.0+0x96d>
  401363:	41 f7 c0 00 02 00 00 	test   $0x200,%r8d
  40136a:	0f 85 de 06 00 00    	jne    401a4e <get_available_features.constprop.0+0x95e>
  401370:	41 f7 c0 00 01 00 00 	test   $0x100,%r8d
  401377:	0f 85 c2 06 00 00    	jne    401a3f <get_available_features.constprop.0+0x94f>
  40137d:	41 f7 c0 00 00 00 08 	test   $0x8000000,%r8d
  401384:	0f 85 a6 06 00 00    	jne    401a30 <get_available_features.constprop.0+0x940>
  40138a:	41 f7 c0 00 00 00 10 	test   $0x10000000,%r8d
  401391:	0f 85 8a 06 00 00    	jne    401a21 <get_available_features.constprop.0+0x931>
  401397:	41 f7 c0 00 00 00 20 	test   $0x20000000,%r8d
  40139e:	0f 85 6e 06 00 00    	jne    401a12 <get_available_features.constprop.0+0x922>
  4013a4:	41 f7 c0 00 00 00 02 	test   $0x2000000,%r8d
  4013ab:	0f 85 52 06 00 00    	jne    401a03 <get_available_features.constprop.0+0x913>
  4013b1:	41 f6 c0 20          	test   $0x20,%r8b
  4013b5:	0f 85 39 06 00 00    	jne    4019f4 <get_available_features.constprop.0+0x904>
  4013bb:	41 f6 c0 80          	test   $0x80,%r8b
  4013bf:	0f 85 20 06 00 00    	jne    4019e5 <get_available_features.constprop.0+0x8f5>
  4013c5:	41 f7 c1 00 40 00 00 	test   $0x4000,%r9d
  4013cc:	0f 85 04 06 00 00    	jne    4019d6 <get_available_features.constprop.0+0x8e6>
  4013d2:	41 f7 c1 00 00 01 00 	test   $0x10000,%r9d
  4013d9:	0f 85 bb 05 00 00    	jne    40199a <get_available_features.constprop.0+0x8aa>
  4013df:	41 f7 c1 00 00 04 00 	test   $0x40000,%r9d
  4013e6:	0f 85 9f 05 00 00    	jne    40198b <get_available_features.constprop.0+0x89b>
  4013ec:	41 f7 c1 00 00 10 00 	test   $0x100000,%r9d
  4013f3:	0f 85 83 05 00 00    	jne    40197c <get_available_features.constprop.0+0x88c>
  4013f9:	41 f6 c1 20          	test   $0x20,%r9b
  4013fd:	0f 85 6a 05 00 00    	jne    40196d <get_available_features.constprop.0+0x87d>
  401403:	45 85 ed             	test   %r13d,%r13d
  401406:	74 27                	je     40142f <get_available_features.constprop.0+0x33f>
  401408:	41 f7 c1 00 00 00 01 	test   $0x1000000,%r9d
  40140f:	0f 85 95 04 00 00    	jne    4018aa <get_available_features.constprop.0+0x7ba>
  401415:	41 f7 c1 00 00 00 02 	test   $0x2000000,%r9d
  40141c:	0f 85 79 04 00 00    	jne    40189b <get_available_features.constprop.0+0x7ab>
  401422:	41 f7 c1 00 00 40 00 	test   $0x400000,%r9d
  401429:	0f 85 4e 04 00 00    	jne    40187d <get_available_features.constprop.0+0x78d>
  40142f:	45 85 e4             	test   %r12d,%r12d
  401432:	0f 84 00 01 00 00    	je     401538 <get_available_features.constprop.0+0x448>
  401438:	f7 c3 00 00 01 00    	test   $0x10000,%ebx
  40143e:	74 0a                	je     40144a <get_available_features.constprop.0+0x35a>
  401440:	81 0d 12 3c 00 00 00 	orl    $0x8000,0x3c12(%rip)        # 40505c <__cpu_model+0xc>
  401447:	80 00 00 
  40144a:	85 db                	test   %ebx,%ebx
  40144c:	0f 88 1c 04 00 00    	js     40186e <get_available_features.constprop.0+0x77e>
  401452:	f7 c3 00 00 00 40    	test   $0x40000000,%ebx
  401458:	74 0a                	je     401464 <get_available_features.constprop.0+0x374>
  40145a:	81 0d f8 3b 00 00 00 	orl    $0x200000,0x3bf8(%rip)        # 40505c <__cpu_model+0xc>
  401461:	00 20 00 
  401464:	f7 c3 00 00 02 00    	test   $0x20000,%ebx
  40146a:	74 0a                	je     401476 <get_available_features.constprop.0+0x386>
  40146c:	81 0d e6 3b 00 00 00 	orl    $0x400000,0x3be6(%rip)        # 40505c <__cpu_model+0xc>
  401473:	00 40 00 
  401476:	f7 c3 00 00 00 10    	test   $0x10000000,%ebx
  40147c:	74 0a                	je     401488 <get_available_features.constprop.0+0x398>
  40147e:	81 0d d4 3b 00 00 00 	orl    $0x800000,0x3bd4(%rip)        # 40505c <__cpu_model+0xc>
  401485:	00 80 00 
  401488:	f7 c3 00 00 00 04    	test   $0x4000000,%ebx
  40148e:	74 0a                	je     40149a <get_available_features.constprop.0+0x3aa>
  401490:	81 0d c2 3b 00 00 00 	orl    $0x2000000,0x3bc2(%rip)        # 40505c <__cpu_model+0xc>
  401497:	00 00 02 
  40149a:	f7 c3 00 00 00 08    	test   $0x8000000,%ebx
  4014a0:	74 0a                	je     4014ac <get_available_features.constprop.0+0x3bc>
  4014a2:	81 0d b0 3b 00 00 00 	orl    $0x1000000,0x3bb0(%rip)        # 40505c <__cpu_model+0xc>
  4014a9:	00 00 01 
  4014ac:	81 e3 00 00 20 00    	and    $0x200000,%ebx
  4014b2:	74 0a                	je     4014be <get_available_features.constprop.0+0x3ce>
  4014b4:	81 0d 9e 3b 00 00 00 	orl    $0x8000000,0x3b9e(%rip)        # 40505c <__cpu_model+0xc>
  4014bb:	00 00 08 
  4014be:	41 f6 c0 02          	test   $0x2,%r8b
  4014c2:	74 0a                	je     4014ce <get_available_features.constprop.0+0x3de>
  4014c4:	81 0d 8e 3b 00 00 00 	orl    $0x4000000,0x3b8e(%rip)        # 40505c <__cpu_model+0xc>
  4014cb:	00 00 04 
  4014ce:	41 f6 c0 40          	test   $0x40,%r8b
  4014d2:	74 0a                	je     4014de <get_available_features.constprop.0+0x3ee>
  4014d4:	81 0d 7e 3b 00 00 00 	orl    $0x80000000,0x3b7e(%rip)        # 40505c <__cpu_model+0xc>
  4014db:	00 00 80 
  4014de:	41 f7 c0 00 08 00 00 	test   $0x800,%r8d
  4014e5:	0f 85 a1 03 00 00    	jne    40188c <get_available_features.constprop.0+0x79c>
  4014eb:	41 f7 c0 00 10 00 00 	test   $0x1000,%r8d
  4014f2:	0f 85 df 03 00 00    	jne    4018d7 <get_available_features.constprop.0+0x7e7>
  4014f8:	41 f7 c0 00 40 00 00 	test   $0x4000,%r8d
  4014ff:	74 0a                	je     40150b <get_available_features.constprop.0+0x41b>
  401501:	81 0d 51 3b 00 00 00 	orl    $0x40000000,0x3b51(%rip)        # 40505c <__cpu_model+0xc>
  401508:	00 00 40 
  40150b:	41 f6 c1 04          	test   $0x4,%r9b
  40150f:	74 0a                	je     40151b <get_available_features.constprop.0+0x42b>
  401511:	81 0d 41 3b 00 00 00 	orl    $0x10000000,0x3b41(%rip)        # 40505c <__cpu_model+0xc>
  401518:	00 00 10 
  40151b:	41 f6 c1 08          	test   $0x8,%r9b
  40151f:	74 0a                	je     40152b <get_available_features.constprop.0+0x43b>
  401521:	81 0d 31 3b 00 00 00 	orl    $0x20000000,0x3b31(%rip)        # 40505c <__cpu_model+0xc>
  401528:	00 00 20 
  40152b:	41 81 e1 00 01 00 00 	and    $0x100,%r9d
  401532:	0f 85 81 03 00 00    	jne    4018b9 <get_available_features.constprop.0+0x7c9>
  401538:	41 b9 07 00 00 00    	mov    $0x7,%r9d
  40153e:	b9 01 00 00 00       	mov    $0x1,%ecx
  401543:	44 89 c8             	mov    %r9d,%eax
  401546:	0f a2                	cpuid  
  401548:	41 89 c1             	mov    %eax,%r9d
  40154b:	a9 00 00 40 00       	test   $0x400000,%eax
  401550:	0f 85 ae 03 00 00    	jne    401904 <get_available_features.constprop.0+0x814>
  401556:	45 85 db             	test   %r11d,%r11d
  401559:	74 0a                	je     401565 <get_available_features.constprop.0+0x475>
  40155b:	41 f6 c1 10          	test   $0x10,%r9b
  40155f:	0f 85 90 03 00 00    	jne    4018f5 <get_available_features.constprop.0+0x805>
  401565:	45 85 e4             	test   %r12d,%r12d
  401568:	74 0a                	je     401574 <get_available_features.constprop.0+0x484>
  40156a:	41 80 e1 20          	and    $0x20,%r9b
  40156e:	0f 85 72 03 00 00    	jne    4018e6 <get_available_features.constprop.0+0x7f6>
  401574:	83 fd 0c             	cmp    $0xc,%ebp
  401577:	76 5b                	jbe    4015d4 <get_available_features.constprop.0+0x4e4>
  401579:	41 b9 0d 00 00 00    	mov    $0xd,%r9d
  40157f:	b9 01 00 00 00       	mov    $0x1,%ecx
  401584:	44 89 c8             	mov    %r9d,%eax
  401587:	0f a2                	cpuid  
  401589:	41 89 c1             	mov    %eax,%r9d
  40158c:	a8 01                	test   $0x1,%al
  40158e:	0f 85 8e 03 00 00    	jne    401922 <get_available_features.constprop.0+0x832>
  401594:	41 f6 c1 02          	test   $0x2,%r9b
  401598:	0f 85 75 03 00 00    	jne    401913 <get_available_features.constprop.0+0x823>
  40159e:	41 80 e1 08          	and    $0x8,%r9b
  4015a2:	0f 85 1f 04 00 00    	jne    4019c7 <get_available_features.constprop.0+0x8d7>
  4015a8:	83 fd 13             	cmp    $0x13,%ebp
  4015ab:	76 27                	jbe    4015d4 <get_available_features.constprop.0+0x4e4>
  4015ad:	b8 14 00 00 00       	mov    $0x14,%eax
  4015b2:	31 c9                	xor    %ecx,%ecx
  4015b4:	0f a2                	cpuid  
  4015b6:	80 e3 10             	and    $0x10,%bl
  4015b9:	0f 85 f9 03 00 00    	jne    4019b8 <get_available_features.constprop.0+0x8c8>
  4015bf:	83 fd 18             	cmp    $0x18,%ebp
  4015c2:	76 10                	jbe    4015d4 <get_available_features.constprop.0+0x4e4>
  4015c4:	b8 19 00 00 00       	mov    $0x19,%eax
  4015c9:	0f a2                	cpuid  
  4015cb:	f6 c3 01             	test   $0x1,%bl
  4015ce:	0f 85 b6 01 00 00    	jne    40178a <get_available_features.constprop.0+0x69a>
  4015d4:	b8 00 00 00 80       	mov    $0x80000000,%eax
  4015d9:	0f a2                	cpuid  
  4015db:	41 89 42 0c          	mov    %eax,0xc(%r10)
  4015df:	41 89 c0             	mov    %eax,%r8d
  4015e2:	3d 00 00 00 80       	cmp    $0x80000000,%eax
  4015e7:	0f 86 b8 00 00 00    	jbe    4016a5 <get_available_features.constprop.0+0x5b5>
  4015ed:	b8 01 00 00 80       	mov    $0x80000001,%eax
  4015f2:	0f a2                	cpuid  
  4015f4:	41 89 d2             	mov    %edx,%r10d
  4015f7:	41 89 c9             	mov    %ecx,%r9d
  4015fa:	f6 c1 40             	test   $0x40,%cl
  4015fd:	74 0a                	je     401609 <get_available_features.constprop.0+0x519>
  4015ff:	81 0d 53 3a 00 00 00 	orl    $0x800,0x3a53(%rip)        # 40505c <__cpu_model+0xc>
  401606:	08 00 00 
  401609:	41 f6 c1 01          	test   $0x1,%r9b
  40160d:	0f 85 01 02 00 00    	jne    401814 <get_available_features.constprop.0+0x724>
  401613:	44 89 cb             	mov    %r9d,%ebx
  401616:	83 e3 20             	and    $0x20,%ebx
  401619:	0f 85 04 02 00 00    	jne    401823 <get_available_features.constprop.0+0x733>
  40161f:	41 f7 c1 00 80 00 00 	test   $0x8000,%r9d
  401626:	0f 85 06 02 00 00    	jne    401832 <get_available_features.constprop.0+0x742>
  40162c:	41 f7 c1 00 00 20 00 	test   $0x200000,%r9d
  401633:	0f 85 80 01 00 00    	jne    4017b9 <get_available_features.constprop.0+0x6c9>
  401639:	85 db                	test   %ebx,%ebx
  40163b:	0f 85 00 02 00 00    	jne    401841 <get_available_features.constprop.0+0x751>
  401641:	41 f7 c1 00 01 00 00 	test   $0x100,%r9d
  401648:	0f 85 02 02 00 00    	jne    401850 <get_available_features.constprop.0+0x760>
  40164e:	41 f7 c1 00 00 00 20 	test   $0x20000000,%r9d
  401655:	0f 85 6d 01 00 00    	jne    4017c8 <get_available_features.constprop.0+0x6d8>
  40165b:	41 f7 c2 00 00 00 20 	test   $0x20000000,%r10d
  401662:	0f 85 6f 01 00 00    	jne    4017d7 <get_available_features.constprop.0+0x6e7>
  401668:	41 f7 c2 00 00 00 40 	test   $0x40000000,%r10d
  40166f:	0f 85 71 01 00 00    	jne    4017e6 <get_available_features.constprop.0+0x6f6>
  401675:	45 85 d2             	test   %r10d,%r10d
  401678:	0f 88 e1 01 00 00    	js     40185f <get_available_features.constprop.0+0x76f>
  40167e:	45 85 db             	test   %r11d,%r11d
  401681:	75 38                	jne    4016bb <get_available_features.constprop.0+0x5cb>
  401683:	41 81 f8 07 00 00 80 	cmp    $0x80000007,%r8d
  40168a:	76 19                	jbe    4016a5 <get_available_features.constprop.0+0x5b5>
  40168c:	b8 08 00 00 80       	mov    $0x80000008,%eax
  401691:	0f a2                	cpuid  
  401693:	f6 c3 01             	test   $0x1,%bl
  401696:	0f 85 59 01 00 00    	jne    4017f5 <get_available_features.constprop.0+0x705>
  40169c:	80 e7 02             	and    $0x2,%bh
  40169f:	0f 85 5f 01 00 00    	jne    401804 <get_available_features.constprop.0+0x714>
  4016a5:	5b                   	pop    %rbx
  4016a6:	5d                   	pop    %rbp
  4016a7:	41 5c                	pop    %r12
  4016a9:	41 5d                	pop    %r13
  4016ab:	c3                   	ret    
  4016ac:	81 0d a6 39 00 00 00 	orl    $0x200,0x39a6(%rip)        # 40505c <__cpu_model+0xc>
  4016b3:	02 00 00 
  4016b6:	e9 c3 fb ff ff       	jmp    40127e <get_available_features.constprop.0+0x18e>
  4016bb:	41 f7 c1 00 00 01 00 	test   $0x10000,%r9d
  4016c2:	74 0a                	je     4016ce <get_available_features.constprop.0+0x5de>
  4016c4:	81 0d 8e 39 00 00 00 	orl    $0x1000,0x398e(%rip)        # 40505c <__cpu_model+0xc>
  4016cb:	10 00 00 
  4016ce:	41 81 e1 00 08 00 00 	and    $0x800,%r9d
  4016d5:	74 ac                	je     401683 <get_available_features.constprop.0+0x593>
  4016d7:	81 0d 7b 39 00 00 00 	orl    $0x2000,0x397b(%rip)        # 40505c <__cpu_model+0xc>
  4016de:	20 00 00 
  4016e1:	eb a0                	jmp    401683 <get_available_features.constprop.0+0x593>
  4016e3:	81 0d 6f 39 00 00 00 	orl    $0x10000,0x396f(%rip)        # 40505c <__cpu_model+0xc>
  4016ea:	00 01 00 
  4016ed:	e9 c0 fb ff ff       	jmp    4012b2 <get_available_features.constprop.0+0x1c2>
  4016f2:	bf 51 00 00 00       	mov    $0x51,%edi
  4016f7:	e8 d4 0a 00 00       	call   4021d0 <set_cpu_feature.part.0.constprop.0>
  4016fc:	e9 6b fb ff ff       	jmp    40126c <get_available_features.constprop.0+0x17c>
  401701:	bf 45 00 00 00       	mov    $0x45,%edi
  401706:	e8 c5 0a 00 00       	call   4021d0 <set_cpu_feature.part.0.constprop.0>
  40170b:	e9 4f fb ff ff       	jmp    40125f <get_available_features.constprop.0+0x16f>
  401710:	bf 31 00 00 00       	mov    $0x31,%edi
  401715:	e8 b6 0a 00 00       	call   4021d0 <set_cpu_feature.part.0.constprop.0>
  40171a:	e9 33 fb ff ff       	jmp    401252 <get_available_features.constprop.0+0x162>
  40171f:	bf 3a 00 00 00       	mov    $0x3a,%edi
  401724:	e8 a7 0a 00 00       	call   4021d0 <set_cpu_feature.part.0.constprop.0>
  401729:	e9 08 fb ff ff       	jmp    401236 <get_available_features.constprop.0+0x146>
  40172e:	bf 2e 00 00 00       	mov    $0x2e,%edi
  401733:	e8 98 0a 00 00       	call   4021d0 <set_cpu_feature.part.0.constprop.0>
  401738:	e9 ec fa ff ff       	jmp    401229 <get_available_features.constprop.0+0x139>
  40173d:	bf 3e 00 00 00       	mov    $0x3e,%edi
  401742:	e8 89 0a 00 00       	call   4021d0 <set_cpu_feature.part.0.constprop.0>
  401747:	e9 d0 fa ff ff       	jmp    40121c <get_available_features.constprop.0+0x12c>
  40174c:	bf 33 00 00 00       	mov    $0x33,%edi
  401751:	e8 7a 0a 00 00       	call   4021d0 <set_cpu_feature.part.0.constprop.0>
  401756:	e9 40 fa ff ff       	jmp    40119b <get_available_features.constprop.0+0xab>
  40175b:	bf 2f 00 00 00       	mov    $0x2f,%edi
  401760:	e8 6b 0a 00 00       	call   4021d0 <set_cpu_feature.part.0.constprop.0>
  401765:	e9 24 fa ff ff       	jmp    40118e <get_available_features.constprop.0+0x9e>
  40176a:	89 c2                	mov    %eax,%edx
  40176c:	45 31 e4             	xor    %r12d,%r12d
  40176f:	41 bb 01 00 00 00    	mov    $0x1,%r11d
  401775:	81 e2 e6 00 00 00    	and    $0xe6,%edx
  40177b:	81 fa e6 00 00 00    	cmp    $0xe6,%edx
  401781:	41 0f 94 c4          	sete   %r12b
  401785:	e9 9b f9 ff ff       	jmp    401125 <get_available_features.constprop.0+0x35>
  40178a:	bf 5b 00 00 00       	mov    $0x5b,%edi
  40178f:	e8 3c 0a 00 00       	call   4021d0 <set_cpu_feature.part.0.constprop.0>
  401794:	80 e3 04             	and    $0x4,%bl
  401797:	0f 85 29 03 00 00    	jne    401ac6 <get_available_features.constprop.0+0x9d6>
  40179d:	41 81 e0 00 00 80 00 	and    $0x800000,%r8d
  4017a4:	0f 84 2a fe ff ff    	je     4015d4 <get_available_features.constprop.0+0x4e4>
  4017aa:	bf 5a 00 00 00       	mov    $0x5a,%edi
  4017af:	e8 1c 0a 00 00       	call   4021d0 <set_cpu_feature.part.0.constprop.0>
  4017b4:	e9 1b fe ff ff       	jmp    4015d4 <get_available_features.constprop.0+0x4e4>
  4017b9:	bf 4c 00 00 00       	mov    $0x4c,%edi
  4017be:	e8 0d 0a 00 00       	call   4021d0 <set_cpu_feature.part.0.constprop.0>
  4017c3:	e9 71 fe ff ff       	jmp    401639 <get_available_features.constprop.0+0x549>
  4017c8:	bf 3d 00 00 00       	mov    $0x3d,%edi
  4017cd:	e8 fe 09 00 00       	call   4021d0 <set_cpu_feature.part.0.constprop.0>
  4017d2:	e9 84 fe ff ff       	jmp    40165b <get_available_features.constprop.0+0x56b>
  4017d7:	bf 37 00 00 00       	mov    $0x37,%edi
  4017dc:	e8 ef 09 00 00       	call   4021d0 <set_cpu_feature.part.0.constprop.0>
  4017e1:	e9 82 fe ff ff       	jmp    401668 <get_available_features.constprop.0+0x578>
  4017e6:	bf 27 00 00 00       	mov    $0x27,%edi
  4017eb:	e8 e0 09 00 00       	call   4021d0 <set_cpu_feature.part.0.constprop.0>
  4017f0:	e9 80 fe ff ff       	jmp    401675 <get_available_features.constprop.0+0x585>
  4017f5:	bf 2d 00 00 00       	mov    $0x2d,%edi
  4017fa:	e8 d1 09 00 00       	call   4021d0 <set_cpu_feature.part.0.constprop.0>
  4017ff:	e9 98 fe ff ff       	jmp    40169c <get_available_features.constprop.0+0x5ac>
  401804:	5b                   	pop    %rbx
  401805:	bf 50 00 00 00       	mov    $0x50,%edi
  40180a:	5d                   	pop    %rbp
  40180b:	41 5c                	pop    %r12
  40180d:	41 5d                	pop    %r13
  40180f:	e9 bc 09 00 00       	jmp    4021d0 <set_cpu_feature.part.0.constprop.0>
  401814:	bf 36 00 00 00       	mov    $0x36,%edi
  401819:	e8 b2 09 00 00       	call   4021d0 <set_cpu_feature.part.0.constprop.0>
  40181e:	e9 f0 fd ff ff       	jmp    401613 <get_available_features.constprop.0+0x523>
  401823:	bf 29 00 00 00       	mov    $0x29,%edi
  401828:	e8 a3 09 00 00       	call   4021d0 <set_cpu_feature.part.0.constprop.0>
  40182d:	e9 ed fd ff ff       	jmp    40161f <get_available_features.constprop.0+0x52f>
  401832:	bf 38 00 00 00       	mov    $0x38,%edi
  401837:	e8 94 09 00 00       	call   4021d0 <set_cpu_feature.part.0.constprop.0>
  40183c:	e9 eb fd ff ff       	jmp    40162c <get_available_features.constprop.0+0x53c>
  401841:	bf 39 00 00 00       	mov    $0x39,%edi
  401846:	e8 85 09 00 00       	call   4021d0 <set_cpu_feature.part.0.constprop.0>
  40184b:	e9 f1 fd ff ff       	jmp    401641 <get_available_features.constprop.0+0x551>
  401850:	bf 42 00 00 00       	mov    $0x42,%edi
  401855:	e8 76 09 00 00       	call   4021d0 <set_cpu_feature.part.0.constprop.0>
  40185a:	e9 ef fd ff ff       	jmp    40164e <get_available_features.constprop.0+0x55e>
  40185f:	bf 26 00 00 00       	mov    $0x26,%edi
  401864:	e8 67 09 00 00       	call   4021d0 <set_cpu_feature.part.0.constprop.0>
  401869:	e9 10 fe ff ff       	jmp    40167e <get_available_features.constprop.0+0x58e>
  40186e:	81 0d e4 37 00 00 00 	orl    $0x100000,0x37e4(%rip)        # 40505c <__cpu_model+0xc>
  401875:	00 10 00 
  401878:	e9 d5 fb ff ff       	jmp    401452 <get_available_features.constprop.0+0x362>
  40187d:	bf 57 00 00 00       	mov    $0x57,%edi
  401882:	e8 49 09 00 00       	call   4021d0 <set_cpu_feature.part.0.constprop.0>
  401887:	e9 a3 fb ff ff       	jmp    40142f <get_available_features.constprop.0+0x33f>
  40188c:	bf 22 00 00 00       	mov    $0x22,%edi
  401891:	e8 3a 09 00 00       	call   4021d0 <set_cpu_feature.part.0.constprop.0>
  401896:	e9 50 fc ff ff       	jmp    4014eb <get_available_features.constprop.0+0x3fb>
  40189b:	bf 56 00 00 00       	mov    $0x56,%edi
  4018a0:	e8 2b 09 00 00       	call   4021d0 <set_cpu_feature.part.0.constprop.0>
  4018a5:	e9 78 fb ff ff       	jmp    401422 <get_available_features.constprop.0+0x332>
  4018aa:	bf 55 00 00 00       	mov    $0x55,%edi
  4018af:	e8 1c 09 00 00       	call   4021d0 <set_cpu_feature.part.0.constprop.0>
  4018b4:	e9 5c fb ff ff       	jmp    401415 <get_available_features.constprop.0+0x325>
  4018b9:	bf 25 00 00 00       	mov    $0x25,%edi
  4018be:	e8 0d 09 00 00       	call   4021d0 <set_cpu_feature.part.0.constprop.0>
  4018c3:	e9 70 fc ff ff       	jmp    401538 <get_available_features.constprop.0+0x448>
  4018c8:	bf 21 00 00 00       	mov    $0x21,%edi
  4018cd:	e8 fe 08 00 00       	call   4021d0 <set_cpu_feature.part.0.constprop.0>
  4018d2:	e9 17 fa ff ff       	jmp    4012ee <get_available_features.constprop.0+0x1fe>
  4018d7:	bf 23 00 00 00       	mov    $0x23,%edi
  4018dc:	e8 ef 08 00 00       	call   4021d0 <set_cpu_feature.part.0.constprop.0>
  4018e1:	e9 12 fc ff ff       	jmp    4014f8 <get_available_features.constprop.0+0x408>
  4018e6:	bf 24 00 00 00       	mov    $0x24,%edi
  4018eb:	e8 e0 08 00 00       	call   4021d0 <set_cpu_feature.part.0.constprop.0>
  4018f0:	e9 7f fc ff ff       	jmp    401574 <get_available_features.constprop.0+0x484>
  4018f5:	bf 5d 00 00 00       	mov    $0x5d,%edi
  4018fa:	e8 d1 08 00 00       	call   4021d0 <set_cpu_feature.part.0.constprop.0>
  4018ff:	e9 61 fc ff ff       	jmp    401565 <get_available_features.constprop.0+0x475>
  401904:	bf 59 00 00 00       	mov    $0x59,%edi
  401909:	e8 c2 08 00 00       	call   4021d0 <set_cpu_feature.part.0.constprop.0>
  40190e:	e9 43 fc ff ff       	jmp    401556 <get_available_features.constprop.0+0x466>
  401913:	bf 52 00 00 00       	mov    $0x52,%edi
  401918:	e8 b3 08 00 00       	call   4021d0 <set_cpu_feature.part.0.constprop.0>
  40191d:	e9 7c fc ff ff       	jmp    40159e <get_available_features.constprop.0+0x4ae>
  401922:	bf 53 00 00 00       	mov    $0x53,%edi
  401927:	e8 a4 08 00 00       	call   4021d0 <set_cpu_feature.part.0.constprop.0>
  40192c:	e9 63 fc ff ff       	jmp    401594 <get_available_features.constprop.0+0x4a4>
  401931:	bf 46 00 00 00       	mov    $0x46,%edi
  401936:	e8 95 08 00 00       	call   4021d0 <set_cpu_feature.part.0.constprop.0>
  40193b:	e9 d2 f9 ff ff       	jmp    401312 <get_available_features.constprop.0+0x222>
  401940:	bf 32 00 00 00       	mov    $0x32,%edi
  401945:	e8 86 08 00 00       	call   4021d0 <set_cpu_feature.part.0.constprop.0>
  40194a:	e9 b7 f9 ff ff       	jmp    401306 <get_available_features.constprop.0+0x216>
  40194f:	bf 47 00 00 00       	mov    $0x47,%edi
  401954:	e8 77 08 00 00       	call   4021d0 <set_cpu_feature.part.0.constprop.0>
  401959:	e9 6f f9 ff ff       	jmp    4012cd <get_available_features.constprop.0+0x1dd>
  40195e:	bf 34 00 00 00       	mov    $0x34,%edi
  401963:	e8 68 08 00 00       	call   4021d0 <set_cpu_feature.part.0.constprop.0>
  401968:	e9 57 f9 ff ff       	jmp    4012c4 <get_available_features.constprop.0+0x1d4>
  40196d:	bf 58 00 00 00       	mov    $0x58,%edi
  401972:	e8 59 08 00 00       	call   4021d0 <set_cpu_feature.part.0.constprop.0>
  401977:	e9 87 fa ff ff       	jmp    401403 <get_available_features.constprop.0+0x313>
  40197c:	bf 35 00 00 00       	mov    $0x35,%edi
  401981:	e8 4a 08 00 00       	call   4021d0 <set_cpu_feature.part.0.constprop.0>
  401986:	e9 6e fa ff ff       	jmp    4013f9 <get_available_features.constprop.0+0x309>
  40198b:	bf 3f 00 00 00       	mov    $0x3f,%edi
  401990:	e8 3b 08 00 00       	call   4021d0 <set_cpu_feature.part.0.constprop.0>
  401995:	e9 52 fa ff ff       	jmp    4013ec <get_available_features.constprop.0+0x2fc>
  40199a:	bf 4d 00 00 00       	mov    $0x4d,%edi
  40199f:	e8 2c 08 00 00       	call   4021d0 <set_cpu_feature.part.0.constprop.0>
  4019a4:	e9 36 fa ff ff       	jmp    4013df <get_available_features.constprop.0+0x2ef>
  4019a9:	bf 49 00 00 00       	mov    $0x49,%edi
  4019ae:	e8 1d 08 00 00       	call   4021d0 <set_cpu_feature.part.0.constprop.0>
  4019b3:	e9 03 f9 ff ff       	jmp    4012bb <get_available_features.constprop.0+0x1cb>
  4019b8:	bf 43 00 00 00       	mov    $0x43,%edi
  4019bd:	e8 0e 08 00 00       	call   4021d0 <set_cpu_feature.part.0.constprop.0>
  4019c2:	e9 f8 fb ff ff       	jmp    4015bf <get_available_features.constprop.0+0x4cf>
  4019c7:	bf 54 00 00 00       	mov    $0x54,%edi
  4019cc:	e8 ff 07 00 00       	call   4021d0 <set_cpu_feature.part.0.constprop.0>
  4019d1:	e9 d2 fb ff ff       	jmp    4015a8 <get_available_features.constprop.0+0x4b8>
  4019d6:	bf 48 00 00 00       	mov    $0x48,%edi
  4019db:	e8 f0 07 00 00       	call   4021d0 <set_cpu_feature.part.0.constprop.0>
  4019e0:	e9 ed f9 ff ff       	jmp    4013d2 <get_available_features.constprop.0+0x2e2>
  4019e5:	bf 4b 00 00 00       	mov    $0x4b,%edi
  4019ea:	e8 e1 07 00 00       	call   4021d0 <set_cpu_feature.part.0.constprop.0>
  4019ef:	e9 d1 f9 ff ff       	jmp    4013c5 <get_available_features.constprop.0+0x2d5>
  4019f4:	bf 4f 00 00 00       	mov    $0x4f,%edi
  4019f9:	e8 d2 07 00 00       	call   4021d0 <set_cpu_feature.part.0.constprop.0>
  4019fe:	e9 b8 f9 ff ff       	jmp    4013bb <get_available_features.constprop.0+0x2cb>
  401a03:	bf 2a 00 00 00       	mov    $0x2a,%edi
  401a08:	e8 c3 07 00 00       	call   4021d0 <set_cpu_feature.part.0.constprop.0>
  401a0d:	e9 9f f9 ff ff       	jmp    4013b1 <get_available_features.constprop.0+0x2c1>
  401a12:	bf 30 00 00 00       	mov    $0x30,%edi
  401a17:	e8 b4 07 00 00       	call   4021d0 <set_cpu_feature.part.0.constprop.0>
  401a1c:	e9 83 f9 ff ff       	jmp    4013a4 <get_available_features.constprop.0+0x2b4>
  401a21:	bf 3b 00 00 00       	mov    $0x3b,%edi
  401a26:	e8 a5 07 00 00       	call   4021d0 <set_cpu_feature.part.0.constprop.0>
  401a2b:	e9 67 f9 ff ff       	jmp    401397 <get_available_features.constprop.0+0x2a7>
  401a30:	bf 3c 00 00 00       	mov    $0x3c,%edi
  401a35:	e8 96 07 00 00       	call   4021d0 <set_cpu_feature.part.0.constprop.0>
  401a3a:	e9 4b f9 ff ff       	jmp    40138a <get_available_features.constprop.0+0x29a>
  401a3f:	bf 20 00 00 00       	mov    $0x20,%edi
  401a44:	e8 87 07 00 00       	call   4021d0 <set_cpu_feature.part.0.constprop.0>
  401a49:	e9 2f f9 ff ff       	jmp    40137d <get_available_features.constprop.0+0x28d>
  401a4e:	bf 4e 00 00 00       	mov    $0x4e,%edi
  401a53:	e8 78 07 00 00       	call   4021d0 <set_cpu_feature.part.0.constprop.0>
  401a58:	e9 13 f9 ff ff       	jmp    401370 <get_available_features.constprop.0+0x280>
  401a5d:	bf 44 00 00 00       	mov    $0x44,%edi
  401a62:	e8 69 07 00 00       	call   4021d0 <set_cpu_feature.part.0.constprop.0>
  401a67:	e9 f7 f8 ff ff       	jmp    401363 <get_available_features.constprop.0+0x273>
  401a6c:	bf 40 00 00 00       	mov    $0x40,%edi
  401a71:	e8 5a 07 00 00       	call   4021d0 <set_cpu_feature.part.0.constprop.0>
  401a76:	e9 db f8 ff ff       	jmp    401356 <get_available_features.constprop.0+0x266>
  401a7b:	bf 41 00 00 00       	mov    $0x41,%edi
  401a80:	e8 4b 07 00 00       	call   4021d0 <set_cpu_feature.part.0.constprop.0>
  401a85:	e9 c2 f8 ff ff       	jmp    40134c <get_available_features.constprop.0+0x25c>
  401a8a:	bf 2c 00 00 00       	mov    $0x2c,%edi
  401a8f:	e8 3c 07 00 00       	call   4021d0 <set_cpu_feature.part.0.constprop.0>
  401a94:	e9 a9 f8 ff ff       	jmp    401342 <get_available_features.constprop.0+0x252>
  401a99:	bf 2b 00 00 00       	mov    $0x2b,%edi
  401a9e:	e8 2d 07 00 00       	call   4021d0 <set_cpu_feature.part.0.constprop.0>
  401aa3:	e9 8e f8 ff ff       	jmp    401336 <get_available_features.constprop.0+0x246>
  401aa8:	bf 4a 00 00 00       	mov    $0x4a,%edi
  401aad:	e8 1e 07 00 00       	call   4021d0 <set_cpu_feature.part.0.constprop.0>
  401ab2:	e9 73 f8 ff ff       	jmp    40132a <get_available_features.constprop.0+0x23a>
  401ab7:	bf 28 00 00 00       	mov    $0x28,%edi
  401abc:	e8 0f 07 00 00       	call   4021d0 <set_cpu_feature.part.0.constprop.0>
  401ac1:	e9 58 f8 ff ff       	jmp    40131e <get_available_features.constprop.0+0x22e>
  401ac6:	bf 5c 00 00 00       	mov    $0x5c,%edi
  401acb:	e8 00 07 00 00       	call   4021d0 <set_cpu_feature.part.0.constprop.0>
  401ad0:	e9 c8 fc ff ff       	jmp    40179d <get_available_features.constprop.0+0x6ad>
  401ad5:	66 66 2e 0f 1f 84 00 	data16 cs nopw 0x0(%rax,%rax,1)
  401adc:	00 00 00 00 

0000000000401ae0 <has_cpu_feature.part.0.constprop.0>:
  401ae0:	89 f9                	mov    %edi,%ecx
  401ae2:	b8 01 00 00 00       	mov    $0x1,%eax
  401ae7:	d3 e0                	shl    %cl,%eax
  401ae9:	83 ff 40             	cmp    $0x40,%edi
  401aec:	48 8d 0d 4d 35 00 00 	lea    0x354d(%rip),%rcx        # 405040 <__cpu_features2>
  401af3:	48 19 d2             	sbb    %rdx,%rdx
  401af6:	48 f7 d2             	not    %rdx
  401af9:	83 e2 04             	and    $0x4,%edx
  401afc:	23 04 11             	and    (%rcx,%rdx,1),%eax
  401aff:	c3                   	ret    

0000000000401b00 <__cpu_indicator_init>:
  401b00:	f3 0f 1e fa          	endbr64 
  401b04:	8b 3d 46 35 00 00    	mov    0x3546(%rip),%edi        # 405050 <__cpu_model>
  401b0a:	45 31 c0             	xor    %r8d,%r8d
  401b0d:	85 ff                	test   %edi,%edi
  401b0f:	0f 85 bb 00 00 00    	jne    401bd0 <__cpu_indicator_init+0xd0>
  401b15:	53                   	push   %rbx
  401b16:	44 89 c0             	mov    %r8d,%eax
  401b19:	48 83 ec 10          	sub    $0x10,%rsp
  401b1d:	0f a2                	cpuid  
  401b1f:	85 c0                	test   %eax,%eax
  401b21:	0f 84 06 02 00 00    	je     401d2d <__cpu_indicator_init+0x22d>
  401b27:	44 89 c0             	mov    %r8d,%eax
  401b2a:	0f a2                	cpuid  
  401b2c:	41 89 d9             	mov    %ebx,%r9d
  401b2f:	89 c6                	mov    %eax,%esi
  401b31:	85 c0                	test   %eax,%eax
  401b33:	0f 8e f4 01 00 00    	jle    401d2d <__cpu_indicator_init+0x22d>
  401b39:	44 89 c0             	mov    %r8d,%eax
  401b3c:	0f a2                	cpuid  
  401b3e:	85 c0                	test   %eax,%eax
  401b40:	0f 84 e7 01 00 00    	je     401d2d <__cpu_indicator_init+0x22d>
  401b46:	b8 01 00 00 00       	mov    $0x1,%eax
  401b4b:	0f a2                	cpuid  
  401b4d:	89 c7                	mov    %eax,%edi
  401b4f:	41 89 c2             	mov    %eax,%r10d
  401b52:	89 74 24 08          	mov    %esi,0x8(%rsp)
  401b56:	89 c6                	mov    %eax,%esi
  401b58:	c1 ef 04             	shr    $0x4,%edi
  401b5b:	c1 ee 08             	shr    $0x8,%esi
  401b5e:	41 c1 ea 0c          	shr    $0xc,%r10d
  401b62:	c1 e8 14             	shr    $0x14,%eax
  401b65:	83 e7 0f             	and    $0xf,%edi
  401b68:	83 e6 0f             	and    $0xf,%esi
  401b6b:	41 81 e2 f0 00 00 00 	and    $0xf0,%r10d
  401b72:	0f b6 c0             	movzbl %al,%eax
  401b75:	41 81 f9 47 65 6e 75 	cmp    $0x756e6547,%r9d
  401b7c:	74 43                	je     401bc1 <__cpu_indicator_init+0xc1>
  401b7e:	41 81 f9 41 75 74 68 	cmp    $0x68747541,%r9d
  401b85:	0f 84 3b 01 00 00    	je     401cc6 <__cpu_indicator_init+0x1c6>
  401b8b:	41 81 f9 43 65 6e 74 	cmp    $0x746e6543,%r9d
  401b92:	74 40                	je     401bd4 <__cpu_indicator_init+0xd4>
  401b94:	41 81 f9 43 79 72 69 	cmp    $0x69727943,%r9d
  401b9b:	0f 84 7d 01 00 00    	je     401d1e <__cpu_indicator_init+0x21e>
  401ba1:	41 81 f9 47 65 6f 64 	cmp    $0x646f6547,%r9d
  401ba8:	0f 84 c7 03 00 00    	je     401f75 <__cpu_indicator_init+0x475>
  401bae:	c7 05 98 34 00 00 03 	movl   $0x3,0x3498(%rip)        # 405050 <__cpu_model>
  401bb5:	00 00 00 
  401bb8:	48 83 c4 10          	add    $0x10,%rsp
  401bbc:	44 89 c0             	mov    %r8d,%eax
  401bbf:	5b                   	pop    %rbx
  401bc0:	c3                   	ret    
  401bc1:	83 fe 0f             	cmp    $0xf,%esi
  401bc4:	74 1a                	je     401be0 <__cpu_indicator_init+0xe0>
  401bc6:	83 fe 06             	cmp    $0x6,%esi
  401bc9:	75 1b                	jne    401be6 <__cpu_indicator_init+0xe6>
  401bcb:	44 09 d7             	or     %r10d,%edi
  401bce:	eb 16                	jmp    401be6 <__cpu_indicator_init+0xe6>
  401bd0:	44 89 c0             	mov    %r8d,%eax
  401bd3:	c3                   	ret    
  401bd4:	c7 05 72 34 00 00 04 	movl   $0x4,0x3472(%rip)        # 405050 <__cpu_model>
  401bdb:	00 00 00 
  401bde:	eb d8                	jmp    401bb8 <__cpu_indicator_init+0xb8>
  401be0:	8d 70 0f             	lea    0xf(%rax),%esi
  401be3:	44 09 d7             	or     %r10d,%edi
  401be6:	89 34 24             	mov    %esi,(%rsp)
  401be9:	89 ce                	mov    %ecx,%esi
  401beb:	89 7c 24 04          	mov    %edi,0x4(%rsp)
  401bef:	48 89 e7             	mov    %rsp,%rdi
  401bf2:	e8 f9 f4 ff ff       	call   4010f0 <get_available_features.constprop.0>
  401bf7:	83 3c 24 06          	cmpl   $0x6,(%rsp)
  401bfb:	75 63                	jne    401c60 <__cpu_indicator_init+0x160>
  401bfd:	8b 4c 24 04          	mov    0x4(%rsp),%ecx
  401c01:	81 f9 a7 00 00 00    	cmp    $0xa7,%ecx
  401c07:	77 57                	ja     401c60 <__cpu_indicator_init+0x160>
  401c09:	83 f9 46             	cmp    $0x46,%ecx
  401c0c:	76 19                	jbe    401c27 <__cpu_indicator_init+0x127>
  401c0e:	83 e9 47             	sub    $0x47,%ecx
  401c11:	83 f9 60             	cmp    $0x60,%ecx
  401c14:	77 4a                	ja     401c60 <__cpu_indicator_init+0x160>
  401c16:	48 8d 15 63 14 00 00 	lea    0x1463(%rip),%rdx        # 403080 <__dso_handle+0x78>
  401c1d:	48 63 04 8a          	movslq (%rdx,%rcx,4),%rax
  401c21:	48 01 d0             	add    %rdx,%rax
  401c24:	3e ff e0             	notrack jmp *%rax
  401c27:	83 f9 37             	cmp    $0x37,%ecx
  401c2a:	77 46                	ja     401c72 <__cpu_indicator_init+0x172>
  401c2c:	83 f9 24             	cmp    $0x24,%ecx
  401c2f:	77 7c                	ja     401cad <__cpu_indicator_init+0x1ad>
  401c31:	8d 41 f1             	lea    -0xf(%rcx),%eax
  401c34:	83 f8 10             	cmp    $0x10,%eax
  401c37:	77 27                	ja     401c60 <__cpu_indicator_init+0x160>
  401c39:	b8 01 00 00 00       	mov    $0x1,%eax
  401c3e:	48 d3 e0             	shl    %cl,%rax
  401c41:	a9 00 80 80 20       	test   $0x20808000,%eax
  401c46:	0f 85 93 03 00 00    	jne    401fdf <__cpu_indicator_init+0x4df>
  401c4c:	a9 00 00 00 c4       	test   $0xc4000000,%eax
  401c51:	0f 85 f8 01 00 00    	jne    401e4f <__cpu_indicator_init+0x34f>
  401c57:	83 f9 1c             	cmp    $0x1c,%ecx
  401c5a:	0f 84 e0 01 00 00    	je     401e40 <__cpu_indicator_init+0x340>
  401c60:	c7 05 e6 33 00 00 01 	movl   $0x1,0x33e6(%rip)        # 405050 <__cpu_model>
  401c67:	00 00 00 
  401c6a:	45 31 c0             	xor    %r8d,%r8d
  401c6d:	e9 46 ff ff ff       	jmp    401bb8 <__cpu_indicator_init+0xb8>
  401c72:	83 e9 3a             	sub    $0x3a,%ecx
  401c75:	83 f9 0c             	cmp    $0xc,%ecx
  401c78:	77 e6                	ja     401c60 <__cpu_indicator_init+0x160>
  401c7a:	b8 01 00 00 00       	mov    $0x1,%eax
  401c7f:	48 d3 e0             	shl    %cl,%rax
  401c82:	a9 24 18 00 00       	test   $0x1824,%eax
  401c87:	0f 85 61 03 00 00    	jne    401fee <__cpu_indicator_init+0x4ee>
  401c8d:	a8 11                	test   $0x11,%al
  401c8f:	0f 85 6f 03 00 00    	jne    402004 <__cpu_indicator_init+0x504>
  401c95:	83 f9 03             	cmp    $0x3,%ecx
  401c98:	75 c6                	jne    401c60 <__cpu_indicator_init+0x160>
  401c9a:	48 b8 03 00 00 00 0e 	movabs $0xe00000003,%rax
  401ca1:	00 00 00 
  401ca4:	48 89 05 a9 33 00 00 	mov    %rax,0x33a9(%rip)        # 405054 <__cpu_model+0x4>
  401cab:	eb b3                	jmp    401c60 <__cpu_indicator_init+0x160>
  401cad:	83 e9 25             	sub    $0x25,%ecx
  401cb0:	83 f9 12             	cmp    $0x12,%ecx
  401cb3:	77 ab                	ja     401c60 <__cpu_indicator_init+0x160>
  401cb5:	48 8d 15 48 15 00 00 	lea    0x1548(%rip),%rdx        # 403204 <__dso_handle+0x1fc>
  401cbc:	48 63 04 8a          	movslq (%rdx,%rcx,4),%rax
  401cc0:	48 01 d0             	add    %rdx,%rax
  401cc3:	3e ff e0             	notrack jmp *%rax
  401cc6:	83 fe 0f             	cmp    $0xf,%esi
  401cc9:	75 06                	jne    401cd1 <__cpu_indicator_init+0x1d1>
  401ccb:	8d 70 0f             	lea    0xf(%rax),%esi
  401cce:	44 09 d7             	or     %r10d,%edi
  401cd1:	89 34 24             	mov    %esi,(%rsp)
  401cd4:	89 ce                	mov    %ecx,%esi
  401cd6:	89 7c 24 04          	mov    %edi,0x4(%rsp)
  401cda:	48 89 e7             	mov    %rsp,%rdi
  401cdd:	e8 0e f4 ff ff       	call   4010f0 <get_available_features.constprop.0>
  401ce2:	8b 04 24             	mov    (%rsp),%eax
  401ce5:	8b 4c 24 04          	mov    0x4(%rsp),%ecx
  401ce9:	83 e8 10             	sub    $0x10,%eax
  401cec:	83 f8 09             	cmp    $0x9,%eax
  401cef:	77 1b                	ja     401d0c <__cpu_indicator_init+0x20c>
  401cf1:	48 8d 15 58 15 00 00 	lea    0x1558(%rip),%rdx        # 403250 <__dso_handle+0x248>
  401cf8:	48 63 04 82          	movslq (%rdx,%rax,4),%rax
  401cfc:	48 01 d0             	add    %rdx,%rax
  401cff:	3e ff e0             	notrack jmp *%rax
  401d02:	c7 05 48 33 00 00 08 	movl   $0x8,0x3348(%rip)        # 405054 <__cpu_model+0x4>
  401d09:	00 00 00 
  401d0c:	c7 05 3a 33 00 00 02 	movl   $0x2,0x333a(%rip)        # 405050 <__cpu_model>
  401d13:	00 00 00 
  401d16:	45 31 c0             	xor    %r8d,%r8d
  401d19:	e9 9a fe ff ff       	jmp    401bb8 <__cpu_indicator_init+0xb8>
  401d1e:	c7 05 28 33 00 00 05 	movl   $0x5,0x3328(%rip)        # 405050 <__cpu_model>
  401d25:	00 00 00 
  401d28:	e9 8b fe ff ff       	jmp    401bb8 <__cpu_indicator_init+0xb8>
  401d2d:	c7 05 19 33 00 00 03 	movl   $0x3,0x3319(%rip)        # 405050 <__cpu_model>
  401d34:	00 00 00 
  401d37:	41 83 c8 ff          	or     $0xffffffff,%r8d
  401d3b:	e9 78 fe ff ff       	jmp    401bb8 <__cpu_indicator_init+0xb8>
  401d40:	48 b8 03 00 00 00 02 	movabs $0x200000003,%rax
  401d47:	00 00 00 
  401d4a:	48 89 05 03 33 00 00 	mov    %rax,0x3303(%rip)        # 405054 <__cpu_model+0x4>
  401d51:	e9 0a ff ff ff       	jmp    401c60 <__cpu_indicator_init+0x160>
  401d56:	48 b8 03 00 00 00 03 	movabs $0x300000003,%rax
  401d5d:	00 00 00 
  401d60:	48 89 05 ed 32 00 00 	mov    %rax,0x32ed(%rip)        # 405054 <__cpu_model+0x4>
  401d67:	e9 f4 fe ff ff       	jmp    401c60 <__cpu_indicator_init+0x160>
  401d6c:	c7 05 de 32 00 00 0f 	movl   $0xf,0x32de(%rip)        # 405054 <__cpu_model+0x4>
  401d73:	00 00 00 
  401d76:	83 f9 0f             	cmp    $0xf,%ecx
  401d79:	0f 87 49 02 00 00    	ja     401fc8 <__cpu_indicator_init+0x4c8>
  401d7f:	c7 05 cf 32 00 00 1a 	movl   $0x1a,0x32cf(%rip)        # 405058 <__cpu_model+0x8>
  401d86:	00 00 00 
  401d89:	eb 81                	jmp    401d0c <__cpu_indicator_init+0x20c>
  401d8b:	c7 05 bf 32 00 00 0a 	movl   $0xa,0x32bf(%rip)        # 405054 <__cpu_model+0x4>
  401d92:	00 00 00 
  401d95:	83 f9 1f             	cmp    $0x1f,%ecx
  401d98:	0f 87 f5 01 00 00    	ja     401f93 <__cpu_indicator_init+0x493>
  401d9e:	c7 05 b0 32 00 00 0b 	movl   $0xb,0x32b0(%rip)        # 405058 <__cpu_model+0x8>
  401da5:	00 00 00 
  401da8:	e9 5f ff ff ff       	jmp    401d0c <__cpu_indicator_init+0x20c>
  401dad:	c7 05 9d 32 00 00 09 	movl   $0x9,0x329d(%rip)        # 405054 <__cpu_model+0x4>
  401db4:	00 00 00 
  401db7:	e9 50 ff ff ff       	jmp    401d0c <__cpu_indicator_init+0x20c>
  401dbc:	c7 05 8e 32 00 00 04 	movl   $0x4,0x328e(%rip)        # 405054 <__cpu_model+0x4>
  401dc3:	00 00 00 
  401dc6:	83 f9 04             	cmp    $0x4,%ecx
  401dc9:	0f 84 5a 02 00 00    	je     402029 <__cpu_indicator_init+0x529>
  401dcf:	83 f9 08             	cmp    $0x8,%ecx
  401dd2:	0f 84 42 02 00 00    	je     40201a <__cpu_indicator_init+0x51a>
  401dd8:	83 f9 02             	cmp    $0x2,%ecx
  401ddb:	0f 85 2b ff ff ff    	jne    401d0c <__cpu_indicator_init+0x20c>
  401de1:	c7 05 6d 32 00 00 04 	movl   $0x4,0x326d(%rip)        # 405058 <__cpu_model+0x8>
  401de8:	00 00 00 
  401deb:	e9 1c ff ff ff       	jmp    401d0c <__cpu_indicator_init+0x20c>
  401df0:	c7 05 5a 32 00 00 05 	movl   $0x5,0x325a(%rip)        # 405054 <__cpu_model+0x4>
  401df7:	00 00 00 
  401dfa:	83 f9 02             	cmp    $0x2,%ecx
  401dfd:	0f 84 81 01 00 00    	je     401f84 <__cpu_indicator_init+0x484>
  401e03:	83 f9 0f             	cmp    $0xf,%ecx
  401e06:	0f 87 9f 01 00 00    	ja     401fab <__cpu_indicator_init+0x4ab>
  401e0c:	c7 05 42 32 00 00 07 	movl   $0x7,0x3242(%rip)        # 405058 <__cpu_model+0x8>
  401e13:	00 00 00 
  401e16:	e9 f1 fe ff ff       	jmp    401d0c <__cpu_indicator_init+0x20c>
  401e1b:	c7 05 2f 32 00 00 06 	movl   $0x6,0x322f(%rip)        # 405054 <__cpu_model+0x4>
  401e22:	00 00 00 
  401e25:	e9 36 fe ff ff       	jmp    401c60 <__cpu_indicator_init+0x160>
  401e2a:	48 b8 03 00 00 00 0f 	movabs $0xf00000003,%rax
  401e31:	00 00 00 
  401e34:	48 89 05 19 32 00 00 	mov    %rax,0x3219(%rip)        # 405054 <__cpu_model+0x4>
  401e3b:	e9 20 fe ff ff       	jmp    401c60 <__cpu_indicator_init+0x160>
  401e40:	c7 05 0a 32 00 00 01 	movl   $0x1,0x320a(%rip)        # 405054 <__cpu_model+0x4>
  401e47:	00 00 00 
  401e4a:	e9 11 fe ff ff       	jmp    401c60 <__cpu_indicator_init+0x160>
  401e4f:	48 b8 03 00 00 00 01 	movabs $0x100000003,%rax
  401e56:	00 00 00 
  401e59:	48 89 05 f4 31 00 00 	mov    %rax,0x31f4(%rip)        # 405054 <__cpu_model+0x4>
  401e60:	e9 fb fd ff ff       	jmp    401c60 <__cpu_indicator_init+0x160>
  401e65:	c7 05 e5 31 00 00 0e 	movl   $0xe,0x31e5(%rip)        # 405054 <__cpu_model+0x4>
  401e6c:	00 00 00 
  401e6f:	e9 ec fd ff ff       	jmp    401c60 <__cpu_indicator_init+0x160>
  401e74:	48 b8 03 00 00 00 12 	movabs $0x1200000003,%rax
  401e7b:	00 00 00 
  401e7e:	48 89 05 cf 31 00 00 	mov    %rax,0x31cf(%rip)        # 405054 <__cpu_model+0x4>
  401e85:	e9 d6 fd ff ff       	jmp    401c60 <__cpu_indicator_init+0x160>
  401e8a:	48 b8 03 00 00 00 19 	movabs $0x1900000003,%rax
  401e91:	00 00 00 
  401e94:	48 89 05 b9 31 00 00 	mov    %rax,0x31b9(%rip)        # 405054 <__cpu_model+0x4>
  401e9b:	e9 c0 fd ff ff       	jmp    401c60 <__cpu_indicator_init+0x160>
  401ea0:	48 b8 03 00 00 00 13 	movabs $0x1300000003,%rax
  401ea7:	00 00 00 
  401eaa:	48 89 05 a3 31 00 00 	mov    %rax,0x31a3(%rip)        # 405054 <__cpu_model+0x4>
  401eb1:	e9 aa fd ff ff       	jmp    401c60 <__cpu_indicator_init+0x160>
  401eb6:	48 b8 03 00 00 00 16 	movabs $0x1600000003,%rax
  401ebd:	00 00 00 
  401ec0:	48 89 05 8d 31 00 00 	mov    %rax,0x318d(%rip)        # 405054 <__cpu_model+0x4>
  401ec7:	e9 94 fd ff ff       	jmp    401c60 <__cpu_indicator_init+0x160>
  401ecc:	c7 05 7e 31 00 00 0c 	movl   $0xc,0x317e(%rip)        # 405054 <__cpu_model+0x4>
  401ed3:	00 00 00 
  401ed6:	e9 85 fd ff ff       	jmp    401c60 <__cpu_indicator_init+0x160>
  401edb:	c7 05 6f 31 00 00 07 	movl   $0x7,0x316f(%rip)        # 405054 <__cpu_model+0x4>
  401ee2:	00 00 00 
  401ee5:	e9 76 fd ff ff       	jmp    401c60 <__cpu_indicator_init+0x160>
  401eea:	c7 05 60 31 00 00 0d 	movl   $0xd,0x3160(%rip)        # 405054 <__cpu_model+0x4>
  401ef1:	00 00 00 
  401ef4:	e9 67 fd ff ff       	jmp    401c60 <__cpu_indicator_init+0x160>
  401ef9:	48 b8 03 00 00 00 1b 	movabs $0x1b00000003,%rax
  401f00:	00 00 00 
  401f03:	48 89 05 4a 31 00 00 	mov    %rax,0x314a(%rip)        # 405054 <__cpu_model+0x4>
  401f0a:	e9 51 fd ff ff       	jmp    401c60 <__cpu_indicator_init+0x160>
  401f0f:	48 b8 03 00 00 00 11 	movabs $0x1100000003,%rax
  401f16:	00 00 00 
  401f19:	48 89 05 34 31 00 00 	mov    %rax,0x3134(%rip)        # 405054 <__cpu_model+0x4>
  401f20:	e9 3b fd ff ff       	jmp    401c60 <__cpu_indicator_init+0x160>
  401f25:	48 b8 03 00 00 00 18 	movabs $0x1800000003,%rax
  401f2c:	00 00 00 
  401f2f:	48 89 05 1e 31 00 00 	mov    %rax,0x311e(%rip)        # 405054 <__cpu_model+0x4>
  401f36:	e9 25 fd ff ff       	jmp    401c60 <__cpu_indicator_init+0x160>
  401f3b:	c7 05 0f 31 00 00 0b 	movl   $0xb,0x310f(%rip)        # 405054 <__cpu_model+0x4>
  401f42:	00 00 00 
  401f45:	e9 16 fd ff ff       	jmp    401c60 <__cpu_indicator_init+0x160>
  401f4a:	c7 05 00 31 00 00 03 	movl   $0x3,0x3100(%rip)        # 405054 <__cpu_model+0x4>
  401f51:	00 00 00 
  401f54:	bf 24 00 00 00       	mov    $0x24,%edi
  401f59:	e8 82 fb ff ff       	call   401ae0 <has_cpu_feature.part.0.constprop.0>
  401f5e:	85 c0                	test   %eax,%eax
  401f60:	0f 84 fb 00 00 00    	je     402061 <__cpu_indicator_init+0x561>
  401f66:	c7 05 e8 30 00 00 17 	movl   $0x17,0x30e8(%rip)        # 405058 <__cpu_model+0x8>
  401f6d:	00 00 00 
  401f70:	e9 eb fc ff ff       	jmp    401c60 <__cpu_indicator_init+0x160>
  401f75:	c7 05 d1 30 00 00 06 	movl   $0x6,0x30d1(%rip)        # 405050 <__cpu_model>
  401f7c:	00 00 00 
  401f7f:	e9 34 fc ff ff       	jmp    401bb8 <__cpu_indicator_init+0xb8>
  401f84:	c7 05 ca 30 00 00 08 	movl   $0x8,0x30ca(%rip)        # 405058 <__cpu_model+0x8>
  401f8b:	00 00 00 
  401f8e:	e9 79 fd ff ff       	jmp    401d0c <__cpu_indicator_init+0x20c>
  401f93:	83 f9 2f             	cmp    $0x2f,%ecx
  401f96:	0f 86 9c 00 00 00    	jbe    402038 <__cpu_indicator_init+0x538>
  401f9c:	c7 05 b2 30 00 00 14 	movl   $0x14,0x30b2(%rip)        # 405058 <__cpu_model+0x8>
  401fa3:	00 00 00 
  401fa6:	e9 61 fd ff ff       	jmp    401d0c <__cpu_indicator_init+0x20c>
  401fab:	83 f9 2f             	cmp    $0x2f,%ecx
  401fae:	76 d4                	jbe    401f84 <__cpu_indicator_init+0x484>
  401fb0:	83 f9 4f             	cmp    $0x4f,%ecx
  401fb3:	0f 87 c5 00 00 00    	ja     40207e <__cpu_indicator_init+0x57e>
  401fb9:	c7 05 95 30 00 00 09 	movl   $0x9,0x3095(%rip)        # 405058 <__cpu_model+0x8>
  401fc0:	00 00 00 
  401fc3:	e9 44 fd ff ff       	jmp    401d0c <__cpu_indicator_init+0x20c>
  401fc8:	bf 4e 00 00 00       	mov    $0x4e,%edi
  401fcd:	e8 0e fb ff ff       	call   401ae0 <has_cpu_feature.part.0.constprop.0>
  401fd2:	85 c0                	test   %eax,%eax
  401fd4:	0f 85 a5 fd ff ff    	jne    401d7f <__cpu_indicator_init+0x27f>
  401fda:	e9 2d fd ff ff       	jmp    401d0c <__cpu_indicator_init+0x20c>
  401fdf:	c7 05 6b 30 00 00 02 	movl   $0x2,0x306b(%rip)        # 405054 <__cpu_model+0x4>
  401fe6:	00 00 00 
  401fe9:	e9 72 fc ff ff       	jmp    401c60 <__cpu_indicator_init+0x160>
  401fee:	48 b8 03 00 00 00 0d 	movabs $0xd00000003,%rax
  401ff5:	00 00 00 
  401ff8:	48 89 05 55 30 00 00 	mov    %rax,0x3055(%rip)        # 405054 <__cpu_model+0x4>
  401fff:	e9 5c fc ff ff       	jmp    401c60 <__cpu_indicator_init+0x160>
  402004:	48 b8 03 00 00 00 0c 	movabs $0xc00000003,%rax
  40200b:	00 00 00 
  40200e:	48 89 05 3f 30 00 00 	mov    %rax,0x303f(%rip)        # 405054 <__cpu_model+0x4>
  402015:	e9 46 fc ff ff       	jmp    401c60 <__cpu_indicator_init+0x160>
  40201a:	c7 05 34 30 00 00 06 	movl   $0x6,0x3034(%rip)        # 405058 <__cpu_model+0x8>
  402021:	00 00 00 
  402024:	e9 e3 fc ff ff       	jmp    401d0c <__cpu_indicator_init+0x20c>
  402029:	c7 05 25 30 00 00 05 	movl   $0x5,0x3025(%rip)        # 405058 <__cpu_model+0x8>
  402030:	00 00 00 
  402033:	e9 d4 fc ff ff       	jmp    401d0c <__cpu_indicator_init+0x20c>
  402038:	bf 2c 00 00 00       	mov    $0x2c,%edi
  40203d:	e8 9e fa ff ff       	call   401ae0 <has_cpu_feature.part.0.constprop.0>
  402042:	85 c0                	test   %eax,%eax
  402044:	0f 85 52 ff ff ff    	jne    401f9c <__cpu_indicator_init+0x49c>
  40204a:	bf 2d 00 00 00       	mov    $0x2d,%edi
  40204f:	e8 8c fa ff ff       	call   401ae0 <has_cpu_feature.part.0.constprop.0>
  402054:	85 c0                	test   %eax,%eax
  402056:	0f 85 42 fd ff ff    	jne    401d9e <__cpu_indicator_init+0x29e>
  40205c:	e9 ab fc ff ff       	jmp    401d0c <__cpu_indicator_init+0x20c>
  402061:	bf 22 00 00 00       	mov    $0x22,%edi
  402066:	e8 75 fa ff ff       	call   401ae0 <has_cpu_feature.part.0.constprop.0>
  40206b:	85 c0                	test   %eax,%eax
  40206d:	74 31                	je     4020a0 <__cpu_indicator_init+0x5a0>
  40206f:	c7 05 df 2f 00 00 15 	movl   $0x15,0x2fdf(%rip)        # 405058 <__cpu_model+0x8>
  402076:	00 00 00 
  402079:	e9 e2 fb ff ff       	jmp    401c60 <__cpu_indicator_init+0x160>
  40207e:	83 f9 7f             	cmp    $0x7f,%ecx
  402081:	76 0e                	jbe    402091 <__cpu_indicator_init+0x591>
  402083:	8b 35 d3 2f 00 00    	mov    0x2fd3(%rip),%esi        # 40505c <__cpu_model+0xc>
  402089:	f7 c6 00 04 00 00    	test   $0x400,%esi
  40208f:	74 1e                	je     4020af <__cpu_indicator_init+0x5af>
  402091:	c7 05 bd 2f 00 00 0a 	movl   $0xa,0x2fbd(%rip)        # 405058 <__cpu_model+0x8>
  402098:	00 00 00 
  40209b:	e9 6c fc ff ff       	jmp    401d0c <__cpu_indicator_init+0x20c>
  4020a0:	c7 05 ae 2f 00 00 10 	movl   $0x10,0x2fae(%rip)        # 405058 <__cpu_model+0x8>
  4020a7:	00 00 00 
  4020aa:	e9 b1 fb ff ff       	jmp    401c60 <__cpu_indicator_init+0x160>
  4020af:	bf 53 00 00 00       	mov    $0x53,%edi
  4020b4:	e8 27 fa ff ff       	call   401ae0 <has_cpu_feature.part.0.constprop.0>
  4020b9:	85 c0                	test   %eax,%eax
  4020bb:	0f 85 f8 fe ff ff    	jne    401fb9 <__cpu_indicator_init+0x4b9>
  4020c1:	f7 c6 00 00 01 00    	test   $0x10000,%esi
  4020c7:	0f 85 b7 fe ff ff    	jne    401f84 <__cpu_indicator_init+0x484>
  4020cd:	81 e6 00 20 00 00    	and    $0x2000,%esi
  4020d3:	0f 85 33 fd ff ff    	jne    401e0c <__cpu_indicator_init+0x30c>
  4020d9:	e9 2e fc ff ff       	jmp    401d0c <__cpu_indicator_init+0x20c>

00000000004020de <.annobin_abi_note.c.hot>:
  4020de:	66 90                	xchg   %ax,%ax

00000000004020e0 <_start>:
  4020e0:	f3 0f 1e fa          	endbr64 
  4020e4:	31 ed                	xor    %ebp,%ebp
  4020e6:	49 89 d1             	mov    %rdx,%r9
  4020e9:	5e                   	pop    %rsi
  4020ea:	48 89 e2             	mov    %rsp,%rdx
  4020ed:	48 83 e4 f0          	and    $0xfffffffffffffff0,%rsp
  4020f1:	50                   	push   %rax
  4020f2:	54                   	push   %rsp
  4020f3:	45 31 c0             	xor    %r8d,%r8d
  4020f6:	31 c9                	xor    %ecx,%ecx
  4020f8:	48 c7 c7 50 10 40 00 	mov    $0x401050,%rdi
  4020ff:	ff 15 eb 2e 00 00    	call   *0x2eeb(%rip)        # 404ff0 <__libc_start_main@GLIBC_2.34>
  402105:	f4                   	hlt    

0000000000402106 <.annobin_abi_note.c>:
  402106:	66 2e 0f 1f 84 00 00 	cs nopw 0x0(%rax,%rax,1)
  40210d:	00 00 00 

0000000000402110 <_dl_relocate_static_pie>:
  402110:	f3 0f 1e fa          	endbr64 
  402114:	c3                   	ret    

0000000000402115 <.annobin__dl_relocate_static_pie.end>:
  402115:	66 2e 0f 1f 84 00 00 	cs nopw 0x0(%rax,%rax,1)
  40211c:	00 00 00 
  40211f:	90                   	nop

0000000000402120 <deregister_tm_clones>:
  402120:	b8 30 50 40 00       	mov    $0x405030,%eax
  402125:	48 3d 30 50 40 00    	cmp    $0x405030,%rax
  40212b:	74 13                	je     402140 <deregister_tm_clones+0x20>
  40212d:	b8 00 00 00 00       	mov    $0x0,%eax
  402132:	48 85 c0             	test   %rax,%rax
  402135:	74 09                	je     402140 <deregister_tm_clones+0x20>
  402137:	bf 30 50 40 00       	mov    $0x405030,%edi
  40213c:	ff e0                	jmp    *%rax
  40213e:	66 90                	xchg   %ax,%ax
  402140:	c3                   	ret    
  402141:	66 66 2e 0f 1f 84 00 	data16 cs nopw 0x0(%rax,%rax,1)
  402148:	00 00 00 00 
  40214c:	0f 1f 40 00          	nopl   0x0(%rax)

0000000000402150 <register_tm_clones>:
  402150:	be 30 50 40 00       	mov    $0x405030,%esi
  402155:	48 81 ee 30 50 40 00 	sub    $0x405030,%rsi
  40215c:	48 89 f0             	mov    %rsi,%rax
  40215f:	48 c1 ee 3f          	shr    $0x3f,%rsi
  402163:	48 c1 f8 03          	sar    $0x3,%rax
  402167:	48 01 c6             	add    %rax,%rsi
  40216a:	48 d1 fe             	sar    %rsi
  40216d:	74 11                	je     402180 <register_tm_clones+0x30>
  40216f:	b8 00 00 00 00       	mov    $0x0,%eax
  402174:	48 85 c0             	test   %rax,%rax
  402177:	74 07                	je     402180 <register_tm_clones+0x30>
  402179:	bf 30 50 40 00       	mov    $0x405030,%edi
  40217e:	ff e0                	jmp    *%rax
  402180:	c3                   	ret    
  402181:	66 66 2e 0f 1f 84 00 	data16 cs nopw 0x0(%rax,%rax,1)
  402188:	00 00 00 00 
  40218c:	0f 1f 40 00          	nopl   0x0(%rax)

0000000000402190 <__do_global_dtors_aux>:
  402190:	f3 0f 1e fa          	endbr64 
  402194:	80 3d 95 2e 00 00 00 	cmpb   $0x0,0x2e95(%rip)        # 405030 <__TMC_END__>
  40219b:	75 13                	jne    4021b0 <__do_global_dtors_aux+0x20>
  40219d:	55                   	push   %rbp
  40219e:	48 89 e5             	mov    %rsp,%rbp
  4021a1:	e8 7a ff ff ff       	call   402120 <deregister_tm_clones>
  4021a6:	c6 05 83 2e 00 00 01 	movb   $0x1,0x2e83(%rip)        # 405030 <__TMC_END__>
  4021ad:	5d                   	pop    %rbp
  4021ae:	c3                   	ret    
  4021af:	90                   	nop
  4021b0:	c3                   	ret    
  4021b1:	66 66 2e 0f 1f 84 00 	data16 cs nopw 0x0(%rax,%rax,1)
  4021b8:	00 00 00 00 
  4021bc:	0f 1f 40 00          	nopl   0x0(%rax)

00000000004021c0 <frame_dummy>:
  4021c0:	f3 0f 1e fa          	endbr64 
  4021c4:	eb 8a                	jmp    402150 <register_tm_clones>
  4021c6:	66 2e 0f 1f 84 00 00 	cs nopw 0x0(%rax,%rax,1)
  4021cd:	00 00 00 

00000000004021d0 <set_cpu_feature.part.0.constprop.0>:
  4021d0:	83 ff 40             	cmp    $0x40,%edi
  4021d3:	89 f9                	mov    %edi,%ecx
  4021d5:	ba 01 00 00 00       	mov    $0x1,%edx
  4021da:	48 19 c0             	sbb    %rax,%rax
  4021dd:	48 8d 35 5c 2e 00 00 	lea    0x2e5c(%rip),%rsi        # 405040 <__cpu_features2>
  4021e4:	d3 e2                	shl    %cl,%edx
  4021e6:	48 f7 d0             	not    %rax
  4021e9:	83 e0 04             	and    $0x4,%eax
  4021ec:	09 14 06             	or     %edx,(%rsi,%rax,1)
  4021ef:	c3                   	ret    

Disassembly of section .fini:

00000000004021f0 <_fini>:
  4021f0:	f3 0f 1e fa          	endbr64 
  4021f4:	48 83 ec 08          	sub    $0x8,%rsp
  4021f8:	48 83 c4 08          	add    $0x8,%rsp
  4021fc:	c3                   	ret    
