
bin/div_avx256f_approx:     file format elf64-x86-64


Disassembly of section .init:

0000000000401000 <_init>:
  401000:	f3 0f 1e fa          	endbr64 
  401004:	48 83 ec 08          	sub    $0x8,%rsp
  401008:	48 8b 05 e9 3f 00 00 	mov    0x3fe9(%rip),%rax        # 404ff8 <__gmon_start__@Base>
  40100f:	48 85 c0             	test   %rax,%rax
  401012:	74 02                	je     401016 <_init+0x16>
  401014:	ff d0                	call   *%rax
  401016:	48 83 c4 08          	add    $0x8,%rsp
  40101a:	c3                   	ret    

Disassembly of section .plt:

0000000000401020 <puts@plt-0x10>:
  401020:	ff 35 e2 3f 00 00    	push   0x3fe2(%rip)        # 405008 <_GLOBAL_OFFSET_TABLE_+0x8>
  401026:	ff 25 e4 3f 00 00    	jmp    *0x3fe4(%rip)        # 405010 <_GLOBAL_OFFSET_TABLE_+0x10>
  40102c:	0f 1f 40 00          	nopl   0x0(%rax)

0000000000401030 <puts@plt>:
  401030:	ff 25 e2 3f 00 00    	jmp    *0x3fe2(%rip)        # 405018 <puts@GLIBC_2.2.5>
  401036:	68 00 00 00 00       	push   $0x0
  40103b:	e9 e0 ff ff ff       	jmp    401020 <_init+0x20>

0000000000401040 <printf@plt>:
  401040:	ff 25 da 3f 00 00    	jmp    *0x3fda(%rip)        # 405020 <printf@GLIBC_2.2.5>
  401046:	68 01 00 00 00       	push   $0x1
  40104b:	e9 d0 ff ff ff       	jmp    401020 <_init+0x20>

Disassembly of section .text:

0000000000401050 <main>:
  __m256d poly = _mm256_mul_pd(r2r, r21);
  __m256d res = _mm256_add_pd(_mm256_mul_pd(poly, x), x);
  return res;
}

int main(void) {
  401050:	4c 8d 54 24 08       	lea    0x8(%rsp),%r10
  401055:	48 83 e4 e0          	and    $0xffffffffffffffe0,%rsp
  401059:	41 ff 72 f8          	push   -0x8(%r10)
  40105d:	55                   	push   %rbp
  40105e:	48 89 e5             	mov    %rsp,%rbp
  401061:	41 52                	push   %r10
  401063:	53                   	push   %rbx
  401064:	48 83 ec 60          	sub    $0x60,%rsp
  const unsigned long long int N = (unsigned long long int) 4.0e9;
  unsigned long long int i;
  if( ! __builtin_cpu_supports("avx512f")) {
  401068:	f6 05 ee 3f 00 00 80 	testb  $0x80,0x3fee(%rip)        # 40505d <__cpu_model+0xd>
  40106f:	0f 84 a9 00 00 00    	je     40111e <main+0xce>
    printf("CPU does not support avx512f, exiting.\n");
    return 1;
  }
  volatile __m256d divv = _mm256_set_pd(1.0000000001, 1.0000000002, 1.0000000003, 1.0000000004);
  401075:	c5 fd 28 05 03 20 00 	vmovapd 0x2003(%rip),%ymm0        # 403080 <__dso_handle+0x78>
  40107c:	00 
  __m256d av = _mm256_set_pd(2.22554107593822170, 4.95303308029771472, 11.02317856892717884, 24.53253668667874265);
  40107d:	c5 fd 28 1d db 1f 00 	vmovapd 0x1fdb(%rip),%ymm3        # 403060 <__dso_handle+0x58>
  401084:	00 
  volatile __m256d divv = _mm256_set_pd(1.0000000001, 1.0000000002, 1.0000000003, 1.0000000004);
  401085:	48 bb 00 50 d6 dc 01 	movabs $0x1dcd65000,%rbx
  40108c:	00 00 00 
  40108f:	c4 e2 7d 19 25 08 20 	vbroadcastsd 0x2008(%rip),%ymm4        # 4030a0 <__dso_handle+0x98>
  401096:	00 00 
  401098:	c5 fd 29 45 90       	vmovapd %ymm0,-0x70(%rbp)
  volatile __m256d rec; //This is to avoid moving the rec out of loop
  __attribute__ ((aligned (32))) double out[4];

  for(i=0; i<2*N; ++i) {
  40109d:	0f 1f 00             	nopl   (%rax)
    //av = _mm256_div_pd(av, divv);
    rec = _m256d_recip_double_r5(divv);
  4010a0:	c5 fd 28 45 90       	vmovapd -0x70(%rbp),%ymm0
}

extern __inline __m128 __attribute__((__gnu_inline__, __always_inline__, __artificial__))
_mm256_cvtpd_ps (__m256d __A)
{
  return (__m128)__builtin_ia32_cvtpd2ps256 ((__v4df) __A);
  4010a5:	c5 fd 5a c8          	vcvtpd2ps %ymm0,%xmm1
}

extern __inline __m128 __attribute__((__gnu_inline__, __always_inline__, __artificial__))
_mm_rcp_ps (__m128 __A)
{
  return (__m128) __builtin_ia32_rcpps ((__v4sf)__A);
  4010a9:	c5 f8 53 c9          	vrcpps %xmm1,%xmm1
}

extern __inline __m256d __attribute__((__gnu_inline__, __always_inline__, __artificial__))
_mm256_cvtps_pd (__m128 __A)
{
  return (__m256d)__builtin_ia32_cvtps2pd256 ((__v4sf) __A);
  4010ad:	c5 fc 5a c9          	vcvtps2pd %xmm1,%ymm1
  return (__m256d) ((__v4df)__A * (__v4df)__B);
  4010b1:	c5 fd 59 c1          	vmulpd %ymm1,%ymm0,%ymm0
  return (__m256d) ((__v4df)__A - (__v4df)__B);
  4010b5:	c5 dd 5c c0          	vsubpd %ymm0,%ymm4,%ymm0
  return (__m256d) ((__v4df)__A * (__v4df)__B);
  4010b9:	c5 fd 59 d0          	vmulpd %ymm0,%ymm0,%ymm2
  return (__m256d) ((__v4df)__A + (__v4df)__B);
  4010bd:	c5 fd 58 c2          	vaddpd %ymm2,%ymm0,%ymm0
  4010c1:	c5 ed 58 d4          	vaddpd %ymm4,%ymm2,%ymm2
  return (__m256d) ((__v4df)__A * (__v4df)__B);
  4010c5:	c5 fd 59 c2          	vmulpd %ymm2,%ymm0,%ymm0
  4010c9:	c5 fd 59 c1          	vmulpd %ymm1,%ymm0,%ymm0
  return (__m256d) ((__v4df)__A + (__v4df)__B);
  4010cd:	c5 fd 58 c1          	vaddpd %ymm1,%ymm0,%ymm0
  4010d1:	c5 fd 29 45 b0       	vmovapd %ymm0,-0x50(%rbp)
    av = _mm256_mul_pd(av, rec);
  4010d6:	c5 fd 28 45 b0       	vmovapd -0x50(%rbp),%ymm0
  return (__m256d) ((__v4df)__A * (__v4df)__B);
  4010db:	c5 e5 59 d8          	vmulpd %ymm0,%ymm3,%ymm3
  for(i=0; i<2*N; ++i) {
  4010df:	48 83 eb 01          	sub    $0x1,%rbx
  4010e3:	75 bb                	jne    4010a0 <main+0x50>
}

extern __inline void __attribute__((__gnu_inline__, __always_inline__, __artificial__))
_mm256_store_pd (double *__P, __m256d __A)
{
  *(__m256d *)__P = __A;
  4010e5:	c5 fd 29 5d d0       	vmovapd %ymm3,-0x30(%rbp)
  }

  _mm256_store_pd(out, av);
  for (i=0; i<4; ++i) {
  4010ea:	c5 f8 77             	vzeroupper 
    printf("%llu %.17f\n", i, out[i]);
  4010ed:	c5 fb 10 44 dd d0    	vmovsd -0x30(%rbp,%rbx,8),%xmm0
  4010f3:	48 89 de             	mov    %rbx,%rsi
  4010f6:	bf 37 30 40 00       	mov    $0x403037,%edi
  4010fb:	b8 01 00 00 00       	mov    $0x1,%eax
  for (i=0; i<4; ++i) {
  401100:	48 83 c3 01          	add    $0x1,%rbx
    printf("%llu %.17f\n", i, out[i]);
  401104:	e8 37 ff ff ff       	call   401040 <printf@plt>
  for (i=0; i<4; ++i) {
  401109:	48 83 fb 04          	cmp    $0x4,%rbx
  40110d:	75 de                	jne    4010ed <main+0x9d>
  }

  return 0;
  40110f:	31 c0                	xor    %eax,%eax
}
  401111:	48 83 c4 60          	add    $0x60,%rsp
  401115:	5b                   	pop    %rbx
  401116:	41 5a                	pop    %r10
  401118:	5d                   	pop    %rbp
  401119:	49 8d 62 f8          	lea    -0x8(%r10),%rsp
  40111d:	c3                   	ret    
    printf("CPU does not support avx512f, exiting.\n");
  40111e:	bf 10 30 40 00       	mov    $0x403010,%edi
  401123:	e8 08 ff ff ff       	call   401030 <puts@plt>
    return 1;
  401128:	b8 01 00 00 00       	mov    $0x1,%eax
  40112d:	eb e2                	jmp    401111 <main+0xc1>
  40112f:	90                   	nop

0000000000401130 <has_cpu_feature.part.0.constprop.0>:
  401130:	89 f9                	mov    %edi,%ecx
  401132:	b8 01 00 00 00       	mov    $0x1,%eax
  401137:	48 8d 15 02 3f 00 00 	lea    0x3f02(%rip),%rdx        # 405040 <__cpu_features2>
  40113e:	d3 e0                	shl    %cl,%eax
  401140:	83 ff 3f             	cmp    $0x3f,%edi
  401143:	0f 97 c1             	seta   %cl
  401146:	0f b6 c9             	movzbl %cl,%ecx
  401149:	23 04 8a             	and    (%rdx,%rcx,4),%eax
  40114c:	c3                   	ret    
  40114d:	0f 1f 00             	nopl   (%rax)

0000000000401150 <get_available_features.constprop.0>:
  401150:	41 55                	push   %r13
  401152:	49 89 fa             	mov    %rdi,%r10
  401155:	41 89 f0             	mov    %esi,%r8d
  401158:	41 89 d1             	mov    %edx,%r9d
  40115b:	41 54                	push   %r12
  40115d:	55                   	push   %rbp
  40115e:	53                   	push   %rbx
  40115f:	89 f3                	mov    %esi,%ebx
  401161:	48 83 ec 08          	sub    $0x8,%rsp
  401165:	8b 6f 08             	mov    0x8(%rdi),%ebp
  401168:	81 e3 00 00 00 08    	and    $0x8000000,%ebx
  40116e:	74 2c                	je     40119c <get_available_features.constprop.0+0x4c>
  401170:	31 c9                	xor    %ecx,%ecx
  401172:	0f 01 d0             	xgetbv 
  401175:	89 c2                	mov    %eax,%edx
  401177:	83 e2 06             	and    $0x6,%edx
  40117a:	83 fa 06             	cmp    $0x6,%edx
  40117d:	0f 84 7a 06 00 00    	je     4017fd <get_available_features.constprop.0+0x6ad>
  401183:	45 31 e4             	xor    %r12d,%r12d
  401186:	45 31 db             	xor    %r11d,%r11d
  401189:	25 00 00 06 00       	and    $0x60000,%eax
  40118e:	45 31 ed             	xor    %r13d,%r13d
  401191:	3d 00 00 06 00       	cmp    $0x60000,%eax
  401196:	41 0f 94 c5          	sete   %r13b
  40119a:	eb 09                	jmp    4011a5 <get_available_features.constprop.0+0x55>
  40119c:	45 31 ed             	xor    %r13d,%r13d
  40119f:	45 31 e4             	xor    %r12d,%r12d
  4011a2:	45 31 db             	xor    %r11d,%r11d
  4011a5:	41 f7 c1 00 80 00 00 	test   $0x8000,%r9d
  4011ac:	0f 85 5e 05 00 00    	jne    401710 <get_available_features.constprop.0+0x5c0>
  4011b2:	41 f7 c1 00 00 80 00 	test   $0x800000,%r9d
  4011b9:	0f 85 45 05 00 00    	jne    401704 <get_available_features.constprop.0+0x5b4>
  4011bf:	41 f7 c1 00 00 00 02 	test   $0x2000000,%r9d
  4011c6:	0f 85 7a 05 00 00    	jne    401746 <get_available_features.constprop.0+0x5f6>
  4011cc:	41 f7 c1 00 00 00 04 	test   $0x4000000,%r9d
  4011d3:	0f 85 61 05 00 00    	jne    40173a <get_available_features.constprop.0+0x5ea>
  4011d9:	41 f7 c1 00 01 00 00 	test   $0x100,%r9d
  4011e0:	0f 85 45 05 00 00    	jne    40172b <get_available_features.constprop.0+0x5db>
  4011e6:	41 81 e1 00 00 00 01 	and    $0x1000000,%r9d
  4011ed:	0f 85 29 05 00 00    	jne    40171c <get_available_features.constprop.0+0x5cc>
  4011f3:	41 f7 c0 00 00 80 00 	test   $0x800000,%r8d
  4011fa:	0f 85 f1 05 00 00    	jne    4017f1 <get_available_features.constprop.0+0x6a1>
  401200:	45 89 c1             	mov    %r8d,%r9d
  401203:	41 81 e1 00 00 00 02 	and    $0x2000000,%r9d
  40120a:	0f 85 d2 05 00 00    	jne    4017e2 <get_available_features.constprop.0+0x692>
  401210:	41 f6 c0 02          	test   $0x2,%r8b
  401214:	0f 85 b9 05 00 00    	jne    4017d3 <get_available_features.constprop.0+0x683>
  40121a:	41 f6 c0 01          	test   $0x1,%r8b
  40121e:	0f 85 a3 05 00 00    	jne    4017c7 <get_available_features.constprop.0+0x677>
  401224:	41 f7 c0 00 02 00 00 	test   $0x200,%r8d
  40122b:	0f 85 8a 05 00 00    	jne    4017bb <get_available_features.constprop.0+0x66b>
  401231:	41 f7 c0 00 00 08 00 	test   $0x80000,%r8d
  401238:	0f 85 6e 05 00 00    	jne    4017ac <get_available_features.constprop.0+0x65c>
  40123e:	41 f7 c0 00 00 10 00 	test   $0x100000,%r8d
  401245:	0f 85 52 05 00 00    	jne    40179d <get_available_features.constprop.0+0x64d>
  40124b:	85 db                	test   %ebx,%ebx
  40124d:	0f 85 3b 05 00 00    	jne    40178e <get_available_features.constprop.0+0x63e>
  401253:	41 f7 c0 00 20 00 00 	test   $0x2000,%r8d
  40125a:	0f 85 1f 05 00 00    	jne    40177f <get_available_features.constprop.0+0x62f>
  401260:	41 f7 c0 00 00 40 00 	test   $0x400000,%r8d
  401267:	0f 85 03 05 00 00    	jne    401770 <get_available_features.constprop.0+0x620>
  40126d:	45 85 c9             	test   %r9d,%r9d
  401270:	0f 85 eb 04 00 00    	jne    401761 <get_available_features.constprop.0+0x611>
  401276:	41 f7 c0 00 00 00 40 	test   $0x40000000,%r8d
  40127d:	0f 85 cf 04 00 00    	jne    401752 <get_available_features.constprop.0+0x602>
  401283:	41 f7 c0 00 00 00 04 	test   $0x4000000,%r8d
  40128a:	0f 85 65 04 00 00    	jne    4016f5 <get_available_features.constprop.0+0x5a5>
  401290:	45 85 db             	test   %r11d,%r11d
  401293:	74 27                	je     4012bc <get_available_features.constprop.0+0x16c>
  401295:	41 f7 c0 00 00 00 10 	test   $0x10000000,%r8d
  40129c:	0f 85 d0 06 00 00    	jne    401972 <get_available_features.constprop.0+0x822>
  4012a2:	41 f7 c0 00 10 00 00 	test   $0x1000,%r8d
  4012a9:	0f 85 d2 06 00 00    	jne    401981 <get_available_features.constprop.0+0x831>
  4012af:	41 81 e0 00 00 00 20 	and    $0x20000000,%r8d
  4012b6:	0f 85 d4 06 00 00    	jne    401990 <get_available_features.constprop.0+0x840>
  4012bc:	83 fd 06             	cmp    $0x6,%ebp
  4012bf:	0f 86 0b 03 00 00    	jbe    4015d0 <get_available_features.constprop.0+0x480>
  4012c5:	b8 07 00 00 00       	mov    $0x7,%eax
  4012ca:	31 c9                	xor    %ecx,%ecx
  4012cc:	0f a2                	cpuid  
  4012ce:	41 89 d1             	mov    %edx,%r9d
  4012d1:	41 89 c8             	mov    %ecx,%r8d
  4012d4:	f6 c3 08             	test   $0x8,%bl
  4012d7:	0f 85 0d 07 00 00    	jne    4019ea <get_available_features.constprop.0+0x89a>
  4012dd:	f6 c3 04             	test   $0x4,%bl
  4012e0:	0f 85 13 07 00 00    	jne    4019f9 <get_available_features.constprop.0+0x8a9>
  4012e6:	f6 c3 10             	test   $0x10,%bl
  4012e9:	0f 85 19 07 00 00    	jne    401a08 <get_available_features.constprop.0+0x8b8>
  4012ef:	f6 c7 08             	test   $0x8,%bh
  4012f2:	0f 85 6b 06 00 00    	jne    401963 <get_available_features.constprop.0+0x813>
  4012f8:	45 85 db             	test   %r11d,%r11d
  4012fb:	74 23                	je     401320 <get_available_features.constprop.0+0x1d0>
  4012fd:	f6 c3 20             	test   $0x20,%bl
  401300:	0f 85 8c 08 00 00    	jne    401b92 <get_available_features.constprop.0+0xa42>
  401306:	41 f7 c0 00 04 00 00 	test   $0x400,%r8d
  40130d:	0f 85 ad 07 00 00    	jne    401ac0 <get_available_features.constprop.0+0x970>
  401313:	41 f7 c0 00 02 00 00 	test   $0x200,%r8d
  40131a:	0f 85 91 07 00 00    	jne    401ab1 <get_available_features.constprop.0+0x961>
  401320:	f6 c7 01             	test   $0x1,%bh
  401323:	0f 85 2c 05 00 00    	jne    401855 <get_available_features.constprop.0+0x705>
  401329:	f6 c3 01             	test   $0x1,%bl
  40132c:	0f 85 32 05 00 00    	jne    401864 <get_available_features.constprop.0+0x714>
  401332:	f7 c3 00 00 04 00    	test   $0x40000,%ebx
  401338:	0f 85 9d 06 00 00    	jne    4019db <get_available_features.constprop.0+0x88b>
  40133e:	f7 c3 00 00 08 00    	test   $0x80000,%ebx
  401344:	0f 85 73 06 00 00    	jne    4019bd <get_available_features.constprop.0+0x86d>
  40134a:	f7 c3 00 00 00 20    	test   $0x20000000,%ebx
  401350:	0f 85 76 06 00 00    	jne    4019cc <get_available_features.constprop.0+0x87c>
  401356:	f7 c3 00 00 80 00    	test   $0x800000,%ebx
  40135c:	0f 85 11 05 00 00    	jne    401873 <get_available_features.constprop.0+0x723>
  401362:	f7 c3 00 00 00 01    	test   $0x1000000,%ebx
  401368:	0f 85 14 05 00 00    	jne    401882 <get_available_features.constprop.0+0x732>
  40136e:	41 f6 c0 01          	test   $0x1,%r8b
  401372:	0f 85 19 05 00 00    	jne    401891 <get_available_features.constprop.0+0x741>
  401378:	41 f6 c0 10          	test   $0x10,%r8b
  40137c:	0f 85 1e 05 00 00    	jne    4018a0 <get_available_features.constprop.0+0x750>
  401382:	41 f7 c0 00 00 40 00 	test   $0x400000,%r8d
  401389:	0f 85 20 05 00 00    	jne    4018af <get_available_features.constprop.0+0x75f>
  40138f:	41 f7 c0 00 01 00 00 	test   $0x100,%r8d
  401396:	0f 85 22 05 00 00    	jne    4018be <get_available_features.constprop.0+0x76e>
  40139c:	41 f7 c0 00 00 00 08 	test   $0x8000000,%r8d
  4013a3:	0f 85 24 05 00 00    	jne    4018cd <get_available_features.constprop.0+0x77d>
  4013a9:	41 f7 c0 00 00 00 10 	test   $0x10000000,%r8d
  4013b0:	0f 85 26 05 00 00    	jne    4018dc <get_available_features.constprop.0+0x78c>
  4013b6:	41 f7 c0 00 00 00 20 	test   $0x20000000,%r8d
  4013bd:	0f 85 28 05 00 00    	jne    4018eb <get_available_features.constprop.0+0x79b>
  4013c3:	41 f7 c0 00 00 00 02 	test   $0x2000000,%r8d
  4013ca:	0f 85 2a 05 00 00    	jne    4018fa <get_available_features.constprop.0+0x7aa>
  4013d0:	41 f6 c0 20          	test   $0x20,%r8b
  4013d4:	0f 85 2f 05 00 00    	jne    401909 <get_available_features.constprop.0+0x7b9>
  4013da:	41 f6 c0 80          	test   $0x80,%r8b
  4013de:	0f 85 34 05 00 00    	jne    401918 <get_available_features.constprop.0+0x7c8>
  4013e4:	41 f7 c1 00 40 00 00 	test   $0x4000,%r9d
  4013eb:	0f 85 36 05 00 00    	jne    401927 <get_available_features.constprop.0+0x7d7>
  4013f1:	41 f7 c1 00 00 01 00 	test   $0x10000,%r9d
  4013f8:	0f 85 38 05 00 00    	jne    401936 <get_available_features.constprop.0+0x7e6>
  4013fe:	41 f7 c1 00 00 04 00 	test   $0x40000,%r9d
  401405:	0f 85 3a 05 00 00    	jne    401945 <get_available_features.constprop.0+0x7f5>
  40140b:	41 f7 c1 00 00 10 00 	test   $0x100000,%r9d
  401412:	0f 85 3c 05 00 00    	jne    401954 <get_available_features.constprop.0+0x804>
  401418:	41 f6 c1 20          	test   $0x20,%r9b
  40141c:	0f 85 fb 03 00 00    	jne    40181d <get_available_features.constprop.0+0x6cd>
  401422:	45 85 ed             	test   %r13d,%r13d
  401425:	74 27                	je     40144e <get_available_features.constprop.0+0x2fe>
  401427:	41 f7 c1 00 00 00 01 	test   $0x1000000,%r9d
  40142e:	0f 85 40 07 00 00    	jne    401b74 <get_available_features.constprop.0+0xa24>
  401434:	41 f7 c1 00 00 00 02 	test   $0x2000000,%r9d
  40143b:	0f 85 61 06 00 00    	jne    401aa2 <get_available_features.constprop.0+0x952>
  401441:	41 f7 c1 00 00 40 00 	test   $0x400000,%r9d
  401448:	0f 85 45 06 00 00    	jne    401a93 <get_available_features.constprop.0+0x943>
  40144e:	45 85 e4             	test   %r12d,%r12d
  401451:	0f 84 67 02 00 00    	je     4016be <get_available_features.constprop.0+0x56e>
  401457:	f7 c3 00 00 01 00    	test   $0x10000,%ebx
  40145d:	0f 85 20 07 00 00    	jne    401b83 <get_available_features.constprop.0+0xa33>
  401463:	85 db                	test   %ebx,%ebx
  401465:	0f 88 c0 07 00 00    	js     401c2b <get_available_features.constprop.0+0xadb>
  40146b:	f7 c3 00 00 00 40    	test   $0x40000000,%ebx
  401471:	0f 85 84 07 00 00    	jne    401bfb <get_available_features.constprop.0+0xaab>
  401477:	f7 c3 00 00 02 00    	test   $0x20000,%ebx
  40147d:	0f 85 69 07 00 00    	jne    401bec <get_available_features.constprop.0+0xa9c>
  401483:	f7 c3 00 00 00 10    	test   $0x10000000,%ebx
  401489:	0f 85 4e 07 00 00    	jne    401bdd <get_available_features.constprop.0+0xa8d>
  40148f:	f7 c3 00 00 00 04    	test   $0x4000000,%ebx
  401495:	0f 85 33 07 00 00    	jne    401bce <get_available_features.constprop.0+0xa7e>
  40149b:	f7 c3 00 00 00 08    	test   $0x8000000,%ebx
  4014a1:	0f 85 18 07 00 00    	jne    401bbf <get_available_features.constprop.0+0xa6f>
  4014a7:	81 e3 00 00 20 00    	and    $0x200000,%ebx
  4014ad:	0f 85 fd 06 00 00    	jne    401bb0 <get_available_features.constprop.0+0xa60>
  4014b3:	41 f6 c0 02          	test   $0x2,%r8b
  4014b7:	0f 85 e4 06 00 00    	jne    401ba1 <get_available_features.constprop.0+0xa51>
  4014bd:	41 f6 c0 40          	test   $0x40,%r8b
  4014c1:	0f 85 71 06 00 00    	jne    401b38 <get_available_features.constprop.0+0x9e8>
  4014c7:	41 f7 c0 00 08 00 00 	test   $0x800,%r8d
  4014ce:	0f 85 55 06 00 00    	jne    401b29 <get_available_features.constprop.0+0x9d9>
  4014d4:	41 f7 c0 00 10 00 00 	test   $0x1000,%r8d
  4014db:	0f 85 39 06 00 00    	jne    401b1a <get_available_features.constprop.0+0x9ca>
  4014e1:	41 f7 c0 00 40 00 00 	test   $0x4000,%r8d
  4014e8:	0f 85 1d 06 00 00    	jne    401b0b <get_available_features.constprop.0+0x9bb>
  4014ee:	41 f6 c1 04          	test   $0x4,%r9b
  4014f2:	0f 85 04 06 00 00    	jne    401afc <get_available_features.constprop.0+0x9ac>
  4014f8:	41 f6 c1 08          	test   $0x8,%r9b
  4014fc:	0f 85 eb 05 00 00    	jne    401aed <get_available_features.constprop.0+0x99d>
  401502:	41 f7 c1 00 01 00 00 	test   $0x100,%r9d
  401509:	0f 85 cf 05 00 00    	jne    401ade <get_available_features.constprop.0+0x98e>
  40150f:	41 81 e1 00 00 80 00 	and    $0x800000,%r9d
  401516:	0f 85 b3 05 00 00    	jne    401acf <get_available_features.constprop.0+0x97f>
  40151c:	b8 07 00 00 00       	mov    $0x7,%eax
  401521:	b9 01 00 00 00       	mov    $0x1,%ecx
  401526:	0f a2                	cpuid  
  401528:	41 89 c1             	mov    %eax,%r9d
  40152b:	a9 00 00 40 00       	test   $0x400000,%eax
  401530:	0f 85 4e 05 00 00    	jne    401a84 <get_available_features.constprop.0+0x934>
  401536:	45 85 db             	test   %r11d,%r11d
  401539:	74 0a                	je     401545 <get_available_features.constprop.0+0x3f5>
  40153b:	41 f6 c1 10          	test   $0x10,%r9b
  40153f:	0f 85 6d 07 00 00    	jne    401cb2 <get_available_features.constprop.0+0xb62>
  401545:	41 80 e1 20          	and    $0x20,%r9b
  401549:	0f 85 c8 04 00 00    	jne    401a17 <get_available_features.constprop.0+0x8c7>
  40154f:	83 fd 0c             	cmp    $0xc,%ebp
  401552:	76 7c                	jbe    4015d0 <get_available_features.constprop.0+0x480>
  401554:	41 b9 0d 00 00 00    	mov    $0xd,%r9d
  40155a:	b9 01 00 00 00       	mov    $0x1,%ecx
  40155f:	44 89 c8             	mov    %r9d,%eax
  401562:	0f a2                	cpuid  
  401564:	41 89 c1             	mov    %eax,%r9d
  401567:	a8 01                	test   $0x1,%al
  401569:	0f 85 f6 05 00 00    	jne    401b65 <get_available_features.constprop.0+0xa15>
  40156f:	41 f6 c1 02          	test   $0x2,%r9b
  401573:	0f 85 dd 05 00 00    	jne    401b56 <get_available_features.constprop.0+0xa06>
  401579:	41 80 e1 08          	and    $0x8,%r9b
  40157d:	0f 85 c4 05 00 00    	jne    401b47 <get_available_features.constprop.0+0x9f7>
  401583:	83 fd 13             	cmp    $0x13,%ebp
  401586:	76 48                	jbe    4015d0 <get_available_features.constprop.0+0x480>
  401588:	b8 14 00 00 00       	mov    $0x14,%eax
  40158d:	31 c9                	xor    %ecx,%ecx
  40158f:	0f a2                	cpuid  
  401591:	80 e3 10             	and    $0x10,%bl
  401594:	0f 85 eb 06 00 00    	jne    401c85 <get_available_features.constprop.0+0xb35>
  40159a:	83 fd 18             	cmp    $0x18,%ebp
  40159d:	76 31                	jbe    4015d0 <get_available_features.constprop.0+0x480>
  40159f:	b8 19 00 00 00       	mov    $0x19,%eax
  4015a4:	0f a2                	cpuid  
  4015a6:	f6 c3 01             	test   $0x1,%bl
  4015a9:	74 25                	je     4015d0 <get_available_features.constprop.0+0x480>
  4015ab:	bf 5b 00 00 00       	mov    $0x5b,%edi
  4015b0:	e8 4b 0e 00 00       	call   402400 <set_cpu_feature.constprop.0>
  4015b5:	80 e3 04             	and    $0x4,%bl
  4015b8:	0f 85 03 07 00 00    	jne    401cc1 <get_available_features.constprop.0+0xb71>
  4015be:	41 81 e0 00 00 80 00 	and    $0x800000,%r8d
  4015c5:	0f 85 05 07 00 00    	jne    401cd0 <get_available_features.constprop.0+0xb80>
  4015cb:	0f 1f 44 00 00       	nopl   0x0(%rax,%rax,1)
  4015d0:	b8 00 00 00 80       	mov    $0x80000000,%eax
  4015d5:	0f a2                	cpuid  
  4015d7:	41 89 42 0c          	mov    %eax,0xc(%r10)
  4015db:	41 89 c0             	mov    %eax,%r8d
  4015de:	3d 00 00 00 80       	cmp    $0x80000000,%eax
  4015e3:	0f 86 ca 00 00 00    	jbe    4016b3 <get_available_features.constprop.0+0x563>
  4015e9:	b8 01 00 00 80       	mov    $0x80000001,%eax
  4015ee:	0f a2                	cpuid  
  4015f0:	41 89 d2             	mov    %edx,%r10d
  4015f3:	41 89 c9             	mov    %ecx,%r9d
  4015f6:	f6 c1 40             	test   $0x40,%cl
  4015f9:	0f 85 a0 03 00 00    	jne    40199f <get_available_features.constprop.0+0x84f>
  4015ff:	41 f6 c1 01          	test   $0x1,%r9b
  401603:	0f 85 a5 03 00 00    	jne    4019ae <get_available_features.constprop.0+0x85e>
  401609:	44 89 cb             	mov    %r9d,%ebx
  40160c:	44 89 cd             	mov    %r9d,%ebp
  40160f:	81 e3 00 80 00 00    	and    $0x8000,%ebx
  401615:	81 e5 00 00 20 00    	and    $0x200000,%ebp
  40161b:	41 f6 c1 20          	test   $0x20,%r9b
  40161f:	0f 85 07 02 00 00    	jne    40182c <get_available_features.constprop.0+0x6dc>
  401625:	85 db                	test   %ebx,%ebx
  401627:	0f 85 dd 05 00 00    	jne    401c0a <get_available_features.constprop.0+0xaba>
  40162d:	85 ed                	test   %ebp,%ebp
  40162f:	0f 85 e7 05 00 00    	jne    401c1c <get_available_features.constprop.0+0xacc>
  401635:	41 f7 c1 00 01 00 00 	test   $0x100,%r9d
  40163c:	0f 85 25 06 00 00    	jne    401c67 <get_available_features.constprop.0+0xb17>
  401642:	41 f7 c1 00 00 00 20 	test   $0x20000000,%r9d
  401649:	0f 85 09 06 00 00    	jne    401c58 <get_available_features.constprop.0+0xb08>
  40164f:	41 f7 c2 00 00 00 20 	test   $0x20000000,%r10d
  401656:	0f 85 ed 05 00 00    	jne    401c49 <get_available_features.constprop.0+0xaf9>
  40165c:	41 f7 c2 00 00 00 40 	test   $0x40000000,%r10d
  401663:	0f 85 d1 05 00 00    	jne    401c3a <get_available_features.constprop.0+0xaea>
  401669:	45 85 d2             	test   %r10d,%r10d
  40166c:	0f 88 04 06 00 00    	js     401c76 <get_available_features.constprop.0+0xb26>
  401672:	45 85 db             	test   %r11d,%r11d
  401675:	74 1a                	je     401691 <get_available_features.constprop.0+0x541>
  401677:	41 f7 c1 00 00 01 00 	test   $0x10000,%r9d
  40167e:	0f 85 d1 03 00 00    	jne    401a55 <get_available_features.constprop.0+0x905>
  401684:	41 81 e1 00 08 00 00 	and    $0x800,%r9d
  40168b:	0f 85 b5 03 00 00    	jne    401a46 <get_available_features.constprop.0+0x8f6>
  401691:	41 81 f8 07 00 00 80 	cmp    $0x80000007,%r8d
  401698:	76 19                	jbe    4016b3 <get_available_features.constprop.0+0x563>
  40169a:	b8 08 00 00 80       	mov    $0x80000008,%eax
  40169f:	0f a2                	cpuid  
  4016a1:	f6 c3 01             	test   $0x1,%bl
  4016a4:	0f 85 8d 03 00 00    	jne    401a37 <get_available_features.constprop.0+0x8e7>
  4016aa:	80 e7 02             	and    $0x2,%bh
  4016ad:	0f 85 73 03 00 00    	jne    401a26 <get_available_features.constprop.0+0x8d6>
  4016b3:	48 83 c4 08          	add    $0x8,%rsp
  4016b7:	5b                   	pop    %rbx
  4016b8:	5d                   	pop    %rbp
  4016b9:	41 5c                	pop    %r12
  4016bb:	41 5d                	pop    %r13
  4016bd:	c3                   	ret    
  4016be:	b8 07 00 00 00       	mov    $0x7,%eax
  4016c3:	b9 01 00 00 00       	mov    $0x1,%ecx
  4016c8:	0f a2                	cpuid  
  4016ca:	a9 00 00 40 00       	test   $0x400000,%eax
  4016cf:	0f 85 8f 03 00 00    	jne    401a64 <get_available_features.constprop.0+0x914>
  4016d5:	45 85 db             	test   %r11d,%r11d
  4016d8:	0f 84 71 fe ff ff    	je     40154f <get_available_features.constprop.0+0x3ff>
  4016de:	a8 10                	test   $0x10,%al
  4016e0:	0f 84 69 fe ff ff    	je     40154f <get_available_features.constprop.0+0x3ff>
  4016e6:	bf 5d 00 00 00       	mov    $0x5d,%edi
  4016eb:	e8 10 0d 00 00       	call   402400 <set_cpu_feature.constprop.0>
  4016f0:	e9 5a fe ff ff       	jmp    40154f <get_available_features.constprop.0+0x3ff>
  4016f5:	bf 51 00 00 00       	mov    $0x51,%edi
  4016fa:	e8 01 0d 00 00       	call   402400 <set_cpu_feature.constprop.0>
  4016ff:	e9 8c fb ff ff       	jmp    401290 <get_available_features.constprop.0+0x140>
  401704:	83 0d 51 39 00 00 02 	orl    $0x2,0x3951(%rip)        # 40505c <__cpu_model+0xc>
  40170b:	e9 af fa ff ff       	jmp    4011bf <get_available_features.constprop.0+0x6f>
  401710:	83 0d 45 39 00 00 01 	orl    $0x1,0x3945(%rip)        # 40505c <__cpu_model+0xc>
  401717:	e9 96 fa ff ff       	jmp    4011b2 <get_available_features.constprop.0+0x62>
  40171c:	bf 33 00 00 00       	mov    $0x33,%edi
  401721:	e8 da 0c 00 00       	call   402400 <set_cpu_feature.constprop.0>
  401726:	e9 c8 fa ff ff       	jmp    4011f3 <get_available_features.constprop.0+0xa3>
  40172b:	bf 2f 00 00 00       	mov    $0x2f,%edi
  401730:	e8 cb 0c 00 00       	call   402400 <set_cpu_feature.constprop.0>
  401735:	e9 ac fa ff ff       	jmp    4011e6 <get_available_features.constprop.0+0x96>
  40173a:	83 0d 1b 39 00 00 10 	orl    $0x10,0x391b(%rip)        # 40505c <__cpu_model+0xc>
  401741:	e9 93 fa ff ff       	jmp    4011d9 <get_available_features.constprop.0+0x89>
  401746:	83 0d 0f 39 00 00 08 	orl    $0x8,0x390f(%rip)        # 40505c <__cpu_model+0xc>
  40174d:	e9 7a fa ff ff       	jmp    4011cc <get_available_features.constprop.0+0x7c>
  401752:	bf 45 00 00 00       	mov    $0x45,%edi
  401757:	e8 a4 0c 00 00       	call   402400 <set_cpu_feature.constprop.0>
  40175c:	e9 22 fb ff ff       	jmp    401283 <get_available_features.constprop.0+0x133>
  401761:	81 0d f1 38 00 00 00 	orl    $0x40000,0x38f1(%rip)        # 40505c <__cpu_model+0xc>
  401768:	00 04 00 
  40176b:	e9 06 fb ff ff       	jmp    401276 <get_available_features.constprop.0+0x126>
  401770:	bf 3a 00 00 00       	mov    $0x3a,%edi
  401775:	e8 86 0c 00 00       	call   402400 <set_cpu_feature.constprop.0>
  40177a:	e9 ee fa ff ff       	jmp    40126d <get_available_features.constprop.0+0x11d>
  40177f:	bf 2e 00 00 00       	mov    $0x2e,%edi
  401784:	e8 77 0c 00 00       	call   402400 <set_cpu_feature.constprop.0>
  401789:	e9 d2 fa ff ff       	jmp    401260 <get_available_features.constprop.0+0x110>
  40178e:	bf 3e 00 00 00       	mov    $0x3e,%edi
  401793:	e8 68 0c 00 00       	call   402400 <set_cpu_feature.constprop.0>
  401798:	e9 b6 fa ff ff       	jmp    401253 <get_available_features.constprop.0+0x103>
  40179d:	81 0d b5 38 00 00 00 	orl    $0x100,0x38b5(%rip)        # 40505c <__cpu_model+0xc>
  4017a4:	01 00 00 
  4017a7:	e9 9f fa ff ff       	jmp    40124b <get_available_features.constprop.0+0xfb>
  4017ac:	81 0d a6 38 00 00 80 	orl    $0x80,0x38a6(%rip)        # 40505c <__cpu_model+0xc>
  4017b3:	00 00 00 
  4017b6:	e9 83 fa ff ff       	jmp    40123e <get_available_features.constprop.0+0xee>
  4017bb:	83 0d 9a 38 00 00 40 	orl    $0x40,0x389a(%rip)        # 40505c <__cpu_model+0xc>
  4017c2:	e9 6a fa ff ff       	jmp    401231 <get_available_features.constprop.0+0xe1>
  4017c7:	83 0d 8e 38 00 00 20 	orl    $0x20,0x388e(%rip)        # 40505c <__cpu_model+0xc>
  4017ce:	e9 51 fa ff ff       	jmp    401224 <get_available_features.constprop.0+0xd4>
  4017d3:	81 0d 7f 38 00 00 00 	orl    $0x80000,0x387f(%rip)        # 40505c <__cpu_model+0xc>
  4017da:	00 08 00 
  4017dd:	e9 38 fa ff ff       	jmp    40121a <get_available_features.constprop.0+0xca>
  4017e2:	81 0d 70 38 00 00 00 	orl    $0x40000,0x3870(%rip)        # 40505c <__cpu_model+0xc>
  4017e9:	00 04 00 
  4017ec:	e9 1f fa ff ff       	jmp    401210 <get_available_features.constprop.0+0xc0>
  4017f1:	83 0d 64 38 00 00 04 	orl    $0x4,0x3864(%rip)        # 40505c <__cpu_model+0xc>
  4017f8:	e9 03 fa ff ff       	jmp    401200 <get_available_features.constprop.0+0xb0>
  4017fd:	89 c2                	mov    %eax,%edx
  4017ff:	45 31 e4             	xor    %r12d,%r12d
  401802:	41 bb 01 00 00 00    	mov    $0x1,%r11d
  401808:	81 e2 e6 00 00 00    	and    $0xe6,%edx
  40180e:	81 fa e6 00 00 00    	cmp    $0xe6,%edx
  401814:	41 0f 94 c4          	sete   %r12b
  401818:	e9 6c f9 ff ff       	jmp    401189 <get_available_features.constprop.0+0x39>
  40181d:	bf 58 00 00 00       	mov    $0x58,%edi
  401822:	e8 d9 0b 00 00       	call   402400 <set_cpu_feature.constprop.0>
  401827:	e9 f6 fb ff ff       	jmp    401422 <get_available_features.constprop.0+0x2d2>
  40182c:	bf 29 00 00 00       	mov    $0x29,%edi
  401831:	e8 ca 0b 00 00       	call   402400 <set_cpu_feature.constprop.0>
  401836:	85 db                	test   %ebx,%ebx
  401838:	0f 85 65 04 00 00    	jne    401ca3 <get_available_features.constprop.0+0xb53>
  40183e:	85 ed                	test   %ebp,%ebp
  401840:	0f 85 4e 04 00 00    	jne    401c94 <get_available_features.constprop.0+0xb44>
  401846:	bf 39 00 00 00       	mov    $0x39,%edi
  40184b:	e8 b0 0b 00 00       	call   402400 <set_cpu_feature.constprop.0>
  401850:	e9 e0 fd ff ff       	jmp    401635 <get_available_features.constprop.0+0x4e5>
  401855:	81 0d fd 37 00 00 00 	orl    $0x20000,0x37fd(%rip)        # 40505c <__cpu_model+0xc>
  40185c:	00 02 00 
  40185f:	e9 c5 fa ff ff       	jmp    401329 <get_available_features.constprop.0+0x1d9>
  401864:	bf 32 00 00 00       	mov    $0x32,%edi
  401869:	e8 92 0b 00 00       	call   402400 <set_cpu_feature.constprop.0>
  40186e:	e9 bf fa ff ff       	jmp    401332 <get_available_features.constprop.0+0x1e2>
  401873:	bf 2b 00 00 00       	mov    $0x2b,%edi
  401878:	e8 83 0b 00 00       	call   402400 <set_cpu_feature.constprop.0>
  40187d:	e9 e0 fa ff ff       	jmp    401362 <get_available_features.constprop.0+0x212>
  401882:	bf 2c 00 00 00       	mov    $0x2c,%edi
  401887:	e8 74 0b 00 00       	call   402400 <set_cpu_feature.constprop.0>
  40188c:	e9 dd fa ff ff       	jmp    40136e <get_available_features.constprop.0+0x21e>
  401891:	bf 41 00 00 00       	mov    $0x41,%edi
  401896:	e8 65 0b 00 00       	call   402400 <set_cpu_feature.constprop.0>
  40189b:	e9 d8 fa ff ff       	jmp    401378 <get_available_features.constprop.0+0x228>
  4018a0:	bf 40 00 00 00       	mov    $0x40,%edi
  4018a5:	e8 56 0b 00 00       	call   402400 <set_cpu_feature.constprop.0>
  4018aa:	e9 d3 fa ff ff       	jmp    401382 <get_available_features.constprop.0+0x232>
  4018af:	bf 44 00 00 00       	mov    $0x44,%edi
  4018b4:	e8 47 0b 00 00       	call   402400 <set_cpu_feature.constprop.0>
  4018b9:	e9 d1 fa ff ff       	jmp    40138f <get_available_features.constprop.0+0x23f>
  4018be:	bf 20 00 00 00       	mov    $0x20,%edi
  4018c3:	e8 38 0b 00 00       	call   402400 <set_cpu_feature.constprop.0>
  4018c8:	e9 cf fa ff ff       	jmp    40139c <get_available_features.constprop.0+0x24c>
  4018cd:	bf 3c 00 00 00       	mov    $0x3c,%edi
  4018d2:	e8 29 0b 00 00       	call   402400 <set_cpu_feature.constprop.0>
  4018d7:	e9 cd fa ff ff       	jmp    4013a9 <get_available_features.constprop.0+0x259>
  4018dc:	bf 3b 00 00 00       	mov    $0x3b,%edi
  4018e1:	e8 1a 0b 00 00       	call   402400 <set_cpu_feature.constprop.0>
  4018e6:	e9 cb fa ff ff       	jmp    4013b6 <get_available_features.constprop.0+0x266>
  4018eb:	bf 30 00 00 00       	mov    $0x30,%edi
  4018f0:	e8 0b 0b 00 00       	call   402400 <set_cpu_feature.constprop.0>
  4018f5:	e9 c9 fa ff ff       	jmp    4013c3 <get_available_features.constprop.0+0x273>
  4018fa:	bf 2a 00 00 00       	mov    $0x2a,%edi
  4018ff:	e8 fc 0a 00 00       	call   402400 <set_cpu_feature.constprop.0>
  401904:	e9 c7 fa ff ff       	jmp    4013d0 <get_available_features.constprop.0+0x280>
  401909:	bf 4f 00 00 00       	mov    $0x4f,%edi
  40190e:	e8 ed 0a 00 00       	call   402400 <set_cpu_feature.constprop.0>
  401913:	e9 c2 fa ff ff       	jmp    4013da <get_available_features.constprop.0+0x28a>
  401918:	bf 4b 00 00 00       	mov    $0x4b,%edi
  40191d:	e8 de 0a 00 00       	call   402400 <set_cpu_feature.constprop.0>
  401922:	e9 bd fa ff ff       	jmp    4013e4 <get_available_features.constprop.0+0x294>
  401927:	bf 48 00 00 00       	mov    $0x48,%edi
  40192c:	e8 cf 0a 00 00       	call   402400 <set_cpu_feature.constprop.0>
  401931:	e9 bb fa ff ff       	jmp    4013f1 <get_available_features.constprop.0+0x2a1>
  401936:	bf 4d 00 00 00       	mov    $0x4d,%edi
  40193b:	e8 c0 0a 00 00       	call   402400 <set_cpu_feature.constprop.0>
  401940:	e9 b9 fa ff ff       	jmp    4013fe <get_available_features.constprop.0+0x2ae>
  401945:	bf 3f 00 00 00       	mov    $0x3f,%edi
  40194a:	e8 b1 0a 00 00       	call   402400 <set_cpu_feature.constprop.0>
  40194f:	e9 b7 fa ff ff       	jmp    40140b <get_available_features.constprop.0+0x2bb>
  401954:	bf 35 00 00 00       	mov    $0x35,%edi
  401959:	e8 a2 0a 00 00       	call   402400 <set_cpu_feature.constprop.0>
  40195e:	e9 b5 fa ff ff       	jmp    401418 <get_available_features.constprop.0+0x2c8>
  401963:	bf 47 00 00 00       	mov    $0x47,%edi
  401968:	e8 93 0a 00 00       	call   402400 <set_cpu_feature.constprop.0>
  40196d:	e9 86 f9 ff ff       	jmp    4012f8 <get_available_features.constprop.0+0x1a8>
  401972:	81 0d e0 36 00 00 00 	orl    $0x200,0x36e0(%rip)        # 40505c <__cpu_model+0xc>
  401979:	02 00 00 
  40197c:	e9 21 f9 ff ff       	jmp    4012a2 <get_available_features.constprop.0+0x152>
  401981:	81 0d d1 36 00 00 00 	orl    $0x4000,0x36d1(%rip)        # 40505c <__cpu_model+0xc>
  401988:	40 00 00 
  40198b:	e9 1f f9 ff ff       	jmp    4012af <get_available_features.constprop.0+0x15f>
  401990:	bf 31 00 00 00       	mov    $0x31,%edi
  401995:	e8 66 0a 00 00       	call   402400 <set_cpu_feature.constprop.0>
  40199a:	e9 1d f9 ff ff       	jmp    4012bc <get_available_features.constprop.0+0x16c>
  40199f:	81 0d b3 36 00 00 00 	orl    $0x800,0x36b3(%rip)        # 40505c <__cpu_model+0xc>
  4019a6:	08 00 00 
  4019a9:	e9 51 fc ff ff       	jmp    4015ff <get_available_features.constprop.0+0x4af>
  4019ae:	bf 36 00 00 00       	mov    $0x36,%edi
  4019b3:	e8 48 0a 00 00       	call   402400 <set_cpu_feature.constprop.0>
  4019b8:	e9 4c fc ff ff       	jmp    401609 <get_available_features.constprop.0+0x4b9>
  4019bd:	bf 28 00 00 00       	mov    $0x28,%edi
  4019c2:	e8 39 0a 00 00       	call   402400 <set_cpu_feature.constprop.0>
  4019c7:	e9 7e f9 ff ff       	jmp    40134a <get_available_features.constprop.0+0x1fa>
  4019cc:	bf 4a 00 00 00       	mov    $0x4a,%edi
  4019d1:	e8 2a 0a 00 00       	call   402400 <set_cpu_feature.constprop.0>
  4019d6:	e9 7b f9 ff ff       	jmp    401356 <get_available_features.constprop.0+0x206>
  4019db:	bf 46 00 00 00       	mov    $0x46,%edi
  4019e0:	e8 1b 0a 00 00       	call   402400 <set_cpu_feature.constprop.0>
  4019e5:	e9 54 f9 ff ff       	jmp    40133e <get_available_features.constprop.0+0x1ee>
  4019ea:	81 0d 68 36 00 00 00 	orl    $0x10000,0x3668(%rip)        # 40505c <__cpu_model+0xc>
  4019f1:	00 01 00 
  4019f4:	e9 e4 f8 ff ff       	jmp    4012dd <get_available_features.constprop.0+0x18d>
  4019f9:	bf 49 00 00 00       	mov    $0x49,%edi
  4019fe:	e8 fd 09 00 00       	call   402400 <set_cpu_feature.constprop.0>
  401a03:	e9 de f8 ff ff       	jmp    4012e6 <get_available_features.constprop.0+0x196>
  401a08:	bf 34 00 00 00       	mov    $0x34,%edi
  401a0d:	e8 ee 09 00 00       	call   402400 <set_cpu_feature.constprop.0>
  401a12:	e9 d8 f8 ff ff       	jmp    4012ef <get_available_features.constprop.0+0x19f>
  401a17:	bf 24 00 00 00       	mov    $0x24,%edi
  401a1c:	e8 df 09 00 00       	call   402400 <set_cpu_feature.constprop.0>
  401a21:	e9 29 fb ff ff       	jmp    40154f <get_available_features.constprop.0+0x3ff>
  401a26:	58                   	pop    %rax
  401a27:	bf 50 00 00 00       	mov    $0x50,%edi
  401a2c:	5b                   	pop    %rbx
  401a2d:	5d                   	pop    %rbp
  401a2e:	41 5c                	pop    %r12
  401a30:	41 5d                	pop    %r13
  401a32:	e9 c9 09 00 00       	jmp    402400 <set_cpu_feature.constprop.0>
  401a37:	bf 2d 00 00 00       	mov    $0x2d,%edi
  401a3c:	e8 bf 09 00 00       	call   402400 <set_cpu_feature.constprop.0>
  401a41:	e9 64 fc ff ff       	jmp    4016aa <get_available_features.constprop.0+0x55a>
  401a46:	81 0d 0c 36 00 00 00 	orl    $0x2000,0x360c(%rip)        # 40505c <__cpu_model+0xc>
  401a4d:	20 00 00 
  401a50:	e9 3c fc ff ff       	jmp    401691 <get_available_features.constprop.0+0x541>
  401a55:	81 0d fd 35 00 00 00 	orl    $0x1000,0x35fd(%rip)        # 40505c <__cpu_model+0xc>
  401a5c:	10 00 00 
  401a5f:	e9 20 fc ff ff       	jmp    401684 <get_available_features.constprop.0+0x534>
  401a64:	bf 59 00 00 00       	mov    $0x59,%edi
  401a69:	89 44 24 04          	mov    %eax,0x4(%rsp)
  401a6d:	e8 8e 09 00 00       	call   402400 <set_cpu_feature.constprop.0>
  401a72:	45 85 db             	test   %r11d,%r11d
  401a75:	8b 44 24 04          	mov    0x4(%rsp),%eax
  401a79:	0f 85 5f fc ff ff    	jne    4016de <get_available_features.constprop.0+0x58e>
  401a7f:	e9 cb fa ff ff       	jmp    40154f <get_available_features.constprop.0+0x3ff>
  401a84:	bf 59 00 00 00       	mov    $0x59,%edi
  401a89:	e8 72 09 00 00       	call   402400 <set_cpu_feature.constprop.0>
  401a8e:	e9 a3 fa ff ff       	jmp    401536 <get_available_features.constprop.0+0x3e6>
  401a93:	bf 57 00 00 00       	mov    $0x57,%edi
  401a98:	e8 63 09 00 00       	call   402400 <set_cpu_feature.constprop.0>
  401a9d:	e9 ac f9 ff ff       	jmp    40144e <get_available_features.constprop.0+0x2fe>
  401aa2:	bf 56 00 00 00       	mov    $0x56,%edi
  401aa7:	e8 54 09 00 00       	call   402400 <set_cpu_feature.constprop.0>
  401aac:	e9 90 f9 ff ff       	jmp    401441 <get_available_features.constprop.0+0x2f1>
  401ab1:	bf 4e 00 00 00       	mov    $0x4e,%edi
  401ab6:	e8 45 09 00 00       	call   402400 <set_cpu_feature.constprop.0>
  401abb:	e9 60 f8 ff ff       	jmp    401320 <get_available_features.constprop.0+0x1d0>
  401ac0:	bf 21 00 00 00       	mov    $0x21,%edi
  401ac5:	e8 36 09 00 00       	call   402400 <set_cpu_feature.constprop.0>
  401aca:	e9 44 f8 ff ff       	jmp    401313 <get_available_features.constprop.0+0x1c3>
  401acf:	bf 5e 00 00 00       	mov    $0x5e,%edi
  401ad4:	e8 27 09 00 00       	call   402400 <set_cpu_feature.constprop.0>
  401ad9:	e9 3e fa ff ff       	jmp    40151c <get_available_features.constprop.0+0x3cc>
  401ade:	bf 25 00 00 00       	mov    $0x25,%edi
  401ae3:	e8 18 09 00 00       	call   402400 <set_cpu_feature.constprop.0>
  401ae8:	e9 22 fa ff ff       	jmp    40150f <get_available_features.constprop.0+0x3bf>
  401aed:	81 0d 65 35 00 00 00 	orl    $0x20000000,0x3565(%rip)        # 40505c <__cpu_model+0xc>
  401af4:	00 00 20 
  401af7:	e9 06 fa ff ff       	jmp    401502 <get_available_features.constprop.0+0x3b2>
  401afc:	81 0d 56 35 00 00 00 	orl    $0x10000000,0x3556(%rip)        # 40505c <__cpu_model+0xc>
  401b03:	00 00 10 
  401b06:	e9 ed f9 ff ff       	jmp    4014f8 <get_available_features.constprop.0+0x3a8>
  401b0b:	81 0d 47 35 00 00 00 	orl    $0x40000000,0x3547(%rip)        # 40505c <__cpu_model+0xc>
  401b12:	00 00 40 
  401b15:	e9 d4 f9 ff ff       	jmp    4014ee <get_available_features.constprop.0+0x39e>
  401b1a:	bf 23 00 00 00       	mov    $0x23,%edi
  401b1f:	e8 dc 08 00 00       	call   402400 <set_cpu_feature.constprop.0>
  401b24:	e9 b8 f9 ff ff       	jmp    4014e1 <get_available_features.constprop.0+0x391>
  401b29:	bf 22 00 00 00       	mov    $0x22,%edi
  401b2e:	e8 cd 08 00 00       	call   402400 <set_cpu_feature.constprop.0>
  401b33:	e9 9c f9 ff ff       	jmp    4014d4 <get_available_features.constprop.0+0x384>
  401b38:	81 0d 1a 35 00 00 00 	orl    $0x80000000,0x351a(%rip)        # 40505c <__cpu_model+0xc>
  401b3f:	00 00 80 
  401b42:	e9 80 f9 ff ff       	jmp    4014c7 <get_available_features.constprop.0+0x377>
  401b47:	bf 54 00 00 00       	mov    $0x54,%edi
  401b4c:	e8 af 08 00 00       	call   402400 <set_cpu_feature.constprop.0>
  401b51:	e9 2d fa ff ff       	jmp    401583 <get_available_features.constprop.0+0x433>
  401b56:	bf 52 00 00 00       	mov    $0x52,%edi
  401b5b:	e8 a0 08 00 00       	call   402400 <set_cpu_feature.constprop.0>
  401b60:	e9 14 fa ff ff       	jmp    401579 <get_available_features.constprop.0+0x429>
  401b65:	bf 53 00 00 00       	mov    $0x53,%edi
  401b6a:	e8 91 08 00 00       	call   402400 <set_cpu_feature.constprop.0>
  401b6f:	e9 fb f9 ff ff       	jmp    40156f <get_available_features.constprop.0+0x41f>
  401b74:	bf 55 00 00 00       	mov    $0x55,%edi
  401b79:	e8 82 08 00 00       	call   402400 <set_cpu_feature.constprop.0>
  401b7e:	e9 b1 f8 ff ff       	jmp    401434 <get_available_features.constprop.0+0x2e4>
  401b83:	81 0d cf 34 00 00 00 	orl    $0x8000,0x34cf(%rip)        # 40505c <__cpu_model+0xc>
  401b8a:	80 00 00 
  401b8d:	e9 d1 f8 ff ff       	jmp    401463 <get_available_features.constprop.0+0x313>
  401b92:	81 0d c0 34 00 00 00 	orl    $0x400,0x34c0(%rip)        # 40505c <__cpu_model+0xc>
  401b99:	04 00 00 
  401b9c:	e9 65 f7 ff ff       	jmp    401306 <get_available_features.constprop.0+0x1b6>
  401ba1:	81 0d b1 34 00 00 00 	orl    $0x4000000,0x34b1(%rip)        # 40505c <__cpu_model+0xc>
  401ba8:	00 00 04 
  401bab:	e9 0d f9 ff ff       	jmp    4014bd <get_available_features.constprop.0+0x36d>
  401bb0:	81 0d a2 34 00 00 00 	orl    $0x8000000,0x34a2(%rip)        # 40505c <__cpu_model+0xc>
  401bb7:	00 00 08 
  401bba:	e9 f4 f8 ff ff       	jmp    4014b3 <get_available_features.constprop.0+0x363>
  401bbf:	81 0d 93 34 00 00 00 	orl    $0x1000000,0x3493(%rip)        # 40505c <__cpu_model+0xc>
  401bc6:	00 00 01 
  401bc9:	e9 d9 f8 ff ff       	jmp    4014a7 <get_available_features.constprop.0+0x357>
  401bce:	81 0d 84 34 00 00 00 	orl    $0x2000000,0x3484(%rip)        # 40505c <__cpu_model+0xc>
  401bd5:	00 00 02 
  401bd8:	e9 be f8 ff ff       	jmp    40149b <get_available_features.constprop.0+0x34b>
  401bdd:	81 0d 75 34 00 00 00 	orl    $0x800000,0x3475(%rip)        # 40505c <__cpu_model+0xc>
  401be4:	00 80 00 
  401be7:	e9 a3 f8 ff ff       	jmp    40148f <get_available_features.constprop.0+0x33f>
  401bec:	81 0d 66 34 00 00 00 	orl    $0x400000,0x3466(%rip)        # 40505c <__cpu_model+0xc>
  401bf3:	00 40 00 
  401bf6:	e9 88 f8 ff ff       	jmp    401483 <get_available_features.constprop.0+0x333>
  401bfb:	81 0d 57 34 00 00 00 	orl    $0x200000,0x3457(%rip)        # 40505c <__cpu_model+0xc>
  401c02:	00 20 00 
  401c05:	e9 6d f8 ff ff       	jmp    401477 <get_available_features.constprop.0+0x327>
  401c0a:	bf 38 00 00 00       	mov    $0x38,%edi
  401c0f:	e8 ec 07 00 00       	call   402400 <set_cpu_feature.constprop.0>
  401c14:	85 ed                	test   %ebp,%ebp
  401c16:	0f 84 19 fa ff ff    	je     401635 <get_available_features.constprop.0+0x4e5>
  401c1c:	bf 4c 00 00 00       	mov    $0x4c,%edi
  401c21:	e8 da 07 00 00       	call   402400 <set_cpu_feature.constprop.0>
  401c26:	e9 0a fa ff ff       	jmp    401635 <get_available_features.constprop.0+0x4e5>
  401c2b:	81 0d 27 34 00 00 00 	orl    $0x100000,0x3427(%rip)        # 40505c <__cpu_model+0xc>
  401c32:	00 10 00 
  401c35:	e9 31 f8 ff ff       	jmp    40146b <get_available_features.constprop.0+0x31b>
  401c3a:	bf 27 00 00 00       	mov    $0x27,%edi
  401c3f:	e8 bc 07 00 00       	call   402400 <set_cpu_feature.constprop.0>
  401c44:	e9 20 fa ff ff       	jmp    401669 <get_available_features.constprop.0+0x519>
  401c49:	bf 37 00 00 00       	mov    $0x37,%edi
  401c4e:	e8 ad 07 00 00       	call   402400 <set_cpu_feature.constprop.0>
  401c53:	e9 04 fa ff ff       	jmp    40165c <get_available_features.constprop.0+0x50c>
  401c58:	bf 3d 00 00 00       	mov    $0x3d,%edi
  401c5d:	e8 9e 07 00 00       	call   402400 <set_cpu_feature.constprop.0>
  401c62:	e9 e8 f9 ff ff       	jmp    40164f <get_available_features.constprop.0+0x4ff>
  401c67:	bf 42 00 00 00       	mov    $0x42,%edi
  401c6c:	e8 8f 07 00 00       	call   402400 <set_cpu_feature.constprop.0>
  401c71:	e9 cc f9 ff ff       	jmp    401642 <get_available_features.constprop.0+0x4f2>
  401c76:	bf 26 00 00 00       	mov    $0x26,%edi
  401c7b:	e8 80 07 00 00       	call   402400 <set_cpu_feature.constprop.0>
  401c80:	e9 ed f9 ff ff       	jmp    401672 <get_available_features.constprop.0+0x522>
  401c85:	bf 43 00 00 00       	mov    $0x43,%edi
  401c8a:	e8 71 07 00 00       	call   402400 <set_cpu_feature.constprop.0>
  401c8f:	e9 06 f9 ff ff       	jmp    40159a <get_available_features.constprop.0+0x44a>
  401c94:	bf 4c 00 00 00       	mov    $0x4c,%edi
  401c99:	e8 62 07 00 00       	call   402400 <set_cpu_feature.constprop.0>
  401c9e:	e9 a3 fb ff ff       	jmp    401846 <get_available_features.constprop.0+0x6f6>
  401ca3:	bf 38 00 00 00       	mov    $0x38,%edi
  401ca8:	e8 53 07 00 00       	call   402400 <set_cpu_feature.constprop.0>
  401cad:	e9 8c fb ff ff       	jmp    40183e <get_available_features.constprop.0+0x6ee>
  401cb2:	bf 5d 00 00 00       	mov    $0x5d,%edi
  401cb7:	e8 44 07 00 00       	call   402400 <set_cpu_feature.constprop.0>
  401cbc:	e9 84 f8 ff ff       	jmp    401545 <get_available_features.constprop.0+0x3f5>
  401cc1:	bf 5c 00 00 00       	mov    $0x5c,%edi
  401cc6:	e8 35 07 00 00       	call   402400 <set_cpu_feature.constprop.0>
  401ccb:	e9 ee f8 ff ff       	jmp    4015be <get_available_features.constprop.0+0x46e>
  401cd0:	bf 5a 00 00 00       	mov    $0x5a,%edi
  401cd5:	e8 26 07 00 00       	call   402400 <set_cpu_feature.constprop.0>
  401cda:	e9 f1 f8 ff ff       	jmp    4015d0 <get_available_features.constprop.0+0x480>
  401cdf:	90                   	nop

0000000000401ce0 <__cpu_indicator_init>:
  401ce0:	f3 0f 1e fa          	endbr64 
  401ce4:	8b 3d 66 33 00 00    	mov    0x3366(%rip),%edi        # 405050 <__cpu_model>
  401cea:	85 ff                	test   %edi,%edi
  401cec:	0f 85 16 06 00 00    	jne    402308 <__cpu_indicator_init+0x628>
  401cf2:	53                   	push   %rbx
  401cf3:	31 f6                	xor    %esi,%esi
  401cf5:	89 f0                	mov    %esi,%eax
  401cf7:	48 83 ec 10          	sub    $0x10,%rsp
  401cfb:	0f a2                	cpuid  
  401cfd:	85 c0                	test   %eax,%eax
  401cff:	0f 84 ad 00 00 00    	je     401db2 <__cpu_indicator_init+0xd2>
  401d05:	89 f0                	mov    %esi,%eax
  401d07:	0f a2                	cpuid  
  401d09:	41 89 d8             	mov    %ebx,%r8d
  401d0c:	89 c7                	mov    %eax,%edi
  401d0e:	85 c0                	test   %eax,%eax
  401d10:	0f 8e 9c 00 00 00    	jle    401db2 <__cpu_indicator_init+0xd2>
  401d16:	89 f0                	mov    %esi,%eax
  401d18:	0f a2                	cpuid  
  401d1a:	85 c0                	test   %eax,%eax
  401d1c:	0f 84 90 00 00 00    	je     401db2 <__cpu_indicator_init+0xd2>
  401d22:	b8 01 00 00 00       	mov    $0x1,%eax
  401d27:	0f a2                	cpuid  
  401d29:	89 c6                	mov    %eax,%esi
  401d2b:	41 89 c1             	mov    %eax,%r9d
  401d2e:	89 7c 24 08          	mov    %edi,0x8(%rsp)
  401d32:	89 c7                	mov    %eax,%edi
  401d34:	c1 ef 04             	shr    $0x4,%edi
  401d37:	c1 ee 08             	shr    $0x8,%esi
  401d3a:	41 c1 e9 0c          	shr    $0xc,%r9d
  401d3e:	c1 e8 14             	shr    $0x14,%eax
  401d41:	83 e7 0f             	and    $0xf,%edi
  401d44:	83 e6 0f             	and    $0xf,%esi
  401d47:	41 81 e1 f0 00 00 00 	and    $0xf0,%r9d
  401d4e:	0f b6 c0             	movzbl %al,%eax
  401d51:	41 81 f8 47 65 6e 75 	cmp    $0x756e6547,%r8d
  401d58:	74 6b                	je     401dc5 <__cpu_indicator_init+0xe5>
  401d5a:	41 81 f8 41 75 74 68 	cmp    $0x68747541,%r8d
  401d61:	0f 84 f1 01 00 00    	je     401f58 <__cpu_indicator_init+0x278>
  401d67:	41 81 f8 43 65 6e 74 	cmp    $0x746e6543,%r8d
  401d6e:	0f 84 5a 01 00 00    	je     401ece <__cpu_indicator_init+0x1ee>
  401d74:	41 81 f8 43 79 72 69 	cmp    $0x69727943,%r8d
  401d7b:	0f 84 27 02 00 00    	je     401fa8 <__cpu_indicator_init+0x2c8>
  401d81:	31 c0                	xor    %eax,%eax
  401d83:	41 81 f8 47 65 6f 64 	cmp    $0x646f6547,%r8d
  401d8a:	0f 94 c0             	sete   %al
  401d8d:	8d 44 40 03          	lea    0x3(%rax,%rax,2),%eax
  401d91:	bf 37 00 00 00       	mov    $0x37,%edi
  401d96:	89 05 b4 32 00 00    	mov    %eax,0x32b4(%rip)        # 405050 <__cpu_model>
  401d9c:	e8 8f f3 ff ff       	call   401130 <has_cpu_feature.part.0.constprop.0>
  401da1:	85 c0                	test   %eax,%eax
  401da3:	74 09                	je     401dae <__cpu_indicator_init+0xce>
  401da5:	f6 05 b0 32 00 00 10 	testb  $0x10,0x32b0(%rip)        # 40505c <__cpu_model+0xc>
  401dac:	75 31                	jne    401ddf <__cpu_indicator_init+0xff>
  401dae:	31 c0                	xor    %eax,%eax
  401db0:	eb 0d                	jmp    401dbf <__cpu_indicator_init+0xdf>
  401db2:	c7 05 94 32 00 00 03 	movl   $0x3,0x3294(%rip)        # 405050 <__cpu_model>
  401db9:	00 00 00 
  401dbc:	83 c8 ff             	or     $0xffffffff,%eax
  401dbf:	48 83 c4 10          	add    $0x10,%rsp
  401dc3:	5b                   	pop    %rbx
  401dc4:	c3                   	ret    
  401dc5:	83 fe 0f             	cmp    $0xf,%esi
  401dc8:	0f 84 0a 01 00 00    	je     401ed8 <__cpu_indicator_init+0x1f8>
  401dce:	83 fe 06             	cmp    $0x6,%esi
  401dd1:	0f 85 07 01 00 00    	jne    401ede <__cpu_indicator_init+0x1fe>
  401dd7:	44 09 cf             	or     %r9d,%edi
  401dda:	e9 ff 00 00 00       	jmp    401ede <__cpu_indicator_init+0x1fe>
  401ddf:	bf 5f 00 00 00       	mov    $0x5f,%edi
  401de4:	e8 17 06 00 00       	call   402400 <set_cpu_feature.constprop.0>
  401de9:	bf 2e 00 00 00       	mov    $0x2e,%edi
  401dee:	e8 3d f3 ff ff       	call   401130 <has_cpu_feature.part.0.constprop.0>
  401df3:	85 c0                	test   %eax,%eax
  401df5:	74 b7                	je     401dae <__cpu_indicator_init+0xce>
  401df7:	8b 35 5f 32 00 00    	mov    0x325f(%rip),%esi        # 40505c <__cpu_model+0xc>
  401dfd:	40 f6 c6 04          	test   $0x4,%sil
  401e01:	74 ab                	je     401dae <__cpu_indicator_init+0xce>
  401e03:	bf 36 00 00 00       	mov    $0x36,%edi
  401e08:	e8 23 f3 ff ff       	call   401130 <has_cpu_feature.part.0.constprop.0>
  401e0d:	85 c0                	test   %eax,%eax
  401e0f:	74 9d                	je     401dae <__cpu_indicator_init+0xce>
  401e11:	81 e6 00 01 00 00    	and    $0x100,%esi
  401e17:	74 95                	je     401dae <__cpu_indicator_init+0xce>
  401e19:	bf 60 00 00 00       	mov    $0x60,%edi
  401e1e:	e8 dd 05 00 00       	call   402400 <set_cpu_feature.constprop.0>
  401e23:	8b 35 33 32 00 00    	mov    0x3233(%rip),%esi        # 40505c <__cpu_model+0xc>
  401e29:	89 f0                	mov    %esi,%eax
  401e2b:	25 00 04 01 00       	and    $0x10400,%eax
  401e30:	3d 00 04 01 00       	cmp    $0x10400,%eax
  401e35:	0f 85 73 ff ff ff    	jne    401dae <__cpu_indicator_init+0xce>
  401e3b:	f7 c6 00 00 02 00    	test   $0x20000,%esi
  401e41:	0f 84 67 ff ff ff    	je     401dae <__cpu_indicator_init+0xce>
  401e47:	bf 31 00 00 00       	mov    $0x31,%edi
  401e4c:	e8 df f2 ff ff       	call   401130 <has_cpu_feature.part.0.constprop.0>
  401e51:	85 c0                	test   %eax,%eax
  401e53:	0f 84 55 ff ff ff    	je     401dae <__cpu_indicator_init+0xce>
  401e59:	81 e6 00 40 00 00    	and    $0x4000,%esi
  401e5f:	0f 84 49 ff ff ff    	je     401dae <__cpu_indicator_init+0xce>
  401e65:	bf 39 00 00 00       	mov    $0x39,%edi
  401e6a:	e8 c1 f2 ff ff       	call   401130 <has_cpu_feature.part.0.constprop.0>
  401e6f:	85 c0                	test   %eax,%eax
  401e71:	0f 84 37 ff ff ff    	je     401dae <__cpu_indicator_init+0xce>
  401e77:	bf 3a 00 00 00       	mov    $0x3a,%edi
  401e7c:	e8 af f2 ff ff       	call   401130 <has_cpu_feature.part.0.constprop.0>
  401e81:	85 c0                	test   %eax,%eax
  401e83:	0f 84 25 ff ff ff    	je     401dae <__cpu_indicator_init+0xce>
  401e89:	bf 61 00 00 00       	mov    $0x61,%edi
  401e8e:	e8 6d 05 00 00       	call   402400 <set_cpu_feature.constprop.0>
  401e93:	8b 05 c3 31 00 00    	mov    0x31c3(%rip),%eax        # 40505c <__cpu_model+0xc>
  401e99:	89 c2                	mov    %eax,%edx
  401e9b:	81 e2 00 00 a0 00    	and    $0xa00000,%edx
  401ea1:	81 fa 00 00 a0 00    	cmp    $0xa00000,%edx
  401ea7:	0f 85 01 ff ff ff    	jne    401dae <__cpu_indicator_init+0xce>
  401ead:	25 00 00 50 00       	and    $0x500000,%eax
  401eb2:	3d 00 00 50 00       	cmp    $0x500000,%eax
  401eb7:	0f 85 f1 fe ff ff    	jne    401dae <__cpu_indicator_init+0xce>
  401ebd:	bf 62 00 00 00       	mov    $0x62,%edi
  401ec2:	e8 39 05 00 00       	call   402400 <set_cpu_feature.constprop.0>
  401ec7:	31 c0                	xor    %eax,%eax
  401ec9:	e9 f1 fe ff ff       	jmp    401dbf <__cpu_indicator_init+0xdf>
  401ece:	b8 04 00 00 00       	mov    $0x4,%eax
  401ed3:	e9 b9 fe ff ff       	jmp    401d91 <__cpu_indicator_init+0xb1>
  401ed8:	8d 70 0f             	lea    0xf(%rax),%esi
  401edb:	44 09 cf             	or     %r9d,%edi
  401ede:	89 34 24             	mov    %esi,(%rsp)
  401ee1:	89 ce                	mov    %ecx,%esi
  401ee3:	89 7c 24 04          	mov    %edi,0x4(%rsp)
  401ee7:	48 89 e7             	mov    %rsp,%rdi
  401eea:	e8 61 f2 ff ff       	call   401150 <get_available_features.constprop.0>
  401eef:	83 3c 24 06          	cmpl   $0x6,(%rsp)
  401ef3:	75 2a                	jne    401f1f <__cpu_indicator_init+0x23f>
  401ef5:	8b 4c 24 04          	mov    0x4(%rsp),%ecx
  401ef9:	83 f9 1f             	cmp    $0x1f,%ecx
  401efc:	76 1c                	jbe    401f1a <__cpu_indicator_init+0x23a>
  401efe:	83 e9 25             	sub    $0x25,%ecx
  401f01:	81 f9 9a 00 00 00    	cmp    $0x9a,%ecx
  401f07:	77 16                	ja     401f1f <__cpu_indicator_init+0x23f>
  401f09:	48 8d 15 98 11 00 00 	lea    0x1198(%rip),%rdx        # 4030a8 <__dso_handle+0xa0>
  401f10:	48 63 04 8a          	movslq (%rdx,%rcx,4),%rax
  401f14:	48 01 d0             	add    %rdx,%rax
  401f17:	3e ff e0             	notrack jmp *%rax
  401f1a:	83 f9 0e             	cmp    $0xe,%ecx
  401f1d:	77 0a                	ja     401f29 <__cpu_indicator_init+0x249>
  401f1f:	b8 01 00 00 00       	mov    $0x1,%eax
  401f24:	e9 68 fe ff ff       	jmp    401d91 <__cpu_indicator_init+0xb1>
  401f29:	b8 01 00 00 00       	mov    $0x1,%eax
  401f2e:	48 d3 e0             	shl    %cl,%rax
  401f31:	a9 00 80 80 20       	test   $0x20808000,%eax
  401f36:	0f 85 fd 02 00 00    	jne    402239 <__cpu_indicator_init+0x559>
  401f3c:	a9 00 00 00 c4       	test   $0xc4000000,%eax
  401f41:	0f 85 21 02 00 00    	jne    402168 <__cpu_indicator_init+0x488>
  401f47:	83 f9 1c             	cmp    $0x1c,%ecx
  401f4a:	75 d3                	jne    401f1f <__cpu_indicator_init+0x23f>
  401f4c:	c7 05 fe 30 00 00 01 	movl   $0x1,0x30fe(%rip)        # 405054 <__cpu_model+0x4>
  401f53:	00 00 00 
  401f56:	eb c7                	jmp    401f1f <__cpu_indicator_init+0x23f>
  401f58:	83 fe 0f             	cmp    $0xf,%esi
  401f5b:	75 06                	jne    401f63 <__cpu_indicator_init+0x283>
  401f5d:	8d 70 0f             	lea    0xf(%rax),%esi
  401f60:	44 09 cf             	or     %r9d,%edi
  401f63:	89 34 24             	mov    %esi,(%rsp)
  401f66:	89 ce                	mov    %ecx,%esi
  401f68:	89 7c 24 04          	mov    %edi,0x4(%rsp)
  401f6c:	48 89 e7             	mov    %rsp,%rdi
  401f6f:	e8 dc f1 ff ff       	call   401150 <get_available_features.constprop.0>
  401f74:	8b 04 24             	mov    (%rsp),%eax
  401f77:	8b 4c 24 04          	mov    0x4(%rsp),%ecx
  401f7b:	83 e8 10             	sub    $0x10,%eax
  401f7e:	83 f8 09             	cmp    $0x9,%eax
  401f81:	77 1b                	ja     401f9e <__cpu_indicator_init+0x2be>
  401f83:	48 8d 15 8a 13 00 00 	lea    0x138a(%rip),%rdx        # 403314 <__dso_handle+0x30c>
  401f8a:	48 63 04 82          	movslq (%rdx,%rax,4),%rax
  401f8e:	48 01 d0             	add    %rdx,%rax
  401f91:	3e ff e0             	notrack jmp *%rax
  401f94:	c7 05 b6 30 00 00 08 	movl   $0x8,0x30b6(%rip)        # 405054 <__cpu_model+0x4>
  401f9b:	00 00 00 
  401f9e:	b8 02 00 00 00       	mov    $0x2,%eax
  401fa3:	e9 e9 fd ff ff       	jmp    401d91 <__cpu_indicator_init+0xb1>
  401fa8:	b8 05 00 00 00       	mov    $0x5,%eax
  401fad:	e9 df fd ff ff       	jmp    401d91 <__cpu_indicator_init+0xb1>
  401fb2:	c7 05 98 30 00 00 0f 	movl   $0xf,0x3098(%rip)        # 405054 <__cpu_model+0x4>
  401fb9:	00 00 00 
  401fbc:	83 f9 0f             	cmp    $0xf,%ecx
  401fbf:	0f 87 44 02 00 00    	ja     402209 <__cpu_indicator_init+0x529>
  401fc5:	c7 05 89 30 00 00 1a 	movl   $0x1a,0x3089(%rip)        # 405058 <__cpu_model+0x8>
  401fcc:	00 00 00 
  401fcf:	eb cd                	jmp    401f9e <__cpu_indicator_init+0x2be>
  401fd1:	c7 05 79 30 00 00 0a 	movl   $0xa,0x3079(%rip)        # 405054 <__cpu_model+0x4>
  401fd8:	00 00 00 
  401fdb:	83 f9 1f             	cmp    $0x1f,%ecx
  401fde:	0f 87 11 02 00 00    	ja     4021f5 <__cpu_indicator_init+0x515>
  401fe4:	c7 05 6a 30 00 00 0b 	movl   $0xb,0x306a(%rip)        # 405058 <__cpu_model+0x8>
  401feb:	00 00 00 
  401fee:	eb ae                	jmp    401f9e <__cpu_indicator_init+0x2be>
  401ff0:	c7 05 5a 30 00 00 09 	movl   $0x9,0x305a(%rip)        # 405054 <__cpu_model+0x4>
  401ff7:	00 00 00 
  401ffa:	eb a2                	jmp    401f9e <__cpu_indicator_init+0x2be>
  401ffc:	c7 05 4e 30 00 00 04 	movl   $0x4,0x304e(%rip)        # 405054 <__cpu_model+0x4>
  402003:	00 00 00 
  402006:	83 f9 04             	cmp    $0x4,%ecx
  402009:	0f 84 48 02 00 00    	je     402257 <__cpu_indicator_init+0x577>
  40200f:	83 f9 08             	cmp    $0x8,%ecx
  402012:	0f 84 30 02 00 00    	je     402248 <__cpu_indicator_init+0x568>
  402018:	83 f9 02             	cmp    $0x2,%ecx
  40201b:	75 81                	jne    401f9e <__cpu_indicator_init+0x2be>
  40201d:	c7 05 31 30 00 00 04 	movl   $0x4,0x3031(%rip)        # 405058 <__cpu_model+0x8>
  402024:	00 00 00 
  402027:	e9 72 ff ff ff       	jmp    401f9e <__cpu_indicator_init+0x2be>
  40202c:	c7 05 1e 30 00 00 05 	movl   $0x5,0x301e(%rip)        # 405054 <__cpu_model+0x4>
  402033:	00 00 00 
  402036:	83 f9 02             	cmp    $0x2,%ecx
  402039:	0f 84 a7 01 00 00    	je     4021e6 <__cpu_indicator_init+0x506>
  40203f:	83 f9 0f             	cmp    $0xf,%ecx
  402042:	0f 87 d8 01 00 00    	ja     402220 <__cpu_indicator_init+0x540>
  402048:	c7 05 06 30 00 00 07 	movl   $0x7,0x3006(%rip)        # 405058 <__cpu_model+0x8>
  40204f:	00 00 00 
  402052:	e9 47 ff ff ff       	jmp    401f9e <__cpu_indicator_init+0x2be>
  402057:	c7 05 f3 2f 00 00 06 	movl   $0x6,0x2ff3(%rip)        # 405054 <__cpu_model+0x4>
  40205e:	00 00 00 
  402061:	e9 b9 fe ff ff       	jmp    401f1f <__cpu_indicator_init+0x23f>
  402066:	48 8b 05 03 13 00 00 	mov    0x1303(%rip),%rax        # 403370 <__dso_handle+0x368>
  40206d:	48 89 05 e0 2f 00 00 	mov    %rax,0x2fe0(%rip)        # 405054 <__cpu_model+0x4>
  402074:	e9 a6 fe ff ff       	jmp    401f1f <__cpu_indicator_init+0x23f>
  402079:	48 8b 05 e8 12 00 00 	mov    0x12e8(%rip),%rax        # 403368 <__dso_handle+0x360>
  402080:	48 89 05 cd 2f 00 00 	mov    %rax,0x2fcd(%rip)        # 405054 <__cpu_model+0x4>
  402087:	e9 93 fe ff ff       	jmp    401f1f <__cpu_indicator_init+0x23f>
  40208c:	48 8b 05 cd 12 00 00 	mov    0x12cd(%rip),%rax        # 403360 <__dso_handle+0x358>
  402093:	48 89 05 ba 2f 00 00 	mov    %rax,0x2fba(%rip)        # 405054 <__cpu_model+0x4>
  40209a:	e9 80 fe ff ff       	jmp    401f1f <__cpu_indicator_init+0x23f>
  40209f:	48 8b 05 fa 12 00 00 	mov    0x12fa(%rip),%rax        # 4033a0 <__dso_handle+0x398>
  4020a6:	48 89 05 a7 2f 00 00 	mov    %rax,0x2fa7(%rip)        # 405054 <__cpu_model+0x4>
  4020ad:	e9 6d fe ff ff       	jmp    401f1f <__cpu_indicator_init+0x23f>
  4020b2:	c7 05 98 2f 00 00 0e 	movl   $0xe,0x2f98(%rip)        # 405054 <__cpu_model+0x4>
  4020b9:	00 00 00 
  4020bc:	e9 5e fe ff ff       	jmp    401f1f <__cpu_indicator_init+0x23f>
  4020c1:	48 8b 05 c8 12 00 00 	mov    0x12c8(%rip),%rax        # 403390 <__dso_handle+0x388>
  4020c8:	48 89 05 85 2f 00 00 	mov    %rax,0x2f85(%rip)        # 405054 <__cpu_model+0x4>
  4020cf:	e9 4b fe ff ff       	jmp    401f1f <__cpu_indicator_init+0x23f>
  4020d4:	48 8b 05 6d 12 00 00 	mov    0x126d(%rip),%rax        # 403348 <__dso_handle+0x340>
  4020db:	48 89 05 72 2f 00 00 	mov    %rax,0x2f72(%rip)        # 405054 <__cpu_model+0x4>
  4020e2:	e9 38 fe ff ff       	jmp    401f1f <__cpu_indicator_init+0x23f>
  4020e7:	48 8b 05 6a 12 00 00 	mov    0x126a(%rip),%rax        # 403358 <__dso_handle+0x350>
  4020ee:	48 89 05 5f 2f 00 00 	mov    %rax,0x2f5f(%rip)        # 405054 <__cpu_model+0x4>
  4020f5:	e9 25 fe ff ff       	jmp    401f1f <__cpu_indicator_init+0x23f>
  4020fa:	48 8b 05 77 12 00 00 	mov    0x1277(%rip),%rax        # 403378 <__dso_handle+0x370>
  402101:	48 89 05 4c 2f 00 00 	mov    %rax,0x2f4c(%rip)        # 405054 <__cpu_model+0x4>
  402108:	e9 12 fe ff ff       	jmp    401f1f <__cpu_indicator_init+0x23f>
  40210d:	48 8b 05 84 12 00 00 	mov    0x1284(%rip),%rax        # 403398 <__dso_handle+0x390>
  402114:	48 89 05 39 2f 00 00 	mov    %rax,0x2f39(%rip)        # 405054 <__cpu_model+0x4>
  40211b:	e9 ff fd ff ff       	jmp    401f1f <__cpu_indicator_init+0x23f>
  402120:	48 8b 05 29 12 00 00 	mov    0x1229(%rip),%rax        # 403350 <__dso_handle+0x348>
  402127:	48 89 05 26 2f 00 00 	mov    %rax,0x2f26(%rip)        # 405054 <__cpu_model+0x4>
  40212e:	e9 ec fd ff ff       	jmp    401f1f <__cpu_indicator_init+0x23f>
  402133:	48 8b 05 4e 12 00 00 	mov    0x124e(%rip),%rax        # 403388 <__dso_handle+0x380>
  40213a:	48 89 05 13 2f 00 00 	mov    %rax,0x2f13(%rip)        # 405054 <__cpu_model+0x4>
  402141:	e9 d9 fd ff ff       	jmp    401f1f <__cpu_indicator_init+0x23f>
  402146:	c7 05 04 2f 00 00 0c 	movl   $0xc,0x2f04(%rip)        # 405054 <__cpu_model+0x4>
  40214d:	00 00 00 
  402150:	e9 ca fd ff ff       	jmp    401f1f <__cpu_indicator_init+0x23f>
  402155:	48 8b 05 24 12 00 00 	mov    0x1224(%rip),%rax        # 403380 <__dso_handle+0x378>
  40215c:	48 89 05 f1 2e 00 00 	mov    %rax,0x2ef1(%rip)        # 405054 <__cpu_model+0x4>
  402163:	e9 b7 fd ff ff       	jmp    401f1f <__cpu_indicator_init+0x23f>
  402168:	48 8b 05 d1 11 00 00 	mov    0x11d1(%rip),%rax        # 403340 <__dso_handle+0x338>
  40216f:	48 89 05 de 2e 00 00 	mov    %rax,0x2ede(%rip)        # 405054 <__cpu_model+0x4>
  402176:	e9 a4 fd ff ff       	jmp    401f1f <__cpu_indicator_init+0x23f>
  40217b:	c7 05 cf 2e 00 00 0d 	movl   $0xd,0x2ecf(%rip)        # 405054 <__cpu_model+0x4>
  402182:	00 00 00 
  402185:	e9 95 fd ff ff       	jmp    401f1f <__cpu_indicator_init+0x23f>
  40218a:	48 8b 05 17 12 00 00 	mov    0x1217(%rip),%rax        # 4033a8 <__dso_handle+0x3a0>
  402191:	48 89 05 bc 2e 00 00 	mov    %rax,0x2ebc(%rip)        # 405054 <__cpu_model+0x4>
  402198:	e9 82 fd ff ff       	jmp    401f1f <__cpu_indicator_init+0x23f>
  40219d:	c7 05 ad 2e 00 00 0b 	movl   $0xb,0x2ead(%rip)        # 405054 <__cpu_model+0x4>
  4021a4:	00 00 00 
  4021a7:	e9 73 fd ff ff       	jmp    401f1f <__cpu_indicator_init+0x23f>
  4021ac:	c7 05 9e 2e 00 00 07 	movl   $0x7,0x2e9e(%rip)        # 405054 <__cpu_model+0x4>
  4021b3:	00 00 00 
  4021b6:	e9 64 fd ff ff       	jmp    401f1f <__cpu_indicator_init+0x23f>
  4021bb:	c7 05 8f 2e 00 00 03 	movl   $0x3,0x2e8f(%rip)        # 405054 <__cpu_model+0x4>
  4021c2:	00 00 00 
  4021c5:	bf 24 00 00 00       	mov    $0x24,%edi
  4021ca:	e8 61 ef ff ff       	call   401130 <has_cpu_feature.part.0.constprop.0>
  4021cf:	85 c0                	test   %eax,%eax
  4021d1:	0f 84 b4 00 00 00    	je     40228b <__cpu_indicator_init+0x5ab>
  4021d7:	c7 05 77 2e 00 00 17 	movl   $0x17,0x2e77(%rip)        # 405058 <__cpu_model+0x8>
  4021de:	00 00 00 
  4021e1:	e9 39 fd ff ff       	jmp    401f1f <__cpu_indicator_init+0x23f>
  4021e6:	c7 05 68 2e 00 00 08 	movl   $0x8,0x2e68(%rip)        # 405058 <__cpu_model+0x8>
  4021ed:	00 00 00 
  4021f0:	e9 a9 fd ff ff       	jmp    401f9e <__cpu_indicator_init+0x2be>
  4021f5:	83 f9 2f             	cmp    $0x2f,%ecx
  4021f8:	76 6c                	jbe    402266 <__cpu_indicator_init+0x586>
  4021fa:	c7 05 54 2e 00 00 14 	movl   $0x14,0x2e54(%rip)        # 405058 <__cpu_model+0x8>
  402201:	00 00 00 
  402204:	e9 95 fd ff ff       	jmp    401f9e <__cpu_indicator_init+0x2be>
  402209:	bf 4e 00 00 00       	mov    $0x4e,%edi
  40220e:	e8 1d ef ff ff       	call   401130 <has_cpu_feature.part.0.constprop.0>
  402213:	85 c0                	test   %eax,%eax
  402215:	0f 85 aa fd ff ff    	jne    401fc5 <__cpu_indicator_init+0x2e5>
  40221b:	e9 7e fd ff ff       	jmp    401f9e <__cpu_indicator_init+0x2be>
  402220:	83 f9 2f             	cmp    $0x2f,%ecx
  402223:	76 c1                	jbe    4021e6 <__cpu_indicator_init+0x506>
  402225:	83 f9 4f             	cmp    $0x4f,%ecx
  402228:	77 7e                	ja     4022a8 <__cpu_indicator_init+0x5c8>
  40222a:	c7 05 24 2e 00 00 09 	movl   $0x9,0x2e24(%rip)        # 405058 <__cpu_model+0x8>
  402231:	00 00 00 
  402234:	e9 65 fd ff ff       	jmp    401f9e <__cpu_indicator_init+0x2be>
  402239:	c7 05 11 2e 00 00 02 	movl   $0x2,0x2e11(%rip)        # 405054 <__cpu_model+0x4>
  402240:	00 00 00 
  402243:	e9 d7 fc ff ff       	jmp    401f1f <__cpu_indicator_init+0x23f>
  402248:	c7 05 06 2e 00 00 06 	movl   $0x6,0x2e06(%rip)        # 405058 <__cpu_model+0x8>
  40224f:	00 00 00 
  402252:	e9 47 fd ff ff       	jmp    401f9e <__cpu_indicator_init+0x2be>
  402257:	c7 05 f7 2d 00 00 05 	movl   $0x5,0x2df7(%rip)        # 405058 <__cpu_model+0x8>
  40225e:	00 00 00 
  402261:	e9 38 fd ff ff       	jmp    401f9e <__cpu_indicator_init+0x2be>
  402266:	bf 2c 00 00 00       	mov    $0x2c,%edi
  40226b:	e8 c0 ee ff ff       	call   401130 <has_cpu_feature.part.0.constprop.0>
  402270:	85 c0                	test   %eax,%eax
  402272:	75 86                	jne    4021fa <__cpu_indicator_init+0x51a>
  402274:	bf 2d 00 00 00       	mov    $0x2d,%edi
  402279:	e8 b2 ee ff ff       	call   401130 <has_cpu_feature.part.0.constprop.0>
  40227e:	85 c0                	test   %eax,%eax
  402280:	0f 85 5e fd ff ff    	jne    401fe4 <__cpu_indicator_init+0x304>
  402286:	e9 13 fd ff ff       	jmp    401f9e <__cpu_indicator_init+0x2be>
  40228b:	bf 22 00 00 00       	mov    $0x22,%edi
  402290:	e8 9b ee ff ff       	call   401130 <has_cpu_feature.part.0.constprop.0>
  402295:	85 c0                	test   %eax,%eax
  402297:	74 31                	je     4022ca <__cpu_indicator_init+0x5ea>
  402299:	c7 05 b5 2d 00 00 15 	movl   $0x15,0x2db5(%rip)        # 405058 <__cpu_model+0x8>
  4022a0:	00 00 00 
  4022a3:	e9 77 fc ff ff       	jmp    401f1f <__cpu_indicator_init+0x23f>
  4022a8:	83 f9 7f             	cmp    $0x7f,%ecx
  4022ab:	76 0e                	jbe    4022bb <__cpu_indicator_init+0x5db>
  4022ad:	8b 35 a9 2d 00 00    	mov    0x2da9(%rip),%esi        # 40505c <__cpu_model+0xc>
  4022b3:	f7 c6 00 04 00 00    	test   $0x400,%esi
  4022b9:	74 1e                	je     4022d9 <__cpu_indicator_init+0x5f9>
  4022bb:	c7 05 93 2d 00 00 0a 	movl   $0xa,0x2d93(%rip)        # 405058 <__cpu_model+0x8>
  4022c2:	00 00 00 
  4022c5:	e9 d4 fc ff ff       	jmp    401f9e <__cpu_indicator_init+0x2be>
  4022ca:	c7 05 84 2d 00 00 10 	movl   $0x10,0x2d84(%rip)        # 405058 <__cpu_model+0x8>
  4022d1:	00 00 00 
  4022d4:	e9 46 fc ff ff       	jmp    401f1f <__cpu_indicator_init+0x23f>
  4022d9:	bf 53 00 00 00       	mov    $0x53,%edi
  4022de:	e8 4d ee ff ff       	call   401130 <has_cpu_feature.part.0.constprop.0>
  4022e3:	85 c0                	test   %eax,%eax
  4022e5:	0f 85 3f ff ff ff    	jne    40222a <__cpu_indicator_init+0x54a>
  4022eb:	f7 c6 00 00 01 00    	test   $0x10000,%esi
  4022f1:	0f 85 ef fe ff ff    	jne    4021e6 <__cpu_indicator_init+0x506>
  4022f7:	81 e6 00 20 00 00    	and    $0x2000,%esi
  4022fd:	0f 85 45 fd ff ff    	jne    402048 <__cpu_indicator_init+0x368>
  402303:	e9 96 fc ff ff       	jmp    401f9e <__cpu_indicator_init+0x2be>
  402308:	31 c0                	xor    %eax,%eax
  40230a:	c3                   	ret    

000000000040230b <.annobin_abi_note.c.hot>:
  40230b:	0f 1f 44 00 00       	nopl   0x0(%rax,%rax,1)

0000000000402310 <_start>:
  402310:	f3 0f 1e fa          	endbr64 
  402314:	31 ed                	xor    %ebp,%ebp
  402316:	49 89 d1             	mov    %rdx,%r9
  402319:	5e                   	pop    %rsi
  40231a:	48 89 e2             	mov    %rsp,%rdx
  40231d:	48 83 e4 f0          	and    $0xfffffffffffffff0,%rsp
  402321:	50                   	push   %rax
  402322:	54                   	push   %rsp
  402323:	45 31 c0             	xor    %r8d,%r8d
  402326:	31 c9                	xor    %ecx,%ecx
  402328:	48 c7 c7 50 10 40 00 	mov    $0x401050,%rdi
  40232f:	ff 15 bb 2c 00 00    	call   *0x2cbb(%rip)        # 404ff0 <__libc_start_main@GLIBC_2.34>
  402335:	f4                   	hlt    

0000000000402336 <.annobin_abi_note.c>:
  402336:	66 2e 0f 1f 84 00 00 	cs nopw 0x0(%rax,%rax,1)
  40233d:	00 00 00 

0000000000402340 <_dl_relocate_static_pie>:
  402340:	f3 0f 1e fa          	endbr64 
  402344:	c3                   	ret    

0000000000402345 <.annobin__dl_relocate_static_pie.end>:
  402345:	66 2e 0f 1f 84 00 00 	cs nopw 0x0(%rax,%rax,1)
  40234c:	00 00 00 
  40234f:	90                   	nop

0000000000402350 <deregister_tm_clones>:
  402350:	b8 30 50 40 00       	mov    $0x405030,%eax
  402355:	48 3d 30 50 40 00    	cmp    $0x405030,%rax
  40235b:	74 13                	je     402370 <deregister_tm_clones+0x20>
  40235d:	b8 00 00 00 00       	mov    $0x0,%eax
  402362:	48 85 c0             	test   %rax,%rax
  402365:	74 09                	je     402370 <deregister_tm_clones+0x20>
  402367:	bf 30 50 40 00       	mov    $0x405030,%edi
  40236c:	ff e0                	jmp    *%rax
  40236e:	66 90                	xchg   %ax,%ax
  402370:	c3                   	ret    
  402371:	66 66 2e 0f 1f 84 00 	data16 cs nopw 0x0(%rax,%rax,1)
  402378:	00 00 00 00 
  40237c:	0f 1f 40 00          	nopl   0x0(%rax)

0000000000402380 <register_tm_clones>:
  402380:	be 30 50 40 00       	mov    $0x405030,%esi
  402385:	48 81 ee 30 50 40 00 	sub    $0x405030,%rsi
  40238c:	48 89 f0             	mov    %rsi,%rax
  40238f:	48 c1 ee 3f          	shr    $0x3f,%rsi
  402393:	48 c1 f8 03          	sar    $0x3,%rax
  402397:	48 01 c6             	add    %rax,%rsi
  40239a:	48 d1 fe             	sar    %rsi
  40239d:	74 11                	je     4023b0 <register_tm_clones+0x30>
  40239f:	b8 00 00 00 00       	mov    $0x0,%eax
  4023a4:	48 85 c0             	test   %rax,%rax
  4023a7:	74 07                	je     4023b0 <register_tm_clones+0x30>
  4023a9:	bf 30 50 40 00       	mov    $0x405030,%edi
  4023ae:	ff e0                	jmp    *%rax
  4023b0:	c3                   	ret    
  4023b1:	66 66 2e 0f 1f 84 00 	data16 cs nopw 0x0(%rax,%rax,1)
  4023b8:	00 00 00 00 
  4023bc:	0f 1f 40 00          	nopl   0x0(%rax)

00000000004023c0 <__do_global_dtors_aux>:
  4023c0:	f3 0f 1e fa          	endbr64 
  4023c4:	80 3d 65 2c 00 00 00 	cmpb   $0x0,0x2c65(%rip)        # 405030 <__TMC_END__>
  4023cb:	75 13                	jne    4023e0 <__do_global_dtors_aux+0x20>
  4023cd:	55                   	push   %rbp
  4023ce:	48 89 e5             	mov    %rsp,%rbp
  4023d1:	e8 7a ff ff ff       	call   402350 <deregister_tm_clones>
  4023d6:	c6 05 53 2c 00 00 01 	movb   $0x1,0x2c53(%rip)        # 405030 <__TMC_END__>
  4023dd:	5d                   	pop    %rbp
  4023de:	c3                   	ret    
  4023df:	90                   	nop
  4023e0:	c3                   	ret    
  4023e1:	66 66 2e 0f 1f 84 00 	data16 cs nopw 0x0(%rax,%rax,1)
  4023e8:	00 00 00 00 
  4023ec:	0f 1f 40 00          	nopl   0x0(%rax)

00000000004023f0 <frame_dummy>:
  4023f0:	f3 0f 1e fa          	endbr64 
  4023f4:	eb 8a                	jmp    402380 <register_tm_clones>
  4023f6:	66 2e 0f 1f 84 00 00 	cs nopw 0x0(%rax,%rax,1)
  4023fd:	00 00 00 

0000000000402400 <set_cpu_feature.constprop.0>:
  402400:	89 f9                	mov    %edi,%ecx
  402402:	31 c0                	xor    %eax,%eax
  402404:	83 ff 3f             	cmp    $0x3f,%edi
  402407:	76 08                	jbe    402411 <set_cpu_feature.constprop.0+0x11>
  402409:	83 ff 60             	cmp    $0x60,%edi
  40240c:	19 c0                	sbb    %eax,%eax
  40240e:	83 c0 02             	add    $0x2,%eax
  402411:	48 8d 35 28 2c 00 00 	lea    0x2c28(%rip),%rsi        # 405040 <__cpu_features2>
  402418:	ba 01 00 00 00       	mov    $0x1,%edx
  40241d:	d3 e2                	shl    %cl,%edx
  40241f:	09 14 86             	or     %edx,(%rsi,%rax,4)
  402422:	c3                   	ret    

Disassembly of section .fini:

0000000000402424 <_fini>:
  402424:	f3 0f 1e fa          	endbr64 
  402428:	48 83 ec 08          	sub    $0x8,%rsp
  40242c:	48 83 c4 08          	add    $0x8,%rsp
  402430:	c3                   	ret    
