
bin/div_avx512f_approx_reversed:     file format elf64-x86-64


Disassembly of section .init:

0000000000401000 <_init>:
  401000:	f3 0f 1e fa          	endbr64 
  401004:	48 83 ec 08          	sub    $0x8,%rsp
  401008:	48 8b 05 e9 3f 00 00 	mov    0x3fe9(%rip),%rax        # 404ff8 <__gmon_start__@Base>
  40100f:	48 85 c0             	test   %rax,%rax
  401012:	74 02                	je     401016 <_init+0x16>
  401014:	ff d0                	call   *%rax
  401016:	48 83 c4 08          	add    $0x8,%rsp
  40101a:	c3                   	ret    

Disassembly of section .plt:

0000000000401020 <puts@plt-0x10>:
  401020:	ff 35 e2 3f 00 00    	push   0x3fe2(%rip)        # 405008 <_GLOBAL_OFFSET_TABLE_+0x8>
  401026:	ff 25 e4 3f 00 00    	jmp    *0x3fe4(%rip)        # 405010 <_GLOBAL_OFFSET_TABLE_+0x10>
  40102c:	0f 1f 40 00          	nopl   0x0(%rax)

0000000000401030 <puts@plt>:
  401030:	ff 25 e2 3f 00 00    	jmp    *0x3fe2(%rip)        # 405018 <puts@GLIBC_2.2.5>
  401036:	68 00 00 00 00       	push   $0x0
  40103b:	e9 e0 ff ff ff       	jmp    401020 <_init+0x20>

0000000000401040 <printf@plt>:
  401040:	ff 25 da 3f 00 00    	jmp    *0x3fda(%rip)        # 405020 <printf@GLIBC_2.2.5>
  401046:	68 01 00 00 00       	push   $0x1
  40104b:	e9 d0 ff ff ff       	jmp    401020 <_init+0x20>

Disassembly of section .text:

0000000000401050 <main>:
  __m512d poly = _mm512_mul_pd(r2r, r21);
  __m512d res = _mm512_add_pd(_mm512_mul_pd(poly, x), x);
  return res;
}

int main(void) {
  401050:	4c 8d 54 24 08       	lea    0x8(%rsp),%r10
  401055:	48 83 e4 c0          	and    $0xffffffffffffffc0,%rsp
  401059:	41 ff 72 f8          	push   -0x8(%r10)
  40105d:	55                   	push   %rbp
  40105e:	48 89 e5             	mov    %rsp,%rbp
  401061:	41 52                	push   %r10
  401063:	53                   	push   %rbx
  401064:	48 83 ec 60          	sub    $0x60,%rsp
  const unsigned long long int N = (unsigned long long int) 4.0e9;
  unsigned long long int i;
  if( ! __builtin_cpu_supports("avx512f")) {
  401068:	f6 05 ee 3f 00 00 80 	testb  $0x80,0x3fee(%rip)        # 40505d <__cpu_model+0xd>
  40106f:	0f 84 ac 00 00 00    	je     401121 <main+0xd1>
    printf("CPU does not support avx512f, exiting.\n");
    return 1;
  }
  __m512d divv = _mm512_set_pd(1.0000000001, 1.0000000002, 1.0000000003, 1.0000000004, 1.0000000005, 1.0000000006, 1.0000000007, 1.0000000008);
  __m512d av = _mm512_set_pd(1.49182474713380642, 2.22554107607292417, 3.32011725278397885, 4.95303308049624480, 7.38905732167703544, 11.02317856826629416, 16.44465057627291671, 24.53253668079271677);
  401075:	62 f1 fd 48 28 05 01 	vmovapd 0x2001(%rip),%zmm0        # 403080 <__dso_handle+0x78>
  40107c:	20 00 00 
  40107f:	bb 00 28 6b ee       	mov    $0xee6b2800,%ebx
  401084:	62 f2 fd 48 19 1d 72 	vbroadcastsd 0x2072(%rip),%zmm3        # 403100 <__dso_handle+0xf8>
  40108b:	20 00 00 
  40108e:	62 f1 fd 48 28 25 28 	vmovapd 0x2028(%rip),%zmm4        # 4030c0 <__dso_handle+0xb8>
  401095:	20 00 00 
  401098:	0f 1f 84 00 00 00 00 	nopl   0x0(%rax,%rax,1)
  40109f:	00 

extern __inline __m256
__attribute__ ((__gnu_inline__, __always_inline__, __artificial__))
_mm512_cvtpd_ps (__m512d __A)
{
  return (__m256) __builtin_ia32_cvtpd2ps512_mask ((__v8df) __A,
  4010a0:	62 f1 fd 48 5a c8    	vcvtpd2ps %zmm0,%ymm1
}

extern __inline __m256 __attribute__((__gnu_inline__, __always_inline__, __artificial__))
_mm256_rcp_ps (__m256 __A)
{
  return (__m256) __builtin_ia32_rcpps256 ((__v8sf)__A);
  4010a6:	c5 fc 53 c9          	vrcpps %ymm1,%ymm1
  return (__m512d) __builtin_ia32_cvtps2pd512_mask ((__v8sf) __A,
  4010aa:	62 f1 7c 48 5a c9    	vcvtps2pd %ymm1,%zmm1
  return (__m512d) ((__v8df)__A - (__v8df)__B);
  4010b0:	62 f2 e5 48 9c c1    	vfnmadd132pd %zmm1,%zmm3,%zmm0
  return (__m512d) ((__v8df)__A + (__v8df)__B);
  4010b6:	62 f1 fd 48 28 d0    	vmovapd %zmm0,%zmm2
  4010bc:	62 f2 fd 48 98 d0    	vfmadd132pd %zmm0,%zmm0,%zmm2
  4010c2:	62 f2 e5 48 98 c0    	vfmadd132pd %zmm0,%zmm3,%zmm0
  return (__m512d) ((__v8df)__A * (__v8df)__B);
  4010c8:	62 f1 ed 48 59 c0    	vmulpd %zmm0,%zmm2,%zmm0
  return (__m512d) ((__v8df)__A + (__v8df)__B);
  4010ce:	62 f2 f5 48 98 c8    	vfmadd132pd %zmm0,%zmm1,%zmm1
  return (__m512d) ((__v8df)__A * (__v8df)__B);
  4010d4:	62 f1 f5 48 59 c4    	vmulpd %zmm4,%zmm1,%zmm0
  __m512d rec;
  __attribute__ ((aligned (64))) double out[8];

  for(i=0; i<N; ++i) {
  4010da:	48 83 eb 01          	sub    $0x1,%rbx
  4010de:	75 c0                	jne    4010a0 <main+0x50>
  *(__m512d *) __P = __A;
  4010e0:	62 f1 fd 48 29 85 90 	vmovapd %zmm0,-0x70(%rbp)
  4010e7:	ff ff ff 
    rec = _m256d_recip_double_r5(av);
    av = _mm512_mul_pd(divv, rec);
  }

  _mm512_store_pd(out, av);
  for (i=0; i<8; ++i) {
  4010ea:	c5 f8 77             	vzeroupper 
  4010ed:	0f 1f 00             	nopl   (%rax)
    printf("%llu %.17f\n", i, out[i]);
  4010f0:	c5 fb 10 44 dd 90    	vmovsd -0x70(%rbp,%rbx,8),%xmm0
  4010f6:	48 89 de             	mov    %rbx,%rsi
  4010f9:	bf 37 30 40 00       	mov    $0x403037,%edi
  4010fe:	b8 01 00 00 00       	mov    $0x1,%eax
  for (i=0; i<8; ++i) {
  401103:	48 83 c3 01          	add    $0x1,%rbx
    printf("%llu %.17f\n", i, out[i]);
  401107:	e8 34 ff ff ff       	call   401040 <printf@plt>
  for (i=0; i<8; ++i) {
  40110c:	48 83 fb 08          	cmp    $0x8,%rbx
  401110:	75 de                	jne    4010f0 <main+0xa0>
  }

  return 0;
  401112:	31 c0                	xor    %eax,%eax
}
  401114:	48 83 c4 60          	add    $0x60,%rsp
  401118:	5b                   	pop    %rbx
  401119:	41 5a                	pop    %r10
  40111b:	5d                   	pop    %rbp
  40111c:	49 8d 62 f8          	lea    -0x8(%r10),%rsp
  401120:	c3                   	ret    
    printf("CPU does not support avx512f, exiting.\n");
  401121:	bf 10 30 40 00       	mov    $0x403010,%edi
  401126:	e8 05 ff ff ff       	call   401030 <puts@plt>
    return 1;
  40112b:	b8 01 00 00 00       	mov    $0x1,%eax
  401130:	eb e2                	jmp    401114 <main+0xc4>
  401132:	66 2e 0f 1f 84 00 00 	cs nopw 0x0(%rax,%rax,1)
  401139:	00 00 00 
  40113c:	0f 1f 40 00          	nopl   0x0(%rax)

0000000000401140 <has_cpu_feature.part.0.constprop.0>:
  401140:	89 f9                	mov    %edi,%ecx
  401142:	b8 01 00 00 00       	mov    $0x1,%eax
  401147:	48 8d 15 f2 3e 00 00 	lea    0x3ef2(%rip),%rdx        # 405040 <__cpu_features2>
  40114e:	d3 e0                	shl    %cl,%eax
  401150:	83 ff 3f             	cmp    $0x3f,%edi
  401153:	0f 97 c1             	seta   %cl
  401156:	0f b6 c9             	movzbl %cl,%ecx
  401159:	23 04 8a             	and    (%rdx,%rcx,4),%eax
  40115c:	c3                   	ret    
  40115d:	0f 1f 00             	nopl   (%rax)

0000000000401160 <get_available_features.constprop.0>:
  401160:	41 55                	push   %r13
  401162:	49 89 fa             	mov    %rdi,%r10
  401165:	41 89 f0             	mov    %esi,%r8d
  401168:	41 89 d1             	mov    %edx,%r9d
  40116b:	41 54                	push   %r12
  40116d:	55                   	push   %rbp
  40116e:	53                   	push   %rbx
  40116f:	89 f3                	mov    %esi,%ebx
  401171:	48 83 ec 08          	sub    $0x8,%rsp
  401175:	8b 6f 08             	mov    0x8(%rdi),%ebp
  401178:	81 e3 00 00 00 08    	and    $0x8000000,%ebx
  40117e:	74 2c                	je     4011ac <get_available_features.constprop.0+0x4c>
  401180:	31 c9                	xor    %ecx,%ecx
  401182:	0f 01 d0             	xgetbv 
  401185:	89 c2                	mov    %eax,%edx
  401187:	83 e2 06             	and    $0x6,%edx
  40118a:	83 fa 06             	cmp    $0x6,%edx
  40118d:	0f 84 7a 06 00 00    	je     40180d <get_available_features.constprop.0+0x6ad>
  401193:	45 31 e4             	xor    %r12d,%r12d
  401196:	45 31 db             	xor    %r11d,%r11d
  401199:	25 00 00 06 00       	and    $0x60000,%eax
  40119e:	45 31 ed             	xor    %r13d,%r13d
  4011a1:	3d 00 00 06 00       	cmp    $0x60000,%eax
  4011a6:	41 0f 94 c5          	sete   %r13b
  4011aa:	eb 09                	jmp    4011b5 <get_available_features.constprop.0+0x55>
  4011ac:	45 31 ed             	xor    %r13d,%r13d
  4011af:	45 31 e4             	xor    %r12d,%r12d
  4011b2:	45 31 db             	xor    %r11d,%r11d
  4011b5:	41 f7 c1 00 80 00 00 	test   $0x8000,%r9d
  4011bc:	0f 85 5e 05 00 00    	jne    401720 <get_available_features.constprop.0+0x5c0>
  4011c2:	41 f7 c1 00 00 80 00 	test   $0x800000,%r9d
  4011c9:	0f 85 45 05 00 00    	jne    401714 <get_available_features.constprop.0+0x5b4>
  4011cf:	41 f7 c1 00 00 00 02 	test   $0x2000000,%r9d
  4011d6:	0f 85 7a 05 00 00    	jne    401756 <get_available_features.constprop.0+0x5f6>
  4011dc:	41 f7 c1 00 00 00 04 	test   $0x4000000,%r9d
  4011e3:	0f 85 61 05 00 00    	jne    40174a <get_available_features.constprop.0+0x5ea>
  4011e9:	41 f7 c1 00 01 00 00 	test   $0x100,%r9d
  4011f0:	0f 85 45 05 00 00    	jne    40173b <get_available_features.constprop.0+0x5db>
  4011f6:	41 81 e1 00 00 00 01 	and    $0x1000000,%r9d
  4011fd:	0f 85 29 05 00 00    	jne    40172c <get_available_features.constprop.0+0x5cc>
  401203:	41 f7 c0 00 00 80 00 	test   $0x800000,%r8d
  40120a:	0f 85 f1 05 00 00    	jne    401801 <get_available_features.constprop.0+0x6a1>
  401210:	45 89 c1             	mov    %r8d,%r9d
  401213:	41 81 e1 00 00 00 02 	and    $0x2000000,%r9d
  40121a:	0f 85 d2 05 00 00    	jne    4017f2 <get_available_features.constprop.0+0x692>
  401220:	41 f6 c0 02          	test   $0x2,%r8b
  401224:	0f 85 b9 05 00 00    	jne    4017e3 <get_available_features.constprop.0+0x683>
  40122a:	41 f6 c0 01          	test   $0x1,%r8b
  40122e:	0f 85 a3 05 00 00    	jne    4017d7 <get_available_features.constprop.0+0x677>
  401234:	41 f7 c0 00 02 00 00 	test   $0x200,%r8d
  40123b:	0f 85 8a 05 00 00    	jne    4017cb <get_available_features.constprop.0+0x66b>
  401241:	41 f7 c0 00 00 08 00 	test   $0x80000,%r8d
  401248:	0f 85 6e 05 00 00    	jne    4017bc <get_available_features.constprop.0+0x65c>
  40124e:	41 f7 c0 00 00 10 00 	test   $0x100000,%r8d
  401255:	0f 85 52 05 00 00    	jne    4017ad <get_available_features.constprop.0+0x64d>
  40125b:	85 db                	test   %ebx,%ebx
  40125d:	0f 85 3b 05 00 00    	jne    40179e <get_available_features.constprop.0+0x63e>
  401263:	41 f7 c0 00 20 00 00 	test   $0x2000,%r8d
  40126a:	0f 85 1f 05 00 00    	jne    40178f <get_available_features.constprop.0+0x62f>
  401270:	41 f7 c0 00 00 40 00 	test   $0x400000,%r8d
  401277:	0f 85 03 05 00 00    	jne    401780 <get_available_features.constprop.0+0x620>
  40127d:	45 85 c9             	test   %r9d,%r9d
  401280:	0f 85 eb 04 00 00    	jne    401771 <get_available_features.constprop.0+0x611>
  401286:	41 f7 c0 00 00 00 40 	test   $0x40000000,%r8d
  40128d:	0f 85 cf 04 00 00    	jne    401762 <get_available_features.constprop.0+0x602>
  401293:	41 f7 c0 00 00 00 04 	test   $0x4000000,%r8d
  40129a:	0f 85 65 04 00 00    	jne    401705 <get_available_features.constprop.0+0x5a5>
  4012a0:	45 85 db             	test   %r11d,%r11d
  4012a3:	74 27                	je     4012cc <get_available_features.constprop.0+0x16c>
  4012a5:	41 f7 c0 00 00 00 10 	test   $0x10000000,%r8d
  4012ac:	0f 85 d0 06 00 00    	jne    401982 <get_available_features.constprop.0+0x822>
  4012b2:	41 f7 c0 00 10 00 00 	test   $0x1000,%r8d
  4012b9:	0f 85 d2 06 00 00    	jne    401991 <get_available_features.constprop.0+0x831>
  4012bf:	41 81 e0 00 00 00 20 	and    $0x20000000,%r8d
  4012c6:	0f 85 d4 06 00 00    	jne    4019a0 <get_available_features.constprop.0+0x840>
  4012cc:	83 fd 06             	cmp    $0x6,%ebp
  4012cf:	0f 86 0b 03 00 00    	jbe    4015e0 <get_available_features.constprop.0+0x480>
  4012d5:	b8 07 00 00 00       	mov    $0x7,%eax
  4012da:	31 c9                	xor    %ecx,%ecx
  4012dc:	0f a2                	cpuid  
  4012de:	41 89 d1             	mov    %edx,%r9d
  4012e1:	41 89 c8             	mov    %ecx,%r8d
  4012e4:	f6 c3 08             	test   $0x8,%bl
  4012e7:	0f 85 0d 07 00 00    	jne    4019fa <get_available_features.constprop.0+0x89a>
  4012ed:	f6 c3 04             	test   $0x4,%bl
  4012f0:	0f 85 13 07 00 00    	jne    401a09 <get_available_features.constprop.0+0x8a9>
  4012f6:	f6 c3 10             	test   $0x10,%bl
  4012f9:	0f 85 19 07 00 00    	jne    401a18 <get_available_features.constprop.0+0x8b8>
  4012ff:	f6 c7 08             	test   $0x8,%bh
  401302:	0f 85 6b 06 00 00    	jne    401973 <get_available_features.constprop.0+0x813>
  401308:	45 85 db             	test   %r11d,%r11d
  40130b:	74 23                	je     401330 <get_available_features.constprop.0+0x1d0>
  40130d:	f6 c3 20             	test   $0x20,%bl
  401310:	0f 85 8c 08 00 00    	jne    401ba2 <get_available_features.constprop.0+0xa42>
  401316:	41 f7 c0 00 04 00 00 	test   $0x400,%r8d
  40131d:	0f 85 ad 07 00 00    	jne    401ad0 <get_available_features.constprop.0+0x970>
  401323:	41 f7 c0 00 02 00 00 	test   $0x200,%r8d
  40132a:	0f 85 91 07 00 00    	jne    401ac1 <get_available_features.constprop.0+0x961>
  401330:	f6 c7 01             	test   $0x1,%bh
  401333:	0f 85 2c 05 00 00    	jne    401865 <get_available_features.constprop.0+0x705>
  401339:	f6 c3 01             	test   $0x1,%bl
  40133c:	0f 85 32 05 00 00    	jne    401874 <get_available_features.constprop.0+0x714>
  401342:	f7 c3 00 00 04 00    	test   $0x40000,%ebx
  401348:	0f 85 9d 06 00 00    	jne    4019eb <get_available_features.constprop.0+0x88b>
  40134e:	f7 c3 00 00 08 00    	test   $0x80000,%ebx
  401354:	0f 85 73 06 00 00    	jne    4019cd <get_available_features.constprop.0+0x86d>
  40135a:	f7 c3 00 00 00 20    	test   $0x20000000,%ebx
  401360:	0f 85 76 06 00 00    	jne    4019dc <get_available_features.constprop.0+0x87c>
  401366:	f7 c3 00 00 80 00    	test   $0x800000,%ebx
  40136c:	0f 85 11 05 00 00    	jne    401883 <get_available_features.constprop.0+0x723>
  401372:	f7 c3 00 00 00 01    	test   $0x1000000,%ebx
  401378:	0f 85 14 05 00 00    	jne    401892 <get_available_features.constprop.0+0x732>
  40137e:	41 f6 c0 01          	test   $0x1,%r8b
  401382:	0f 85 19 05 00 00    	jne    4018a1 <get_available_features.constprop.0+0x741>
  401388:	41 f6 c0 10          	test   $0x10,%r8b
  40138c:	0f 85 1e 05 00 00    	jne    4018b0 <get_available_features.constprop.0+0x750>
  401392:	41 f7 c0 00 00 40 00 	test   $0x400000,%r8d
  401399:	0f 85 20 05 00 00    	jne    4018bf <get_available_features.constprop.0+0x75f>
  40139f:	41 f7 c0 00 01 00 00 	test   $0x100,%r8d
  4013a6:	0f 85 22 05 00 00    	jne    4018ce <get_available_features.constprop.0+0x76e>
  4013ac:	41 f7 c0 00 00 00 08 	test   $0x8000000,%r8d
  4013b3:	0f 85 24 05 00 00    	jne    4018dd <get_available_features.constprop.0+0x77d>
  4013b9:	41 f7 c0 00 00 00 10 	test   $0x10000000,%r8d
  4013c0:	0f 85 26 05 00 00    	jne    4018ec <get_available_features.constprop.0+0x78c>
  4013c6:	41 f7 c0 00 00 00 20 	test   $0x20000000,%r8d
  4013cd:	0f 85 28 05 00 00    	jne    4018fb <get_available_features.constprop.0+0x79b>
  4013d3:	41 f7 c0 00 00 00 02 	test   $0x2000000,%r8d
  4013da:	0f 85 2a 05 00 00    	jne    40190a <get_available_features.constprop.0+0x7aa>
  4013e0:	41 f6 c0 20          	test   $0x20,%r8b
  4013e4:	0f 85 2f 05 00 00    	jne    401919 <get_available_features.constprop.0+0x7b9>
  4013ea:	41 f6 c0 80          	test   $0x80,%r8b
  4013ee:	0f 85 34 05 00 00    	jne    401928 <get_available_features.constprop.0+0x7c8>
  4013f4:	41 f7 c1 00 40 00 00 	test   $0x4000,%r9d
  4013fb:	0f 85 36 05 00 00    	jne    401937 <get_available_features.constprop.0+0x7d7>
  401401:	41 f7 c1 00 00 01 00 	test   $0x10000,%r9d
  401408:	0f 85 38 05 00 00    	jne    401946 <get_available_features.constprop.0+0x7e6>
  40140e:	41 f7 c1 00 00 04 00 	test   $0x40000,%r9d
  401415:	0f 85 3a 05 00 00    	jne    401955 <get_available_features.constprop.0+0x7f5>
  40141b:	41 f7 c1 00 00 10 00 	test   $0x100000,%r9d
  401422:	0f 85 3c 05 00 00    	jne    401964 <get_available_features.constprop.0+0x804>
  401428:	41 f6 c1 20          	test   $0x20,%r9b
  40142c:	0f 85 fb 03 00 00    	jne    40182d <get_available_features.constprop.0+0x6cd>
  401432:	45 85 ed             	test   %r13d,%r13d
  401435:	74 27                	je     40145e <get_available_features.constprop.0+0x2fe>
  401437:	41 f7 c1 00 00 00 01 	test   $0x1000000,%r9d
  40143e:	0f 85 40 07 00 00    	jne    401b84 <get_available_features.constprop.0+0xa24>
  401444:	41 f7 c1 00 00 00 02 	test   $0x2000000,%r9d
  40144b:	0f 85 61 06 00 00    	jne    401ab2 <get_available_features.constprop.0+0x952>
  401451:	41 f7 c1 00 00 40 00 	test   $0x400000,%r9d
  401458:	0f 85 45 06 00 00    	jne    401aa3 <get_available_features.constprop.0+0x943>
  40145e:	45 85 e4             	test   %r12d,%r12d
  401461:	0f 84 67 02 00 00    	je     4016ce <get_available_features.constprop.0+0x56e>
  401467:	f7 c3 00 00 01 00    	test   $0x10000,%ebx
  40146d:	0f 85 20 07 00 00    	jne    401b93 <get_available_features.constprop.0+0xa33>
  401473:	85 db                	test   %ebx,%ebx
  401475:	0f 88 c0 07 00 00    	js     401c3b <get_available_features.constprop.0+0xadb>
  40147b:	f7 c3 00 00 00 40    	test   $0x40000000,%ebx
  401481:	0f 85 84 07 00 00    	jne    401c0b <get_available_features.constprop.0+0xaab>
  401487:	f7 c3 00 00 02 00    	test   $0x20000,%ebx
  40148d:	0f 85 69 07 00 00    	jne    401bfc <get_available_features.constprop.0+0xa9c>
  401493:	f7 c3 00 00 00 10    	test   $0x10000000,%ebx
  401499:	0f 85 4e 07 00 00    	jne    401bed <get_available_features.constprop.0+0xa8d>
  40149f:	f7 c3 00 00 00 04    	test   $0x4000000,%ebx
  4014a5:	0f 85 33 07 00 00    	jne    401bde <get_available_features.constprop.0+0xa7e>
  4014ab:	f7 c3 00 00 00 08    	test   $0x8000000,%ebx
  4014b1:	0f 85 18 07 00 00    	jne    401bcf <get_available_features.constprop.0+0xa6f>
  4014b7:	81 e3 00 00 20 00    	and    $0x200000,%ebx
  4014bd:	0f 85 fd 06 00 00    	jne    401bc0 <get_available_features.constprop.0+0xa60>
  4014c3:	41 f6 c0 02          	test   $0x2,%r8b
  4014c7:	0f 85 e4 06 00 00    	jne    401bb1 <get_available_features.constprop.0+0xa51>
  4014cd:	41 f6 c0 40          	test   $0x40,%r8b
  4014d1:	0f 85 71 06 00 00    	jne    401b48 <get_available_features.constprop.0+0x9e8>
  4014d7:	41 f7 c0 00 08 00 00 	test   $0x800,%r8d
  4014de:	0f 85 55 06 00 00    	jne    401b39 <get_available_features.constprop.0+0x9d9>
  4014e4:	41 f7 c0 00 10 00 00 	test   $0x1000,%r8d
  4014eb:	0f 85 39 06 00 00    	jne    401b2a <get_available_features.constprop.0+0x9ca>
  4014f1:	41 f7 c0 00 40 00 00 	test   $0x4000,%r8d
  4014f8:	0f 85 1d 06 00 00    	jne    401b1b <get_available_features.constprop.0+0x9bb>
  4014fe:	41 f6 c1 04          	test   $0x4,%r9b
  401502:	0f 85 04 06 00 00    	jne    401b0c <get_available_features.constprop.0+0x9ac>
  401508:	41 f6 c1 08          	test   $0x8,%r9b
  40150c:	0f 85 eb 05 00 00    	jne    401afd <get_available_features.constprop.0+0x99d>
  401512:	41 f7 c1 00 01 00 00 	test   $0x100,%r9d
  401519:	0f 85 cf 05 00 00    	jne    401aee <get_available_features.constprop.0+0x98e>
  40151f:	41 81 e1 00 00 80 00 	and    $0x800000,%r9d
  401526:	0f 85 b3 05 00 00    	jne    401adf <get_available_features.constprop.0+0x97f>
  40152c:	b8 07 00 00 00       	mov    $0x7,%eax
  401531:	b9 01 00 00 00       	mov    $0x1,%ecx
  401536:	0f a2                	cpuid  
  401538:	41 89 c1             	mov    %eax,%r9d
  40153b:	a9 00 00 40 00       	test   $0x400000,%eax
  401540:	0f 85 4e 05 00 00    	jne    401a94 <get_available_features.constprop.0+0x934>
  401546:	45 85 db             	test   %r11d,%r11d
  401549:	74 0a                	je     401555 <get_available_features.constprop.0+0x3f5>
  40154b:	41 f6 c1 10          	test   $0x10,%r9b
  40154f:	0f 85 6d 07 00 00    	jne    401cc2 <get_available_features.constprop.0+0xb62>
  401555:	41 80 e1 20          	and    $0x20,%r9b
  401559:	0f 85 c8 04 00 00    	jne    401a27 <get_available_features.constprop.0+0x8c7>
  40155f:	83 fd 0c             	cmp    $0xc,%ebp
  401562:	76 7c                	jbe    4015e0 <get_available_features.constprop.0+0x480>
  401564:	41 b9 0d 00 00 00    	mov    $0xd,%r9d
  40156a:	b9 01 00 00 00       	mov    $0x1,%ecx
  40156f:	44 89 c8             	mov    %r9d,%eax
  401572:	0f a2                	cpuid  
  401574:	41 89 c1             	mov    %eax,%r9d
  401577:	a8 01                	test   $0x1,%al
  401579:	0f 85 f6 05 00 00    	jne    401b75 <get_available_features.constprop.0+0xa15>
  40157f:	41 f6 c1 02          	test   $0x2,%r9b
  401583:	0f 85 dd 05 00 00    	jne    401b66 <get_available_features.constprop.0+0xa06>
  401589:	41 80 e1 08          	and    $0x8,%r9b
  40158d:	0f 85 c4 05 00 00    	jne    401b57 <get_available_features.constprop.0+0x9f7>
  401593:	83 fd 13             	cmp    $0x13,%ebp
  401596:	76 48                	jbe    4015e0 <get_available_features.constprop.0+0x480>
  401598:	b8 14 00 00 00       	mov    $0x14,%eax
  40159d:	31 c9                	xor    %ecx,%ecx
  40159f:	0f a2                	cpuid  
  4015a1:	80 e3 10             	and    $0x10,%bl
  4015a4:	0f 85 eb 06 00 00    	jne    401c95 <get_available_features.constprop.0+0xb35>
  4015aa:	83 fd 18             	cmp    $0x18,%ebp
  4015ad:	76 31                	jbe    4015e0 <get_available_features.constprop.0+0x480>
  4015af:	b8 19 00 00 00       	mov    $0x19,%eax
  4015b4:	0f a2                	cpuid  
  4015b6:	f6 c3 01             	test   $0x1,%bl
  4015b9:	74 25                	je     4015e0 <get_available_features.constprop.0+0x480>
  4015bb:	bf 5b 00 00 00       	mov    $0x5b,%edi
  4015c0:	e8 4b 0e 00 00       	call   402410 <set_cpu_feature.constprop.0>
  4015c5:	80 e3 04             	and    $0x4,%bl
  4015c8:	0f 85 03 07 00 00    	jne    401cd1 <get_available_features.constprop.0+0xb71>
  4015ce:	41 81 e0 00 00 80 00 	and    $0x800000,%r8d
  4015d5:	0f 85 05 07 00 00    	jne    401ce0 <get_available_features.constprop.0+0xb80>
  4015db:	0f 1f 44 00 00       	nopl   0x0(%rax,%rax,1)
  4015e0:	b8 00 00 00 80       	mov    $0x80000000,%eax
  4015e5:	0f a2                	cpuid  
  4015e7:	41 89 42 0c          	mov    %eax,0xc(%r10)
  4015eb:	41 89 c0             	mov    %eax,%r8d
  4015ee:	3d 00 00 00 80       	cmp    $0x80000000,%eax
  4015f3:	0f 86 ca 00 00 00    	jbe    4016c3 <get_available_features.constprop.0+0x563>
  4015f9:	b8 01 00 00 80       	mov    $0x80000001,%eax
  4015fe:	0f a2                	cpuid  
  401600:	41 89 d2             	mov    %edx,%r10d
  401603:	41 89 c9             	mov    %ecx,%r9d
  401606:	f6 c1 40             	test   $0x40,%cl
  401609:	0f 85 a0 03 00 00    	jne    4019af <get_available_features.constprop.0+0x84f>
  40160f:	41 f6 c1 01          	test   $0x1,%r9b
  401613:	0f 85 a5 03 00 00    	jne    4019be <get_available_features.constprop.0+0x85e>
  401619:	44 89 cb             	mov    %r9d,%ebx
  40161c:	44 89 cd             	mov    %r9d,%ebp
  40161f:	81 e3 00 80 00 00    	and    $0x8000,%ebx
  401625:	81 e5 00 00 20 00    	and    $0x200000,%ebp
  40162b:	41 f6 c1 20          	test   $0x20,%r9b
  40162f:	0f 85 07 02 00 00    	jne    40183c <get_available_features.constprop.0+0x6dc>
  401635:	85 db                	test   %ebx,%ebx
  401637:	0f 85 dd 05 00 00    	jne    401c1a <get_available_features.constprop.0+0xaba>
  40163d:	85 ed                	test   %ebp,%ebp
  40163f:	0f 85 e7 05 00 00    	jne    401c2c <get_available_features.constprop.0+0xacc>
  401645:	41 f7 c1 00 01 00 00 	test   $0x100,%r9d
  40164c:	0f 85 25 06 00 00    	jne    401c77 <get_available_features.constprop.0+0xb17>
  401652:	41 f7 c1 00 00 00 20 	test   $0x20000000,%r9d
  401659:	0f 85 09 06 00 00    	jne    401c68 <get_available_features.constprop.0+0xb08>
  40165f:	41 f7 c2 00 00 00 20 	test   $0x20000000,%r10d
  401666:	0f 85 ed 05 00 00    	jne    401c59 <get_available_features.constprop.0+0xaf9>
  40166c:	41 f7 c2 00 00 00 40 	test   $0x40000000,%r10d
  401673:	0f 85 d1 05 00 00    	jne    401c4a <get_available_features.constprop.0+0xaea>
  401679:	45 85 d2             	test   %r10d,%r10d
  40167c:	0f 88 04 06 00 00    	js     401c86 <get_available_features.constprop.0+0xb26>
  401682:	45 85 db             	test   %r11d,%r11d
  401685:	74 1a                	je     4016a1 <get_available_features.constprop.0+0x541>
  401687:	41 f7 c1 00 00 01 00 	test   $0x10000,%r9d
  40168e:	0f 85 d1 03 00 00    	jne    401a65 <get_available_features.constprop.0+0x905>
  401694:	41 81 e1 00 08 00 00 	and    $0x800,%r9d
  40169b:	0f 85 b5 03 00 00    	jne    401a56 <get_available_features.constprop.0+0x8f6>
  4016a1:	41 81 f8 07 00 00 80 	cmp    $0x80000007,%r8d
  4016a8:	76 19                	jbe    4016c3 <get_available_features.constprop.0+0x563>
  4016aa:	b8 08 00 00 80       	mov    $0x80000008,%eax
  4016af:	0f a2                	cpuid  
  4016b1:	f6 c3 01             	test   $0x1,%bl
  4016b4:	0f 85 8d 03 00 00    	jne    401a47 <get_available_features.constprop.0+0x8e7>
  4016ba:	80 e7 02             	and    $0x2,%bh
  4016bd:	0f 85 73 03 00 00    	jne    401a36 <get_available_features.constprop.0+0x8d6>
  4016c3:	48 83 c4 08          	add    $0x8,%rsp
  4016c7:	5b                   	pop    %rbx
  4016c8:	5d                   	pop    %rbp
  4016c9:	41 5c                	pop    %r12
  4016cb:	41 5d                	pop    %r13
  4016cd:	c3                   	ret    
  4016ce:	b8 07 00 00 00       	mov    $0x7,%eax
  4016d3:	b9 01 00 00 00       	mov    $0x1,%ecx
  4016d8:	0f a2                	cpuid  
  4016da:	a9 00 00 40 00       	test   $0x400000,%eax
  4016df:	0f 85 8f 03 00 00    	jne    401a74 <get_available_features.constprop.0+0x914>
  4016e5:	45 85 db             	test   %r11d,%r11d
  4016e8:	0f 84 71 fe ff ff    	je     40155f <get_available_features.constprop.0+0x3ff>
  4016ee:	a8 10                	test   $0x10,%al
  4016f0:	0f 84 69 fe ff ff    	je     40155f <get_available_features.constprop.0+0x3ff>
  4016f6:	bf 5d 00 00 00       	mov    $0x5d,%edi
  4016fb:	e8 10 0d 00 00       	call   402410 <set_cpu_feature.constprop.0>
  401700:	e9 5a fe ff ff       	jmp    40155f <get_available_features.constprop.0+0x3ff>
  401705:	bf 51 00 00 00       	mov    $0x51,%edi
  40170a:	e8 01 0d 00 00       	call   402410 <set_cpu_feature.constprop.0>
  40170f:	e9 8c fb ff ff       	jmp    4012a0 <get_available_features.constprop.0+0x140>
  401714:	83 0d 41 39 00 00 02 	orl    $0x2,0x3941(%rip)        # 40505c <__cpu_model+0xc>
  40171b:	e9 af fa ff ff       	jmp    4011cf <get_available_features.constprop.0+0x6f>
  401720:	83 0d 35 39 00 00 01 	orl    $0x1,0x3935(%rip)        # 40505c <__cpu_model+0xc>
  401727:	e9 96 fa ff ff       	jmp    4011c2 <get_available_features.constprop.0+0x62>
  40172c:	bf 33 00 00 00       	mov    $0x33,%edi
  401731:	e8 da 0c 00 00       	call   402410 <set_cpu_feature.constprop.0>
  401736:	e9 c8 fa ff ff       	jmp    401203 <get_available_features.constprop.0+0xa3>
  40173b:	bf 2f 00 00 00       	mov    $0x2f,%edi
  401740:	e8 cb 0c 00 00       	call   402410 <set_cpu_feature.constprop.0>
  401745:	e9 ac fa ff ff       	jmp    4011f6 <get_available_features.constprop.0+0x96>
  40174a:	83 0d 0b 39 00 00 10 	orl    $0x10,0x390b(%rip)        # 40505c <__cpu_model+0xc>
  401751:	e9 93 fa ff ff       	jmp    4011e9 <get_available_features.constprop.0+0x89>
  401756:	83 0d ff 38 00 00 08 	orl    $0x8,0x38ff(%rip)        # 40505c <__cpu_model+0xc>
  40175d:	e9 7a fa ff ff       	jmp    4011dc <get_available_features.constprop.0+0x7c>
  401762:	bf 45 00 00 00       	mov    $0x45,%edi
  401767:	e8 a4 0c 00 00       	call   402410 <set_cpu_feature.constprop.0>
  40176c:	e9 22 fb ff ff       	jmp    401293 <get_available_features.constprop.0+0x133>
  401771:	81 0d e1 38 00 00 00 	orl    $0x40000,0x38e1(%rip)        # 40505c <__cpu_model+0xc>
  401778:	00 04 00 
  40177b:	e9 06 fb ff ff       	jmp    401286 <get_available_features.constprop.0+0x126>
  401780:	bf 3a 00 00 00       	mov    $0x3a,%edi
  401785:	e8 86 0c 00 00       	call   402410 <set_cpu_feature.constprop.0>
  40178a:	e9 ee fa ff ff       	jmp    40127d <get_available_features.constprop.0+0x11d>
  40178f:	bf 2e 00 00 00       	mov    $0x2e,%edi
  401794:	e8 77 0c 00 00       	call   402410 <set_cpu_feature.constprop.0>
  401799:	e9 d2 fa ff ff       	jmp    401270 <get_available_features.constprop.0+0x110>
  40179e:	bf 3e 00 00 00       	mov    $0x3e,%edi
  4017a3:	e8 68 0c 00 00       	call   402410 <set_cpu_feature.constprop.0>
  4017a8:	e9 b6 fa ff ff       	jmp    401263 <get_available_features.constprop.0+0x103>
  4017ad:	81 0d a5 38 00 00 00 	orl    $0x100,0x38a5(%rip)        # 40505c <__cpu_model+0xc>
  4017b4:	01 00 00 
  4017b7:	e9 9f fa ff ff       	jmp    40125b <get_available_features.constprop.0+0xfb>
  4017bc:	81 0d 96 38 00 00 80 	orl    $0x80,0x3896(%rip)        # 40505c <__cpu_model+0xc>
  4017c3:	00 00 00 
  4017c6:	e9 83 fa ff ff       	jmp    40124e <get_available_features.constprop.0+0xee>
  4017cb:	83 0d 8a 38 00 00 40 	orl    $0x40,0x388a(%rip)        # 40505c <__cpu_model+0xc>
  4017d2:	e9 6a fa ff ff       	jmp    401241 <get_available_features.constprop.0+0xe1>
  4017d7:	83 0d 7e 38 00 00 20 	orl    $0x20,0x387e(%rip)        # 40505c <__cpu_model+0xc>
  4017de:	e9 51 fa ff ff       	jmp    401234 <get_available_features.constprop.0+0xd4>
  4017e3:	81 0d 6f 38 00 00 00 	orl    $0x80000,0x386f(%rip)        # 40505c <__cpu_model+0xc>
  4017ea:	00 08 00 
  4017ed:	e9 38 fa ff ff       	jmp    40122a <get_available_features.constprop.0+0xca>
  4017f2:	81 0d 60 38 00 00 00 	orl    $0x40000,0x3860(%rip)        # 40505c <__cpu_model+0xc>
  4017f9:	00 04 00 
  4017fc:	e9 1f fa ff ff       	jmp    401220 <get_available_features.constprop.0+0xc0>
  401801:	83 0d 54 38 00 00 04 	orl    $0x4,0x3854(%rip)        # 40505c <__cpu_model+0xc>
  401808:	e9 03 fa ff ff       	jmp    401210 <get_available_features.constprop.0+0xb0>
  40180d:	89 c2                	mov    %eax,%edx
  40180f:	45 31 e4             	xor    %r12d,%r12d
  401812:	41 bb 01 00 00 00    	mov    $0x1,%r11d
  401818:	81 e2 e6 00 00 00    	and    $0xe6,%edx
  40181e:	81 fa e6 00 00 00    	cmp    $0xe6,%edx
  401824:	41 0f 94 c4          	sete   %r12b
  401828:	e9 6c f9 ff ff       	jmp    401199 <get_available_features.constprop.0+0x39>
  40182d:	bf 58 00 00 00       	mov    $0x58,%edi
  401832:	e8 d9 0b 00 00       	call   402410 <set_cpu_feature.constprop.0>
  401837:	e9 f6 fb ff ff       	jmp    401432 <get_available_features.constprop.0+0x2d2>
  40183c:	bf 29 00 00 00       	mov    $0x29,%edi
  401841:	e8 ca 0b 00 00       	call   402410 <set_cpu_feature.constprop.0>
  401846:	85 db                	test   %ebx,%ebx
  401848:	0f 85 65 04 00 00    	jne    401cb3 <get_available_features.constprop.0+0xb53>
  40184e:	85 ed                	test   %ebp,%ebp
  401850:	0f 85 4e 04 00 00    	jne    401ca4 <get_available_features.constprop.0+0xb44>
  401856:	bf 39 00 00 00       	mov    $0x39,%edi
  40185b:	e8 b0 0b 00 00       	call   402410 <set_cpu_feature.constprop.0>
  401860:	e9 e0 fd ff ff       	jmp    401645 <get_available_features.constprop.0+0x4e5>
  401865:	81 0d ed 37 00 00 00 	orl    $0x20000,0x37ed(%rip)        # 40505c <__cpu_model+0xc>
  40186c:	00 02 00 
  40186f:	e9 c5 fa ff ff       	jmp    401339 <get_available_features.constprop.0+0x1d9>
  401874:	bf 32 00 00 00       	mov    $0x32,%edi
  401879:	e8 92 0b 00 00       	call   402410 <set_cpu_feature.constprop.0>
  40187e:	e9 bf fa ff ff       	jmp    401342 <get_available_features.constprop.0+0x1e2>
  401883:	bf 2b 00 00 00       	mov    $0x2b,%edi
  401888:	e8 83 0b 00 00       	call   402410 <set_cpu_feature.constprop.0>
  40188d:	e9 e0 fa ff ff       	jmp    401372 <get_available_features.constprop.0+0x212>
  401892:	bf 2c 00 00 00       	mov    $0x2c,%edi
  401897:	e8 74 0b 00 00       	call   402410 <set_cpu_feature.constprop.0>
  40189c:	e9 dd fa ff ff       	jmp    40137e <get_available_features.constprop.0+0x21e>
  4018a1:	bf 41 00 00 00       	mov    $0x41,%edi
  4018a6:	e8 65 0b 00 00       	call   402410 <set_cpu_feature.constprop.0>
  4018ab:	e9 d8 fa ff ff       	jmp    401388 <get_available_features.constprop.0+0x228>
  4018b0:	bf 40 00 00 00       	mov    $0x40,%edi
  4018b5:	e8 56 0b 00 00       	call   402410 <set_cpu_feature.constprop.0>
  4018ba:	e9 d3 fa ff ff       	jmp    401392 <get_available_features.constprop.0+0x232>
  4018bf:	bf 44 00 00 00       	mov    $0x44,%edi
  4018c4:	e8 47 0b 00 00       	call   402410 <set_cpu_feature.constprop.0>
  4018c9:	e9 d1 fa ff ff       	jmp    40139f <get_available_features.constprop.0+0x23f>
  4018ce:	bf 20 00 00 00       	mov    $0x20,%edi
  4018d3:	e8 38 0b 00 00       	call   402410 <set_cpu_feature.constprop.0>
  4018d8:	e9 cf fa ff ff       	jmp    4013ac <get_available_features.constprop.0+0x24c>
  4018dd:	bf 3c 00 00 00       	mov    $0x3c,%edi
  4018e2:	e8 29 0b 00 00       	call   402410 <set_cpu_feature.constprop.0>
  4018e7:	e9 cd fa ff ff       	jmp    4013b9 <get_available_features.constprop.0+0x259>
  4018ec:	bf 3b 00 00 00       	mov    $0x3b,%edi
  4018f1:	e8 1a 0b 00 00       	call   402410 <set_cpu_feature.constprop.0>
  4018f6:	e9 cb fa ff ff       	jmp    4013c6 <get_available_features.constprop.0+0x266>
  4018fb:	bf 30 00 00 00       	mov    $0x30,%edi
  401900:	e8 0b 0b 00 00       	call   402410 <set_cpu_feature.constprop.0>
  401905:	e9 c9 fa ff ff       	jmp    4013d3 <get_available_features.constprop.0+0x273>
  40190a:	bf 2a 00 00 00       	mov    $0x2a,%edi
  40190f:	e8 fc 0a 00 00       	call   402410 <set_cpu_feature.constprop.0>
  401914:	e9 c7 fa ff ff       	jmp    4013e0 <get_available_features.constprop.0+0x280>
  401919:	bf 4f 00 00 00       	mov    $0x4f,%edi
  40191e:	e8 ed 0a 00 00       	call   402410 <set_cpu_feature.constprop.0>
  401923:	e9 c2 fa ff ff       	jmp    4013ea <get_available_features.constprop.0+0x28a>
  401928:	bf 4b 00 00 00       	mov    $0x4b,%edi
  40192d:	e8 de 0a 00 00       	call   402410 <set_cpu_feature.constprop.0>
  401932:	e9 bd fa ff ff       	jmp    4013f4 <get_available_features.constprop.0+0x294>
  401937:	bf 48 00 00 00       	mov    $0x48,%edi
  40193c:	e8 cf 0a 00 00       	call   402410 <set_cpu_feature.constprop.0>
  401941:	e9 bb fa ff ff       	jmp    401401 <get_available_features.constprop.0+0x2a1>
  401946:	bf 4d 00 00 00       	mov    $0x4d,%edi
  40194b:	e8 c0 0a 00 00       	call   402410 <set_cpu_feature.constprop.0>
  401950:	e9 b9 fa ff ff       	jmp    40140e <get_available_features.constprop.0+0x2ae>
  401955:	bf 3f 00 00 00       	mov    $0x3f,%edi
  40195a:	e8 b1 0a 00 00       	call   402410 <set_cpu_feature.constprop.0>
  40195f:	e9 b7 fa ff ff       	jmp    40141b <get_available_features.constprop.0+0x2bb>
  401964:	bf 35 00 00 00       	mov    $0x35,%edi
  401969:	e8 a2 0a 00 00       	call   402410 <set_cpu_feature.constprop.0>
  40196e:	e9 b5 fa ff ff       	jmp    401428 <get_available_features.constprop.0+0x2c8>
  401973:	bf 47 00 00 00       	mov    $0x47,%edi
  401978:	e8 93 0a 00 00       	call   402410 <set_cpu_feature.constprop.0>
  40197d:	e9 86 f9 ff ff       	jmp    401308 <get_available_features.constprop.0+0x1a8>
  401982:	81 0d d0 36 00 00 00 	orl    $0x200,0x36d0(%rip)        # 40505c <__cpu_model+0xc>
  401989:	02 00 00 
  40198c:	e9 21 f9 ff ff       	jmp    4012b2 <get_available_features.constprop.0+0x152>
  401991:	81 0d c1 36 00 00 00 	orl    $0x4000,0x36c1(%rip)        # 40505c <__cpu_model+0xc>
  401998:	40 00 00 
  40199b:	e9 1f f9 ff ff       	jmp    4012bf <get_available_features.constprop.0+0x15f>
  4019a0:	bf 31 00 00 00       	mov    $0x31,%edi
  4019a5:	e8 66 0a 00 00       	call   402410 <set_cpu_feature.constprop.0>
  4019aa:	e9 1d f9 ff ff       	jmp    4012cc <get_available_features.constprop.0+0x16c>
  4019af:	81 0d a3 36 00 00 00 	orl    $0x800,0x36a3(%rip)        # 40505c <__cpu_model+0xc>
  4019b6:	08 00 00 
  4019b9:	e9 51 fc ff ff       	jmp    40160f <get_available_features.constprop.0+0x4af>
  4019be:	bf 36 00 00 00       	mov    $0x36,%edi
  4019c3:	e8 48 0a 00 00       	call   402410 <set_cpu_feature.constprop.0>
  4019c8:	e9 4c fc ff ff       	jmp    401619 <get_available_features.constprop.0+0x4b9>
  4019cd:	bf 28 00 00 00       	mov    $0x28,%edi
  4019d2:	e8 39 0a 00 00       	call   402410 <set_cpu_feature.constprop.0>
  4019d7:	e9 7e f9 ff ff       	jmp    40135a <get_available_features.constprop.0+0x1fa>
  4019dc:	bf 4a 00 00 00       	mov    $0x4a,%edi
  4019e1:	e8 2a 0a 00 00       	call   402410 <set_cpu_feature.constprop.0>
  4019e6:	e9 7b f9 ff ff       	jmp    401366 <get_available_features.constprop.0+0x206>
  4019eb:	bf 46 00 00 00       	mov    $0x46,%edi
  4019f0:	e8 1b 0a 00 00       	call   402410 <set_cpu_feature.constprop.0>
  4019f5:	e9 54 f9 ff ff       	jmp    40134e <get_available_features.constprop.0+0x1ee>
  4019fa:	81 0d 58 36 00 00 00 	orl    $0x10000,0x3658(%rip)        # 40505c <__cpu_model+0xc>
  401a01:	00 01 00 
  401a04:	e9 e4 f8 ff ff       	jmp    4012ed <get_available_features.constprop.0+0x18d>
  401a09:	bf 49 00 00 00       	mov    $0x49,%edi
  401a0e:	e8 fd 09 00 00       	call   402410 <set_cpu_feature.constprop.0>
  401a13:	e9 de f8 ff ff       	jmp    4012f6 <get_available_features.constprop.0+0x196>
  401a18:	bf 34 00 00 00       	mov    $0x34,%edi
  401a1d:	e8 ee 09 00 00       	call   402410 <set_cpu_feature.constprop.0>
  401a22:	e9 d8 f8 ff ff       	jmp    4012ff <get_available_features.constprop.0+0x19f>
  401a27:	bf 24 00 00 00       	mov    $0x24,%edi
  401a2c:	e8 df 09 00 00       	call   402410 <set_cpu_feature.constprop.0>
  401a31:	e9 29 fb ff ff       	jmp    40155f <get_available_features.constprop.0+0x3ff>
  401a36:	58                   	pop    %rax
  401a37:	bf 50 00 00 00       	mov    $0x50,%edi
  401a3c:	5b                   	pop    %rbx
  401a3d:	5d                   	pop    %rbp
  401a3e:	41 5c                	pop    %r12
  401a40:	41 5d                	pop    %r13
  401a42:	e9 c9 09 00 00       	jmp    402410 <set_cpu_feature.constprop.0>
  401a47:	bf 2d 00 00 00       	mov    $0x2d,%edi
  401a4c:	e8 bf 09 00 00       	call   402410 <set_cpu_feature.constprop.0>
  401a51:	e9 64 fc ff ff       	jmp    4016ba <get_available_features.constprop.0+0x55a>
  401a56:	81 0d fc 35 00 00 00 	orl    $0x2000,0x35fc(%rip)        # 40505c <__cpu_model+0xc>
  401a5d:	20 00 00 
  401a60:	e9 3c fc ff ff       	jmp    4016a1 <get_available_features.constprop.0+0x541>
  401a65:	81 0d ed 35 00 00 00 	orl    $0x1000,0x35ed(%rip)        # 40505c <__cpu_model+0xc>
  401a6c:	10 00 00 
  401a6f:	e9 20 fc ff ff       	jmp    401694 <get_available_features.constprop.0+0x534>
  401a74:	bf 59 00 00 00       	mov    $0x59,%edi
  401a79:	89 44 24 04          	mov    %eax,0x4(%rsp)
  401a7d:	e8 8e 09 00 00       	call   402410 <set_cpu_feature.constprop.0>
  401a82:	45 85 db             	test   %r11d,%r11d
  401a85:	8b 44 24 04          	mov    0x4(%rsp),%eax
  401a89:	0f 85 5f fc ff ff    	jne    4016ee <get_available_features.constprop.0+0x58e>
  401a8f:	e9 cb fa ff ff       	jmp    40155f <get_available_features.constprop.0+0x3ff>
  401a94:	bf 59 00 00 00       	mov    $0x59,%edi
  401a99:	e8 72 09 00 00       	call   402410 <set_cpu_feature.constprop.0>
  401a9e:	e9 a3 fa ff ff       	jmp    401546 <get_available_features.constprop.0+0x3e6>
  401aa3:	bf 57 00 00 00       	mov    $0x57,%edi
  401aa8:	e8 63 09 00 00       	call   402410 <set_cpu_feature.constprop.0>
  401aad:	e9 ac f9 ff ff       	jmp    40145e <get_available_features.constprop.0+0x2fe>
  401ab2:	bf 56 00 00 00       	mov    $0x56,%edi
  401ab7:	e8 54 09 00 00       	call   402410 <set_cpu_feature.constprop.0>
  401abc:	e9 90 f9 ff ff       	jmp    401451 <get_available_features.constprop.0+0x2f1>
  401ac1:	bf 4e 00 00 00       	mov    $0x4e,%edi
  401ac6:	e8 45 09 00 00       	call   402410 <set_cpu_feature.constprop.0>
  401acb:	e9 60 f8 ff ff       	jmp    401330 <get_available_features.constprop.0+0x1d0>
  401ad0:	bf 21 00 00 00       	mov    $0x21,%edi
  401ad5:	e8 36 09 00 00       	call   402410 <set_cpu_feature.constprop.0>
  401ada:	e9 44 f8 ff ff       	jmp    401323 <get_available_features.constprop.0+0x1c3>
  401adf:	bf 5e 00 00 00       	mov    $0x5e,%edi
  401ae4:	e8 27 09 00 00       	call   402410 <set_cpu_feature.constprop.0>
  401ae9:	e9 3e fa ff ff       	jmp    40152c <get_available_features.constprop.0+0x3cc>
  401aee:	bf 25 00 00 00       	mov    $0x25,%edi
  401af3:	e8 18 09 00 00       	call   402410 <set_cpu_feature.constprop.0>
  401af8:	e9 22 fa ff ff       	jmp    40151f <get_available_features.constprop.0+0x3bf>
  401afd:	81 0d 55 35 00 00 00 	orl    $0x20000000,0x3555(%rip)        # 40505c <__cpu_model+0xc>
  401b04:	00 00 20 
  401b07:	e9 06 fa ff ff       	jmp    401512 <get_available_features.constprop.0+0x3b2>
  401b0c:	81 0d 46 35 00 00 00 	orl    $0x10000000,0x3546(%rip)        # 40505c <__cpu_model+0xc>
  401b13:	00 00 10 
  401b16:	e9 ed f9 ff ff       	jmp    401508 <get_available_features.constprop.0+0x3a8>
  401b1b:	81 0d 37 35 00 00 00 	orl    $0x40000000,0x3537(%rip)        # 40505c <__cpu_model+0xc>
  401b22:	00 00 40 
  401b25:	e9 d4 f9 ff ff       	jmp    4014fe <get_available_features.constprop.0+0x39e>
  401b2a:	bf 23 00 00 00       	mov    $0x23,%edi
  401b2f:	e8 dc 08 00 00       	call   402410 <set_cpu_feature.constprop.0>
  401b34:	e9 b8 f9 ff ff       	jmp    4014f1 <get_available_features.constprop.0+0x391>
  401b39:	bf 22 00 00 00       	mov    $0x22,%edi
  401b3e:	e8 cd 08 00 00       	call   402410 <set_cpu_feature.constprop.0>
  401b43:	e9 9c f9 ff ff       	jmp    4014e4 <get_available_features.constprop.0+0x384>
  401b48:	81 0d 0a 35 00 00 00 	orl    $0x80000000,0x350a(%rip)        # 40505c <__cpu_model+0xc>
  401b4f:	00 00 80 
  401b52:	e9 80 f9 ff ff       	jmp    4014d7 <get_available_features.constprop.0+0x377>
  401b57:	bf 54 00 00 00       	mov    $0x54,%edi
  401b5c:	e8 af 08 00 00       	call   402410 <set_cpu_feature.constprop.0>
  401b61:	e9 2d fa ff ff       	jmp    401593 <get_available_features.constprop.0+0x433>
  401b66:	bf 52 00 00 00       	mov    $0x52,%edi
  401b6b:	e8 a0 08 00 00       	call   402410 <set_cpu_feature.constprop.0>
  401b70:	e9 14 fa ff ff       	jmp    401589 <get_available_features.constprop.0+0x429>
  401b75:	bf 53 00 00 00       	mov    $0x53,%edi
  401b7a:	e8 91 08 00 00       	call   402410 <set_cpu_feature.constprop.0>
  401b7f:	e9 fb f9 ff ff       	jmp    40157f <get_available_features.constprop.0+0x41f>
  401b84:	bf 55 00 00 00       	mov    $0x55,%edi
  401b89:	e8 82 08 00 00       	call   402410 <set_cpu_feature.constprop.0>
  401b8e:	e9 b1 f8 ff ff       	jmp    401444 <get_available_features.constprop.0+0x2e4>
  401b93:	81 0d bf 34 00 00 00 	orl    $0x8000,0x34bf(%rip)        # 40505c <__cpu_model+0xc>
  401b9a:	80 00 00 
  401b9d:	e9 d1 f8 ff ff       	jmp    401473 <get_available_features.constprop.0+0x313>
  401ba2:	81 0d b0 34 00 00 00 	orl    $0x400,0x34b0(%rip)        # 40505c <__cpu_model+0xc>
  401ba9:	04 00 00 
  401bac:	e9 65 f7 ff ff       	jmp    401316 <get_available_features.constprop.0+0x1b6>
  401bb1:	81 0d a1 34 00 00 00 	orl    $0x4000000,0x34a1(%rip)        # 40505c <__cpu_model+0xc>
  401bb8:	00 00 04 
  401bbb:	e9 0d f9 ff ff       	jmp    4014cd <get_available_features.constprop.0+0x36d>
  401bc0:	81 0d 92 34 00 00 00 	orl    $0x8000000,0x3492(%rip)        # 40505c <__cpu_model+0xc>
  401bc7:	00 00 08 
  401bca:	e9 f4 f8 ff ff       	jmp    4014c3 <get_available_features.constprop.0+0x363>
  401bcf:	81 0d 83 34 00 00 00 	orl    $0x1000000,0x3483(%rip)        # 40505c <__cpu_model+0xc>
  401bd6:	00 00 01 
  401bd9:	e9 d9 f8 ff ff       	jmp    4014b7 <get_available_features.constprop.0+0x357>
  401bde:	81 0d 74 34 00 00 00 	orl    $0x2000000,0x3474(%rip)        # 40505c <__cpu_model+0xc>
  401be5:	00 00 02 
  401be8:	e9 be f8 ff ff       	jmp    4014ab <get_available_features.constprop.0+0x34b>
  401bed:	81 0d 65 34 00 00 00 	orl    $0x800000,0x3465(%rip)        # 40505c <__cpu_model+0xc>
  401bf4:	00 80 00 
  401bf7:	e9 a3 f8 ff ff       	jmp    40149f <get_available_features.constprop.0+0x33f>
  401bfc:	81 0d 56 34 00 00 00 	orl    $0x400000,0x3456(%rip)        # 40505c <__cpu_model+0xc>
  401c03:	00 40 00 
  401c06:	e9 88 f8 ff ff       	jmp    401493 <get_available_features.constprop.0+0x333>
  401c0b:	81 0d 47 34 00 00 00 	orl    $0x200000,0x3447(%rip)        # 40505c <__cpu_model+0xc>
  401c12:	00 20 00 
  401c15:	e9 6d f8 ff ff       	jmp    401487 <get_available_features.constprop.0+0x327>
  401c1a:	bf 38 00 00 00       	mov    $0x38,%edi
  401c1f:	e8 ec 07 00 00       	call   402410 <set_cpu_feature.constprop.0>
  401c24:	85 ed                	test   %ebp,%ebp
  401c26:	0f 84 19 fa ff ff    	je     401645 <get_available_features.constprop.0+0x4e5>
  401c2c:	bf 4c 00 00 00       	mov    $0x4c,%edi
  401c31:	e8 da 07 00 00       	call   402410 <set_cpu_feature.constprop.0>
  401c36:	e9 0a fa ff ff       	jmp    401645 <get_available_features.constprop.0+0x4e5>
  401c3b:	81 0d 17 34 00 00 00 	orl    $0x100000,0x3417(%rip)        # 40505c <__cpu_model+0xc>
  401c42:	00 10 00 
  401c45:	e9 31 f8 ff ff       	jmp    40147b <get_available_features.constprop.0+0x31b>
  401c4a:	bf 27 00 00 00       	mov    $0x27,%edi
  401c4f:	e8 bc 07 00 00       	call   402410 <set_cpu_feature.constprop.0>
  401c54:	e9 20 fa ff ff       	jmp    401679 <get_available_features.constprop.0+0x519>
  401c59:	bf 37 00 00 00       	mov    $0x37,%edi
  401c5e:	e8 ad 07 00 00       	call   402410 <set_cpu_feature.constprop.0>
  401c63:	e9 04 fa ff ff       	jmp    40166c <get_available_features.constprop.0+0x50c>
  401c68:	bf 3d 00 00 00       	mov    $0x3d,%edi
  401c6d:	e8 9e 07 00 00       	call   402410 <set_cpu_feature.constprop.0>
  401c72:	e9 e8 f9 ff ff       	jmp    40165f <get_available_features.constprop.0+0x4ff>
  401c77:	bf 42 00 00 00       	mov    $0x42,%edi
  401c7c:	e8 8f 07 00 00       	call   402410 <set_cpu_feature.constprop.0>
  401c81:	e9 cc f9 ff ff       	jmp    401652 <get_available_features.constprop.0+0x4f2>
  401c86:	bf 26 00 00 00       	mov    $0x26,%edi
  401c8b:	e8 80 07 00 00       	call   402410 <set_cpu_feature.constprop.0>
  401c90:	e9 ed f9 ff ff       	jmp    401682 <get_available_features.constprop.0+0x522>
  401c95:	bf 43 00 00 00       	mov    $0x43,%edi
  401c9a:	e8 71 07 00 00       	call   402410 <set_cpu_feature.constprop.0>
  401c9f:	e9 06 f9 ff ff       	jmp    4015aa <get_available_features.constprop.0+0x44a>
  401ca4:	bf 4c 00 00 00       	mov    $0x4c,%edi
  401ca9:	e8 62 07 00 00       	call   402410 <set_cpu_feature.constprop.0>
  401cae:	e9 a3 fb ff ff       	jmp    401856 <get_available_features.constprop.0+0x6f6>
  401cb3:	bf 38 00 00 00       	mov    $0x38,%edi
  401cb8:	e8 53 07 00 00       	call   402410 <set_cpu_feature.constprop.0>
  401cbd:	e9 8c fb ff ff       	jmp    40184e <get_available_features.constprop.0+0x6ee>
  401cc2:	bf 5d 00 00 00       	mov    $0x5d,%edi
  401cc7:	e8 44 07 00 00       	call   402410 <set_cpu_feature.constprop.0>
  401ccc:	e9 84 f8 ff ff       	jmp    401555 <get_available_features.constprop.0+0x3f5>
  401cd1:	bf 5c 00 00 00       	mov    $0x5c,%edi
  401cd6:	e8 35 07 00 00       	call   402410 <set_cpu_feature.constprop.0>
  401cdb:	e9 ee f8 ff ff       	jmp    4015ce <get_available_features.constprop.0+0x46e>
  401ce0:	bf 5a 00 00 00       	mov    $0x5a,%edi
  401ce5:	e8 26 07 00 00       	call   402410 <set_cpu_feature.constprop.0>
  401cea:	e9 f1 f8 ff ff       	jmp    4015e0 <get_available_features.constprop.0+0x480>
  401cef:	90                   	nop

0000000000401cf0 <__cpu_indicator_init>:
  401cf0:	f3 0f 1e fa          	endbr64 
  401cf4:	8b 3d 56 33 00 00    	mov    0x3356(%rip),%edi        # 405050 <__cpu_model>
  401cfa:	85 ff                	test   %edi,%edi
  401cfc:	0f 85 16 06 00 00    	jne    402318 <__cpu_indicator_init+0x628>
  401d02:	53                   	push   %rbx
  401d03:	31 f6                	xor    %esi,%esi
  401d05:	89 f0                	mov    %esi,%eax
  401d07:	48 83 ec 10          	sub    $0x10,%rsp
  401d0b:	0f a2                	cpuid  
  401d0d:	85 c0                	test   %eax,%eax
  401d0f:	0f 84 ad 00 00 00    	je     401dc2 <__cpu_indicator_init+0xd2>
  401d15:	89 f0                	mov    %esi,%eax
  401d17:	0f a2                	cpuid  
  401d19:	41 89 d8             	mov    %ebx,%r8d
  401d1c:	89 c7                	mov    %eax,%edi
  401d1e:	85 c0                	test   %eax,%eax
  401d20:	0f 8e 9c 00 00 00    	jle    401dc2 <__cpu_indicator_init+0xd2>
  401d26:	89 f0                	mov    %esi,%eax
  401d28:	0f a2                	cpuid  
  401d2a:	85 c0                	test   %eax,%eax
  401d2c:	0f 84 90 00 00 00    	je     401dc2 <__cpu_indicator_init+0xd2>
  401d32:	b8 01 00 00 00       	mov    $0x1,%eax
  401d37:	0f a2                	cpuid  
  401d39:	89 c6                	mov    %eax,%esi
  401d3b:	41 89 c1             	mov    %eax,%r9d
  401d3e:	89 7c 24 08          	mov    %edi,0x8(%rsp)
  401d42:	89 c7                	mov    %eax,%edi
  401d44:	c1 ef 04             	shr    $0x4,%edi
  401d47:	c1 ee 08             	shr    $0x8,%esi
  401d4a:	41 c1 e9 0c          	shr    $0xc,%r9d
  401d4e:	c1 e8 14             	shr    $0x14,%eax
  401d51:	83 e7 0f             	and    $0xf,%edi
  401d54:	83 e6 0f             	and    $0xf,%esi
  401d57:	41 81 e1 f0 00 00 00 	and    $0xf0,%r9d
  401d5e:	0f b6 c0             	movzbl %al,%eax
  401d61:	41 81 f8 47 65 6e 75 	cmp    $0x756e6547,%r8d
  401d68:	74 6b                	je     401dd5 <__cpu_indicator_init+0xe5>
  401d6a:	41 81 f8 41 75 74 68 	cmp    $0x68747541,%r8d
  401d71:	0f 84 f1 01 00 00    	je     401f68 <__cpu_indicator_init+0x278>
  401d77:	41 81 f8 43 65 6e 74 	cmp    $0x746e6543,%r8d
  401d7e:	0f 84 5a 01 00 00    	je     401ede <__cpu_indicator_init+0x1ee>
  401d84:	41 81 f8 43 79 72 69 	cmp    $0x69727943,%r8d
  401d8b:	0f 84 27 02 00 00    	je     401fb8 <__cpu_indicator_init+0x2c8>
  401d91:	31 c0                	xor    %eax,%eax
  401d93:	41 81 f8 47 65 6f 64 	cmp    $0x646f6547,%r8d
  401d9a:	0f 94 c0             	sete   %al
  401d9d:	8d 44 40 03          	lea    0x3(%rax,%rax,2),%eax
  401da1:	bf 37 00 00 00       	mov    $0x37,%edi
  401da6:	89 05 a4 32 00 00    	mov    %eax,0x32a4(%rip)        # 405050 <__cpu_model>
  401dac:	e8 8f f3 ff ff       	call   401140 <has_cpu_feature.part.0.constprop.0>
  401db1:	85 c0                	test   %eax,%eax
  401db3:	74 09                	je     401dbe <__cpu_indicator_init+0xce>
  401db5:	f6 05 a0 32 00 00 10 	testb  $0x10,0x32a0(%rip)        # 40505c <__cpu_model+0xc>
  401dbc:	75 31                	jne    401def <__cpu_indicator_init+0xff>
  401dbe:	31 c0                	xor    %eax,%eax
  401dc0:	eb 0d                	jmp    401dcf <__cpu_indicator_init+0xdf>
  401dc2:	c7 05 84 32 00 00 03 	movl   $0x3,0x3284(%rip)        # 405050 <__cpu_model>
  401dc9:	00 00 00 
  401dcc:	83 c8 ff             	or     $0xffffffff,%eax
  401dcf:	48 83 c4 10          	add    $0x10,%rsp
  401dd3:	5b                   	pop    %rbx
  401dd4:	c3                   	ret    
  401dd5:	83 fe 0f             	cmp    $0xf,%esi
  401dd8:	0f 84 0a 01 00 00    	je     401ee8 <__cpu_indicator_init+0x1f8>
  401dde:	83 fe 06             	cmp    $0x6,%esi
  401de1:	0f 85 07 01 00 00    	jne    401eee <__cpu_indicator_init+0x1fe>
  401de7:	44 09 cf             	or     %r9d,%edi
  401dea:	e9 ff 00 00 00       	jmp    401eee <__cpu_indicator_init+0x1fe>
  401def:	bf 5f 00 00 00       	mov    $0x5f,%edi
  401df4:	e8 17 06 00 00       	call   402410 <set_cpu_feature.constprop.0>
  401df9:	bf 2e 00 00 00       	mov    $0x2e,%edi
  401dfe:	e8 3d f3 ff ff       	call   401140 <has_cpu_feature.part.0.constprop.0>
  401e03:	85 c0                	test   %eax,%eax
  401e05:	74 b7                	je     401dbe <__cpu_indicator_init+0xce>
  401e07:	8b 35 4f 32 00 00    	mov    0x324f(%rip),%esi        # 40505c <__cpu_model+0xc>
  401e0d:	40 f6 c6 04          	test   $0x4,%sil
  401e11:	74 ab                	je     401dbe <__cpu_indicator_init+0xce>
  401e13:	bf 36 00 00 00       	mov    $0x36,%edi
  401e18:	e8 23 f3 ff ff       	call   401140 <has_cpu_feature.part.0.constprop.0>
  401e1d:	85 c0                	test   %eax,%eax
  401e1f:	74 9d                	je     401dbe <__cpu_indicator_init+0xce>
  401e21:	81 e6 00 01 00 00    	and    $0x100,%esi
  401e27:	74 95                	je     401dbe <__cpu_indicator_init+0xce>
  401e29:	bf 60 00 00 00       	mov    $0x60,%edi
  401e2e:	e8 dd 05 00 00       	call   402410 <set_cpu_feature.constprop.0>
  401e33:	8b 35 23 32 00 00    	mov    0x3223(%rip),%esi        # 40505c <__cpu_model+0xc>
  401e39:	89 f0                	mov    %esi,%eax
  401e3b:	25 00 04 01 00       	and    $0x10400,%eax
  401e40:	3d 00 04 01 00       	cmp    $0x10400,%eax
  401e45:	0f 85 73 ff ff ff    	jne    401dbe <__cpu_indicator_init+0xce>
  401e4b:	f7 c6 00 00 02 00    	test   $0x20000,%esi
  401e51:	0f 84 67 ff ff ff    	je     401dbe <__cpu_indicator_init+0xce>
  401e57:	bf 31 00 00 00       	mov    $0x31,%edi
  401e5c:	e8 df f2 ff ff       	call   401140 <has_cpu_feature.part.0.constprop.0>
  401e61:	85 c0                	test   %eax,%eax
  401e63:	0f 84 55 ff ff ff    	je     401dbe <__cpu_indicator_init+0xce>
  401e69:	81 e6 00 40 00 00    	and    $0x4000,%esi
  401e6f:	0f 84 49 ff ff ff    	je     401dbe <__cpu_indicator_init+0xce>
  401e75:	bf 39 00 00 00       	mov    $0x39,%edi
  401e7a:	e8 c1 f2 ff ff       	call   401140 <has_cpu_feature.part.0.constprop.0>
  401e7f:	85 c0                	test   %eax,%eax
  401e81:	0f 84 37 ff ff ff    	je     401dbe <__cpu_indicator_init+0xce>
  401e87:	bf 3a 00 00 00       	mov    $0x3a,%edi
  401e8c:	e8 af f2 ff ff       	call   401140 <has_cpu_feature.part.0.constprop.0>
  401e91:	85 c0                	test   %eax,%eax
  401e93:	0f 84 25 ff ff ff    	je     401dbe <__cpu_indicator_init+0xce>
  401e99:	bf 61 00 00 00       	mov    $0x61,%edi
  401e9e:	e8 6d 05 00 00       	call   402410 <set_cpu_feature.constprop.0>
  401ea3:	8b 05 b3 31 00 00    	mov    0x31b3(%rip),%eax        # 40505c <__cpu_model+0xc>
  401ea9:	89 c2                	mov    %eax,%edx
  401eab:	81 e2 00 00 a0 00    	and    $0xa00000,%edx
  401eb1:	81 fa 00 00 a0 00    	cmp    $0xa00000,%edx
  401eb7:	0f 85 01 ff ff ff    	jne    401dbe <__cpu_indicator_init+0xce>
  401ebd:	25 00 00 50 00       	and    $0x500000,%eax
  401ec2:	3d 00 00 50 00       	cmp    $0x500000,%eax
  401ec7:	0f 85 f1 fe ff ff    	jne    401dbe <__cpu_indicator_init+0xce>
  401ecd:	bf 62 00 00 00       	mov    $0x62,%edi
  401ed2:	e8 39 05 00 00       	call   402410 <set_cpu_feature.constprop.0>
  401ed7:	31 c0                	xor    %eax,%eax
  401ed9:	e9 f1 fe ff ff       	jmp    401dcf <__cpu_indicator_init+0xdf>
  401ede:	b8 04 00 00 00       	mov    $0x4,%eax
  401ee3:	e9 b9 fe ff ff       	jmp    401da1 <__cpu_indicator_init+0xb1>
  401ee8:	8d 70 0f             	lea    0xf(%rax),%esi
  401eeb:	44 09 cf             	or     %r9d,%edi
  401eee:	89 34 24             	mov    %esi,(%rsp)
  401ef1:	89 ce                	mov    %ecx,%esi
  401ef3:	89 7c 24 04          	mov    %edi,0x4(%rsp)
  401ef7:	48 89 e7             	mov    %rsp,%rdi
  401efa:	e8 61 f2 ff ff       	call   401160 <get_available_features.constprop.0>
  401eff:	83 3c 24 06          	cmpl   $0x6,(%rsp)
  401f03:	75 2a                	jne    401f2f <__cpu_indicator_init+0x23f>
  401f05:	8b 4c 24 04          	mov    0x4(%rsp),%ecx
  401f09:	83 f9 1f             	cmp    $0x1f,%ecx
  401f0c:	76 1c                	jbe    401f2a <__cpu_indicator_init+0x23a>
  401f0e:	83 e9 25             	sub    $0x25,%ecx
  401f11:	81 f9 9a 00 00 00    	cmp    $0x9a,%ecx
  401f17:	77 16                	ja     401f2f <__cpu_indicator_init+0x23f>
  401f19:	48 8d 15 e8 11 00 00 	lea    0x11e8(%rip),%rdx        # 403108 <__dso_handle+0x100>
  401f20:	48 63 04 8a          	movslq (%rdx,%rcx,4),%rax
  401f24:	48 01 d0             	add    %rdx,%rax
  401f27:	3e ff e0             	notrack jmp *%rax
  401f2a:	83 f9 0e             	cmp    $0xe,%ecx
  401f2d:	77 0a                	ja     401f39 <__cpu_indicator_init+0x249>
  401f2f:	b8 01 00 00 00       	mov    $0x1,%eax
  401f34:	e9 68 fe ff ff       	jmp    401da1 <__cpu_indicator_init+0xb1>
  401f39:	b8 01 00 00 00       	mov    $0x1,%eax
  401f3e:	48 d3 e0             	shl    %cl,%rax
  401f41:	a9 00 80 80 20       	test   $0x20808000,%eax
  401f46:	0f 85 fd 02 00 00    	jne    402249 <__cpu_indicator_init+0x559>
  401f4c:	a9 00 00 00 c4       	test   $0xc4000000,%eax
  401f51:	0f 85 21 02 00 00    	jne    402178 <__cpu_indicator_init+0x488>
  401f57:	83 f9 1c             	cmp    $0x1c,%ecx
  401f5a:	75 d3                	jne    401f2f <__cpu_indicator_init+0x23f>
  401f5c:	c7 05 ee 30 00 00 01 	movl   $0x1,0x30ee(%rip)        # 405054 <__cpu_model+0x4>
  401f63:	00 00 00 
  401f66:	eb c7                	jmp    401f2f <__cpu_indicator_init+0x23f>
  401f68:	83 fe 0f             	cmp    $0xf,%esi
  401f6b:	75 06                	jne    401f73 <__cpu_indicator_init+0x283>
  401f6d:	8d 70 0f             	lea    0xf(%rax),%esi
  401f70:	44 09 cf             	or     %r9d,%edi
  401f73:	89 34 24             	mov    %esi,(%rsp)
  401f76:	89 ce                	mov    %ecx,%esi
  401f78:	89 7c 24 04          	mov    %edi,0x4(%rsp)
  401f7c:	48 89 e7             	mov    %rsp,%rdi
  401f7f:	e8 dc f1 ff ff       	call   401160 <get_available_features.constprop.0>
  401f84:	8b 04 24             	mov    (%rsp),%eax
  401f87:	8b 4c 24 04          	mov    0x4(%rsp),%ecx
  401f8b:	83 e8 10             	sub    $0x10,%eax
  401f8e:	83 f8 09             	cmp    $0x9,%eax
  401f91:	77 1b                	ja     401fae <__cpu_indicator_init+0x2be>
  401f93:	48 8d 15 da 13 00 00 	lea    0x13da(%rip),%rdx        # 403374 <__dso_handle+0x36c>
  401f9a:	48 63 04 82          	movslq (%rdx,%rax,4),%rax
  401f9e:	48 01 d0             	add    %rdx,%rax
  401fa1:	3e ff e0             	notrack jmp *%rax
  401fa4:	c7 05 a6 30 00 00 08 	movl   $0x8,0x30a6(%rip)        # 405054 <__cpu_model+0x4>
  401fab:	00 00 00 
  401fae:	b8 02 00 00 00       	mov    $0x2,%eax
  401fb3:	e9 e9 fd ff ff       	jmp    401da1 <__cpu_indicator_init+0xb1>
  401fb8:	b8 05 00 00 00       	mov    $0x5,%eax
  401fbd:	e9 df fd ff ff       	jmp    401da1 <__cpu_indicator_init+0xb1>
  401fc2:	c7 05 88 30 00 00 0f 	movl   $0xf,0x3088(%rip)        # 405054 <__cpu_model+0x4>
  401fc9:	00 00 00 
  401fcc:	83 f9 0f             	cmp    $0xf,%ecx
  401fcf:	0f 87 44 02 00 00    	ja     402219 <__cpu_indicator_init+0x529>
  401fd5:	c7 05 79 30 00 00 1a 	movl   $0x1a,0x3079(%rip)        # 405058 <__cpu_model+0x8>
  401fdc:	00 00 00 
  401fdf:	eb cd                	jmp    401fae <__cpu_indicator_init+0x2be>
  401fe1:	c7 05 69 30 00 00 0a 	movl   $0xa,0x3069(%rip)        # 405054 <__cpu_model+0x4>
  401fe8:	00 00 00 
  401feb:	83 f9 1f             	cmp    $0x1f,%ecx
  401fee:	0f 87 11 02 00 00    	ja     402205 <__cpu_indicator_init+0x515>
  401ff4:	c7 05 5a 30 00 00 0b 	movl   $0xb,0x305a(%rip)        # 405058 <__cpu_model+0x8>
  401ffb:	00 00 00 
  401ffe:	eb ae                	jmp    401fae <__cpu_indicator_init+0x2be>
  402000:	c7 05 4a 30 00 00 09 	movl   $0x9,0x304a(%rip)        # 405054 <__cpu_model+0x4>
  402007:	00 00 00 
  40200a:	eb a2                	jmp    401fae <__cpu_indicator_init+0x2be>
  40200c:	c7 05 3e 30 00 00 04 	movl   $0x4,0x303e(%rip)        # 405054 <__cpu_model+0x4>
  402013:	00 00 00 
  402016:	83 f9 04             	cmp    $0x4,%ecx
  402019:	0f 84 48 02 00 00    	je     402267 <__cpu_indicator_init+0x577>
  40201f:	83 f9 08             	cmp    $0x8,%ecx
  402022:	0f 84 30 02 00 00    	je     402258 <__cpu_indicator_init+0x568>
  402028:	83 f9 02             	cmp    $0x2,%ecx
  40202b:	75 81                	jne    401fae <__cpu_indicator_init+0x2be>
  40202d:	c7 05 21 30 00 00 04 	movl   $0x4,0x3021(%rip)        # 405058 <__cpu_model+0x8>
  402034:	00 00 00 
  402037:	e9 72 ff ff ff       	jmp    401fae <__cpu_indicator_init+0x2be>
  40203c:	c7 05 0e 30 00 00 05 	movl   $0x5,0x300e(%rip)        # 405054 <__cpu_model+0x4>
  402043:	00 00 00 
  402046:	83 f9 02             	cmp    $0x2,%ecx
  402049:	0f 84 a7 01 00 00    	je     4021f6 <__cpu_indicator_init+0x506>
  40204f:	83 f9 0f             	cmp    $0xf,%ecx
  402052:	0f 87 d8 01 00 00    	ja     402230 <__cpu_indicator_init+0x540>
  402058:	c7 05 f6 2f 00 00 07 	movl   $0x7,0x2ff6(%rip)        # 405058 <__cpu_model+0x8>
  40205f:	00 00 00 
  402062:	e9 47 ff ff ff       	jmp    401fae <__cpu_indicator_init+0x2be>
  402067:	c7 05 e3 2f 00 00 06 	movl   $0x6,0x2fe3(%rip)        # 405054 <__cpu_model+0x4>
  40206e:	00 00 00 
  402071:	e9 b9 fe ff ff       	jmp    401f2f <__cpu_indicator_init+0x23f>
  402076:	48 8b 05 53 13 00 00 	mov    0x1353(%rip),%rax        # 4033d0 <__dso_handle+0x3c8>
  40207d:	48 89 05 d0 2f 00 00 	mov    %rax,0x2fd0(%rip)        # 405054 <__cpu_model+0x4>
  402084:	e9 a6 fe ff ff       	jmp    401f2f <__cpu_indicator_init+0x23f>
  402089:	48 8b 05 38 13 00 00 	mov    0x1338(%rip),%rax        # 4033c8 <__dso_handle+0x3c0>
  402090:	48 89 05 bd 2f 00 00 	mov    %rax,0x2fbd(%rip)        # 405054 <__cpu_model+0x4>
  402097:	e9 93 fe ff ff       	jmp    401f2f <__cpu_indicator_init+0x23f>
  40209c:	48 8b 05 1d 13 00 00 	mov    0x131d(%rip),%rax        # 4033c0 <__dso_handle+0x3b8>
  4020a3:	48 89 05 aa 2f 00 00 	mov    %rax,0x2faa(%rip)        # 405054 <__cpu_model+0x4>
  4020aa:	e9 80 fe ff ff       	jmp    401f2f <__cpu_indicator_init+0x23f>
  4020af:	48 8b 05 4a 13 00 00 	mov    0x134a(%rip),%rax        # 403400 <__dso_handle+0x3f8>
  4020b6:	48 89 05 97 2f 00 00 	mov    %rax,0x2f97(%rip)        # 405054 <__cpu_model+0x4>
  4020bd:	e9 6d fe ff ff       	jmp    401f2f <__cpu_indicator_init+0x23f>
  4020c2:	c7 05 88 2f 00 00 0e 	movl   $0xe,0x2f88(%rip)        # 405054 <__cpu_model+0x4>
  4020c9:	00 00 00 
  4020cc:	e9 5e fe ff ff       	jmp    401f2f <__cpu_indicator_init+0x23f>
  4020d1:	48 8b 05 18 13 00 00 	mov    0x1318(%rip),%rax        # 4033f0 <__dso_handle+0x3e8>
  4020d8:	48 89 05 75 2f 00 00 	mov    %rax,0x2f75(%rip)        # 405054 <__cpu_model+0x4>
  4020df:	e9 4b fe ff ff       	jmp    401f2f <__cpu_indicator_init+0x23f>
  4020e4:	48 8b 05 bd 12 00 00 	mov    0x12bd(%rip),%rax        # 4033a8 <__dso_handle+0x3a0>
  4020eb:	48 89 05 62 2f 00 00 	mov    %rax,0x2f62(%rip)        # 405054 <__cpu_model+0x4>
  4020f2:	e9 38 fe ff ff       	jmp    401f2f <__cpu_indicator_init+0x23f>
  4020f7:	48 8b 05 ba 12 00 00 	mov    0x12ba(%rip),%rax        # 4033b8 <__dso_handle+0x3b0>
  4020fe:	48 89 05 4f 2f 00 00 	mov    %rax,0x2f4f(%rip)        # 405054 <__cpu_model+0x4>
  402105:	e9 25 fe ff ff       	jmp    401f2f <__cpu_indicator_init+0x23f>
  40210a:	48 8b 05 c7 12 00 00 	mov    0x12c7(%rip),%rax        # 4033d8 <__dso_handle+0x3d0>
  402111:	48 89 05 3c 2f 00 00 	mov    %rax,0x2f3c(%rip)        # 405054 <__cpu_model+0x4>
  402118:	e9 12 fe ff ff       	jmp    401f2f <__cpu_indicator_init+0x23f>
  40211d:	48 8b 05 d4 12 00 00 	mov    0x12d4(%rip),%rax        # 4033f8 <__dso_handle+0x3f0>
  402124:	48 89 05 29 2f 00 00 	mov    %rax,0x2f29(%rip)        # 405054 <__cpu_model+0x4>
  40212b:	e9 ff fd ff ff       	jmp    401f2f <__cpu_indicator_init+0x23f>
  402130:	48 8b 05 79 12 00 00 	mov    0x1279(%rip),%rax        # 4033b0 <__dso_handle+0x3a8>
  402137:	48 89 05 16 2f 00 00 	mov    %rax,0x2f16(%rip)        # 405054 <__cpu_model+0x4>
  40213e:	e9 ec fd ff ff       	jmp    401f2f <__cpu_indicator_init+0x23f>
  402143:	48 8b 05 9e 12 00 00 	mov    0x129e(%rip),%rax        # 4033e8 <__dso_handle+0x3e0>
  40214a:	48 89 05 03 2f 00 00 	mov    %rax,0x2f03(%rip)        # 405054 <__cpu_model+0x4>
  402151:	e9 d9 fd ff ff       	jmp    401f2f <__cpu_indicator_init+0x23f>
  402156:	c7 05 f4 2e 00 00 0c 	movl   $0xc,0x2ef4(%rip)        # 405054 <__cpu_model+0x4>
  40215d:	00 00 00 
  402160:	e9 ca fd ff ff       	jmp    401f2f <__cpu_indicator_init+0x23f>
  402165:	48 8b 05 74 12 00 00 	mov    0x1274(%rip),%rax        # 4033e0 <__dso_handle+0x3d8>
  40216c:	48 89 05 e1 2e 00 00 	mov    %rax,0x2ee1(%rip)        # 405054 <__cpu_model+0x4>
  402173:	e9 b7 fd ff ff       	jmp    401f2f <__cpu_indicator_init+0x23f>
  402178:	48 8b 05 21 12 00 00 	mov    0x1221(%rip),%rax        # 4033a0 <__dso_handle+0x398>
  40217f:	48 89 05 ce 2e 00 00 	mov    %rax,0x2ece(%rip)        # 405054 <__cpu_model+0x4>
  402186:	e9 a4 fd ff ff       	jmp    401f2f <__cpu_indicator_init+0x23f>
  40218b:	c7 05 bf 2e 00 00 0d 	movl   $0xd,0x2ebf(%rip)        # 405054 <__cpu_model+0x4>
  402192:	00 00 00 
  402195:	e9 95 fd ff ff       	jmp    401f2f <__cpu_indicator_init+0x23f>
  40219a:	48 8b 05 67 12 00 00 	mov    0x1267(%rip),%rax        # 403408 <__dso_handle+0x400>
  4021a1:	48 89 05 ac 2e 00 00 	mov    %rax,0x2eac(%rip)        # 405054 <__cpu_model+0x4>
  4021a8:	e9 82 fd ff ff       	jmp    401f2f <__cpu_indicator_init+0x23f>
  4021ad:	c7 05 9d 2e 00 00 0b 	movl   $0xb,0x2e9d(%rip)        # 405054 <__cpu_model+0x4>
  4021b4:	00 00 00 
  4021b7:	e9 73 fd ff ff       	jmp    401f2f <__cpu_indicator_init+0x23f>
  4021bc:	c7 05 8e 2e 00 00 07 	movl   $0x7,0x2e8e(%rip)        # 405054 <__cpu_model+0x4>
  4021c3:	00 00 00 
  4021c6:	e9 64 fd ff ff       	jmp    401f2f <__cpu_indicator_init+0x23f>
  4021cb:	c7 05 7f 2e 00 00 03 	movl   $0x3,0x2e7f(%rip)        # 405054 <__cpu_model+0x4>
  4021d2:	00 00 00 
  4021d5:	bf 24 00 00 00       	mov    $0x24,%edi
  4021da:	e8 61 ef ff ff       	call   401140 <has_cpu_feature.part.0.constprop.0>
  4021df:	85 c0                	test   %eax,%eax
  4021e1:	0f 84 b4 00 00 00    	je     40229b <__cpu_indicator_init+0x5ab>
  4021e7:	c7 05 67 2e 00 00 17 	movl   $0x17,0x2e67(%rip)        # 405058 <__cpu_model+0x8>
  4021ee:	00 00 00 
  4021f1:	e9 39 fd ff ff       	jmp    401f2f <__cpu_indicator_init+0x23f>
  4021f6:	c7 05 58 2e 00 00 08 	movl   $0x8,0x2e58(%rip)        # 405058 <__cpu_model+0x8>
  4021fd:	00 00 00 
  402200:	e9 a9 fd ff ff       	jmp    401fae <__cpu_indicator_init+0x2be>
  402205:	83 f9 2f             	cmp    $0x2f,%ecx
  402208:	76 6c                	jbe    402276 <__cpu_indicator_init+0x586>
  40220a:	c7 05 44 2e 00 00 14 	movl   $0x14,0x2e44(%rip)        # 405058 <__cpu_model+0x8>
  402211:	00 00 00 
  402214:	e9 95 fd ff ff       	jmp    401fae <__cpu_indicator_init+0x2be>
  402219:	bf 4e 00 00 00       	mov    $0x4e,%edi
  40221e:	e8 1d ef ff ff       	call   401140 <has_cpu_feature.part.0.constprop.0>
  402223:	85 c0                	test   %eax,%eax
  402225:	0f 85 aa fd ff ff    	jne    401fd5 <__cpu_indicator_init+0x2e5>
  40222b:	e9 7e fd ff ff       	jmp    401fae <__cpu_indicator_init+0x2be>
  402230:	83 f9 2f             	cmp    $0x2f,%ecx
  402233:	76 c1                	jbe    4021f6 <__cpu_indicator_init+0x506>
  402235:	83 f9 4f             	cmp    $0x4f,%ecx
  402238:	77 7e                	ja     4022b8 <__cpu_indicator_init+0x5c8>
  40223a:	c7 05 14 2e 00 00 09 	movl   $0x9,0x2e14(%rip)        # 405058 <__cpu_model+0x8>
  402241:	00 00 00 
  402244:	e9 65 fd ff ff       	jmp    401fae <__cpu_indicator_init+0x2be>
  402249:	c7 05 01 2e 00 00 02 	movl   $0x2,0x2e01(%rip)        # 405054 <__cpu_model+0x4>
  402250:	00 00 00 
  402253:	e9 d7 fc ff ff       	jmp    401f2f <__cpu_indicator_init+0x23f>
  402258:	c7 05 f6 2d 00 00 06 	movl   $0x6,0x2df6(%rip)        # 405058 <__cpu_model+0x8>
  40225f:	00 00 00 
  402262:	e9 47 fd ff ff       	jmp    401fae <__cpu_indicator_init+0x2be>
  402267:	c7 05 e7 2d 00 00 05 	movl   $0x5,0x2de7(%rip)        # 405058 <__cpu_model+0x8>
  40226e:	00 00 00 
  402271:	e9 38 fd ff ff       	jmp    401fae <__cpu_indicator_init+0x2be>
  402276:	bf 2c 00 00 00       	mov    $0x2c,%edi
  40227b:	e8 c0 ee ff ff       	call   401140 <has_cpu_feature.part.0.constprop.0>
  402280:	85 c0                	test   %eax,%eax
  402282:	75 86                	jne    40220a <__cpu_indicator_init+0x51a>
  402284:	bf 2d 00 00 00       	mov    $0x2d,%edi
  402289:	e8 b2 ee ff ff       	call   401140 <has_cpu_feature.part.0.constprop.0>
  40228e:	85 c0                	test   %eax,%eax
  402290:	0f 85 5e fd ff ff    	jne    401ff4 <__cpu_indicator_init+0x304>
  402296:	e9 13 fd ff ff       	jmp    401fae <__cpu_indicator_init+0x2be>
  40229b:	bf 22 00 00 00       	mov    $0x22,%edi
  4022a0:	e8 9b ee ff ff       	call   401140 <has_cpu_feature.part.0.constprop.0>
  4022a5:	85 c0                	test   %eax,%eax
  4022a7:	74 31                	je     4022da <__cpu_indicator_init+0x5ea>
  4022a9:	c7 05 a5 2d 00 00 15 	movl   $0x15,0x2da5(%rip)        # 405058 <__cpu_model+0x8>
  4022b0:	00 00 00 
  4022b3:	e9 77 fc ff ff       	jmp    401f2f <__cpu_indicator_init+0x23f>
  4022b8:	83 f9 7f             	cmp    $0x7f,%ecx
  4022bb:	76 0e                	jbe    4022cb <__cpu_indicator_init+0x5db>
  4022bd:	8b 35 99 2d 00 00    	mov    0x2d99(%rip),%esi        # 40505c <__cpu_model+0xc>
  4022c3:	f7 c6 00 04 00 00    	test   $0x400,%esi
  4022c9:	74 1e                	je     4022e9 <__cpu_indicator_init+0x5f9>
  4022cb:	c7 05 83 2d 00 00 0a 	movl   $0xa,0x2d83(%rip)        # 405058 <__cpu_model+0x8>
  4022d2:	00 00 00 
  4022d5:	e9 d4 fc ff ff       	jmp    401fae <__cpu_indicator_init+0x2be>
  4022da:	c7 05 74 2d 00 00 10 	movl   $0x10,0x2d74(%rip)        # 405058 <__cpu_model+0x8>
  4022e1:	00 00 00 
  4022e4:	e9 46 fc ff ff       	jmp    401f2f <__cpu_indicator_init+0x23f>
  4022e9:	bf 53 00 00 00       	mov    $0x53,%edi
  4022ee:	e8 4d ee ff ff       	call   401140 <has_cpu_feature.part.0.constprop.0>
  4022f3:	85 c0                	test   %eax,%eax
  4022f5:	0f 85 3f ff ff ff    	jne    40223a <__cpu_indicator_init+0x54a>
  4022fb:	f7 c6 00 00 01 00    	test   $0x10000,%esi
  402301:	0f 85 ef fe ff ff    	jne    4021f6 <__cpu_indicator_init+0x506>
  402307:	81 e6 00 20 00 00    	and    $0x2000,%esi
  40230d:	0f 85 45 fd ff ff    	jne    402058 <__cpu_indicator_init+0x368>
  402313:	e9 96 fc ff ff       	jmp    401fae <__cpu_indicator_init+0x2be>
  402318:	31 c0                	xor    %eax,%eax
  40231a:	c3                   	ret    

000000000040231b <.annobin_abi_note.c.hot>:
  40231b:	0f 1f 44 00 00       	nopl   0x0(%rax,%rax,1)

0000000000402320 <_start>:
  402320:	f3 0f 1e fa          	endbr64 
  402324:	31 ed                	xor    %ebp,%ebp
  402326:	49 89 d1             	mov    %rdx,%r9
  402329:	5e                   	pop    %rsi
  40232a:	48 89 e2             	mov    %rsp,%rdx
  40232d:	48 83 e4 f0          	and    $0xfffffffffffffff0,%rsp
  402331:	50                   	push   %rax
  402332:	54                   	push   %rsp
  402333:	45 31 c0             	xor    %r8d,%r8d
  402336:	31 c9                	xor    %ecx,%ecx
  402338:	48 c7 c7 50 10 40 00 	mov    $0x401050,%rdi
  40233f:	ff 15 ab 2c 00 00    	call   *0x2cab(%rip)        # 404ff0 <__libc_start_main@GLIBC_2.34>
  402345:	f4                   	hlt    

0000000000402346 <.annobin_abi_note.c>:
  402346:	66 2e 0f 1f 84 00 00 	cs nopw 0x0(%rax,%rax,1)
  40234d:	00 00 00 

0000000000402350 <_dl_relocate_static_pie>:
  402350:	f3 0f 1e fa          	endbr64 
  402354:	c3                   	ret    

0000000000402355 <.annobin__dl_relocate_static_pie.end>:
  402355:	66 2e 0f 1f 84 00 00 	cs nopw 0x0(%rax,%rax,1)
  40235c:	00 00 00 
  40235f:	90                   	nop

0000000000402360 <deregister_tm_clones>:
  402360:	b8 30 50 40 00       	mov    $0x405030,%eax
  402365:	48 3d 30 50 40 00    	cmp    $0x405030,%rax
  40236b:	74 13                	je     402380 <deregister_tm_clones+0x20>
  40236d:	b8 00 00 00 00       	mov    $0x0,%eax
  402372:	48 85 c0             	test   %rax,%rax
  402375:	74 09                	je     402380 <deregister_tm_clones+0x20>
  402377:	bf 30 50 40 00       	mov    $0x405030,%edi
  40237c:	ff e0                	jmp    *%rax
  40237e:	66 90                	xchg   %ax,%ax
  402380:	c3                   	ret    
  402381:	66 66 2e 0f 1f 84 00 	data16 cs nopw 0x0(%rax,%rax,1)
  402388:	00 00 00 00 
  40238c:	0f 1f 40 00          	nopl   0x0(%rax)

0000000000402390 <register_tm_clones>:
  402390:	be 30 50 40 00       	mov    $0x405030,%esi
  402395:	48 81 ee 30 50 40 00 	sub    $0x405030,%rsi
  40239c:	48 89 f0             	mov    %rsi,%rax
  40239f:	48 c1 ee 3f          	shr    $0x3f,%rsi
  4023a3:	48 c1 f8 03          	sar    $0x3,%rax
  4023a7:	48 01 c6             	add    %rax,%rsi
  4023aa:	48 d1 fe             	sar    %rsi
  4023ad:	74 11                	je     4023c0 <register_tm_clones+0x30>
  4023af:	b8 00 00 00 00       	mov    $0x0,%eax
  4023b4:	48 85 c0             	test   %rax,%rax
  4023b7:	74 07                	je     4023c0 <register_tm_clones+0x30>
  4023b9:	bf 30 50 40 00       	mov    $0x405030,%edi
  4023be:	ff e0                	jmp    *%rax
  4023c0:	c3                   	ret    
  4023c1:	66 66 2e 0f 1f 84 00 	data16 cs nopw 0x0(%rax,%rax,1)
  4023c8:	00 00 00 00 
  4023cc:	0f 1f 40 00          	nopl   0x0(%rax)

00000000004023d0 <__do_global_dtors_aux>:
  4023d0:	f3 0f 1e fa          	endbr64 
  4023d4:	80 3d 55 2c 00 00 00 	cmpb   $0x0,0x2c55(%rip)        # 405030 <__TMC_END__>
  4023db:	75 13                	jne    4023f0 <__do_global_dtors_aux+0x20>
  4023dd:	55                   	push   %rbp
  4023de:	48 89 e5             	mov    %rsp,%rbp
  4023e1:	e8 7a ff ff ff       	call   402360 <deregister_tm_clones>
  4023e6:	c6 05 43 2c 00 00 01 	movb   $0x1,0x2c43(%rip)        # 405030 <__TMC_END__>
  4023ed:	5d                   	pop    %rbp
  4023ee:	c3                   	ret    
  4023ef:	90                   	nop
  4023f0:	c3                   	ret    
  4023f1:	66 66 2e 0f 1f 84 00 	data16 cs nopw 0x0(%rax,%rax,1)
  4023f8:	00 00 00 00 
  4023fc:	0f 1f 40 00          	nopl   0x0(%rax)

0000000000402400 <frame_dummy>:
  402400:	f3 0f 1e fa          	endbr64 
  402404:	eb 8a                	jmp    402390 <register_tm_clones>
  402406:	66 2e 0f 1f 84 00 00 	cs nopw 0x0(%rax,%rax,1)
  40240d:	00 00 00 

0000000000402410 <set_cpu_feature.constprop.0>:
  402410:	89 f9                	mov    %edi,%ecx
  402412:	31 c0                	xor    %eax,%eax
  402414:	83 ff 3f             	cmp    $0x3f,%edi
  402417:	76 08                	jbe    402421 <set_cpu_feature.constprop.0+0x11>
  402419:	83 ff 60             	cmp    $0x60,%edi
  40241c:	19 c0                	sbb    %eax,%eax
  40241e:	83 c0 02             	add    $0x2,%eax
  402421:	48 8d 35 18 2c 00 00 	lea    0x2c18(%rip),%rsi        # 405040 <__cpu_features2>
  402428:	ba 01 00 00 00       	mov    $0x1,%edx
  40242d:	d3 e2                	shl    %cl,%edx
  40242f:	09 14 86             	or     %edx,(%rsi,%rax,4)
  402432:	c3                   	ret    

Disassembly of section .fini:

0000000000402434 <_fini>:
  402434:	f3 0f 1e fa          	endbr64 
  402438:	48 83 ec 08          	sub    $0x8,%rsp
  40243c:	48 83 c4 08          	add    $0x8,%rsp
  402440:	c3                   	ret    
