
bin/div_four_independent_vectors_avx512f:     file format elf64-x86-64


Disassembly of section .init:

0000000000401000 <_init>:
  401000:	f3 0f 1e fa          	endbr64 
  401004:	48 83 ec 08          	sub    $0x8,%rsp
  401008:	48 8b 05 e9 3f 00 00 	mov    0x3fe9(%rip),%rax        # 404ff8 <__gmon_start__@Base>
  40100f:	48 85 c0             	test   %rax,%rax
  401012:	74 02                	je     401016 <_init+0x16>
  401014:	ff d0                	call   *%rax
  401016:	48 83 c4 08          	add    $0x8,%rsp
  40101a:	c3                   	ret    

Disassembly of section .plt:

0000000000401020 <puts@plt-0x10>:
  401020:	ff 35 e2 3f 00 00    	push   0x3fe2(%rip)        # 405008 <_GLOBAL_OFFSET_TABLE_+0x8>
  401026:	ff 25 e4 3f 00 00    	jmp    *0x3fe4(%rip)        # 405010 <_GLOBAL_OFFSET_TABLE_+0x10>
  40102c:	0f 1f 40 00          	nopl   0x0(%rax)

0000000000401030 <puts@plt>:
  401030:	ff 25 e2 3f 00 00    	jmp    *0x3fe2(%rip)        # 405018 <puts@GLIBC_2.2.5>
  401036:	68 00 00 00 00       	push   $0x0
  40103b:	e9 e0 ff ff ff       	jmp    401020 <_init+0x20>

0000000000401040 <printf@plt>:
  401040:	ff 25 da 3f 00 00    	jmp    *0x3fda(%rip)        # 405020 <printf@GLIBC_2.2.5>
  401046:	68 01 00 00 00       	push   $0x1
  40104b:	e9 d0 ff ff ff       	jmp    401020 <_init+0x20>

Disassembly of section .text:

0000000000401050 <main>:
*/

#include <stdio.h>
#include <immintrin.h>

int main(void) {
  401050:	4c 8d 54 24 08       	lea    0x8(%rsp),%r10
  401055:	48 83 e4 c0          	and    $0xffffffffffffffc0,%rsp
  401059:	41 ff 72 f8          	push   -0x8(%r10)
  40105d:	55                   	push   %rbp
  40105e:	48 89 e5             	mov    %rsp,%rbp
  401061:	41 52                	push   %r10
  401063:	53                   	push   %rbx
  401064:	48 81 ec 20 01 00 00 	sub    $0x120,%rsp
  const unsigned long long int N = (unsigned long long int) 4.0e9;
  unsigned long long int i;
  if( ! __builtin_cpu_supports("avx512f")) {
  40106b:	f6 05 eb 3f 00 00 80 	testb  $0x80,0x3feb(%rip)        # 40505d <__cpu_model+0xd>
  401072:	0f 84 df 00 00 00    	je     401157 <main+0x107>
  divv[1] = _mm512_set_pd(1.0000000002, 1.0000000001, 1.0000000004, 1.0000000003, 1.0000000008, 1.0000000006, 1.0000000007, 1.0000000005);
  divv[2] = _mm512_set_pd(1.0000000008, 1.0000000001, 1.0000000004, 1.0000000003, 1.0000000008, 1.0000000006, 1.0000000007, 1.0000000002);
  divv[3] = _mm512_set_pd(1.0000000006, 1.0000000001, 1.0000000004, 1.0000000003, 1.0000000008, 1.0000000002, 1.0000000007, 1.0000000005);
  av[0] =  _mm512_set_pd(1.49182474713380642, 2.22554107607292417, 3.32011725278397885, 4.95303308049624480, 7.38905732167703544, 11.02317856826629416, 16.44465057627291671, 24.53253668079271677);
  av[1] =  _mm512_set_pd(2.22554107607292417, 1.49182474713380642, 4.95303308049624480, 3.32011725278397885, 24.53253668079271677, 11.02317856826629416, 16.44465057627291671, 7.38905732167703544);
  av[2] =  _mm512_set_pd(7.38905732167703544, 1.49182474713380642, 4.95303308049624480, 3.32011725278397885, 24.53253668079271677, 11.02317856826629416, 16.44465057627291671, 2.22554107607292417);
  401078:	62 f1 fd 48 28 0d fe 	vmovapd 0x1ffe(%rip),%zmm1        # 403080 <__dso_handle+0x78>
  40107f:	1f 00 00 
  401082:	bb 00 ca 9a 3b       	mov    $0x3b9aca00,%ebx
  av[1] =  _mm512_set_pd(2.22554107607292417, 1.49182474713380642, 4.95303308049624480, 3.32011725278397885, 24.53253668079271677, 11.02317856826629416, 16.44465057627291671, 7.38905732167703544);
  401087:	62 f1 fd 48 28 15 2f 	vmovapd 0x202f(%rip),%zmm2        # 4030c0 <__dso_handle+0xb8>
  40108e:	20 00 00 
  av[0] =  _mm512_set_pd(1.49182474713380642, 2.22554107607292417, 3.32011725278397885, 4.95303308049624480, 7.38905732167703544, 11.02317856826629416, 16.44465057627291671, 24.53253668079271677);
  401091:	62 f1 fd 48 28 1d 65 	vmovapd 0x2065(%rip),%zmm3        # 403100 <__dso_handle+0xf8>
  401098:	20 00 00 
  av[3] =  _mm512_set_pd(11.02317856826629416, 1.49182474713380642, 4.95303308049624480, 3.32011725278397885, 24.53253668079271677, 2.22554107607292417, 16.44465057627291671, 7.38905732167703544);
  40109b:	62 f1 fd 48 28 05 9b 	vmovapd 0x209b(%rip),%zmm0        # 403140 <__dso_handle+0x138>
  4010a2:	20 00 00 
  4010a5:	62 f1 fd 48 28 3d d1 	vmovapd 0x20d1(%rip),%zmm7        # 403180 <__dso_handle+0x178>
  4010ac:	20 00 00 
  4010af:	62 f1 fd 48 28 35 07 	vmovapd 0x2107(%rip),%zmm6        # 4031c0 <__dso_handle+0x1b8>
  4010b6:	21 00 00 
  4010b9:	62 f1 fd 48 28 2d 3d 	vmovapd 0x213d(%rip),%zmm5        # 403200 <__dso_handle+0x1f8>
  4010c0:	21 00 00 
  4010c3:	62 f1 fd 48 28 25 73 	vmovapd 0x2173(%rip),%zmm4        # 403240 <__dso_handle+0x238>
  4010ca:	21 00 00 
  4010cd:	0f 1f 00             	nopl   (%rax)

extern __inline __m512d
__attribute__ ((__gnu_inline__, __always_inline__, __artificial__))
_mm512_div_pd (__m512d __M, __m512d __V)
{
  return (__m512d) ((__v8df)__M / (__v8df)__V);
  4010d0:	62 f1 e5 48 5e df    	vdivpd %zmm7,%zmm3,%zmm3
  4010d6:	62 f1 ed 48 5e d6    	vdivpd %zmm6,%zmm2,%zmm2
  4010dc:	62 f1 f5 48 5e cd    	vdivpd %zmm5,%zmm1,%zmm1
  4010e2:	62 f1 fd 48 5e c4    	vdivpd %zmm4,%zmm0,%zmm0
  __attribute__ ((aligned (64))) double out[8*4];

  for(i=0; i<N/4; ++i) {
  4010e8:	48 83 eb 01          	sub    $0x1,%rbx
  4010ec:	75 e2                	jne    4010d0 <main+0x80>
  *(__m512d *) __P = __A;
  4010ee:	62 f1 fd 48 29 9d d0 	vmovapd %zmm3,-0x130(%rbp)
  4010f5:	fe ff ff 
  4010f8:	62 f1 fd 48 29 95 10 	vmovapd %zmm2,-0xf0(%rbp)
  4010ff:	ff ff ff 
  401102:	62 f1 fd 48 29 8d 50 	vmovapd %zmm1,-0xb0(%rbp)
  401109:	ff ff ff 
  40110c:	62 f1 fd 48 29 85 90 	vmovapd %zmm0,-0x70(%rbp)
  401113:	ff ff ff 

  _mm512_store_pd(out, av[0]);
  _mm512_store_pd(out+8, av[1]);
  _mm512_store_pd(out+16, av[2]);
  _mm512_store_pd(out+24, av[3]);
  for (i=0; i<8*4; ++i) {
  401116:	c5 f8 77             	vzeroupper 
  401119:	0f 1f 80 00 00 00 00 	nopl   0x0(%rax)
    printf("%llu %.17f\n", i, out[i]);
  401120:	48 89 de             	mov    %rbx,%rsi
  401123:	bf 37 30 40 00       	mov    $0x403037,%edi
  401128:	b8 01 00 00 00       	mov    $0x1,%eax
  40112d:	c5 fb 10 84 dd d0 fe 	vmovsd -0x130(%rbp,%rbx,8),%xmm0
  401134:	ff ff 
  for (i=0; i<8*4; ++i) {
  401136:	48 83 c3 01          	add    $0x1,%rbx
    printf("%llu %.17f\n", i, out[i]);
  40113a:	e8 01 ff ff ff       	call   401040 <printf@plt>
  for (i=0; i<8*4; ++i) {
  40113f:	48 83 fb 20          	cmp    $0x20,%rbx
  401143:	75 db                	jne    401120 <main+0xd0>
  }

  return 0;
  401145:	31 c0                	xor    %eax,%eax
}
  401147:	48 81 c4 20 01 00 00 	add    $0x120,%rsp
  40114e:	5b                   	pop    %rbx
  40114f:	41 5a                	pop    %r10
  401151:	5d                   	pop    %rbp
  401152:	49 8d 62 f8          	lea    -0x8(%r10),%rsp
  401156:	c3                   	ret    
    printf("CPU does not support avx512f, exiting.\n");
  401157:	bf 10 30 40 00       	mov    $0x403010,%edi
  40115c:	e8 cf fe ff ff       	call   401030 <puts@plt>
    return 1;
  401161:	b8 01 00 00 00       	mov    $0x1,%eax
  401166:	eb df                	jmp    401147 <main+0xf7>
  401168:	0f 1f 84 00 00 00 00 	nopl   0x0(%rax,%rax,1)
  40116f:	00 

0000000000401170 <has_cpu_feature.part.0.constprop.0>:
  401170:	89 f9                	mov    %edi,%ecx
  401172:	b8 01 00 00 00       	mov    $0x1,%eax
  401177:	48 8d 15 c2 3e 00 00 	lea    0x3ec2(%rip),%rdx        # 405040 <__cpu_features2>
  40117e:	d3 e0                	shl    %cl,%eax
  401180:	83 ff 3f             	cmp    $0x3f,%edi
  401183:	0f 97 c1             	seta   %cl
  401186:	0f b6 c9             	movzbl %cl,%ecx
  401189:	23 04 8a             	and    (%rdx,%rcx,4),%eax
  40118c:	c3                   	ret    
  40118d:	0f 1f 00             	nopl   (%rax)

0000000000401190 <get_available_features.constprop.0>:
  401190:	41 55                	push   %r13
  401192:	49 89 fa             	mov    %rdi,%r10
  401195:	41 89 f0             	mov    %esi,%r8d
  401198:	41 89 d1             	mov    %edx,%r9d
  40119b:	41 54                	push   %r12
  40119d:	55                   	push   %rbp
  40119e:	53                   	push   %rbx
  40119f:	89 f3                	mov    %esi,%ebx
  4011a1:	48 83 ec 08          	sub    $0x8,%rsp
  4011a5:	8b 6f 08             	mov    0x8(%rdi),%ebp
  4011a8:	81 e3 00 00 00 08    	and    $0x8000000,%ebx
  4011ae:	74 2c                	je     4011dc <get_available_features.constprop.0+0x4c>
  4011b0:	31 c9                	xor    %ecx,%ecx
  4011b2:	0f 01 d0             	xgetbv 
  4011b5:	89 c2                	mov    %eax,%edx
  4011b7:	83 e2 06             	and    $0x6,%edx
  4011ba:	83 fa 06             	cmp    $0x6,%edx
  4011bd:	0f 84 7a 06 00 00    	je     40183d <get_available_features.constprop.0+0x6ad>
  4011c3:	45 31 e4             	xor    %r12d,%r12d
  4011c6:	45 31 db             	xor    %r11d,%r11d
  4011c9:	25 00 00 06 00       	and    $0x60000,%eax
  4011ce:	45 31 ed             	xor    %r13d,%r13d
  4011d1:	3d 00 00 06 00       	cmp    $0x60000,%eax
  4011d6:	41 0f 94 c5          	sete   %r13b
  4011da:	eb 09                	jmp    4011e5 <get_available_features.constprop.0+0x55>
  4011dc:	45 31 ed             	xor    %r13d,%r13d
  4011df:	45 31 e4             	xor    %r12d,%r12d
  4011e2:	45 31 db             	xor    %r11d,%r11d
  4011e5:	41 f7 c1 00 80 00 00 	test   $0x8000,%r9d
  4011ec:	0f 85 5e 05 00 00    	jne    401750 <get_available_features.constprop.0+0x5c0>
  4011f2:	41 f7 c1 00 00 80 00 	test   $0x800000,%r9d
  4011f9:	0f 85 45 05 00 00    	jne    401744 <get_available_features.constprop.0+0x5b4>
  4011ff:	41 f7 c1 00 00 00 02 	test   $0x2000000,%r9d
  401206:	0f 85 7a 05 00 00    	jne    401786 <get_available_features.constprop.0+0x5f6>
  40120c:	41 f7 c1 00 00 00 04 	test   $0x4000000,%r9d
  401213:	0f 85 61 05 00 00    	jne    40177a <get_available_features.constprop.0+0x5ea>
  401219:	41 f7 c1 00 01 00 00 	test   $0x100,%r9d
  401220:	0f 85 45 05 00 00    	jne    40176b <get_available_features.constprop.0+0x5db>
  401226:	41 81 e1 00 00 00 01 	and    $0x1000000,%r9d
  40122d:	0f 85 29 05 00 00    	jne    40175c <get_available_features.constprop.0+0x5cc>
  401233:	41 f7 c0 00 00 80 00 	test   $0x800000,%r8d
  40123a:	0f 85 f1 05 00 00    	jne    401831 <get_available_features.constprop.0+0x6a1>
  401240:	45 89 c1             	mov    %r8d,%r9d
  401243:	41 81 e1 00 00 00 02 	and    $0x2000000,%r9d
  40124a:	0f 85 d2 05 00 00    	jne    401822 <get_available_features.constprop.0+0x692>
  401250:	41 f6 c0 02          	test   $0x2,%r8b
  401254:	0f 85 b9 05 00 00    	jne    401813 <get_available_features.constprop.0+0x683>
  40125a:	41 f6 c0 01          	test   $0x1,%r8b
  40125e:	0f 85 a3 05 00 00    	jne    401807 <get_available_features.constprop.0+0x677>
  401264:	41 f7 c0 00 02 00 00 	test   $0x200,%r8d
  40126b:	0f 85 8a 05 00 00    	jne    4017fb <get_available_features.constprop.0+0x66b>
  401271:	41 f7 c0 00 00 08 00 	test   $0x80000,%r8d
  401278:	0f 85 6e 05 00 00    	jne    4017ec <get_available_features.constprop.0+0x65c>
  40127e:	41 f7 c0 00 00 10 00 	test   $0x100000,%r8d
  401285:	0f 85 52 05 00 00    	jne    4017dd <get_available_features.constprop.0+0x64d>
  40128b:	85 db                	test   %ebx,%ebx
  40128d:	0f 85 3b 05 00 00    	jne    4017ce <get_available_features.constprop.0+0x63e>
  401293:	41 f7 c0 00 20 00 00 	test   $0x2000,%r8d
  40129a:	0f 85 1f 05 00 00    	jne    4017bf <get_available_features.constprop.0+0x62f>
  4012a0:	41 f7 c0 00 00 40 00 	test   $0x400000,%r8d
  4012a7:	0f 85 03 05 00 00    	jne    4017b0 <get_available_features.constprop.0+0x620>
  4012ad:	45 85 c9             	test   %r9d,%r9d
  4012b0:	0f 85 eb 04 00 00    	jne    4017a1 <get_available_features.constprop.0+0x611>
  4012b6:	41 f7 c0 00 00 00 40 	test   $0x40000000,%r8d
  4012bd:	0f 85 cf 04 00 00    	jne    401792 <get_available_features.constprop.0+0x602>
  4012c3:	41 f7 c0 00 00 00 04 	test   $0x4000000,%r8d
  4012ca:	0f 85 65 04 00 00    	jne    401735 <get_available_features.constprop.0+0x5a5>
  4012d0:	45 85 db             	test   %r11d,%r11d
  4012d3:	74 27                	je     4012fc <get_available_features.constprop.0+0x16c>
  4012d5:	41 f7 c0 00 00 00 10 	test   $0x10000000,%r8d
  4012dc:	0f 85 d0 06 00 00    	jne    4019b2 <get_available_features.constprop.0+0x822>
  4012e2:	41 f7 c0 00 10 00 00 	test   $0x1000,%r8d
  4012e9:	0f 85 d2 06 00 00    	jne    4019c1 <get_available_features.constprop.0+0x831>
  4012ef:	41 81 e0 00 00 00 20 	and    $0x20000000,%r8d
  4012f6:	0f 85 d4 06 00 00    	jne    4019d0 <get_available_features.constprop.0+0x840>
  4012fc:	83 fd 06             	cmp    $0x6,%ebp
  4012ff:	0f 86 0b 03 00 00    	jbe    401610 <get_available_features.constprop.0+0x480>
  401305:	b8 07 00 00 00       	mov    $0x7,%eax
  40130a:	31 c9                	xor    %ecx,%ecx
  40130c:	0f a2                	cpuid  
  40130e:	41 89 d1             	mov    %edx,%r9d
  401311:	41 89 c8             	mov    %ecx,%r8d
  401314:	f6 c3 08             	test   $0x8,%bl
  401317:	0f 85 0d 07 00 00    	jne    401a2a <get_available_features.constprop.0+0x89a>
  40131d:	f6 c3 04             	test   $0x4,%bl
  401320:	0f 85 13 07 00 00    	jne    401a39 <get_available_features.constprop.0+0x8a9>
  401326:	f6 c3 10             	test   $0x10,%bl
  401329:	0f 85 19 07 00 00    	jne    401a48 <get_available_features.constprop.0+0x8b8>
  40132f:	f6 c7 08             	test   $0x8,%bh
  401332:	0f 85 6b 06 00 00    	jne    4019a3 <get_available_features.constprop.0+0x813>
  401338:	45 85 db             	test   %r11d,%r11d
  40133b:	74 23                	je     401360 <get_available_features.constprop.0+0x1d0>
  40133d:	f6 c3 20             	test   $0x20,%bl
  401340:	0f 85 8c 08 00 00    	jne    401bd2 <get_available_features.constprop.0+0xa42>
  401346:	41 f7 c0 00 04 00 00 	test   $0x400,%r8d
  40134d:	0f 85 ad 07 00 00    	jne    401b00 <get_available_features.constprop.0+0x970>
  401353:	41 f7 c0 00 02 00 00 	test   $0x200,%r8d
  40135a:	0f 85 91 07 00 00    	jne    401af1 <get_available_features.constprop.0+0x961>
  401360:	f6 c7 01             	test   $0x1,%bh
  401363:	0f 85 2c 05 00 00    	jne    401895 <get_available_features.constprop.0+0x705>
  401369:	f6 c3 01             	test   $0x1,%bl
  40136c:	0f 85 32 05 00 00    	jne    4018a4 <get_available_features.constprop.0+0x714>
  401372:	f7 c3 00 00 04 00    	test   $0x40000,%ebx
  401378:	0f 85 9d 06 00 00    	jne    401a1b <get_available_features.constprop.0+0x88b>
  40137e:	f7 c3 00 00 08 00    	test   $0x80000,%ebx
  401384:	0f 85 73 06 00 00    	jne    4019fd <get_available_features.constprop.0+0x86d>
  40138a:	f7 c3 00 00 00 20    	test   $0x20000000,%ebx
  401390:	0f 85 76 06 00 00    	jne    401a0c <get_available_features.constprop.0+0x87c>
  401396:	f7 c3 00 00 80 00    	test   $0x800000,%ebx
  40139c:	0f 85 11 05 00 00    	jne    4018b3 <get_available_features.constprop.0+0x723>
  4013a2:	f7 c3 00 00 00 01    	test   $0x1000000,%ebx
  4013a8:	0f 85 14 05 00 00    	jne    4018c2 <get_available_features.constprop.0+0x732>
  4013ae:	41 f6 c0 01          	test   $0x1,%r8b
  4013b2:	0f 85 19 05 00 00    	jne    4018d1 <get_available_features.constprop.0+0x741>
  4013b8:	41 f6 c0 10          	test   $0x10,%r8b
  4013bc:	0f 85 1e 05 00 00    	jne    4018e0 <get_available_features.constprop.0+0x750>
  4013c2:	41 f7 c0 00 00 40 00 	test   $0x400000,%r8d
  4013c9:	0f 85 20 05 00 00    	jne    4018ef <get_available_features.constprop.0+0x75f>
  4013cf:	41 f7 c0 00 01 00 00 	test   $0x100,%r8d
  4013d6:	0f 85 22 05 00 00    	jne    4018fe <get_available_features.constprop.0+0x76e>
  4013dc:	41 f7 c0 00 00 00 08 	test   $0x8000000,%r8d
  4013e3:	0f 85 24 05 00 00    	jne    40190d <get_available_features.constprop.0+0x77d>
  4013e9:	41 f7 c0 00 00 00 10 	test   $0x10000000,%r8d
  4013f0:	0f 85 26 05 00 00    	jne    40191c <get_available_features.constprop.0+0x78c>
  4013f6:	41 f7 c0 00 00 00 20 	test   $0x20000000,%r8d
  4013fd:	0f 85 28 05 00 00    	jne    40192b <get_available_features.constprop.0+0x79b>
  401403:	41 f7 c0 00 00 00 02 	test   $0x2000000,%r8d
  40140a:	0f 85 2a 05 00 00    	jne    40193a <get_available_features.constprop.0+0x7aa>
  401410:	41 f6 c0 20          	test   $0x20,%r8b
  401414:	0f 85 2f 05 00 00    	jne    401949 <get_available_features.constprop.0+0x7b9>
  40141a:	41 f6 c0 80          	test   $0x80,%r8b
  40141e:	0f 85 34 05 00 00    	jne    401958 <get_available_features.constprop.0+0x7c8>
  401424:	41 f7 c1 00 40 00 00 	test   $0x4000,%r9d
  40142b:	0f 85 36 05 00 00    	jne    401967 <get_available_features.constprop.0+0x7d7>
  401431:	41 f7 c1 00 00 01 00 	test   $0x10000,%r9d
  401438:	0f 85 38 05 00 00    	jne    401976 <get_available_features.constprop.0+0x7e6>
  40143e:	41 f7 c1 00 00 04 00 	test   $0x40000,%r9d
  401445:	0f 85 3a 05 00 00    	jne    401985 <get_available_features.constprop.0+0x7f5>
  40144b:	41 f7 c1 00 00 10 00 	test   $0x100000,%r9d
  401452:	0f 85 3c 05 00 00    	jne    401994 <get_available_features.constprop.0+0x804>
  401458:	41 f6 c1 20          	test   $0x20,%r9b
  40145c:	0f 85 fb 03 00 00    	jne    40185d <get_available_features.constprop.0+0x6cd>
  401462:	45 85 ed             	test   %r13d,%r13d
  401465:	74 27                	je     40148e <get_available_features.constprop.0+0x2fe>
  401467:	41 f7 c1 00 00 00 01 	test   $0x1000000,%r9d
  40146e:	0f 85 40 07 00 00    	jne    401bb4 <get_available_features.constprop.0+0xa24>
  401474:	41 f7 c1 00 00 00 02 	test   $0x2000000,%r9d
  40147b:	0f 85 61 06 00 00    	jne    401ae2 <get_available_features.constprop.0+0x952>
  401481:	41 f7 c1 00 00 40 00 	test   $0x400000,%r9d
  401488:	0f 85 45 06 00 00    	jne    401ad3 <get_available_features.constprop.0+0x943>
  40148e:	45 85 e4             	test   %r12d,%r12d
  401491:	0f 84 67 02 00 00    	je     4016fe <get_available_features.constprop.0+0x56e>
  401497:	f7 c3 00 00 01 00    	test   $0x10000,%ebx
  40149d:	0f 85 20 07 00 00    	jne    401bc3 <get_available_features.constprop.0+0xa33>
  4014a3:	85 db                	test   %ebx,%ebx
  4014a5:	0f 88 c0 07 00 00    	js     401c6b <get_available_features.constprop.0+0xadb>
  4014ab:	f7 c3 00 00 00 40    	test   $0x40000000,%ebx
  4014b1:	0f 85 84 07 00 00    	jne    401c3b <get_available_features.constprop.0+0xaab>
  4014b7:	f7 c3 00 00 02 00    	test   $0x20000,%ebx
  4014bd:	0f 85 69 07 00 00    	jne    401c2c <get_available_features.constprop.0+0xa9c>
  4014c3:	f7 c3 00 00 00 10    	test   $0x10000000,%ebx
  4014c9:	0f 85 4e 07 00 00    	jne    401c1d <get_available_features.constprop.0+0xa8d>
  4014cf:	f7 c3 00 00 00 04    	test   $0x4000000,%ebx
  4014d5:	0f 85 33 07 00 00    	jne    401c0e <get_available_features.constprop.0+0xa7e>
  4014db:	f7 c3 00 00 00 08    	test   $0x8000000,%ebx
  4014e1:	0f 85 18 07 00 00    	jne    401bff <get_available_features.constprop.0+0xa6f>
  4014e7:	81 e3 00 00 20 00    	and    $0x200000,%ebx
  4014ed:	0f 85 fd 06 00 00    	jne    401bf0 <get_available_features.constprop.0+0xa60>
  4014f3:	41 f6 c0 02          	test   $0x2,%r8b
  4014f7:	0f 85 e4 06 00 00    	jne    401be1 <get_available_features.constprop.0+0xa51>
  4014fd:	41 f6 c0 40          	test   $0x40,%r8b
  401501:	0f 85 71 06 00 00    	jne    401b78 <get_available_features.constprop.0+0x9e8>
  401507:	41 f7 c0 00 08 00 00 	test   $0x800,%r8d
  40150e:	0f 85 55 06 00 00    	jne    401b69 <get_available_features.constprop.0+0x9d9>
  401514:	41 f7 c0 00 10 00 00 	test   $0x1000,%r8d
  40151b:	0f 85 39 06 00 00    	jne    401b5a <get_available_features.constprop.0+0x9ca>
  401521:	41 f7 c0 00 40 00 00 	test   $0x4000,%r8d
  401528:	0f 85 1d 06 00 00    	jne    401b4b <get_available_features.constprop.0+0x9bb>
  40152e:	41 f6 c1 04          	test   $0x4,%r9b
  401532:	0f 85 04 06 00 00    	jne    401b3c <get_available_features.constprop.0+0x9ac>
  401538:	41 f6 c1 08          	test   $0x8,%r9b
  40153c:	0f 85 eb 05 00 00    	jne    401b2d <get_available_features.constprop.0+0x99d>
  401542:	41 f7 c1 00 01 00 00 	test   $0x100,%r9d
  401549:	0f 85 cf 05 00 00    	jne    401b1e <get_available_features.constprop.0+0x98e>
  40154f:	41 81 e1 00 00 80 00 	and    $0x800000,%r9d
  401556:	0f 85 b3 05 00 00    	jne    401b0f <get_available_features.constprop.0+0x97f>
  40155c:	b8 07 00 00 00       	mov    $0x7,%eax
  401561:	b9 01 00 00 00       	mov    $0x1,%ecx
  401566:	0f a2                	cpuid  
  401568:	41 89 c1             	mov    %eax,%r9d
  40156b:	a9 00 00 40 00       	test   $0x400000,%eax
  401570:	0f 85 4e 05 00 00    	jne    401ac4 <get_available_features.constprop.0+0x934>
  401576:	45 85 db             	test   %r11d,%r11d
  401579:	74 0a                	je     401585 <get_available_features.constprop.0+0x3f5>
  40157b:	41 f6 c1 10          	test   $0x10,%r9b
  40157f:	0f 85 6d 07 00 00    	jne    401cf2 <get_available_features.constprop.0+0xb62>
  401585:	41 80 e1 20          	and    $0x20,%r9b
  401589:	0f 85 c8 04 00 00    	jne    401a57 <get_available_features.constprop.0+0x8c7>
  40158f:	83 fd 0c             	cmp    $0xc,%ebp
  401592:	76 7c                	jbe    401610 <get_available_features.constprop.0+0x480>
  401594:	41 b9 0d 00 00 00    	mov    $0xd,%r9d
  40159a:	b9 01 00 00 00       	mov    $0x1,%ecx
  40159f:	44 89 c8             	mov    %r9d,%eax
  4015a2:	0f a2                	cpuid  
  4015a4:	41 89 c1             	mov    %eax,%r9d
  4015a7:	a8 01                	test   $0x1,%al
  4015a9:	0f 85 f6 05 00 00    	jne    401ba5 <get_available_features.constprop.0+0xa15>
  4015af:	41 f6 c1 02          	test   $0x2,%r9b
  4015b3:	0f 85 dd 05 00 00    	jne    401b96 <get_available_features.constprop.0+0xa06>
  4015b9:	41 80 e1 08          	and    $0x8,%r9b
  4015bd:	0f 85 c4 05 00 00    	jne    401b87 <get_available_features.constprop.0+0x9f7>
  4015c3:	83 fd 13             	cmp    $0x13,%ebp
  4015c6:	76 48                	jbe    401610 <get_available_features.constprop.0+0x480>
  4015c8:	b8 14 00 00 00       	mov    $0x14,%eax
  4015cd:	31 c9                	xor    %ecx,%ecx
  4015cf:	0f a2                	cpuid  
  4015d1:	80 e3 10             	and    $0x10,%bl
  4015d4:	0f 85 eb 06 00 00    	jne    401cc5 <get_available_features.constprop.0+0xb35>
  4015da:	83 fd 18             	cmp    $0x18,%ebp
  4015dd:	76 31                	jbe    401610 <get_available_features.constprop.0+0x480>
  4015df:	b8 19 00 00 00       	mov    $0x19,%eax
  4015e4:	0f a2                	cpuid  
  4015e6:	f6 c3 01             	test   $0x1,%bl
  4015e9:	74 25                	je     401610 <get_available_features.constprop.0+0x480>
  4015eb:	bf 5b 00 00 00       	mov    $0x5b,%edi
  4015f0:	e8 4b 0e 00 00       	call   402440 <set_cpu_feature.constprop.0>
  4015f5:	80 e3 04             	and    $0x4,%bl
  4015f8:	0f 85 03 07 00 00    	jne    401d01 <get_available_features.constprop.0+0xb71>
  4015fe:	41 81 e0 00 00 80 00 	and    $0x800000,%r8d
  401605:	0f 85 05 07 00 00    	jne    401d10 <get_available_features.constprop.0+0xb80>
  40160b:	0f 1f 44 00 00       	nopl   0x0(%rax,%rax,1)
  401610:	b8 00 00 00 80       	mov    $0x80000000,%eax
  401615:	0f a2                	cpuid  
  401617:	41 89 42 0c          	mov    %eax,0xc(%r10)
  40161b:	41 89 c0             	mov    %eax,%r8d
  40161e:	3d 00 00 00 80       	cmp    $0x80000000,%eax
  401623:	0f 86 ca 00 00 00    	jbe    4016f3 <get_available_features.constprop.0+0x563>
  401629:	b8 01 00 00 80       	mov    $0x80000001,%eax
  40162e:	0f a2                	cpuid  
  401630:	41 89 d2             	mov    %edx,%r10d
  401633:	41 89 c9             	mov    %ecx,%r9d
  401636:	f6 c1 40             	test   $0x40,%cl
  401639:	0f 85 a0 03 00 00    	jne    4019df <get_available_features.constprop.0+0x84f>
  40163f:	41 f6 c1 01          	test   $0x1,%r9b
  401643:	0f 85 a5 03 00 00    	jne    4019ee <get_available_features.constprop.0+0x85e>
  401649:	44 89 cb             	mov    %r9d,%ebx
  40164c:	44 89 cd             	mov    %r9d,%ebp
  40164f:	81 e3 00 80 00 00    	and    $0x8000,%ebx
  401655:	81 e5 00 00 20 00    	and    $0x200000,%ebp
  40165b:	41 f6 c1 20          	test   $0x20,%r9b
  40165f:	0f 85 07 02 00 00    	jne    40186c <get_available_features.constprop.0+0x6dc>
  401665:	85 db                	test   %ebx,%ebx
  401667:	0f 85 dd 05 00 00    	jne    401c4a <get_available_features.constprop.0+0xaba>
  40166d:	85 ed                	test   %ebp,%ebp
  40166f:	0f 85 e7 05 00 00    	jne    401c5c <get_available_features.constprop.0+0xacc>
  401675:	41 f7 c1 00 01 00 00 	test   $0x100,%r9d
  40167c:	0f 85 25 06 00 00    	jne    401ca7 <get_available_features.constprop.0+0xb17>
  401682:	41 f7 c1 00 00 00 20 	test   $0x20000000,%r9d
  401689:	0f 85 09 06 00 00    	jne    401c98 <get_available_features.constprop.0+0xb08>
  40168f:	41 f7 c2 00 00 00 20 	test   $0x20000000,%r10d
  401696:	0f 85 ed 05 00 00    	jne    401c89 <get_available_features.constprop.0+0xaf9>
  40169c:	41 f7 c2 00 00 00 40 	test   $0x40000000,%r10d
  4016a3:	0f 85 d1 05 00 00    	jne    401c7a <get_available_features.constprop.0+0xaea>
  4016a9:	45 85 d2             	test   %r10d,%r10d
  4016ac:	0f 88 04 06 00 00    	js     401cb6 <get_available_features.constprop.0+0xb26>
  4016b2:	45 85 db             	test   %r11d,%r11d
  4016b5:	74 1a                	je     4016d1 <get_available_features.constprop.0+0x541>
  4016b7:	41 f7 c1 00 00 01 00 	test   $0x10000,%r9d
  4016be:	0f 85 d1 03 00 00    	jne    401a95 <get_available_features.constprop.0+0x905>
  4016c4:	41 81 e1 00 08 00 00 	and    $0x800,%r9d
  4016cb:	0f 85 b5 03 00 00    	jne    401a86 <get_available_features.constprop.0+0x8f6>
  4016d1:	41 81 f8 07 00 00 80 	cmp    $0x80000007,%r8d
  4016d8:	76 19                	jbe    4016f3 <get_available_features.constprop.0+0x563>
  4016da:	b8 08 00 00 80       	mov    $0x80000008,%eax
  4016df:	0f a2                	cpuid  
  4016e1:	f6 c3 01             	test   $0x1,%bl
  4016e4:	0f 85 8d 03 00 00    	jne    401a77 <get_available_features.constprop.0+0x8e7>
  4016ea:	80 e7 02             	and    $0x2,%bh
  4016ed:	0f 85 73 03 00 00    	jne    401a66 <get_available_features.constprop.0+0x8d6>
  4016f3:	48 83 c4 08          	add    $0x8,%rsp
  4016f7:	5b                   	pop    %rbx
  4016f8:	5d                   	pop    %rbp
  4016f9:	41 5c                	pop    %r12
  4016fb:	41 5d                	pop    %r13
  4016fd:	c3                   	ret    
  4016fe:	b8 07 00 00 00       	mov    $0x7,%eax
  401703:	b9 01 00 00 00       	mov    $0x1,%ecx
  401708:	0f a2                	cpuid  
  40170a:	a9 00 00 40 00       	test   $0x400000,%eax
  40170f:	0f 85 8f 03 00 00    	jne    401aa4 <get_available_features.constprop.0+0x914>
  401715:	45 85 db             	test   %r11d,%r11d
  401718:	0f 84 71 fe ff ff    	je     40158f <get_available_features.constprop.0+0x3ff>
  40171e:	a8 10                	test   $0x10,%al
  401720:	0f 84 69 fe ff ff    	je     40158f <get_available_features.constprop.0+0x3ff>
  401726:	bf 5d 00 00 00       	mov    $0x5d,%edi
  40172b:	e8 10 0d 00 00       	call   402440 <set_cpu_feature.constprop.0>
  401730:	e9 5a fe ff ff       	jmp    40158f <get_available_features.constprop.0+0x3ff>
  401735:	bf 51 00 00 00       	mov    $0x51,%edi
  40173a:	e8 01 0d 00 00       	call   402440 <set_cpu_feature.constprop.0>
  40173f:	e9 8c fb ff ff       	jmp    4012d0 <get_available_features.constprop.0+0x140>
  401744:	83 0d 11 39 00 00 02 	orl    $0x2,0x3911(%rip)        # 40505c <__cpu_model+0xc>
  40174b:	e9 af fa ff ff       	jmp    4011ff <get_available_features.constprop.0+0x6f>
  401750:	83 0d 05 39 00 00 01 	orl    $0x1,0x3905(%rip)        # 40505c <__cpu_model+0xc>
  401757:	e9 96 fa ff ff       	jmp    4011f2 <get_available_features.constprop.0+0x62>
  40175c:	bf 33 00 00 00       	mov    $0x33,%edi
  401761:	e8 da 0c 00 00       	call   402440 <set_cpu_feature.constprop.0>
  401766:	e9 c8 fa ff ff       	jmp    401233 <get_available_features.constprop.0+0xa3>
  40176b:	bf 2f 00 00 00       	mov    $0x2f,%edi
  401770:	e8 cb 0c 00 00       	call   402440 <set_cpu_feature.constprop.0>
  401775:	e9 ac fa ff ff       	jmp    401226 <get_available_features.constprop.0+0x96>
  40177a:	83 0d db 38 00 00 10 	orl    $0x10,0x38db(%rip)        # 40505c <__cpu_model+0xc>
  401781:	e9 93 fa ff ff       	jmp    401219 <get_available_features.constprop.0+0x89>
  401786:	83 0d cf 38 00 00 08 	orl    $0x8,0x38cf(%rip)        # 40505c <__cpu_model+0xc>
  40178d:	e9 7a fa ff ff       	jmp    40120c <get_available_features.constprop.0+0x7c>
  401792:	bf 45 00 00 00       	mov    $0x45,%edi
  401797:	e8 a4 0c 00 00       	call   402440 <set_cpu_feature.constprop.0>
  40179c:	e9 22 fb ff ff       	jmp    4012c3 <get_available_features.constprop.0+0x133>
  4017a1:	81 0d b1 38 00 00 00 	orl    $0x40000,0x38b1(%rip)        # 40505c <__cpu_model+0xc>
  4017a8:	00 04 00 
  4017ab:	e9 06 fb ff ff       	jmp    4012b6 <get_available_features.constprop.0+0x126>
  4017b0:	bf 3a 00 00 00       	mov    $0x3a,%edi
  4017b5:	e8 86 0c 00 00       	call   402440 <set_cpu_feature.constprop.0>
  4017ba:	e9 ee fa ff ff       	jmp    4012ad <get_available_features.constprop.0+0x11d>
  4017bf:	bf 2e 00 00 00       	mov    $0x2e,%edi
  4017c4:	e8 77 0c 00 00       	call   402440 <set_cpu_feature.constprop.0>
  4017c9:	e9 d2 fa ff ff       	jmp    4012a0 <get_available_features.constprop.0+0x110>
  4017ce:	bf 3e 00 00 00       	mov    $0x3e,%edi
  4017d3:	e8 68 0c 00 00       	call   402440 <set_cpu_feature.constprop.0>
  4017d8:	e9 b6 fa ff ff       	jmp    401293 <get_available_features.constprop.0+0x103>
  4017dd:	81 0d 75 38 00 00 00 	orl    $0x100,0x3875(%rip)        # 40505c <__cpu_model+0xc>
  4017e4:	01 00 00 
  4017e7:	e9 9f fa ff ff       	jmp    40128b <get_available_features.constprop.0+0xfb>
  4017ec:	81 0d 66 38 00 00 80 	orl    $0x80,0x3866(%rip)        # 40505c <__cpu_model+0xc>
  4017f3:	00 00 00 
  4017f6:	e9 83 fa ff ff       	jmp    40127e <get_available_features.constprop.0+0xee>
  4017fb:	83 0d 5a 38 00 00 40 	orl    $0x40,0x385a(%rip)        # 40505c <__cpu_model+0xc>
  401802:	e9 6a fa ff ff       	jmp    401271 <get_available_features.constprop.0+0xe1>
  401807:	83 0d 4e 38 00 00 20 	orl    $0x20,0x384e(%rip)        # 40505c <__cpu_model+0xc>
  40180e:	e9 51 fa ff ff       	jmp    401264 <get_available_features.constprop.0+0xd4>
  401813:	81 0d 3f 38 00 00 00 	orl    $0x80000,0x383f(%rip)        # 40505c <__cpu_model+0xc>
  40181a:	00 08 00 
  40181d:	e9 38 fa ff ff       	jmp    40125a <get_available_features.constprop.0+0xca>
  401822:	81 0d 30 38 00 00 00 	orl    $0x40000,0x3830(%rip)        # 40505c <__cpu_model+0xc>
  401829:	00 04 00 
  40182c:	e9 1f fa ff ff       	jmp    401250 <get_available_features.constprop.0+0xc0>
  401831:	83 0d 24 38 00 00 04 	orl    $0x4,0x3824(%rip)        # 40505c <__cpu_model+0xc>
  401838:	e9 03 fa ff ff       	jmp    401240 <get_available_features.constprop.0+0xb0>
  40183d:	89 c2                	mov    %eax,%edx
  40183f:	45 31 e4             	xor    %r12d,%r12d
  401842:	41 bb 01 00 00 00    	mov    $0x1,%r11d
  401848:	81 e2 e6 00 00 00    	and    $0xe6,%edx
  40184e:	81 fa e6 00 00 00    	cmp    $0xe6,%edx
  401854:	41 0f 94 c4          	sete   %r12b
  401858:	e9 6c f9 ff ff       	jmp    4011c9 <get_available_features.constprop.0+0x39>
  40185d:	bf 58 00 00 00       	mov    $0x58,%edi
  401862:	e8 d9 0b 00 00       	call   402440 <set_cpu_feature.constprop.0>
  401867:	e9 f6 fb ff ff       	jmp    401462 <get_available_features.constprop.0+0x2d2>
  40186c:	bf 29 00 00 00       	mov    $0x29,%edi
  401871:	e8 ca 0b 00 00       	call   402440 <set_cpu_feature.constprop.0>
  401876:	85 db                	test   %ebx,%ebx
  401878:	0f 85 65 04 00 00    	jne    401ce3 <get_available_features.constprop.0+0xb53>
  40187e:	85 ed                	test   %ebp,%ebp
  401880:	0f 85 4e 04 00 00    	jne    401cd4 <get_available_features.constprop.0+0xb44>
  401886:	bf 39 00 00 00       	mov    $0x39,%edi
  40188b:	e8 b0 0b 00 00       	call   402440 <set_cpu_feature.constprop.0>
  401890:	e9 e0 fd ff ff       	jmp    401675 <get_available_features.constprop.0+0x4e5>
  401895:	81 0d bd 37 00 00 00 	orl    $0x20000,0x37bd(%rip)        # 40505c <__cpu_model+0xc>
  40189c:	00 02 00 
  40189f:	e9 c5 fa ff ff       	jmp    401369 <get_available_features.constprop.0+0x1d9>
  4018a4:	bf 32 00 00 00       	mov    $0x32,%edi
  4018a9:	e8 92 0b 00 00       	call   402440 <set_cpu_feature.constprop.0>
  4018ae:	e9 bf fa ff ff       	jmp    401372 <get_available_features.constprop.0+0x1e2>
  4018b3:	bf 2b 00 00 00       	mov    $0x2b,%edi
  4018b8:	e8 83 0b 00 00       	call   402440 <set_cpu_feature.constprop.0>
  4018bd:	e9 e0 fa ff ff       	jmp    4013a2 <get_available_features.constprop.0+0x212>
  4018c2:	bf 2c 00 00 00       	mov    $0x2c,%edi
  4018c7:	e8 74 0b 00 00       	call   402440 <set_cpu_feature.constprop.0>
  4018cc:	e9 dd fa ff ff       	jmp    4013ae <get_available_features.constprop.0+0x21e>
  4018d1:	bf 41 00 00 00       	mov    $0x41,%edi
  4018d6:	e8 65 0b 00 00       	call   402440 <set_cpu_feature.constprop.0>
  4018db:	e9 d8 fa ff ff       	jmp    4013b8 <get_available_features.constprop.0+0x228>
  4018e0:	bf 40 00 00 00       	mov    $0x40,%edi
  4018e5:	e8 56 0b 00 00       	call   402440 <set_cpu_feature.constprop.0>
  4018ea:	e9 d3 fa ff ff       	jmp    4013c2 <get_available_features.constprop.0+0x232>
  4018ef:	bf 44 00 00 00       	mov    $0x44,%edi
  4018f4:	e8 47 0b 00 00       	call   402440 <set_cpu_feature.constprop.0>
  4018f9:	e9 d1 fa ff ff       	jmp    4013cf <get_available_features.constprop.0+0x23f>
  4018fe:	bf 20 00 00 00       	mov    $0x20,%edi
  401903:	e8 38 0b 00 00       	call   402440 <set_cpu_feature.constprop.0>
  401908:	e9 cf fa ff ff       	jmp    4013dc <get_available_features.constprop.0+0x24c>
  40190d:	bf 3c 00 00 00       	mov    $0x3c,%edi
  401912:	e8 29 0b 00 00       	call   402440 <set_cpu_feature.constprop.0>
  401917:	e9 cd fa ff ff       	jmp    4013e9 <get_available_features.constprop.0+0x259>
  40191c:	bf 3b 00 00 00       	mov    $0x3b,%edi
  401921:	e8 1a 0b 00 00       	call   402440 <set_cpu_feature.constprop.0>
  401926:	e9 cb fa ff ff       	jmp    4013f6 <get_available_features.constprop.0+0x266>
  40192b:	bf 30 00 00 00       	mov    $0x30,%edi
  401930:	e8 0b 0b 00 00       	call   402440 <set_cpu_feature.constprop.0>
  401935:	e9 c9 fa ff ff       	jmp    401403 <get_available_features.constprop.0+0x273>
  40193a:	bf 2a 00 00 00       	mov    $0x2a,%edi
  40193f:	e8 fc 0a 00 00       	call   402440 <set_cpu_feature.constprop.0>
  401944:	e9 c7 fa ff ff       	jmp    401410 <get_available_features.constprop.0+0x280>
  401949:	bf 4f 00 00 00       	mov    $0x4f,%edi
  40194e:	e8 ed 0a 00 00       	call   402440 <set_cpu_feature.constprop.0>
  401953:	e9 c2 fa ff ff       	jmp    40141a <get_available_features.constprop.0+0x28a>
  401958:	bf 4b 00 00 00       	mov    $0x4b,%edi
  40195d:	e8 de 0a 00 00       	call   402440 <set_cpu_feature.constprop.0>
  401962:	e9 bd fa ff ff       	jmp    401424 <get_available_features.constprop.0+0x294>
  401967:	bf 48 00 00 00       	mov    $0x48,%edi
  40196c:	e8 cf 0a 00 00       	call   402440 <set_cpu_feature.constprop.0>
  401971:	e9 bb fa ff ff       	jmp    401431 <get_available_features.constprop.0+0x2a1>
  401976:	bf 4d 00 00 00       	mov    $0x4d,%edi
  40197b:	e8 c0 0a 00 00       	call   402440 <set_cpu_feature.constprop.0>
  401980:	e9 b9 fa ff ff       	jmp    40143e <get_available_features.constprop.0+0x2ae>
  401985:	bf 3f 00 00 00       	mov    $0x3f,%edi
  40198a:	e8 b1 0a 00 00       	call   402440 <set_cpu_feature.constprop.0>
  40198f:	e9 b7 fa ff ff       	jmp    40144b <get_available_features.constprop.0+0x2bb>
  401994:	bf 35 00 00 00       	mov    $0x35,%edi
  401999:	e8 a2 0a 00 00       	call   402440 <set_cpu_feature.constprop.0>
  40199e:	e9 b5 fa ff ff       	jmp    401458 <get_available_features.constprop.0+0x2c8>
  4019a3:	bf 47 00 00 00       	mov    $0x47,%edi
  4019a8:	e8 93 0a 00 00       	call   402440 <set_cpu_feature.constprop.0>
  4019ad:	e9 86 f9 ff ff       	jmp    401338 <get_available_features.constprop.0+0x1a8>
  4019b2:	81 0d a0 36 00 00 00 	orl    $0x200,0x36a0(%rip)        # 40505c <__cpu_model+0xc>
  4019b9:	02 00 00 
  4019bc:	e9 21 f9 ff ff       	jmp    4012e2 <get_available_features.constprop.0+0x152>
  4019c1:	81 0d 91 36 00 00 00 	orl    $0x4000,0x3691(%rip)        # 40505c <__cpu_model+0xc>
  4019c8:	40 00 00 
  4019cb:	e9 1f f9 ff ff       	jmp    4012ef <get_available_features.constprop.0+0x15f>
  4019d0:	bf 31 00 00 00       	mov    $0x31,%edi
  4019d5:	e8 66 0a 00 00       	call   402440 <set_cpu_feature.constprop.0>
  4019da:	e9 1d f9 ff ff       	jmp    4012fc <get_available_features.constprop.0+0x16c>
  4019df:	81 0d 73 36 00 00 00 	orl    $0x800,0x3673(%rip)        # 40505c <__cpu_model+0xc>
  4019e6:	08 00 00 
  4019e9:	e9 51 fc ff ff       	jmp    40163f <get_available_features.constprop.0+0x4af>
  4019ee:	bf 36 00 00 00       	mov    $0x36,%edi
  4019f3:	e8 48 0a 00 00       	call   402440 <set_cpu_feature.constprop.0>
  4019f8:	e9 4c fc ff ff       	jmp    401649 <get_available_features.constprop.0+0x4b9>
  4019fd:	bf 28 00 00 00       	mov    $0x28,%edi
  401a02:	e8 39 0a 00 00       	call   402440 <set_cpu_feature.constprop.0>
  401a07:	e9 7e f9 ff ff       	jmp    40138a <get_available_features.constprop.0+0x1fa>
  401a0c:	bf 4a 00 00 00       	mov    $0x4a,%edi
  401a11:	e8 2a 0a 00 00       	call   402440 <set_cpu_feature.constprop.0>
  401a16:	e9 7b f9 ff ff       	jmp    401396 <get_available_features.constprop.0+0x206>
  401a1b:	bf 46 00 00 00       	mov    $0x46,%edi
  401a20:	e8 1b 0a 00 00       	call   402440 <set_cpu_feature.constprop.0>
  401a25:	e9 54 f9 ff ff       	jmp    40137e <get_available_features.constprop.0+0x1ee>
  401a2a:	81 0d 28 36 00 00 00 	orl    $0x10000,0x3628(%rip)        # 40505c <__cpu_model+0xc>
  401a31:	00 01 00 
  401a34:	e9 e4 f8 ff ff       	jmp    40131d <get_available_features.constprop.0+0x18d>
  401a39:	bf 49 00 00 00       	mov    $0x49,%edi
  401a3e:	e8 fd 09 00 00       	call   402440 <set_cpu_feature.constprop.0>
  401a43:	e9 de f8 ff ff       	jmp    401326 <get_available_features.constprop.0+0x196>
  401a48:	bf 34 00 00 00       	mov    $0x34,%edi
  401a4d:	e8 ee 09 00 00       	call   402440 <set_cpu_feature.constprop.0>
  401a52:	e9 d8 f8 ff ff       	jmp    40132f <get_available_features.constprop.0+0x19f>
  401a57:	bf 24 00 00 00       	mov    $0x24,%edi
  401a5c:	e8 df 09 00 00       	call   402440 <set_cpu_feature.constprop.0>
  401a61:	e9 29 fb ff ff       	jmp    40158f <get_available_features.constprop.0+0x3ff>
  401a66:	58                   	pop    %rax
  401a67:	bf 50 00 00 00       	mov    $0x50,%edi
  401a6c:	5b                   	pop    %rbx
  401a6d:	5d                   	pop    %rbp
  401a6e:	41 5c                	pop    %r12
  401a70:	41 5d                	pop    %r13
  401a72:	e9 c9 09 00 00       	jmp    402440 <set_cpu_feature.constprop.0>
  401a77:	bf 2d 00 00 00       	mov    $0x2d,%edi
  401a7c:	e8 bf 09 00 00       	call   402440 <set_cpu_feature.constprop.0>
  401a81:	e9 64 fc ff ff       	jmp    4016ea <get_available_features.constprop.0+0x55a>
  401a86:	81 0d cc 35 00 00 00 	orl    $0x2000,0x35cc(%rip)        # 40505c <__cpu_model+0xc>
  401a8d:	20 00 00 
  401a90:	e9 3c fc ff ff       	jmp    4016d1 <get_available_features.constprop.0+0x541>
  401a95:	81 0d bd 35 00 00 00 	orl    $0x1000,0x35bd(%rip)        # 40505c <__cpu_model+0xc>
  401a9c:	10 00 00 
  401a9f:	e9 20 fc ff ff       	jmp    4016c4 <get_available_features.constprop.0+0x534>
  401aa4:	bf 59 00 00 00       	mov    $0x59,%edi
  401aa9:	89 44 24 04          	mov    %eax,0x4(%rsp)
  401aad:	e8 8e 09 00 00       	call   402440 <set_cpu_feature.constprop.0>
  401ab2:	45 85 db             	test   %r11d,%r11d
  401ab5:	8b 44 24 04          	mov    0x4(%rsp),%eax
  401ab9:	0f 85 5f fc ff ff    	jne    40171e <get_available_features.constprop.0+0x58e>
  401abf:	e9 cb fa ff ff       	jmp    40158f <get_available_features.constprop.0+0x3ff>
  401ac4:	bf 59 00 00 00       	mov    $0x59,%edi
  401ac9:	e8 72 09 00 00       	call   402440 <set_cpu_feature.constprop.0>
  401ace:	e9 a3 fa ff ff       	jmp    401576 <get_available_features.constprop.0+0x3e6>
  401ad3:	bf 57 00 00 00       	mov    $0x57,%edi
  401ad8:	e8 63 09 00 00       	call   402440 <set_cpu_feature.constprop.0>
  401add:	e9 ac f9 ff ff       	jmp    40148e <get_available_features.constprop.0+0x2fe>
  401ae2:	bf 56 00 00 00       	mov    $0x56,%edi
  401ae7:	e8 54 09 00 00       	call   402440 <set_cpu_feature.constprop.0>
  401aec:	e9 90 f9 ff ff       	jmp    401481 <get_available_features.constprop.0+0x2f1>
  401af1:	bf 4e 00 00 00       	mov    $0x4e,%edi
  401af6:	e8 45 09 00 00       	call   402440 <set_cpu_feature.constprop.0>
  401afb:	e9 60 f8 ff ff       	jmp    401360 <get_available_features.constprop.0+0x1d0>
  401b00:	bf 21 00 00 00       	mov    $0x21,%edi
  401b05:	e8 36 09 00 00       	call   402440 <set_cpu_feature.constprop.0>
  401b0a:	e9 44 f8 ff ff       	jmp    401353 <get_available_features.constprop.0+0x1c3>
  401b0f:	bf 5e 00 00 00       	mov    $0x5e,%edi
  401b14:	e8 27 09 00 00       	call   402440 <set_cpu_feature.constprop.0>
  401b19:	e9 3e fa ff ff       	jmp    40155c <get_available_features.constprop.0+0x3cc>
  401b1e:	bf 25 00 00 00       	mov    $0x25,%edi
  401b23:	e8 18 09 00 00       	call   402440 <set_cpu_feature.constprop.0>
  401b28:	e9 22 fa ff ff       	jmp    40154f <get_available_features.constprop.0+0x3bf>
  401b2d:	81 0d 25 35 00 00 00 	orl    $0x20000000,0x3525(%rip)        # 40505c <__cpu_model+0xc>
  401b34:	00 00 20 
  401b37:	e9 06 fa ff ff       	jmp    401542 <get_available_features.constprop.0+0x3b2>
  401b3c:	81 0d 16 35 00 00 00 	orl    $0x10000000,0x3516(%rip)        # 40505c <__cpu_model+0xc>
  401b43:	00 00 10 
  401b46:	e9 ed f9 ff ff       	jmp    401538 <get_available_features.constprop.0+0x3a8>
  401b4b:	81 0d 07 35 00 00 00 	orl    $0x40000000,0x3507(%rip)        # 40505c <__cpu_model+0xc>
  401b52:	00 00 40 
  401b55:	e9 d4 f9 ff ff       	jmp    40152e <get_available_features.constprop.0+0x39e>
  401b5a:	bf 23 00 00 00       	mov    $0x23,%edi
  401b5f:	e8 dc 08 00 00       	call   402440 <set_cpu_feature.constprop.0>
  401b64:	e9 b8 f9 ff ff       	jmp    401521 <get_available_features.constprop.0+0x391>
  401b69:	bf 22 00 00 00       	mov    $0x22,%edi
  401b6e:	e8 cd 08 00 00       	call   402440 <set_cpu_feature.constprop.0>
  401b73:	e9 9c f9 ff ff       	jmp    401514 <get_available_features.constprop.0+0x384>
  401b78:	81 0d da 34 00 00 00 	orl    $0x80000000,0x34da(%rip)        # 40505c <__cpu_model+0xc>
  401b7f:	00 00 80 
  401b82:	e9 80 f9 ff ff       	jmp    401507 <get_available_features.constprop.0+0x377>
  401b87:	bf 54 00 00 00       	mov    $0x54,%edi
  401b8c:	e8 af 08 00 00       	call   402440 <set_cpu_feature.constprop.0>
  401b91:	e9 2d fa ff ff       	jmp    4015c3 <get_available_features.constprop.0+0x433>
  401b96:	bf 52 00 00 00       	mov    $0x52,%edi
  401b9b:	e8 a0 08 00 00       	call   402440 <set_cpu_feature.constprop.0>
  401ba0:	e9 14 fa ff ff       	jmp    4015b9 <get_available_features.constprop.0+0x429>
  401ba5:	bf 53 00 00 00       	mov    $0x53,%edi
  401baa:	e8 91 08 00 00       	call   402440 <set_cpu_feature.constprop.0>
  401baf:	e9 fb f9 ff ff       	jmp    4015af <get_available_features.constprop.0+0x41f>
  401bb4:	bf 55 00 00 00       	mov    $0x55,%edi
  401bb9:	e8 82 08 00 00       	call   402440 <set_cpu_feature.constprop.0>
  401bbe:	e9 b1 f8 ff ff       	jmp    401474 <get_available_features.constprop.0+0x2e4>
  401bc3:	81 0d 8f 34 00 00 00 	orl    $0x8000,0x348f(%rip)        # 40505c <__cpu_model+0xc>
  401bca:	80 00 00 
  401bcd:	e9 d1 f8 ff ff       	jmp    4014a3 <get_available_features.constprop.0+0x313>
  401bd2:	81 0d 80 34 00 00 00 	orl    $0x400,0x3480(%rip)        # 40505c <__cpu_model+0xc>
  401bd9:	04 00 00 
  401bdc:	e9 65 f7 ff ff       	jmp    401346 <get_available_features.constprop.0+0x1b6>
  401be1:	81 0d 71 34 00 00 00 	orl    $0x4000000,0x3471(%rip)        # 40505c <__cpu_model+0xc>
  401be8:	00 00 04 
  401beb:	e9 0d f9 ff ff       	jmp    4014fd <get_available_features.constprop.0+0x36d>
  401bf0:	81 0d 62 34 00 00 00 	orl    $0x8000000,0x3462(%rip)        # 40505c <__cpu_model+0xc>
  401bf7:	00 00 08 
  401bfa:	e9 f4 f8 ff ff       	jmp    4014f3 <get_available_features.constprop.0+0x363>
  401bff:	81 0d 53 34 00 00 00 	orl    $0x1000000,0x3453(%rip)        # 40505c <__cpu_model+0xc>
  401c06:	00 00 01 
  401c09:	e9 d9 f8 ff ff       	jmp    4014e7 <get_available_features.constprop.0+0x357>
  401c0e:	81 0d 44 34 00 00 00 	orl    $0x2000000,0x3444(%rip)        # 40505c <__cpu_model+0xc>
  401c15:	00 00 02 
  401c18:	e9 be f8 ff ff       	jmp    4014db <get_available_features.constprop.0+0x34b>
  401c1d:	81 0d 35 34 00 00 00 	orl    $0x800000,0x3435(%rip)        # 40505c <__cpu_model+0xc>
  401c24:	00 80 00 
  401c27:	e9 a3 f8 ff ff       	jmp    4014cf <get_available_features.constprop.0+0x33f>
  401c2c:	81 0d 26 34 00 00 00 	orl    $0x400000,0x3426(%rip)        # 40505c <__cpu_model+0xc>
  401c33:	00 40 00 
  401c36:	e9 88 f8 ff ff       	jmp    4014c3 <get_available_features.constprop.0+0x333>
  401c3b:	81 0d 17 34 00 00 00 	orl    $0x200000,0x3417(%rip)        # 40505c <__cpu_model+0xc>
  401c42:	00 20 00 
  401c45:	e9 6d f8 ff ff       	jmp    4014b7 <get_available_features.constprop.0+0x327>
  401c4a:	bf 38 00 00 00       	mov    $0x38,%edi
  401c4f:	e8 ec 07 00 00       	call   402440 <set_cpu_feature.constprop.0>
  401c54:	85 ed                	test   %ebp,%ebp
  401c56:	0f 84 19 fa ff ff    	je     401675 <get_available_features.constprop.0+0x4e5>
  401c5c:	bf 4c 00 00 00       	mov    $0x4c,%edi
  401c61:	e8 da 07 00 00       	call   402440 <set_cpu_feature.constprop.0>
  401c66:	e9 0a fa ff ff       	jmp    401675 <get_available_features.constprop.0+0x4e5>
  401c6b:	81 0d e7 33 00 00 00 	orl    $0x100000,0x33e7(%rip)        # 40505c <__cpu_model+0xc>
  401c72:	00 10 00 
  401c75:	e9 31 f8 ff ff       	jmp    4014ab <get_available_features.constprop.0+0x31b>
  401c7a:	bf 27 00 00 00       	mov    $0x27,%edi
  401c7f:	e8 bc 07 00 00       	call   402440 <set_cpu_feature.constprop.0>
  401c84:	e9 20 fa ff ff       	jmp    4016a9 <get_available_features.constprop.0+0x519>
  401c89:	bf 37 00 00 00       	mov    $0x37,%edi
  401c8e:	e8 ad 07 00 00       	call   402440 <set_cpu_feature.constprop.0>
  401c93:	e9 04 fa ff ff       	jmp    40169c <get_available_features.constprop.0+0x50c>
  401c98:	bf 3d 00 00 00       	mov    $0x3d,%edi
  401c9d:	e8 9e 07 00 00       	call   402440 <set_cpu_feature.constprop.0>
  401ca2:	e9 e8 f9 ff ff       	jmp    40168f <get_available_features.constprop.0+0x4ff>
  401ca7:	bf 42 00 00 00       	mov    $0x42,%edi
  401cac:	e8 8f 07 00 00       	call   402440 <set_cpu_feature.constprop.0>
  401cb1:	e9 cc f9 ff ff       	jmp    401682 <get_available_features.constprop.0+0x4f2>
  401cb6:	bf 26 00 00 00       	mov    $0x26,%edi
  401cbb:	e8 80 07 00 00       	call   402440 <set_cpu_feature.constprop.0>
  401cc0:	e9 ed f9 ff ff       	jmp    4016b2 <get_available_features.constprop.0+0x522>
  401cc5:	bf 43 00 00 00       	mov    $0x43,%edi
  401cca:	e8 71 07 00 00       	call   402440 <set_cpu_feature.constprop.0>
  401ccf:	e9 06 f9 ff ff       	jmp    4015da <get_available_features.constprop.0+0x44a>
  401cd4:	bf 4c 00 00 00       	mov    $0x4c,%edi
  401cd9:	e8 62 07 00 00       	call   402440 <set_cpu_feature.constprop.0>
  401cde:	e9 a3 fb ff ff       	jmp    401886 <get_available_features.constprop.0+0x6f6>
  401ce3:	bf 38 00 00 00       	mov    $0x38,%edi
  401ce8:	e8 53 07 00 00       	call   402440 <set_cpu_feature.constprop.0>
  401ced:	e9 8c fb ff ff       	jmp    40187e <get_available_features.constprop.0+0x6ee>
  401cf2:	bf 5d 00 00 00       	mov    $0x5d,%edi
  401cf7:	e8 44 07 00 00       	call   402440 <set_cpu_feature.constprop.0>
  401cfc:	e9 84 f8 ff ff       	jmp    401585 <get_available_features.constprop.0+0x3f5>
  401d01:	bf 5c 00 00 00       	mov    $0x5c,%edi
  401d06:	e8 35 07 00 00       	call   402440 <set_cpu_feature.constprop.0>
  401d0b:	e9 ee f8 ff ff       	jmp    4015fe <get_available_features.constprop.0+0x46e>
  401d10:	bf 5a 00 00 00       	mov    $0x5a,%edi
  401d15:	e8 26 07 00 00       	call   402440 <set_cpu_feature.constprop.0>
  401d1a:	e9 f1 f8 ff ff       	jmp    401610 <get_available_features.constprop.0+0x480>
  401d1f:	90                   	nop

0000000000401d20 <__cpu_indicator_init>:
  401d20:	f3 0f 1e fa          	endbr64 
  401d24:	8b 3d 26 33 00 00    	mov    0x3326(%rip),%edi        # 405050 <__cpu_model>
  401d2a:	85 ff                	test   %edi,%edi
  401d2c:	0f 85 16 06 00 00    	jne    402348 <__cpu_indicator_init+0x628>
  401d32:	53                   	push   %rbx
  401d33:	31 f6                	xor    %esi,%esi
  401d35:	89 f0                	mov    %esi,%eax
  401d37:	48 83 ec 10          	sub    $0x10,%rsp
  401d3b:	0f a2                	cpuid  
  401d3d:	85 c0                	test   %eax,%eax
  401d3f:	0f 84 ad 00 00 00    	je     401df2 <__cpu_indicator_init+0xd2>
  401d45:	89 f0                	mov    %esi,%eax
  401d47:	0f a2                	cpuid  
  401d49:	41 89 d8             	mov    %ebx,%r8d
  401d4c:	89 c7                	mov    %eax,%edi
  401d4e:	85 c0                	test   %eax,%eax
  401d50:	0f 8e 9c 00 00 00    	jle    401df2 <__cpu_indicator_init+0xd2>
  401d56:	89 f0                	mov    %esi,%eax
  401d58:	0f a2                	cpuid  
  401d5a:	85 c0                	test   %eax,%eax
  401d5c:	0f 84 90 00 00 00    	je     401df2 <__cpu_indicator_init+0xd2>
  401d62:	b8 01 00 00 00       	mov    $0x1,%eax
  401d67:	0f a2                	cpuid  
  401d69:	89 c6                	mov    %eax,%esi
  401d6b:	41 89 c1             	mov    %eax,%r9d
  401d6e:	89 7c 24 08          	mov    %edi,0x8(%rsp)
  401d72:	89 c7                	mov    %eax,%edi
  401d74:	c1 ef 04             	shr    $0x4,%edi
  401d77:	c1 ee 08             	shr    $0x8,%esi
  401d7a:	41 c1 e9 0c          	shr    $0xc,%r9d
  401d7e:	c1 e8 14             	shr    $0x14,%eax
  401d81:	83 e7 0f             	and    $0xf,%edi
  401d84:	83 e6 0f             	and    $0xf,%esi
  401d87:	41 81 e1 f0 00 00 00 	and    $0xf0,%r9d
  401d8e:	0f b6 c0             	movzbl %al,%eax
  401d91:	41 81 f8 47 65 6e 75 	cmp    $0x756e6547,%r8d
  401d98:	74 6b                	je     401e05 <__cpu_indicator_init+0xe5>
  401d9a:	41 81 f8 41 75 74 68 	cmp    $0x68747541,%r8d
  401da1:	0f 84 f1 01 00 00    	je     401f98 <__cpu_indicator_init+0x278>
  401da7:	41 81 f8 43 65 6e 74 	cmp    $0x746e6543,%r8d
  401dae:	0f 84 5a 01 00 00    	je     401f0e <__cpu_indicator_init+0x1ee>
  401db4:	41 81 f8 43 79 72 69 	cmp    $0x69727943,%r8d
  401dbb:	0f 84 27 02 00 00    	je     401fe8 <__cpu_indicator_init+0x2c8>
  401dc1:	31 c0                	xor    %eax,%eax
  401dc3:	41 81 f8 47 65 6f 64 	cmp    $0x646f6547,%r8d
  401dca:	0f 94 c0             	sete   %al
  401dcd:	8d 44 40 03          	lea    0x3(%rax,%rax,2),%eax
  401dd1:	bf 37 00 00 00       	mov    $0x37,%edi
  401dd6:	89 05 74 32 00 00    	mov    %eax,0x3274(%rip)        # 405050 <__cpu_model>
  401ddc:	e8 8f f3 ff ff       	call   401170 <has_cpu_feature.part.0.constprop.0>
  401de1:	85 c0                	test   %eax,%eax
  401de3:	74 09                	je     401dee <__cpu_indicator_init+0xce>
  401de5:	f6 05 70 32 00 00 10 	testb  $0x10,0x3270(%rip)        # 40505c <__cpu_model+0xc>
  401dec:	75 31                	jne    401e1f <__cpu_indicator_init+0xff>
  401dee:	31 c0                	xor    %eax,%eax
  401df0:	eb 0d                	jmp    401dff <__cpu_indicator_init+0xdf>
  401df2:	c7 05 54 32 00 00 03 	movl   $0x3,0x3254(%rip)        # 405050 <__cpu_model>
  401df9:	00 00 00 
  401dfc:	83 c8 ff             	or     $0xffffffff,%eax
  401dff:	48 83 c4 10          	add    $0x10,%rsp
  401e03:	5b                   	pop    %rbx
  401e04:	c3                   	ret    
  401e05:	83 fe 0f             	cmp    $0xf,%esi
  401e08:	0f 84 0a 01 00 00    	je     401f18 <__cpu_indicator_init+0x1f8>
  401e0e:	83 fe 06             	cmp    $0x6,%esi
  401e11:	0f 85 07 01 00 00    	jne    401f1e <__cpu_indicator_init+0x1fe>
  401e17:	44 09 cf             	or     %r9d,%edi
  401e1a:	e9 ff 00 00 00       	jmp    401f1e <__cpu_indicator_init+0x1fe>
  401e1f:	bf 5f 00 00 00       	mov    $0x5f,%edi
  401e24:	e8 17 06 00 00       	call   402440 <set_cpu_feature.constprop.0>
  401e29:	bf 2e 00 00 00       	mov    $0x2e,%edi
  401e2e:	e8 3d f3 ff ff       	call   401170 <has_cpu_feature.part.0.constprop.0>
  401e33:	85 c0                	test   %eax,%eax
  401e35:	74 b7                	je     401dee <__cpu_indicator_init+0xce>
  401e37:	8b 35 1f 32 00 00    	mov    0x321f(%rip),%esi        # 40505c <__cpu_model+0xc>
  401e3d:	40 f6 c6 04          	test   $0x4,%sil
  401e41:	74 ab                	je     401dee <__cpu_indicator_init+0xce>
  401e43:	bf 36 00 00 00       	mov    $0x36,%edi
  401e48:	e8 23 f3 ff ff       	call   401170 <has_cpu_feature.part.0.constprop.0>
  401e4d:	85 c0                	test   %eax,%eax
  401e4f:	74 9d                	je     401dee <__cpu_indicator_init+0xce>
  401e51:	81 e6 00 01 00 00    	and    $0x100,%esi
  401e57:	74 95                	je     401dee <__cpu_indicator_init+0xce>
  401e59:	bf 60 00 00 00       	mov    $0x60,%edi
  401e5e:	e8 dd 05 00 00       	call   402440 <set_cpu_feature.constprop.0>
  401e63:	8b 35 f3 31 00 00    	mov    0x31f3(%rip),%esi        # 40505c <__cpu_model+0xc>
  401e69:	89 f0                	mov    %esi,%eax
  401e6b:	25 00 04 01 00       	and    $0x10400,%eax
  401e70:	3d 00 04 01 00       	cmp    $0x10400,%eax
  401e75:	0f 85 73 ff ff ff    	jne    401dee <__cpu_indicator_init+0xce>
  401e7b:	f7 c6 00 00 02 00    	test   $0x20000,%esi
  401e81:	0f 84 67 ff ff ff    	je     401dee <__cpu_indicator_init+0xce>
  401e87:	bf 31 00 00 00       	mov    $0x31,%edi
  401e8c:	e8 df f2 ff ff       	call   401170 <has_cpu_feature.part.0.constprop.0>
  401e91:	85 c0                	test   %eax,%eax
  401e93:	0f 84 55 ff ff ff    	je     401dee <__cpu_indicator_init+0xce>
  401e99:	81 e6 00 40 00 00    	and    $0x4000,%esi
  401e9f:	0f 84 49 ff ff ff    	je     401dee <__cpu_indicator_init+0xce>
  401ea5:	bf 39 00 00 00       	mov    $0x39,%edi
  401eaa:	e8 c1 f2 ff ff       	call   401170 <has_cpu_feature.part.0.constprop.0>
  401eaf:	85 c0                	test   %eax,%eax
  401eb1:	0f 84 37 ff ff ff    	je     401dee <__cpu_indicator_init+0xce>
  401eb7:	bf 3a 00 00 00       	mov    $0x3a,%edi
  401ebc:	e8 af f2 ff ff       	call   401170 <has_cpu_feature.part.0.constprop.0>
  401ec1:	85 c0                	test   %eax,%eax
  401ec3:	0f 84 25 ff ff ff    	je     401dee <__cpu_indicator_init+0xce>
  401ec9:	bf 61 00 00 00       	mov    $0x61,%edi
  401ece:	e8 6d 05 00 00       	call   402440 <set_cpu_feature.constprop.0>
  401ed3:	8b 05 83 31 00 00    	mov    0x3183(%rip),%eax        # 40505c <__cpu_model+0xc>
  401ed9:	89 c2                	mov    %eax,%edx
  401edb:	81 e2 00 00 a0 00    	and    $0xa00000,%edx
  401ee1:	81 fa 00 00 a0 00    	cmp    $0xa00000,%edx
  401ee7:	0f 85 01 ff ff ff    	jne    401dee <__cpu_indicator_init+0xce>
  401eed:	25 00 00 50 00       	and    $0x500000,%eax
  401ef2:	3d 00 00 50 00       	cmp    $0x500000,%eax
  401ef7:	0f 85 f1 fe ff ff    	jne    401dee <__cpu_indicator_init+0xce>
  401efd:	bf 62 00 00 00       	mov    $0x62,%edi
  401f02:	e8 39 05 00 00       	call   402440 <set_cpu_feature.constprop.0>
  401f07:	31 c0                	xor    %eax,%eax
  401f09:	e9 f1 fe ff ff       	jmp    401dff <__cpu_indicator_init+0xdf>
  401f0e:	b8 04 00 00 00       	mov    $0x4,%eax
  401f13:	e9 b9 fe ff ff       	jmp    401dd1 <__cpu_indicator_init+0xb1>
  401f18:	8d 70 0f             	lea    0xf(%rax),%esi
  401f1b:	44 09 cf             	or     %r9d,%edi
  401f1e:	89 34 24             	mov    %esi,(%rsp)
  401f21:	89 ce                	mov    %ecx,%esi
  401f23:	89 7c 24 04          	mov    %edi,0x4(%rsp)
  401f27:	48 89 e7             	mov    %rsp,%rdi
  401f2a:	e8 61 f2 ff ff       	call   401190 <get_available_features.constprop.0>
  401f2f:	83 3c 24 06          	cmpl   $0x6,(%rsp)
  401f33:	75 2a                	jne    401f5f <__cpu_indicator_init+0x23f>
  401f35:	8b 4c 24 04          	mov    0x4(%rsp),%ecx
  401f39:	83 f9 1f             	cmp    $0x1f,%ecx
  401f3c:	76 1c                	jbe    401f5a <__cpu_indicator_init+0x23a>
  401f3e:	83 e9 25             	sub    $0x25,%ecx
  401f41:	81 f9 9a 00 00 00    	cmp    $0x9a,%ecx
  401f47:	77 16                	ja     401f5f <__cpu_indicator_init+0x23f>
  401f49:	48 8d 15 30 13 00 00 	lea    0x1330(%rip),%rdx        # 403280 <__dso_handle+0x278>
  401f50:	48 63 04 8a          	movslq (%rdx,%rcx,4),%rax
  401f54:	48 01 d0             	add    %rdx,%rax
  401f57:	3e ff e0             	notrack jmp *%rax
  401f5a:	83 f9 0e             	cmp    $0xe,%ecx
  401f5d:	77 0a                	ja     401f69 <__cpu_indicator_init+0x249>
  401f5f:	b8 01 00 00 00       	mov    $0x1,%eax
  401f64:	e9 68 fe ff ff       	jmp    401dd1 <__cpu_indicator_init+0xb1>
  401f69:	b8 01 00 00 00       	mov    $0x1,%eax
  401f6e:	48 d3 e0             	shl    %cl,%rax
  401f71:	a9 00 80 80 20       	test   $0x20808000,%eax
  401f76:	0f 85 fd 02 00 00    	jne    402279 <__cpu_indicator_init+0x559>
  401f7c:	a9 00 00 00 c4       	test   $0xc4000000,%eax
  401f81:	0f 85 21 02 00 00    	jne    4021a8 <__cpu_indicator_init+0x488>
  401f87:	83 f9 1c             	cmp    $0x1c,%ecx
  401f8a:	75 d3                	jne    401f5f <__cpu_indicator_init+0x23f>
  401f8c:	c7 05 be 30 00 00 01 	movl   $0x1,0x30be(%rip)        # 405054 <__cpu_model+0x4>
  401f93:	00 00 00 
  401f96:	eb c7                	jmp    401f5f <__cpu_indicator_init+0x23f>
  401f98:	83 fe 0f             	cmp    $0xf,%esi
  401f9b:	75 06                	jne    401fa3 <__cpu_indicator_init+0x283>
  401f9d:	8d 70 0f             	lea    0xf(%rax),%esi
  401fa0:	44 09 cf             	or     %r9d,%edi
  401fa3:	89 34 24             	mov    %esi,(%rsp)
  401fa6:	89 ce                	mov    %ecx,%esi
  401fa8:	89 7c 24 04          	mov    %edi,0x4(%rsp)
  401fac:	48 89 e7             	mov    %rsp,%rdi
  401faf:	e8 dc f1 ff ff       	call   401190 <get_available_features.constprop.0>
  401fb4:	8b 04 24             	mov    (%rsp),%eax
  401fb7:	8b 4c 24 04          	mov    0x4(%rsp),%ecx
  401fbb:	83 e8 10             	sub    $0x10,%eax
  401fbe:	83 f8 09             	cmp    $0x9,%eax
  401fc1:	77 1b                	ja     401fde <__cpu_indicator_init+0x2be>
  401fc3:	48 8d 15 22 15 00 00 	lea    0x1522(%rip),%rdx        # 4034ec <__dso_handle+0x4e4>
  401fca:	48 63 04 82          	movslq (%rdx,%rax,4),%rax
  401fce:	48 01 d0             	add    %rdx,%rax
  401fd1:	3e ff e0             	notrack jmp *%rax
  401fd4:	c7 05 76 30 00 00 08 	movl   $0x8,0x3076(%rip)        # 405054 <__cpu_model+0x4>
  401fdb:	00 00 00 
  401fde:	b8 02 00 00 00       	mov    $0x2,%eax
  401fe3:	e9 e9 fd ff ff       	jmp    401dd1 <__cpu_indicator_init+0xb1>
  401fe8:	b8 05 00 00 00       	mov    $0x5,%eax
  401fed:	e9 df fd ff ff       	jmp    401dd1 <__cpu_indicator_init+0xb1>
  401ff2:	c7 05 58 30 00 00 0f 	movl   $0xf,0x3058(%rip)        # 405054 <__cpu_model+0x4>
  401ff9:	00 00 00 
  401ffc:	83 f9 0f             	cmp    $0xf,%ecx
  401fff:	0f 87 44 02 00 00    	ja     402249 <__cpu_indicator_init+0x529>
  402005:	c7 05 49 30 00 00 1a 	movl   $0x1a,0x3049(%rip)        # 405058 <__cpu_model+0x8>
  40200c:	00 00 00 
  40200f:	eb cd                	jmp    401fde <__cpu_indicator_init+0x2be>
  402011:	c7 05 39 30 00 00 0a 	movl   $0xa,0x3039(%rip)        # 405054 <__cpu_model+0x4>
  402018:	00 00 00 
  40201b:	83 f9 1f             	cmp    $0x1f,%ecx
  40201e:	0f 87 11 02 00 00    	ja     402235 <__cpu_indicator_init+0x515>
  402024:	c7 05 2a 30 00 00 0b 	movl   $0xb,0x302a(%rip)        # 405058 <__cpu_model+0x8>
  40202b:	00 00 00 
  40202e:	eb ae                	jmp    401fde <__cpu_indicator_init+0x2be>
  402030:	c7 05 1a 30 00 00 09 	movl   $0x9,0x301a(%rip)        # 405054 <__cpu_model+0x4>
  402037:	00 00 00 
  40203a:	eb a2                	jmp    401fde <__cpu_indicator_init+0x2be>
  40203c:	c7 05 0e 30 00 00 04 	movl   $0x4,0x300e(%rip)        # 405054 <__cpu_model+0x4>
  402043:	00 00 00 
  402046:	83 f9 04             	cmp    $0x4,%ecx
  402049:	0f 84 48 02 00 00    	je     402297 <__cpu_indicator_init+0x577>
  40204f:	83 f9 08             	cmp    $0x8,%ecx
  402052:	0f 84 30 02 00 00    	je     402288 <__cpu_indicator_init+0x568>
  402058:	83 f9 02             	cmp    $0x2,%ecx
  40205b:	75 81                	jne    401fde <__cpu_indicator_init+0x2be>
  40205d:	c7 05 f1 2f 00 00 04 	movl   $0x4,0x2ff1(%rip)        # 405058 <__cpu_model+0x8>
  402064:	00 00 00 
  402067:	e9 72 ff ff ff       	jmp    401fde <__cpu_indicator_init+0x2be>
  40206c:	c7 05 de 2f 00 00 05 	movl   $0x5,0x2fde(%rip)        # 405054 <__cpu_model+0x4>
  402073:	00 00 00 
  402076:	83 f9 02             	cmp    $0x2,%ecx
  402079:	0f 84 a7 01 00 00    	je     402226 <__cpu_indicator_init+0x506>
  40207f:	83 f9 0f             	cmp    $0xf,%ecx
  402082:	0f 87 d8 01 00 00    	ja     402260 <__cpu_indicator_init+0x540>
  402088:	c7 05 c6 2f 00 00 07 	movl   $0x7,0x2fc6(%rip)        # 405058 <__cpu_model+0x8>
  40208f:	00 00 00 
  402092:	e9 47 ff ff ff       	jmp    401fde <__cpu_indicator_init+0x2be>
  402097:	c7 05 b3 2f 00 00 06 	movl   $0x6,0x2fb3(%rip)        # 405054 <__cpu_model+0x4>
  40209e:	00 00 00 
  4020a1:	e9 b9 fe ff ff       	jmp    401f5f <__cpu_indicator_init+0x23f>
  4020a6:	48 8b 05 9b 14 00 00 	mov    0x149b(%rip),%rax        # 403548 <__dso_handle+0x540>
  4020ad:	48 89 05 a0 2f 00 00 	mov    %rax,0x2fa0(%rip)        # 405054 <__cpu_model+0x4>
  4020b4:	e9 a6 fe ff ff       	jmp    401f5f <__cpu_indicator_init+0x23f>
  4020b9:	48 8b 05 80 14 00 00 	mov    0x1480(%rip),%rax        # 403540 <__dso_handle+0x538>
  4020c0:	48 89 05 8d 2f 00 00 	mov    %rax,0x2f8d(%rip)        # 405054 <__cpu_model+0x4>
  4020c7:	e9 93 fe ff ff       	jmp    401f5f <__cpu_indicator_init+0x23f>
  4020cc:	48 8b 05 65 14 00 00 	mov    0x1465(%rip),%rax        # 403538 <__dso_handle+0x530>
  4020d3:	48 89 05 7a 2f 00 00 	mov    %rax,0x2f7a(%rip)        # 405054 <__cpu_model+0x4>
  4020da:	e9 80 fe ff ff       	jmp    401f5f <__cpu_indicator_init+0x23f>
  4020df:	48 8b 05 92 14 00 00 	mov    0x1492(%rip),%rax        # 403578 <__dso_handle+0x570>
  4020e6:	48 89 05 67 2f 00 00 	mov    %rax,0x2f67(%rip)        # 405054 <__cpu_model+0x4>
  4020ed:	e9 6d fe ff ff       	jmp    401f5f <__cpu_indicator_init+0x23f>
  4020f2:	c7 05 58 2f 00 00 0e 	movl   $0xe,0x2f58(%rip)        # 405054 <__cpu_model+0x4>
  4020f9:	00 00 00 
  4020fc:	e9 5e fe ff ff       	jmp    401f5f <__cpu_indicator_init+0x23f>
  402101:	48 8b 05 60 14 00 00 	mov    0x1460(%rip),%rax        # 403568 <__dso_handle+0x560>
  402108:	48 89 05 45 2f 00 00 	mov    %rax,0x2f45(%rip)        # 405054 <__cpu_model+0x4>
  40210f:	e9 4b fe ff ff       	jmp    401f5f <__cpu_indicator_init+0x23f>
  402114:	48 8b 05 05 14 00 00 	mov    0x1405(%rip),%rax        # 403520 <__dso_handle+0x518>
  40211b:	48 89 05 32 2f 00 00 	mov    %rax,0x2f32(%rip)        # 405054 <__cpu_model+0x4>
  402122:	e9 38 fe ff ff       	jmp    401f5f <__cpu_indicator_init+0x23f>
  402127:	48 8b 05 02 14 00 00 	mov    0x1402(%rip),%rax        # 403530 <__dso_handle+0x528>
  40212e:	48 89 05 1f 2f 00 00 	mov    %rax,0x2f1f(%rip)        # 405054 <__cpu_model+0x4>
  402135:	e9 25 fe ff ff       	jmp    401f5f <__cpu_indicator_init+0x23f>
  40213a:	48 8b 05 0f 14 00 00 	mov    0x140f(%rip),%rax        # 403550 <__dso_handle+0x548>
  402141:	48 89 05 0c 2f 00 00 	mov    %rax,0x2f0c(%rip)        # 405054 <__cpu_model+0x4>
  402148:	e9 12 fe ff ff       	jmp    401f5f <__cpu_indicator_init+0x23f>
  40214d:	48 8b 05 1c 14 00 00 	mov    0x141c(%rip),%rax        # 403570 <__dso_handle+0x568>
  402154:	48 89 05 f9 2e 00 00 	mov    %rax,0x2ef9(%rip)        # 405054 <__cpu_model+0x4>
  40215b:	e9 ff fd ff ff       	jmp    401f5f <__cpu_indicator_init+0x23f>
  402160:	48 8b 05 c1 13 00 00 	mov    0x13c1(%rip),%rax        # 403528 <__dso_handle+0x520>
  402167:	48 89 05 e6 2e 00 00 	mov    %rax,0x2ee6(%rip)        # 405054 <__cpu_model+0x4>
  40216e:	e9 ec fd ff ff       	jmp    401f5f <__cpu_indicator_init+0x23f>
  402173:	48 8b 05 e6 13 00 00 	mov    0x13e6(%rip),%rax        # 403560 <__dso_handle+0x558>
  40217a:	48 89 05 d3 2e 00 00 	mov    %rax,0x2ed3(%rip)        # 405054 <__cpu_model+0x4>
  402181:	e9 d9 fd ff ff       	jmp    401f5f <__cpu_indicator_init+0x23f>
  402186:	c7 05 c4 2e 00 00 0c 	movl   $0xc,0x2ec4(%rip)        # 405054 <__cpu_model+0x4>
  40218d:	00 00 00 
  402190:	e9 ca fd ff ff       	jmp    401f5f <__cpu_indicator_init+0x23f>
  402195:	48 8b 05 bc 13 00 00 	mov    0x13bc(%rip),%rax        # 403558 <__dso_handle+0x550>
  40219c:	48 89 05 b1 2e 00 00 	mov    %rax,0x2eb1(%rip)        # 405054 <__cpu_model+0x4>
  4021a3:	e9 b7 fd ff ff       	jmp    401f5f <__cpu_indicator_init+0x23f>
  4021a8:	48 8b 05 69 13 00 00 	mov    0x1369(%rip),%rax        # 403518 <__dso_handle+0x510>
  4021af:	48 89 05 9e 2e 00 00 	mov    %rax,0x2e9e(%rip)        # 405054 <__cpu_model+0x4>
  4021b6:	e9 a4 fd ff ff       	jmp    401f5f <__cpu_indicator_init+0x23f>
  4021bb:	c7 05 8f 2e 00 00 0d 	movl   $0xd,0x2e8f(%rip)        # 405054 <__cpu_model+0x4>
  4021c2:	00 00 00 
  4021c5:	e9 95 fd ff ff       	jmp    401f5f <__cpu_indicator_init+0x23f>
  4021ca:	48 8b 05 af 13 00 00 	mov    0x13af(%rip),%rax        # 403580 <__dso_handle+0x578>
  4021d1:	48 89 05 7c 2e 00 00 	mov    %rax,0x2e7c(%rip)        # 405054 <__cpu_model+0x4>
  4021d8:	e9 82 fd ff ff       	jmp    401f5f <__cpu_indicator_init+0x23f>
  4021dd:	c7 05 6d 2e 00 00 0b 	movl   $0xb,0x2e6d(%rip)        # 405054 <__cpu_model+0x4>
  4021e4:	00 00 00 
  4021e7:	e9 73 fd ff ff       	jmp    401f5f <__cpu_indicator_init+0x23f>
  4021ec:	c7 05 5e 2e 00 00 07 	movl   $0x7,0x2e5e(%rip)        # 405054 <__cpu_model+0x4>
  4021f3:	00 00 00 
  4021f6:	e9 64 fd ff ff       	jmp    401f5f <__cpu_indicator_init+0x23f>
  4021fb:	c7 05 4f 2e 00 00 03 	movl   $0x3,0x2e4f(%rip)        # 405054 <__cpu_model+0x4>
  402202:	00 00 00 
  402205:	bf 24 00 00 00       	mov    $0x24,%edi
  40220a:	e8 61 ef ff ff       	call   401170 <has_cpu_feature.part.0.constprop.0>
  40220f:	85 c0                	test   %eax,%eax
  402211:	0f 84 b4 00 00 00    	je     4022cb <__cpu_indicator_init+0x5ab>
  402217:	c7 05 37 2e 00 00 17 	movl   $0x17,0x2e37(%rip)        # 405058 <__cpu_model+0x8>
  40221e:	00 00 00 
  402221:	e9 39 fd ff ff       	jmp    401f5f <__cpu_indicator_init+0x23f>
  402226:	c7 05 28 2e 00 00 08 	movl   $0x8,0x2e28(%rip)        # 405058 <__cpu_model+0x8>
  40222d:	00 00 00 
  402230:	e9 a9 fd ff ff       	jmp    401fde <__cpu_indicator_init+0x2be>
  402235:	83 f9 2f             	cmp    $0x2f,%ecx
  402238:	76 6c                	jbe    4022a6 <__cpu_indicator_init+0x586>
  40223a:	c7 05 14 2e 00 00 14 	movl   $0x14,0x2e14(%rip)        # 405058 <__cpu_model+0x8>
  402241:	00 00 00 
  402244:	e9 95 fd ff ff       	jmp    401fde <__cpu_indicator_init+0x2be>
  402249:	bf 4e 00 00 00       	mov    $0x4e,%edi
  40224e:	e8 1d ef ff ff       	call   401170 <has_cpu_feature.part.0.constprop.0>
  402253:	85 c0                	test   %eax,%eax
  402255:	0f 85 aa fd ff ff    	jne    402005 <__cpu_indicator_init+0x2e5>
  40225b:	e9 7e fd ff ff       	jmp    401fde <__cpu_indicator_init+0x2be>
  402260:	83 f9 2f             	cmp    $0x2f,%ecx
  402263:	76 c1                	jbe    402226 <__cpu_indicator_init+0x506>
  402265:	83 f9 4f             	cmp    $0x4f,%ecx
  402268:	77 7e                	ja     4022e8 <__cpu_indicator_init+0x5c8>
  40226a:	c7 05 e4 2d 00 00 09 	movl   $0x9,0x2de4(%rip)        # 405058 <__cpu_model+0x8>
  402271:	00 00 00 
  402274:	e9 65 fd ff ff       	jmp    401fde <__cpu_indicator_init+0x2be>
  402279:	c7 05 d1 2d 00 00 02 	movl   $0x2,0x2dd1(%rip)        # 405054 <__cpu_model+0x4>
  402280:	00 00 00 
  402283:	e9 d7 fc ff ff       	jmp    401f5f <__cpu_indicator_init+0x23f>
  402288:	c7 05 c6 2d 00 00 06 	movl   $0x6,0x2dc6(%rip)        # 405058 <__cpu_model+0x8>
  40228f:	00 00 00 
  402292:	e9 47 fd ff ff       	jmp    401fde <__cpu_indicator_init+0x2be>
  402297:	c7 05 b7 2d 00 00 05 	movl   $0x5,0x2db7(%rip)        # 405058 <__cpu_model+0x8>
  40229e:	00 00 00 
  4022a1:	e9 38 fd ff ff       	jmp    401fde <__cpu_indicator_init+0x2be>
  4022a6:	bf 2c 00 00 00       	mov    $0x2c,%edi
  4022ab:	e8 c0 ee ff ff       	call   401170 <has_cpu_feature.part.0.constprop.0>
  4022b0:	85 c0                	test   %eax,%eax
  4022b2:	75 86                	jne    40223a <__cpu_indicator_init+0x51a>
  4022b4:	bf 2d 00 00 00       	mov    $0x2d,%edi
  4022b9:	e8 b2 ee ff ff       	call   401170 <has_cpu_feature.part.0.constprop.0>
  4022be:	85 c0                	test   %eax,%eax
  4022c0:	0f 85 5e fd ff ff    	jne    402024 <__cpu_indicator_init+0x304>
  4022c6:	e9 13 fd ff ff       	jmp    401fde <__cpu_indicator_init+0x2be>
  4022cb:	bf 22 00 00 00       	mov    $0x22,%edi
  4022d0:	e8 9b ee ff ff       	call   401170 <has_cpu_feature.part.0.constprop.0>
  4022d5:	85 c0                	test   %eax,%eax
  4022d7:	74 31                	je     40230a <__cpu_indicator_init+0x5ea>
  4022d9:	c7 05 75 2d 00 00 15 	movl   $0x15,0x2d75(%rip)        # 405058 <__cpu_model+0x8>
  4022e0:	00 00 00 
  4022e3:	e9 77 fc ff ff       	jmp    401f5f <__cpu_indicator_init+0x23f>
  4022e8:	83 f9 7f             	cmp    $0x7f,%ecx
  4022eb:	76 0e                	jbe    4022fb <__cpu_indicator_init+0x5db>
  4022ed:	8b 35 69 2d 00 00    	mov    0x2d69(%rip),%esi        # 40505c <__cpu_model+0xc>
  4022f3:	f7 c6 00 04 00 00    	test   $0x400,%esi
  4022f9:	74 1e                	je     402319 <__cpu_indicator_init+0x5f9>
  4022fb:	c7 05 53 2d 00 00 0a 	movl   $0xa,0x2d53(%rip)        # 405058 <__cpu_model+0x8>
  402302:	00 00 00 
  402305:	e9 d4 fc ff ff       	jmp    401fde <__cpu_indicator_init+0x2be>
  40230a:	c7 05 44 2d 00 00 10 	movl   $0x10,0x2d44(%rip)        # 405058 <__cpu_model+0x8>
  402311:	00 00 00 
  402314:	e9 46 fc ff ff       	jmp    401f5f <__cpu_indicator_init+0x23f>
  402319:	bf 53 00 00 00       	mov    $0x53,%edi
  40231e:	e8 4d ee ff ff       	call   401170 <has_cpu_feature.part.0.constprop.0>
  402323:	85 c0                	test   %eax,%eax
  402325:	0f 85 3f ff ff ff    	jne    40226a <__cpu_indicator_init+0x54a>
  40232b:	f7 c6 00 00 01 00    	test   $0x10000,%esi
  402331:	0f 85 ef fe ff ff    	jne    402226 <__cpu_indicator_init+0x506>
  402337:	81 e6 00 20 00 00    	and    $0x2000,%esi
  40233d:	0f 85 45 fd ff ff    	jne    402088 <__cpu_indicator_init+0x368>
  402343:	e9 96 fc ff ff       	jmp    401fde <__cpu_indicator_init+0x2be>
  402348:	31 c0                	xor    %eax,%eax
  40234a:	c3                   	ret    

000000000040234b <.annobin_abi_note.c.hot>:
  40234b:	0f 1f 44 00 00       	nopl   0x0(%rax,%rax,1)

0000000000402350 <_start>:
  402350:	f3 0f 1e fa          	endbr64 
  402354:	31 ed                	xor    %ebp,%ebp
  402356:	49 89 d1             	mov    %rdx,%r9
  402359:	5e                   	pop    %rsi
  40235a:	48 89 e2             	mov    %rsp,%rdx
  40235d:	48 83 e4 f0          	and    $0xfffffffffffffff0,%rsp
  402361:	50                   	push   %rax
  402362:	54                   	push   %rsp
  402363:	45 31 c0             	xor    %r8d,%r8d
  402366:	31 c9                	xor    %ecx,%ecx
  402368:	48 c7 c7 50 10 40 00 	mov    $0x401050,%rdi
  40236f:	ff 15 7b 2c 00 00    	call   *0x2c7b(%rip)        # 404ff0 <__libc_start_main@GLIBC_2.34>
  402375:	f4                   	hlt    

0000000000402376 <.annobin_abi_note.c>:
  402376:	66 2e 0f 1f 84 00 00 	cs nopw 0x0(%rax,%rax,1)
  40237d:	00 00 00 

0000000000402380 <_dl_relocate_static_pie>:
  402380:	f3 0f 1e fa          	endbr64 
  402384:	c3                   	ret    

0000000000402385 <.annobin__dl_relocate_static_pie.end>:
  402385:	66 2e 0f 1f 84 00 00 	cs nopw 0x0(%rax,%rax,1)
  40238c:	00 00 00 
  40238f:	90                   	nop

0000000000402390 <deregister_tm_clones>:
  402390:	b8 30 50 40 00       	mov    $0x405030,%eax
  402395:	48 3d 30 50 40 00    	cmp    $0x405030,%rax
  40239b:	74 13                	je     4023b0 <deregister_tm_clones+0x20>
  40239d:	b8 00 00 00 00       	mov    $0x0,%eax
  4023a2:	48 85 c0             	test   %rax,%rax
  4023a5:	74 09                	je     4023b0 <deregister_tm_clones+0x20>
  4023a7:	bf 30 50 40 00       	mov    $0x405030,%edi
  4023ac:	ff e0                	jmp    *%rax
  4023ae:	66 90                	xchg   %ax,%ax
  4023b0:	c3                   	ret    
  4023b1:	66 66 2e 0f 1f 84 00 	data16 cs nopw 0x0(%rax,%rax,1)
  4023b8:	00 00 00 00 
  4023bc:	0f 1f 40 00          	nopl   0x0(%rax)

00000000004023c0 <register_tm_clones>:
  4023c0:	be 30 50 40 00       	mov    $0x405030,%esi
  4023c5:	48 81 ee 30 50 40 00 	sub    $0x405030,%rsi
  4023cc:	48 89 f0             	mov    %rsi,%rax
  4023cf:	48 c1 ee 3f          	shr    $0x3f,%rsi
  4023d3:	48 c1 f8 03          	sar    $0x3,%rax
  4023d7:	48 01 c6             	add    %rax,%rsi
  4023da:	48 d1 fe             	sar    %rsi
  4023dd:	74 11                	je     4023f0 <register_tm_clones+0x30>
  4023df:	b8 00 00 00 00       	mov    $0x0,%eax
  4023e4:	48 85 c0             	test   %rax,%rax
  4023e7:	74 07                	je     4023f0 <register_tm_clones+0x30>
  4023e9:	bf 30 50 40 00       	mov    $0x405030,%edi
  4023ee:	ff e0                	jmp    *%rax
  4023f0:	c3                   	ret    
  4023f1:	66 66 2e 0f 1f 84 00 	data16 cs nopw 0x0(%rax,%rax,1)
  4023f8:	00 00 00 00 
  4023fc:	0f 1f 40 00          	nopl   0x0(%rax)

0000000000402400 <__do_global_dtors_aux>:
  402400:	f3 0f 1e fa          	endbr64 
  402404:	80 3d 25 2c 00 00 00 	cmpb   $0x0,0x2c25(%rip)        # 405030 <__TMC_END__>
  40240b:	75 13                	jne    402420 <__do_global_dtors_aux+0x20>
  40240d:	55                   	push   %rbp
  40240e:	48 89 e5             	mov    %rsp,%rbp
  402411:	e8 7a ff ff ff       	call   402390 <deregister_tm_clones>
  402416:	c6 05 13 2c 00 00 01 	movb   $0x1,0x2c13(%rip)        # 405030 <__TMC_END__>
  40241d:	5d                   	pop    %rbp
  40241e:	c3                   	ret    
  40241f:	90                   	nop
  402420:	c3                   	ret    
  402421:	66 66 2e 0f 1f 84 00 	data16 cs nopw 0x0(%rax,%rax,1)
  402428:	00 00 00 00 
  40242c:	0f 1f 40 00          	nopl   0x0(%rax)

0000000000402430 <frame_dummy>:
  402430:	f3 0f 1e fa          	endbr64 
  402434:	eb 8a                	jmp    4023c0 <register_tm_clones>
  402436:	66 2e 0f 1f 84 00 00 	cs nopw 0x0(%rax,%rax,1)
  40243d:	00 00 00 

0000000000402440 <set_cpu_feature.constprop.0>:
  402440:	89 f9                	mov    %edi,%ecx
  402442:	31 c0                	xor    %eax,%eax
  402444:	83 ff 3f             	cmp    $0x3f,%edi
  402447:	76 08                	jbe    402451 <set_cpu_feature.constprop.0+0x11>
  402449:	83 ff 60             	cmp    $0x60,%edi
  40244c:	19 c0                	sbb    %eax,%eax
  40244e:	83 c0 02             	add    $0x2,%eax
  402451:	48 8d 35 e8 2b 00 00 	lea    0x2be8(%rip),%rsi        # 405040 <__cpu_features2>
  402458:	ba 01 00 00 00       	mov    $0x1,%edx
  40245d:	d3 e2                	shl    %cl,%edx
  40245f:	09 14 86             	or     %edx,(%rsi,%rax,4)
  402462:	c3                   	ret    

Disassembly of section .fini:

0000000000402464 <_fini>:
  402464:	f3 0f 1e fa          	endbr64 
  402468:	48 83 ec 08          	sub    $0x8,%rsp
  40246c:	48 83 c4 08          	add    $0x8,%rsp
  402470:	c3                   	ret    
