Dump of assembler code for function HarmonicSeriesAVX256:
harmonic_series.c:
118	double HarmonicSeriesAVX256(const unsigned long long int N) {
119	  struct timespec t[2];
120	  unsigned long long int i;
121	  __m256d sumv = _mm256_setzero_pd();
122	  __m256d onesv =_mm256_set1_pd(1.0);
123	  __m256d fourv =_mm256_set1_pd(4.0);
124	  __m256d divv = _mm256_set_pd(1.0, 2.0, 3.0, 4.0);
125	
126	  clock_gettime(CLOCK_MONOTONIC, &t[0]);
   0x0000000000402aa0 <+0>:	4c 8d 54 24 08	lea    0x8(%rsp),%r10
   0x0000000000402aa5 <+5>:	48 83 e4 e0	and    $0xffffffffffffffe0,%rsp
   0x0000000000402aa9 <+9>:	41 ff 72 f8	push   -0x8(%r10)
   0x0000000000402aad <+13>:	55	push   %rbp
   0x0000000000402aae <+14>:	48 89 e5	mov    %rsp,%rbp
   0x0000000000402ab1 <+17>:	41 52	push   %r10
   0x0000000000402ab3 <+19>:	53	push   %rbx
   0x0000000000402ab4 <+20>:	48 8d 75 d0	lea    -0x30(%rbp),%rsi

118	double HarmonicSeriesAVX256(const unsigned long long int N) {
   0x0000000000402ab8 <+24>:	48 89 fb	mov    %rdi,%rbx

125	
126	  clock_gettime(CLOCK_MONOTONIC, &t[0]);
   0x0000000000402abb <+27>:	bf 01 00 00 00	mov    $0x1,%edi

118	double HarmonicSeriesAVX256(const unsigned long long int N) {
   0x0000000000402ac0 <+32>:	48 83 ec 40	sub    $0x40,%rsp

125	
126	  clock_gettime(CLOCK_MONOTONIC, &t[0]);
   0x0000000000402ac4 <+36>:	e8 97 e5 ff ff	call   0x401060 <clock_gettime@plt>

127	  for(i=0; i<N; ++i) {
   0x0000000000402ac9 <+41>:	48 85 db	test   %rbx,%rbx
   0x0000000000402acc <+44>:	0f 84 d6 00 00 00	je     0x402ba8 <HarmonicSeriesAVX256+264>

124	  __m256d divv = _mm256_set_pd(1.0, 2.0, 3.0, 4.0);
   0x0000000000402ad2 <+50>:	c5 fd 28 05 86 08 00 00	vmovapd 0x886(%rip),%ymm0        # 0x403360

121	  __m256d sumv = _mm256_setzero_pd();
   0x0000000000402ada <+58>:	c5 f1 57 c9	vxorpd %xmm1,%xmm1,%xmm1

127	  for(i=0; i<N; ++i) {
   0x0000000000402ade <+62>:	31 c0	xor    %eax,%eax
   0x0000000000402ae0 <+64>:	c4 e2 7d 19 25 8f 08 00 00	vbroadcastsd 0x88f(%rip),%ymm4        # 0x403378
   0x0000000000402ae9 <+73>:	c4 e2 7d 19 1d 6e 08 00 00	vbroadcastsd 0x86e(%rip),%ymm3        # 0x403360
   0x0000000000402af2 <+82>:	66 0f 1f 44 00 00	nopw   0x0(%rax,%rax,1)

/usr/lib/gcc/x86_64-redhat-linux/12/include/avxintrin.h:
143	  return (__m256d) ((__v4df)__A + (__v4df)__B);
   0x0000000000402af8 <+88>:	c5 dd 5e d0	vdivpd %ymm0,%ymm4,%ymm2

harmonic_series.c:
127	  for(i=0; i<N; ++i) {
   0x0000000000402afc <+92>:	48 83 c0 01	add    $0x1,%rax

/usr/lib/gcc/x86_64-redhat-linux/12/include/avxintrin.h:
143	  return (__m256d) ((__v4df)__A + (__v4df)__B);
   0x0000000000402b00 <+96>:	c5 fd 58 c3	vaddpd %ymm3,%ymm0,%ymm0
   0x0000000000402b04 <+100>:	c5 f5 58 ca	vaddpd %ymm2,%ymm1,%ymm1

harmonic_series.c:
127	  for(i=0; i<N; ++i) {
   0x0000000000402b08 <+104>:	48 39 c3	cmp    %rax,%rbx
   0x0000000000402b0b <+107>:	75 eb	jne    0x402af8 <HarmonicSeriesAVX256+88>
   0x0000000000402b0d <+109>:	c4 e3 7d 19 c8 01	vextractf128 $0x1,%ymm1,%xmm0
   0x0000000000402b13 <+115>:	c5 f9 17 4d c0	vmovhpd %xmm1,-0x40(%rbp)
   0x0000000000402b18 <+120>:	c5 f9 13 45 c8	vmovlpd %xmm0,-0x38(%rbp)
   0x0000000000402b1d <+125>:	c5 f9 17 45 b8	vmovhpd %xmm0,-0x48(%rbp)
   0x0000000000402b22 <+130>:	c5 f9 13 4d b0	vmovlpd %xmm1,-0x50(%rbp)
   0x0000000000402b27 <+135>:	c5 f8 77	vzeroupper 

128	    sumv = _mm256_add_pd( _mm256_div_pd(onesv, divv), sumv);
129	    divv = _mm256_add_pd(fourv, divv);
130	  }
131	  clock_gettime(CLOCK_MONOTONIC, &t[1]);
   0x0000000000402b2a <+138>:	48 8d 75 e0	lea    -0x20(%rbp),%rsi
   0x0000000000402b2e <+142>:	bf 01 00 00 00	mov    $0x1,%edi
   0x0000000000402b33 <+147>:	e8 28 e5 ff ff	call   0x401060 <clock_gettime@plt>

51	  fprintf(stdout,"Time elapsed: %g s\n", run_time);
   0x0000000000402b38 <+152>:	c5 f0 57 c9	vxorps %xmm1,%xmm1,%xmm1
   0x0000000000402b3c <+156>:	be 10 30 40 00	mov    $0x403010,%esi
   0x0000000000402b41 <+161>:	48 8b 3d 38 25 00 00	mov    0x2538(%rip),%rdi        # 0x405080 <stdout@GLIBC_2.2.5>

49	    ( (double)(end->tv_nsec) - (double)(start->tv_nsec) ) / 1.0E9;
   0x0000000000402b48 <+168>:	c4 e1 f3 2a 55 d8	vcvtsi2sdq -0x28(%rbp),%xmm1,%xmm2

50	
51	  fprintf(stdout,"Time elapsed: %g s\n", run_time);
   0x0000000000402b4e <+174>:	b8 01 00 00 00	mov    $0x1,%eax

49	    ( (double)(end->tv_nsec) - (double)(start->tv_nsec) ) / 1.0E9;
   0x0000000000402b53 <+179>:	c4 e1 f3 2a 45 e8	vcvtsi2sdq -0x18(%rbp),%xmm1,%xmm0
   0x0000000000402b59 <+185>:	c5 fb 5c c2	vsubsd %xmm2,%xmm0,%xmm0
   0x0000000000402b5d <+189>:	c5 fb 5e 05 db 06 00 00	vdivsd 0x6db(%rip),%xmm0,%xmm0        # 0x403240

48	  double run_time = (double)(end->tv_sec) - (double)(start->tv_sec) +
   0x0000000000402b65 <+197>:	c4 e1 f3 2a 55 e0	vcvtsi2sdq -0x20(%rbp),%xmm1,%xmm2
   0x0000000000402b6b <+203>:	c4 e1 f3 2a 4d d0	vcvtsi2sdq -0x30(%rbp),%xmm1,%xmm1
   0x0000000000402b71 <+209>:	c5 eb 5c d1	vsubsd %xmm1,%xmm2,%xmm2
   0x0000000000402b75 <+213>:	c5 fb 58 c2	vaddsd %xmm2,%xmm0,%xmm0

50	
51	  fprintf(stdout,"Time elapsed: %g s\n", run_time);
   0x0000000000402b79 <+217>:	e8 12 e5 ff ff	call   0x401090 <fprintf@plt>

132	  printTimer(&t[0], &t[1]);
133	
134	  double c[4];
135	  double sum = 0.0;;
136	  _mm256_storeu_pd(c, sumv); // write sumv to c array
137	  for (i=0; i<4; ++i) {
138	    //printf("%d %g\n", i, c[i]);
139	    sum += c[i];
   0x0000000000402b7e <+222>:	c5 f9 57 c0	vxorpd %xmm0,%xmm0,%xmm0
   0x0000000000402b82 <+226>:	c5 fb 58 45 b0	vaddsd -0x50(%rbp),%xmm0,%xmm0
   0x0000000000402b87 <+231>:	c5 fb 58 45 c0	vaddsd -0x40(%rbp),%xmm0,%xmm0
   0x0000000000402b8c <+236>:	c5 fb 58 45 c8	vaddsd -0x38(%rbp),%xmm0,%xmm0

140	  }
141	  return sum;
   0x0000000000402b91 <+241>:	c5 fb 58 45 b8	vaddsd -0x48(%rbp),%xmm0,%xmm0

142	}
   0x0000000000402b96 <+246>:	48 83 c4 40	add    $0x40,%rsp
   0x0000000000402b9a <+250>:	5b	pop    %rbx
   0x0000000000402b9b <+251>:	41 5a	pop    %r10
   0x0000000000402b9d <+253>:	5d	pop    %rbp
   0x0000000000402b9e <+254>:	49 8d 62 f8	lea    -0x8(%r10),%rsp
   0x0000000000402ba2 <+258>:	c3	ret    
   0x0000000000402ba3 <+259>:	0f 1f 44 00 00	nopl   0x0(%rax,%rax,1)

127	  for(i=0; i<N; ++i) {
   0x0000000000402ba8 <+264>:	48 c7 45 b0 00 00 00 00	movq   $0x0,-0x50(%rbp)
   0x0000000000402bb0 <+272>:	48 c7 45 b8 00 00 00 00	movq   $0x0,-0x48(%rbp)
   0x0000000000402bb8 <+280>:	48 c7 45 c0 00 00 00 00	movq   $0x0,-0x40(%rbp)
   0x0000000000402bc0 <+288>:	48 c7 45 c8 00 00 00 00	movq   $0x0,-0x38(%rbp)
   0x0000000000402bc8 <+296>:	e9 5d ff ff ff	jmp    0x402b2a <HarmonicSeriesAVX256+138>
End of assembler dump.
