
bin/mul_avx512f:     file format elf64-x86-64


Disassembly of section .init:

0000000000401000 <_init>:
  401000:	f3 0f 1e fa          	endbr64 
  401004:	48 83 ec 08          	sub    $0x8,%rsp
  401008:	48 8b 05 e9 3f 00 00 	mov    0x3fe9(%rip),%rax        # 404ff8 <__gmon_start__@Base>
  40100f:	48 85 c0             	test   %rax,%rax
  401012:	74 02                	je     401016 <_init+0x16>
  401014:	ff d0                	call   *%rax
  401016:	48 83 c4 08          	add    $0x8,%rsp
  40101a:	c3                   	ret    

Disassembly of section .plt:

0000000000401020 <puts@plt-0x10>:
  401020:	ff 35 e2 3f 00 00    	push   0x3fe2(%rip)        # 405008 <_GLOBAL_OFFSET_TABLE_+0x8>
  401026:	ff 25 e4 3f 00 00    	jmp    *0x3fe4(%rip)        # 405010 <_GLOBAL_OFFSET_TABLE_+0x10>
  40102c:	0f 1f 40 00          	nopl   0x0(%rax)

0000000000401030 <puts@plt>:
  401030:	ff 25 e2 3f 00 00    	jmp    *0x3fe2(%rip)        # 405018 <puts@GLIBC_2.2.5>
  401036:	68 00 00 00 00       	push   $0x0
  40103b:	e9 e0 ff ff ff       	jmp    401020 <_init+0x20>

0000000000401040 <printf@plt>:
  401040:	ff 25 da 3f 00 00    	jmp    *0x3fda(%rip)        # 405020 <printf@GLIBC_2.2.5>
  401046:	68 01 00 00 00       	push   $0x1
  40104b:	e9 d0 ff ff ff       	jmp    401020 <_init+0x20>

Disassembly of section .text:

0000000000401050 <main>:
*/

#include <stdio.h>
#include <immintrin.h>

int main(void) {
  401050:	4c 8d 54 24 08       	lea    0x8(%rsp),%r10
  401055:	48 83 e4 c0          	and    $0xffffffffffffffc0,%rsp
  401059:	41 ff 72 f8          	push   -0x8(%r10)
  40105d:	55                   	push   %rbp
  40105e:	48 89 e5             	mov    %rsp,%rbp
  401061:	41 52                	push   %r10
  401063:	53                   	push   %rbx
  401064:	48 83 ec 60          	sub    $0x60,%rsp
  const unsigned long long int N = (unsigned long long int) 4.0e9;
  unsigned long long int i;
  if( ! __builtin_cpu_supports("avx512f")) {
  401068:	f6 05 ee 3f 00 00 80 	testb  $0x80,0x3fee(%rip)        # 40505d <__cpu_model+0xd>
  40106f:	74 70                	je     4010e1 <main+0x91>
    printf("CPU does not support avx512f, exiting.\n");
    return 1;
  }
  __m512d mulv = _mm512_set_pd(1.0000000001, 1.0000000002, 1.0000000003, 1.0000000004, 1.0000000005, 1.0000000006, 1.0000000007, 1.0000000008);
  __m512d av = mulv;
  401071:	62 f1 fd 48 28 0d 05 	vmovapd 0x2005(%rip),%zmm1        # 403080 <__dso_handle+0x78>
  401078:	20 00 00 
  40107b:	bb 00 28 6b ee       	mov    $0xee6b2800,%ebx
  401080:	62 f1 fd 48 28 c1    	vmovapd %zmm1,%zmm0
  401086:	66 2e 0f 1f 84 00 00 	cs nopw 0x0(%rax,%rax,1)
  40108d:	00 00 00 

extern __inline __m512d
__attribute__ ((__gnu_inline__, __always_inline__, __artificial__))
_mm512_mul_pd (__m512d __A, __m512d __B)
{
  return (__m512d) ((__v8df)__A * (__v8df)__B);
  401090:	62 f1 fd 48 59 c1    	vmulpd %zmm1,%zmm0,%zmm0
  //volatile __m512d av = mulv;
  __attribute__ ((aligned (64))) double out[8];

  for(i=0; i<N; ++i) {
  401096:	48 83 eb 01          	sub    $0x1,%rbx
  40109a:	75 f4                	jne    401090 <main+0x40>
  *(__m512d *) __P = __A;
  40109c:	62 f1 fd 48 29 85 90 	vmovapd %zmm0,-0x70(%rbp)
  4010a3:	ff ff ff 
    av = _mm512_mul_pd(mulv, av);
  }

  _mm512_store_pd(out, av);
  for (i=0; i<8; ++i) {
  4010a6:	c5 f8 77             	vzeroupper 
  4010a9:	0f 1f 80 00 00 00 00 	nopl   0x0(%rax)
    printf("%llu %.17f\n", i, out[i]);
  4010b0:	c5 fb 10 44 dd 90    	vmovsd -0x70(%rbp,%rbx,8),%xmm0
  4010b6:	48 89 de             	mov    %rbx,%rsi
  4010b9:	bf 37 30 40 00       	mov    $0x403037,%edi
  4010be:	b8 01 00 00 00       	mov    $0x1,%eax
  for (i=0; i<8; ++i) {
  4010c3:	48 83 c3 01          	add    $0x1,%rbx
    printf("%llu %.17f\n", i, out[i]);
  4010c7:	e8 74 ff ff ff       	call   401040 <printf@plt>
  for (i=0; i<8; ++i) {
  4010cc:	48 83 fb 08          	cmp    $0x8,%rbx
  4010d0:	75 de                	jne    4010b0 <main+0x60>
  }

  return 0;
  4010d2:	31 c0                	xor    %eax,%eax
}
  4010d4:	48 83 c4 60          	add    $0x60,%rsp
  4010d8:	5b                   	pop    %rbx
  4010d9:	41 5a                	pop    %r10
  4010db:	5d                   	pop    %rbp
  4010dc:	49 8d 62 f8          	lea    -0x8(%r10),%rsp
  4010e0:	c3                   	ret    
    printf("CPU does not support avx512f, exiting.\n");
  4010e1:	bf 10 30 40 00       	mov    $0x403010,%edi
  4010e6:	e8 45 ff ff ff       	call   401030 <puts@plt>
    return 1;
  4010eb:	b8 01 00 00 00       	mov    $0x1,%eax
  4010f0:	eb e2                	jmp    4010d4 <main+0x84>
  4010f2:	66 2e 0f 1f 84 00 00 	cs nopw 0x0(%rax,%rax,1)
  4010f9:	00 00 00 
  4010fc:	0f 1f 40 00          	nopl   0x0(%rax)

0000000000401100 <has_cpu_feature.part.0.constprop.0>:
  401100:	89 f9                	mov    %edi,%ecx
  401102:	b8 01 00 00 00       	mov    $0x1,%eax
  401107:	48 8d 15 32 3f 00 00 	lea    0x3f32(%rip),%rdx        # 405040 <__cpu_features2>
  40110e:	d3 e0                	shl    %cl,%eax
  401110:	83 ff 3f             	cmp    $0x3f,%edi
  401113:	0f 97 c1             	seta   %cl
  401116:	0f b6 c9             	movzbl %cl,%ecx
  401119:	23 04 8a             	and    (%rdx,%rcx,4),%eax
  40111c:	c3                   	ret    
  40111d:	0f 1f 00             	nopl   (%rax)

0000000000401120 <get_available_features.constprop.0>:
  401120:	41 55                	push   %r13
  401122:	49 89 fa             	mov    %rdi,%r10
  401125:	41 89 f0             	mov    %esi,%r8d
  401128:	41 89 d1             	mov    %edx,%r9d
  40112b:	41 54                	push   %r12
  40112d:	55                   	push   %rbp
  40112e:	53                   	push   %rbx
  40112f:	89 f3                	mov    %esi,%ebx
  401131:	48 83 ec 08          	sub    $0x8,%rsp
  401135:	8b 6f 08             	mov    0x8(%rdi),%ebp
  401138:	81 e3 00 00 00 08    	and    $0x8000000,%ebx
  40113e:	74 2c                	je     40116c <get_available_features.constprop.0+0x4c>
  401140:	31 c9                	xor    %ecx,%ecx
  401142:	0f 01 d0             	xgetbv 
  401145:	89 c2                	mov    %eax,%edx
  401147:	83 e2 06             	and    $0x6,%edx
  40114a:	83 fa 06             	cmp    $0x6,%edx
  40114d:	0f 84 7a 06 00 00    	je     4017cd <get_available_features.constprop.0+0x6ad>
  401153:	45 31 e4             	xor    %r12d,%r12d
  401156:	45 31 db             	xor    %r11d,%r11d
  401159:	25 00 00 06 00       	and    $0x60000,%eax
  40115e:	45 31 ed             	xor    %r13d,%r13d
  401161:	3d 00 00 06 00       	cmp    $0x60000,%eax
  401166:	41 0f 94 c5          	sete   %r13b
  40116a:	eb 09                	jmp    401175 <get_available_features.constprop.0+0x55>
  40116c:	45 31 ed             	xor    %r13d,%r13d
  40116f:	45 31 e4             	xor    %r12d,%r12d
  401172:	45 31 db             	xor    %r11d,%r11d
  401175:	41 f7 c1 00 80 00 00 	test   $0x8000,%r9d
  40117c:	0f 85 5e 05 00 00    	jne    4016e0 <get_available_features.constprop.0+0x5c0>
  401182:	41 f7 c1 00 00 80 00 	test   $0x800000,%r9d
  401189:	0f 85 45 05 00 00    	jne    4016d4 <get_available_features.constprop.0+0x5b4>
  40118f:	41 f7 c1 00 00 00 02 	test   $0x2000000,%r9d
  401196:	0f 85 7a 05 00 00    	jne    401716 <get_available_features.constprop.0+0x5f6>
  40119c:	41 f7 c1 00 00 00 04 	test   $0x4000000,%r9d
  4011a3:	0f 85 61 05 00 00    	jne    40170a <get_available_features.constprop.0+0x5ea>
  4011a9:	41 f7 c1 00 01 00 00 	test   $0x100,%r9d
  4011b0:	0f 85 45 05 00 00    	jne    4016fb <get_available_features.constprop.0+0x5db>
  4011b6:	41 81 e1 00 00 00 01 	and    $0x1000000,%r9d
  4011bd:	0f 85 29 05 00 00    	jne    4016ec <get_available_features.constprop.0+0x5cc>
  4011c3:	41 f7 c0 00 00 80 00 	test   $0x800000,%r8d
  4011ca:	0f 85 f1 05 00 00    	jne    4017c1 <get_available_features.constprop.0+0x6a1>
  4011d0:	45 89 c1             	mov    %r8d,%r9d
  4011d3:	41 81 e1 00 00 00 02 	and    $0x2000000,%r9d
  4011da:	0f 85 d2 05 00 00    	jne    4017b2 <get_available_features.constprop.0+0x692>
  4011e0:	41 f6 c0 02          	test   $0x2,%r8b
  4011e4:	0f 85 b9 05 00 00    	jne    4017a3 <get_available_features.constprop.0+0x683>
  4011ea:	41 f6 c0 01          	test   $0x1,%r8b
  4011ee:	0f 85 a3 05 00 00    	jne    401797 <get_available_features.constprop.0+0x677>
  4011f4:	41 f7 c0 00 02 00 00 	test   $0x200,%r8d
  4011fb:	0f 85 8a 05 00 00    	jne    40178b <get_available_features.constprop.0+0x66b>
  401201:	41 f7 c0 00 00 08 00 	test   $0x80000,%r8d
  401208:	0f 85 6e 05 00 00    	jne    40177c <get_available_features.constprop.0+0x65c>
  40120e:	41 f7 c0 00 00 10 00 	test   $0x100000,%r8d
  401215:	0f 85 52 05 00 00    	jne    40176d <get_available_features.constprop.0+0x64d>
  40121b:	85 db                	test   %ebx,%ebx
  40121d:	0f 85 3b 05 00 00    	jne    40175e <get_available_features.constprop.0+0x63e>
  401223:	41 f7 c0 00 20 00 00 	test   $0x2000,%r8d
  40122a:	0f 85 1f 05 00 00    	jne    40174f <get_available_features.constprop.0+0x62f>
  401230:	41 f7 c0 00 00 40 00 	test   $0x400000,%r8d
  401237:	0f 85 03 05 00 00    	jne    401740 <get_available_features.constprop.0+0x620>
  40123d:	45 85 c9             	test   %r9d,%r9d
  401240:	0f 85 eb 04 00 00    	jne    401731 <get_available_features.constprop.0+0x611>
  401246:	41 f7 c0 00 00 00 40 	test   $0x40000000,%r8d
  40124d:	0f 85 cf 04 00 00    	jne    401722 <get_available_features.constprop.0+0x602>
  401253:	41 f7 c0 00 00 00 04 	test   $0x4000000,%r8d
  40125a:	0f 85 65 04 00 00    	jne    4016c5 <get_available_features.constprop.0+0x5a5>
  401260:	45 85 db             	test   %r11d,%r11d
  401263:	74 27                	je     40128c <get_available_features.constprop.0+0x16c>
  401265:	41 f7 c0 00 00 00 10 	test   $0x10000000,%r8d
  40126c:	0f 85 d0 06 00 00    	jne    401942 <get_available_features.constprop.0+0x822>
  401272:	41 f7 c0 00 10 00 00 	test   $0x1000,%r8d
  401279:	0f 85 d2 06 00 00    	jne    401951 <get_available_features.constprop.0+0x831>
  40127f:	41 81 e0 00 00 00 20 	and    $0x20000000,%r8d
  401286:	0f 85 d4 06 00 00    	jne    401960 <get_available_features.constprop.0+0x840>
  40128c:	83 fd 06             	cmp    $0x6,%ebp
  40128f:	0f 86 0b 03 00 00    	jbe    4015a0 <get_available_features.constprop.0+0x480>
  401295:	b8 07 00 00 00       	mov    $0x7,%eax
  40129a:	31 c9                	xor    %ecx,%ecx
  40129c:	0f a2                	cpuid  
  40129e:	41 89 d1             	mov    %edx,%r9d
  4012a1:	41 89 c8             	mov    %ecx,%r8d
  4012a4:	f6 c3 08             	test   $0x8,%bl
  4012a7:	0f 85 0d 07 00 00    	jne    4019ba <get_available_features.constprop.0+0x89a>
  4012ad:	f6 c3 04             	test   $0x4,%bl
  4012b0:	0f 85 13 07 00 00    	jne    4019c9 <get_available_features.constprop.0+0x8a9>
  4012b6:	f6 c3 10             	test   $0x10,%bl
  4012b9:	0f 85 19 07 00 00    	jne    4019d8 <get_available_features.constprop.0+0x8b8>
  4012bf:	f6 c7 08             	test   $0x8,%bh
  4012c2:	0f 85 6b 06 00 00    	jne    401933 <get_available_features.constprop.0+0x813>
  4012c8:	45 85 db             	test   %r11d,%r11d
  4012cb:	74 23                	je     4012f0 <get_available_features.constprop.0+0x1d0>
  4012cd:	f6 c3 20             	test   $0x20,%bl
  4012d0:	0f 85 8c 08 00 00    	jne    401b62 <get_available_features.constprop.0+0xa42>
  4012d6:	41 f7 c0 00 04 00 00 	test   $0x400,%r8d
  4012dd:	0f 85 ad 07 00 00    	jne    401a90 <get_available_features.constprop.0+0x970>
  4012e3:	41 f7 c0 00 02 00 00 	test   $0x200,%r8d
  4012ea:	0f 85 91 07 00 00    	jne    401a81 <get_available_features.constprop.0+0x961>
  4012f0:	f6 c7 01             	test   $0x1,%bh
  4012f3:	0f 85 2c 05 00 00    	jne    401825 <get_available_features.constprop.0+0x705>
  4012f9:	f6 c3 01             	test   $0x1,%bl
  4012fc:	0f 85 32 05 00 00    	jne    401834 <get_available_features.constprop.0+0x714>
  401302:	f7 c3 00 00 04 00    	test   $0x40000,%ebx
  401308:	0f 85 9d 06 00 00    	jne    4019ab <get_available_features.constprop.0+0x88b>
  40130e:	f7 c3 00 00 08 00    	test   $0x80000,%ebx
  401314:	0f 85 73 06 00 00    	jne    40198d <get_available_features.constprop.0+0x86d>
  40131a:	f7 c3 00 00 00 20    	test   $0x20000000,%ebx
  401320:	0f 85 76 06 00 00    	jne    40199c <get_available_features.constprop.0+0x87c>
  401326:	f7 c3 00 00 80 00    	test   $0x800000,%ebx
  40132c:	0f 85 11 05 00 00    	jne    401843 <get_available_features.constprop.0+0x723>
  401332:	f7 c3 00 00 00 01    	test   $0x1000000,%ebx
  401338:	0f 85 14 05 00 00    	jne    401852 <get_available_features.constprop.0+0x732>
  40133e:	41 f6 c0 01          	test   $0x1,%r8b
  401342:	0f 85 19 05 00 00    	jne    401861 <get_available_features.constprop.0+0x741>
  401348:	41 f6 c0 10          	test   $0x10,%r8b
  40134c:	0f 85 1e 05 00 00    	jne    401870 <get_available_features.constprop.0+0x750>
  401352:	41 f7 c0 00 00 40 00 	test   $0x400000,%r8d
  401359:	0f 85 20 05 00 00    	jne    40187f <get_available_features.constprop.0+0x75f>
  40135f:	41 f7 c0 00 01 00 00 	test   $0x100,%r8d
  401366:	0f 85 22 05 00 00    	jne    40188e <get_available_features.constprop.0+0x76e>
  40136c:	41 f7 c0 00 00 00 08 	test   $0x8000000,%r8d
  401373:	0f 85 24 05 00 00    	jne    40189d <get_available_features.constprop.0+0x77d>
  401379:	41 f7 c0 00 00 00 10 	test   $0x10000000,%r8d
  401380:	0f 85 26 05 00 00    	jne    4018ac <get_available_features.constprop.0+0x78c>
  401386:	41 f7 c0 00 00 00 20 	test   $0x20000000,%r8d
  40138d:	0f 85 28 05 00 00    	jne    4018bb <get_available_features.constprop.0+0x79b>
  401393:	41 f7 c0 00 00 00 02 	test   $0x2000000,%r8d
  40139a:	0f 85 2a 05 00 00    	jne    4018ca <get_available_features.constprop.0+0x7aa>
  4013a0:	41 f6 c0 20          	test   $0x20,%r8b
  4013a4:	0f 85 2f 05 00 00    	jne    4018d9 <get_available_features.constprop.0+0x7b9>
  4013aa:	41 f6 c0 80          	test   $0x80,%r8b
  4013ae:	0f 85 34 05 00 00    	jne    4018e8 <get_available_features.constprop.0+0x7c8>
  4013b4:	41 f7 c1 00 40 00 00 	test   $0x4000,%r9d
  4013bb:	0f 85 36 05 00 00    	jne    4018f7 <get_available_features.constprop.0+0x7d7>
  4013c1:	41 f7 c1 00 00 01 00 	test   $0x10000,%r9d
  4013c8:	0f 85 38 05 00 00    	jne    401906 <get_available_features.constprop.0+0x7e6>
  4013ce:	41 f7 c1 00 00 04 00 	test   $0x40000,%r9d
  4013d5:	0f 85 3a 05 00 00    	jne    401915 <get_available_features.constprop.0+0x7f5>
  4013db:	41 f7 c1 00 00 10 00 	test   $0x100000,%r9d
  4013e2:	0f 85 3c 05 00 00    	jne    401924 <get_available_features.constprop.0+0x804>
  4013e8:	41 f6 c1 20          	test   $0x20,%r9b
  4013ec:	0f 85 fb 03 00 00    	jne    4017ed <get_available_features.constprop.0+0x6cd>
  4013f2:	45 85 ed             	test   %r13d,%r13d
  4013f5:	74 27                	je     40141e <get_available_features.constprop.0+0x2fe>
  4013f7:	41 f7 c1 00 00 00 01 	test   $0x1000000,%r9d
  4013fe:	0f 85 40 07 00 00    	jne    401b44 <get_available_features.constprop.0+0xa24>
  401404:	41 f7 c1 00 00 00 02 	test   $0x2000000,%r9d
  40140b:	0f 85 61 06 00 00    	jne    401a72 <get_available_features.constprop.0+0x952>
  401411:	41 f7 c1 00 00 40 00 	test   $0x400000,%r9d
  401418:	0f 85 45 06 00 00    	jne    401a63 <get_available_features.constprop.0+0x943>
  40141e:	45 85 e4             	test   %r12d,%r12d
  401421:	0f 84 67 02 00 00    	je     40168e <get_available_features.constprop.0+0x56e>
  401427:	f7 c3 00 00 01 00    	test   $0x10000,%ebx
  40142d:	0f 85 20 07 00 00    	jne    401b53 <get_available_features.constprop.0+0xa33>
  401433:	85 db                	test   %ebx,%ebx
  401435:	0f 88 c0 07 00 00    	js     401bfb <get_available_features.constprop.0+0xadb>
  40143b:	f7 c3 00 00 00 40    	test   $0x40000000,%ebx
  401441:	0f 85 84 07 00 00    	jne    401bcb <get_available_features.constprop.0+0xaab>
  401447:	f7 c3 00 00 02 00    	test   $0x20000,%ebx
  40144d:	0f 85 69 07 00 00    	jne    401bbc <get_available_features.constprop.0+0xa9c>
  401453:	f7 c3 00 00 00 10    	test   $0x10000000,%ebx
  401459:	0f 85 4e 07 00 00    	jne    401bad <get_available_features.constprop.0+0xa8d>
  40145f:	f7 c3 00 00 00 04    	test   $0x4000000,%ebx
  401465:	0f 85 33 07 00 00    	jne    401b9e <get_available_features.constprop.0+0xa7e>
  40146b:	f7 c3 00 00 00 08    	test   $0x8000000,%ebx
  401471:	0f 85 18 07 00 00    	jne    401b8f <get_available_features.constprop.0+0xa6f>
  401477:	81 e3 00 00 20 00    	and    $0x200000,%ebx
  40147d:	0f 85 fd 06 00 00    	jne    401b80 <get_available_features.constprop.0+0xa60>
  401483:	41 f6 c0 02          	test   $0x2,%r8b
  401487:	0f 85 e4 06 00 00    	jne    401b71 <get_available_features.constprop.0+0xa51>
  40148d:	41 f6 c0 40          	test   $0x40,%r8b
  401491:	0f 85 71 06 00 00    	jne    401b08 <get_available_features.constprop.0+0x9e8>
  401497:	41 f7 c0 00 08 00 00 	test   $0x800,%r8d
  40149e:	0f 85 55 06 00 00    	jne    401af9 <get_available_features.constprop.0+0x9d9>
  4014a4:	41 f7 c0 00 10 00 00 	test   $0x1000,%r8d
  4014ab:	0f 85 39 06 00 00    	jne    401aea <get_available_features.constprop.0+0x9ca>
  4014b1:	41 f7 c0 00 40 00 00 	test   $0x4000,%r8d
  4014b8:	0f 85 1d 06 00 00    	jne    401adb <get_available_features.constprop.0+0x9bb>
  4014be:	41 f6 c1 04          	test   $0x4,%r9b
  4014c2:	0f 85 04 06 00 00    	jne    401acc <get_available_features.constprop.0+0x9ac>
  4014c8:	41 f6 c1 08          	test   $0x8,%r9b
  4014cc:	0f 85 eb 05 00 00    	jne    401abd <get_available_features.constprop.0+0x99d>
  4014d2:	41 f7 c1 00 01 00 00 	test   $0x100,%r9d
  4014d9:	0f 85 cf 05 00 00    	jne    401aae <get_available_features.constprop.0+0x98e>
  4014df:	41 81 e1 00 00 80 00 	and    $0x800000,%r9d
  4014e6:	0f 85 b3 05 00 00    	jne    401a9f <get_available_features.constprop.0+0x97f>
  4014ec:	b8 07 00 00 00       	mov    $0x7,%eax
  4014f1:	b9 01 00 00 00       	mov    $0x1,%ecx
  4014f6:	0f a2                	cpuid  
  4014f8:	41 89 c1             	mov    %eax,%r9d
  4014fb:	a9 00 00 40 00       	test   $0x400000,%eax
  401500:	0f 85 4e 05 00 00    	jne    401a54 <get_available_features.constprop.0+0x934>
  401506:	45 85 db             	test   %r11d,%r11d
  401509:	74 0a                	je     401515 <get_available_features.constprop.0+0x3f5>
  40150b:	41 f6 c1 10          	test   $0x10,%r9b
  40150f:	0f 85 6d 07 00 00    	jne    401c82 <get_available_features.constprop.0+0xb62>
  401515:	41 80 e1 20          	and    $0x20,%r9b
  401519:	0f 85 c8 04 00 00    	jne    4019e7 <get_available_features.constprop.0+0x8c7>
  40151f:	83 fd 0c             	cmp    $0xc,%ebp
  401522:	76 7c                	jbe    4015a0 <get_available_features.constprop.0+0x480>
  401524:	41 b9 0d 00 00 00    	mov    $0xd,%r9d
  40152a:	b9 01 00 00 00       	mov    $0x1,%ecx
  40152f:	44 89 c8             	mov    %r9d,%eax
  401532:	0f a2                	cpuid  
  401534:	41 89 c1             	mov    %eax,%r9d
  401537:	a8 01                	test   $0x1,%al
  401539:	0f 85 f6 05 00 00    	jne    401b35 <get_available_features.constprop.0+0xa15>
  40153f:	41 f6 c1 02          	test   $0x2,%r9b
  401543:	0f 85 dd 05 00 00    	jne    401b26 <get_available_features.constprop.0+0xa06>
  401549:	41 80 e1 08          	and    $0x8,%r9b
  40154d:	0f 85 c4 05 00 00    	jne    401b17 <get_available_features.constprop.0+0x9f7>
  401553:	83 fd 13             	cmp    $0x13,%ebp
  401556:	76 48                	jbe    4015a0 <get_available_features.constprop.0+0x480>
  401558:	b8 14 00 00 00       	mov    $0x14,%eax
  40155d:	31 c9                	xor    %ecx,%ecx
  40155f:	0f a2                	cpuid  
  401561:	80 e3 10             	and    $0x10,%bl
  401564:	0f 85 eb 06 00 00    	jne    401c55 <get_available_features.constprop.0+0xb35>
  40156a:	83 fd 18             	cmp    $0x18,%ebp
  40156d:	76 31                	jbe    4015a0 <get_available_features.constprop.0+0x480>
  40156f:	b8 19 00 00 00       	mov    $0x19,%eax
  401574:	0f a2                	cpuid  
  401576:	f6 c3 01             	test   $0x1,%bl
  401579:	74 25                	je     4015a0 <get_available_features.constprop.0+0x480>
  40157b:	bf 5b 00 00 00       	mov    $0x5b,%edi
  401580:	e8 4b 0e 00 00       	call   4023d0 <set_cpu_feature.constprop.0>
  401585:	80 e3 04             	and    $0x4,%bl
  401588:	0f 85 03 07 00 00    	jne    401c91 <get_available_features.constprop.0+0xb71>
  40158e:	41 81 e0 00 00 80 00 	and    $0x800000,%r8d
  401595:	0f 85 05 07 00 00    	jne    401ca0 <get_available_features.constprop.0+0xb80>
  40159b:	0f 1f 44 00 00       	nopl   0x0(%rax,%rax,1)
  4015a0:	b8 00 00 00 80       	mov    $0x80000000,%eax
  4015a5:	0f a2                	cpuid  
  4015a7:	41 89 42 0c          	mov    %eax,0xc(%r10)
  4015ab:	41 89 c0             	mov    %eax,%r8d
  4015ae:	3d 00 00 00 80       	cmp    $0x80000000,%eax
  4015b3:	0f 86 ca 00 00 00    	jbe    401683 <get_available_features.constprop.0+0x563>
  4015b9:	b8 01 00 00 80       	mov    $0x80000001,%eax
  4015be:	0f a2                	cpuid  
  4015c0:	41 89 d2             	mov    %edx,%r10d
  4015c3:	41 89 c9             	mov    %ecx,%r9d
  4015c6:	f6 c1 40             	test   $0x40,%cl
  4015c9:	0f 85 a0 03 00 00    	jne    40196f <get_available_features.constprop.0+0x84f>
  4015cf:	41 f6 c1 01          	test   $0x1,%r9b
  4015d3:	0f 85 a5 03 00 00    	jne    40197e <get_available_features.constprop.0+0x85e>
  4015d9:	44 89 cb             	mov    %r9d,%ebx
  4015dc:	44 89 cd             	mov    %r9d,%ebp
  4015df:	81 e3 00 80 00 00    	and    $0x8000,%ebx
  4015e5:	81 e5 00 00 20 00    	and    $0x200000,%ebp
  4015eb:	41 f6 c1 20          	test   $0x20,%r9b
  4015ef:	0f 85 07 02 00 00    	jne    4017fc <get_available_features.constprop.0+0x6dc>
  4015f5:	85 db                	test   %ebx,%ebx
  4015f7:	0f 85 dd 05 00 00    	jne    401bda <get_available_features.constprop.0+0xaba>
  4015fd:	85 ed                	test   %ebp,%ebp
  4015ff:	0f 85 e7 05 00 00    	jne    401bec <get_available_features.constprop.0+0xacc>
  401605:	41 f7 c1 00 01 00 00 	test   $0x100,%r9d
  40160c:	0f 85 25 06 00 00    	jne    401c37 <get_available_features.constprop.0+0xb17>
  401612:	41 f7 c1 00 00 00 20 	test   $0x20000000,%r9d
  401619:	0f 85 09 06 00 00    	jne    401c28 <get_available_features.constprop.0+0xb08>
  40161f:	41 f7 c2 00 00 00 20 	test   $0x20000000,%r10d
  401626:	0f 85 ed 05 00 00    	jne    401c19 <get_available_features.constprop.0+0xaf9>
  40162c:	41 f7 c2 00 00 00 40 	test   $0x40000000,%r10d
  401633:	0f 85 d1 05 00 00    	jne    401c0a <get_available_features.constprop.0+0xaea>
  401639:	45 85 d2             	test   %r10d,%r10d
  40163c:	0f 88 04 06 00 00    	js     401c46 <get_available_features.constprop.0+0xb26>
  401642:	45 85 db             	test   %r11d,%r11d
  401645:	74 1a                	je     401661 <get_available_features.constprop.0+0x541>
  401647:	41 f7 c1 00 00 01 00 	test   $0x10000,%r9d
  40164e:	0f 85 d1 03 00 00    	jne    401a25 <get_available_features.constprop.0+0x905>
  401654:	41 81 e1 00 08 00 00 	and    $0x800,%r9d
  40165b:	0f 85 b5 03 00 00    	jne    401a16 <get_available_features.constprop.0+0x8f6>
  401661:	41 81 f8 07 00 00 80 	cmp    $0x80000007,%r8d
  401668:	76 19                	jbe    401683 <get_available_features.constprop.0+0x563>
  40166a:	b8 08 00 00 80       	mov    $0x80000008,%eax
  40166f:	0f a2                	cpuid  
  401671:	f6 c3 01             	test   $0x1,%bl
  401674:	0f 85 8d 03 00 00    	jne    401a07 <get_available_features.constprop.0+0x8e7>
  40167a:	80 e7 02             	and    $0x2,%bh
  40167d:	0f 85 73 03 00 00    	jne    4019f6 <get_available_features.constprop.0+0x8d6>
  401683:	48 83 c4 08          	add    $0x8,%rsp
  401687:	5b                   	pop    %rbx
  401688:	5d                   	pop    %rbp
  401689:	41 5c                	pop    %r12
  40168b:	41 5d                	pop    %r13
  40168d:	c3                   	ret    
  40168e:	b8 07 00 00 00       	mov    $0x7,%eax
  401693:	b9 01 00 00 00       	mov    $0x1,%ecx
  401698:	0f a2                	cpuid  
  40169a:	a9 00 00 40 00       	test   $0x400000,%eax
  40169f:	0f 85 8f 03 00 00    	jne    401a34 <get_available_features.constprop.0+0x914>
  4016a5:	45 85 db             	test   %r11d,%r11d
  4016a8:	0f 84 71 fe ff ff    	je     40151f <get_available_features.constprop.0+0x3ff>
  4016ae:	a8 10                	test   $0x10,%al
  4016b0:	0f 84 69 fe ff ff    	je     40151f <get_available_features.constprop.0+0x3ff>
  4016b6:	bf 5d 00 00 00       	mov    $0x5d,%edi
  4016bb:	e8 10 0d 00 00       	call   4023d0 <set_cpu_feature.constprop.0>
  4016c0:	e9 5a fe ff ff       	jmp    40151f <get_available_features.constprop.0+0x3ff>
  4016c5:	bf 51 00 00 00       	mov    $0x51,%edi
  4016ca:	e8 01 0d 00 00       	call   4023d0 <set_cpu_feature.constprop.0>
  4016cf:	e9 8c fb ff ff       	jmp    401260 <get_available_features.constprop.0+0x140>
  4016d4:	83 0d 81 39 00 00 02 	orl    $0x2,0x3981(%rip)        # 40505c <__cpu_model+0xc>
  4016db:	e9 af fa ff ff       	jmp    40118f <get_available_features.constprop.0+0x6f>
  4016e0:	83 0d 75 39 00 00 01 	orl    $0x1,0x3975(%rip)        # 40505c <__cpu_model+0xc>
  4016e7:	e9 96 fa ff ff       	jmp    401182 <get_available_features.constprop.0+0x62>
  4016ec:	bf 33 00 00 00       	mov    $0x33,%edi
  4016f1:	e8 da 0c 00 00       	call   4023d0 <set_cpu_feature.constprop.0>
  4016f6:	e9 c8 fa ff ff       	jmp    4011c3 <get_available_features.constprop.0+0xa3>
  4016fb:	bf 2f 00 00 00       	mov    $0x2f,%edi
  401700:	e8 cb 0c 00 00       	call   4023d0 <set_cpu_feature.constprop.0>
  401705:	e9 ac fa ff ff       	jmp    4011b6 <get_available_features.constprop.0+0x96>
  40170a:	83 0d 4b 39 00 00 10 	orl    $0x10,0x394b(%rip)        # 40505c <__cpu_model+0xc>
  401711:	e9 93 fa ff ff       	jmp    4011a9 <get_available_features.constprop.0+0x89>
  401716:	83 0d 3f 39 00 00 08 	orl    $0x8,0x393f(%rip)        # 40505c <__cpu_model+0xc>
  40171d:	e9 7a fa ff ff       	jmp    40119c <get_available_features.constprop.0+0x7c>
  401722:	bf 45 00 00 00       	mov    $0x45,%edi
  401727:	e8 a4 0c 00 00       	call   4023d0 <set_cpu_feature.constprop.0>
  40172c:	e9 22 fb ff ff       	jmp    401253 <get_available_features.constprop.0+0x133>
  401731:	81 0d 21 39 00 00 00 	orl    $0x40000,0x3921(%rip)        # 40505c <__cpu_model+0xc>
  401738:	00 04 00 
  40173b:	e9 06 fb ff ff       	jmp    401246 <get_available_features.constprop.0+0x126>
  401740:	bf 3a 00 00 00       	mov    $0x3a,%edi
  401745:	e8 86 0c 00 00       	call   4023d0 <set_cpu_feature.constprop.0>
  40174a:	e9 ee fa ff ff       	jmp    40123d <get_available_features.constprop.0+0x11d>
  40174f:	bf 2e 00 00 00       	mov    $0x2e,%edi
  401754:	e8 77 0c 00 00       	call   4023d0 <set_cpu_feature.constprop.0>
  401759:	e9 d2 fa ff ff       	jmp    401230 <get_available_features.constprop.0+0x110>
  40175e:	bf 3e 00 00 00       	mov    $0x3e,%edi
  401763:	e8 68 0c 00 00       	call   4023d0 <set_cpu_feature.constprop.0>
  401768:	e9 b6 fa ff ff       	jmp    401223 <get_available_features.constprop.0+0x103>
  40176d:	81 0d e5 38 00 00 00 	orl    $0x100,0x38e5(%rip)        # 40505c <__cpu_model+0xc>
  401774:	01 00 00 
  401777:	e9 9f fa ff ff       	jmp    40121b <get_available_features.constprop.0+0xfb>
  40177c:	81 0d d6 38 00 00 80 	orl    $0x80,0x38d6(%rip)        # 40505c <__cpu_model+0xc>
  401783:	00 00 00 
  401786:	e9 83 fa ff ff       	jmp    40120e <get_available_features.constprop.0+0xee>
  40178b:	83 0d ca 38 00 00 40 	orl    $0x40,0x38ca(%rip)        # 40505c <__cpu_model+0xc>
  401792:	e9 6a fa ff ff       	jmp    401201 <get_available_features.constprop.0+0xe1>
  401797:	83 0d be 38 00 00 20 	orl    $0x20,0x38be(%rip)        # 40505c <__cpu_model+0xc>
  40179e:	e9 51 fa ff ff       	jmp    4011f4 <get_available_features.constprop.0+0xd4>
  4017a3:	81 0d af 38 00 00 00 	orl    $0x80000,0x38af(%rip)        # 40505c <__cpu_model+0xc>
  4017aa:	00 08 00 
  4017ad:	e9 38 fa ff ff       	jmp    4011ea <get_available_features.constprop.0+0xca>
  4017b2:	81 0d a0 38 00 00 00 	orl    $0x40000,0x38a0(%rip)        # 40505c <__cpu_model+0xc>
  4017b9:	00 04 00 
  4017bc:	e9 1f fa ff ff       	jmp    4011e0 <get_available_features.constprop.0+0xc0>
  4017c1:	83 0d 94 38 00 00 04 	orl    $0x4,0x3894(%rip)        # 40505c <__cpu_model+0xc>
  4017c8:	e9 03 fa ff ff       	jmp    4011d0 <get_available_features.constprop.0+0xb0>
  4017cd:	89 c2                	mov    %eax,%edx
  4017cf:	45 31 e4             	xor    %r12d,%r12d
  4017d2:	41 bb 01 00 00 00    	mov    $0x1,%r11d
  4017d8:	81 e2 e6 00 00 00    	and    $0xe6,%edx
  4017de:	81 fa e6 00 00 00    	cmp    $0xe6,%edx
  4017e4:	41 0f 94 c4          	sete   %r12b
  4017e8:	e9 6c f9 ff ff       	jmp    401159 <get_available_features.constprop.0+0x39>
  4017ed:	bf 58 00 00 00       	mov    $0x58,%edi
  4017f2:	e8 d9 0b 00 00       	call   4023d0 <set_cpu_feature.constprop.0>
  4017f7:	e9 f6 fb ff ff       	jmp    4013f2 <get_available_features.constprop.0+0x2d2>
  4017fc:	bf 29 00 00 00       	mov    $0x29,%edi
  401801:	e8 ca 0b 00 00       	call   4023d0 <set_cpu_feature.constprop.0>
  401806:	85 db                	test   %ebx,%ebx
  401808:	0f 85 65 04 00 00    	jne    401c73 <get_available_features.constprop.0+0xb53>
  40180e:	85 ed                	test   %ebp,%ebp
  401810:	0f 85 4e 04 00 00    	jne    401c64 <get_available_features.constprop.0+0xb44>
  401816:	bf 39 00 00 00       	mov    $0x39,%edi
  40181b:	e8 b0 0b 00 00       	call   4023d0 <set_cpu_feature.constprop.0>
  401820:	e9 e0 fd ff ff       	jmp    401605 <get_available_features.constprop.0+0x4e5>
  401825:	81 0d 2d 38 00 00 00 	orl    $0x20000,0x382d(%rip)        # 40505c <__cpu_model+0xc>
  40182c:	00 02 00 
  40182f:	e9 c5 fa ff ff       	jmp    4012f9 <get_available_features.constprop.0+0x1d9>
  401834:	bf 32 00 00 00       	mov    $0x32,%edi
  401839:	e8 92 0b 00 00       	call   4023d0 <set_cpu_feature.constprop.0>
  40183e:	e9 bf fa ff ff       	jmp    401302 <get_available_features.constprop.0+0x1e2>
  401843:	bf 2b 00 00 00       	mov    $0x2b,%edi
  401848:	e8 83 0b 00 00       	call   4023d0 <set_cpu_feature.constprop.0>
  40184d:	e9 e0 fa ff ff       	jmp    401332 <get_available_features.constprop.0+0x212>
  401852:	bf 2c 00 00 00       	mov    $0x2c,%edi
  401857:	e8 74 0b 00 00       	call   4023d0 <set_cpu_feature.constprop.0>
  40185c:	e9 dd fa ff ff       	jmp    40133e <get_available_features.constprop.0+0x21e>
  401861:	bf 41 00 00 00       	mov    $0x41,%edi
  401866:	e8 65 0b 00 00       	call   4023d0 <set_cpu_feature.constprop.0>
  40186b:	e9 d8 fa ff ff       	jmp    401348 <get_available_features.constprop.0+0x228>
  401870:	bf 40 00 00 00       	mov    $0x40,%edi
  401875:	e8 56 0b 00 00       	call   4023d0 <set_cpu_feature.constprop.0>
  40187a:	e9 d3 fa ff ff       	jmp    401352 <get_available_features.constprop.0+0x232>
  40187f:	bf 44 00 00 00       	mov    $0x44,%edi
  401884:	e8 47 0b 00 00       	call   4023d0 <set_cpu_feature.constprop.0>
  401889:	e9 d1 fa ff ff       	jmp    40135f <get_available_features.constprop.0+0x23f>
  40188e:	bf 20 00 00 00       	mov    $0x20,%edi
  401893:	e8 38 0b 00 00       	call   4023d0 <set_cpu_feature.constprop.0>
  401898:	e9 cf fa ff ff       	jmp    40136c <get_available_features.constprop.0+0x24c>
  40189d:	bf 3c 00 00 00       	mov    $0x3c,%edi
  4018a2:	e8 29 0b 00 00       	call   4023d0 <set_cpu_feature.constprop.0>
  4018a7:	e9 cd fa ff ff       	jmp    401379 <get_available_features.constprop.0+0x259>
  4018ac:	bf 3b 00 00 00       	mov    $0x3b,%edi
  4018b1:	e8 1a 0b 00 00       	call   4023d0 <set_cpu_feature.constprop.0>
  4018b6:	e9 cb fa ff ff       	jmp    401386 <get_available_features.constprop.0+0x266>
  4018bb:	bf 30 00 00 00       	mov    $0x30,%edi
  4018c0:	e8 0b 0b 00 00       	call   4023d0 <set_cpu_feature.constprop.0>
  4018c5:	e9 c9 fa ff ff       	jmp    401393 <get_available_features.constprop.0+0x273>
  4018ca:	bf 2a 00 00 00       	mov    $0x2a,%edi
  4018cf:	e8 fc 0a 00 00       	call   4023d0 <set_cpu_feature.constprop.0>
  4018d4:	e9 c7 fa ff ff       	jmp    4013a0 <get_available_features.constprop.0+0x280>
  4018d9:	bf 4f 00 00 00       	mov    $0x4f,%edi
  4018de:	e8 ed 0a 00 00       	call   4023d0 <set_cpu_feature.constprop.0>
  4018e3:	e9 c2 fa ff ff       	jmp    4013aa <get_available_features.constprop.0+0x28a>
  4018e8:	bf 4b 00 00 00       	mov    $0x4b,%edi
  4018ed:	e8 de 0a 00 00       	call   4023d0 <set_cpu_feature.constprop.0>
  4018f2:	e9 bd fa ff ff       	jmp    4013b4 <get_available_features.constprop.0+0x294>
  4018f7:	bf 48 00 00 00       	mov    $0x48,%edi
  4018fc:	e8 cf 0a 00 00       	call   4023d0 <set_cpu_feature.constprop.0>
  401901:	e9 bb fa ff ff       	jmp    4013c1 <get_available_features.constprop.0+0x2a1>
  401906:	bf 4d 00 00 00       	mov    $0x4d,%edi
  40190b:	e8 c0 0a 00 00       	call   4023d0 <set_cpu_feature.constprop.0>
  401910:	e9 b9 fa ff ff       	jmp    4013ce <get_available_features.constprop.0+0x2ae>
  401915:	bf 3f 00 00 00       	mov    $0x3f,%edi
  40191a:	e8 b1 0a 00 00       	call   4023d0 <set_cpu_feature.constprop.0>
  40191f:	e9 b7 fa ff ff       	jmp    4013db <get_available_features.constprop.0+0x2bb>
  401924:	bf 35 00 00 00       	mov    $0x35,%edi
  401929:	e8 a2 0a 00 00       	call   4023d0 <set_cpu_feature.constprop.0>
  40192e:	e9 b5 fa ff ff       	jmp    4013e8 <get_available_features.constprop.0+0x2c8>
  401933:	bf 47 00 00 00       	mov    $0x47,%edi
  401938:	e8 93 0a 00 00       	call   4023d0 <set_cpu_feature.constprop.0>
  40193d:	e9 86 f9 ff ff       	jmp    4012c8 <get_available_features.constprop.0+0x1a8>
  401942:	81 0d 10 37 00 00 00 	orl    $0x200,0x3710(%rip)        # 40505c <__cpu_model+0xc>
  401949:	02 00 00 
  40194c:	e9 21 f9 ff ff       	jmp    401272 <get_available_features.constprop.0+0x152>
  401951:	81 0d 01 37 00 00 00 	orl    $0x4000,0x3701(%rip)        # 40505c <__cpu_model+0xc>
  401958:	40 00 00 
  40195b:	e9 1f f9 ff ff       	jmp    40127f <get_available_features.constprop.0+0x15f>
  401960:	bf 31 00 00 00       	mov    $0x31,%edi
  401965:	e8 66 0a 00 00       	call   4023d0 <set_cpu_feature.constprop.0>
  40196a:	e9 1d f9 ff ff       	jmp    40128c <get_available_features.constprop.0+0x16c>
  40196f:	81 0d e3 36 00 00 00 	orl    $0x800,0x36e3(%rip)        # 40505c <__cpu_model+0xc>
  401976:	08 00 00 
  401979:	e9 51 fc ff ff       	jmp    4015cf <get_available_features.constprop.0+0x4af>
  40197e:	bf 36 00 00 00       	mov    $0x36,%edi
  401983:	e8 48 0a 00 00       	call   4023d0 <set_cpu_feature.constprop.0>
  401988:	e9 4c fc ff ff       	jmp    4015d9 <get_available_features.constprop.0+0x4b9>
  40198d:	bf 28 00 00 00       	mov    $0x28,%edi
  401992:	e8 39 0a 00 00       	call   4023d0 <set_cpu_feature.constprop.0>
  401997:	e9 7e f9 ff ff       	jmp    40131a <get_available_features.constprop.0+0x1fa>
  40199c:	bf 4a 00 00 00       	mov    $0x4a,%edi
  4019a1:	e8 2a 0a 00 00       	call   4023d0 <set_cpu_feature.constprop.0>
  4019a6:	e9 7b f9 ff ff       	jmp    401326 <get_available_features.constprop.0+0x206>
  4019ab:	bf 46 00 00 00       	mov    $0x46,%edi
  4019b0:	e8 1b 0a 00 00       	call   4023d0 <set_cpu_feature.constprop.0>
  4019b5:	e9 54 f9 ff ff       	jmp    40130e <get_available_features.constprop.0+0x1ee>
  4019ba:	81 0d 98 36 00 00 00 	orl    $0x10000,0x3698(%rip)        # 40505c <__cpu_model+0xc>
  4019c1:	00 01 00 
  4019c4:	e9 e4 f8 ff ff       	jmp    4012ad <get_available_features.constprop.0+0x18d>
  4019c9:	bf 49 00 00 00       	mov    $0x49,%edi
  4019ce:	e8 fd 09 00 00       	call   4023d0 <set_cpu_feature.constprop.0>
  4019d3:	e9 de f8 ff ff       	jmp    4012b6 <get_available_features.constprop.0+0x196>
  4019d8:	bf 34 00 00 00       	mov    $0x34,%edi
  4019dd:	e8 ee 09 00 00       	call   4023d0 <set_cpu_feature.constprop.0>
  4019e2:	e9 d8 f8 ff ff       	jmp    4012bf <get_available_features.constprop.0+0x19f>
  4019e7:	bf 24 00 00 00       	mov    $0x24,%edi
  4019ec:	e8 df 09 00 00       	call   4023d0 <set_cpu_feature.constprop.0>
  4019f1:	e9 29 fb ff ff       	jmp    40151f <get_available_features.constprop.0+0x3ff>
  4019f6:	58                   	pop    %rax
  4019f7:	bf 50 00 00 00       	mov    $0x50,%edi
  4019fc:	5b                   	pop    %rbx
  4019fd:	5d                   	pop    %rbp
  4019fe:	41 5c                	pop    %r12
  401a00:	41 5d                	pop    %r13
  401a02:	e9 c9 09 00 00       	jmp    4023d0 <set_cpu_feature.constprop.0>
  401a07:	bf 2d 00 00 00       	mov    $0x2d,%edi
  401a0c:	e8 bf 09 00 00       	call   4023d0 <set_cpu_feature.constprop.0>
  401a11:	e9 64 fc ff ff       	jmp    40167a <get_available_features.constprop.0+0x55a>
  401a16:	81 0d 3c 36 00 00 00 	orl    $0x2000,0x363c(%rip)        # 40505c <__cpu_model+0xc>
  401a1d:	20 00 00 
  401a20:	e9 3c fc ff ff       	jmp    401661 <get_available_features.constprop.0+0x541>
  401a25:	81 0d 2d 36 00 00 00 	orl    $0x1000,0x362d(%rip)        # 40505c <__cpu_model+0xc>
  401a2c:	10 00 00 
  401a2f:	e9 20 fc ff ff       	jmp    401654 <get_available_features.constprop.0+0x534>
  401a34:	bf 59 00 00 00       	mov    $0x59,%edi
  401a39:	89 44 24 04          	mov    %eax,0x4(%rsp)
  401a3d:	e8 8e 09 00 00       	call   4023d0 <set_cpu_feature.constprop.0>
  401a42:	45 85 db             	test   %r11d,%r11d
  401a45:	8b 44 24 04          	mov    0x4(%rsp),%eax
  401a49:	0f 85 5f fc ff ff    	jne    4016ae <get_available_features.constprop.0+0x58e>
  401a4f:	e9 cb fa ff ff       	jmp    40151f <get_available_features.constprop.0+0x3ff>
  401a54:	bf 59 00 00 00       	mov    $0x59,%edi
  401a59:	e8 72 09 00 00       	call   4023d0 <set_cpu_feature.constprop.0>
  401a5e:	e9 a3 fa ff ff       	jmp    401506 <get_available_features.constprop.0+0x3e6>
  401a63:	bf 57 00 00 00       	mov    $0x57,%edi
  401a68:	e8 63 09 00 00       	call   4023d0 <set_cpu_feature.constprop.0>
  401a6d:	e9 ac f9 ff ff       	jmp    40141e <get_available_features.constprop.0+0x2fe>
  401a72:	bf 56 00 00 00       	mov    $0x56,%edi
  401a77:	e8 54 09 00 00       	call   4023d0 <set_cpu_feature.constprop.0>
  401a7c:	e9 90 f9 ff ff       	jmp    401411 <get_available_features.constprop.0+0x2f1>
  401a81:	bf 4e 00 00 00       	mov    $0x4e,%edi
  401a86:	e8 45 09 00 00       	call   4023d0 <set_cpu_feature.constprop.0>
  401a8b:	e9 60 f8 ff ff       	jmp    4012f0 <get_available_features.constprop.0+0x1d0>
  401a90:	bf 21 00 00 00       	mov    $0x21,%edi
  401a95:	e8 36 09 00 00       	call   4023d0 <set_cpu_feature.constprop.0>
  401a9a:	e9 44 f8 ff ff       	jmp    4012e3 <get_available_features.constprop.0+0x1c3>
  401a9f:	bf 5e 00 00 00       	mov    $0x5e,%edi
  401aa4:	e8 27 09 00 00       	call   4023d0 <set_cpu_feature.constprop.0>
  401aa9:	e9 3e fa ff ff       	jmp    4014ec <get_available_features.constprop.0+0x3cc>
  401aae:	bf 25 00 00 00       	mov    $0x25,%edi
  401ab3:	e8 18 09 00 00       	call   4023d0 <set_cpu_feature.constprop.0>
  401ab8:	e9 22 fa ff ff       	jmp    4014df <get_available_features.constprop.0+0x3bf>
  401abd:	81 0d 95 35 00 00 00 	orl    $0x20000000,0x3595(%rip)        # 40505c <__cpu_model+0xc>
  401ac4:	00 00 20 
  401ac7:	e9 06 fa ff ff       	jmp    4014d2 <get_available_features.constprop.0+0x3b2>
  401acc:	81 0d 86 35 00 00 00 	orl    $0x10000000,0x3586(%rip)        # 40505c <__cpu_model+0xc>
  401ad3:	00 00 10 
  401ad6:	e9 ed f9 ff ff       	jmp    4014c8 <get_available_features.constprop.0+0x3a8>
  401adb:	81 0d 77 35 00 00 00 	orl    $0x40000000,0x3577(%rip)        # 40505c <__cpu_model+0xc>
  401ae2:	00 00 40 
  401ae5:	e9 d4 f9 ff ff       	jmp    4014be <get_available_features.constprop.0+0x39e>
  401aea:	bf 23 00 00 00       	mov    $0x23,%edi
  401aef:	e8 dc 08 00 00       	call   4023d0 <set_cpu_feature.constprop.0>
  401af4:	e9 b8 f9 ff ff       	jmp    4014b1 <get_available_features.constprop.0+0x391>
  401af9:	bf 22 00 00 00       	mov    $0x22,%edi
  401afe:	e8 cd 08 00 00       	call   4023d0 <set_cpu_feature.constprop.0>
  401b03:	e9 9c f9 ff ff       	jmp    4014a4 <get_available_features.constprop.0+0x384>
  401b08:	81 0d 4a 35 00 00 00 	orl    $0x80000000,0x354a(%rip)        # 40505c <__cpu_model+0xc>
  401b0f:	00 00 80 
  401b12:	e9 80 f9 ff ff       	jmp    401497 <get_available_features.constprop.0+0x377>
  401b17:	bf 54 00 00 00       	mov    $0x54,%edi
  401b1c:	e8 af 08 00 00       	call   4023d0 <set_cpu_feature.constprop.0>
  401b21:	e9 2d fa ff ff       	jmp    401553 <get_available_features.constprop.0+0x433>
  401b26:	bf 52 00 00 00       	mov    $0x52,%edi
  401b2b:	e8 a0 08 00 00       	call   4023d0 <set_cpu_feature.constprop.0>
  401b30:	e9 14 fa ff ff       	jmp    401549 <get_available_features.constprop.0+0x429>
  401b35:	bf 53 00 00 00       	mov    $0x53,%edi
  401b3a:	e8 91 08 00 00       	call   4023d0 <set_cpu_feature.constprop.0>
  401b3f:	e9 fb f9 ff ff       	jmp    40153f <get_available_features.constprop.0+0x41f>
  401b44:	bf 55 00 00 00       	mov    $0x55,%edi
  401b49:	e8 82 08 00 00       	call   4023d0 <set_cpu_feature.constprop.0>
  401b4e:	e9 b1 f8 ff ff       	jmp    401404 <get_available_features.constprop.0+0x2e4>
  401b53:	81 0d ff 34 00 00 00 	orl    $0x8000,0x34ff(%rip)        # 40505c <__cpu_model+0xc>
  401b5a:	80 00 00 
  401b5d:	e9 d1 f8 ff ff       	jmp    401433 <get_available_features.constprop.0+0x313>
  401b62:	81 0d f0 34 00 00 00 	orl    $0x400,0x34f0(%rip)        # 40505c <__cpu_model+0xc>
  401b69:	04 00 00 
  401b6c:	e9 65 f7 ff ff       	jmp    4012d6 <get_available_features.constprop.0+0x1b6>
  401b71:	81 0d e1 34 00 00 00 	orl    $0x4000000,0x34e1(%rip)        # 40505c <__cpu_model+0xc>
  401b78:	00 00 04 
  401b7b:	e9 0d f9 ff ff       	jmp    40148d <get_available_features.constprop.0+0x36d>
  401b80:	81 0d d2 34 00 00 00 	orl    $0x8000000,0x34d2(%rip)        # 40505c <__cpu_model+0xc>
  401b87:	00 00 08 
  401b8a:	e9 f4 f8 ff ff       	jmp    401483 <get_available_features.constprop.0+0x363>
  401b8f:	81 0d c3 34 00 00 00 	orl    $0x1000000,0x34c3(%rip)        # 40505c <__cpu_model+0xc>
  401b96:	00 00 01 
  401b99:	e9 d9 f8 ff ff       	jmp    401477 <get_available_features.constprop.0+0x357>
  401b9e:	81 0d b4 34 00 00 00 	orl    $0x2000000,0x34b4(%rip)        # 40505c <__cpu_model+0xc>
  401ba5:	00 00 02 
  401ba8:	e9 be f8 ff ff       	jmp    40146b <get_available_features.constprop.0+0x34b>
  401bad:	81 0d a5 34 00 00 00 	orl    $0x800000,0x34a5(%rip)        # 40505c <__cpu_model+0xc>
  401bb4:	00 80 00 
  401bb7:	e9 a3 f8 ff ff       	jmp    40145f <get_available_features.constprop.0+0x33f>
  401bbc:	81 0d 96 34 00 00 00 	orl    $0x400000,0x3496(%rip)        # 40505c <__cpu_model+0xc>
  401bc3:	00 40 00 
  401bc6:	e9 88 f8 ff ff       	jmp    401453 <get_available_features.constprop.0+0x333>
  401bcb:	81 0d 87 34 00 00 00 	orl    $0x200000,0x3487(%rip)        # 40505c <__cpu_model+0xc>
  401bd2:	00 20 00 
  401bd5:	e9 6d f8 ff ff       	jmp    401447 <get_available_features.constprop.0+0x327>
  401bda:	bf 38 00 00 00       	mov    $0x38,%edi
  401bdf:	e8 ec 07 00 00       	call   4023d0 <set_cpu_feature.constprop.0>
  401be4:	85 ed                	test   %ebp,%ebp
  401be6:	0f 84 19 fa ff ff    	je     401605 <get_available_features.constprop.0+0x4e5>
  401bec:	bf 4c 00 00 00       	mov    $0x4c,%edi
  401bf1:	e8 da 07 00 00       	call   4023d0 <set_cpu_feature.constprop.0>
  401bf6:	e9 0a fa ff ff       	jmp    401605 <get_available_features.constprop.0+0x4e5>
  401bfb:	81 0d 57 34 00 00 00 	orl    $0x100000,0x3457(%rip)        # 40505c <__cpu_model+0xc>
  401c02:	00 10 00 
  401c05:	e9 31 f8 ff ff       	jmp    40143b <get_available_features.constprop.0+0x31b>
  401c0a:	bf 27 00 00 00       	mov    $0x27,%edi
  401c0f:	e8 bc 07 00 00       	call   4023d0 <set_cpu_feature.constprop.0>
  401c14:	e9 20 fa ff ff       	jmp    401639 <get_available_features.constprop.0+0x519>
  401c19:	bf 37 00 00 00       	mov    $0x37,%edi
  401c1e:	e8 ad 07 00 00       	call   4023d0 <set_cpu_feature.constprop.0>
  401c23:	e9 04 fa ff ff       	jmp    40162c <get_available_features.constprop.0+0x50c>
  401c28:	bf 3d 00 00 00       	mov    $0x3d,%edi
  401c2d:	e8 9e 07 00 00       	call   4023d0 <set_cpu_feature.constprop.0>
  401c32:	e9 e8 f9 ff ff       	jmp    40161f <get_available_features.constprop.0+0x4ff>
  401c37:	bf 42 00 00 00       	mov    $0x42,%edi
  401c3c:	e8 8f 07 00 00       	call   4023d0 <set_cpu_feature.constprop.0>
  401c41:	e9 cc f9 ff ff       	jmp    401612 <get_available_features.constprop.0+0x4f2>
  401c46:	bf 26 00 00 00       	mov    $0x26,%edi
  401c4b:	e8 80 07 00 00       	call   4023d0 <set_cpu_feature.constprop.0>
  401c50:	e9 ed f9 ff ff       	jmp    401642 <get_available_features.constprop.0+0x522>
  401c55:	bf 43 00 00 00       	mov    $0x43,%edi
  401c5a:	e8 71 07 00 00       	call   4023d0 <set_cpu_feature.constprop.0>
  401c5f:	e9 06 f9 ff ff       	jmp    40156a <get_available_features.constprop.0+0x44a>
  401c64:	bf 4c 00 00 00       	mov    $0x4c,%edi
  401c69:	e8 62 07 00 00       	call   4023d0 <set_cpu_feature.constprop.0>
  401c6e:	e9 a3 fb ff ff       	jmp    401816 <get_available_features.constprop.0+0x6f6>
  401c73:	bf 38 00 00 00       	mov    $0x38,%edi
  401c78:	e8 53 07 00 00       	call   4023d0 <set_cpu_feature.constprop.0>
  401c7d:	e9 8c fb ff ff       	jmp    40180e <get_available_features.constprop.0+0x6ee>
  401c82:	bf 5d 00 00 00       	mov    $0x5d,%edi
  401c87:	e8 44 07 00 00       	call   4023d0 <set_cpu_feature.constprop.0>
  401c8c:	e9 84 f8 ff ff       	jmp    401515 <get_available_features.constprop.0+0x3f5>
  401c91:	bf 5c 00 00 00       	mov    $0x5c,%edi
  401c96:	e8 35 07 00 00       	call   4023d0 <set_cpu_feature.constprop.0>
  401c9b:	e9 ee f8 ff ff       	jmp    40158e <get_available_features.constprop.0+0x46e>
  401ca0:	bf 5a 00 00 00       	mov    $0x5a,%edi
  401ca5:	e8 26 07 00 00       	call   4023d0 <set_cpu_feature.constprop.0>
  401caa:	e9 f1 f8 ff ff       	jmp    4015a0 <get_available_features.constprop.0+0x480>
  401caf:	90                   	nop

0000000000401cb0 <__cpu_indicator_init>:
  401cb0:	f3 0f 1e fa          	endbr64 
  401cb4:	8b 3d 96 33 00 00    	mov    0x3396(%rip),%edi        # 405050 <__cpu_model>
  401cba:	85 ff                	test   %edi,%edi
  401cbc:	0f 85 16 06 00 00    	jne    4022d8 <__cpu_indicator_init+0x628>
  401cc2:	53                   	push   %rbx
  401cc3:	31 f6                	xor    %esi,%esi
  401cc5:	89 f0                	mov    %esi,%eax
  401cc7:	48 83 ec 10          	sub    $0x10,%rsp
  401ccb:	0f a2                	cpuid  
  401ccd:	85 c0                	test   %eax,%eax
  401ccf:	0f 84 ad 00 00 00    	je     401d82 <__cpu_indicator_init+0xd2>
  401cd5:	89 f0                	mov    %esi,%eax
  401cd7:	0f a2                	cpuid  
  401cd9:	41 89 d8             	mov    %ebx,%r8d
  401cdc:	89 c7                	mov    %eax,%edi
  401cde:	85 c0                	test   %eax,%eax
  401ce0:	0f 8e 9c 00 00 00    	jle    401d82 <__cpu_indicator_init+0xd2>
  401ce6:	89 f0                	mov    %esi,%eax
  401ce8:	0f a2                	cpuid  
  401cea:	85 c0                	test   %eax,%eax
  401cec:	0f 84 90 00 00 00    	je     401d82 <__cpu_indicator_init+0xd2>
  401cf2:	b8 01 00 00 00       	mov    $0x1,%eax
  401cf7:	0f a2                	cpuid  
  401cf9:	89 c6                	mov    %eax,%esi
  401cfb:	41 89 c1             	mov    %eax,%r9d
  401cfe:	89 7c 24 08          	mov    %edi,0x8(%rsp)
  401d02:	89 c7                	mov    %eax,%edi
  401d04:	c1 ef 04             	shr    $0x4,%edi
  401d07:	c1 ee 08             	shr    $0x8,%esi
  401d0a:	41 c1 e9 0c          	shr    $0xc,%r9d
  401d0e:	c1 e8 14             	shr    $0x14,%eax
  401d11:	83 e7 0f             	and    $0xf,%edi
  401d14:	83 e6 0f             	and    $0xf,%esi
  401d17:	41 81 e1 f0 00 00 00 	and    $0xf0,%r9d
  401d1e:	0f b6 c0             	movzbl %al,%eax
  401d21:	41 81 f8 47 65 6e 75 	cmp    $0x756e6547,%r8d
  401d28:	74 6b                	je     401d95 <__cpu_indicator_init+0xe5>
  401d2a:	41 81 f8 41 75 74 68 	cmp    $0x68747541,%r8d
  401d31:	0f 84 f1 01 00 00    	je     401f28 <__cpu_indicator_init+0x278>
  401d37:	41 81 f8 43 65 6e 74 	cmp    $0x746e6543,%r8d
  401d3e:	0f 84 5a 01 00 00    	je     401e9e <__cpu_indicator_init+0x1ee>
  401d44:	41 81 f8 43 79 72 69 	cmp    $0x69727943,%r8d
  401d4b:	0f 84 27 02 00 00    	je     401f78 <__cpu_indicator_init+0x2c8>
  401d51:	31 c0                	xor    %eax,%eax
  401d53:	41 81 f8 47 65 6f 64 	cmp    $0x646f6547,%r8d
  401d5a:	0f 94 c0             	sete   %al
  401d5d:	8d 44 40 03          	lea    0x3(%rax,%rax,2),%eax
  401d61:	bf 37 00 00 00       	mov    $0x37,%edi
  401d66:	89 05 e4 32 00 00    	mov    %eax,0x32e4(%rip)        # 405050 <__cpu_model>
  401d6c:	e8 8f f3 ff ff       	call   401100 <has_cpu_feature.part.0.constprop.0>
  401d71:	85 c0                	test   %eax,%eax
  401d73:	74 09                	je     401d7e <__cpu_indicator_init+0xce>
  401d75:	f6 05 e0 32 00 00 10 	testb  $0x10,0x32e0(%rip)        # 40505c <__cpu_model+0xc>
  401d7c:	75 31                	jne    401daf <__cpu_indicator_init+0xff>
  401d7e:	31 c0                	xor    %eax,%eax
  401d80:	eb 0d                	jmp    401d8f <__cpu_indicator_init+0xdf>
  401d82:	c7 05 c4 32 00 00 03 	movl   $0x3,0x32c4(%rip)        # 405050 <__cpu_model>
  401d89:	00 00 00 
  401d8c:	83 c8 ff             	or     $0xffffffff,%eax
  401d8f:	48 83 c4 10          	add    $0x10,%rsp
  401d93:	5b                   	pop    %rbx
  401d94:	c3                   	ret    
  401d95:	83 fe 0f             	cmp    $0xf,%esi
  401d98:	0f 84 0a 01 00 00    	je     401ea8 <__cpu_indicator_init+0x1f8>
  401d9e:	83 fe 06             	cmp    $0x6,%esi
  401da1:	0f 85 07 01 00 00    	jne    401eae <__cpu_indicator_init+0x1fe>
  401da7:	44 09 cf             	or     %r9d,%edi
  401daa:	e9 ff 00 00 00       	jmp    401eae <__cpu_indicator_init+0x1fe>
  401daf:	bf 5f 00 00 00       	mov    $0x5f,%edi
  401db4:	e8 17 06 00 00       	call   4023d0 <set_cpu_feature.constprop.0>
  401db9:	bf 2e 00 00 00       	mov    $0x2e,%edi
  401dbe:	e8 3d f3 ff ff       	call   401100 <has_cpu_feature.part.0.constprop.0>
  401dc3:	85 c0                	test   %eax,%eax
  401dc5:	74 b7                	je     401d7e <__cpu_indicator_init+0xce>
  401dc7:	8b 35 8f 32 00 00    	mov    0x328f(%rip),%esi        # 40505c <__cpu_model+0xc>
  401dcd:	40 f6 c6 04          	test   $0x4,%sil
  401dd1:	74 ab                	je     401d7e <__cpu_indicator_init+0xce>
  401dd3:	bf 36 00 00 00       	mov    $0x36,%edi
  401dd8:	e8 23 f3 ff ff       	call   401100 <has_cpu_feature.part.0.constprop.0>
  401ddd:	85 c0                	test   %eax,%eax
  401ddf:	74 9d                	je     401d7e <__cpu_indicator_init+0xce>
  401de1:	81 e6 00 01 00 00    	and    $0x100,%esi
  401de7:	74 95                	je     401d7e <__cpu_indicator_init+0xce>
  401de9:	bf 60 00 00 00       	mov    $0x60,%edi
  401dee:	e8 dd 05 00 00       	call   4023d0 <set_cpu_feature.constprop.0>
  401df3:	8b 35 63 32 00 00    	mov    0x3263(%rip),%esi        # 40505c <__cpu_model+0xc>
  401df9:	89 f0                	mov    %esi,%eax
  401dfb:	25 00 04 01 00       	and    $0x10400,%eax
  401e00:	3d 00 04 01 00       	cmp    $0x10400,%eax
  401e05:	0f 85 73 ff ff ff    	jne    401d7e <__cpu_indicator_init+0xce>
  401e0b:	f7 c6 00 00 02 00    	test   $0x20000,%esi
  401e11:	0f 84 67 ff ff ff    	je     401d7e <__cpu_indicator_init+0xce>
  401e17:	bf 31 00 00 00       	mov    $0x31,%edi
  401e1c:	e8 df f2 ff ff       	call   401100 <has_cpu_feature.part.0.constprop.0>
  401e21:	85 c0                	test   %eax,%eax
  401e23:	0f 84 55 ff ff ff    	je     401d7e <__cpu_indicator_init+0xce>
  401e29:	81 e6 00 40 00 00    	and    $0x4000,%esi
  401e2f:	0f 84 49 ff ff ff    	je     401d7e <__cpu_indicator_init+0xce>
  401e35:	bf 39 00 00 00       	mov    $0x39,%edi
  401e3a:	e8 c1 f2 ff ff       	call   401100 <has_cpu_feature.part.0.constprop.0>
  401e3f:	85 c0                	test   %eax,%eax
  401e41:	0f 84 37 ff ff ff    	je     401d7e <__cpu_indicator_init+0xce>
  401e47:	bf 3a 00 00 00       	mov    $0x3a,%edi
  401e4c:	e8 af f2 ff ff       	call   401100 <has_cpu_feature.part.0.constprop.0>
  401e51:	85 c0                	test   %eax,%eax
  401e53:	0f 84 25 ff ff ff    	je     401d7e <__cpu_indicator_init+0xce>
  401e59:	bf 61 00 00 00       	mov    $0x61,%edi
  401e5e:	e8 6d 05 00 00       	call   4023d0 <set_cpu_feature.constprop.0>
  401e63:	8b 05 f3 31 00 00    	mov    0x31f3(%rip),%eax        # 40505c <__cpu_model+0xc>
  401e69:	89 c2                	mov    %eax,%edx
  401e6b:	81 e2 00 00 a0 00    	and    $0xa00000,%edx
  401e71:	81 fa 00 00 a0 00    	cmp    $0xa00000,%edx
  401e77:	0f 85 01 ff ff ff    	jne    401d7e <__cpu_indicator_init+0xce>
  401e7d:	25 00 00 50 00       	and    $0x500000,%eax
  401e82:	3d 00 00 50 00       	cmp    $0x500000,%eax
  401e87:	0f 85 f1 fe ff ff    	jne    401d7e <__cpu_indicator_init+0xce>
  401e8d:	bf 62 00 00 00       	mov    $0x62,%edi
  401e92:	e8 39 05 00 00       	call   4023d0 <set_cpu_feature.constprop.0>
  401e97:	31 c0                	xor    %eax,%eax
  401e99:	e9 f1 fe ff ff       	jmp    401d8f <__cpu_indicator_init+0xdf>
  401e9e:	b8 04 00 00 00       	mov    $0x4,%eax
  401ea3:	e9 b9 fe ff ff       	jmp    401d61 <__cpu_indicator_init+0xb1>
  401ea8:	8d 70 0f             	lea    0xf(%rax),%esi
  401eab:	44 09 cf             	or     %r9d,%edi
  401eae:	89 34 24             	mov    %esi,(%rsp)
  401eb1:	89 ce                	mov    %ecx,%esi
  401eb3:	89 7c 24 04          	mov    %edi,0x4(%rsp)
  401eb7:	48 89 e7             	mov    %rsp,%rdi
  401eba:	e8 61 f2 ff ff       	call   401120 <get_available_features.constprop.0>
  401ebf:	83 3c 24 06          	cmpl   $0x6,(%rsp)
  401ec3:	75 2a                	jne    401eef <__cpu_indicator_init+0x23f>
  401ec5:	8b 4c 24 04          	mov    0x4(%rsp),%ecx
  401ec9:	83 f9 1f             	cmp    $0x1f,%ecx
  401ecc:	76 1c                	jbe    401eea <__cpu_indicator_init+0x23a>
  401ece:	83 e9 25             	sub    $0x25,%ecx
  401ed1:	81 f9 9a 00 00 00    	cmp    $0x9a,%ecx
  401ed7:	77 16                	ja     401eef <__cpu_indicator_init+0x23f>
  401ed9:	48 8d 15 e0 11 00 00 	lea    0x11e0(%rip),%rdx        # 4030c0 <__dso_handle+0xb8>
  401ee0:	48 63 04 8a          	movslq (%rdx,%rcx,4),%rax
  401ee4:	48 01 d0             	add    %rdx,%rax
  401ee7:	3e ff e0             	notrack jmp *%rax
  401eea:	83 f9 0e             	cmp    $0xe,%ecx
  401eed:	77 0a                	ja     401ef9 <__cpu_indicator_init+0x249>
  401eef:	b8 01 00 00 00       	mov    $0x1,%eax
  401ef4:	e9 68 fe ff ff       	jmp    401d61 <__cpu_indicator_init+0xb1>
  401ef9:	b8 01 00 00 00       	mov    $0x1,%eax
  401efe:	48 d3 e0             	shl    %cl,%rax
  401f01:	a9 00 80 80 20       	test   $0x20808000,%eax
  401f06:	0f 85 fd 02 00 00    	jne    402209 <__cpu_indicator_init+0x559>
  401f0c:	a9 00 00 00 c4       	test   $0xc4000000,%eax
  401f11:	0f 85 21 02 00 00    	jne    402138 <__cpu_indicator_init+0x488>
  401f17:	83 f9 1c             	cmp    $0x1c,%ecx
  401f1a:	75 d3                	jne    401eef <__cpu_indicator_init+0x23f>
  401f1c:	c7 05 2e 31 00 00 01 	movl   $0x1,0x312e(%rip)        # 405054 <__cpu_model+0x4>
  401f23:	00 00 00 
  401f26:	eb c7                	jmp    401eef <__cpu_indicator_init+0x23f>
  401f28:	83 fe 0f             	cmp    $0xf,%esi
  401f2b:	75 06                	jne    401f33 <__cpu_indicator_init+0x283>
  401f2d:	8d 70 0f             	lea    0xf(%rax),%esi
  401f30:	44 09 cf             	or     %r9d,%edi
  401f33:	89 34 24             	mov    %esi,(%rsp)
  401f36:	89 ce                	mov    %ecx,%esi
  401f38:	89 7c 24 04          	mov    %edi,0x4(%rsp)
  401f3c:	48 89 e7             	mov    %rsp,%rdi
  401f3f:	e8 dc f1 ff ff       	call   401120 <get_available_features.constprop.0>
  401f44:	8b 04 24             	mov    (%rsp),%eax
  401f47:	8b 4c 24 04          	mov    0x4(%rsp),%ecx
  401f4b:	83 e8 10             	sub    $0x10,%eax
  401f4e:	83 f8 09             	cmp    $0x9,%eax
  401f51:	77 1b                	ja     401f6e <__cpu_indicator_init+0x2be>
  401f53:	48 8d 15 d2 13 00 00 	lea    0x13d2(%rip),%rdx        # 40332c <__dso_handle+0x324>
  401f5a:	48 63 04 82          	movslq (%rdx,%rax,4),%rax
  401f5e:	48 01 d0             	add    %rdx,%rax
  401f61:	3e ff e0             	notrack jmp *%rax
  401f64:	c7 05 e6 30 00 00 08 	movl   $0x8,0x30e6(%rip)        # 405054 <__cpu_model+0x4>
  401f6b:	00 00 00 
  401f6e:	b8 02 00 00 00       	mov    $0x2,%eax
  401f73:	e9 e9 fd ff ff       	jmp    401d61 <__cpu_indicator_init+0xb1>
  401f78:	b8 05 00 00 00       	mov    $0x5,%eax
  401f7d:	e9 df fd ff ff       	jmp    401d61 <__cpu_indicator_init+0xb1>
  401f82:	c7 05 c8 30 00 00 0f 	movl   $0xf,0x30c8(%rip)        # 405054 <__cpu_model+0x4>
  401f89:	00 00 00 
  401f8c:	83 f9 0f             	cmp    $0xf,%ecx
  401f8f:	0f 87 44 02 00 00    	ja     4021d9 <__cpu_indicator_init+0x529>
  401f95:	c7 05 b9 30 00 00 1a 	movl   $0x1a,0x30b9(%rip)        # 405058 <__cpu_model+0x8>
  401f9c:	00 00 00 
  401f9f:	eb cd                	jmp    401f6e <__cpu_indicator_init+0x2be>
  401fa1:	c7 05 a9 30 00 00 0a 	movl   $0xa,0x30a9(%rip)        # 405054 <__cpu_model+0x4>
  401fa8:	00 00 00 
  401fab:	83 f9 1f             	cmp    $0x1f,%ecx
  401fae:	0f 87 11 02 00 00    	ja     4021c5 <__cpu_indicator_init+0x515>
  401fb4:	c7 05 9a 30 00 00 0b 	movl   $0xb,0x309a(%rip)        # 405058 <__cpu_model+0x8>
  401fbb:	00 00 00 
  401fbe:	eb ae                	jmp    401f6e <__cpu_indicator_init+0x2be>
  401fc0:	c7 05 8a 30 00 00 09 	movl   $0x9,0x308a(%rip)        # 405054 <__cpu_model+0x4>
  401fc7:	00 00 00 
  401fca:	eb a2                	jmp    401f6e <__cpu_indicator_init+0x2be>
  401fcc:	c7 05 7e 30 00 00 04 	movl   $0x4,0x307e(%rip)        # 405054 <__cpu_model+0x4>
  401fd3:	00 00 00 
  401fd6:	83 f9 04             	cmp    $0x4,%ecx
  401fd9:	0f 84 48 02 00 00    	je     402227 <__cpu_indicator_init+0x577>
  401fdf:	83 f9 08             	cmp    $0x8,%ecx
  401fe2:	0f 84 30 02 00 00    	je     402218 <__cpu_indicator_init+0x568>
  401fe8:	83 f9 02             	cmp    $0x2,%ecx
  401feb:	75 81                	jne    401f6e <__cpu_indicator_init+0x2be>
  401fed:	c7 05 61 30 00 00 04 	movl   $0x4,0x3061(%rip)        # 405058 <__cpu_model+0x8>
  401ff4:	00 00 00 
  401ff7:	e9 72 ff ff ff       	jmp    401f6e <__cpu_indicator_init+0x2be>
  401ffc:	c7 05 4e 30 00 00 05 	movl   $0x5,0x304e(%rip)        # 405054 <__cpu_model+0x4>
  402003:	00 00 00 
  402006:	83 f9 02             	cmp    $0x2,%ecx
  402009:	0f 84 a7 01 00 00    	je     4021b6 <__cpu_indicator_init+0x506>
  40200f:	83 f9 0f             	cmp    $0xf,%ecx
  402012:	0f 87 d8 01 00 00    	ja     4021f0 <__cpu_indicator_init+0x540>
  402018:	c7 05 36 30 00 00 07 	movl   $0x7,0x3036(%rip)        # 405058 <__cpu_model+0x8>
  40201f:	00 00 00 
  402022:	e9 47 ff ff ff       	jmp    401f6e <__cpu_indicator_init+0x2be>
  402027:	c7 05 23 30 00 00 06 	movl   $0x6,0x3023(%rip)        # 405054 <__cpu_model+0x4>
  40202e:	00 00 00 
  402031:	e9 b9 fe ff ff       	jmp    401eef <__cpu_indicator_init+0x23f>
  402036:	48 8b 05 4b 13 00 00 	mov    0x134b(%rip),%rax        # 403388 <__dso_handle+0x380>
  40203d:	48 89 05 10 30 00 00 	mov    %rax,0x3010(%rip)        # 405054 <__cpu_model+0x4>
  402044:	e9 a6 fe ff ff       	jmp    401eef <__cpu_indicator_init+0x23f>
  402049:	48 8b 05 30 13 00 00 	mov    0x1330(%rip),%rax        # 403380 <__dso_handle+0x378>
  402050:	48 89 05 fd 2f 00 00 	mov    %rax,0x2ffd(%rip)        # 405054 <__cpu_model+0x4>
  402057:	e9 93 fe ff ff       	jmp    401eef <__cpu_indicator_init+0x23f>
  40205c:	48 8b 05 15 13 00 00 	mov    0x1315(%rip),%rax        # 403378 <__dso_handle+0x370>
  402063:	48 89 05 ea 2f 00 00 	mov    %rax,0x2fea(%rip)        # 405054 <__cpu_model+0x4>
  40206a:	e9 80 fe ff ff       	jmp    401eef <__cpu_indicator_init+0x23f>
  40206f:	48 8b 05 42 13 00 00 	mov    0x1342(%rip),%rax        # 4033b8 <__dso_handle+0x3b0>
  402076:	48 89 05 d7 2f 00 00 	mov    %rax,0x2fd7(%rip)        # 405054 <__cpu_model+0x4>
  40207d:	e9 6d fe ff ff       	jmp    401eef <__cpu_indicator_init+0x23f>
  402082:	c7 05 c8 2f 00 00 0e 	movl   $0xe,0x2fc8(%rip)        # 405054 <__cpu_model+0x4>
  402089:	00 00 00 
  40208c:	e9 5e fe ff ff       	jmp    401eef <__cpu_indicator_init+0x23f>
  402091:	48 8b 05 10 13 00 00 	mov    0x1310(%rip),%rax        # 4033a8 <__dso_handle+0x3a0>
  402098:	48 89 05 b5 2f 00 00 	mov    %rax,0x2fb5(%rip)        # 405054 <__cpu_model+0x4>
  40209f:	e9 4b fe ff ff       	jmp    401eef <__cpu_indicator_init+0x23f>
  4020a4:	48 8b 05 b5 12 00 00 	mov    0x12b5(%rip),%rax        # 403360 <__dso_handle+0x358>
  4020ab:	48 89 05 a2 2f 00 00 	mov    %rax,0x2fa2(%rip)        # 405054 <__cpu_model+0x4>
  4020b2:	e9 38 fe ff ff       	jmp    401eef <__cpu_indicator_init+0x23f>
  4020b7:	48 8b 05 b2 12 00 00 	mov    0x12b2(%rip),%rax        # 403370 <__dso_handle+0x368>
  4020be:	48 89 05 8f 2f 00 00 	mov    %rax,0x2f8f(%rip)        # 405054 <__cpu_model+0x4>
  4020c5:	e9 25 fe ff ff       	jmp    401eef <__cpu_indicator_init+0x23f>
  4020ca:	48 8b 05 bf 12 00 00 	mov    0x12bf(%rip),%rax        # 403390 <__dso_handle+0x388>
  4020d1:	48 89 05 7c 2f 00 00 	mov    %rax,0x2f7c(%rip)        # 405054 <__cpu_model+0x4>
  4020d8:	e9 12 fe ff ff       	jmp    401eef <__cpu_indicator_init+0x23f>
  4020dd:	48 8b 05 cc 12 00 00 	mov    0x12cc(%rip),%rax        # 4033b0 <__dso_handle+0x3a8>
  4020e4:	48 89 05 69 2f 00 00 	mov    %rax,0x2f69(%rip)        # 405054 <__cpu_model+0x4>
  4020eb:	e9 ff fd ff ff       	jmp    401eef <__cpu_indicator_init+0x23f>
  4020f0:	48 8b 05 71 12 00 00 	mov    0x1271(%rip),%rax        # 403368 <__dso_handle+0x360>
  4020f7:	48 89 05 56 2f 00 00 	mov    %rax,0x2f56(%rip)        # 405054 <__cpu_model+0x4>
  4020fe:	e9 ec fd ff ff       	jmp    401eef <__cpu_indicator_init+0x23f>
  402103:	48 8b 05 96 12 00 00 	mov    0x1296(%rip),%rax        # 4033a0 <__dso_handle+0x398>
  40210a:	48 89 05 43 2f 00 00 	mov    %rax,0x2f43(%rip)        # 405054 <__cpu_model+0x4>
  402111:	e9 d9 fd ff ff       	jmp    401eef <__cpu_indicator_init+0x23f>
  402116:	c7 05 34 2f 00 00 0c 	movl   $0xc,0x2f34(%rip)        # 405054 <__cpu_model+0x4>
  40211d:	00 00 00 
  402120:	e9 ca fd ff ff       	jmp    401eef <__cpu_indicator_init+0x23f>
  402125:	48 8b 05 6c 12 00 00 	mov    0x126c(%rip),%rax        # 403398 <__dso_handle+0x390>
  40212c:	48 89 05 21 2f 00 00 	mov    %rax,0x2f21(%rip)        # 405054 <__cpu_model+0x4>
  402133:	e9 b7 fd ff ff       	jmp    401eef <__cpu_indicator_init+0x23f>
  402138:	48 8b 05 19 12 00 00 	mov    0x1219(%rip),%rax        # 403358 <__dso_handle+0x350>
  40213f:	48 89 05 0e 2f 00 00 	mov    %rax,0x2f0e(%rip)        # 405054 <__cpu_model+0x4>
  402146:	e9 a4 fd ff ff       	jmp    401eef <__cpu_indicator_init+0x23f>
  40214b:	c7 05 ff 2e 00 00 0d 	movl   $0xd,0x2eff(%rip)        # 405054 <__cpu_model+0x4>
  402152:	00 00 00 
  402155:	e9 95 fd ff ff       	jmp    401eef <__cpu_indicator_init+0x23f>
  40215a:	48 8b 05 5f 12 00 00 	mov    0x125f(%rip),%rax        # 4033c0 <__dso_handle+0x3b8>
  402161:	48 89 05 ec 2e 00 00 	mov    %rax,0x2eec(%rip)        # 405054 <__cpu_model+0x4>
  402168:	e9 82 fd ff ff       	jmp    401eef <__cpu_indicator_init+0x23f>
  40216d:	c7 05 dd 2e 00 00 0b 	movl   $0xb,0x2edd(%rip)        # 405054 <__cpu_model+0x4>
  402174:	00 00 00 
  402177:	e9 73 fd ff ff       	jmp    401eef <__cpu_indicator_init+0x23f>
  40217c:	c7 05 ce 2e 00 00 07 	movl   $0x7,0x2ece(%rip)        # 405054 <__cpu_model+0x4>
  402183:	00 00 00 
  402186:	e9 64 fd ff ff       	jmp    401eef <__cpu_indicator_init+0x23f>
  40218b:	c7 05 bf 2e 00 00 03 	movl   $0x3,0x2ebf(%rip)        # 405054 <__cpu_model+0x4>
  402192:	00 00 00 
  402195:	bf 24 00 00 00       	mov    $0x24,%edi
  40219a:	e8 61 ef ff ff       	call   401100 <has_cpu_feature.part.0.constprop.0>
  40219f:	85 c0                	test   %eax,%eax
  4021a1:	0f 84 b4 00 00 00    	je     40225b <__cpu_indicator_init+0x5ab>
  4021a7:	c7 05 a7 2e 00 00 17 	movl   $0x17,0x2ea7(%rip)        # 405058 <__cpu_model+0x8>
  4021ae:	00 00 00 
  4021b1:	e9 39 fd ff ff       	jmp    401eef <__cpu_indicator_init+0x23f>
  4021b6:	c7 05 98 2e 00 00 08 	movl   $0x8,0x2e98(%rip)        # 405058 <__cpu_model+0x8>
  4021bd:	00 00 00 
  4021c0:	e9 a9 fd ff ff       	jmp    401f6e <__cpu_indicator_init+0x2be>
  4021c5:	83 f9 2f             	cmp    $0x2f,%ecx
  4021c8:	76 6c                	jbe    402236 <__cpu_indicator_init+0x586>
  4021ca:	c7 05 84 2e 00 00 14 	movl   $0x14,0x2e84(%rip)        # 405058 <__cpu_model+0x8>
  4021d1:	00 00 00 
  4021d4:	e9 95 fd ff ff       	jmp    401f6e <__cpu_indicator_init+0x2be>
  4021d9:	bf 4e 00 00 00       	mov    $0x4e,%edi
  4021de:	e8 1d ef ff ff       	call   401100 <has_cpu_feature.part.0.constprop.0>
  4021e3:	85 c0                	test   %eax,%eax
  4021e5:	0f 85 aa fd ff ff    	jne    401f95 <__cpu_indicator_init+0x2e5>
  4021eb:	e9 7e fd ff ff       	jmp    401f6e <__cpu_indicator_init+0x2be>
  4021f0:	83 f9 2f             	cmp    $0x2f,%ecx
  4021f3:	76 c1                	jbe    4021b6 <__cpu_indicator_init+0x506>
  4021f5:	83 f9 4f             	cmp    $0x4f,%ecx
  4021f8:	77 7e                	ja     402278 <__cpu_indicator_init+0x5c8>
  4021fa:	c7 05 54 2e 00 00 09 	movl   $0x9,0x2e54(%rip)        # 405058 <__cpu_model+0x8>
  402201:	00 00 00 
  402204:	e9 65 fd ff ff       	jmp    401f6e <__cpu_indicator_init+0x2be>
  402209:	c7 05 41 2e 00 00 02 	movl   $0x2,0x2e41(%rip)        # 405054 <__cpu_model+0x4>
  402210:	00 00 00 
  402213:	e9 d7 fc ff ff       	jmp    401eef <__cpu_indicator_init+0x23f>
  402218:	c7 05 36 2e 00 00 06 	movl   $0x6,0x2e36(%rip)        # 405058 <__cpu_model+0x8>
  40221f:	00 00 00 
  402222:	e9 47 fd ff ff       	jmp    401f6e <__cpu_indicator_init+0x2be>
  402227:	c7 05 27 2e 00 00 05 	movl   $0x5,0x2e27(%rip)        # 405058 <__cpu_model+0x8>
  40222e:	00 00 00 
  402231:	e9 38 fd ff ff       	jmp    401f6e <__cpu_indicator_init+0x2be>
  402236:	bf 2c 00 00 00       	mov    $0x2c,%edi
  40223b:	e8 c0 ee ff ff       	call   401100 <has_cpu_feature.part.0.constprop.0>
  402240:	85 c0                	test   %eax,%eax
  402242:	75 86                	jne    4021ca <__cpu_indicator_init+0x51a>
  402244:	bf 2d 00 00 00       	mov    $0x2d,%edi
  402249:	e8 b2 ee ff ff       	call   401100 <has_cpu_feature.part.0.constprop.0>
  40224e:	85 c0                	test   %eax,%eax
  402250:	0f 85 5e fd ff ff    	jne    401fb4 <__cpu_indicator_init+0x304>
  402256:	e9 13 fd ff ff       	jmp    401f6e <__cpu_indicator_init+0x2be>
  40225b:	bf 22 00 00 00       	mov    $0x22,%edi
  402260:	e8 9b ee ff ff       	call   401100 <has_cpu_feature.part.0.constprop.0>
  402265:	85 c0                	test   %eax,%eax
  402267:	74 31                	je     40229a <__cpu_indicator_init+0x5ea>
  402269:	c7 05 e5 2d 00 00 15 	movl   $0x15,0x2de5(%rip)        # 405058 <__cpu_model+0x8>
  402270:	00 00 00 
  402273:	e9 77 fc ff ff       	jmp    401eef <__cpu_indicator_init+0x23f>
  402278:	83 f9 7f             	cmp    $0x7f,%ecx
  40227b:	76 0e                	jbe    40228b <__cpu_indicator_init+0x5db>
  40227d:	8b 35 d9 2d 00 00    	mov    0x2dd9(%rip),%esi        # 40505c <__cpu_model+0xc>
  402283:	f7 c6 00 04 00 00    	test   $0x400,%esi
  402289:	74 1e                	je     4022a9 <__cpu_indicator_init+0x5f9>
  40228b:	c7 05 c3 2d 00 00 0a 	movl   $0xa,0x2dc3(%rip)        # 405058 <__cpu_model+0x8>
  402292:	00 00 00 
  402295:	e9 d4 fc ff ff       	jmp    401f6e <__cpu_indicator_init+0x2be>
  40229a:	c7 05 b4 2d 00 00 10 	movl   $0x10,0x2db4(%rip)        # 405058 <__cpu_model+0x8>
  4022a1:	00 00 00 
  4022a4:	e9 46 fc ff ff       	jmp    401eef <__cpu_indicator_init+0x23f>
  4022a9:	bf 53 00 00 00       	mov    $0x53,%edi
  4022ae:	e8 4d ee ff ff       	call   401100 <has_cpu_feature.part.0.constprop.0>
  4022b3:	85 c0                	test   %eax,%eax
  4022b5:	0f 85 3f ff ff ff    	jne    4021fa <__cpu_indicator_init+0x54a>
  4022bb:	f7 c6 00 00 01 00    	test   $0x10000,%esi
  4022c1:	0f 85 ef fe ff ff    	jne    4021b6 <__cpu_indicator_init+0x506>
  4022c7:	81 e6 00 20 00 00    	and    $0x2000,%esi
  4022cd:	0f 85 45 fd ff ff    	jne    402018 <__cpu_indicator_init+0x368>
  4022d3:	e9 96 fc ff ff       	jmp    401f6e <__cpu_indicator_init+0x2be>
  4022d8:	31 c0                	xor    %eax,%eax
  4022da:	c3                   	ret    

00000000004022db <.annobin_abi_note.c.hot>:
  4022db:	0f 1f 44 00 00       	nopl   0x0(%rax,%rax,1)

00000000004022e0 <_start>:
  4022e0:	f3 0f 1e fa          	endbr64 
  4022e4:	31 ed                	xor    %ebp,%ebp
  4022e6:	49 89 d1             	mov    %rdx,%r9
  4022e9:	5e                   	pop    %rsi
  4022ea:	48 89 e2             	mov    %rsp,%rdx
  4022ed:	48 83 e4 f0          	and    $0xfffffffffffffff0,%rsp
  4022f1:	50                   	push   %rax
  4022f2:	54                   	push   %rsp
  4022f3:	45 31 c0             	xor    %r8d,%r8d
  4022f6:	31 c9                	xor    %ecx,%ecx
  4022f8:	48 c7 c7 50 10 40 00 	mov    $0x401050,%rdi
  4022ff:	ff 15 eb 2c 00 00    	call   *0x2ceb(%rip)        # 404ff0 <__libc_start_main@GLIBC_2.34>
  402305:	f4                   	hlt    

0000000000402306 <.annobin_abi_note.c>:
  402306:	66 2e 0f 1f 84 00 00 	cs nopw 0x0(%rax,%rax,1)
  40230d:	00 00 00 

0000000000402310 <_dl_relocate_static_pie>:
  402310:	f3 0f 1e fa          	endbr64 
  402314:	c3                   	ret    

0000000000402315 <.annobin__dl_relocate_static_pie.end>:
  402315:	66 2e 0f 1f 84 00 00 	cs nopw 0x0(%rax,%rax,1)
  40231c:	00 00 00 
  40231f:	90                   	nop

0000000000402320 <deregister_tm_clones>:
  402320:	b8 30 50 40 00       	mov    $0x405030,%eax
  402325:	48 3d 30 50 40 00    	cmp    $0x405030,%rax
  40232b:	74 13                	je     402340 <deregister_tm_clones+0x20>
  40232d:	b8 00 00 00 00       	mov    $0x0,%eax
  402332:	48 85 c0             	test   %rax,%rax
  402335:	74 09                	je     402340 <deregister_tm_clones+0x20>
  402337:	bf 30 50 40 00       	mov    $0x405030,%edi
  40233c:	ff e0                	jmp    *%rax
  40233e:	66 90                	xchg   %ax,%ax
  402340:	c3                   	ret    
  402341:	66 66 2e 0f 1f 84 00 	data16 cs nopw 0x0(%rax,%rax,1)
  402348:	00 00 00 00 
  40234c:	0f 1f 40 00          	nopl   0x0(%rax)

0000000000402350 <register_tm_clones>:
  402350:	be 30 50 40 00       	mov    $0x405030,%esi
  402355:	48 81 ee 30 50 40 00 	sub    $0x405030,%rsi
  40235c:	48 89 f0             	mov    %rsi,%rax
  40235f:	48 c1 ee 3f          	shr    $0x3f,%rsi
  402363:	48 c1 f8 03          	sar    $0x3,%rax
  402367:	48 01 c6             	add    %rax,%rsi
  40236a:	48 d1 fe             	sar    %rsi
  40236d:	74 11                	je     402380 <register_tm_clones+0x30>
  40236f:	b8 00 00 00 00       	mov    $0x0,%eax
  402374:	48 85 c0             	test   %rax,%rax
  402377:	74 07                	je     402380 <register_tm_clones+0x30>
  402379:	bf 30 50 40 00       	mov    $0x405030,%edi
  40237e:	ff e0                	jmp    *%rax
  402380:	c3                   	ret    
  402381:	66 66 2e 0f 1f 84 00 	data16 cs nopw 0x0(%rax,%rax,1)
  402388:	00 00 00 00 
  40238c:	0f 1f 40 00          	nopl   0x0(%rax)

0000000000402390 <__do_global_dtors_aux>:
  402390:	f3 0f 1e fa          	endbr64 
  402394:	80 3d 95 2c 00 00 00 	cmpb   $0x0,0x2c95(%rip)        # 405030 <__TMC_END__>
  40239b:	75 13                	jne    4023b0 <__do_global_dtors_aux+0x20>
  40239d:	55                   	push   %rbp
  40239e:	48 89 e5             	mov    %rsp,%rbp
  4023a1:	e8 7a ff ff ff       	call   402320 <deregister_tm_clones>
  4023a6:	c6 05 83 2c 00 00 01 	movb   $0x1,0x2c83(%rip)        # 405030 <__TMC_END__>
  4023ad:	5d                   	pop    %rbp
  4023ae:	c3                   	ret    
  4023af:	90                   	nop
  4023b0:	c3                   	ret    
  4023b1:	66 66 2e 0f 1f 84 00 	data16 cs nopw 0x0(%rax,%rax,1)
  4023b8:	00 00 00 00 
  4023bc:	0f 1f 40 00          	nopl   0x0(%rax)

00000000004023c0 <frame_dummy>:
  4023c0:	f3 0f 1e fa          	endbr64 
  4023c4:	eb 8a                	jmp    402350 <register_tm_clones>
  4023c6:	66 2e 0f 1f 84 00 00 	cs nopw 0x0(%rax,%rax,1)
  4023cd:	00 00 00 

00000000004023d0 <set_cpu_feature.constprop.0>:
  4023d0:	89 f9                	mov    %edi,%ecx
  4023d2:	31 c0                	xor    %eax,%eax
  4023d4:	83 ff 3f             	cmp    $0x3f,%edi
  4023d7:	76 08                	jbe    4023e1 <set_cpu_feature.constprop.0+0x11>
  4023d9:	83 ff 60             	cmp    $0x60,%edi
  4023dc:	19 c0                	sbb    %eax,%eax
  4023de:	83 c0 02             	add    $0x2,%eax
  4023e1:	48 8d 35 58 2c 00 00 	lea    0x2c58(%rip),%rsi        # 405040 <__cpu_features2>
  4023e8:	ba 01 00 00 00       	mov    $0x1,%edx
  4023ed:	d3 e2                	shl    %cl,%edx
  4023ef:	09 14 86             	or     %edx,(%rsi,%rax,4)
  4023f2:	c3                   	ret    

Disassembly of section .fini:

00000000004023f4 <_fini>:
  4023f4:	f3 0f 1e fa          	endbr64 
  4023f8:	48 83 ec 08          	sub    $0x8,%rsp
  4023fc:	48 83 c4 08          	add    $0x8,%rsp
  402400:	c3                   	ret    
