Plain sum:
Sum 24.7662
Difference Sum - Formula -4.80693e-10
Performed 3.2e+10 HarmonicSeriesPlain operations. Avg: 3.08371 CPU cycles/call
Time elapsed: 41.1789 s

 Performance counter stats for '/home/AVX512/results/AMD_EPYC_9654_96-Core_Processor_harmonic_series/../../bin/harmonic_series 2 4e9':

         41,178.44 msec task-clock                #    1.000 CPUs utilized          
                12      context-switches          #    0.291 /sec                   
                 0      cpu-migrations            #    0.000 /sec                   
                74      page-faults               #    1.797 /sec                   
   151,704,490,732      cycles                    #    3.684 GHz                      (66.67%)
           211,041      stalled-cycles-frontend   #    0.00% frontend cycles idle     (66.67%)
        66,485,071      stalled-cycles-backend    #    0.04% backend cycles idle      (66.67%)
   192,199,657,428      instructions              #    1.27  insn per cycle         
                                                  #    0.00  stalled cycles per insn  (66.67%)
    32,046,444,909      branches                  #  778.234 M/sec                    (66.67%)
         1,122,643      branch-misses             #    0.00% of all branches          (66.66%)

      41.179986757 seconds time elapsed

      40.940219000 seconds user
       0.000000000 seconds sys


	Command being timed: "perf stat /home/AVX512/results/AMD_EPYC_9654_96-Core_Processor_harmonic_series/../../bin/harmonic_series 2 4e9"
	User time (seconds): 40.94
	System time (seconds): 0.01
	Percent of CPU this job got: 99%
	Elapsed (wall clock) time (h:mm:ss or m:ss): 0:41.21
	Average shared text size (kbytes): 0
	Average unshared data size (kbytes): 0
	Average stack size (kbytes): 0
	Average total size (kbytes): 0
	Maximum resident set size (kbytes): 15456
	Average resident set size (kbytes): 0
	Major (requiring I/O) page faults: 0
	Minor (reclaiming a frame) page faults: 1529
	Voluntary context switches: 6
	Involuntary context switches: 16
	Swaps: 0
	File system inputs: 0
	File system outputs: 0
	Socket messages sent: 0
	Socket messages received: 0
	Signals delivered: 0
	Page size (bytes): 4096
	Exit status: 0
