Plain sum:
Sum 24.7662
Difference Sum - Formula -4.80693e-10
Performed 3.2e+10 HarmonicSeriesPlain operations. Avg: 3.09419 CPU cycles/call
Time elapsed: 41.319 s

 Performance counter stats for '/home/AVX512/results/AMD_EPYC_9654_96-Core_Processor_harmonic_series/../../bin/harmonic_series 2 4e9':

         41,318.35 msec task-clock                #    1.000 CPUs utilized          
                12      context-switches          #    0.290 /sec                   
                 0      cpu-migrations            #    0.000 /sec                   
                73      page-faults               #    1.767 /sec                   
   152,236,695,575      cycles                    #    3.684 GHz                      (66.67%)
           357,128      stalled-cycles-frontend   #    0.00% frontend cycles idle     (66.67%)
        38,652,054      stalled-cycles-backend    #    0.03% backend cycles idle      (66.67%)
   192,167,259,936      instructions              #    1.26  insn per cycle         
                                                  #    0.00  stalled cycles per insn  (66.67%)
    32,045,552,027      branches                  #  775.577 M/sec                    (66.67%)
         1,044,071      branch-misses             #    0.00% of all branches          (66.67%)

      41.319819325 seconds time elapsed

      41.120483000 seconds user
       0.000000000 seconds sys


	Command being timed: "perf stat /home/AVX512/results/AMD_EPYC_9654_96-Core_Processor_harmonic_series/../../bin/harmonic_series 2 4e9"
	User time (seconds): 41.12
	System time (seconds): 0.02
	Percent of CPU this job got: 99%
	Elapsed (wall clock) time (h:mm:ss or m:ss): 0:41.36
	Average shared text size (kbytes): 0
	Average unshared data size (kbytes): 0
	Average stack size (kbytes): 0
	Average total size (kbytes): 0
	Maximum resident set size (kbytes): 15360
	Average resident set size (kbytes): 0
	Major (requiring I/O) page faults: 0
	Minor (reclaiming a frame) page faults: 1529
	Voluntary context switches: 6
	Involuntary context switches: 14
	Swaps: 0
	File system inputs: 0
	File system outputs: 0
	Socket messages sent: 0
	Socket messages received: 0
	Signals delivered: 0
	Page size (bytes): 4096
	Exit status: 0
