Time elapsed: 10.1854 s
AVX256:
Sum 24.7662
Difference Sum - Formula 2.05098e-11
Performed 8e+09 HarmonicSeriesAVX256 operations. Avg: 3.05097 CPU cycles/call
Time elapsed: 10.1855 s

 Performance counter stats for '/home/AVX512/results/AMD_EPYC_9654_96-Core_Processor_harmonic_series/../../bin/harmonic_series 1 4e9':

         10,185.64 msec task-clock                #    1.000 CPUs utilized          
                 5      context-switches          #    0.491 /sec                   
                 0      cpu-migrations            #    0.000 /sec                   
                75      page-faults               #    7.363 /sec                   
    37,528,188,878      cycles                    #    3.684 GHz                      (66.66%)
            88,843      stalled-cycles-frontend   #    0.00% frontend cycles idle     (66.66%)
         8,895,848      stalled-cycles-backend    #    0.02% backend cycles idle      (66.67%)
    48,031,288,222      instructions              #    1.28  insn per cycle         
                                                  #    0.00  stalled cycles per insn  (66.68%)
     8,007,564,648      branches                  #  786.162 M/sec                    (66.67%)
           260,347      branch-misses             #    0.00% of all branches          (66.66%)

      10.186282792 seconds time elapsed

      10.136151000 seconds user
       0.001000000 seconds sys


	Command being timed: "perf stat /home/AVX512/results/AMD_EPYC_9654_96-Core_Processor_harmonic_series/../../bin/harmonic_series 1 4e9"
	User time (seconds): 10.14
	System time (seconds): 0.02
	Percent of CPU this job got: 99%
	Elapsed (wall clock) time (h:mm:ss or m:ss): 0:10.22
	Average shared text size (kbytes): 0
	Average unshared data size (kbytes): 0
	Average stack size (kbytes): 0
	Average total size (kbytes): 0
	Maximum resident set size (kbytes): 15292
	Average resident set size (kbytes): 0
	Major (requiring I/O) page faults: 0
	Minor (reclaiming a frame) page faults: 1531
	Voluntary context switches: 6
	Involuntary context switches: 6
	Swaps: 0
	File system inputs: 0
	File system outputs: 0
	Socket messages sent: 0
	Socket messages received: 0
	Signals delivered: 0
	Page size (bytes): 4096
	Exit status: 0
