Time elapsed: 10.3749 s
AVX256:
Sum 24.7662
Difference Sum - Formula 2.05098e-11
Performed 8e+09 HarmonicSeriesAVX256 operations. Avg: 3.10775 CPU cycles/call
Time elapsed: 10.375 s

 Performance counter stats for '/home/AVX512/results/AMD_EPYC_9654_96-Core_Processor_harmonic_series/../../bin/harmonic_series 1 4e9':

         10,375.33 msec task-clock                #    1.000 CPUs utilized          
                 7      context-switches          #    0.675 /sec                   
                 0      cpu-migrations            #    0.000 /sec                   
                74      page-faults               #    7.132 /sec                   
    38,221,901,567      cycles                    #    3.684 GHz                      (66.66%)
            97,872      stalled-cycles-frontend   #    0.00% frontend cycles idle     (66.67%)
        17,202,167      stalled-cycles-backend    #    0.05% backend cycles idle      (66.67%)
    48,063,706,861      instructions              #    1.26  insn per cycle         
                                                  #    0.00  stalled cycles per insn  (66.67%)
     8,015,053,675      branches                  #  772.511 M/sec                    (66.67%)
           285,990      branch-misses             #    0.00% of all branches          (66.66%)

      10.376104204 seconds time elapsed

      10.313949000 seconds user
       0.000999000 seconds sys


	Command being timed: "perf stat /home/AVX512/results/AMD_EPYC_9654_96-Core_Processor_harmonic_series/../../bin/harmonic_series 1 4e9"
	User time (seconds): 10.32
	System time (seconds): 0.02
	Percent of CPU this job got: 99%
	Elapsed (wall clock) time (h:mm:ss or m:ss): 0:10.41
	Average shared text size (kbytes): 0
	Average unshared data size (kbytes): 0
	Average stack size (kbytes): 0
	Average total size (kbytes): 0
	Maximum resident set size (kbytes): 15304
	Average resident set size (kbytes): 0
	Major (requiring I/O) page faults: 0
	Minor (reclaiming a frame) page faults: 1528
	Voluntary context switches: 6
	Involuntary context switches: 10
	Swaps: 0
	File system inputs: 0
	File system outputs: 0
	Socket messages sent: 0
	Socket messages received: 0
	Signals delivered: 0
	Page size (bytes): 4096
	Exit status: 0
