Time elapsed: 21.1496 s
AVX256:
Sum 24.7662
Difference Sum - Formula 2.05098e-11
Performed 8e+09 HarmonicSeriesAVX256 operations. Avg: 6.34483 CPU cycles/call
Time elapsed: 21.1496 s

 Performance counter stats for '/home/AVX512/results/Intel_Platinum_8351N_CPU_2.40GHz_harmonic_series/../../bin/harmonic_series 1 4e9':

         21,122.24 msec task-clock                       #    0.999 CPUs utilized          
             7,631      context-switches                 #  361.278 /sec                   
                 0      cpu-migrations                   #    0.000 /sec                   
                73      page-faults                      #    3.456 /sec                   
    64,152,913,662      cycles                           #    3.037 GHz                    
    48,158,187,187      instructions                     #    0.75  insn per cycle         
     8,033,138,119      branches                         #  380.317 M/sec                  
           141,329      branch-misses                    #    0.00% of all branches        
   320,763,670,735      slots                            #   15.186 G/sec                  
    38,994,799,187      topdown-retiring                 #     12.1% Retiring              
    10,063,173,983      topdown-bad-spec                 #      3.1% Bad Speculation       
         1,626,202      topdown-fe-bound                 #      0.0% Frontend Bound        
   274,181,568,595      topdown-be-bound                 #     84.8% Backend Bound         

      21.152588902 seconds time elapsed

      21.100936000 seconds user
       0.002979000 seconds sys


	Command being timed: "perf stat /home/AVX512/results/Intel_Platinum_8351N_CPU_2.40GHz_harmonic_series/../../bin/harmonic_series 1 4e9"
	User time (seconds): 21.64
	System time (seconds): 0.04
	Percent of CPU this job got: 99%
	Elapsed (wall clock) time (h:mm:ss or m:ss): 0:21.74
	Average shared text size (kbytes): 0
	Average unshared data size (kbytes): 0
	Average stack size (kbytes): 0
	Average total size (kbytes): 0
	Maximum resident set size (kbytes): 57500
	Average resident set size (kbytes): 0
	Major (requiring I/O) page faults: 0
	Minor (reclaiming a frame) page faults: 11749
	Voluntary context switches: 5
	Involuntary context switches: 7861
	Swaps: 0
	File system inputs: 0
	File system outputs: 0
	Socket messages sent: 0
	Socket messages received: 0
	Signals delivered: 0
	Page size (bytes): 4096
	Exit status: 0
