Time elapsed: 21.7887 s
AVX256:
Sum 24.7662
Difference Sum - Formula 2.05098e-11
Performed 8e+09 HarmonicSeriesAVX256 operations. Avg: 6.53658 CPU cycles/call
Time elapsed: 21.7888 s

 Performance counter stats for '/home/AVX512/results/Intel_Platinum_8351N_CPU_2.40GHz_harmonic_series/../../bin/harmonic_series 1 4e9':

         21,759.35 msec task-clock                       #    0.999 CPUs utilized          
             7,792      context-switches                 #  358.099 /sec                   
                 6      cpu-migrations                   #    0.276 /sec                   
                75      page-faults                      #    3.447 /sec                   
    64,157,633,967      cycles                           #    2.949 GHz                    
    48,172,769,497      instructions                     #    0.75  insn per cycle         
     8,036,104,650      branches                         #  369.317 M/sec                  
           149,379      branch-misses                    #    0.00% of all branches        
   320,766,220,015      slots                            #   14.742 G/sec                  
    38,995,109,099      topdown-retiring                 #     12.1% Retiring              
     8,805,347,216      topdown-bad-spec                 #      2.7% Bad Speculation       
         1,768,786      topdown-fe-bound                 #      0.0% Frontend Bound        
   274,212,648,398      topdown-be-bound                 #     85.2% Backend Bound         

      21.791803805 seconds time elapsed

      21.738431000 seconds user
       0.001975000 seconds sys


	Command being timed: "perf stat /home/AVX512/results/Intel_Platinum_8351N_CPU_2.40GHz_harmonic_series/../../bin/harmonic_series 1 4e9"
	User time (seconds): 22.29
	System time (seconds): 0.04
	Percent of CPU this job got: 99%
	Elapsed (wall clock) time (h:mm:ss or m:ss): 0:22.38
	Average shared text size (kbytes): 0
	Average unshared data size (kbytes): 0
	Average stack size (kbytes): 0
	Average total size (kbytes): 0
	Maximum resident set size (kbytes): 57356
	Average resident set size (kbytes): 0
	Major (requiring I/O) page faults: 0
	Minor (reclaiming a frame) page faults: 11747
	Voluntary context switches: 5
	Involuntary context switches: 8019
	Swaps: 0
	File system inputs: 0
	File system outputs: 0
	Socket messages sent: 0
	Socket messages received: 0
	Signals delivered: 0
	Page size (bytes): 4096
	Exit status: 0
