Plain sum:
Sum 24.7662
Difference Sum - Formula -4.80693e-10
Performed 3.2e+10 HarmonicSeriesPlain operations. Avg: 3.29841 CPU cycles/call
Time elapsed: 43.9791 s

 Performance counter stats for '/home/AVX512/results/Intel_Platinum_8351N_CPU_2.40GHz_harmonic_series/../../bin/harmonic_series 2 4e9':

         43,918.50 msec task-clock                       #    0.999 CPUs utilized          
            15,980      context-switches                 #  363.856 /sec                   
                 2      cpu-migrations                   #    0.046 /sec                   
                74      page-faults                      #    1.685 /sec                   
   134,873,828,379      cycles                           #    3.071 GHz                    
   192,328,948,591      instructions                     #    1.43  insn per cycle         
    32,068,906,239      branches                         #  730.191 M/sec                  
           505,834      branch-misses                    #    0.00% of all branches        
   674,281,848,315      slots                            #   15.353 G/sec                  
   158,654,552,544      topdown-retiring                 #     23.3% Retiring              
    23,798,182,881      topdown-bad-spec                 #      3.5% Bad Speculation       
         1,703,646      topdown-fe-bound                 #      0.0% Frontend Bound        
   497,932,626,885      topdown-be-bound                 #     73.2% Backend Bound         

      43.982074900 seconds time elapsed

      43.879034000 seconds user
       0.001977000 seconds sys


	Command being timed: "perf stat /home/AVX512/results/Intel_Platinum_8351N_CPU_2.40GHz_harmonic_series/../../bin/harmonic_series 2 4e9"
	User time (seconds): 44.40
	System time (seconds): 0.04
	Percent of CPU this job got: 99%
	Elapsed (wall clock) time (h:mm:ss or m:ss): 0:44.55
	Average shared text size (kbytes): 0
	Average unshared data size (kbytes): 0
	Average stack size (kbytes): 0
	Average total size (kbytes): 0
	Maximum resident set size (kbytes): 57292
	Average resident set size (kbytes): 0
	Major (requiring I/O) page faults: 0
	Minor (reclaiming a frame) page faults: 11745
	Voluntary context switches: 5
	Involuntary context switches: 16197
	Swaps: 0
	File system inputs: 0
	File system outputs: 0
	Socket messages sent: 0
	Socket messages received: 0
	Signals delivered: 0
	Page size (bytes): 4096
	Exit status: 0
