Time elapsed: 20.8699 s
AVX512:
Sum 24.7662
Difference Sum - Formula -1.40332e-12
Performed 4e+09 HarmonicSeriesAVX512 operations. Avg: 12.5219 CPU cycles/call
Time elapsed: 20.87 s

 Performance counter stats for '/home/AVX512/results/Intel_Platinum_8351N_CPU_2.40GHz_harmonic_series/../../bin/harmonic_series 0 4e9':

         20,842.60 msec task-clock                       #    0.999 CPUs utilized          
             7,628      context-switches                 #  365.981 /sec                   
                 0      cpu-migrations                   #    0.000 /sec                   
                73      page-faults                      #    3.502 /sec                   
    64,571,209,334      cycles                           #    3.098 GHz                    
    24,167,718,405      instructions                     #    0.37  insn per cycle         
     4,034,339,711      branches                         #  193.562 M/sec                  
           130,906      branch-misses                    #    0.00% of all branches        
   322,854,763,210      slots                            #   15.490 G/sec                  
    27,854,136,433      topdown-retiring                 #      8.6% Retiring              
     8,862,679,774      topdown-bad-spec                 #      2.7% Bad Speculation       
         1,924,588      topdown-fe-bound                 #      0.0% Frontend Bound        
   287,407,520,473      topdown-be-bound                 #     88.7% Backend Bound         

      20.871225509 seconds time elapsed

      20.824952000 seconds user
       0.000999000 seconds sys


	Command being timed: "perf stat /home/AVX512/results/Intel_Platinum_8351N_CPU_2.40GHz_harmonic_series/../../bin/harmonic_series 0 4e9"
	User time (seconds): 21.35
	System time (seconds): 0.03
	Percent of CPU this job got: 99%
	Elapsed (wall clock) time (h:mm:ss or m:ss): 0:21.43
	Average shared text size (kbytes): 0
	Average unshared data size (kbytes): 0
	Average stack size (kbytes): 0
	Average total size (kbytes): 0
	Maximum resident set size (kbytes): 57300
	Average resident set size (kbytes): 0
	Major (requiring I/O) page faults: 0
	Minor (reclaiming a frame) page faults: 11744
	Voluntary context switches: 5
	Involuntary context switches: 7848
	Swaps: 0
	File system inputs: 0
	File system outputs: 0
	Socket messages sent: 0
	Socket messages received: 0
	Signals delivered: 0
	Page size (bytes): 4096
	Exit status: 0
