Time elapsed: 21.0971 s
AVX256:
Sum 24.7662
Difference Sum - Formula 2.05098e-11
Performed 8e+09 HarmonicSeriesAVX256 operations. Avg: 6.3291 CPU cycles/call
Time elapsed: 21.0971 s

 Performance counter stats for '/home/AVX512/results/Intel_Platinum_8351N_CPU_2.40GHz_harmonic_series/../../bin/harmonic_series 1 4e9':

         21,069.68 msec task-clock                       #    0.999 CPUs utilized          
             7,702      context-switches                 #  365.549 /sec                   
                 1      cpu-migrations                   #    0.047 /sec                   
                73      page-faults                      #    3.465 /sec                   
    64,154,904,280      cycles                           #    3.045 GHz                    
    48,159,586,921      instructions                     #    0.75  insn per cycle         
     8,033,384,975      branches                         #  381.277 M/sec                  
           139,250      branch-misses                    #    0.00% of all branches        
   320,771,799,735      slots                            #   15.224 G/sec                  
    38,995,787,418      topdown-retiring                 #     12.1% Retiring              
     8,805,500,384      topdown-bad-spec                 #      2.7% Bad Speculation       
         1,746,141      topdown-fe-bound                 #      0.0% Frontend Bound        
   274,214,437,682      topdown-be-bound                 #     85.2% Backend Bound         

      21.100241042 seconds time elapsed

      21.048492000 seconds user
       0.002980000 seconds sys


	Command being timed: "perf stat /home/AVX512/results/Intel_Platinum_8351N_CPU_2.40GHz_harmonic_series/../../bin/harmonic_series 1 4e9"
	User time (seconds): 21.58
	System time (seconds): 0.05
	Percent of CPU this job got: 99%
	Elapsed (wall clock) time (h:mm:ss or m:ss): 0:21.69
	Average shared text size (kbytes): 0
	Average unshared data size (kbytes): 0
	Average stack size (kbytes): 0
	Average total size (kbytes): 0
	Maximum resident set size (kbytes): 57408
	Average resident set size (kbytes): 0
	Major (requiring I/O) page faults: 0
	Minor (reclaiming a frame) page faults: 11749
	Voluntary context switches: 5
	Involuntary context switches: 7935
	Swaps: 0
	File system inputs: 0
	File system outputs: 0
	Socket messages sent: 0
	Socket messages received: 0
	Signals delivered: 0
	Page size (bytes): 4096
	Exit status: 0
