Time elapsed: 21.0801 s
AVX256:
Sum 24.7662
Difference Sum - Formula 2.05098e-11
Performed 8e+09 HarmonicSeriesAVX256 operations. Avg: 6.32398 CPU cycles/call
Time elapsed: 21.0801 s

 Performance counter stats for '/home/AVX512/results/Intel_Platinum_8351N_CPU_2.40GHz_harmonic_series/../../bin/harmonic_series 1 4e9':

         21,047.48 msec task-clock                       #    0.998 CPUs utilized          
             7,645      context-switches                 #  363.226 /sec                   
                 1      cpu-migrations                   #    0.048 /sec                   
                74      page-faults                      #    3.516 /sec                   
    64,162,337,415      cycles                           #    3.048 GHz                    
    48,157,899,771      instructions                     #    0.75  insn per cycle         
     8,033,074,846      branches                         #  381.664 M/sec                  
           579,768      branch-misses                    #    0.01% of all branches        
   320,807,251,245      slots                            #   15.242 G/sec                  
    39,000,097,210      topdown-retiring                 #     12.1% Retiring              
    12,580,676,519      topdown-bad-spec                 #      3.9% Bad Speculation       
         1,673,066      topdown-fe-bound                 #      0.0% Frontend Bound        
   269,489,555,984      topdown-be-bound                 #     83.9% Backend Bound         

      21.083165499 seconds time elapsed

      21.026763000 seconds user
       0.001977000 seconds sys


	Command being timed: "perf stat /home/AVX512/results/Intel_Platinum_8351N_CPU_2.40GHz_harmonic_series/../../bin/harmonic_series 1 4e9"
	User time (seconds): 21.58
	System time (seconds): 0.04
	Percent of CPU this job got: 99%
	Elapsed (wall clock) time (h:mm:ss or m:ss): 0:21.69
	Average shared text size (kbytes): 0
	Average unshared data size (kbytes): 0
	Average stack size (kbytes): 0
	Average total size (kbytes): 0
	Maximum resident set size (kbytes): 57400
	Average resident set size (kbytes): 0
	Major (requiring I/O) page faults: 0
	Minor (reclaiming a frame) page faults: 11748
	Voluntary context switches: 5
	Involuntary context switches: 7871
	Swaps: 0
	File system inputs: 0
	File system outputs: 0
	Socket messages sent: 0
	Socket messages received: 0
	Signals delivered: 0
	Page size (bytes): 4096
	Exit status: 0
