Plain sum:
Sum 24.7662
Difference Sum - Formula -4.80693e-10
Performed 3.2e+10 HarmonicSeriesPlain operations. Avg: 3.30102 CPU cycles/call
Time elapsed: 44.0139 s

 Performance counter stats for '/home/AVX512/results/Intel_Platinum_8351N_CPU_2.40GHz_harmonic_series/../../bin/harmonic_series 2 4e9':

         43,956.26 msec task-clock                       #    0.999 CPUs utilized          
            15,980      context-switches                 #  363.543 /sec                   
                 0      cpu-migrations                   #    0.000 /sec                   
                73      page-faults                      #    1.661 /sec                   
   134,867,700,606      cycles                           #    3.068 GHz                    
   192,328,214,601      instructions                     #    1.43  insn per cycle         
    32,068,731,279      branches                         #  729.560 M/sec                  
           270,846      branch-misses                    #    0.00% of all branches        
   674,329,280,155      slots                            #   15.341 G/sec                  
   156,021,284,428      topdown-retiring                 #     23.0% Retiring              
    23,799,856,946      topdown-bad-spec                 #      3.5% Bad Speculation       
         1,740,492      topdown-fe-bound                 #      0.0% Frontend Bound        
   499,750,659,480      topdown-be-bound                 #     73.5% Backend Bound         

      44.016621414 seconds time elapsed

      43.917063000 seconds user
       0.001979000 seconds sys


	Command being timed: "perf stat /home/AVX512/results/Intel_Platinum_8351N_CPU_2.40GHz_harmonic_series/../../bin/harmonic_series 2 4e9"
	User time (seconds): 44.44
	System time (seconds): 0.04
	Percent of CPU this job got: 99%
	Elapsed (wall clock) time (h:mm:ss or m:ss): 0:44.58
	Average shared text size (kbytes): 0
	Average unshared data size (kbytes): 0
	Average stack size (kbytes): 0
	Average total size (kbytes): 0
	Maximum resident set size (kbytes): 57324
	Average resident set size (kbytes): 0
	Major (requiring I/O) page faults: 0
	Minor (reclaiming a frame) page faults: 11748
	Voluntary context switches: 5
	Involuntary context switches: 16198
	Swaps: 0
	File system inputs: 0
	File system outputs: 0
	Socket messages sent: 0
	Socket messages received: 0
	Signals delivered: 0
	Page size (bytes): 4096
	Exit status: 0
