Plain sum:
Sum 24.7662
Difference Sum - Formula -4.80693e-10
Performed 3.2e+10 HarmonicSeriesPlain operations. Avg: 3.29942 CPU cycles/call
Time elapsed: 43.9926 s

 Performance counter stats for '/home/AVX512/results/Intel_Platinum_8351N_CPU_2.40GHz_harmonic_series/../../bin/harmonic_series 2 4e9':

         43,935.07 msec task-clock                       #    0.999 CPUs utilized          
            15,966      context-switches                 #  363.400 /sec                   
                 1      cpu-migrations                   #    0.023 /sec                   
                74      page-faults                      #    1.684 /sec                   
   134,868,457,543      cycles                           #    3.070 GHz                    
   192,328,292,051      instructions                     #    1.43  insn per cycle         
    32,068,753,508      branches                         #  729.912 M/sec                  
           286,112      branch-misses                    #    0.00% of all branches        
   674,337,428,235      slots                            #   15.349 G/sec                  
   156,023,169,670      topdown-retiring                 #     23.0% Retiring              
    18,511,223,520      topdown-bad-spec                 #      2.7% Bad Speculation       
         1,728,708      topdown-fe-bound                 #      0.0% Frontend Bound        
   502,441,835,186      topdown-be-bound                 #     74.2% Backend Bound         

      43.995583416 seconds time elapsed

      43.895763000 seconds user
       0.002974000 seconds sys


	Command being timed: "perf stat /home/AVX512/results/Intel_Platinum_8351N_CPU_2.40GHz_harmonic_series/../../bin/harmonic_series 2 4e9"
	User time (seconds): 44.42
	System time (seconds): 0.03
	Percent of CPU this job got: 99%
	Elapsed (wall clock) time (h:mm:ss or m:ss): 0:44.56
	Average shared text size (kbytes): 0
	Average unshared data size (kbytes): 0
	Average stack size (kbytes): 0
	Average total size (kbytes): 0
	Maximum resident set size (kbytes): 57368
	Average resident set size (kbytes): 0
	Major (requiring I/O) page faults: 0
	Minor (reclaiming a frame) page faults: 11745
	Voluntary context switches: 5
	Involuntary context switches: 16187
	Swaps: 0
	File system inputs: 0
	File system outputs: 0
	Socket messages sent: 0
	Socket messages received: 0
	Signals delivered: 0
	Page size (bytes): 4096
	Exit status: 0
