Plain sum:
Sum 24.7662
Difference Sum - Formula -4.80693e-10
Performed 3.2e+10 HarmonicSeriesPlain operations. Avg: 3.27028 CPU cycles/call
Time elapsed: 43.6041 s

 Performance counter stats for '/home/AVX512/results/Intel_Platinum_8351N_CPU_2.40GHz_harmonic_series/../../bin/harmonic_series 2 4e9':

         43,547.51 msec task-clock                       #    0.999 CPUs utilized          
            15,879      context-switches                 #  364.636 /sec                   
                 1      cpu-migrations                   #    0.023 /sec                   
                74      page-faults                      #    1.699 /sec                   
   134,865,894,089      cycles                           #    3.097 GHz                    
   192,326,532,824      instructions                     #    1.43  insn per cycle         
    32,068,397,021      branches                         #  736.400 M/sec                  
           275,140      branch-misses                    #    0.00% of all branches        
   674,323,492,985      slots                            #   15.485 G/sec                  
   156,018,344,869      topdown-retiring                 #     23.0% Retiring              
    26,444,058,548      topdown-bad-spec                 #      3.9% Bad Speculation       
         1,650,853      topdown-fe-bound                 #      0.0% Frontend Bound        
   497,143,200,602      topdown-be-bound                 #     73.2% Backend Bound         

      43.607202699 seconds time elapsed

      43.508947000 seconds user
       0.001975000 seconds sys


	Command being timed: "perf stat /home/AVX512/results/Intel_Platinum_8351N_CPU_2.40GHz_harmonic_series/../../bin/harmonic_series 2 4e9"
	User time (seconds): 44.02
	System time (seconds): 0.04
	Percent of CPU this job got: 99%
	Elapsed (wall clock) time (h:mm:ss or m:ss): 0:44.18
	Average shared text size (kbytes): 0
	Average unshared data size (kbytes): 0
	Average stack size (kbytes): 0
	Average total size (kbytes): 0
	Maximum resident set size (kbytes): 57304
	Average resident set size (kbytes): 0
	Major (requiring I/O) page faults: 0
	Minor (reclaiming a frame) page faults: 11748
	Voluntary context switches: 6
	Involuntary context switches: 16094
	Swaps: 0
	File system inputs: 0
	File system outputs: 0
	Socket messages sent: 0
	Socket messages received: 0
	Signals delivered: 0
	Page size (bytes): 4096
	Exit status: 0
