Time elapsed: 21.3011 s
AVX512:
Sum 24.7662
Difference Sum - Formula -1.40332e-12
Performed 4e+09 HarmonicSeriesAVX512 operations. Avg: 12.7806 CPU cycles/call
Time elapsed: 21.3012 s

 Performance counter stats for '/home/AVX512/results/Intel_Platinum_8351N_CPU_2.40GHz_harmonic_series/../../bin/harmonic_series 0 4e9':

         21,271.10 msec task-clock                       #    0.998 CPUs utilized          
             7,744      context-switches                 #  364.062 /sec                   
                 0      cpu-migrations                   #    0.000 /sec                   
                73      page-faults                      #    3.432 /sec                   
    64,577,128,098      cycles                           #    3.036 GHz                    
    24,159,931,346      instructions                     #    0.37  insn per cycle         
     4,033,509,272      branches                         #  189.624 M/sec                  
           318,166      branch-misses                    #    0.01% of all branches        
   322,884,597,035      slots                            #   15.179 G/sec                  
    27,856,710,332      topdown-retiring                 #      8.6% Retiring              
    10,129,712,848      topdown-bad-spec                 #      3.1% Bad Speculation       
         1,599,302      topdown-fe-bound                 #      0.0% Frontend Bound        
   286,163,310,967      topdown-be-bound                 #     88.3% Backend Bound         

      21.304092768 seconds time elapsed

      21.250497000 seconds user
       0.002978000 seconds sys


	Command being timed: "perf stat /home/AVX512/results/Intel_Platinum_8351N_CPU_2.40GHz_harmonic_series/../../bin/harmonic_series 0 4e9"
	User time (seconds): 21.79
	System time (seconds): 0.04
	Percent of CPU this job got: 99%
	Elapsed (wall clock) time (h:mm:ss or m:ss): 0:21.88
	Average shared text size (kbytes): 0
	Average unshared data size (kbytes): 0
	Average stack size (kbytes): 0
	Average total size (kbytes): 0
	Maximum resident set size (kbytes): 57432
	Average resident set size (kbytes): 0
	Major (requiring I/O) page faults: 0
	Minor (reclaiming a frame) page faults: 11746
	Voluntary context switches: 5
	Involuntary context switches: 7962
	Swaps: 0
	File system inputs: 0
	File system outputs: 0
	Socket messages sent: 0
	Socket messages received: 0
	Signals delivered: 0
	Page size (bytes): 4096
	Exit status: 0
