Time elapsed: 21.1692 s
AVX256:
Sum 24.7662
Difference Sum - Formula 2.05098e-11
Performed 8e+09 HarmonicSeriesAVX256 operations. Avg: 6.35073 CPU cycles/call
Time elapsed: 21.1692 s

 Performance counter stats for '/home/AVX512/results/Intel_Platinum_8351N_CPU_2.40GHz_harmonic_series/../../bin/harmonic_series 1 4e9':

         21,141.90 msec task-clock                       #    0.999 CPUs utilized          
             7,614      context-switches                 #  360.138 /sec                   
                 0      cpu-migrations                   #    0.000 /sec                   
                73      page-faults                      #    3.453 /sec                   
    64,150,035,356      cycles                           #    3.034 GHz                    
    48,157,711,960      instructions                     #    0.75  insn per cycle         
     8,033,023,655      branches                         #  379.958 M/sec                  
           138,814      branch-misses                    #    0.00% of all branches        
   320,737,208,835      slots                            #   15.171 G/sec                  
    38,991,582,250      topdown-retiring                 #     12.1% Retiring              
    10,062,343,806      topdown-bad-spec                 #      3.1% Bad Speculation       
         1,645,027      topdown-fe-bound                 #      0.0% Frontend Bound        
   274,133,868,942      topdown-be-bound                 #     84.8% Backend Bound         

      21.172284476 seconds time elapsed

      21.121785000 seconds user
       0.002981000 seconds sys


	Command being timed: "perf stat /home/AVX512/results/Intel_Platinum_8351N_CPU_2.40GHz_harmonic_series/../../bin/harmonic_series 1 4e9"
	User time (seconds): 21.65
	System time (seconds): 0.06
	Percent of CPU this job got: 99%
	Elapsed (wall clock) time (h:mm:ss or m:ss): 0:21.76
	Average shared text size (kbytes): 0
	Average unshared data size (kbytes): 0
	Average stack size (kbytes): 0
	Average total size (kbytes): 0
	Maximum resident set size (kbytes): 57392
	Average resident set size (kbytes): 0
	Major (requiring I/O) page faults: 0
	Minor (reclaiming a frame) page faults: 11753
	Voluntary context switches: 5
	Involuntary context switches: 7843
	Swaps: 0
	File system inputs: 0
	File system outputs: 0
	Socket messages sent: 0
	Socket messages received: 0
	Signals delivered: 0
	Page size (bytes): 4096
	Exit status: 0
