Plain sum:
Sum 24.7662
Difference Sum - Formula -4.80693e-10
Performed 3.2e+10 HarmonicSeriesPlain operations. Avg: 3.29349 CPU cycles/call
Time elapsed: 43.9136 s

 Performance counter stats for '/home/AVX512/results/Intel_Platinum_8351N_CPU_2.40GHz_harmonic_series/../../bin/harmonic_series 2 4e9':

         43,856.10 msec task-clock                       #    0.999 CPUs utilized          
            16,009      context-switches                 #  365.035 /sec                   
                 1      cpu-migrations                   #    0.023 /sec                   
                74      page-faults                      #    1.687 /sec                   
   134,865,534,152      cycles                           #    3.075 GHz                    
   192,331,396,292      instructions                     #    1.43  insn per cycle         
    32,069,330,614      branches                         #  731.240 M/sec                  
           303,718      branch-misses                    #    0.00% of all branches        
   674,306,547,400      slots                            #   15.375 G/sec                  
   158,660,364,094      topdown-retiring                 #     23.4% Retiring              
    15,866,036,409      topdown-bad-spec                 #      2.3% Bad Speculation       
         1,626,408      topdown-fe-bound                 #      0.0% Frontend Bound        
   502,420,995,856      topdown-be-bound                 #     74.2% Backend Bound         

      43.916544514 seconds time elapsed

      43.816846000 seconds user
       0.001990000 seconds sys


	Command being timed: "perf stat /home/AVX512/results/Intel_Platinum_8351N_CPU_2.40GHz_harmonic_series/../../bin/harmonic_series 2 4e9"
	User time (seconds): 44.33
	System time (seconds): 0.04
	Percent of CPU this job got: 99%
	Elapsed (wall clock) time (h:mm:ss or m:ss): 0:44.48
	Average shared text size (kbytes): 0
	Average unshared data size (kbytes): 0
	Average stack size (kbytes): 0
	Average total size (kbytes): 0
	Maximum resident set size (kbytes): 57372
	Average resident set size (kbytes): 0
	Major (requiring I/O) page faults: 0
	Minor (reclaiming a frame) page faults: 11747
	Voluntary context switches: 5
	Involuntary context switches: 16224
	Swaps: 0
	File system inputs: 0
	File system outputs: 0
	Socket messages sent: 0
	Socket messages received: 0
	Signals delivered: 0
	Page size (bytes): 4096
	Exit status: 0
