Plain sum:
Sum 24.7662
Difference Sum - Formula -4.80693e-10
Performed 3.2e+10 HarmonicSeriesPlain operations. Avg: 3.29622 CPU cycles/call
Time elapsed: 43.9499 s

 Performance counter stats for '/home/AVX512/results/Intel_Platinum_8351N_CPU_2.40GHz_harmonic_series/../../bin/harmonic_series 2 4e9':

         43,889.75 msec task-clock                       #    0.999 CPUs utilized          
            16,095      context-switches                 #  366.714 /sec                   
                 1      cpu-migrations                   #    0.023 /sec                   
                76      page-faults                      #    1.732 /sec                   
   134,881,058,225      cycles                           #    3.073 GHz                    
   192,351,935,392      instructions                     #    1.43  insn per cycle         
    32,072,046,745      branches                         #  730.741 M/sec                  
           439,263      branch-misses                    #    0.00% of all branches        
   674,403,210,560      slots                            #   15.366 G/sec                  
   156,038,389,894      topdown-retiring                 #     23.0% Retiring              
    21,157,747,782      topdown-bad-spec                 #      3.1% Bad Speculation       
         1,845,419      topdown-fe-bound                 #      0.0% Frontend Bound        
   499,841,349,988      topdown-be-bound                 #     73.8% Backend Bound         

      43.952696453 seconds time elapsed

      43.851295000 seconds user
       0.001978000 seconds sys


	Command being timed: "perf stat /home/AVX512/results/Intel_Platinum_8351N_CPU_2.40GHz_harmonic_series/../../bin/harmonic_series 2 4e9"
	User time (seconds): 44.37
	System time (seconds): 0.03
	Percent of CPU this job got: 99%
	Elapsed (wall clock) time (h:mm:ss or m:ss): 0:44.51
	Average shared text size (kbytes): 0
	Average unshared data size (kbytes): 0
	Average stack size (kbytes): 0
	Average total size (kbytes): 0
	Maximum resident set size (kbytes): 57480
	Average resident set size (kbytes): 0
	Major (requiring I/O) page faults: 0
	Minor (reclaiming a frame) page faults: 11750
	Voluntary context switches: 6
	Involuntary context switches: 16309
	Swaps: 0
	File system inputs: 0
	File system outputs: 0
	Socket messages sent: 0
	Socket messages received: 0
	Signals delivered: 0
	Page size (bytes): 4096
	Exit status: 0
