Time elapsed: 21.3111 s
AVX512:
Sum 24.7662
Difference Sum - Formula -1.40332e-12
Performed 4e+09 HarmonicSeriesAVX512 operations. Avg: 12.7866 CPU cycles/call
Time elapsed: 21.3111 s

 Performance counter stats for '/home/AVX512/results/Intel_Platinum_8351N_CPU_2.40GHz_harmonic_series/../../bin/harmonic_series 0 4e9':

         21,283.13 msec task-clock                       #    0.999 CPUs utilized          
             7,747      context-switches                 #  363.997 /sec                   
                 2      cpu-migrations                   #    0.094 /sec                   
                73      page-faults                      #    3.430 /sec                   
    64,572,846,751      cycles                           #    3.034 GHz                    
    24,160,340,232      instructions                     #    0.37  insn per cycle         
     4,033,597,869      branches                         #  189.521 M/sec                  
           150,325      branch-misses                    #    0.00% of all branches        
   322,862,796,135      slots                            #   15.170 G/sec                  
    27,854,829,470      topdown-retiring                 #      8.6% Retiring              
     8,862,900,286      topdown-bad-spec                 #      2.7% Bad Speculation       
         1,605,634      topdown-fe-bound                 #      0.0% Frontend Bound        
   287,377,221,471      topdown-be-bound                 #     88.7% Backend Bound         

      21.314086433 seconds time elapsed

      21.263052000 seconds user
       0.002965000 seconds sys


	Command being timed: "perf stat /home/AVX512/results/Intel_Platinum_8351N_CPU_2.40GHz_harmonic_series/../../bin/harmonic_series 0 4e9"
	User time (seconds): 21.67
	System time (seconds): 0.03
	Percent of CPU this job got: 99%
	Elapsed (wall clock) time (h:mm:ss or m:ss): 0:21.77
	Average shared text size (kbytes): 0
	Average unshared data size (kbytes): 0
	Average stack size (kbytes): 0
	Average total size (kbytes): 0
	Maximum resident set size (kbytes): 57352
	Average resident set size (kbytes): 0
	Major (requiring I/O) page faults: 0
	Minor (reclaiming a frame) page faults: 11751
	Voluntary context switches: 6
	Involuntary context switches: 7929
	Swaps: 0
	File system inputs: 0
	File system outputs: 0
	Socket messages sent: 0
	Socket messages received: 0
	Signals delivered: 0
	Page size (bytes): 4096
	Exit status: 0
