Time elapsed: 21.4432 s
AVX256:
Sum 24.7662
Difference Sum - Formula 2.05098e-11
Performed 8e+09 HarmonicSeriesAVX256 operations. Avg: 6.43292 CPU cycles/call
Time elapsed: 21.4432 s

 Performance counter stats for '/home/AVX512/results/Intel_Platinum_8351N_CPU_2.40GHz_harmonic_series/../../bin/harmonic_series 1 4e9':

         21,415.08 msec task-clock                       #    0.999 CPUs utilized          
             7,739      context-switches                 #  361.381 /sec                   
                 1      cpu-migrations                   #    0.047 /sec                   
                75      page-faults                      #    3.502 /sec                   
    64,154,342,874      cycles                           #    2.996 GHz                    
    48,160,584,512      instructions                     #    0.75  insn per cycle         
     8,033,655,037      branches                         #  375.140 M/sec                  
           149,502      branch-misses                    #    0.00% of all branches        
   320,770,488,830      slots                            #   14.979 G/sec                  
    38,995,628,053      topdown-retiring                 #     12.1% Retiring              
    11,321,311,370      topdown-bad-spec                 #      3.5% Bad Speculation       
         1,817,315      topdown-fe-bound                 #      0.0% Frontend Bound        
   271,725,848,452      topdown-be-bound                 #     84.4% Backend Bound         

      21.446384157 seconds time elapsed

      21.394701000 seconds user
       0.001985000 seconds sys


	Command being timed: "perf stat /home/AVX512/results/Intel_Platinum_8351N_CPU_2.40GHz_harmonic_series/../../bin/harmonic_series 1 4e9"
	User time (seconds): 21.94
	System time (seconds): 0.04
	Percent of CPU this job got: 99%
	Elapsed (wall clock) time (h:mm:ss or m:ss): 0:22.04
	Average shared text size (kbytes): 0
	Average unshared data size (kbytes): 0
	Average stack size (kbytes): 0
	Average total size (kbytes): 0
	Maximum resident set size (kbytes): 57488
	Average resident set size (kbytes): 0
	Major (requiring I/O) page faults: 0
	Minor (reclaiming a frame) page faults: 11751
	Voluntary context switches: 5
	Involuntary context switches: 7968
	Swaps: 0
	File system inputs: 0
	File system outputs: 0
	Socket messages sent: 0
	Socket messages received: 0
	Signals delivered: 0
	Page size (bytes): 4096
	Exit status: 0
