Time elapsed: 21.3009 s
AVX512:
Sum 24.7662
Difference Sum - Formula -1.40332e-12
Performed 4e+09 HarmonicSeriesAVX512 operations. Avg: 12.7805 CPU cycles/call
Time elapsed: 21.3009 s

 Performance counter stats for '/home/AVX512/results/Intel_Platinum_8351N_CPU_2.40GHz_harmonic_series/../../bin/harmonic_series 0 4e9':

         21,273.12 msec task-clock                       #    0.999 CPUs utilized          
             7,715      context-switches                 #  362.664 /sec                   
                 2      cpu-migrations                   #    0.094 /sec                   
                75      page-faults                      #    3.526 /sec                   
    64,570,801,267      cycles                           #    3.035 GHz                    
    24,159,420,954      instructions                     #    0.37  insn per cycle         
     4,033,401,047      branches                         #  189.601 M/sec                  
           135,687      branch-misses                    #    0.00% of all branches        
   322,850,631,240      slots                            #   15.176 G/sec                  
    27,853,779,950      topdown-retiring                 #      8.6% Retiring              
    10,128,647,254      topdown-bad-spec                 #      3.1% Bad Speculation       
         1,657,404      topdown-fe-bound                 #      0.0% Frontend Bound        
   286,112,473,212      topdown-be-bound                 #     88.3% Backend Bound         

      21.303917085 seconds time elapsed

      21.253552000 seconds user
       0.002975000 seconds sys


	Command being timed: "perf stat /home/AVX512/results/Intel_Platinum_8351N_CPU_2.40GHz_harmonic_series/../../bin/harmonic_series 0 4e9"
	User time (seconds): 21.77
	System time (seconds): 0.04
	Percent of CPU this job got: 99%
	Elapsed (wall clock) time (h:mm:ss or m:ss): 0:21.87
	Average shared text size (kbytes): 0
	Average unshared data size (kbytes): 0
	Average stack size (kbytes): 0
	Average total size (kbytes): 0
	Maximum resident set size (kbytes): 57496
	Average resident set size (kbytes): 0
	Major (requiring I/O) page faults: 0
	Minor (reclaiming a frame) page faults: 11749
	Voluntary context switches: 5
	Involuntary context switches: 7928
	Swaps: 0
	File system inputs: 0
	File system outputs: 0
	Socket messages sent: 0
	Socket messages received: 0
	Signals delivered: 0
	Page size (bytes): 4096
	Exit status: 0
