Time elapsed: 21.1803 s
AVX256:
Sum 24.7662
Difference Sum - Formula 2.05098e-11
Performed 8e+09 HarmonicSeriesAVX256 operations. Avg: 6.35405 CPU cycles/call
Time elapsed: 21.1803 s

 Performance counter stats for '/home/AVX512/results/Intel_Platinum_8351N_CPU_2.40GHz_harmonic_series/../../bin/harmonic_series 1 4e9':

         21,152.50 msec task-clock                       #    0.999 CPUs utilized          
             7,723      context-switches                 #  365.111 /sec                   
                 0      cpu-migrations                   #    0.000 /sec                   
                73      page-faults                      #    3.451 /sec                   
    64,157,213,099      cycles                           #    3.033 GHz                    
    48,169,169,624      instructions                     #    0.75  insn per cycle         
     8,034,697,668      branches                         #  379.846 M/sec                  
           130,944      branch-misses                    #    0.00% of all branches        
   320,784,718,410      slots                            #   15.165 G/sec                  
    38,997,357,924      topdown-retiring                 #     12.1% Retiring              
     8,805,855,015      topdown-bad-spec                 #      2.7% Bad Speculation       
         1,828,782      topdown-fe-bound                 #      0.0% Frontend Bound        
   274,201,248,605      topdown-be-bound                 #     85.2% Backend Bound         

      21.183621921 seconds time elapsed

      21.132333000 seconds user
       0.002961000 seconds sys


	Command being timed: "perf stat /home/AVX512/results/Intel_Platinum_8351N_CPU_2.40GHz_harmonic_series/../../bin/harmonic_series 1 4e9"
	User time (seconds): 21.68
	System time (seconds): 0.04
	Percent of CPU this job got: 99%
	Elapsed (wall clock) time (h:mm:ss or m:ss): 0:21.78
	Average shared text size (kbytes): 0
	Average unshared data size (kbytes): 0
	Average stack size (kbytes): 0
	Average total size (kbytes): 0
	Maximum resident set size (kbytes): 57552
	Average resident set size (kbytes): 0
	Major (requiring I/O) page faults: 0
	Minor (reclaiming a frame) page faults: 11750
	Voluntary context switches: 6
	Involuntary context switches: 7952
	Swaps: 0
	File system inputs: 0
	File system outputs: 0
	Socket messages sent: 0
	Socket messages received: 0
	Signals delivered: 0
	Page size (bytes): 4096
	Exit status: 0
