Time elapsed: 20.8888 s
AVX512:
Sum 24.7662
Difference Sum - Formula -1.40332e-12
Performed 4e+09 HarmonicSeriesAVX512 operations. Avg: 12.5332 CPU cycles/call
Time elapsed: 20.8888 s

 Performance counter stats for '/home/AVX512/results/Intel_Platinum_8351N_CPU_2.40GHz_harmonic_series/../../bin/harmonic_series 0 4e9':

         20,862.00 msec task-clock                       #    0.999 CPUs utilized          
             7,655      context-switches                 #  366.935 /sec                   
                 0      cpu-migrations                   #    0.000 /sec                   
                73      page-faults                      #    3.499 /sec                   
    64,571,100,551      cycles                           #    3.095 GHz                    
    24,157,449,544      instructions                     #    0.37  insn per cycle         
     4,032,998,276      branches                         #  193.318 M/sec                  
           146,524      branch-misses                    #    0.00% of all branches        
   322,854,323,610      slots                            #   15.476 G/sec                  
    27,854,098,507      topdown-retiring                 #      8.6% Retiring              
     7,596,572,320      topdown-bad-spec                 #      2.4% Bad Speculation       
         1,695,160      topdown-fe-bound                 #      0.0% Frontend Bound        
   287,403,652,782      topdown-be-bound                 #     89.0% Backend Bound         

      20.891809683 seconds time elapsed

      20.843040000 seconds user
       0.001983000 seconds sys


	Command being timed: "perf stat /home/AVX512/results/Intel_Platinum_8351N_CPU_2.40GHz_harmonic_series/../../bin/harmonic_series 0 4e9"
	User time (seconds): 21.36
	System time (seconds): 0.04
	Percent of CPU this job got: 99%
	Elapsed (wall clock) time (h:mm:ss or m:ss): 0:21.45
	Average shared text size (kbytes): 0
	Average unshared data size (kbytes): 0
	Average stack size (kbytes): 0
	Average total size (kbytes): 0
	Maximum resident set size (kbytes): 57316
	Average resident set size (kbytes): 0
	Major (requiring I/O) page faults: 0
	Minor (reclaiming a frame) page faults: 11745
	Voluntary context switches: 4
	Involuntary context switches: 7873
	Swaps: 0
	File system inputs: 0
	File system outputs: 0
	Socket messages sent: 0
	Socket messages received: 0
	Signals delivered: 0
	Page size (bytes): 4096
	Exit status: 0
