Time elapsed: 21.2399 s
AVX512:
Sum 24.7662
Difference Sum - Formula -1.40332e-12
Performed 4e+09 HarmonicSeriesAVX512 operations. Avg: 12.7439 CPU cycles/call
Time elapsed: 21.2399 s

 Performance counter stats for '/home/AVX512/results/Intel_Platinum_8351N_CPU_2.40GHz_harmonic_series/../../bin/harmonic_series 0 4e9':

         21,212.34 msec task-clock                       #    0.999 CPUs utilized          
             7,670      context-switches                 #  361.582 /sec                   
                 1      cpu-migrations                   #    0.047 /sec                   
                72      page-faults                      #    3.394 /sec                   
    64,568,779,966      cycles                           #    3.044 GHz                    
    24,158,826,639      instructions                     #    0.37  insn per cycle         
     4,033,267,629      branches                         #  190.138 M/sec                  
           139,339      branch-misses                    #    0.00% of all branches        
   322,826,551,130      slots                            #   15.219 G/sec                  
    27,851,702,450      topdown-retiring                 #      8.6% Retiring              
    10,127,891,800      topdown-bad-spec                 #      3.1% Bad Speculation       
         1,647,013      topdown-fe-bound                 #      0.0% Frontend Bound        
   286,112,371,596      topdown-be-bound                 #     88.3% Backend Bound         

      21.242869243 seconds time elapsed

      21.192135000 seconds user
       0.003974000 seconds sys


	Command being timed: "perf stat /home/AVX512/results/Intel_Platinum_8351N_CPU_2.40GHz_harmonic_series/../../bin/harmonic_series 0 4e9"
	User time (seconds): 21.70
	System time (seconds): 0.05
	Percent of CPU this job got: 99%
	Elapsed (wall clock) time (h:mm:ss or m:ss): 0:21.80
	Average shared text size (kbytes): 0
	Average unshared data size (kbytes): 0
	Average stack size (kbytes): 0
	Average total size (kbytes): 0
	Maximum resident set size (kbytes): 57400
	Average resident set size (kbytes): 0
	Major (requiring I/O) page faults: 0
	Minor (reclaiming a frame) page faults: 11748
	Voluntary context switches: 5
	Involuntary context switches: 7889
	Swaps: 0
	File system inputs: 0
	File system outputs: 0
	Socket messages sent: 0
	Socket messages received: 0
	Signals delivered: 0
	Page size (bytes): 4096
	Exit status: 0
