Time elapsed: 21.3354 s
AVX512:
Sum 24.7662
Difference Sum - Formula -1.40332e-12
Performed 4e+09 HarmonicSeriesAVX512 operations. Avg: 12.8012 CPU cycles/call
Time elapsed: 21.3355 s

 Performance counter stats for '/home/AVX512/results/Intel_Platinum_8351N_CPU_2.40GHz_harmonic_series/../../bin/harmonic_series 0 4e9':

         21,307.40 msec task-clock                       #    0.999 CPUs utilized          
             7,707      context-switches                 #  361.705 /sec                   
                 1      cpu-migrations                   #    0.047 /sec                   
                74      page-faults                      #    3.473 /sec                   
    64,571,701,591      cycles                           #    3.030 GHz                    
    24,159,522,303      instructions                     #    0.37  insn per cycle         
     4,033,417,965      branches                         #  189.297 M/sec                  
           145,530      branch-misses                    #    0.00% of all branches        
   322,852,822,535      slots                            #   15.152 G/sec                  
    27,853,969,003      topdown-retiring                 #      8.6% Retiring              
     8,862,626,500      topdown-bad-spec                 #      2.7% Bad Speculation       
         1,688,427      topdown-fe-bound                 #      0.0% Frontend Bound        
   287,375,808,023      topdown-be-bound                 #     88.7% Backend Bound         

      21.338453940 seconds time elapsed

      21.288807000 seconds user
       0.001983000 seconds sys


	Command being timed: "perf stat /home/AVX512/results/Intel_Platinum_8351N_CPU_2.40GHz_harmonic_series/../../bin/harmonic_series 0 4e9"
	User time (seconds): 21.81
	System time (seconds): 0.04
	Percent of CPU this job got: 99%
	Elapsed (wall clock) time (h:mm:ss or m:ss): 0:21.91
	Average shared text size (kbytes): 0
	Average unshared data size (kbytes): 0
	Average stack size (kbytes): 0
	Average total size (kbytes): 0
	Maximum resident set size (kbytes): 57324
	Average resident set size (kbytes): 0
	Major (requiring I/O) page faults: 0
	Minor (reclaiming a frame) page faults: 11746
	Voluntary context switches: 5
	Involuntary context switches: 7926
	Swaps: 0
	File system inputs: 0
	File system outputs: 0
	Socket messages sent: 0
	Socket messages received: 0
	Signals delivered: 0
	Page size (bytes): 4096
	Exit status: 0
